--> Running ID = 3
> Loading cities from instances/mtsp150.txt
	>> 150 cities in total to be loaded
> 150 cities loaded from instances/mtsp150.txt
> Initial distance: 269617.728292
> Starting running GA.
	>> cities = 150, salesmen = 5
	>> Generations = 1000, PopulationSize = 100, TournamentSize = 10
# Generation Distance
% 1 269305.749781
% 2 263148.958380
% 3 261937.974476
% 4 257833.159742
% 5 249816.502790
% 6 246034.968592
% 7 244845.748133
% 8 241849.991394
% 9 238200.449996
% 10 236884.663774
% 11 234378.539707
% 12 231065.457828
% 13 227722.273370
% 14 224886.868292
% 15 222707.194652
% 16 218841.718926
% 17 218820.461897
% 18 210598.145421
% 19 207625.076121
% 20 207908.887102
% 21 205663.367476
% 22 204656.304555
% 23 204294.239496
% 24 204790.206118
% 25 206105.627757
% 26 203854.131700
% 27 201297.767001
% 28 201746.305339
% 29 198879.780886
% 30 199890.979201
% 31 197671.414205
% 32 195851.931591
% 33 193950.150052
% 34 187142.612647
% 35 187504.502398
% 36 184726.471677
% 37 185561.367691
% 38 187393.395344
% 39 183153.998542
% 40 186469.568500
% 41 180077.261514
% 42 181002.908852
% 43 179312.132175
% 44 178648.661579
% 45 175453.841315
% 46 175593.294345
% 47 174025.950852
% 48 177529.121966
% 49 177607.936528
% 50 179599.994233
% 51 174980.864404
% 52 174310.007267
% 53 173277.906841
% 54 173273.057012
% 55 169521.732717
% 56 167534.655542
% 57 166068.145247
% 58 165987.672823
% 59 166801.182817
% 60 166081.889306
% 61 166670.831311
% 62 167874.701709
% 63 167258.213986
% 64 166547.051609
% 65 165455.756086
% 66 166661.142354
% 67 166430.838734
% 68 167172.043266
% 69 168248.677892
% 70 165055.459130
% 71 168573.902380
% 72 168604.590452
% 73 168907.007162
% 74 166877.328565
% 75 167923.704164
% 76 167003.446541
% 77 167023.996000
% 78 164581.852195
% 79 166953.900510
% 80 167413.499953
% 81 165685.621245
% 82 162925.749724
% 83 161919.426514
% 84 161470.580642
% 85 158722.577148
% 86 156732.126358
% 87 158662.280714
% 88 155892.082595
% 89 156906.042586
% 90 158827.968071
% 91 158607.216220
% 92 155285.206463
% 93 156965.069362
% 94 157858.946802
% 95 156837.332692
% 96 156146.342991
% 97 157853.686965
% 98 157559.972202
% 99 158107.632465
% 100 159294.781118
% 101 158179.721071
% 102 157953.274340
% 103 157701.969934
% 104 154315.310779
% 105 155176.967033
% 106 151946.276400
% 107 149924.552409
% 108 151546.077861
% 109 151275.999382
% 110 151586.067801
% 111 150092.629285
% 112 150758.852780
% 113 150130.184431
% 114 150288.230762
% 115 148565.304702
% 116 150269.495772
% 117 148639.991384
% 118 149579.453782
% 119 149086.220019
% 120 149138.701525
% 121 149082.945234
% 122 150495.259996
% 123 152191.583802
% 124 149295.630081
% 125 151155.855175
% 126 152742.784642
% 127 151108.512780
% 128 151122.527034
% 129 151156.183757
% 130 151178.218974
% 131 149746.406697
% 132 151102.235237
% 133 150698.593467
% 134 150284.269120
% 135 153789.042216
% 136 149434.194102
% 137 151905.360811
% 138 152179.060119
% 139 152759.228279
% 140 152616.733008
% 141 152356.461317
% 142 153824.162997
% 143 151706.249690
% 144 152199.956075
% 145 151529.186601
% 146 150473.036967
% 147 151143.104425
% 148 151674.257481
% 149 150621.114897
% 150 151593.584562
% 151 150056.320674
% 152 149784.649332
% 153 148375.295119
% 154 151204.496629
% 155 150563.376567
% 156 148020.879965
% 157 148984.409700
% 158 149464.144066
% 159 147932.160370
% 160 148727.480776
% 161 151791.486577
% 162 148108.694751
% 163 149177.716556
% 164 148317.853981
% 165 148996.629354
% 166 148425.151094
% 167 149108.110847
% 168 146750.880210
% 169 147274.186956
% 170 148076.812614
% 171 149461.078636
% 172 151068.844754
% 173 148471.337111
% 174 148043.367521
% 175 149641.928093
% 176 146898.913445
% 177 149903.370029
% 178 150302.798424
% 179 154098.574352
% 180 153130.391706
% 181 148477.106651
% 182 148117.136476
% 183 149608.276729
% 184 147963.405824
% 185 147826.302365
% 186 151376.130033
% 187 153947.864499
% 188 152342.629246
% 189 153420.391405
% 190 150943.281564
% 191 152152.566706
% 192 151824.361742
% 193 152189.151947
% 194 153198.556959
% 195 152856.200727
% 196 155675.644075
% 197 155890.853472
% 198 153749.941163
% 199 156557.509053
% 200 156760.418106
% 201 159792.633387
% 202 159589.257120
% 203 156571.175446
% 204 156170.387561
% 205 158654.683825
% 206 158446.606132
% 207 160126.962919
% 208 157893.995761
% 209 160656.287441
% 210 160723.076664
% 211 160643.633506
% 212 161024.910611
% 213 161620.291899
% 214 162997.787059
> Finished 214 generations with 2998226 distance calculations. GA Runtime = 80.3609 sec
> Final distance: 146750.880210
> Final Route:
Truck 0 [len = 22]: 0 --> 7 --> 121 --> 132 --> 90 --> 108 --> 78 --> 117 --> 98 --> 46 --> 131 --> 136 --> 35 --> 44 --> 97 --> 103 --> 126 --> 62 --> 123 --> 9 --> 18 --> 85
Truck 1 [len = 35]: 0 --> 65 --> 41 --> 133 --> 17 --> 112 --> 109 --> 29 --> 120 --> 105 --> 125 --> 68 --> 86 --> 24 --> 94 --> 38 --> 95 --> 36 --> 45 --> 11 --> 42 --> 82 --> 145 --> 16 --> 34 --> 129 --> 96 --> 128 --> 15 --> 88 --> 118 --> 83 --> 25 --> 27 --> 144
Truck 2 [len = 29]: 0 --> 116 --> 22 --> 84 --> 102 --> 64 --> 4 --> 54 --> 63 --> 137 --> 48 --> 107 --> 67 --> 55 --> 106 --> 148 --> 135 --> 61 --> 40 --> 53 --> 143 --> 92 --> 147 --> 122 --> 26 --> 51 --> 21 --> 1 --> 19
Truck 3 [len = 47]: 0 --> 130 --> 52 --> 23 --> 3 --> 74 --> 30 --> 138 --> 33 --> 127 --> 76 --> 71 --> 141 --> 91 --> 79 --> 142 --> 89 --> 5 --> 10 --> 8 --> 59 --> 31 --> 58 --> 87 --> 73 --> 20 --> 110 --> 37 --> 14 --> 140 --> 69 --> 93 --> 101 --> 113 --> 50 --> 81 --> 43 --> 115 --> 13 --> 49 --> 47 --> 56 --> 124 --> 114 --> 139 --> 70 --> 2
Truck 4 [len = 21]: 0 --> 57 --> 134 --> 60 --> 72 --> 75 --> 80 --> 111 --> 149 --> 99 --> 100 --> 32 --> 77 --> 66 --> 28 --> 104 --> 12 --> 146 --> 119 --> 6 --> 39
> Generation - Distance curve saved to fig/mtsp150_baseline_30_5_1000_100_10_20211216_16_50_57/20211216_16_53_45.png.
