--> Running ID = 22
> Loading cities from instances/mtsp150.txt
	>> 150 cities in total to be loaded
> 150 cities loaded from instances/mtsp150.txt
> Initial distance: 260866.188237
> Starting running GA.
	>> cities = 150, salesmen = 5
	>> Generations = 1000, PopulationSize = 100, TournamentSize = 10
# Generation Distance
% 1 253491.776147
% 2 249983.224314
% 3 244925.444905
% 4 242967.094693
% 5 240144.907618
% 6 238773.457220
% 7 234968.814291
% 8 236671.693351
% 9 233566.633563
% 10 230243.083587
% 11 225262.714870
% 12 223231.752465
% 13 223060.863558
% 14 222703.246584
% 15 220796.562771
% 16 219040.731323
% 17 218561.180193
% 18 214171.457256
% 19 212107.194724
% 20 211466.190373
% 21 210622.381361
% 22 207779.558398
% 23 206754.193093
% 24 208692.402975
% 25 206556.132842
% 26 203589.269880
% 27 205774.585913
% 28 201797.607221
% 29 200533.914648
% 30 201697.471685
% 31 201117.064096
% 32 198095.024449
% 33 195943.794656
% 34 194283.252185
% 35 194086.028424
% 36 194141.434446
% 37 192331.224967
% 38 192975.220747
% 39 191057.762395
% 40 188104.243500
% 41 183830.282266
% 42 181829.668992
% 43 180013.885807
% 44 180160.835359
% 45 178780.377111
% 46 178401.111318
% 47 178267.488496
% 48 177010.691500
% 49 176198.465760
% 50 178075.883426
% 51 174961.527731
% 52 175098.640945
% 53 173706.663014
% 54 174548.417163
% 55 176715.017176
% 56 175966.066640
% 57 172429.533230
% 58 173842.302071
% 59 176038.595775
% 60 175507.773629
% 61 175688.488861
% 62 172384.165679
% 63 171764.730131
% 64 170506.366569
% 65 173150.427705
% 66 172614.675677
% 67 172160.579547
% 68 168370.776585
% 69 169341.316362
% 70 171805.580857
% 71 170360.196618
% 72 169257.451795
% 73 168715.465385
% 74 169351.164768
% 75 170667.814756
% 76 168675.484800
% 77 168289.549694
% 78 169276.402465
% 79 169311.654090
% 80 166702.374710
% 81 168206.347810
% 82 167823.044733
% 83 168139.337204
% 84 167886.655895
% 85 163772.279249
% 86 163961.275542
% 87 166109.086105
% 88 162993.847924
% 89 164684.052312
% 90 159232.741472
% 91 157698.228142
% 92 157079.411891
% 93 157970.273366
% 94 157490.546933
% 95 156217.174574
% 96 159558.027194
% 97 158763.076257
% 98 156959.026866
% 99 156748.837018
% 100 158257.246549
% 101 157941.319005
% 102 156781.440237
% 103 156614.896315
% 104 154570.616852
% 105 154269.984031
% 106 153980.001358
% 107 155486.094844
% 108 153970.736852
% 109 155167.747206
% 110 151369.667721
% 111 151975.280542
% 112 152170.792911
% 113 150758.317446
% 114 149968.446302
% 115 151688.674217
% 116 150036.572806
% 117 151442.060600
% 118 153471.626604
% 119 152408.188555
% 120 153231.319701
% 121 154547.578165
% 122 151787.232282
% 123 152413.624731
% 124 151479.535126
% 125 154202.145326
% 126 156199.215681
% 127 156328.194426
% 128 156926.487930
% 129 157622.823651
% 130 157535.471740
% 131 156392.360218
% 132 153586.492974
% 133 153713.847280
% 134 154674.475310
% 135 155708.048698
% 136 155205.228783
% 137 154553.949488
% 138 156220.445268
% 139 154108.949255
% 140 154361.766976
% 141 156204.107309
% 142 154679.684762
% 143 151766.015905
% 144 152126.439610
% 145 152386.137398
% 146 151367.611184
% 147 148451.748412
% 148 146583.829277
% 149 146503.283642
% 150 147009.419480
% 151 145785.465535
% 152 146937.562460
% 153 149670.863596
% 154 149330.129131
% 155 152853.271294
% 156 153666.733336
% 157 154579.216637
% 158 155304.059895
% 159 153332.387388
% 160 153912.655403
% 161 154282.085921
% 162 150318.537248
% 163 147948.240971
% 164 148893.854953
% 165 147166.433723
% 166 146859.909414
% 167 145272.595252
% 168 143402.082283
% 169 143408.233461
% 170 145603.254587
% 171 144021.114671
% 172 144135.176253
% 173 145719.682270
% 174 149657.195656
% 175 148954.693506
% 176 148732.615794
% 177 150670.969702
% 178 148738.145824
% 179 149718.166734
% 180 150484.031696
% 181 149879.801216
% 182 147904.932313
% 183 148827.400310
% 184 150328.766315
% 185 146242.603788
% 186 146696.771666
% 187 148615.546831
% 188 147739.697141
% 189 147664.609187
% 190 148353.128796
% 191 146735.234391
% 192 145902.784985
% 193 145481.496772
% 194 148229.234348
% 195 146557.664920
% 196 146914.534964
% 197 144920.426041
% 198 146326.252642
% 199 146280.348453
% 200 146556.145976
% 201 143822.655727
% 202 147057.697413
% 203 147319.764949
% 204 145775.273432
% 205 145523.887946
% 206 146612.435807
% 207 146263.491857
% 208 145702.480535
% 209 146280.578812
% 210 146094.744379
% 211 144855.208019
% 212 144642.863091
% 213 146237.028710
> Finished 213 generations with 2987600 distance calculations. GA Runtime = 77.6219 sec
> Final distance: 143402.082283
> Final Route:
Truck 0 [len = 22]: 0 --> 31 --> 78 --> 131 --> 23 --> 62 --> 14 --> 141 --> 90 --> 112 --> 20 --> 8 --> 85 --> 76 --> 114 --> 109 --> 144 --> 59 --> 108 --> 88 --> 92 --> 53
Truck 1 [len = 37]: 0 --> 50 --> 139 --> 82 --> 51 --> 61 --> 145 --> 99 --> 12 --> 49 --> 120 --> 104 --> 124 --> 106 --> 146 --> 54 --> 122 --> 70 --> 16 --> 127 --> 67 --> 115 --> 43 --> 125 --> 39 --> 60 --> 29 --> 13 --> 116 --> 19 --> 46 --> 10 --> 58 --> 74 --> 69 --> 96 --> 121
Truck 2 [len = 48]: 0 --> 37 --> 52 --> 101 --> 117 --> 128 --> 118 --> 98 --> 35 --> 17 --> 65 --> 136 --> 15 --> 30 --> 5 --> 48 --> 68 --> 72 --> 47 --> 80 --> 28 --> 135 --> 56 --> 149 --> 133 --> 18 --> 140 --> 25 --> 93 --> 110 --> 138 --> 130 --> 137 --> 27 --> 126 --> 103 --> 9 --> 89 --> 3 --> 41 --> 132 --> 57 --> 79 --> 142 --> 123 --> 87 --> 24 --> 63
Truck 3 [len = 26]: 0 --> 134 --> 148 --> 71 --> 44 --> 97 --> 22 --> 21 --> 94 --> 26 --> 32 --> 84 --> 2 --> 1 --> 64 --> 100 --> 77 --> 102 --> 55 --> 86 --> 95 --> 81 --> 4 --> 66 --> 105 --> 42
Truck 4 [len = 21]: 0 --> 73 --> 83 --> 40 --> 143 --> 111 --> 75 --> 6 --> 11 --> 34 --> 113 --> 38 --> 45 --> 33 --> 119 --> 107 --> 129 --> 91 --> 147 --> 7 --> 36
> Generation - Distance curve saved to fig/mtsp150_baseline_30_5_1000_100_10_20211216_16_50_57/20211216_17_19_54.png.
