--> Running ID = 26
> Loading cities from instances/mtsp150.txt
	>> 150 cities in total to be loaded
> 150 cities loaded from instances/mtsp150.txt
> Initial distance: 271104.438675
> Starting running GA.
	>> cities = 150, salesmen = 5
	>> Generations = 1000, PopulationSize = 100, TournamentSize = 10
# Generation Distance
% 1 267530.323821
% 2 263918.886906
% 3 261948.557322
% 4 258344.609097
% 5 254174.990829
% 6 252355.202311
% 7 249138.148130
% 8 245015.390077
% 9 240715.272129
% 10 238875.408656
% 11 235717.908075
% 12 235145.461261
% 13 233465.995043
% 14 227806.781154
% 15 222942.976418
% 16 218717.297027
% 17 213710.792759
% 18 212599.568751
% 19 207881.424684
% 20 205534.407573
% 21 204637.820279
% 22 200444.873579
% 23 199781.826925
% 24 197902.089662
% 25 197796.495475
% 26 195607.850790
% 27 195624.130057
% 28 192985.594428
% 29 193056.779909
% 30 192537.623593
% 31 185318.842313
% 32 184217.601797
% 33 185303.013973
% 34 183956.494237
% 35 185892.854651
% 36 182665.346030
% 37 181638.087636
% 38 180905.088203
% 39 179243.261484
% 40 179470.416743
% 41 178318.922269
% 42 176906.697181
% 43 173358.045656
% 44 177173.299996
% 45 178886.123046
% 46 176215.308067
% 47 173706.781262
% 48 173879.762901
% 49 173601.896683
% 50 169989.205300
% 51 169368.443359
% 52 168694.782149
% 53 168129.616050
% 54 168204.940772
% 55 166692.207736
% 56 164319.014240
% 57 162191.948324
% 58 164223.229245
% 59 163672.230784
% 60 162562.656301
% 61 161808.813081
% 62 161598.889528
% 63 160525.062075
% 64 159059.367630
% 65 154515.194320
% 66 152207.174532
% 67 154158.700779
% 68 152147.735177
% 69 152419.576563
% 70 152663.776679
% 71 154402.476094
% 72 153697.975024
% 73 155780.286226
% 74 154768.735574
% 75 156433.087013
% 76 156688.395653
% 77 158085.802121
% 78 159575.463939
% 79 158052.873787
% 80 157460.568908
% 81 160182.992361
% 82 157915.566502
% 83 159826.288147
% 84 158676.052587
% 85 160490.185858
% 86 159600.364720
% 87 157076.012450
% 88 156501.870602
% 89 158501.903455
% 90 157639.635104
% 91 158987.210290
% 92 156680.772389
% 93 160343.351018
% 94 161749.133844
% 95 160818.234204
% 96 161130.483830
% 97 163427.508569
% 98 163894.888441
% 99 164587.068856
% 100 162905.262640
% 101 160877.504505
% 102 161313.870819
% 103 158408.709170
% 104 158782.145706
% 105 160485.025381
% 106 157256.591535
% 107 159003.013834
% 108 160848.170479
% 109 159008.435072
% 110 157307.152767
% 111 158869.902342
% 112 157615.615841
% 113 157236.848047
% 114 156026.476309
% 115 158411.001658
% 116 157150.489366
% 117 157434.924651
% 118 158101.030652
% 119 158832.270499
% 120 155094.494012
% 121 155635.890372
% 122 154664.010836
% 123 153855.301123
% 124 153303.394358
% 125 153261.113404
% 126 154729.957280
% 127 153195.838197
% 128 153567.293327
% 129 151427.005783
% 130 149169.211304
% 131 151601.366866
% 132 151412.429571
% 133 149364.194140
% 134 152321.293894
% 135 151892.878124
% 136 151071.537234
% 137 153335.004602
% 138 150309.045435
% 139 151635.272855
% 140 148349.990529
% 141 149137.001736
% 142 148378.649415
% 143 147996.706019
% 144 147638.157160
% 145 146723.949674
% 146 149796.744701
% 147 148816.409622
% 148 150180.622324
% 149 148899.726269
% 150 146420.267567
% 151 145887.472958
% 152 149799.925785
% 153 150212.043324
% 154 151493.519910
% 155 152749.336804
% 156 148860.732823
% 157 149767.434199
% 158 152453.287042
% 159 149444.726041
% 160 146734.073314
% 161 147081.790182
% 162 148448.052571
% 163 149989.198150
% 164 148840.236441
% 165 151910.603996
% 166 150645.590010
% 167 147220.340257
% 168 147378.338856
% 169 147650.122736
% 170 147976.455568
% 171 151900.339078
% 172 156069.458079
% 173 154522.736215
% 174 154681.175587
% 175 150941.903516
% 176 153127.503990
% 177 150570.009684
% 178 149691.880755
% 179 149752.148657
% 180 150297.092010
% 181 147856.483403
% 182 149235.538739
% 183 149691.811505
% 184 150697.489994
% 185 148760.179090
% 186 149854.016794
% 187 148927.613702
% 188 151651.310265
% 189 152707.114494
% 190 149900.657034
% 191 148661.266924
% 192 147431.972342
% 193 147545.811708
% 194 146267.563370
% 195 144754.659966
% 196 150958.994260
% 197 147547.248878
% 198 144843.561876
% 199 148756.107912
% 200 149846.015317
% 201 147453.066365
% 202 145837.653552
% 203 147535.820738
% 204 147352.886805
% 205 149677.193658
% 206 149119.984814
% 207 152736.106399
% 208 154540.957338
% 209 153547.557297
% 210 151789.356798
% 211 155773.077454
% 212 154904.732719
% 213 155041.063862
% 214 155822.470357
> Finished 214 generations with 2998688 distance calculations. GA Runtime = 81.6681 sec
> Final distance: 144754.659966
> Final Route:
Truck 0 [len = 35]: 0 --> 22 --> 34 --> 19 --> 42 --> 104 --> 100 --> 55 --> 127 --> 5 --> 48 --> 81 --> 36 --> 95 --> 29 --> 26 --> 134 --> 128 --> 65 --> 4 --> 66 --> 77 --> 84 --> 141 --> 1 --> 49 --> 107 --> 147 --> 89 --> 92 --> 32 --> 94 --> 115 --> 132 --> 41
Truck 1 [len = 31]: 0 --> 120 --> 125 --> 53 --> 131 --> 130 --> 129 --> 31 --> 44 --> 78 --> 2 --> 24 --> 106 --> 126 --> 14 --> 93 --> 69 --> 96 --> 118 --> 91 --> 35 --> 83 --> 79 --> 43 --> 116 --> 8 --> 149 --> 144 --> 63 --> 143 --> 50
Truck 2 [len = 34]: 0 --> 40 --> 12 --> 102 --> 146 --> 72 --> 114 --> 11 --> 45 --> 68 --> 30 --> 121 --> 88 --> 7 --> 142 --> 39 --> 80 --> 99 --> 61 --> 64 --> 86 --> 21 --> 111 --> 145 --> 16 --> 135 --> 124 --> 56 --> 28 --> 51 --> 82 --> 122 --> 76 --> 97
Truck 3 [len = 30]: 0 --> 67 --> 13 --> 137 --> 46 --> 6 --> 90 --> 62 --> 58 --> 10 --> 85 --> 108 --> 59 --> 74 --> 71 --> 112 --> 87 --> 101 --> 25 --> 113 --> 60 --> 105 --> 47 --> 75 --> 148 --> 33 --> 54 --> 38 --> 139 --> 70
Truck 4 [len = 24]: 0 --> 23 --> 17 --> 52 --> 136 --> 73 --> 20 --> 140 --> 18 --> 133 --> 123 --> 110 --> 98 --> 103 --> 138 --> 15 --> 37 --> 9 --> 27 --> 117 --> 3 --> 57 --> 119 --> 109
> Generation - Distance curve saved to fig/mtsp150_baseline_30_5_1000_100_10_20211216_16_50_57/20211216_17_25_19.png.
