--> Running ID = 28
> Loading cities from instances/mtsp150.txt
	>> 150 cities in total to be loaded
> 150 cities loaded from instances/mtsp150.txt
> Initial distance: 273088.682538
> Starting running GA.
	>> cities = 150, salesmen = 5
	>> Generations = 1000, PopulationSize = 100, TournamentSize = 10
# Generation Distance
% 1 271536.537807
% 2 270091.675360
% 3 266758.859106
% 4 263803.007096
% 5 262742.504993
% 6 255833.947793
% 7 254581.918127
% 8 251537.573506
% 9 247866.859491
% 10 241929.635389
% 11 236308.470631
% 12 234447.453987
% 13 231418.233188
% 14 230891.249078
% 15 226413.456538
% 16 220556.290567
% 17 221072.610691
% 18 215333.468483
% 19 214385.048372
% 20 212348.066615
% 21 213607.699347
% 22 206129.483585
% 23 205666.826671
% 24 204322.696040
% 25 204294.370367
% 26 202229.998893
% 27 199387.096199
% 28 199209.755861
% 29 197572.199237
% 30 195511.409157
% 31 191956.848842
% 32 187934.539060
% 33 188671.101441
% 34 189041.324578
% 35 188393.617374
% 36 189078.585410
% 37 187763.312916
% 38 188383.088973
% 39 187432.974927
% 40 186441.326628
% 41 186065.276130
% 42 185760.136603
% 43 183662.831266
% 44 184657.181449
% 45 184017.298577
% 46 185144.109640
% 47 182390.514358
% 48 182632.082190
% 49 178386.050083
% 50 178821.013173
% 51 177412.529494
% 52 175910.383472
% 53 174832.021436
% 54 174958.832028
% 55 175802.649362
% 56 173862.716280
% 57 173908.607537
% 58 174250.563419
% 59 172679.330321
% 60 169904.363902
% 61 170477.622482
% 62 169160.669027
% 63 168898.927085
% 64 167213.612722
% 65 169461.382134
% 66 167125.404225
% 67 165063.967139
% 68 167157.447850
% 69 166378.924162
% 70 165336.006837
% 71 162529.277517
% 72 164577.240470
% 73 162548.924029
% 74 163256.782730
% 75 163258.062734
% 76 163496.663674
% 77 165785.042862
% 78 163313.131031
% 79 166274.806462
% 80 167508.231486
% 81 166218.588532
% 82 164945.389787
% 83 160834.669935
% 84 161457.871029
% 85 159680.478325
% 86 159460.094245
% 87 159390.222553
% 88 159713.899688
% 89 160036.104767
% 90 159565.196290
% 91 156900.442194
% 92 160453.001408
% 93 160381.149575
% 94 159583.010719
% 95 159599.263555
% 96 157386.184631
% 97 159171.307005
% 98 159510.663115
% 99 159212.605297
% 100 159582.526839
% 101 161172.502419
% 102 163464.252458
% 103 159633.384132
% 104 161531.883040
% 105 160562.468593
% 106 158078.807347
% 107 157407.745782
% 108 153872.496396
% 109 154377.381373
% 110 152386.643048
% 111 154997.028263
% 112 155645.560878
% 113 154704.236652
% 114 155264.890633
% 115 156155.966185
% 116 153829.053159
% 117 153597.668178
% 118 153886.043613
% 119 153176.561283
% 120 153676.997181
% 121 152219.366612
% 122 152685.515506
% 123 149642.171306
% 124 153986.223639
% 125 151951.842393
% 126 151831.047748
% 127 148492.031732
% 128 148481.187908
% 129 153115.973309
% 130 152978.622134
% 131 149546.476053
% 132 150109.155279
% 133 148982.876632
% 134 146745.670242
% 135 151120.407650
% 136 147594.909474
% 137 149603.178402
% 138 151197.538177
% 139 152119.050125
% 140 152169.880372
% 141 149955.905536
% 142 149538.878329
% 143 154106.049758
% 144 150886.663388
% 145 150015.882990
% 146 152678.645163
% 147 152295.760118
% 148 153328.594246
% 149 151895.192858
% 150 153749.420465
% 151 154618.760158
% 152 153379.983968
% 153 151967.019245
% 154 150426.226334
% 155 150447.206600
% 156 149702.498874
% 157 151236.301163
% 158 149055.981522
% 159 151039.445060
% 160 151524.993481
% 161 152321.213014
% 162 150763.884464
% 163 148264.835069
% 164 148567.700983
% 165 145872.586465
% 166 148383.126289
% 167 150068.535603
% 168 151163.256428
% 169 151302.503544
% 170 153278.193530
% 171 153886.900838
% 172 153543.241569
% 173 155670.941636
% 174 155841.979551
% 175 155116.359124
% 176 156031.005837
% 177 158668.635710
% 178 160651.373283
% 179 160347.707341
% 180 163050.524717
% 181 162411.796765
% 182 159809.345028
% 183 158262.563340
% 184 160987.294641
% 185 160273.218748
% 186 160679.646145
% 187 157518.735032
% 188 158892.469496
% 189 158505.289068
% 190 158863.633028
% 191 158968.977645
% 192 160438.841037
% 193 158482.615989
% 194 159298.870410
% 195 159441.410761
% 196 157498.364742
% 197 160061.796140
% 198 160743.482067
% 199 155814.940571
% 200 158328.882976
% 201 159186.208817
% 202 159311.543700
% 203 157692.461705
% 204 155637.112923
% 205 154410.535460
% 206 156450.948862
% 207 155716.892398
% 208 152795.733334
% 209 152790.079638
% 210 153645.922098
% 211 156425.052982
% 212 155772.014017
% 213 154852.081171
% 214 156192.907745
> Finished 214 generations with 2998842 distance calculations. GA Runtime = 77.3852 sec
> Final distance: 145872.586465
> Final Route:
Truck 0 [len = 26]: 0 --> 34 --> 76 --> 90 --> 102 --> 80 --> 66 --> 64 --> 95 --> 4 --> 28 --> 21 --> 127 --> 51 --> 16 --> 45 --> 13 --> 115 --> 119 --> 133 --> 17 --> 69 --> 37 --> 73 --> 62 --> 27
Truck 1 [len = 31]: 0 --> 30 --> 142 --> 98 --> 88 --> 36 --> 111 --> 38 --> 116 --> 139 --> 106 --> 86 --> 24 --> 56 --> 40 --> 26 --> 63 --> 5 --> 85 --> 59 --> 47 --> 70 --> 104 --> 134 --> 144 --> 107 --> 108 --> 65 --> 137 --> 81 --> 67
Truck 2 [len = 40]: 0 --> 75 --> 140 --> 58 --> 97 --> 31 --> 131 --> 79 --> 3 --> 128 --> 52 --> 42 --> 122 --> 53 --> 43 --> 92 --> 68 --> 6 --> 89 --> 101 --> 25 --> 9 --> 118 --> 96 --> 103 --> 83 --> 110 --> 23 --> 126 --> 112 --> 22 --> 1 --> 72 --> 143 --> 2 --> 91 --> 113 --> 109 --> 19 --> 50
Truck 3 [len = 21]: 0 --> 121 --> 138 --> 132 --> 18 --> 7 --> 117 --> 123 --> 48 --> 35 --> 136 --> 10 --> 14 --> 20 --> 74 --> 93 --> 15 --> 71 --> 147 --> 87 --> 46
Truck 4 [len = 36]: 0 --> 32 --> 125 --> 29 --> 120 --> 77 --> 105 --> 94 --> 84 --> 145 --> 99 --> 55 --> 135 --> 124 --> 61 --> 33 --> 149 --> 44 --> 129 --> 12 --> 146 --> 39 --> 100 --> 130 --> 78 --> 141 --> 41 --> 114 --> 8 --> 11 --> 82 --> 54 --> 49 --> 60 --> 148 --> 57
> Generation - Distance curve saved to fig/mtsp150_baseline_30_5_1000_100_10_20211216_16_50_57/20211216_17_28_07.png.
