--> Running ID = 20
> Loading cities from instances/mtsp150.txt
	>> 150 cities in total to be loaded
> 150 cities loaded from instances/mtsp150.txt
> Initial distance: 276477.256340
> Starting running GA.
	>> cities = 150, salesmen = 5
	>> Generations = 1000, PopulationSize = 100, TournamentSize = 10
# Generation Distance
% 1 271470.688401
% 2 269643.370295
% 3 265609.703940
% 4 262485.589869
% 5 258367.186326
% 6 256296.378889
% 7 255829.644868
% 8 250756.376184
% 9 246112.642126
% 10 244740.790032
% 11 244215.343410
% 12 242078.155290
% 13 238907.114688
% 14 239971.801740
% 15 239346.889980
% 16 237844.855709
% 17 234354.852040
% 18 236353.928211
% 19 233261.075296
% 20 229480.140107
% 21 227558.589656
% 22 225875.392481
% 23 226288.053472
% 24 222453.726982
% 25 220312.754009
% 26 218404.779887
% 27 215388.217995
% 28 215691.883594
% 29 213762.363986
% 30 211497.133992
% 31 210333.286612
% 32 206686.942227
% 33 205733.090613
% 34 207533.470835
% 35 203912.787688
% 36 204112.886723
% 37 203462.341550
% 38 201610.119510
% 39 199784.329391
% 40 197944.431186
% 41 199750.579695
% 42 198128.193410
% 43 197228.682900
% 44 196043.947551
% 45 194193.529041
% 46 193464.163301
% 47 195226.579959
% 48 194036.906499
% 49 194052.844590
% 50 190167.721162
% 51 190172.658506
% 52 186988.111193
% 53 188415.149465
% 54 185089.794306
% 55 185984.788206
% 56 184769.390743
% 57 186263.017023
% 58 184710.023440
% 59 182702.211193
% 60 180821.682876
% 61 180617.060822
% 62 178641.964357
% 63 178744.086019
% 64 177661.800921
% 65 178385.244364
% 66 178677.403954
% 67 178115.220787
% 68 175111.402276
% 69 175589.578997
% 70 176073.213916
% 71 172351.992986
% 72 170201.100745
% 73 170822.148461
% 74 171601.068910
% 75 171032.096056
% 76 172851.916084
% 77 173633.024272
% 78 171983.248337
% 79 173027.717841
% 80 168970.167312
% 81 172281.476601
% 82 171379.428745
% 83 170364.186317
% 84 170777.034716
% 85 169957.846653
% 86 173144.441008
% 87 170668.996479
% 88 172275.694381
% 89 172595.054567
% 90 171178.119905
% 91 170278.329123
% 92 169908.280960
% 93 171354.497577
% 94 171833.970302
% 95 169782.438212
% 96 170827.111157
% 97 169196.472358
% 98 168290.750647
% 99 167545.075213
% 100 167250.017552
% 101 165072.680507
% 102 163910.346554
% 103 164083.066957
% 104 165622.726418
% 105 164508.574308
% 106 167132.012436
% 107 163801.431984
% 108 162504.257852
% 109 160165.534460
% 110 162167.122546
% 111 163333.768132
% 112 163288.795416
% 113 162754.321692
% 114 165150.514310
% 115 163945.334344
% 116 162377.473939
% 117 158475.870489
% 118 159544.740067
% 119 159554.440005
% 120 156237.603547
% 121 157094.180751
% 122 158265.284261
% 123 158704.015552
% 124 157883.897257
% 125 159037.148662
% 126 157984.759218
% 127 155535.761792
% 128 155756.145621
% 129 153909.691105
% 130 153365.450545
% 131 154150.366484
% 132 150746.231614
% 133 153268.778347
% 134 155050.733243
% 135 155328.561238
% 136 155256.726189
% 137 152761.719070
% 138 151296.217659
% 139 152779.534146
% 140 152604.421710
% 141 151661.680077
% 142 152171.562613
% 143 153352.329404
% 144 155063.731148
% 145 155214.134640
% 146 153102.698915
% 147 152753.402195
% 148 154806.167464
% 149 152680.907439
% 150 153215.379991
% 151 152131.742937
% 152 154258.524947
% 153 154780.382840
% 154 150822.496545
% 155 151215.130662
% 156 148982.100864
% 157 153217.463250
% 158 151489.213550
% 159 151037.918872
% 160 152007.820740
% 161 154972.455928
% 162 154977.999958
% 163 154243.922177
% 164 155408.547271
% 165 154841.629006
% 166 154479.854981
% 167 154304.499828
% 168 153493.862514
% 169 152021.368363
% 170 153794.883317
% 171 151922.062893
% 172 150241.417955
% 173 150196.026979
% 174 149160.662926
% 175 148679.695626
% 176 148498.155643
% 177 148227.634305
% 178 147415.640206
% 179 148417.873725
% 180 145480.376099
% 181 146406.803149
% 182 145540.084159
% 183 145261.999617
% 184 143074.784654
% 185 146525.626381
% 186 144869.627176
% 187 146820.406327
% 188 144592.978746
% 189 144299.638019
% 190 146011.662650
% 191 145756.437151
% 192 147530.127650
% 193 147400.154331
% 194 147266.166990
% 195 147048.933484
% 196 148374.138299
% 197 145503.428902
% 198 149545.041483
% 199 145068.837875
% 200 145202.675033
% 201 146782.571323
% 202 147067.893386
% 203 146324.572560
% 204 144737.655533
% 205 144778.560795
% 206 147126.446937
% 207 148130.142579
% 208 147099.366969
% 209 147511.081487
% 210 146838.259657
% 211 149910.807858
% 212 147252.747648
% 213 147517.834334
% 214 146334.758049
> Finished 214 generations with 2998688 distance calculations. GA Runtime = 81.1543 sec
> Final distance: 143074.784654
> Final Route:
Truck 0 [len = 36]: 0 --> 147 --> 78 --> 30 --> 90 --> 108 --> 51 --> 42 --> 149 --> 62 --> 60 --> 10 --> 98 --> 118 --> 65 --> 44 --> 76 --> 139 --> 116 --> 50 --> 134 --> 33 --> 54 --> 122 --> 119 --> 34 --> 11 --> 114 --> 109 --> 92 --> 16 --> 61 --> 66 --> 135 --> 106 --> 81
Truck 1 [len = 24]: 0 --> 145 --> 26 --> 40 --> 82 --> 124 --> 100 --> 84 --> 19 --> 38 --> 86 --> 28 --> 99 --> 21 --> 80 --> 4 --> 104 --> 77 --> 105 --> 95 --> 70 --> 36 --> 72 --> 24
Truck 2 [len = 43]: 0 --> 6 --> 148 --> 13 --> 144 --> 67 --> 12 --> 56 --> 127 --> 8 --> 22 --> 45 --> 111 --> 47 --> 102 --> 55 --> 58 --> 27 --> 64 --> 32 --> 94 --> 125 --> 115 --> 74 --> 128 --> 138 --> 2 --> 68 --> 137 --> 23 --> 133 --> 17 --> 136 --> 20 --> 73 --> 112 --> 129 --> 5 --> 48 --> 121 --> 41 --> 14 --> 31
Truck 3 [len = 26]: 0 --> 120 --> 29 --> 146 --> 1 --> 63 --> 46 --> 39 --> 140 --> 97 --> 9 --> 132 --> 3 --> 52 --> 37 --> 110 --> 101 --> 69 --> 93 --> 103 --> 126 --> 35 --> 75 --> 49 --> 85 --> 57
Truck 4 [len = 25]: 0 --> 88 --> 141 --> 91 --> 131 --> 123 --> 142 --> 15 --> 117 --> 83 --> 25 --> 71 --> 18 --> 130 --> 43 --> 107 --> 53 --> 143 --> 89 --> 96 --> 7 --> 79 --> 87 --> 113 --> 59
> Generation - Distance curve saved to fig/mtsp150_baseline_30_5_1000_100_10_20211216_16_50_57/20211216_17_17_07.png.
