--> Running ID = 16
> Loading cities from instances/mtsp150.txt
	>> 150 cities in total to be loaded
> 150 cities loaded from instances/mtsp150.txt
> Initial distance: 270741.933420
> Starting running GA.
	>> cities = 150, salesmen = 5
	>> Generations = 1000, PopulationSize = 100, TournamentSize = 10
# Generation Distance
% 1 266257.137716
% 2 265338.252186
% 3 262319.607047
% 4 258788.798333
% 5 256252.907300
% 6 251221.227301
% 7 250436.032505
% 8 244368.013190
% 9 241788.864508
% 10 238013.802404
% 11 230470.688611
% 12 230262.973237
% 13 229725.779330
% 14 228412.029475
% 15 222792.863763
% 16 223412.164353
% 17 221782.537537
% 18 218938.040660
% 19 216215.978512
% 20 212898.112983
% 21 208565.141231
% 22 207203.053723
% 23 204456.308406
% 24 204519.135241
% 25 200367.462519
% 26 199600.769463
% 27 198016.712579
% 28 197450.899174
% 29 194543.834152
% 30 189541.932478
% 31 190228.594632
% 32 186303.435809
% 33 183879.992936
% 34 184947.640800
% 35 182303.220156
% 36 179709.692955
% 37 178675.623795
% 38 176713.127182
% 39 177209.515929
% 40 173600.776659
% 41 174366.878141
% 42 171964.114116
% 43 171302.389309
% 44 169567.863431
% 45 168078.642727
% 46 169841.646276
% 47 168337.367488
% 48 167673.978436
% 49 167800.302879
% 50 166310.463634
% 51 165198.233743
% 52 160424.404528
% 53 163940.234823
% 54 163349.628473
% 55 162901.455849
% 56 161402.723039
% 57 160612.266709
% 58 160068.829247
% 59 160037.854173
% 60 164539.040638
% 61 162034.509257
% 62 163040.077574
% 63 160878.685794
% 64 159754.095965
% 65 159466.232016
% 66 159245.700012
% 67 159396.995346
% 68 159714.457734
% 69 159951.316878
% 70 159400.999904
% 71 161856.261395
% 72 160824.086713
% 73 159693.283492
% 74 160935.216550
% 75 160795.708298
% 76 158143.748115
% 77 157353.166380
% 78 158973.139168
% 79 158624.285355
% 80 158980.495924
% 81 160109.258996
% 82 156085.272984
% 83 156726.970204
% 84 156907.664010
% 85 157703.734512
% 86 158819.406884
% 87 156194.354597
% 88 157325.570080
% 89 157695.413725
% 90 159051.818569
% 91 159117.635803
% 92 157893.009091
% 93 156953.815237
% 94 156836.311580
% 95 158556.138820
% 96 156359.251827
% 97 157728.342592
% 98 156464.789893
% 99 158306.849024
% 100 158046.890460
% 101 158912.655760
% 102 157383.678515
% 103 156390.595105
% 104 157692.123628
% 105 159985.511970
% 106 161148.193028
% 107 160997.880064
% 108 160178.970534
% 109 158839.139829
% 110 157190.852523
% 111 155778.639146
% 112 155872.132958
% 113 151811.296054
% 114 154394.467864
% 115 155622.301798
% 116 158172.189868
% 117 160218.487910
% 118 160780.134417
% 119 160764.245947
% 120 161704.080447
% 121 162084.673041
% 122 158560.774944
% 123 160287.999510
% 124 159587.647572
% 125 157999.366361
% 126 159508.712882
% 127 159195.039585
% 128 159662.120169
% 129 156752.991343
% 130 157479.658352
% 131 157693.016012
% 132 156269.484081
% 133 155872.383732
% 134 153802.079483
% 135 157170.799265
% 136 155778.589322
% 137 156296.243071
% 138 158570.064535
% 139 157084.641871
% 140 154011.848010
% 141 155608.310606
% 142 154176.350423
% 143 155523.687542
% 144 156906.848172
% 145 157603.276895
% 146 155114.017313
% 147 155269.694868
% 148 156857.153695
% 149 156196.253171
% 150 156172.551165
% 151 157268.380498
% 152 156105.561151
% 153 155087.202008
% 154 155125.418224
% 155 154852.840123
% 156 153035.077259
% 157 152980.261456
% 158 155508.034585
% 159 153755.864770
% 160 152480.190746
% 161 152882.022119
% 162 154715.174238
% 163 152282.338158
% 164 155113.310802
% 165 150720.747043
% 166 149838.533100
% 167 152923.042588
% 168 147790.863824
% 169 148422.067782
% 170 148147.476680
% 171 146097.110090
% 172 146598.790271
% 173 147144.224131
% 174 148594.833204
% 175 151449.381192
% 176 149896.391922
% 177 152150.141979
% 178 147823.889959
% 179 153914.493548
% 180 152442.849201
% 181 149647.249465
% 182 150475.743404
% 183 150215.016949
% 184 152049.060798
% 185 152552.293677
% 186 153820.055433
% 187 155538.745845
% 188 154963.354994
% 189 156279.087732
% 190 157296.602831
% 191 157168.008147
% 192 158324.127604
% 193 158014.749157
% 194 157763.981931
% 195 157809.961851
% 196 158847.068587
% 197 155332.346177
% 198 155144.857237
% 199 153282.949416
% 200 153465.620491
% 201 156001.260119
% 202 156881.046177
% 203 155836.306931
% 204 156297.752970
% 205 157815.032518
% 206 157939.300656
% 207 155245.121847
% 208 154922.243396
% 209 151440.681954
% 210 154407.678743
% 211 153180.795541
% 212 151841.241371
% 213 156063.684001
% 214 154190.565006
> Finished 214 generations with 2997148 distance calculations. GA Runtime = 80.3744 sec
> Final distance: 146097.110090
> Final Route:
Truck 0 [len = 27]: 0 --> 25 --> 71 --> 37 --> 83 --> 90 --> 113 --> 126 --> 91 --> 78 --> 58 --> 20 --> 62 --> 140 --> 14 --> 89 --> 87 --> 31 --> 145 --> 16 --> 13 --> 124 --> 29 --> 4 --> 81 --> 63 --> 2
Truck 1 [len = 18]: 0 --> 76 --> 149 --> 107 --> 70 --> 104 --> 80 --> 1 --> 115 --> 95 --> 94 --> 105 --> 66 --> 120 --> 144 --> 129 --> 131 --> 74
Truck 2 [len = 28]: 0 --> 50 --> 8 --> 143 --> 130 --> 88 --> 132 --> 30 --> 18 --> 69 --> 118 --> 79 --> 138 --> 96 --> 23 --> 9 --> 27 --> 6 --> 44 --> 34 --> 119 --> 42 --> 114 --> 86 --> 11 --> 51 --> 127 --> 108
Truck 3 [len = 36]: 0 --> 39 --> 57 --> 59 --> 73 --> 10 --> 101 --> 110 --> 93 --> 123 --> 52 --> 7 --> 67 --> 47 --> 55 --> 49 --> 75 --> 12 --> 68 --> 43 --> 24 --> 92 --> 53 --> 147 --> 48 --> 17 --> 98 --> 3 --> 65 --> 72 --> 60 --> 45 --> 54 --> 106 --> 133 --> 97
Truck 4 [len = 45]: 0 --> 19 --> 116 --> 134 --> 38 --> 84 --> 77 --> 135 --> 33 --> 121 --> 100 --> 21 --> 64 --> 102 --> 56 --> 111 --> 82 --> 141 --> 146 --> 99 --> 36 --> 125 --> 26 --> 61 --> 122 --> 28 --> 32 --> 40 --> 109 --> 41 --> 142 --> 117 --> 136 --> 15 --> 35 --> 103 --> 112 --> 22 --> 137 --> 5 --> 128 --> 46 --> 139 --> 148 --> 85
> Generation - Distance curve saved to fig/mtsp150_baseline_30_5_1000_100_10_20211216_16_50_57/20211216_17_11_36.png.
