--> Running ID = 18
> Loading cities from instances/mtsp150.txt
	>> 150 cities in total to be loaded
> 150 cities loaded from instances/mtsp150.txt
> Initial distance: 268103.260335
> Starting running GA.
	>> cities = 150, salesmen = 5
	>> Generations = 1000, PopulationSize = 100, TournamentSize = 10
# Generation Distance
% 1 265120.788816
% 2 257617.130836
% 3 257793.067602
% 4 255248.600688
% 5 252741.421630
% 6 247635.820237
% 7 244198.127889
% 8 242343.090758
% 9 239207.002930
% 10 233026.232026
% 11 230261.008812
% 12 229228.106453
% 13 226914.253015
% 14 226524.603013
% 15 221658.913109
% 16 217556.421682
% 17 218966.888291
% 18 215674.904183
% 19 214945.915436
% 20 214633.355752
% 21 211100.371394
% 22 208212.102706
% 23 206614.396118
% 24 205618.840951
% 25 204841.655474
% 26 203522.731670
% 27 202220.742933
% 28 201194.296175
% 29 197850.404592
% 30 194348.533863
% 31 192587.893767
% 32 188727.685990
% 33 186426.197523
% 34 183161.496474
% 35 183027.063277
% 36 180469.814335
% 37 177712.397332
% 38 176215.264056
% 39 176211.799906
% 40 173335.280233
% 41 173500.042292
% 42 172686.558278
% 43 170773.254505
% 44 168441.427445
% 45 166295.910161
% 46 166169.375433
% 47 165176.479266
% 48 165300.204912
% 49 164716.840962
% 50 164862.496666
% 51 162043.256262
% 52 163075.045927
% 53 164822.922253
% 54 165165.583786
% 55 163905.353831
% 56 162344.498389
% 57 158919.969121
% 58 162158.251906
% 59 159753.890352
% 60 161242.109220
% 61 161394.984296
% 62 161039.100521
% 63 163515.843095
% 64 163267.549194
% 65 163036.031418
% 66 158941.164445
% 67 158450.802016
% 68 158780.111710
% 69 157952.468593
% 70 157901.042646
% 71 157398.374508
% 72 159478.175221
% 73 158370.566393
% 74 156771.915423
% 75 157296.739297
% 76 155201.856814
% 77 158824.583472
% 78 157378.146448
% 79 157741.479014
% 80 156685.510871
% 81 158713.922319
% 82 156207.752342
% 83 158000.891720
% 84 156905.808928
% 85 157904.284087
% 86 158948.701891
% 87 155651.484080
% 88 155605.131469
% 89 153173.269401
% 90 152674.529957
% 91 152986.750481
% 92 154289.249148
% 93 152970.623391
% 94 153726.560488
% 95 151931.920840
% 96 154362.118526
% 97 153670.685595
% 98 149958.725901
% 99 150535.488517
% 100 152384.912622
% 101 148174.386107
% 102 150872.397506
% 103 152214.186854
% 104 151915.133707
% 105 151883.629447
% 106 152367.503676
% 107 152282.073378
% 108 151564.055573
% 109 153723.993106
% 110 155767.243737
% 111 154645.350168
% 112 152858.033631
% 113 148826.561339
% 114 149529.201286
% 115 145214.481172
% 116 146383.974062
% 117 146311.282452
% 118 147539.475335
% 119 146193.244386
% 120 146802.323638
% 121 145003.548720
% 122 146084.474617
% 123 143750.527503
% 124 143989.312901
% 125 142330.071717
% 126 142796.418508
% 127 143475.744069
% 128 143474.583844
% 129 139460.969496
% 130 141284.146722
% 131 142662.048943
% 132 143646.390241
% 133 144357.684887
% 134 144253.446522
% 135 145612.414336
% 136 146333.128023
% 137 145466.564943
% 138 145334.614845
% 139 144525.201334
% 140 144263.502246
% 141 144354.802636
% 142 145595.887173
% 143 145619.510068
% 144 147081.867957
% 145 144894.690275
% 146 146131.226606
% 147 145246.778480
% 148 147626.117851
% 149 148764.942453
% 150 150562.406994
% 151 150949.372334
% 152 150474.767879
% 153 149503.644640
% 154 149440.386829
% 155 147736.859466
% 156 149487.200337
% 157 149773.008154
% 158 149533.320828
% 159 146776.015522
% 160 150198.681310
% 161 149461.250610
% 162 147067.206709
% 163 148686.887033
% 164 146810.769028
% 165 147053.225299
% 166 145029.573627
% 167 149709.811273
% 168 148121.227853
% 169 146429.644682
% 170 145215.735324
% 171 146331.948249
% 172 144058.417481
% 173 147363.275750
% 174 146812.211707
% 175 145585.233084
% 176 144707.449696
% 177 144799.862435
% 178 146569.815981
% 179 145752.021639
% 180 143559.259108
% 181 147687.582824
% 182 145063.362063
% 183 145304.936006
% 184 145061.727280
% 185 144599.498307
% 186 142340.504370
% 187 142443.888696
% 188 143119.951879
% 189 141077.232541
% 190 143847.315801
% 191 144837.087778
% 192 143223.805153
% 193 145473.660711
% 194 148281.528491
% 195 149809.300027
% 196 148271.810529
% 197 147759.905189
% 198 148826.067311
% 199 148849.066933
% 200 149773.666066
% 201 150149.790922
% 202 148347.748538
% 203 147496.141870
% 204 148878.703807
% 205 150912.812034
% 206 148678.190597
% 207 149485.809085
% 208 145951.404818
% 209 144183.099926
% 210 145714.981786
% 211 146744.472690
% 212 146623.283453
% 213 149027.636569
% 214 146152.798645
> Finished 214 generations with 2997610 distance calculations. GA Runtime = 80.2614 sec
> Final distance: 139460.969496
> Final Route:
Truck 0 [len = 35]: 0 --> 94 --> 63 --> 139 --> 49 --> 120 --> 106 --> 42 --> 40 --> 70 --> 29 --> 82 --> 66 --> 80 --> 28 --> 124 --> 21 --> 105 --> 45 --> 111 --> 81 --> 77 --> 64 --> 55 --> 100 --> 36 --> 75 --> 12 --> 72 --> 143 --> 2 --> 7 --> 88 --> 121 --> 41
Truck 1 [len = 33]: 0 --> 24 --> 60 --> 98 --> 103 --> 142 --> 117 --> 18 --> 23 --> 112 --> 141 --> 61 --> 86 --> 127 --> 135 --> 16 --> 145 --> 4 --> 84 --> 13 --> 33 --> 116 --> 56 --> 132 --> 147 --> 48 --> 53 --> 6 --> 59 --> 122 --> 114 --> 11 --> 19
Truck 2 [len = 34]: 0 --> 92 --> 68 --> 115 --> 102 --> 32 --> 26 --> 47 --> 125 --> 38 --> 129 --> 31 --> 83 --> 73 --> 126 --> 10 --> 108 --> 62 --> 69 --> 128 --> 93 --> 71 --> 146 --> 104 --> 99 --> 51 --> 54 --> 1 --> 118 --> 39 --> 95 --> 8 --> 119 --> 34
Truck 3 [len = 25]: 0 --> 15 --> 9 --> 25 --> 14 --> 89 --> 17 --> 3 --> 79 --> 74 --> 136 --> 130 --> 76 --> 90 --> 22 --> 149 --> 57 --> 44 --> 35 --> 131 --> 137 --> 43 --> 148 --> 144 --> 67
Truck 4 [len = 27]: 0 --> 97 --> 109 --> 138 --> 30 --> 65 --> 78 --> 46 --> 58 --> 27 --> 133 --> 52 --> 123 --> 96 --> 91 --> 101 --> 37 --> 110 --> 5 --> 85 --> 87 --> 140 --> 113 --> 20 --> 107 --> 50 --> 134
> Generation - Distance curve saved to fig/mtsp150_baseline_30_5_1000_100_10_20211216_16_50_57/20211216_17_14_20.png.
