--> Running ID = 19
> Loading cities from instances/mtsp150.txt
	>> 150 cities in total to be loaded
> 150 cities loaded from instances/mtsp150.txt
> Initial distance: 271293.915035
> Starting running GA.
	>> cities = 150, salesmen = 5
	>> Generations = 1000, PopulationSize = 100, TournamentSize = 10
# Generation Distance
% 1 266667.621098
% 2 263758.950715
% 3 259561.521681
% 4 254782.813792
% 5 251940.953918
% 6 249367.918446
% 7 247359.365699
% 8 244706.372572
% 9 241537.661273
% 10 237325.493317
% 11 233052.800936
% 12 230177.543881
% 13 229124.405517
% 14 227072.017346
% 15 226948.523323
% 16 224734.413966
% 17 220502.138299
% 18 221428.267056
% 19 216973.973624
% 20 216350.623452
% 21 215459.369722
% 22 212212.392873
% 23 211686.475256
% 24 207920.002303
% 25 210280.229700
% 26 205185.281631
% 27 203822.923284
% 28 204811.649372
% 29 200384.188762
% 30 200741.552193
% 31 199927.563568
% 32 199371.729062
% 33 199768.955107
% 34 195731.038951
% 35 194376.713893
% 36 191399.121993
% 37 188832.496028
% 38 186832.630934
% 39 182597.165548
% 40 183440.496202
% 41 181894.707173
% 42 182171.174619
% 43 181271.150239
% 44 177900.534090
% 45 177762.004284
% 46 177902.859859
% 47 177861.247103
% 48 172051.655218
% 49 172001.037082
% 50 173483.263795
% 51 172688.953726
% 52 171315.181865
% 53 168479.389604
% 54 169931.969274
% 55 172232.008741
% 56 168940.889590
% 57 169332.530781
% 58 170223.931111
% 59 170036.285662
% 60 168728.238246
% 61 170046.564117
% 62 168196.532295
% 63 168114.672550
% 64 169017.190337
% 65 168030.725192
% 66 168350.841572
% 67 167961.789974
% 68 167138.643291
% 69 167882.360005
% 70 164954.325424
% 71 164185.254002
% 72 163132.620357
% 73 162227.891304
% 74 164980.477773
% 75 162131.165391
% 76 159924.731275
% 77 161182.340670
% 78 161449.471387
% 79 163973.509644
% 80 163849.244964
% 81 162406.185001
% 82 161299.746492
% 83 162295.283826
% 84 163832.966363
% 85 162967.972613
% 86 164753.813053
% 87 168801.029416
% 88 165410.033278
% 89 169528.824727
% 90 168417.531613
% 91 168321.557167
% 92 166952.225278
% 93 167629.707094
% 94 164536.529641
% 95 162871.142722
% 96 162055.016222
% 97 160210.933797
% 98 161580.445776
% 99 161748.234534
% 100 161715.251819
% 101 159237.599748
% 102 161915.809089
% 103 159615.074140
% 104 161557.653083
% 105 160949.026946
% 106 160266.522589
% 107 160899.476391
% 108 159874.212833
% 109 160495.644974
% 110 160885.887601
% 111 160156.797374
% 112 157789.229301
% 113 159106.845875
% 114 156524.777240
% 115 156800.549192
% 116 159324.520329
% 117 157439.963333
% 118 158643.054658
% 119 156336.919964
% 120 156427.445776
% 121 157296.562370
% 122 159273.373807
% 123 157992.600066
% 124 156839.118117
% 125 154627.433968
% 126 156779.945419
% 127 157777.458158
% 128 157416.366565
% 129 158098.492830
% 130 155642.632901
% 131 156306.279020
% 132 156088.241647
% 133 156233.692206
% 134 157937.824800
% 135 158571.585198
% 136 155384.052609
% 137 154128.007168
% 138 155358.048520
% 139 153991.611882
% 140 157297.026274
% 141 155408.780877
% 142 156915.070504
% 143 156293.450586
% 144 153195.212244
% 145 156750.911893
% 146 156924.999007
% 147 155311.454573
% 148 154272.886126
% 149 153388.713645
% 150 152616.948869
% 151 154021.282448
% 152 155733.146282
% 153 154172.255035
% 154 154191.175525
% 155 154039.484749
% 156 154438.920149
% 157 155433.592426
% 158 156077.764949
% 159 155984.705732
% 160 155284.597514
% 161 156736.741755
% 162 158693.671087
% 163 156246.940412
% 164 155815.229161
% 165 152855.073676
% 166 153967.052117
% 167 156324.935487
% 168 155743.371360
% 169 153292.174121
% 170 153164.173570
% 171 153903.268197
% 172 151833.481133
% 173 151130.490355
% 174 156640.725620
% 175 160068.325351
% 176 159191.748382
% 177 157337.158189
% 178 156879.719088
% 179 157300.414677
% 180 157339.212285
% 181 157117.587179
% 182 154853.362762
% 183 156949.236435
% 184 155487.768535
% 185 158083.633554
% 186 157632.461353
% 187 156981.610378
% 188 158419.212015
% 189 156875.098603
% 190 155833.247655
% 191 158651.406544
% 192 158435.345393
% 193 157880.471869
% 194 158235.583765
% 195 158033.839054
% 196 156795.916378
% 197 160328.884829
% 198 161901.721408
% 199 158249.893065
% 200 159262.808382
% 201 155820.962313
% 202 157950.077220
% 203 158902.764595
% 204 154453.644771
% 205 152920.661967
% 206 152651.143093
% 207 153382.335385
% 208 154571.341361
% 209 154614.655945
% 210 153111.945057
% 211 152854.864893
% 212 154750.468197
% 213 151517.072051
% 214 153447.400263
> Finished 214 generations with 2996378 distance calculations. GA Runtime = 81.1040 sec
> Final distance: 151130.490355
> Final Route:
Truck 0 [len = 25]: 0 --> 130 --> 98 --> 52 --> 128 --> 123 --> 9 --> 48 --> 93 --> 7 --> 132 --> 92 --> 18 --> 30 --> 88 --> 118 --> 3 --> 141 --> 58 --> 15 --> 25 --> 65 --> 81 --> 60 --> 72
Truck 1 [len = 40]: 0 --> 76 --> 149 --> 86 --> 70 --> 114 --> 99 --> 61 --> 133 --> 140 --> 138 --> 89 --> 46 --> 31 --> 129 --> 37 --> 110 --> 101 --> 83 --> 87 --> 108 --> 71 --> 79 --> 41 --> 2 --> 24 --> 4 --> 102 --> 32 --> 36 --> 38 --> 106 --> 95 --> 117 --> 35 --> 74 --> 90 --> 8 --> 14 --> 62
Truck 2 [len = 47]: 0 --> 116 --> 94 --> 12 --> 63 --> 125 --> 66 --> 124 --> 80 --> 105 --> 120 --> 16 --> 145 --> 45 --> 135 --> 84 --> 50 --> 85 --> 42 --> 121 --> 78 --> 96 --> 147 --> 91 --> 17 --> 136 --> 142 --> 11 --> 82 --> 104 --> 57 --> 144 --> 119 --> 47 --> 127 --> 21 --> 55 --> 77 --> 139 --> 109 --> 33 --> 44 --> 97 --> 148 --> 34 --> 19 --> 22
Truck 3 [len = 14]: 0 --> 68 --> 69 --> 137 --> 39 --> 27 --> 103 --> 1 --> 100 --> 59 --> 113 --> 10 --> 6 --> 111
Truck 4 [len = 28]: 0 --> 126 --> 20 --> 23 --> 131 --> 112 --> 73 --> 5 --> 56 --> 64 --> 40 --> 26 --> 54 --> 67 --> 134 --> 49 --> 29 --> 75 --> 107 --> 43 --> 115 --> 13 --> 28 --> 51 --> 122 --> 143 --> 53 --> 146
> Generation - Distance curve saved to fig/mtsp150_baseline_30_5_1000_100_10_20211216_16_50_57/20211216_17_15_43.png.
