--> Running ID = 8
> Loading cities from instances/mtsp150.txt
	>> 150 cities in total to be loaded
> 150 cities loaded from instances/mtsp150.txt
> Initial distance: 252792.242710
> Starting running GA.
	>> cities = 150, salesmen = 5
	>> Generations = 1000, PopulationSize = 100, TournamentSize = 10
# Generation Distance
% 1 252992.825305
% 2 247563.313731
% 3 244750.721697
% 4 240210.460848
% 5 237954.241362
% 6 236334.432213
% 7 233129.268388
% 8 230035.566323
% 9 225478.262123
% 10 222966.402426
% 11 219032.037270
% 12 220454.943744
% 13 218689.600990
% 14 217339.470273
% 15 215744.505739
% 16 212643.227227
% 17 210070.240317
% 18 208298.683262
% 19 208025.181777
% 20 204208.610771
% 21 204330.883656
% 22 204097.590565
% 23 200042.434537
% 24 199848.733914
% 25 197300.984212
% 26 197937.719129
% 27 195785.488021
% 28 191270.742257
% 29 187792.133864
% 30 187923.373179
% 31 185146.490035
% 32 184341.331994
% 33 183328.391566
% 34 182426.683279
% 35 180484.963611
% 36 181089.955390
% 37 179942.379816
% 38 177501.763212
% 39 177781.900766
% 40 177333.477362
% 41 173627.822963
% 42 174024.066742
% 43 174986.301439
% 44 174762.575152
% 45 175570.292416
% 46 172356.249916
% 47 172691.694514
% 48 173196.781425
% 49 174587.732092
% 50 174494.257066
% 51 172279.666999
% 52 170884.765061
% 53 171251.760878
% 54 170727.877587
% 55 171106.764583
% 56 173093.363912
% 57 173811.580510
% 58 172603.803553
% 59 169798.316192
% 60 170279.815543
% 61 168753.133805
% 62 171083.424112
% 63 166983.588606
% 64 169423.111022
% 65 169622.545024
% 66 171195.975938
% 67 167469.897479
% 68 169255.601856
% 69 171866.784626
% 70 171292.934343
% 71 169749.833240
% 72 169828.199120
% 73 168237.624773
% 74 165811.699913
% 75 164410.538240
% 76 166808.791934
% 77 164083.986821
% 78 164105.565864
% 79 162417.161773
% 80 163793.335562
% 81 164379.863594
% 82 166402.019862
% 83 164781.651064
% 84 163780.164062
% 85 157889.054479
% 86 160663.904710
% 87 157995.657219
% 88 160740.144952
% 89 158811.752625
% 90 160347.373624
% 91 160483.881897
% 92 161187.950940
% 93 161135.162387
% 94 158802.762081
% 95 160371.892670
% 96 161625.345010
% 97 160276.697469
% 98 159772.360174
% 99 162021.435892
% 100 163159.361574
% 101 162889.068959
% 102 163292.203322
% 103 162250.096665
% 104 163144.510131
% 105 161423.502815
% 106 164254.026606
% 107 161670.922135
% 108 163447.443246
% 109 160417.003323
% 110 161516.406113
% 111 161276.407744
% 112 156876.681799
% 113 158352.305762
% 114 157548.228983
% 115 156105.260676
% 116 153666.652199
% 117 154044.287891
% 118 156564.888076
% 119 155045.122263
% 120 151851.308444
% 121 149082.061545
% 122 148545.243173
% 123 150064.833113
% 124 150325.437987
% 125 148596.973263
% 126 148797.511723
% 127 147676.627339
% 128 148592.414383
% 129 148762.529191
% 130 147231.273402
% 131 146333.450148
% 132 145753.297576
% 133 145441.001576
% 134 144514.400744
% 135 146046.584005
% 136 142774.648655
% 137 142132.393098
% 138 143514.872906
% 139 142994.303821
% 140 143635.886945
% 141 141499.816873
% 142 145302.496099
% 143 140850.485552
% 144 143051.632130
% 145 145547.917372
% 146 144838.450423
% 147 144648.467583
% 148 146874.539051
% 149 146111.900053
% 150 144005.461462
% 151 147349.222934
% 152 145960.446671
% 153 147090.821605
% 154 144275.420924
% 155 143994.349875
% 156 144646.710076
% 157 144068.534868
% 158 145336.711625
% 159 146753.300972
% 160 151735.907933
% 161 148502.223739
% 162 145664.752188
% 163 148660.385842
% 164 146756.531715
% 165 146663.968134
% 166 143752.186255
% 167 145739.175856
% 168 144926.685258
% 169 146285.327542
% 170 146798.188287
% 171 147386.476898
% 172 148966.431468
% 173 150668.777054
% 174 150123.116137
% 175 151364.229969
% 176 151579.189298
% 177 150798.567444
% 178 153377.645499
% 179 156171.646414
% 180 153681.811700
% 181 151387.270321
% 182 151389.461233
% 183 154664.741475
% 184 153475.357141
% 185 151498.663055
% 186 149983.039142
% 187 152316.310476
% 188 154287.249284
% 189 151798.070441
% 190 155826.114022
% 191 154482.502260
% 192 154825.232328
% 193 153539.201054
% 194 153165.152598
% 195 153115.672051
% 196 156769.852916
% 197 153440.990323
% 198 152155.292570
% 199 151013.197469
% 200 150096.571285
% 201 149529.200256
% 202 150345.936275
% 203 153243.134467
% 204 150785.604504
% 205 151232.714535
% 206 150107.892468
% 207 149965.803472
% 208 151920.611987
% 209 150694.607315
% 210 151995.872327
% 211 150140.237944
% 212 148817.342404
% 213 147392.626922
% 214 149172.304020
> Finished 214 generations with 2998072 distance calculations. GA Runtime = 81.4924 sec
> Final distance: 140850.485552
> Final Route:
Truck 0 [len = 29]: 0 --> 32 --> 146 --> 4 --> 55 --> 104 --> 16 --> 92 --> 133 --> 110 --> 113 --> 103 --> 37 --> 9 --> 117 --> 3 --> 132 --> 147 --> 88 --> 30 --> 91 --> 18 --> 142 --> 121 --> 78 --> 76 --> 149 --> 109 --> 60
Truck 1 [len = 24]: 0 --> 143 --> 145 --> 116 --> 86 --> 28 --> 61 --> 47 --> 105 --> 80 --> 111 --> 70 --> 82 --> 54 --> 124 --> 94 --> 89 --> 126 --> 87 --> 25 --> 101 --> 17 --> 120 --> 24
Truck 2 [len = 31]: 0 --> 107 --> 72 --> 49 --> 33 --> 6 --> 67 --> 39 --> 106 --> 19 --> 135 --> 71 --> 63 --> 31 --> 90 --> 73 --> 52 --> 128 --> 46 --> 129 --> 118 --> 65 --> 123 --> 136 --> 108 --> 58 --> 20 --> 23 --> 93 --> 14 --> 44
Truck 3 [len = 34]: 0 --> 141 --> 53 --> 2 --> 68 --> 1 --> 15 --> 69 --> 98 --> 62 --> 97 --> 85 --> 8 --> 34 --> 35 --> 137 --> 74 --> 138 --> 112 --> 131 --> 41 --> 96 --> 5 --> 48 --> 7 --> 12 --> 56 --> 114 --> 11 --> 119 --> 115 --> 84 --> 22 --> 59
Truck 4 [len = 36]: 0 --> 139 --> 66 --> 21 --> 100 --> 99 --> 45 --> 51 --> 26 --> 40 --> 29 --> 102 --> 81 --> 75 --> 64 --> 127 --> 13 --> 122 --> 42 --> 148 --> 50 --> 43 --> 125 --> 144 --> 83 --> 140 --> 10 --> 130 --> 27 --> 95 --> 134 --> 77 --> 38 --> 36 --> 57 --> 79
> Generation - Distance curve saved to fig/mtsp150_baseline_30_5_1000_100_10_20211216_16_50_57/20211216_17_00_30.png.
