--> Running ID = 27
> Loading cities from instances/mtsp150.txt
	>> 150 cities in total to be loaded
> 150 cities loaded from instances/mtsp150.txt
> Initial distance: 267278.220036
> Starting running GA.
	>> cities = 150, salesmen = 5
	>> Generations = 1000, PopulationSize = 100, TournamentSize = 10
# Generation Distance
% 1 263976.224960
% 2 262930.720226
% 3 253891.898737
% 4 251832.252243
% 5 251129.011660
% 6 247536.418797
% 7 247919.592433
% 8 244324.577107
% 9 241525.009222
% 10 236360.333429
% 11 231638.946371
% 12 229261.051130
% 13 223591.639566
% 14 219737.971288
% 15 213754.996488
% 16 211193.527436
% 17 211342.970653
% 18 212419.034030
% 19 212003.951429
% 20 210228.302745
% 21 212160.436603
% 22 208396.095254
% 23 208773.375639
% 24 209624.857836
% 25 206545.268646
% 26 206228.206538
% 27 205879.763989
% 28 206919.170457
% 29 205002.598418
% 30 204403.805457
% 31 200633.646611
% 32 197649.002956
% 33 198142.161153
% 34 195544.779749
% 35 189988.472777
% 36 187291.302266
% 37 187818.325053
% 38 187711.429252
% 39 188611.272414
% 40 186539.617791
% 41 185470.844524
% 42 185633.971050
% 43 185259.904485
% 44 182167.745833
% 45 179848.033757
% 46 179980.944663
% 47 181613.551613
% 48 177640.257969
% 49 179052.469508
% 50 180147.167622
% 51 177901.641437
% 52 179463.749487
% 53 178992.365436
% 54 178860.559140
% 55 174608.305252
% 56 177066.022711
% 57 175591.095152
% 58 173320.384483
% 59 173208.021662
% 60 169560.412552
% 61 167443.618003
% 62 168825.715745
% 63 168851.203843
% 64 168417.351962
% 65 170534.035303
% 66 170785.222923
% 67 171597.506314
% 68 171692.406384
% 69 173158.259008
% 70 173176.076334
% 71 172062.821000
% 72 173014.243936
% 73 175266.913330
% 74 173208.013578
% 75 170831.009417
% 76 168871.585800
% 77 169389.690897
% 78 169054.601025
% 79 167732.698834
% 80 168529.644920
% 81 165882.394489
% 82 166969.270757
% 83 166437.063000
% 84 166686.819854
% 85 165129.296351
% 86 163031.659077
% 87 164265.555498
% 88 166947.130992
% 89 167159.887409
% 90 166592.382809
% 91 167800.994613
% 92 164666.088435
% 93 164976.329698
% 94 165989.327778
% 95 163445.761334
% 96 165276.147495
% 97 164826.827789
% 98 165991.374818
% 99 164108.366612
% 100 165619.479208
% 101 164593.314762
% 102 164329.875352
% 103 162563.752475
% 104 161584.443039
% 105 162193.896652
% 106 163412.073307
% 107 162404.807580
% 108 161430.623651
% 109 159935.113767
% 110 159883.100001
% 111 163559.460126
% 112 162059.606330
% 113 160454.941345
% 114 162881.351193
% 115 159299.533119
% 116 159328.264752
% 117 160782.605421
% 118 160954.181736
% 119 162916.997112
% 120 163327.327744
% 121 161905.530612
% 122 162438.737256
% 123 161771.217573
% 124 159874.888498
% 125 161299.962121
% 126 161397.948790
% 127 159073.054518
% 128 159154.586376
% 129 160578.322207
% 130 162169.446120
% 131 161551.669381
% 132 162340.931737
% 133 162347.962087
% 134 163814.065653
% 135 162279.559810
% 136 159846.272267
% 137 161951.466636
% 138 160915.042196
% 139 162945.260220
% 140 161617.739864
% 141 158489.383884
% 142 159278.915837
% 143 157940.328261
% 144 156864.990249
% 145 157202.238514
% 146 152828.831578
% 147 152133.201110
% 148 155059.560455
% 149 155485.568909
% 150 151276.535406
% 151 153861.147042
% 152 152122.052029
% 153 152388.505723
% 154 153549.665776
% 155 149788.288190
% 156 150725.746673
% 157 152418.439792
% 158 149126.016765
% 159 149078.263837
% 160 148084.237929
% 161 146027.980741
% 162 146042.425130
% 163 146704.084720
% 164 145707.752499
% 165 145899.042344
% 166 147665.969618
% 167 146137.197170
% 168 146820.383167
% 169 145720.001003
% 170 146541.439020
% 171 144491.858602
% 172 144661.090149
% 173 144456.124319
% 174 145716.781558
% 175 149142.878353
% 176 148484.296494
% 177 148331.026235
% 178 148741.696887
% 179 146898.418031
% 180 147592.760067
% 181 148258.824059
% 182 150675.318347
% 183 151350.524120
% 184 151205.333794
% 185 152478.795803
% 186 151374.918964
% 187 147878.924098
% 188 148123.159781
% 189 146575.576454
% 190 145467.154920
% 191 144272.229770
% 192 142689.396631
% 193 142524.294942
% 194 143820.365755
% 195 144524.376093
% 196 144841.921152
% 197 145121.796970
% 198 145643.014347
% 199 147452.076021
% 200 146654.106659
% 201 148417.661980
% 202 149763.415376
% 203 151302.210913
% 204 149648.816909
% 205 148963.515727
% 206 151618.464913
% 207 148843.558164
% 208 153160.578618
% 209 151671.167662
% 210 151691.832581
% 211 153458.160574
% 212 149899.030206
% 213 151870.828219
% 214 150720.095981
> Finished 214 generations with 2997764 distance calculations. GA Runtime = 80.7704 sec
> Final distance: 142524.294942
> Final Route:
Truck 0 [len = 39]: 0 --> 94 --> 12 --> 115 --> 32 --> 75 --> 67 --> 53 --> 68 --> 105 --> 135 --> 16 --> 51 --> 55 --> 64 --> 125 --> 120 --> 106 --> 81 --> 102 --> 104 --> 127 --> 86 --> 124 --> 28 --> 80 --> 60 --> 41 --> 52 --> 35 --> 14 --> 73 --> 113 --> 116 --> 66 --> 4 --> 29 --> 107 --> 43
Truck 1 [len = 28]: 0 --> 26 --> 99 --> 56 --> 70 --> 144 --> 49 --> 1 --> 50 --> 24 --> 143 --> 132 --> 129 --> 141 --> 7 --> 17 --> 78 --> 46 --> 98 --> 37 --> 5 --> 89 --> 136 --> 133 --> 57 --> 119 --> 149 --> 63
Truck 2 [len = 11]: 0 --> 36 --> 100 --> 76 --> 145 --> 40 --> 21 --> 139 --> 96 --> 128 --> 6
Truck 3 [len = 33]: 0 --> 109 --> 114 --> 22 --> 85 --> 59 --> 19 --> 148 --> 58 --> 91 --> 137 --> 39 --> 2 --> 44 --> 131 --> 62 --> 71 --> 45 --> 122 --> 8 --> 82 --> 42 --> 111 --> 54 --> 134 --> 146 --> 33 --> 95 --> 84 --> 61 --> 77 --> 47 --> 38
Truck 4 [len = 43]: 0 --> 27 --> 11 --> 13 --> 34 --> 97 --> 126 --> 101 --> 117 --> 65 --> 123 --> 142 --> 69 --> 18 --> 93 --> 23 --> 79 --> 20 --> 3 --> 118 --> 30 --> 138 --> 108 --> 10 --> 140 --> 121 --> 72 --> 130 --> 92 --> 88 --> 147 --> 48 --> 110 --> 25 --> 103 --> 83 --> 112 --> 31 --> 90 --> 74 --> 15 --> 87 --> 9
> Generation - Distance curve saved to fig/mtsp150_baseline_30_5_1000_100_10_20211216_16_50_57/20211216_17_26_43.png.
