--> Running ID = 6
> Loading cities from instances/mtsp150.txt
	>> 150 cities in total to be loaded
> 150 cities loaded from instances/mtsp150.txt
> Initial distance: 269887.341946
> Starting running GA.
	>> cities = 150, salesmen = 5
	>> Generations = 1000, PopulationSize = 100, TournamentSize = 10
# Generation Distance
% 1 267748.046228
% 2 266957.076884
% 3 260886.565960
% 4 257520.182668
% 5 254753.202341
% 6 250511.041193
% 7 247775.930687
% 8 245227.106169
% 9 245175.323474
% 10 244628.727663
% 11 243876.658587
% 12 239419.349165
% 13 235624.027716
% 14 233663.994181
% 15 229897.698346
% 16 228862.535568
% 17 228356.420354
% 18 225662.802586
% 19 220728.718423
% 20 220172.386837
% 21 216986.180244
% 22 216029.365100
% 23 214981.031080
% 24 214390.330988
% 25 210771.778508
% 26 212652.383976
% 27 210867.272762
% 28 209530.682103
% 29 208800.891238
% 30 206553.653101
% 31 205588.509533
% 32 203607.004007
% 33 196999.451397
% 34 195642.397909
% 35 195831.723310
% 36 188983.682423
% 37 186512.365605
% 38 185172.283991
% 39 186660.876796
% 40 186730.595967
% 41 186720.819041
% 42 184311.910786
% 43 184453.815152
% 44 183904.970249
% 45 182150.136679
% 46 180848.508241
% 47 180038.045532
% 48 175489.405195
% 49 173735.925678
% 50 174835.947183
% 51 174501.938517
% 52 172763.405676
% 53 170619.512862
% 54 171814.404135
% 55 167877.321350
% 56 166777.849664
% 57 165992.959179
% 58 165760.424256
% 59 168784.162213
% 60 167318.242578
% 61 166502.953208
% 62 166955.949406
% 63 167993.185640
% 64 167424.449579
% 65 163048.177679
% 66 160753.692825
% 67 160226.494165
% 68 159754.103785
% 69 158226.174849
% 70 160832.764434
% 71 160591.047751
% 72 162528.778457
% 73 162534.017655
% 74 161436.325129
% 75 160799.728070
% 76 161593.939719
% 77 163304.723130
% 78 165646.346102
% 79 167181.035161
% 80 164770.943037
% 81 165629.022402
% 82 160781.484105
% 83 163707.866796
% 84 162868.634011
% 85 161751.487138
% 86 157993.040655
% 87 159254.494574
% 88 157131.824552
% 89 157366.311508
% 90 157223.080341
% 91 157763.792087
% 92 153269.676040
% 93 153932.246356
% 94 153238.314370
% 95 151400.626933
% 96 153588.003625
% 97 155109.640388
% 98 153497.442480
% 99 154192.249542
% 100 156051.504439
% 101 156994.207572
% 102 159947.943491
% 103 157621.906805
% 104 158444.679701
% 105 157584.195333
% 106 157494.738603
% 107 154602.781715
% 108 157740.540839
% 109 155386.396405
% 110 157756.453255
% 111 158327.691255
% 112 161316.865266
% 113 163288.196967
% 114 164627.467421
% 115 161196.514633
% 116 162015.801082
% 117 161875.490855
% 118 159908.244723
% 119 157823.332326
% 120 160964.464334
% 121 160430.359015
% 122 161302.560354
% 123 161654.761904
% 124 160492.001997
% 125 161333.962805
% 126 160485.981597
% 127 158905.950642
% 128 158278.813800
% 129 158706.437498
% 130 160597.129753
% 131 158676.733234
% 132 158248.240476
% 133 157801.771168
% 134 156030.190190
% 135 154854.652441
% 136 155356.960510
% 137 157197.257554
% 138 156194.476721
% 139 159492.388517
% 140 157504.485206
% 141 154758.429900
% 142 154813.489967
% 143 151282.616581
% 144 154477.445542
% 145 151813.786969
% 146 150711.512506
% 147 151588.653297
% 148 151224.360908
% 149 147310.652978
% 150 147478.225053
% 151 147322.735102
% 152 148051.435036
% 153 144010.604062
% 154 145871.931592
% 155 142728.977936
% 156 144755.614920
% 157 143605.852019
% 158 142975.084061
% 159 144375.351376
% 160 144658.751065
% 161 146300.242870
% 162 146380.265903
% 163 148566.680933
% 164 147487.011958
% 165 147554.789490
% 166 150247.970066
% 167 150476.688288
% 168 148296.339121
% 169 147086.755802
% 170 149158.107806
% 171 149817.136355
% 172 148482.807979
% 173 149730.637561
% 174 147029.649363
% 175 144131.667125
% 176 146734.992214
% 177 145799.523728
% 178 144047.864682
% 179 143842.818595
% 180 139181.063130
% 181 136427.029464
% 182 139992.775819
% 183 139450.896181
% 184 138641.967501
% 185 141530.970486
% 186 141347.550740
% 187 142619.917754
% 188 141846.081272
% 189 142976.821519
% 190 145417.143177
% 191 145776.507500
% 192 145449.373728
% 193 145585.010767
% 194 149362.731842
% 195 146425.415377
% 196 146440.862234
% 197 148378.905824
% 198 147553.673913
% 199 148308.450093
% 200 146699.210008
% 201 144521.552633
% 202 145220.341772
% 203 144913.661248
% 204 146005.809380
% 205 145320.426455
% 206 146563.848545
% 207 148535.445515
% 208 149237.321668
% 209 148507.864165
% 210 148744.693659
% 211 149657.393046
% 212 149286.072427
% 213 151198.250336
> Finished 213 generations with 2987138 distance calculations. GA Runtime = 77.9056 sec
> Final distance: 136427.029464
> Final Route:
Truck 0 [len = 40]: 0 --> 149 --> 4 --> 104 --> 64 --> 125 --> 36 --> 12 --> 146 --> 72 --> 144 --> 13 --> 53 --> 1 --> 105 --> 61 --> 111 --> 24 --> 134 --> 122 --> 16 --> 56 --> 82 --> 115 --> 76 --> 11 --> 42 --> 85 --> 44 --> 48 --> 52 --> 74 --> 31 --> 71 --> 9 --> 3 --> 89 --> 142 --> 41 --> 7
Truck 1 [len = 18]: 0 --> 2 --> 131 --> 137 --> 30 --> 147 --> 92 --> 43 --> 95 --> 124 --> 47 --> 29 --> 77 --> 26 --> 63 --> 121 --> 132 --> 109
Truck 2 [len = 24]: 0 --> 143 --> 120 --> 55 --> 75 --> 60 --> 50 --> 84 --> 19 --> 130 --> 107 --> 112 --> 57 --> 91 --> 98 --> 17 --> 133 --> 93 --> 128 --> 138 --> 118 --> 69 --> 65 --> 78
Truck 3 [len = 48]: 0 --> 90 --> 110 --> 136 --> 18 --> 117 --> 35 --> 123 --> 96 --> 46 --> 148 --> 49 --> 6 --> 113 --> 79 --> 27 --> 39 --> 119 --> 59 --> 34 --> 68 --> 67 --> 38 --> 116 --> 127 --> 33 --> 45 --> 99 --> 86 --> 40 --> 8 --> 54 --> 145 --> 114 --> 70 --> 139 --> 94 --> 102 --> 51 --> 135 --> 21 --> 28 --> 66 --> 80 --> 100 --> 81 --> 32 --> 22
Truck 4 [len = 24]: 0 --> 141 --> 88 --> 5 --> 103 --> 23 --> 37 --> 101 --> 25 --> 83 --> 108 --> 14 --> 62 --> 10 --> 126 --> 58 --> 20 --> 73 --> 87 --> 15 --> 140 --> 129 --> 106 --> 97
> Generation - Distance curve saved to fig/mtsp150_baseline_30_5_1000_100_10_20211216_16_50_57/20211216_16_57_46.png.
