--> Running ID = 7
> Loading cities from instances/mtsp150.txt
	>> 150 cities in total to be loaded
> 150 cities loaded from instances/mtsp150.txt
> Initial distance: 272464.527176
> Starting running GA.
	>> cities = 150, salesmen = 5
	>> Generations = 1000, PopulationSize = 100, TournamentSize = 10
# Generation Distance
% 1 267228.328052
% 2 262344.052267
% 3 258831.967038
% 4 255195.169960
% 5 253326.033489
% 6 248370.111381
% 7 244220.936367
% 8 244472.166659
% 9 239919.221839
% 10 234886.861685
% 11 232788.315106
% 12 230073.633230
% 13 227553.615123
% 14 225696.121552
% 15 224883.812807
% 16 225055.470404
% 17 222896.223820
% 18 219302.854991
% 19 215843.816432
% 20 215126.742942
% 21 213628.073596
% 22 208358.448036
% 23 208002.778256
% 24 205348.388935
% 25 204315.004271
% 26 204524.691983
% 27 204284.724119
% 28 203654.776206
% 29 203535.139100
% 30 202025.445086
% 31 199802.616557
% 32 201136.582933
% 33 199893.697435
% 34 200115.845105
% 35 199902.999485
% 36 196338.035354
% 37 191009.523049
% 38 193859.131550
% 39 194839.364282
% 40 192719.717517
% 41 190709.398667
% 42 191249.225333
% 43 187684.611090
% 44 188039.695665
% 45 188250.618082
% 46 186498.153399
% 47 184054.606496
% 48 183128.079296
% 49 178852.956549
% 50 183026.896315
% 51 182884.603731
% 52 184402.921611
% 53 181650.961467
% 54 178964.260308
% 55 181908.573504
% 56 182155.918685
% 57 180692.566568
% 58 178530.864326
% 59 176952.917815
% 60 178623.424017
% 61 180307.329332
% 62 179374.208294
% 63 178981.465471
% 64 181478.753760
% 65 177183.056131
% 66 178132.309775
% 67 171841.433979
% 68 169920.222036
% 69 170937.785057
% 70 169436.028260
% 71 167441.781841
% 72 165885.501059
% 73 163052.855109
% 74 162033.584244
% 75 160585.131325
% 76 160941.470257
% 77 159197.326103
% 78 160516.971939
% 79 161105.247205
% 80 161402.780848
% 81 162158.490857
% 82 159802.181432
% 83 161773.443440
% 84 162017.594942
% 85 160617.437059
% 86 159147.613994
% 87 162488.874959
% 88 159541.123285
% 89 161902.651744
% 90 158423.472013
% 91 158590.951862
% 92 156115.144476
% 93 157573.210278
% 94 159563.350537
% 95 157678.693609
% 96 158458.936533
% 97 161191.351918
% 98 159328.463663
% 99 159518.444444
% 100 158735.965601
% 101 158663.696267
% 102 157438.197621
% 103 160133.710721
% 104 160258.549074
% 105 158272.607766
% 106 158889.087393
% 107 157625.570157
% 108 157680.247673
% 109 158675.536694
% 110 159242.490017
% 111 155621.190207
% 112 156555.083045
% 113 155199.187858
% 114 154728.156858
% 115 156899.528424
% 116 156525.524404
% 117 152361.013481
% 118 153039.397870
% 119 154174.743132
% 120 152042.158251
% 121 150079.983243
% 122 152416.251515
% 123 153143.550423
% 124 150708.504242
% 125 151990.928757
% 126 153627.102220
% 127 151503.166293
% 128 153456.209364
% 129 154773.498620
% 130 153874.365940
% 131 154844.536725
% 132 156034.052740
% 133 157576.002219
% 134 155527.222164
% 135 151968.048055
% 136 151477.774972
% 137 152737.198454
% 138 153649.147226
% 139 154398.093808
% 140 157045.458773
% 141 155836.465387
% 142 155377.984601
% 143 153326.658919
% 144 151803.351611
% 145 154237.462515
% 146 151117.850611
% 147 152646.245421
% 148 149560.323482
% 149 148819.589579
% 150 148770.567196
% 151 150592.705417
% 152 151156.299603
% 153 152559.768675
% 154 151341.569913
% 155 153140.209504
% 156 150623.772438
% 157 149562.798151
% 158 146672.935081
% 159 147087.343511
% 160 144032.410300
% 161 144677.291900
% 162 145470.606953
% 163 147578.600796
% 164 148621.767277
% 165 147220.246800
% 166 148556.518572
% 167 149007.525426
% 168 150815.612415
% 169 148300.851085
% 170 147694.830768
% 171 149053.752639
% 172 148788.211848
% 173 150410.489948
% 174 147526.364141
% 175 148414.430412
% 176 146358.429968
% 177 147221.965093
% 178 147770.877839
% 179 146051.374889
% 180 149235.479260
% 181 146899.845649
% 182 145779.261610
% 183 144858.163666
% 184 145857.003806
% 185 147956.297956
% 186 146445.766614
% 187 147523.768423
% 188 144916.682337
% 189 144714.891928
% 190 143002.440478
% 191 147074.802928
% 192 144237.417106
% 193 144736.626026
% 194 149046.853787
% 195 147306.990555
% 196 150334.918905
% 197 147701.547430
% 198 150468.536806
% 199 150425.348868
% 200 151012.222794
% 201 150543.431556
% 202 150969.025937
% 203 150209.728461
% 204 151940.476773
% 205 151685.155465
% 206 152721.570962
% 207 150963.348958
% 208 149012.171028
% 209 149196.625720
% 210 149235.524988
% 211 147270.472279
% 212 147588.723968
% 213 146489.548190
% 214 145364.324479
> Finished 214 generations with 2997302 distance calculations. GA Runtime = 79.6387 sec
> Final distance: 143002.440478
> Final Route:
Truck 0 [len = 40]: 0 --> 108 --> 46 --> 78 --> 112 --> 129 --> 131 --> 117 --> 65 --> 17 --> 52 --> 69 --> 23 --> 18 --> 121 --> 15 --> 9 --> 10 --> 140 --> 20 --> 113 --> 90 --> 71 --> 83 --> 101 --> 103 --> 98 --> 85 --> 89 --> 25 --> 58 --> 142 --> 126 --> 87 --> 73 --> 97 --> 6 --> 59 --> 44 --> 141
Truck 1 [len = 28]: 0 --> 14 --> 109 --> 16 --> 111 --> 139 --> 27 --> 143 --> 72 --> 84 --> 26 --> 56 --> 104 --> 21 --> 12 --> 64 --> 36 --> 125 --> 32 --> 66 --> 100 --> 68 --> 118 --> 110 --> 35 --> 138 --> 91 --> 2
Truck 2 [len = 35]: 0 --> 123 --> 3 --> 128 --> 93 --> 133 --> 88 --> 39 --> 67 --> 81 --> 49 --> 80 --> 102 --> 94 --> 75 --> 55 --> 135 --> 95 --> 70 --> 127 --> 34 --> 120 --> 77 --> 146 --> 107 --> 60 --> 19 --> 115 --> 33 --> 54 --> 28 --> 119 --> 11 --> 114 --> 1
Truck 3 [len = 21]: 0 --> 145 --> 13 --> 124 --> 4 --> 45 --> 149 --> 144 --> 61 --> 122 --> 99 --> 47 --> 86 --> 82 --> 105 --> 136 --> 48 --> 79 --> 62 --> 130 --> 5
Truck 4 [len = 30]: 0 --> 92 --> 43 --> 134 --> 8 --> 116 --> 50 --> 42 --> 51 --> 38 --> 132 --> 137 --> 63 --> 40 --> 29 --> 106 --> 53 --> 41 --> 30 --> 31 --> 7 --> 147 --> 74 --> 96 --> 57 --> 24 --> 148 --> 76 --> 37 --> 22
> Generation - Distance curve saved to fig/mtsp150_baseline_30_5_1000_100_10_20211216_16_50_57/20211216_16_59_07.png.
