--> Running ID = 5
> Loading cities from instances/mtsp150.txt
	>> 150 cities in total to be loaded
> 150 cities loaded from instances/mtsp150.txt
> Initial distance: 275625.584004
> Starting running GA.
	>> cities = 150, salesmen = 5
	>> Generations = 1000, PopulationSize = 100, TournamentSize = 10
# Generation Distance
% 1 270943.642068
% 2 267801.312554
% 3 262881.832350
% 4 261204.010679
% 5 258016.235971
% 6 253102.984553
% 7 246303.216273
% 8 244529.778404
% 9 242484.906238
% 10 238819.452774
% 11 236858.638990
% 12 234542.159116
% 13 232984.002658
% 14 230778.499917
% 15 227116.200116
% 16 223407.882359
% 17 219247.342503
% 18 216226.885346
% 19 215303.912606
% 20 211856.980361
% 21 211406.197146
% 22 208974.017355
% 23 208662.034714
% 24 206532.833841
% 25 204511.315621
% 26 202914.837383
% 27 199297.628637
% 28 199533.502874
% 29 200253.809411
% 30 198475.291413
% 31 197360.169800
% 32 196152.926949
% 33 191204.944168
% 34 190158.442350
% 35 189771.057215
% 36 187218.224417
% 37 185536.389063
% 38 187275.696316
% 39 186472.216678
% 40 181874.607784
% 41 182133.653549
% 42 182658.033215
% 43 177549.721944
% 44 176069.131504
% 45 175622.679692
% 46 174752.921672
% 47 174660.711431
% 48 174855.841220
% 49 172941.522442
% 50 174851.899575
% 51 172316.983455
% 52 172607.577793
% 53 173004.211142
% 54 174826.905768
% 55 172993.673893
% 56 170833.233387
% 57 168612.692489
% 58 171003.734156
% 59 170720.669288
% 60 171080.074304
% 61 170831.202490
% 62 170785.095632
% 63 170455.377910
% 64 170871.336387
% 65 167854.910976
% 66 168229.615971
% 67 168760.209699
% 68 168288.331233
% 69 166655.082091
% 70 167323.412510
% 71 164611.526708
% 72 165363.002420
% 73 165875.418621
% 74 164494.494802
% 75 159888.390754
% 76 161389.410680
% 77 159234.935489
% 78 156476.591289
% 79 157526.600051
% 80 154098.342531
% 81 153460.169805
% 82 154943.798449
% 83 153579.409036
% 84 153663.173519
% 85 152314.729735
% 86 154041.362126
% 87 155355.086512
% 88 155083.090181
% 89 155327.796067
% 90 156760.206460
% 91 155919.325179
% 92 155958.809854
% 93 155440.781226
% 94 154461.040489
% 95 157400.266930
% 96 159765.076642
% 97 158633.336432
% 98 161520.764739
% 99 159333.422627
% 100 159538.008426
% 101 158915.227796
% 102 160966.651622
% 103 159883.705025
% 104 157851.215932
% 105 156584.353624
% 106 158175.067372
% 107 158353.854784
% 108 160135.397430
% 109 155096.858858
% 110 157984.900090
% 111 156227.942689
% 112 154884.484091
% 113 154331.059952
% 114 154325.200693
% 115 154054.700731
% 116 155874.005660
% 117 156393.099907
% 118 158108.366765
% 119 155636.044745
% 120 157561.392627
% 121 154269.060380
% 122 157225.328899
% 123 158271.457410
% 124 157369.430678
% 125 159262.327993
% 126 158982.632610
% 127 157528.489305
% 128 158518.969057
% 129 158466.107761
% 130 154928.595370
% 131 156780.862908
% 132 155763.599955
% 133 155420.919910
% 134 156863.152568
% 135 159841.813416
% 136 156799.708272
% 137 153948.350450
% 138 151732.784428
% 139 153282.591769
% 140 153617.687923
% 141 155958.985069
% 142 152801.269258
% 143 153569.005718
% 144 150724.144158
% 145 150294.346663
% 146 150994.841519
% 147 151918.038689
% 148 151985.559141
% 149 150326.347711
% 150 149662.383873
% 151 149089.883173
% 152 146391.319651
% 153 149061.384188
% 154 147133.834732
% 155 149944.632329
% 156 150205.662133
% 157 150460.789890
% 158 149432.256449
% 159 148992.010020
% 160 147233.335264
% 161 147800.791723
% 162 148746.173550
% 163 149354.020360
% 164 148339.494686
% 165 148543.678838
% 166 148058.771557
% 167 148583.909325
% 168 148083.611566
% 169 147424.076802
% 170 146502.063848
% 171 144936.110097
% 172 145152.241016
% 173 144627.134979
% 174 148370.792678
% 175 147232.172407
% 176 150846.986931
% 177 152083.736864
% 178 150817.420147
% 179 148547.674263
% 180 148595.310924
% 181 149604.190230
% 182 150921.502008
% 183 150731.513403
% 184 153829.181912
% 185 152568.579416
% 186 152343.532333
% 187 150827.999629
% 188 153337.336412
% 189 152272.511728
% 190 153548.512059
% 191 150334.133745
% 192 148252.019169
% 193 147795.295004
% 194 147907.000214
% 195 150709.946898
% 196 147618.262311
% 197 151309.044493
% 198 150175.482663
% 199 150005.940214
% 200 149154.966300
% 201 148936.120105
% 202 151082.790415
% 203 149351.783533
% 204 150190.220886
% 205 149416.410193
% 206 152757.672059
% 207 154278.376234
% 208 151454.046046
% 209 152131.195874
% 210 154246.129367
% 211 150502.444320
% 212 152074.060395
% 213 152253.377625
% 214 153659.949462
> Finished 214 generations with 2999150 distance calculations. GA Runtime = 77.7302 sec
> Final distance: 144627.134979
> Final Route:
Truck 0 [len = 40]: 0 --> 133 --> 52 --> 5 --> 10 --> 149 --> 22 --> 34 --> 114 --> 75 --> 145 --> 70 --> 135 --> 77 --> 61 --> 28 --> 80 --> 56 --> 115 --> 81 --> 125 --> 63 --> 49 --> 144 --> 13 --> 16 --> 143 --> 53 --> 88 --> 112 --> 130 --> 57 --> 124 --> 45 --> 82 --> 51 --> 38 --> 47 --> 43 --> 146
Truck 1 [len = 31]: 0 --> 79 --> 9 --> 126 --> 131 --> 83 --> 140 --> 31 --> 90 --> 23 --> 93 --> 3 --> 128 --> 69 --> 101 --> 98 --> 118 --> 71 --> 20 --> 141 --> 29 --> 54 --> 105 --> 129 --> 41 --> 14 --> 84 --> 122 --> 127 --> 104 --> 19
Truck 2 [len = 31]: 0 --> 18 --> 121 --> 91 --> 30 --> 73 --> 42 --> 85 --> 11 --> 39 --> 142 --> 117 --> 92 --> 137 --> 147 --> 132 --> 2 --> 119 --> 100 --> 102 --> 36 --> 55 --> 12 --> 111 --> 148 --> 116 --> 134 --> 50 --> 139 --> 95 --> 120
Truck 3 [len = 24]: 0 --> 106 --> 86 --> 21 --> 66 --> 64 --> 94 --> 1 --> 35 --> 87 --> 44 --> 109 --> 78 --> 103 --> 110 --> 107 --> 60 --> 48 --> 7 --> 59 --> 76 --> 97 --> 108 --> 62
Truck 4 [len = 28]: 0 --> 24 --> 68 --> 74 --> 37 --> 15 --> 89 --> 46 --> 58 --> 8 --> 113 --> 6 --> 33 --> 26 --> 99 --> 40 --> 32 --> 4 --> 72 --> 67 --> 25 --> 17 --> 136 --> 123 --> 65 --> 138 --> 27 --> 96
> Generation - Distance curve saved to fig/mtsp150_baseline_30_5_1000_100_10_20211216_16_50_57/20211216_16_56_26.png.
