--> Running ID = 1
> Loading cities from instances/mtsp150.txt
	>> 150 cities in total to be loaded
> 150 cities loaded from instances/mtsp150.txt
> Initial distance: 265439.684185
> Starting running GA.
	>> cities = 150, salesmen = 5
	>> Generations = 1000, PopulationSize = 100, TournamentSize = 10
# Generation Distance
% 1 261245.175157
% 2 256911.312723
% 3 254063.285794
% 4 248335.862518
% 5 242793.036967
% 6 241204.136895
% 7 236551.548438
% 8 235829.543214
% 9 235590.758534
% 10 231633.572646
% 11 229043.591991
% 12 220280.372324
% 13 220038.872657
% 14 215371.202091
% 15 213120.230418
% 16 212384.401886
% 17 208662.852491
% 18 207507.321576
% 19 203803.902008
% 20 199481.206826
% 21 198583.709882
% 22 197726.212746
% 23 194556.297259
% 24 194247.187072
% 25 195534.917957
% 26 192079.950324
% 27 191942.513848
% 28 188665.597606
% 29 184874.771332
% 30 183740.435074
% 31 182370.087925
% 32 181495.883497
% 33 182708.581924
% 34 181615.517465
% 35 180206.911517
% 36 179533.648459
% 37 181597.094581
% 38 178696.160081
% 39 177286.829147
% 40 176791.535426
% 41 177202.637279
% 42 177631.067456
% 43 178353.998808
% 44 178772.619161
% 45 175549.879174
% 46 177583.663401
% 47 179585.990164
% 48 178082.515969
% 49 177033.212303
% 50 178315.730475
% 51 176354.320447
% 52 174609.765596
% 53 174858.239195
% 54 173542.002257
% 55 172116.573829
% 56 171174.470491
% 57 171886.832117
% 58 169202.505054
% 59 170988.818357
% 60 167097.904274
% 61 166962.844857
% 62 161783.251973
% 63 162420.263252
% 64 165627.011444
% 65 163868.367487
% 66 165093.468840
% 67 165833.855401
% 68 165239.724188
% 69 164831.233517
% 70 164621.892434
% 71 162618.126877
% 72 158038.487409
% 73 161541.155413
% 74 158966.222326
% 75 159507.245177
% 76 161244.355655
% 77 160124.371244
% 78 159992.370917
% 79 162761.829255
% 80 158463.468434
% 81 162573.477528
% 82 162657.066446
% 83 165678.897784
% 84 164152.426919
% 85 165631.380857
% 86 165445.724667
% 87 165370.947036
% 88 165269.979198
% 89 162987.540510
% 90 161567.851706
% 91 158638.673883
% 92 159422.669197
% 93 157045.542121
% 94 158233.706902
% 95 159592.214315
% 96 157498.253936
% 97 152103.712635
% 98 153309.112226
% 99 152777.098847
% 100 152536.231634
% 101 151873.371369
% 102 151203.735112
% 103 150161.327663
% 104 152221.745441
% 105 150724.773894
% 106 154085.784874
% 107 150634.756937
% 108 146570.850966
% 109 149103.586798
% 110 150923.723413
% 111 152927.976565
% 112 150716.770744
% 113 149606.769661
% 114 148945.217520
% 115 148706.231441
% 116 149047.022023
% 117 151255.513772
% 118 151653.328863
% 119 152313.942915
% 120 152153.378039
% 121 153680.725444
% 122 151401.450911
% 123 152643.715482
% 124 153505.212692
% 125 150973.556838
% 126 149885.624341
% 127 148111.757158
% 128 148177.638679
% 129 147282.504282
% 130 147014.639004
% 131 144485.120319
% 132 145471.690999
% 133 145758.876442
% 134 145289.732157
% 135 146777.423816
% 136 145438.425814
% 137 147670.050860
% 138 147981.417048
% 139 151166.567598
% 140 151069.770707
% 141 148558.776180
% 142 148518.447094
% 143 150464.719089
% 144 149659.584278
% 145 151706.676495
% 146 150450.944701
% 147 152125.508944
% 148 152633.337473
% 149 154449.409573
% 150 152459.511066
% 151 153568.032038
% 152 155224.192099
% 153 155080.710145
% 154 155765.855378
% 155 154799.016326
% 156 156541.522517
% 157 155476.357801
% 158 156212.683034
% 159 157397.976269
% 160 157101.291286
% 161 157514.147627
% 162 156056.731308
% 163 154634.124028
% 164 155221.932691
% 165 159319.996285
% 166 159222.131405
% 167 156140.383324
% 168 157676.408254
% 169 156442.984619
% 170 156942.495779
% 171 158702.254666
% 172 158012.492981
% 173 157111.219067
% 174 155641.922045
% 175 157734.558481
% 176 155986.862607
% 177 154501.939907
% 178 152215.129153
% 179 153066.791584
% 180 155207.246455
% 181 154706.475846
% 182 155799.596527
% 183 157528.606444
% 184 156523.168366
% 185 159223.406245
% 186 159227.956588
% 187 157568.990602
% 188 158545.605285
% 189 155698.538239
% 190 155835.956850
% 191 157470.451110
% 192 157070.264204
% 193 157420.624572
% 194 156484.599900
% 195 156974.991373
% 196 157400.647896
% 197 157119.463956
% 198 156509.343701
% 199 155019.674837
% 200 158383.069241
% 201 156983.241173
% 202 155160.434170
% 203 158689.925583
% 204 156291.868428
% 205 157713.775095
% 206 154752.566494
% 207 154300.614183
% 208 154207.686469
% 209 154505.225745
% 210 153528.377373
% 211 155382.365841
% 212 154006.875901
% 213 153545.365751
% 214 154808.801231
> Finished 214 generations with 2999304 distance calculations. GA Runtime = 80.8507 sec
> Final distance: 144485.120319
> Final Route:
Truck 0 [len = 37]: 0 --> 17 --> 71 --> 136 --> 3 --> 52 --> 133 --> 87 --> 129 --> 69 --> 65 --> 89 --> 62 --> 112 --> 128 --> 137 --> 120 --> 96 --> 147 --> 2 --> 53 --> 81 --> 64 --> 70 --> 106 --> 29 --> 4 --> 124 --> 56 --> 86 --> 13 --> 82 --> 47 --> 66 --> 26 --> 135 --> 104
Truck 1 [len = 25]: 0 --> 24 --> 105 --> 43 --> 143 --> 12 --> 32 --> 55 --> 21 --> 119 --> 61 --> 74 --> 140 --> 97 --> 30 --> 88 --> 132 --> 72 --> 84 --> 95 --> 75 --> 36 --> 100 --> 115 --> 67
Truck 2 [len = 26]: 0 --> 49 --> 38 --> 125 --> 94 --> 116 --> 34 --> 11 --> 39 --> 142 --> 31 --> 73 --> 46 --> 78 --> 130 --> 101 --> 103 --> 110 --> 23 --> 98 --> 9 --> 48 --> 25 --> 126 --> 90 --> 6
Truck 3 [len = 34]: 0 --> 54 --> 22 --> 141 --> 79 --> 20 --> 131 --> 91 --> 118 --> 117 --> 121 --> 138 --> 18 --> 27 --> 60 --> 109 --> 107 --> 63 --> 68 --> 19 --> 113 --> 7 --> 41 --> 108 --> 59 --> 40 --> 148 --> 42 --> 139 --> 50 --> 102 --> 146 --> 77 --> 122
Truck 4 [len = 32]: 0 --> 10 --> 14 --> 83 --> 35 --> 5 --> 37 --> 15 --> 58 --> 76 --> 44 --> 111 --> 45 --> 33 --> 114 --> 99 --> 144 --> 1 --> 57 --> 92 --> 93 --> 123 --> 85 --> 149 --> 8 --> 16 --> 127 --> 80 --> 134 --> 145 --> 51 --> 28
> Generation - Distance curve saved to fig/mtsp150_baseline_30_5_1000_100_10_20211216_16_50_57/20211216_16_50_58.png.
