--> Running ID = 23
> Loading cities from instances/mtsp150.txt
	>> 150 cities in total to be loaded
> 150 cities loaded from instances/mtsp150.txt
> Initial distance: 268298.017956
> Starting running GA.
	>> cities = 150, salesmen = 5
	>> Generations = 1000, PopulationSize = 100, TournamentSize = 10
# Generation Distance
% 1 263240.373052
% 2 259213.490245
% 3 254559.482648
% 4 252332.706218
% 5 251121.482253
% 6 250460.815680
% 7 244996.507541
% 8 241251.259296
% 9 237062.001981
% 10 234352.047377
% 11 233384.844032
% 12 232451.928137
% 13 229096.089860
% 14 225519.815947
% 15 223759.254889
% 16 221366.677259
% 17 220597.694364
% 18 215824.407104
% 19 216626.157177
% 20 213553.642836
% 21 211871.621742
% 22 212191.824333
% 23 211255.247841
% 24 206618.381554
% 25 207051.922708
% 26 203840.882427
% 27 204715.852253
% 28 200939.757713
% 29 200029.708995
% 30 199825.237669
% 31 199893.709375
% 32 198314.131833
% 33 195514.123079
% 34 192281.779416
% 35 193687.043420
% 36 193941.341356
% 37 193454.395509
% 38 192558.870160
% 39 192634.554409
% 40 192887.135564
% 41 191928.284692
% 42 192484.968785
% 43 191747.654439
% 44 193422.012571
% 45 192733.178534
% 46 192197.112548
% 47 192227.567362
% 48 188497.786679
% 49 190545.568325
% 50 190298.631926
% 51 189328.825412
% 52 190205.061539
% 53 187094.926189
% 54 186076.716604
% 55 185485.142661
% 56 185992.728673
% 57 185455.406638
% 58 183923.022129
% 59 182978.185142
% 60 185089.946825
% 61 182815.306903
% 62 183086.114956
% 63 180300.479293
% 64 177851.937236
% 65 178313.868720
% 66 179228.237577
% 67 177434.420571
% 68 176318.546411
% 69 176093.189854
% 70 173992.431103
% 71 175792.755787
% 72 173513.341884
% 73 174733.223340
% 74 172310.568243
% 75 171848.511316
% 76 172887.361677
% 77 174047.589414
% 78 174642.705058
% 79 173941.123446
% 80 173929.828077
% 81 174365.626039
% 82 173230.522663
% 83 174821.108200
% 84 168838.901855
% 85 168615.030071
% 86 171798.925716
% 87 169944.404207
% 88 169114.434162
% 89 168406.098262
% 90 168711.978395
% 91 168512.533308
% 92 165658.920311
% 93 164245.941066
% 94 164999.989067
% 95 164991.890926
% 96 164138.641964
% 97 164517.797394
% 98 164913.652850
% 99 166895.083110
% 100 168019.636204
% 101 166977.634156
% 102 169209.386138
% 103 168219.777782
% 104 165130.087996
% 105 167598.129928
% 106 168049.396877
% 107 167137.846651
% 108 168876.412961
% 109 168387.651403
% 110 166531.065850
% 111 165657.928045
% 112 163965.604351
% 113 164558.721684
% 114 162824.047895
% 115 163749.135816
% 116 165790.283086
% 117 163678.949095
% 118 164840.705528
% 119 164000.784157
% 120 161237.035331
% 121 161486.582196
% 122 158793.355843
% 123 160044.304961
% 124 161400.571427
% 125 162073.591927
% 126 164879.231603
% 127 161614.110393
% 128 162149.099132
% 129 158670.058904
% 130 159342.939729
% 131 161222.297690
% 132 158512.900075
% 133 156635.228471
% 134 156553.774601
% 135 160793.600872
% 136 159731.965011
% 137 159135.210997
% 138 155019.078713
% 139 155376.448050
% 140 156547.305060
% 141 158998.696291
% 142 159517.695712
% 143 157705.504886
% 144 157586.707212
% 145 156047.562349
% 146 160263.653507
% 147 159024.597603
% 148 157559.625947
% 149 157062.379623
% 150 156235.932355
% 151 155321.874799
% 152 155991.963321
% 153 157556.880111
% 154 157746.272036
% 155 159076.071572
% 156 159140.429721
% 157 158953.815459
% 158 160113.232008
% 159 158468.127803
% 160 156616.809152
% 161 154199.193770
% 162 155837.856563
% 163 152391.200002
% 164 152687.071629
% 165 150146.939692
% 166 152699.348372
% 167 153333.521230
% 168 153764.431185
% 169 156252.199017
% 170 154209.012443
% 171 153223.721508
% 172 154473.452902
% 173 156050.631470
% 174 153177.889855
% 175 155915.166696
% 176 154083.545767
% 177 151792.623186
% 178 150844.615473
% 179 150731.852094
% 180 151234.701012
% 181 151145.390453
% 182 151328.637408
% 183 147831.696128
% 184 148263.933528
% 185 148626.131185
% 186 148834.720363
% 187 149016.663652
% 188 149559.953555
% 189 150725.718620
% 190 149605.808351
% 191 152362.174020
% 192 152923.661271
% 193 153887.489268
% 194 153301.586503
% 195 152955.649933
% 196 150657.315675
% 197 149747.321129
% 198 149695.810167
% 199 147832.487558
% 200 148757.495519
% 201 146540.774999
% 202 149472.741620
% 203 150015.173662
% 204 147444.174080
% 205 148740.129532
% 206 148956.529844
% 207 147189.903054
% 208 144810.947355
% 209 145882.172816
% 210 148802.638217
% 211 145529.309797
% 212 146441.310142
% 213 147522.783712
% 214 146172.813329
> Finished 214 generations with 2999304 distance calculations. GA Runtime = 79.8591 sec
> Final distance: 144810.947355
> Final Route:
Truck 0 [len = 40]: 0 --> 6 --> 112 --> 39 --> 1 --> 147 --> 130 --> 90 --> 27 --> 46 --> 22 --> 109 --> 13 --> 106 --> 80 --> 94 --> 34 --> 138 --> 126 --> 83 --> 96 --> 128 --> 89 --> 133 --> 65 --> 69 --> 121 --> 41 --> 17 --> 98 --> 129 --> 142 --> 30 --> 35 --> 101 --> 5 --> 131 --> 73 --> 140 --> 78
Truck 1 [len = 21]: 0 --> 40 --> 86 --> 29 --> 11 --> 55 --> 32 --> 84 --> 122 --> 33 --> 116 --> 82 --> 70 --> 145 --> 42 --> 114 --> 134 --> 144 --> 54 --> 24 --> 50
Truck 2 [len = 23]: 0 --> 76 --> 8 --> 119 --> 61 --> 104 --> 21 --> 95 --> 68 --> 45 --> 26 --> 16 --> 38 --> 143 --> 72 --> 63 --> 58 --> 25 --> 52 --> 81 --> 132 --> 74 --> 87
Truck 3 [len = 37]: 0 --> 149 --> 59 --> 103 --> 14 --> 137 --> 88 --> 9 --> 23 --> 31 --> 7 --> 37 --> 108 --> 10 --> 57 --> 67 --> 107 --> 79 --> 91 --> 20 --> 62 --> 71 --> 118 --> 117 --> 3 --> 18 --> 93 --> 110 --> 136 --> 123 --> 15 --> 113 --> 85 --> 48 --> 2 --> 53 --> 43
Truck 4 [len = 33]: 0 --> 141 --> 66 --> 77 --> 139 --> 36 --> 125 --> 49 --> 28 --> 56 --> 124 --> 92 --> 115 --> 60 --> 12 --> 100 --> 127 --> 99 --> 47 --> 97 --> 44 --> 64 --> 75 --> 105 --> 51 --> 111 --> 146 --> 135 --> 120 --> 4 --> 102 --> 148 --> 19
> Generation - Distance curve saved to fig/mtsp150_baseline_30_5_1000_100_10_20211216_16_50_57/20211216_17_21_15.png.
