--> Running ID = 14
> Loading cities from instances/mtsp150.txt
	>> 150 cities in total to be loaded
> 150 cities loaded from instances/mtsp150.txt
> Initial distance: 266290.231448
> Starting running GA.
	>> cities = 150, salesmen = 5
	>> Generations = 1000, PopulationSize = 100, TournamentSize = 10
# Generation Distance
% 1 261322.186604
% 2 258621.148963
% 3 253004.463126
% 4 246296.269576
% 5 242766.323428
% 6 240470.498604
% 7 236237.203095
% 8 232333.871915
% 9 228251.974815
% 10 228297.413974
% 11 226829.691651
% 12 222077.092352
% 13 215869.416363
% 14 214858.199694
% 15 215262.203791
% 16 212983.445447
% 17 213585.498582
% 18 210147.330259
% 19 210123.178850
% 20 203862.529109
% 21 199438.399737
% 22 200555.540843
% 23 195860.456461
% 24 196445.524700
% 25 193317.787827
% 26 190556.791333
% 27 189087.228453
% 28 189327.564774
% 29 183769.149610
% 30 178885.476834
% 31 180405.265045
% 32 179503.540746
% 33 180211.823009
% 34 177491.121297
% 35 177601.828033
% 36 176633.617658
% 37 176194.268062
% 38 175438.903649
% 39 174922.859822
% 40 174208.547852
% 41 171703.162764
% 42 172116.467229
% 43 171752.537893
% 44 166525.253594
% 45 167178.074533
% 46 163420.470948
% 47 164711.359195
% 48 163103.517976
% 49 161255.244636
% 50 161954.958333
% 51 160639.720126
% 52 161738.417900
% 53 161477.270071
% 54 162420.087319
% 55 159957.187920
% 56 161283.648048
% 57 160342.887706
% 58 157322.122875
% 59 157254.015753
% 60 155167.483036
% 61 158677.395222
% 62 157948.883037
% 63 158742.155884
% 64 157851.696761
% 65 157907.521132
% 66 156879.843443
% 67 156824.473322
% 68 155261.591579
% 69 158708.443498
% 70 153943.439757
% 71 156663.503971
% 72 157609.306354
% 73 156463.367457
% 74 157639.785440
% 75 157370.750578
% 76 155856.002696
% 77 153719.473070
% 78 154899.103688
% 79 152627.145327
% 80 153442.591310
% 81 153205.005199
% 82 154900.151793
% 83 152355.723860
% 84 152557.397241
% 85 151953.205918
% 86 151341.278036
% 87 151794.024179
% 88 151055.553934
% 89 150843.450529
% 90 147820.046579
% 91 149945.908363
% 92 150736.792581
% 93 148230.205613
% 94 149184.271472
% 95 148062.945871
% 96 149848.354579
% 97 146442.302762
% 98 149200.407723
% 99 148352.162354
% 100 152134.864592
% 101 149022.616124
% 102 149999.747999
% 103 150346.066950
% 104 148792.367754
% 105 152400.567417
% 106 152415.533797
% 107 154307.397051
% 108 153217.548785
% 109 155254.357638
% 110 155800.032494
% 111 154847.230179
% 112 154558.594770
% 113 156215.870610
% 114 156613.609587
% 115 158060.256722
% 116 158054.112548
% 117 157304.908336
% 118 159748.756245
% 119 156983.999014
% 120 158030.587436
% 121 156925.893309
% 122 159314.111328
% 123 158938.117176
% 124 157120.164011
% 125 159329.895016
% 126 160712.182676
% 127 161712.274059
% 128 162030.364991
% 129 160194.832869
% 130 160314.836787
% 131 157185.292405
% 132 159004.594516
% 133 156352.143689
% 134 158493.332857
% 135 156001.673174
% 136 157791.613182
% 137 160026.299187
% 138 160106.840707
% 139 158883.554422
% 140 156985.799476
% 141 156493.039255
% 142 155830.745669
% 143 154592.403626
% 144 154822.686070
% 145 154716.444439
% 146 154100.665727
% 147 153300.500275
% 148 154475.372172
% 149 154790.152918
% 150 154157.170467
% 151 150817.226185
% 152 151544.978023
% 153 149435.570333
% 154 149742.243169
% 155 150300.506034
% 156 151549.869670
% 157 150589.301864
% 158 148686.099667
% 159 149720.104198
% 160 149817.181920
% 161 147847.683085
% 162 146019.405814
% 163 147777.258431
% 164 145834.562674
% 165 144953.993684
% 166 148242.455378
% 167 145789.684594
% 168 146720.901613
% 169 147084.496247
% 170 146639.099694
% 171 145973.874460
% 172 145536.193743
% 173 149287.285653
% 174 146607.150871
% 175 145841.821148
% 176 147507.666695
% 177 149217.118490
% 178 147762.857067
% 179 146920.277234
% 180 147849.257211
% 181 147133.071576
% 182 146789.672631
% 183 145292.741823
% 184 146620.264326
% 185 148658.647800
% 186 148954.038652
% 187 149837.384940
% 188 151413.526757
% 189 151198.689990
% 190 150379.296533
% 191 150536.839307
% 192 152689.854378
% 193 154930.653461
% 194 150444.982721
% 195 151098.423715
% 196 152641.189012
% 197 153820.879851
% 198 151367.616557
% 199 151229.306200
% 200 151895.699064
% 201 151062.445741
% 202 150869.680935
% 203 150471.354247
% 204 153435.463440
% 205 149476.957081
% 206 151190.464534
% 207 148961.332331
% 208 147791.141862
% 209 146126.328106
% 210 146689.119681
% 211 146955.587077
% 212 150046.877893
% 213 148066.937983
> Finished 213 generations with 2987908 distance calculations. GA Runtime = 81.1070 sec
> Final distance: 144953.993684
> Final Route:
Truck 0 [len = 27]: 0 --> 92 --> 69 --> 123 --> 14 --> 58 --> 126 --> 37 --> 101 --> 60 --> 39 --> 43 --> 2 --> 66 --> 28 --> 104 --> 47 --> 16 --> 54 --> 68 --> 18 --> 117 --> 121 --> 93 --> 52 --> 65 --> 78
Truck 1 [len = 37]: 0 --> 130 --> 9 --> 98 --> 27 --> 63 --> 149 --> 103 --> 71 --> 25 --> 83 --> 113 --> 136 --> 7 --> 147 --> 88 --> 1 --> 95 --> 81 --> 64 --> 100 --> 125 --> 146 --> 51 --> 21 --> 80 --> 77 --> 29 --> 13 --> 105 --> 145 --> 56 --> 135 --> 99 --> 119 --> 42 --> 70
Truck 2 [len = 23]: 0 --> 53 --> 55 --> 120 --> 124 --> 111 --> 26 --> 127 --> 90 --> 32 --> 4 --> 75 --> 72 --> 137 --> 148 --> 106 --> 134 --> 48 --> 89 --> 10 --> 140 --> 85 --> 57
Truck 3 [len = 30]: 0 --> 33 --> 11 --> 114 --> 19 --> 116 --> 49 --> 144 --> 84 --> 76 --> 141 --> 41 --> 142 --> 118 --> 3 --> 133 --> 30 --> 20 --> 6 --> 44 --> 34 --> 82 --> 45 --> 8 --> 38 --> 115 --> 36 --> 86 --> 61 --> 40
Truck 4 [len = 37]: 0 --> 107 --> 138 --> 128 --> 35 --> 50 --> 67 --> 139 --> 73 --> 87 --> 74 --> 96 --> 112 --> 5 --> 23 --> 15 --> 17 --> 110 --> 62 --> 131 --> 132 --> 143 --> 122 --> 22 --> 59 --> 94 --> 12 --> 102 --> 24 --> 97 --> 46 --> 31 --> 79 --> 91 --> 129 --> 108 --> 109
> Generation - Distance curve saved to fig/mtsp150_baseline_30_5_1000_100_10_20211216_16_50_57/20211216_17_08_49.png.
