--> Running ID = 17
> Loading cities from instances/mtsp150.txt
	>> 150 cities in total to be loaded
> 150 cities loaded from instances/mtsp150.txt
> Initial distance: 276958.631667
> Starting running GA.
	>> cities = 150, salesmen = 5
	>> Generations = 1000, PopulationSize = 100, TournamentSize = 10
# Generation Distance
% 1 276763.564003
% 2 275347.214384
% 3 274416.187925
% 4 267665.116677
% 5 261639.421176
% 6 257610.028186
% 7 252423.146435
% 8 248564.075820
% 9 239689.517962
% 10 237147.804740
% 11 230319.754467
% 12 229198.658803
% 13 226702.377358
% 14 227005.153686
% 15 226107.496342
% 16 223590.373164
% 17 221502.261461
% 18 217663.072011
% 19 213472.259311
% 20 213812.022411
% 21 213249.784738
% 22 211609.243554
% 23 208782.708426
% 24 209087.420114
% 25 206467.970158
% 26 205349.465065
% 27 201842.492752
% 28 201114.479389
% 29 199234.651949
% 30 199310.108953
% 31 198525.488335
% 32 195710.659391
% 33 193950.838492
% 34 189632.863033
% 35 186544.306768
% 36 187951.667919
% 37 187450.827482
% 38 186740.475860
% 39 185637.801457
% 40 183928.550842
% 41 180148.163147
% 42 179566.749011
% 43 178964.466632
% 44 179615.295495
% 45 180823.129405
% 46 177646.496433
% 47 178344.022869
% 48 174902.738655
% 49 174332.601541
% 50 170409.765609
% 51 168633.901623
% 52 166321.826194
% 53 169508.623574
% 54 169624.092139
% 55 169772.424452
% 56 169909.509355
% 57 168590.077183
% 58 167411.254855
% 59 165404.414867
% 60 162938.641651
% 61 165829.285107
% 62 163467.634766
% 63 164068.843209
% 64 163699.473181
% 65 161504.528578
% 66 161568.053279
% 67 157572.166344
% 68 159397.874983
% 69 158259.494215
% 70 157454.662901
% 71 156656.338785
% 72 158264.813583
% 73 158421.435654
% 74 160170.511104
% 75 156381.644744
% 76 156155.911044
% 77 156422.296765
% 78 156177.220494
% 79 153340.908348
% 80 152810.548668
% 81 149605.064045
% 82 149862.944522
% 83 148944.070356
% 84 150139.442839
% 85 148955.069112
% 86 148761.149306
% 87 149803.648697
% 88 145535.457891
% 89 145399.222289
% 90 144402.904474
% 91 146393.771533
% 92 144521.600113
% 93 147415.226014
% 94 145584.510680
% 95 145383.024838
% 96 144020.211045
% 97 144726.037313
% 98 144621.511495
% 99 145927.960742
% 100 148010.388965
% 101 145979.525256
% 102 145657.930515
% 103 147861.898209
% 104 148015.155894
% 105 145719.281033
% 106 144355.362217
% 107 144479.963674
% 108 144441.784338
% 109 144976.778659
% 110 144265.436149
% 111 146001.282147
% 112 147615.276483
% 113 144235.174458
% 114 146550.611588
% 115 144345.901793
% 116 143087.389538
% 117 145113.840512
% 118 148404.086572
% 119 144742.409149
% 120 142191.760838
% 121 143576.971022
% 122 145226.187569
% 123 145347.761120
% 124 145389.568258
% 125 147870.037654
% 126 147118.141781
% 127 147177.843314
% 128 147839.452281
% 129 144261.600702
% 130 147105.762327
% 131 148110.179706
% 132 149314.590971
% 133 147779.186910
% 134 149021.864092
% 135 148466.398537
% 136 149814.105191
% 137 152766.307078
% 138 154607.067302
% 139 151810.283579
% 140 149270.383236
% 141 150039.167062
% 142 148316.910246
% 143 151182.288658
% 144 148486.324480
% 145 149958.223203
% 146 150836.614169
% 147 145688.630874
% 148 150434.963055
% 149 150025.674634
% 150 149665.314253
% 151 146794.338418
% 152 147053.440647
% 153 146182.555564
% 154 147794.827499
% 155 144369.956768
% 156 148842.933463
% 157 148995.218951
% 158 148102.799667
% 159 149434.626058
% 160 146323.773681
% 161 145262.124241
% 162 147112.169029
% 163 142833.221827
% 164 146875.003985
% 165 147006.781786
% 166 144227.285306
% 167 146331.357100
% 168 145414.547741
% 169 144939.351638
% 170 148821.148912
% 171 150341.325658
% 172 150746.055548
% 173 153469.216681
% 174 149770.398343
% 175 150237.531090
% 176 151663.891915
% 177 151018.064620
% 178 152077.533827
% 179 154701.773443
% 180 152967.730890
% 181 153741.045310
% 182 152363.190855
% 183 155329.093257
% 184 151093.191692
% 185 150459.975876
% 186 150012.552455
% 187 151339.948271
% 188 152307.220441
% 189 154095.760508
% 190 152350.037106
% 191 153498.832600
% 192 152401.750884
% 193 154991.711352
% 194 154747.485322
% 195 154637.323146
% 196 155699.993939
% 197 153098.422083
% 198 153233.992648
% 199 155349.313785
% 200 154787.648854
% 201 155061.685006
% 202 153604.214614
% 203 156210.439577
% 204 154877.599621
% 205 158560.180998
% 206 157424.629371
% 207 158831.201189
% 208 157115.335951
% 209 155090.497669
% 210 155101.781591
% 211 154510.797721
% 212 154001.990542
% 213 152872.577226
> Finished 213 generations with 2986522 distance calculations. GA Runtime = 77.4991 sec
> Final distance: 142191.760838
> Final Route:
Truck 0 [len = 18]: 0 --> 107 --> 56 --> 16 --> 139 --> 134 --> 75 --> 105 --> 55 --> 4 --> 120 --> 64 --> 47 --> 21 --> 144 --> 19 --> 50 --> 116
Truck 1 [len = 28]: 0 --> 13 --> 68 --> 40 --> 82 --> 51 --> 11 --> 26 --> 28 --> 80 --> 33 --> 8 --> 148 --> 84 --> 48 --> 62 --> 10 --> 35 --> 20 --> 23 --> 87 --> 108 --> 34 --> 44 --> 59 --> 129 --> 15 --> 31
Truck 2 [len = 32]: 0 --> 109 --> 79 --> 43 --> 32 --> 111 --> 27 --> 76 --> 85 --> 113 --> 91 --> 30 --> 118 --> 117 --> 110 --> 93 --> 17 --> 96 --> 78 --> 18 --> 5 --> 142 --> 3 --> 128 --> 71 --> 37 --> 89 --> 123 --> 52 --> 137 --> 39 --> 57
Truck 3 [len = 38]: 0 --> 83 --> 140 --> 133 --> 9 --> 58 --> 126 --> 103 --> 138 --> 147 --> 2 --> 12 --> 127 --> 61 --> 70 --> 145 --> 94 --> 60 --> 88 --> 130 --> 14 --> 115 --> 53 --> 132 --> 7 --> 65 --> 69 --> 112 --> 98 --> 90 --> 46 --> 42 --> 146 --> 24 --> 143 --> 149 --> 6 --> 22
Truck 4 [len = 38]: 0 --> 67 --> 141 --> 92 --> 1 --> 63 --> 72 --> 119 --> 54 --> 95 --> 124 --> 36 --> 136 --> 41 --> 121 --> 74 --> 131 --> 25 --> 101 --> 73 --> 97 --> 114 --> 122 --> 99 --> 29 --> 77 --> 81 --> 104 --> 86 --> 66 --> 49 --> 38 --> 106 --> 102 --> 100 --> 125 --> 135 --> 45
> Generation - Distance curve saved to fig/mtsp150_baseline_30_5_1000_100_10_20211216_16_50_57/20211216_17_12_59.png.
