--> Running ID = 11
> Loading cities from instances/mtsp150.txt
	>> 150 cities in total to be loaded
> 150 cities loaded from instances/mtsp150.txt
> Initial distance: 273257.316168
> Starting running GA.
	>> cities = 150, salesmen = 5
	>> Generations = 1000, PopulationSize = 100, TournamentSize = 10
# Generation Distance
% 1 270186.263633
% 2 267871.587400
% 3 265072.130285
% 4 261573.325613
% 5 257119.306112
% 6 251016.743887
% 7 251051.509982
% 8 245892.450628
% 9 242693.637183
% 10 237426.994749
% 11 235138.835021
% 12 233656.027636
% 13 231154.477527
% 14 230794.477130
% 15 225342.270333
% 16 223510.072714
% 17 222916.366236
% 18 220913.069789
% 19 219906.206967
% 20 219396.358966
% 21 221606.251069
% 22 213357.749082
% 23 212455.118953
% 24 211985.813625
% 25 210534.099117
% 26 210446.985354
% 27 210881.886751
% 28 208432.563922
% 29 204554.961211
% 30 204451.835318
% 31 203375.401828
% 32 200255.332666
% 33 198691.825539
% 34 200028.542147
% 35 198500.251144
% 36 195486.768290
% 37 195465.892102
% 38 195266.244273
% 39 195450.461510
% 40 193762.973142
% 41 194865.823693
% 42 192316.014191
% 43 192782.728045
% 44 191104.760028
% 45 189812.878058
% 46 188520.301111
% 47 182090.485196
% 48 180752.678284
% 49 183197.549663
% 50 180307.443081
% 51 180377.256927
% 52 177037.156368
% 53 175554.541404
% 54 174796.006195
% 55 175274.050408
% 56 175263.418168
% 57 173781.716319
% 58 171170.012406
% 59 169881.626523
% 60 172536.493414
% 61 170867.020768
% 62 170949.533595
% 63 171231.897975
% 64 172317.022421
% 65 172645.693982
% 66 170132.477435
% 67 171728.559908
% 68 170745.977853
% 69 167269.848282
% 70 167854.374877
% 71 167075.820029
% 72 165081.253065
% 73 163072.704843
% 74 164996.089936
% 75 163542.269375
% 76 163662.812796
% 77 162763.805225
% 78 161424.645489
% 79 160339.621122
% 80 161859.989053
% 81 164816.675577
% 82 163067.232184
% 83 164016.397331
% 84 162996.216400
% 85 163852.059426
% 86 160564.569310
% 87 162165.388724
% 88 162281.864311
% 89 162809.263735
% 90 162840.897304
% 91 161207.164862
% 92 158734.590329
% 93 160999.234929
% 94 160040.916152
% 95 158806.874112
% 96 159301.920486
% 97 160262.253385
% 98 160109.117771
% 99 162549.363279
% 100 159867.237361
% 101 159961.466485
% 102 158914.767433
% 103 160023.183903
% 104 160723.806373
% 105 163929.791400
% 106 163883.913782
% 107 162256.065190
% 108 160383.799996
% 109 160514.086546
% 110 154405.343567
% 111 154469.567643
% 112 155316.153543
% 113 152856.122946
% 114 150529.335008
% 115 149779.893887
% 116 152151.055729
% 117 149419.247544
% 118 150507.753053
% 119 149463.377731
% 120 150215.439070
% 121 148813.002596
% 122 149972.484695
% 123 150873.040871
% 124 149137.960314
% 125 149350.212697
% 126 147172.916074
% 127 149023.006648
% 128 145722.572468
% 129 148292.379654
% 130 145874.940422
% 131 145013.687139
% 132 145130.081569
% 133 141032.326182
% 134 144984.158929
% 135 142661.136796
% 136 143692.546518
% 137 141513.720545
% 138 140918.994140
% 139 142423.883928
% 140 140734.978538
% 141 141911.241146
% 142 141436.398499
% 143 145555.132162
% 144 148003.896907
% 145 149674.428951
% 146 147165.977309
% 147 149367.196704
% 148 150097.399844
% 149 150051.739564
% 150 148662.709403
% 151 151506.472739
% 152 151450.241383
% 153 151698.857607
% 154 149988.120463
% 155 151872.570410
% 156 151109.756940
% 157 150974.589018
% 158 151068.095462
% 159 149433.798367
% 160 152471.024410
% 161 153159.552695
% 162 151979.735331
% 163 151649.665310
% 164 151833.855298
% 165 150728.690087
% 166 154297.416959
% 167 154364.436737
% 168 152910.544318
% 169 155504.051907
% 170 153882.324136
% 171 152422.328575
% 172 151965.489371
% 173 152383.200102
% 174 154867.045559
% 175 152787.649421
% 176 151707.144810
% 177 152816.260958
% 178 151812.816586
% 179 153513.110068
% 180 154010.027119
% 181 155073.514746
% 182 154815.764802
% 183 151414.393613
% 184 150690.809286
% 185 151230.041759
% 186 151062.698748
% 187 152121.254055
% 188 149512.950288
% 189 150750.482591
% 190 151661.945118
% 191 152732.716224
% 192 150585.539223
% 193 154378.444694
% 194 155180.726805
% 195 155348.131870
% 196 156102.779864
% 197 156342.906514
% 198 155573.881315
% 199 155985.732379
% 200 156629.116465
% 201 152393.435129
% 202 149472.725399
% 203 153729.928098
% 204 151609.807086
% 205 150644.927730
% 206 147962.738445
% 207 151756.111298
% 208 150479.930768
% 209 153147.364835
% 210 153093.444123
% 211 151641.943451
% 212 150145.503334
% 213 149582.306541
% 214 147880.351083
> Finished 214 generations with 2997610 distance calculations. GA Runtime = 78.4153 sec
> Final distance: 140734.978538
> Final Route:
Truck 0 [len = 26]: 0 --> 89 --> 136 --> 35 --> 15 --> 98 --> 73 --> 31 --> 94 --> 56 --> 54 --> 106 --> 84 --> 120 --> 66 --> 95 --> 75 --> 4 --> 125 --> 104 --> 122 --> 87 --> 62 --> 79 --> 149 --> 76
Truck 1 [len = 39]: 0 --> 148 --> 82 --> 145 --> 127 --> 45 --> 70 --> 100 --> 12 --> 58 --> 83 --> 5 --> 92 --> 11 --> 42 --> 34 --> 33 --> 22 --> 10 --> 14 --> 126 --> 20 --> 91 --> 112 --> 23 --> 65 --> 128 --> 132 --> 88 --> 19 --> 6 --> 59 --> 113 --> 97 --> 109 --> 119 --> 114 --> 16 --> 85
Truck 2 [len = 34]: 0 --> 130 --> 138 --> 69 --> 131 --> 101 --> 133 --> 37 --> 18 --> 52 --> 123 --> 121 --> 30 --> 7 --> 147 --> 146 --> 105 --> 64 --> 29 --> 47 --> 21 --> 26 --> 86 --> 49 --> 115 --> 139 --> 60 --> 24 --> 116 --> 46 --> 140 --> 102 --> 13 --> 144
Truck 3 [len = 32]: 0 --> 67 --> 39 --> 68 --> 142 --> 3 --> 117 --> 96 --> 48 --> 118 --> 17 --> 110 --> 25 --> 108 --> 71 --> 78 --> 44 --> 8 --> 90 --> 2 --> 129 --> 61 --> 135 --> 51 --> 38 --> 50 --> 27 --> 141 --> 72 --> 53 --> 81 --> 77
Truck 4 [len = 23]: 0 --> 57 --> 103 --> 74 --> 9 --> 93 --> 41 --> 63 --> 1 --> 43 --> 143 --> 36 --> 32 --> 28 --> 55 --> 124 --> 40 --> 134 --> 137 --> 107 --> 111 --> 80 --> 99
> Generation - Distance curve saved to fig/mtsp150_baseline_30_5_1000_100_10_20211216_16_50_57/20211216_17_04_40.png.
