--> Running ID = 25
> Loading cities from instances/mtsp150.txt
	>> 150 cities in total to be loaded
> 150 cities loaded from instances/mtsp150.txt
> Initial distance: 270192.107808
> Starting running GA.
	>> cities = 150, salesmen = 5
	>> Generations = 1000, PopulationSize = 100, TournamentSize = 10
# Generation Distance
% 1 268709.101673
% 2 264509.378457
% 3 262782.657291
% 4 258722.957782
% 5 255184.216891
% 6 251649.649202
% 7 248702.205698
% 8 247217.943461
% 9 244855.709864
% 10 241431.120338
% 11 239737.625845
% 12 236578.515475
% 13 234558.040405
% 14 232263.766989
% 15 228176.874984
% 16 227019.758703
% 17 223066.455114
% 18 221704.421834
% 19 222525.740967
% 20 220374.295313
% 21 217891.938047
% 22 216175.857603
% 23 214834.115816
% 24 214893.461174
% 25 213289.123633
% 26 211635.382280
% 27 210010.602261
% 28 207077.281424
% 29 207567.698616
% 30 208156.374396
% 31 209266.207848
% 32 208214.160256
% 33 206598.284218
% 34 202837.416610
% 35 200832.131841
% 36 196528.923145
% 37 195605.514846
% 38 195284.205157
% 39 196216.647374
% 40 196564.528775
% 41 195871.840707
% 42 195336.521528
% 43 194914.306498
% 44 194828.652606
% 45 191801.613833
% 46 187850.208743
% 47 188331.320885
% 48 188807.702334
% 49 187379.772494
% 50 188206.278552
% 51 185420.622620
% 52 185399.429711
% 53 182621.401688
% 54 183267.747230
% 55 181762.183438
% 56 180419.895367
% 57 180348.749794
% 58 180157.481111
% 59 181026.899826
% 60 177851.904165
% 61 175948.173186
% 62 174348.863609
% 63 175129.000820
% 64 171599.150802
% 65 170762.282838
% 66 169664.299346
% 67 170404.321937
% 68 170444.685572
% 69 166426.555929
% 70 163755.540994
% 71 166244.817746
% 72 163379.427000
% 73 160882.459170
% 74 156404.563397
% 75 158861.612369
% 76 158969.676885
% 77 159916.595159
% 78 158854.195457
% 79 156966.313854
% 80 158483.804832
% 81 155581.468030
% 82 153837.515056
% 83 152434.963081
% 84 150221.297532
% 85 149432.289054
% 86 148784.029544
% 87 148364.658319
% 88 146244.029674
% 89 146367.873320
% 90 147789.878986
% 91 144791.220868
% 92 145883.975415
% 93 146374.080577
% 94 145362.630487
% 95 146443.972485
% 96 144857.525733
% 97 143520.116596
% 98 144930.513354
% 99 145255.958892
% 100 144684.697376
% 101 144281.085197
% 102 147036.054165
% 103 146587.071426
% 104 146273.561806
% 105 145660.094261
% 106 146915.980434
% 107 147773.189098
% 108 145150.649562
% 109 146030.375976
% 110 146462.559778
% 111 146096.958211
% 112 147228.430109
% 113 147100.333985
% 114 145335.844055
% 115 145965.176602
% 116 148054.706663
% 117 143666.390563
% 118 147429.592627
% 119 146729.650033
% 120 147750.984115
% 121 147311.502920
% 122 148277.643609
% 123 142504.254097
% 124 145462.371737
% 125 143732.378886
% 126 144544.102777
% 127 146205.869140
% 128 148137.154999
% 129 149256.238734
% 130 149325.889427
% 131 150257.465321
% 132 149765.178273
% 133 150068.168901
% 134 146550.622278
% 135 148020.649892
% 136 144095.000680
% 137 143448.916145
% 138 145622.331394
% 139 144113.343488
% 140 145430.679098
% 141 148963.617075
% 142 146498.181488
% 143 146619.065964
% 144 149311.498895
% 145 149740.337176
% 146 148355.105320
% 147 147268.920708
% 148 148439.132210
% 149 145811.262404
% 150 147622.657610
% 151 147580.742490
% 152 148014.838026
% 153 150442.167243
% 154 151327.046641
% 155 151616.486307
% 156 151552.783899
% 157 150518.939241
% 158 149496.190562
% 159 149914.141864
% 160 149261.502662
% 161 150497.332091
% 162 148943.507082
% 163 149090.745240
% 164 147028.611640
% 165 144474.064845
% 166 145378.991504
% 167 146980.653136
% 168 144696.892987
% 169 145552.978616
% 170 146369.671685
% 171 147659.735004
% 172 149362.533423
% 173 151379.006912
% 174 151453.783431
% 175 150339.796957
% 176 147891.487879
% 177 144337.696414
% 178 146036.585569
% 179 146279.022852
% 180 147773.623200
% 181 148083.994525
% 182 147188.035337
% 183 145935.674257
% 184 148318.319120
% 185 148318.075600
% 186 147874.352936
% 187 145357.625805
% 188 146479.991973
% 189 148341.566376
% 190 148688.503741
% 191 149777.822894
% 192 151130.444165
% 193 149367.977246
% 194 149807.772454
% 195 148908.866293
% 196 151723.173126
% 197 151762.626744
% 198 152991.868898
% 199 153414.752147
% 200 153401.745488
% 201 150816.078271
% 202 151982.565942
% 203 152550.442538
% 204 155369.905281
% 205 152143.279916
% 206 151465.092498
% 207 153006.865180
% 208 150890.624867
% 209 151529.753510
% 210 154135.408746
% 211 153053.798582
% 212 152017.647192
% 213 154045.254259
% 214 151173.447986
> Finished 214 generations with 2996840 distance calculations. GA Runtime = 76.7031 sec
> Final distance: 142504.254097
> Final Route:
Truck 0 [len = 25]: 0 --> 139 --> 72 --> 49 --> 36 --> 95 --> 84 --> 24 --> 74 --> 3 --> 117 --> 69 --> 39 --> 53 --> 137 --> 138 --> 141 --> 92 --> 131 --> 112 --> 7 --> 48 --> 65 --> 15 --> 78
Truck 1 [len = 21]: 0 --> 67 --> 54 --> 82 --> 16 --> 27 --> 130 --> 26 --> 124 --> 66 --> 32 --> 12 --> 102 --> 13 --> 99 --> 70 --> 40 --> 86 --> 45 --> 42 --> 11
Truck 2 [len = 24]: 0 --> 2 --> 60 --> 34 --> 44 --> 37 --> 35 --> 23 --> 18 --> 101 --> 93 --> 136 --> 30 --> 9 --> 89 --> 58 --> 96 --> 147 --> 57 --> 59 --> 97 --> 108 --> 111 --> 144
Truck 3 [len = 39]: 0 --> 90 --> 85 --> 10 --> 46 --> 62 --> 113 --> 126 --> 14 --> 83 --> 73 --> 132 --> 80 --> 135 --> 104 --> 94 --> 33 --> 114 --> 106 --> 119 --> 61 --> 127 --> 6 --> 98 --> 110 --> 31 --> 1 --> 68 --> 29 --> 134 --> 43 --> 22 --> 103 --> 71 --> 17 --> 133 --> 128 --> 52 --> 129
Truck 4 [len = 45]: 0 --> 41 --> 50 --> 143 --> 109 --> 116 --> 63 --> 55 --> 125 --> 81 --> 75 --> 38 --> 47 --> 77 --> 56 --> 51 --> 105 --> 100 --> 64 --> 120 --> 146 --> 21 --> 115 --> 4 --> 28 --> 145 --> 8 --> 148 --> 122 --> 76 --> 88 --> 91 --> 19 --> 5 --> 149 --> 20 --> 25 --> 87 --> 123 --> 118 --> 142 --> 121 --> 79 --> 107 --> 140
> Generation - Distance curve saved to fig/mtsp150_baseline_30_5_1000_100_10_20211216_16_50_57/20211216_17_23_59.png.
