--> Running ID = 2
> Loading cities from instances/mtsp150.txt
	>> 150 cities in total to be loaded
> 150 cities loaded from instances/mtsp150.txt
> Initial distance: 260672.573307
> Starting running GA.
	>> cities = 150, salesmen = 5
	>> Generations = 1000, PopulationSize = 100, TournamentSize = 10
# Generation Distance
% 1 260203.300599
% 2 254775.224131
% 3 251292.414472
% 4 249892.830396
% 5 246570.831400
% 6 241288.480530
% 7 241026.905802
% 8 238798.523221
% 9 232517.508727
% 10 226629.881368
% 11 225817.657252
% 12 223403.000009
% 13 220676.535190
% 14 220354.741814
% 15 218126.237993
% 16 217091.892813
% 17 215554.421677
% 18 207926.914757
% 19 206000.069565
% 20 205500.252541
% 21 205843.127438
% 22 204896.184520
% 23 203502.888805
% 24 201893.451060
% 25 199674.712243
% 26 197126.708168
% 27 195305.657982
% 28 193753.099857
% 29 194307.072995
% 30 194588.446590
% 31 189736.611967
% 32 188760.223232
% 33 188489.730635
% 34 188228.719771
% 35 185778.023759
% 36 186033.428996
% 37 185139.854043
% 38 184257.109229
% 39 180643.126736
% 40 180231.204027
% 41 179557.068714
% 42 179017.107908
% 43 176654.735638
% 44 178340.221177
% 45 178094.735525
% 46 178397.864874
% 47 178151.847446
% 48 177013.629554
% 49 174400.967326
% 50 174436.550094
% 51 172545.007768
% 52 172603.148890
% 53 172674.394422
% 54 170670.430093
% 55 168966.107328
% 56 169766.381963
% 57 169360.656789
% 58 171320.897521
% 59 169537.348209
% 60 169107.895176
% 61 171100.263000
% 62 170911.065474
% 63 168024.299024
% 64 168351.502709
% 65 169000.477263
% 66 169235.086115
% 67 170711.377391
% 68 171455.597032
% 69 168153.607908
% 70 167823.120250
% 71 165011.116084
% 72 167886.378962
% 73 165041.803798
% 74 164929.260656
% 75 164225.569056
% 76 166006.187861
% 77 164177.943479
% 78 163072.817746
% 79 161709.651902
% 80 159507.610160
% 81 161365.299337
% 82 160627.551962
% 83 160993.868684
% 84 161402.738750
% 85 162839.377585
% 86 164794.561785
% 87 162564.732992
% 88 163808.056440
% 89 162062.915650
% 90 162597.109516
% 91 163009.159116
% 92 163489.623362
% 93 163774.812594
% 94 160976.757984
% 95 162946.731843
% 96 163579.353850
% 97 163901.954836
% 98 164339.968424
% 99 164827.799612
% 100 165707.229032
% 101 164157.964911
% 102 163423.726148
% 103 165761.333865
% 104 163782.301764
% 105 164503.923872
% 106 164596.406284
% 107 163831.236003
% 108 163138.575235
% 109 162433.881809
% 110 162880.284424
% 111 161002.406768
% 112 161266.830361
% 113 162957.963644
% 114 164722.286023
% 115 164638.589307
% 116 164481.259862
% 117 162701.965627
% 118 165876.949365
% 119 165274.623494
% 120 162270.949503
% 121 164471.278983
% 122 162175.956783
% 123 164530.739242
% 124 163830.398301
% 125 161619.859112
% 126 163738.828256
% 127 161643.489967
% 128 162833.000775
% 129 160246.582077
% 130 159424.324857
% 131 157954.684065
% 132 158697.285169
% 133 157829.924376
% 134 157984.240576
% 135 160018.013334
% 136 160293.036347
% 137 159534.314468
% 138 157634.646685
% 139 160022.344157
% 140 160227.324359
% 141 160256.018423
% 142 161034.298238
% 143 160372.730046
% 144 163692.894496
% 145 164409.629347
% 146 162259.733233
% 147 164311.200927
% 148 162219.977711
% 149 161935.311034
% 150 160312.314795
% 151 162278.732582
% 152 160580.624067
% 153 161572.916490
% 154 163243.692113
% 155 160078.294617
% 156 162440.870846
% 157 162552.333300
% 158 161092.010591
% 159 160346.205729
% 160 159382.119751
% 161 160619.606864
% 162 162095.070004
% 163 161705.879060
% 164 162758.814211
% 165 159888.908215
% 166 162889.425517
% 167 161435.921244
% 168 159443.034976
% 169 159784.154375
% 170 158958.992482
% 171 159182.343886
% 172 156961.776821
% 173 160463.354927
% 174 159710.244683
% 175 159391.993549
% 176 157671.847514
% 177 159215.789831
% 178 158160.827766
% 179 153705.382771
% 180 153554.900810
% 181 154703.489258
% 182 149899.583966
% 183 151419.297553
% 184 152440.304030
% 185 150172.686443
% 186 148764.122223
% 187 149024.881099
% 188 151095.547547
% 189 151562.726679
% 190 152167.943734
% 191 153420.592049
% 192 153796.355215
% 193 153555.838629
% 194 153043.558246
% 195 155012.108248
% 196 153861.629037
% 197 154072.516101
% 198 153358.792409
% 199 156032.838217
% 200 152571.800817
% 201 152567.040789
% 202 150773.107750
% 203 153159.757724
% 204 149615.037207
% 205 151318.685816
% 206 151757.975016
% 207 153818.291593
% 208 149190.435257
% 209 150264.207379
% 210 150017.016666
% 211 149324.123616
% 212 148711.749202
% 213 145479.607192
% 214 149253.692185
> Finished 214 generations with 2998996 distance calculations. GA Runtime = 79.8403 sec
> Final distance: 145479.607192
> Final Route:
Truck 0 [len = 40]: 0 --> 137 --> 125 --> 11 --> 90 --> 73 --> 131 --> 140 --> 41 --> 141 --> 34 --> 116 --> 43 --> 99 --> 135 --> 24 --> 60 --> 59 --> 134 --> 49 --> 38 --> 109 --> 12 --> 144 --> 61 --> 40 --> 29 --> 33 --> 97 --> 79 --> 81 --> 94 --> 95 --> 111 --> 56 --> 80 --> 105 --> 55 --> 66 --> 1
Truck 1 [len = 24]: 0 --> 5 --> 48 --> 91 --> 112 --> 9 --> 58 --> 71 --> 35 --> 103 --> 130 --> 98 --> 46 --> 136 --> 147 --> 121 --> 23 --> 15 --> 37 --> 17 --> 93 --> 132 --> 30 --> 2
Truck 2 [len = 25]: 0 --> 107 --> 22 --> 148 --> 122 --> 45 --> 106 --> 86 --> 127 --> 51 --> 16 --> 70 --> 119 --> 13 --> 28 --> 104 --> 92 --> 129 --> 69 --> 89 --> 118 --> 3 --> 18 --> 114 --> 19
Truck 3 [len = 18]: 0 --> 50 --> 57 --> 149 --> 78 --> 113 --> 6 --> 110 --> 126 --> 63 --> 72 --> 139 --> 76 --> 108 --> 31 --> 96 --> 65 --> 42
Truck 4 [len = 47]: 0 --> 39 --> 133 --> 74 --> 25 --> 8 --> 53 --> 115 --> 36 --> 68 --> 32 --> 102 --> 100 --> 145 --> 67 --> 27 --> 88 --> 123 --> 142 --> 44 --> 52 --> 128 --> 117 --> 7 --> 138 --> 20 --> 10 --> 101 --> 14 --> 62 --> 83 --> 87 --> 85 --> 143 --> 146 --> 84 --> 47 --> 77 --> 124 --> 26 --> 82 --> 54 --> 120 --> 4 --> 21 --> 75 --> 64
> Generation - Distance curve saved to fig/mtsp150_baseline_30_5_1000_100_10_20211216_16_50_57/20211216_16_52_22.png.
