--> Running ID = 9
> Loading cities from instances/mtsp150.txt
	>> 150 cities in total to be loaded
> 150 cities loaded from instances/mtsp150.txt
> Initial distance: 256665.464786
> Starting running GA.
	>> cities = 150, salesmen = 5
	>> Generations = 1000, PopulationSize = 100, TournamentSize = 10
# Generation Distance
% 1 252789.055274
% 2 252100.878870
% 3 250364.720874
% 4 245420.466320
% 5 243205.097108
% 6 239710.537401
% 7 235213.923352
% 8 232877.556862
% 9 230997.178505
% 10 229892.807795
% 11 230104.603088
% 12 230865.554924
% 13 224296.021746
% 14 220570.732709
% 15 217201.752039
% 16 214878.158542
% 17 212800.194061
% 18 210404.769796
% 19 206298.872248
% 20 205457.106384
% 21 203916.646439
% 22 203431.139321
% 23 197322.824187
% 24 193555.995470
% 25 192263.144563
% 26 189423.151515
% 27 188175.616802
% 28 187785.815749
% 29 187706.101506
% 30 189725.228073
% 31 187620.446922
% 32 187065.808408
% 33 184074.324059
% 34 182494.150781
% 35 181541.871541
% 36 180948.689219
% 37 180180.125119
% 38 178132.338196
% 39 178697.152577
% 40 179073.228917
% 41 175388.387201
% 42 175945.230360
% 43 175246.480651
% 44 174250.235322
% 45 174867.950236
% 46 174752.458159
% 47 175361.266986
% 48 170467.850908
% 49 169758.800663
% 50 171322.780360
% 51 170776.896558
% 52 168993.035320
% 53 170204.037577
% 54 172661.415856
% 55 171903.368435
% 56 170794.476736
% 57 170600.667372
% 58 166112.570426
% 59 166599.244596
% 60 165116.668098
% 61 163617.045888
% 62 162848.823393
% 63 164755.042617
% 64 161088.324870
% 65 163160.846443
% 66 160541.265616
% 67 161598.563942
% 68 159504.656998
% 69 162142.752690
% 70 161381.296481
% 71 160911.731742
% 72 161087.222229
% 73 159390.742917
% 74 161227.371716
% 75 162329.603223
% 76 160366.334058
% 77 160323.590746
% 78 161085.478855
% 79 161065.156413
% 80 160718.134972
% 81 161862.213065
% 82 162480.905347
% 83 161927.987156
% 84 158701.488630
% 85 159901.094577
% 86 157800.989031
% 87 158919.931830
% 88 159338.050934
% 89 157647.857387
% 90 161092.298138
% 91 156671.992050
% 92 158859.220575
% 93 157619.405240
% 94 159042.734698
% 95 155855.983942
% 96 153400.001422
% 97 155578.250655
% 98 156568.352609
% 99 156250.719362
% 100 155249.555974
% 101 156453.585921
% 102 157941.743686
% 103 158653.053965
% 104 156409.155173
% 105 151722.852806
% 106 152088.339948
% 107 155049.425814
% 108 154531.704310
% 109 157034.068904
% 110 155254.121743
% 111 153628.938625
% 112 152164.470570
% 113 153099.135543
% 114 152668.225170
% 115 154196.783145
% 116 153811.101617
% 117 154378.522705
% 118 155346.383515
% 119 152540.807741
% 120 152574.017233
% 121 151356.078040
% 122 150918.348556
% 123 150361.643068
% 124 153293.056571
% 125 153482.397483
% 126 154570.344218
% 127 154546.881986
% 128 153558.273259
% 129 153992.825166
% 130 157031.344407
% 131 155077.696096
% 132 157214.159940
% 133 154135.965462
% 134 156374.028601
% 135 150498.415648
% 136 151559.735556
% 137 150689.678061
% 138 151240.804456
% 139 152368.042652
% 140 150722.023929
% 141 149362.676575
% 142 151691.850166
% 143 150865.230679
% 144 150553.563942
% 145 150253.331877
% 146 150660.666845
% 147 150524.091515
% 148 152453.760577
% 149 150996.036266
% 150 153020.367964
% 151 151111.112610
% 152 153136.134210
% 153 151238.522849
% 154 151380.797689
% 155 150661.954208
% 156 148129.131465
% 157 149872.427725
% 158 153163.289811
% 159 151028.048298
% 160 147610.504372
% 161 148077.021325
% 162 146033.726161
% 163 147700.003793
% 164 146512.672249
% 165 147617.405397
% 166 149323.526590
% 167 148256.407935
% 168 146773.594013
% 169 144557.141685
% 170 145065.941190
% 171 145772.150300
% 172 146356.599988
% 173 143960.116617
% 174 144622.414498
% 175 147297.806908
% 176 149704.001283
% 177 147704.662977
% 178 148672.816859
% 179 145104.707193
% 180 144888.932746
% 181 144966.668755
% 182 147463.250020
% 183 145882.329216
% 184 146389.901323
% 185 145228.139375
% 186 147120.464583
% 187 145908.069064
% 188 145601.483781
% 189 144685.743482
% 190 147278.395223
% 191 148030.608020
% 192 148171.298196
% 193 146573.063611
% 194 147564.405677
% 195 146474.403095
% 196 143885.117720
% 197 144858.520478
% 198 146164.272557
% 199 144866.883171
% 200 144743.635401
% 201 144818.351408
% 202 141320.995449
% 203 145098.930266
% 204 145753.159147
% 205 147705.935194
% 206 148291.504164
% 207 148855.781113
% 208 150383.006234
% 209 149122.573042
% 210 151386.756305
% 211 151860.776767
% 212 154154.893721
% 213 151819.097991
% 214 152635.123533
> Finished 214 generations with 2998072 distance calculations. GA Runtime = 80.5015 sec
> Final distance: 141320.995449
> Final Route:
Truck 0 [len = 29]: 0 --> 104 --> 40 --> 82 --> 86 --> 66 --> 4 --> 47 --> 42 --> 59 --> 111 --> 77 --> 99 --> 125 --> 124 --> 38 --> 95 --> 100 --> 75 --> 55 --> 64 --> 80 --> 106 --> 139 --> 19 --> 6 --> 33 --> 114 --> 11
Truck 1 [len = 22]: 0 --> 69 --> 43 --> 1 --> 88 --> 52 --> 137 --> 92 --> 53 --> 63 --> 121 --> 146 --> 116 --> 57 --> 119 --> 8 --> 107 --> 29 --> 145 --> 134 --> 13 --> 68
Truck 2 [len = 28]: 0 --> 56 --> 51 --> 26 --> 45 --> 136 --> 20 --> 142 --> 98 --> 103 --> 85 --> 148 --> 28 --> 32 --> 141 --> 46 --> 24 --> 138 --> 79 --> 10 --> 44 --> 39 --> 67 --> 54 --> 84 --> 143 --> 81 --> 115
Truck 3 [len = 36]: 0 --> 60 --> 122 --> 16 --> 70 --> 127 --> 144 --> 102 --> 120 --> 12 --> 94 --> 96 --> 65 --> 89 --> 110 --> 73 --> 22 --> 50 --> 34 --> 149 --> 90 --> 112 --> 62 --> 14 --> 9 --> 93 --> 113 --> 76 --> 41 --> 83 --> 140 --> 35 --> 71 --> 37 --> 5 --> 74
Truck 4 [len = 39]: 0 --> 130 --> 97 --> 108 --> 87 --> 25 --> 58 --> 78 --> 27 --> 132 --> 2 --> 72 --> 36 --> 105 --> 21 --> 135 --> 61 --> 49 --> 109 --> 91 --> 30 --> 48 --> 3 --> 123 --> 117 --> 128 --> 118 --> 129 --> 15 --> 101 --> 126 --> 23 --> 17 --> 31 --> 147 --> 18 --> 131 --> 133 --> 7
> Generation - Distance curve saved to fig/mtsp150_baseline_30_5_1000_100_10_20211216_16_50_57/20211216_17_01_55.png.
