--> Running ID = 30
> Loading cities from instances/mtsp150.txt
	>> 150 cities in total to be loaded
> 150 cities loaded from instances/mtsp150.txt
> Initial distance: 273909.177696
> Starting running GA.
	>> cities = 150, salesmen = 5
	>> Generations = 1000, PopulationSize = 100, TournamentSize = 10
# Generation Distance
% 1 276763.447471
% 2 274214.282373
% 3 269763.269434
% 4 266338.506695
% 5 264126.044108
% 6 260915.827582
% 7 258464.725393
% 8 255755.813136
% 9 253979.436958
% 10 251273.164131
% 11 247984.494223
% 12 243848.467759
% 13 243026.975110
% 14 240296.302801
% 15 238046.089868
% 16 237108.896278
% 17 232824.548838
% 18 223639.970899
% 19 222380.430090
% 20 221109.909920
% 21 219231.934272
% 22 215430.057720
% 23 212428.358006
% 24 209894.578054
% 25 208348.931525
% 26 206592.751979
% 27 206478.751529
% 28 205271.174751
% 29 204948.242828
% 30 203243.234343
% 31 200252.427332
% 32 201929.246985
% 33 201830.136058
% 34 201573.307402
% 35 201134.759035
% 36 200262.669691
% 37 198891.252643
% 38 198810.541762
% 39 198082.938456
% 40 196417.131050
% 41 193251.528032
% 42 192294.110991
% 43 190682.208350
% 44 187429.472969
% 45 184822.087863
% 46 183593.705674
% 47 182982.660810
% 48 182325.620356
% 49 182321.581842
% 50 182344.652225
% 51 181480.277445
% 52 179392.003289
% 53 177793.685102
% 54 178413.800401
% 55 176815.400398
% 56 177075.809779
% 57 175202.915136
% 58 174711.320116
% 59 172735.814583
% 60 173587.877601
% 61 174230.792821
% 62 172667.935743
% 63 170977.387774
% 64 172408.315261
% 65 173299.537728
% 66 172440.075034
% 67 172973.936965
% 68 170354.676879
% 69 169637.092263
% 70 171050.388377
% 71 172946.767711
% 72 171920.261305
% 73 173797.489335
% 74 172525.859503
% 75 172707.728755
% 76 172293.924622
% 77 170072.418508
% 78 168978.875052
% 79 169019.902191
% 80 169357.707968
% 81 166818.970249
% 82 165895.343850
% 83 167055.052564
% 84 166127.659921
% 85 165491.722770
% 86 163372.463871
% 87 162542.182334
% 88 161864.628096
% 89 160885.776532
% 90 162057.920001
% 91 161376.246903
% 92 161772.862280
% 93 162466.515938
% 94 162283.421496
% 95 161299.310595
% 96 161985.639295
% 97 159907.365994
% 98 160724.026950
% 99 161104.594378
% 100 160478.482294
% 101 161928.966167
% 102 161874.520258
% 103 163685.830752
% 104 159425.277800
% 105 158969.862302
% 106 161328.738474
% 107 155827.614660
% 108 156553.540430
% 109 154108.747702
% 110 153628.460397
% 111 153867.288756
% 112 154302.321782
% 113 153292.080278
% 114 152854.056735
% 115 156573.548841
% 116 156858.945464
% 117 152241.012594
% 118 156357.999649
% 119 152910.247827
% 120 153888.793285
% 121 154946.643244
% 122 156213.831995
% 123 153612.681883
% 124 155010.918673
% 125 157128.476721
% 126 158944.844201
% 127 154818.759934
% 128 154282.231660
% 129 155252.167664
% 130 153521.072086
% 131 156362.135385
% 132 154768.172626
% 133 155981.746776
% 134 152685.778873
% 135 151685.424111
% 136 152419.597957
% 137 150785.683646
% 138 153863.325713
% 139 154618.715993
% 140 153273.405153
% 141 150959.924143
% 142 152529.681665
% 143 154186.666941
% 144 154052.135033
% 145 154435.074705
% 146 154872.347848
% 147 154424.555183
% 148 154710.291380
% 149 156017.261419
% 150 155349.446238
% 151 155638.491513
% 152 155750.704712
% 153 155881.421561
% 154 157959.873935
% 155 156908.845563
% 156 156753.148632
% 157 159950.670811
% 158 160296.358368
% 159 160722.130479
% 160 163571.820851
% 161 162994.049757
% 162 163466.690801
% 163 161817.374658
% 164 163166.151216
% 165 158858.553896
% 166 155146.276747
% 167 155498.418419
% 168 157780.439611
% 169 159030.005978
% 170 156575.959476
% 171 155975.850002
% 172 156914.485349
% 173 159394.192413
% 174 156390.145323
% 175 154679.877956
% 176 156565.409991
% 177 154400.441322
% 178 155654.937977
% 179 153975.668882
% 180 156248.626020
% 181 157945.791804
% 182 158555.740501
% 183 155829.892522
% 184 156575.920754
% 185 160842.567907
% 186 160870.215883
% 187 162427.415431
% 188 161772.809707
% 189 161950.716285
% 190 162256.464498
% 191 162348.736314
% 192 162954.221950
% 193 161833.504614
% 194 163249.488271
% 195 165359.465195
% 196 163685.177506
% 197 165869.474613
% 198 165146.677240
% 199 164745.170876
% 200 163260.236869
% 201 163908.369556
% 202 163609.794209
% 203 162359.516687
% 204 161089.897275
% 205 159732.658056
% 206 159969.361208
% 207 156963.796389
% 208 155546.198677
% 209 156785.290659
% 210 156857.356117
% 211 156133.164967
% 212 155416.083907
% 213 155453.561854
% 214 156744.325338
> Finished 214 generations with 2998688 distance calculations. GA Runtime = 80.4968 sec
> Final distance: 150785.683646
> Final Route:
Truck 0 [len = 28]: 0 --> 14 --> 76 --> 8 --> 109 --> 11 --> 22 --> 7 --> 41 --> 19 --> 50 --> 107 --> 63 --> 53 --> 55 --> 105 --> 75 --> 36 --> 4 --> 32 --> 49 --> 38 --> 64 --> 80 --> 21 --> 115 --> 146 --> 57
Truck 1 [len = 26]: 0 --> 45 --> 135 --> 124 --> 40 --> 100 --> 102 --> 27 --> 113 --> 20 --> 69 --> 71 --> 86 --> 66 --> 28 --> 99 --> 70 --> 149 --> 112 --> 130 --> 31 --> 15 --> 37 --> 141 --> 136 --> 126
Truck 2 [len = 37]: 0 --> 68 --> 46 --> 78 --> 129 --> 132 --> 128 --> 117 --> 3 --> 74 --> 118 --> 91 --> 79 --> 147 --> 35 --> 103 --> 92 --> 51 --> 122 --> 145 --> 95 --> 116 --> 84 --> 24 --> 114 --> 44 --> 6 --> 104 --> 94 --> 56 --> 12 --> 48 --> 30 --> 139 --> 39 --> 89 --> 65
Truck 3 [len = 21]: 0 --> 143 --> 72 --> 54 --> 33 --> 134 --> 5 --> 23 --> 98 --> 10 --> 87 --> 18 --> 138 --> 93 --> 140 --> 62 --> 25 --> 110 --> 83 --> 17 --> 90
Truck 4 [len = 42]: 0 --> 96 --> 133 --> 108 --> 119 --> 106 --> 148 --> 16 --> 29 --> 77 --> 61 --> 67 --> 144 --> 2 --> 43 --> 81 --> 13 --> 120 --> 42 --> 59 --> 85 --> 58 --> 123 --> 142 --> 121 --> 88 --> 137 --> 52 --> 60 --> 1 --> 125 --> 111 --> 26 --> 82 --> 47 --> 127 --> 9 --> 101 --> 131 --> 97 --> 73 --> 34
> Generation - Distance curve saved to fig/mtsp150_baseline_30_5_1000_100_10_20211216_16_50_57/20211216_17_30_50.png.
