--> Running ID = 12
> Loading cities from instances/mtsp150.txt
	>> 150 cities in total to be loaded
> 150 cities loaded from instances/mtsp150.txt
> Initial distance: 276062.089757
> Starting running GA.
	>> cities = 150, salesmen = 5
	>> Generations = 1000, PopulationSize = 100, TournamentSize = 10
# Generation Distance
% 1 275042.343134
% 2 271834.638381
% 3 269780.680704
% 4 268267.372229
% 5 261412.759348
% 6 259623.936535
% 7 257109.911572
% 8 251854.005234
% 9 245377.688334
% 10 243599.020853
% 11 238806.864604
% 12 238393.256895
% 13 234089.891904
% 14 231248.435225
% 15 228166.310311
% 16 226878.176046
% 17 222923.171660
% 18 218735.055649
% 19 212891.447778
% 20 211889.594261
% 21 211043.606005
% 22 206537.280668
% 23 205323.011426
% 24 202132.120096
% 25 199545.436477
% 26 197219.872601
% 27 195077.386911
% 28 191898.122755
% 29 190068.589969
% 30 191909.992103
% 31 189130.416615
% 32 186275.641324
% 33 185662.296684
% 34 182382.687761
% 35 180825.872836
% 36 180031.359677
% 37 179810.388320
% 38 180469.865406
% 39 177000.939505
% 40 172954.747875
% 41 175121.844440
% 42 171595.124912
% 43 170193.759077
% 44 170936.983405
% 45 169962.081956
% 46 171623.540926
% 47 170624.758277
% 48 172844.686933
% 49 170437.363274
% 50 170661.749939
% 51 168641.696740
% 52 168766.364726
% 53 168585.423823
% 54 166664.753867
% 55 164064.074612
% 56 160753.334143
% 57 161621.564359
% 58 164470.696396
% 59 164300.376397
% 60 166256.741885
% 61 166365.621167
% 62 165957.159320
% 63 162330.277832
% 64 159824.816275
% 65 159864.778210
% 66 160428.161826
% 67 160763.434301
% 68 160985.510736
% 69 158636.198387
% 70 160415.433958
% 71 160312.387377
% 72 159114.233215
% 73 159894.830407
% 74 157465.020482
% 75 161944.964890
% 76 163124.903162
% 77 157368.172597
% 78 157891.067717
% 79 161202.048733
% 80 161387.074046
% 81 160330.028334
% 82 159620.506907
% 83 161162.002201
% 84 162996.830977
% 85 161686.809927
% 86 162181.167359
% 87 163506.914443
% 88 162114.346803
% 89 160662.210966
% 90 163859.518793
% 91 163468.514549
% 92 163707.603588
% 93 164964.109027
% 94 160282.707129
% 95 162487.177630
% 96 162317.211475
% 97 160916.169299
% 98 160027.122464
% 99 160932.364596
% 100 158257.510164
% 101 158677.697422
% 102 158206.627541
% 103 157772.162022
% 104 157463.015482
% 105 159682.747497
% 106 157208.309905
% 107 155386.138985
% 108 156084.304856
% 109 153876.687852
% 110 154199.615707
% 111 154663.639420
% 112 156185.187702
% 113 153441.671371
% 114 155197.570831
% 115 155149.053596
% 116 155141.982347
% 117 155257.054974
% 118 155204.157828
% 119 154340.308205
% 120 154624.128124
% 121 152581.651860
% 122 153523.635663
% 123 155035.132543
% 124 153991.793194
% 125 155834.866668
% 126 157062.839111
% 127 156522.114907
% 128 153915.026121
% 129 153883.125650
% 130 151608.219415
% 131 150949.888053
% 132 151227.069885
% 133 150480.983467
% 134 151221.883688
% 135 150818.900658
% 136 152731.643871
% 137 149777.070634
% 138 151515.090532
% 139 149824.721232
% 140 148421.966871
% 141 151147.629354
% 142 149814.276192
% 143 151588.692424
% 144 148733.051955
% 145 148813.838211
% 146 150084.913210
% 147 152263.484288
% 148 151418.868556
% 149 151294.551126
% 150 151825.309860
% 151 148810.959856
% 152 148522.487765
% 153 148395.677294
% 154 149495.317783
% 155 150544.534596
% 156 149995.465940
% 157 151711.299098
% 158 152559.626870
% 159 149811.651017
% 160 149567.662009
% 161 151893.792183
% 162 152300.832052
% 163 152457.526154
% 164 151324.661522
% 165 154733.721504
% 166 154128.822897
% 167 154267.492098
% 168 150124.857190
% 169 151410.975541
% 170 152330.474478
% 171 151512.592690
% 172 151111.601412
% 173 151349.933839
% 174 152212.727360
% 175 153010.844381
% 176 153677.121700
% 177 152296.755697
% 178 151730.907473
% 179 152243.054735
% 180 150128.182888
% 181 148833.771615
% 182 149049.279712
% 183 152092.494957
% 184 149168.237563
% 185 149389.229439
% 186 149796.484839
% 187 151611.943048
% 188 149324.774063
% 189 152691.985323
% 190 152685.157848
% 191 156379.045784
% 192 154661.347569
% 193 153584.158481
% 194 152079.926513
% 195 153467.737440
% 196 153957.827244
% 197 152653.924929
% 198 154258.845698
% 199 152994.002835
% 200 152555.938681
% 201 154499.268078
% 202 152821.451815
% 203 151057.724510
% 204 153508.350723
% 205 152397.339442
% 206 151545.543569
% 207 153978.222414
% 208 155256.931069
% 209 154609.313084
% 210 156900.444823
% 211 155282.153934
% 212 150432.793215
% 213 149105.924702
% 214 152007.036744
> Finished 214 generations with 2997148 distance calculations. GA Runtime = 82.4528 sec
> Final distance: 148395.677294
> Final Route:
Truck 0 [len = 24]: 0 --> 123 --> 112 --> 137 --> 142 --> 74 --> 5 --> 98 --> 110 --> 132 --> 73 --> 88 --> 78 --> 130 --> 107 --> 148 --> 67 --> 84 --> 29 --> 28 --> 61 --> 47 --> 114 --> 116
Truck 1 [len = 44]: 0 --> 85 --> 1 --> 82 --> 80 --> 81 --> 75 --> 64 --> 40 --> 68 --> 109 --> 50 --> 19 --> 115 --> 111 --> 144 --> 72 --> 49 --> 134 --> 55 --> 146 --> 100 --> 102 --> 66 --> 124 --> 86 --> 105 --> 21 --> 77 --> 24 --> 141 --> 27 --> 53 --> 39 --> 140 --> 10 --> 113 --> 20 --> 108 --> 129 --> 117 --> 7 --> 103 --> 44
Truck 2 [len = 38]: 0 --> 139 --> 60 --> 43 --> 36 --> 106 --> 41 --> 96 --> 87 --> 58 --> 35 --> 93 --> 3 --> 97 --> 90 --> 32 --> 12 --> 125 --> 95 --> 120 --> 94 --> 38 --> 54 --> 131 --> 31 --> 76 --> 45 --> 13 --> 63 --> 37 --> 89 --> 23 --> 9 --> 121 --> 18 --> 147 --> 34 --> 149
Truck 3 [len = 29]: 0 --> 17 --> 46 --> 83 --> 101 --> 91 --> 128 --> 59 --> 6 --> 127 --> 145 --> 56 --> 99 --> 4 --> 135 --> 26 --> 70 --> 104 --> 119 --> 51 --> 16 --> 22 --> 122 --> 33 --> 2 --> 25 --> 126 --> 71 --> 62
Truck 4 [len = 19]: 0 --> 8 --> 11 --> 42 --> 143 --> 14 --> 30 --> 138 --> 118 --> 52 --> 79 --> 15 --> 48 --> 69 --> 136 --> 65 --> 133 --> 92 --> 57
> Generation - Distance curve saved to fig/mtsp150_baseline_30_5_1000_100_10_20211216_16_50_57/20211216_17_06_01.png.
