--> Running ID = 4
> Loading cities from instances/mtsp150.txt
	>> 150 cities in total to be loaded
> 150 cities loaded from instances/mtsp150.txt
> Initial distance: 274287.431282
> Starting running GA.
	>> cities = 150, salesmen = 5
	>> Generations = 1000, PopulationSize = 100, TournamentSize = 10
# Generation Distance
% 1 268175.454472
% 2 265085.891285
% 3 259141.462167
% 4 255838.889976
% 5 254026.339031
% 6 252732.671298
% 7 246579.886153
% 8 246221.252062
% 9 245304.972508
% 10 240296.389946
% 11 239546.340585
% 12 236786.357746
% 13 230609.890100
% 14 229969.729399
% 15 226770.164386
% 16 225502.109031
% 17 225454.087626
% 18 222450.498172
% 19 219877.518805
% 20 216575.390744
% 21 214533.835728
% 22 213192.168591
% 23 215543.174358
% 24 211233.583959
% 25 208952.160029
% 26 207770.575687
% 27 207903.386532
% 28 204512.292102
% 29 202503.100492
% 30 200656.472120
% 31 199532.601697
% 32 198995.213985
% 33 196912.622198
% 34 195402.742164
% 35 195552.357169
% 36 194479.708514
% 37 195468.830882
% 38 194527.972600
% 39 193491.344030
% 40 191924.707290
% 41 186144.696519
% 42 185421.568101
% 43 185032.828996
% 44 184040.917194
% 45 184264.418770
% 46 186586.031299
% 47 184917.187599
% 48 187271.730718
% 49 187843.831771
% 50 186175.899431
% 51 184263.937970
% 52 184474.329666
% 53 186180.315981
% 54 184291.931422
% 55 182393.494154
% 56 182815.180032
% 57 185781.593596
% 58 185576.878080
% 59 182046.312576
% 60 182991.131066
% 61 180741.993485
% 62 182638.623737
% 63 180482.237686
% 64 178805.425524
% 65 178206.883652
% 66 179165.333556
% 67 177422.168622
% 68 176001.608907
% 69 172449.434089
% 70 173638.347092
% 71 169544.465675
% 72 168795.176818
% 73 167263.451914
% 74 166767.094890
% 75 166167.270623
% 76 167347.260092
% 77 167827.329584
% 78 167530.404477
% 79 168652.355300
% 80 165468.810716
% 81 163368.160944
% 82 165072.110935
% 83 165356.895110
% 84 167588.406605
% 85 164110.702072
% 86 160468.509993
% 87 156823.389630
% 88 155333.938168
% 89 156546.367517
% 90 156556.518286
% 91 156423.187497
% 92 158153.945422
% 93 157051.820117
% 94 152687.725929
% 95 155196.793163
% 96 154620.655331
% 97 155641.237139
% 98 153468.758907
% 99 153761.034113
% 100 152189.847049
% 101 151987.576066
% 102 155077.580849
% 103 153878.468880
% 104 158275.086110
% 105 157027.371662
% 106 157792.909868
% 107 154905.802633
% 108 155278.514014
% 109 155341.489652
% 110 155898.728973
% 111 155521.597128
% 112 154729.157551
% 113 154238.976569
% 114 154176.203392
% 115 155204.456120
% 116 155664.535467
% 117 153483.167017
% 118 153312.949298
% 119 150812.448446
% 120 152013.405081
% 121 151786.534074
% 122 152641.271135
% 123 153510.055842
% 124 156107.638352
% 125 153191.879251
% 126 152425.737686
% 127 150415.989430
% 128 151378.792124
% 129 148408.608058
% 130 150557.153273
% 131 149439.345267
% 132 148858.805724
% 133 148554.712405
% 134 146875.718605
% 135 146271.164919
% 136 150899.849569
% 137 145751.758974
% 138 149554.208530
% 139 148481.149242
% 140 148349.556157
% 141 148577.489392
% 142 150204.808378
% 143 148957.463404
% 144 149081.951960
% 145 147323.662989
% 146 146401.576283
% 147 146990.480247
% 148 145062.158958
% 149 148520.559871
% 150 144600.197974
% 151 144041.454735
% 152 144235.918259
% 153 143864.799095
% 154 143049.350519
% 155 143685.640791
% 156 145338.888219
% 157 143568.265279
% 158 143143.076627
% 159 144900.552695
% 160 145469.818781
% 161 147427.074074
% 162 146599.869823
% 163 145997.829281
% 164 146017.300987
% 165 145721.656389
% 166 144385.867780
% 167 145947.492031
% 168 145884.963239
% 169 142100.656045
% 170 142347.210074
% 171 140620.362492
% 172 137061.914863
% 173 141195.210111
% 174 139552.053607
% 175 142438.635846
% 176 140544.355910
% 177 141806.237015
% 178 142554.045706
% 179 143543.225968
% 180 139558.780434
% 181 140489.768577
% 182 141508.036727
% 183 141157.520363
% 184 141308.811563
% 185 138331.626986
% 186 140179.534350
% 187 140873.883107
% 188 139256.944497
% 189 138443.018318
% 190 139657.634855
% 191 142920.980661
% 192 142840.482315
% 193 143505.696836
% 194 142235.035384
% 195 142844.993946
% 196 142599.891734
% 197 144259.095721
% 198 145211.813023
% 199 145759.942762
% 200 145442.160293
% 201 146850.332795
% 202 146414.257783
% 203 147528.240707
% 204 145270.476277
% 205 148084.064575
% 206 147111.881724
% 207 148182.340401
% 208 146154.766417
% 209 145965.633934
% 210 143050.269153
% 211 142669.461341
% 212 142458.776856
% 213 140392.902858
> Finished 213 generations with 2987138 distance calculations. GA Runtime = 75.4019 sec
> Final distance: 137061.914863
> Final Route:
Truck 0 [len = 42]: 0 --> 78 --> 22 --> 113 --> 87 --> 18 --> 39 --> 117 --> 128 --> 138 --> 96 --> 41 --> 25 --> 9 --> 74 --> 65 --> 133 --> 112 --> 121 --> 30 --> 88 --> 45 --> 47 --> 55 --> 43 --> 49 --> 70 --> 33 --> 5 --> 108 --> 48 --> 14 --> 10 --> 98 --> 35 --> 71 --> 17 --> 3 --> 46 --> 7 --> 103 --> 68
Truck 1 [len = 28]: 0 --> 62 --> 123 --> 69 --> 37 --> 23 --> 101 --> 20 --> 73 --> 85 --> 6 --> 8 --> 94 --> 12 --> 36 --> 77 --> 102 --> 100 --> 32 --> 38 --> 145 --> 86 --> 64 --> 146 --> 115 --> 53 --> 1 --> 57
Truck 2 [len = 27]: 0 --> 76 --> 24 --> 135 --> 124 --> 104 --> 28 --> 111 --> 54 --> 134 --> 149 --> 42 --> 119 --> 109 --> 79 --> 58 --> 15 --> 126 --> 59 --> 52 --> 118 --> 93 --> 110 --> 129 --> 27 --> 130 --> 141
Truck 3 [len = 28]: 0 --> 31 --> 131 --> 136 --> 83 --> 140 --> 137 --> 132 --> 142 --> 91 --> 89 --> 63 --> 2 --> 84 --> 21 --> 66 --> 105 --> 99 --> 75 --> 125 --> 122 --> 40 --> 56 --> 148 --> 67 --> 4 --> 29 --> 127
Truck 4 [len = 29]: 0 --> 50 --> 60 --> 106 --> 95 --> 51 --> 61 --> 34 --> 11 --> 13 --> 26 --> 16 --> 81 --> 143 --> 92 --> 147 --> 72 --> 144 --> 44 --> 90 --> 97 --> 116 --> 114 --> 120 --> 80 --> 82 --> 19 --> 139 --> 107
> Generation - Distance curve saved to fig/mtsp150_baseline_30_5_1000_100_10_20211216_16_50_57/20211216_16_55_08.png.
