--> Running ID = 13
> Loading cities from instances/mtsp150.txt
	>> 150 cities in total to be loaded
> 150 cities loaded from instances/mtsp150.txt
> Initial distance: 268482.228707
> Starting running GA.
	>> cities = 150, salesmen = 5
	>> Generations = 1000, PopulationSize = 100, TournamentSize = 10
# Generation Distance
% 1 262617.815164
% 2 254997.048510
% 3 251763.265315
% 4 249831.776619
% 5 247428.543119
% 6 244855.835278
% 7 237345.285674
% 8 236903.420540
% 9 235804.680621
% 10 231969.608230
% 11 231074.910992
% 12 227491.117026
% 13 225256.038674
% 14 222204.334301
% 15 219709.978639
% 16 217218.520558
% 17 217968.192716
% 18 212646.117587
% 19 210943.613998
% 20 209783.248078
% 21 208136.342935
% 22 206101.576886
% 23 204320.854494
% 24 202862.214436
% 25 203067.863839
% 26 199692.144960
% 27 200849.437556
% 28 200927.915013
% 29 200771.089005
% 30 198469.324677
% 31 197433.355930
% 32 195205.397925
% 33 193631.795039
% 34 190794.880604
% 35 189298.255499
% 36 188363.196628
% 37 187633.030867
% 38 187809.064322
% 39 188963.642939
% 40 187967.846772
% 41 185440.257606
% 42 186911.623535
% 43 186494.968972
% 44 186260.313560
% 45 182314.275368
% 46 183790.449555
% 47 179142.479897
% 48 177953.999159
% 49 177701.119754
% 50 176728.451998
% 51 175789.508346
% 52 176020.862113
% 53 176127.318470
% 54 171436.332780
% 55 171842.437872
% 56 171111.948267
% 57 168774.025558
% 58 168078.658571
% 59 166161.620481
% 60 165546.446857
% 61 168082.543661
% 62 166323.212521
% 63 166345.268463
% 64 167659.555444
% 65 167899.099971
% 66 167078.204140
% 67 170231.286589
% 68 169315.101098
% 69 168895.306247
% 70 169183.121491
% 71 168974.363491
% 72 169688.567552
% 73 166919.417487
% 74 163309.690452
% 75 164976.018825
% 76 163820.563441
% 77 164464.381983
% 78 165181.906969
% 79 163219.449067
% 80 164140.641136
% 81 163506.326807
% 82 160441.536357
% 83 160704.875954
% 84 158690.568159
% 85 159359.430997
% 86 158868.304656
% 87 156752.328037
% 88 158001.244411
% 89 157147.232825
% 90 158047.554007
% 91 155964.590472
% 92 155794.742512
% 93 159012.147674
% 94 160375.431577
% 95 156619.982295
% 96 153059.356991
% 97 153578.546499
% 98 152360.066583
% 99 153028.780758
% 100 150140.349438
% 101 149570.352312
% 102 152098.466449
% 103 151153.498411
% 104 154321.417140
% 105 154176.217949
% 106 156446.674095
% 107 155942.342080
% 108 154571.842019
% 109 152611.368049
% 110 153182.719133
% 111 155723.527425
% 112 153132.341785
% 113 151475.603999
% 114 148187.704512
% 115 148100.809160
% 116 146913.539019
% 117 149607.856036
% 118 148187.730091
% 119 145594.862929
% 120 146762.261493
% 121 144586.206504
% 122 145842.737155
% 123 146555.066620
% 124 146483.608236
% 125 144338.659483
% 126 144420.533441
% 127 145440.567797
% 128 146141.343977
% 129 148260.990119
% 130 146809.670735
% 131 145152.338792
% 132 146634.740396
% 133 148519.430953
% 134 149411.597986
% 135 148216.241398
% 136 144988.615844
% 137 145478.664615
% 138 146517.727978
% 139 144985.423214
% 140 147396.833744
% 141 148494.031377
% 142 147304.803538
% 143 146926.482433
% 144 148273.637591
% 145 148345.279538
% 146 147584.894207
% 147 148861.332256
% 148 147841.944835
% 149 148370.516129
% 150 149496.544071
% 151 149844.150288
% 152 149257.469517
% 153 149241.010916
% 154 150866.683741
% 155 150604.377582
% 156 151253.804072
% 157 149654.542430
% 158 151514.153804
% 159 150539.708459
% 160 152972.218432
% 161 151044.035597
% 162 152067.023962
% 163 155072.019031
% 164 153341.718754
% 165 150458.347580
% 166 152310.566262
% 167 151692.516076
% 168 152672.165419
% 169 151902.767015
% 170 153510.222304
% 171 152081.688905
% 172 151317.289561
% 173 150380.375361
% 174 149120.849267
% 175 149296.284639
% 176 149443.710226
% 177 147291.655166
% 178 146898.501673
% 179 148248.006830
% 180 145230.191959
% 181 142889.866877
% 182 143299.614774
% 183 141573.557616
% 184 143531.301581
% 185 145515.788650
% 186 143617.877727
% 187 147332.829124
% 188 145656.946946
% 189 143391.815926
% 190 143643.086123
% 191 144554.346192
% 192 143142.241253
% 193 144004.713635
% 194 145768.176573
% 195 146860.482745
% 196 145974.016981
% 197 145638.804017
% 198 143179.991922
% 199 145462.474828
% 200 143542.094818
% 201 143956.009656
% 202 143220.800951
% 203 144064.666085
% 204 145200.595425
% 205 148171.944790
% 206 147255.692517
% 207 147292.230239
% 208 147157.948306
% 209 144965.344292
% 210 144365.395442
% 211 143980.950802
% 212 146706.436366
% 213 142848.776719
% 214 145737.713431
> Finished 214 generations with 2998996 distance calculations. GA Runtime = 80.1529 sec
> Final distance: 141573.557616
> Final Route:
Truck 0 [len = 39]: 0 --> 92 --> 3 --> 65 --> 112 --> 93 --> 128 --> 17 --> 15 --> 30 --> 110 --> 130 --> 79 --> 89 --> 48 --> 35 --> 6 --> 23 --> 18 --> 127 --> 134 --> 139 --> 29 --> 11 --> 76 --> 109 --> 137 --> 75 --> 32 --> 53 --> 77 --> 51 --> 26 --> 82 --> 70 --> 40 --> 90 --> 126 --> 121
Truck 1 [len = 19]: 0 --> 46 --> 71 --> 87 --> 83 --> 101 --> 140 --> 97 --> 78 --> 141 --> 129 --> 20 --> 58 --> 85 --> 116 --> 114 --> 86 --> 124 --> 47
Truck 2 [len = 31]: 0 --> 72 --> 144 --> 80 --> 81 --> 146 --> 64 --> 66 --> 125 --> 95 --> 111 --> 122 --> 143 --> 39 --> 2 --> 16 --> 145 --> 148 --> 60 --> 42 --> 43 --> 115 --> 28 --> 4 --> 120 --> 49 --> 12 --> 38 --> 1 --> 74 --> 91
Truck 3 [len = 38]: 0 --> 33 --> 62 --> 10 --> 113 --> 9 --> 136 --> 14 --> 107 --> 45 --> 19 --> 119 --> 13 --> 135 --> 104 --> 102 --> 106 --> 24 --> 68 --> 69 --> 52 --> 117 --> 138 --> 41 --> 132 --> 27 --> 57 --> 149 --> 59 --> 22 --> 73 --> 103 --> 25 --> 37 --> 98 --> 5 --> 31 --> 108
Truck 4 [len = 27]: 0 --> 88 --> 133 --> 123 --> 118 --> 142 --> 7 --> 96 --> 8 --> 131 --> 44 --> 50 --> 36 --> 63 --> 147 --> 34 --> 56 --> 61 --> 94 --> 55 --> 105 --> 100 --> 21 --> 99 --> 54 --> 84 --> 67
> Generation - Distance curve saved to fig/mtsp150_baseline_30_5_1000_100_10_20211216_16_50_57/20211216_17_07_26.png.
