--> Running ID = 24
> Loading cities from instances/mtsp150.txt
	>> 150 cities in total to be loaded
> 150 cities loaded from instances/mtsp150.txt
> Initial distance: 270984.922701
> Starting running GA.
	>> cities = 150, salesmen = 5
	>> Generations = 1000, PopulationSize = 100, TournamentSize = 10
# Generation Distance
% 1 266102.274953
% 2 263017.252520
% 3 259363.577798
% 4 253919.341280
% 5 252132.058597
% 6 250249.942249
% 7 248394.312394
% 8 244235.971393
% 9 241842.713261
% 10 237635.894658
% 11 232627.534009
% 12 232780.965786
% 13 230375.941430
% 14 227848.076102
% 15 223914.921191
% 16 223444.352882
% 17 221361.035654
% 18 223320.646346
% 19 220490.324412
% 20 219473.457734
% 21 215100.971102
% 22 213095.421844
% 23 211013.375899
% 24 209400.232798
% 25 209414.896462
% 26 209538.844441
% 27 208311.595436
% 28 207472.416192
% 29 204424.361968
% 30 203318.901800
% 31 201834.325254
% 32 200394.234083
% 33 199329.855773
% 34 198590.944351
% 35 198158.906584
% 36 196032.567825
% 37 193979.355315
% 38 194600.085318
% 39 192701.349719
% 40 193684.316862
% 41 192960.778677
% 42 191504.326649
% 43 191605.824782
% 44 191060.046687
% 45 190379.746019
% 46 186749.356998
% 47 184951.659259
% 48 184288.786178
% 49 185725.377452
% 50 184930.822552
% 51 182138.081580
% 52 183298.309121
% 53 181281.411520
% 54 180027.131489
% 55 178653.596548
% 56 176871.815153
% 57 178519.402255
% 58 178471.691086
% 59 177519.651362
% 60 178172.148335
% 61 177321.739532
% 62 175897.785015
% 63 176069.567175
% 64 175735.109048
% 65 174994.692583
% 66 171265.654996
% 67 172383.267592
% 68 172849.824893
% 69 173603.214028
% 70 171274.706375
% 71 173487.256366
% 72 171824.164807
% 73 173368.159898
% 74 173251.046018
% 75 174821.926975
% 76 170593.311148
% 77 171172.809135
% 78 170451.289926
% 79 171543.545604
% 80 170850.643109
% 81 172513.967323
% 82 170786.479811
% 83 171751.753175
% 84 173455.777367
% 85 172456.840043
% 86 170443.821848
% 87 164778.133463
% 88 164295.614423
% 89 163464.542523
% 90 162654.513480
% 91 164375.262470
% 92 162014.798172
% 93 163283.907743
% 94 160351.358244
% 95 160553.095314
% 96 162907.891313
% 97 160263.925581
% 98 158349.918101
% 99 158205.555505
% 100 158075.751927
% 101 156934.576748
% 102 156646.344467
% 103 156819.088256
% 104 156346.038663
% 105 156885.658630
% 106 158430.004716
% 107 158747.565270
% 108 160622.867095
% 109 157569.480027
% 110 157446.317145
% 111 156332.732494
% 112 156251.820861
% 113 152177.198355
% 114 154564.212519
% 115 154956.634796
% 116 151985.779260
% 117 155452.142903
% 118 154725.287712
% 119 152559.970343
% 120 154258.795370
% 121 151694.919890
% 122 150384.292370
% 123 150868.797740
% 124 148502.629520
% 125 152341.260702
% 126 148170.429132
% 127 149015.341266
% 128 147123.176436
% 129 147305.827393
% 130 147622.241094
% 131 147945.368825
% 132 146529.894154
% 133 145319.841548
% 134 146763.029743
% 135 147825.278875
% 136 149405.913685
% 137 146569.628383
% 138 147090.253220
% 139 147567.082331
% 140 147848.846033
% 141 147991.170456
% 142 147551.691486
% 143 147669.481859
% 144 150015.589624
% 145 148324.658259
% 146 149031.848909
% 147 145242.855526
% 148 150451.687900
% 149 150202.694051
% 150 150998.169001
% 151 150982.732739
% 152 150742.336819
% 153 153014.895286
% 154 151593.515612
% 155 152310.170592
% 156 153138.721636
% 157 153238.677730
% 158 152136.782520
% 159 155752.815766
% 160 154968.614266
% 161 153067.931552
% 162 151515.382611
% 163 152343.442240
% 164 154798.871682
% 165 151725.560493
% 166 151425.521697
% 167 151542.897593
% 168 149464.838846
% 169 150242.503926
% 170 151942.523346
% 171 151555.645470
% 172 151280.866234
% 173 152644.016684
% 174 152753.854782
% 175 153691.775711
% 176 154640.085627
% 177 156094.103491
% 178 154485.366251
% 179 154558.196149
% 180 155900.551114
% 181 152851.250787
% 182 153033.960326
% 183 151507.950006
% 184 150858.027111
% 185 152102.999333
% 186 154181.236080
% 187 156140.153381
% 188 155216.526792
% 189 153481.755335
% 190 153034.634295
% 191 152101.748199
% 192 153254.313244
% 193 155132.124090
% 194 154169.101517
% 195 153149.192286
% 196 154674.140282
% 197 151342.224957
% 198 154582.998070
% 199 154503.611836
% 200 153922.739689
% 201 152339.414101
% 202 156664.626585
% 203 155728.956778
% 204 155687.406933
% 205 155257.735617
% 206 155787.315612
% 207 152945.160520
% 208 155950.300608
% 209 157315.543100
% 210 155533.570442
% 211 155867.645990
% 212 153722.875172
% 213 157081.951398
% 214 154115.107298
> Finished 214 generations with 2998842 distance calculations. GA Runtime = 78.2580 sec
> Final distance: 145242.855526
> Final Route:
Truck 0 [len = 21]: 0 --> 140 --> 74 --> 128 --> 110 --> 83 --> 25 --> 71 --> 20 --> 112 --> 58 --> 87 --> 101 --> 96 --> 89 --> 35 --> 76 --> 103 --> 17 --> 136 --> 60
Truck 1 [len = 26]: 0 --> 147 --> 137 --> 5 --> 138 --> 27 --> 97 --> 131 --> 65 --> 117 --> 48 --> 15 --> 38 --> 67 --> 63 --> 143 --> 84 --> 70 --> 145 --> 120 --> 29 --> 105 --> 127 --> 114 --> 94 --> 68
Truck 2 [len = 43]: 0 --> 109 --> 59 --> 10 --> 130 --> 14 --> 62 --> 90 --> 34 --> 57 --> 92 --> 53 --> 88 --> 30 --> 13 --> 26 --> 12 --> 119 --> 42 --> 100 --> 21 --> 104 --> 4 --> 77 --> 56 --> 16 --> 106 --> 148 --> 43 --> 39 --> 134 --> 41 --> 78 --> 129 --> 85 --> 95 --> 36 --> 146 --> 32 --> 47 --> 1 --> 124 --> 141
Truck 3 [len = 41]: 0 --> 107 --> 81 --> 115 --> 75 --> 64 --> 55 --> 102 --> 66 --> 111 --> 45 --> 50 --> 49 --> 132 --> 7 --> 142 --> 93 --> 73 --> 98 --> 3 --> 52 --> 113 --> 108 --> 37 --> 69 --> 123 --> 118 --> 23 --> 91 --> 126 --> 149 --> 6 --> 22 --> 82 --> 40 --> 99 --> 80 --> 28 --> 135 --> 51 --> 116
Truck 4 [len = 23]: 0 --> 9 --> 46 --> 44 --> 8 --> 11 --> 61 --> 86 --> 54 --> 144 --> 19 --> 122 --> 133 --> 18 --> 79 --> 2 --> 24 --> 125 --> 139 --> 31 --> 121 --> 72 --> 33
> Generation - Distance curve saved to fig/mtsp150_baseline_30_5_1000_100_10_20211216_16_50_57/20211216_17_22_37.png.
