--> Running ID = 21
> Loading cities from instances/mtsp150.txt
	>> 150 cities in total to be loaded
> 150 cities loaded from instances/mtsp150.txt
> Initial distance: 272612.888982
> Starting running GA.
	>> cities = 150, salesmen = 5
	>> Generations = 1000, PopulationSize = 100, TournamentSize = 10
# Generation Distance
% 1 265975.832557
% 2 263043.949552
% 3 259659.260818
% 4 256244.834308
% 5 252540.853023
% 6 254266.893247
% 7 248449.226019
% 8 243692.801023
% 9 241488.706524
% 10 233719.892565
% 11 230294.576577
% 12 227432.077446
% 13 224595.309960
% 14 222870.442846
% 15 221487.893558
% 16 219797.186903
% 17 216379.216915
% 18 212996.221835
% 19 214260.121689
% 20 210878.419435
% 21 211705.958072
% 22 210404.128838
% 23 205523.463935
% 24 204057.361702
% 25 203465.460165
% 26 201756.872057
% 27 202173.764163
% 28 198308.843031
% 29 195864.457053
% 30 191488.511627
% 31 192032.381027
% 32 191235.519217
% 33 188858.545692
% 34 186801.534119
% 35 187006.887609
% 36 186706.589045
% 37 186266.268951
% 38 185957.714865
% 39 183582.072172
% 40 184078.460776
% 41 182333.185746
% 42 182081.314924
% 43 181995.148122
% 44 179327.648339
% 45 178994.388692
% 46 178841.128817
% 47 177975.975984
% 48 176289.893897
% 49 175382.606728
% 50 178094.998883
% 51 175302.156518
% 52 175236.830308
% 53 176592.647928
% 54 179110.737278
% 55 179934.865068
% 56 179364.782403
% 57 178090.981995
% 58 173790.098527
% 59 173260.654287
% 60 170857.069789
% 61 170873.160728
% 62 169973.071831
% 63 172718.406149
% 64 171018.279976
% 65 167448.691337
% 66 170453.791932
% 67 163904.818898
% 68 164779.405342
% 69 165255.209911
% 70 167300.377960
% 71 164732.186665
% 72 166132.993457
% 73 163792.617791
% 74 160833.024679
% 75 160077.197413
% 76 158664.440441
% 77 158530.770221
% 78 158180.200415
% 79 156471.408729
% 80 156334.567355
% 81 157048.380428
% 82 160082.533092
% 83 158583.379659
% 84 158259.570011
% 85 158685.108846
% 86 158185.202040
% 87 159321.401853
% 88 158643.975026
% 89 158400.062322
% 90 157847.839415
% 91 159721.057798
% 92 157844.170318
% 93 156527.778223
% 94 155651.519063
% 95 156122.427196
% 96 158483.963120
% 97 158321.819957
% 98 158941.197802
% 99 157723.852263
% 100 155216.833315
% 101 156514.058906
% 102 154283.733819
% 103 154032.209910
% 104 155790.593788
% 105 152913.677871
% 106 152960.659912
% 107 152517.827257
% 108 152330.617204
% 109 149766.201930
% 110 149839.711403
% 111 148359.370147
% 112 150449.027682
% 113 147743.217312
% 114 151463.576321
% 115 151093.882886
% 116 152368.823864
% 117 150980.585118
% 118 149254.215334
% 119 149003.705310
% 120 149940.999234
% 121 149064.166593
% 122 151320.089424
% 123 152133.871804
% 124 151375.976362
% 125 149613.184220
% 126 147782.016352
% 127 147768.056508
% 128 148643.388227
% 129 146882.951119
% 130 147852.581409
% 131 148313.147004
% 132 147303.189093
% 133 147437.072989
% 134 148997.769646
% 135 148830.422500
% 136 151920.104709
% 137 150612.079011
% 138 152982.915076
% 139 155855.853448
% 140 154349.268323
% 141 156270.228449
% 142 158069.284591
% 143 158952.770877
% 144 158685.547250
% 145 157384.267359
% 146 155766.668592
% 147 156323.758881
% 148 156920.988848
% 149 156913.598866
% 150 159488.284339
% 151 158092.190675
% 152 159642.308067
% 153 156930.165855
% 154 158480.971359
% 155 156334.651927
% 156 158601.565865
% 157 157062.245194
% 158 159897.068675
% 159 156232.840337
% 160 154796.119773
% 161 154254.716754
% 162 152741.763554
% 163 149797.706996
% 164 150687.881482
% 165 149708.206316
% 166 149393.536244
% 167 149770.242366
% 168 149845.930271
% 169 148880.406406
% 170 152181.332723
% 171 150510.885542
% 172 149014.651104
% 173 150169.239438
% 174 150262.410332
% 175 150027.592501
% 176 150824.830742
% 177 153083.525016
% 178 151462.936223
% 179 153729.443244
% 180 152795.781673
% 181 152649.294285
% 182 151363.113413
% 183 153026.750659
% 184 155684.586633
% 185 156033.046548
% 186 153075.351946
% 187 150200.451133
% 188 150407.625333
% 189 154141.872036
% 190 154882.103290
% 191 155796.659924
% 192 150817.896086
% 193 155261.895511
% 194 155215.711135
% 195 154914.375202
% 196 156857.850863
% 197 157270.222121
% 198 159377.838756
% 199 160427.080122
% 200 163457.825138
% 201 161320.558576
% 202 162463.461018
% 203 162839.051893
% 204 163113.588933
% 205 164435.401628
% 206 163147.092395
% 207 159742.064298
% 208 161215.364626
% 209 159983.964778
% 210 161545.423480
% 211 161441.470293
% 212 158081.891122
% 213 158105.242340
% 214 157178.133228
> Finished 214 generations with 2998072 distance calculations. GA Runtime = 79.9050 sec
> Final distance: 146882.951119
> Final Route:
Truck 0 [len = 43]: 0 --> 148 --> 34 --> 121 --> 41 --> 147 --> 76 --> 31 --> 89 --> 46 --> 62 --> 103 --> 9 --> 97 --> 87 --> 73 --> 83 --> 20 --> 14 --> 71 --> 37 --> 58 --> 138 --> 140 --> 98 --> 137 --> 54 --> 56 --> 86 --> 105 --> 114 --> 119 --> 122 --> 91 --> 27 --> 35 --> 101 --> 108 --> 92 --> 134 --> 19 --> 53 --> 39
Truck 1 [len = 22]: 0 --> 109 --> 144 --> 43 --> 72 --> 67 --> 81 --> 12 --> 95 --> 1 --> 23 --> 136 --> 15 --> 112 --> 93 --> 123 --> 69 --> 133 --> 30 --> 118 --> 141 --> 2
Truck 2 [len = 23]: 0 --> 16 --> 50 --> 132 --> 126 --> 90 --> 42 --> 145 --> 61 --> 38 --> 4 --> 55 --> 94 --> 115 --> 45 --> 104 --> 40 --> 49 --> 80 --> 75 --> 106 --> 29 --> 13
Truck 3 [len = 43]: 0 --> 135 --> 28 --> 21 --> 102 --> 47 --> 85 --> 84 --> 32 --> 33 --> 68 --> 24 --> 11 --> 6 --> 82 --> 99 --> 63 --> 3 --> 117 --> 131 --> 78 --> 143 --> 65 --> 128 --> 142 --> 107 --> 22 --> 59 --> 60 --> 139 --> 51 --> 26 --> 70 --> 120 --> 146 --> 36 --> 111 --> 127 --> 44 --> 110 --> 25 --> 113 --> 10
Truck 4 [len = 23]: 0 --> 57 --> 130 --> 48 --> 5 --> 7 --> 96 --> 52 --> 18 --> 74 --> 17 --> 8 --> 129 --> 79 --> 88 --> 116 --> 149 --> 77 --> 124 --> 64 --> 125 --> 100 --> 66
> Generation - Distance curve saved to fig/mtsp150_baseline_30_5_1000_100_10_20211216_16_50_57/20211216_17_18_31.png.
