--> Running ID = 10
> Loading cities from instances/mtsp150.txt
	>> 150 cities in total to be loaded
> 150 cities loaded from instances/mtsp150.txt
> Initial distance: 277286.260642
> Starting running GA.
	>> cities = 150, salesmen = 5
	>> Generations = 1000, PopulationSize = 100, TournamentSize = 10
# Generation Distance
% 1 272119.620058
% 2 269393.474547
% 3 264420.629876
% 4 260722.562750
% 5 252000.159662
% 6 249716.495624
% 7 247594.135077
% 8 244257.312810
% 9 240946.849633
% 10 237418.702426
% 11 237687.062974
% 12 235761.302409
% 13 229467.891852
% 14 226554.583815
% 15 222206.126346
% 16 220061.312898
% 17 216915.798449
% 18 218516.047345
% 19 215718.445600
% 20 213137.016532
% 21 211088.239159
% 22 207490.477498
% 23 207830.433294
% 24 209133.433896
% 25 202647.322873
% 26 201943.060391
% 27 202084.024934
% 28 200675.947495
% 29 197953.309746
% 30 195658.180004
% 31 195786.363651
% 32 195803.573325
% 33 197320.267875
% 34 195135.576496
% 35 190287.330428
% 36 185037.646432
% 37 181317.977492
% 38 177656.350933
% 39 176428.055190
% 40 177544.737469
% 41 175178.468230
% 42 174340.904901
% 43 174652.365320
% 44 175048.392930
% 45 173340.654704
% 46 167592.704348
% 47 164492.127842
% 48 164456.360472
% 49 163890.673011
% 50 164832.901606
% 51 164224.104364
% 52 164738.821703
% 53 164056.859533
% 54 161987.031404
% 55 159119.146414
% 56 161034.467623
% 57 161165.464308
% 58 160462.112525
% 59 162983.547751
% 60 161492.616340
% 61 160782.602355
% 62 162637.750181
% 63 162501.767104
% 64 160461.088060
% 65 163326.090551
% 66 163122.518755
% 67 162465.453765
% 68 162064.985690
% 69 161145.218128
% 70 158533.376439
% 71 159120.040835
% 72 159599.791958
% 73 159840.891585
% 74 158855.694250
% 75 159246.099530
% 76 158242.055497
% 77 160116.071075
% 78 157296.377391
% 79 157540.333105
% 80 158572.596705
% 81 155413.651498
% 82 153919.640208
% 83 152862.214884
% 84 152645.808761
% 85 154003.630146
% 86 154615.518333
% 87 156462.473482
% 88 152334.126166
% 89 150904.739753
% 90 152143.782610
% 91 150340.614105
% 92 151117.918125
% 93 152866.388572
% 94 152348.685098
% 95 152612.414272
% 96 146418.065310
% 97 142082.151628
% 98 138952.711790
% 99 142721.447713
% 100 141467.045875
% 101 141714.592899
% 102 143765.540228
% 103 144196.621246
% 104 140360.243183
% 105 141136.890737
% 106 138116.357599
% 107 138610.678921
% 108 138561.820076
% 109 141055.053285
% 110 140913.395520
% 111 142971.525682
% 112 144046.050249
% 113 142542.670001
% 114 143944.733243
% 115 140415.309117
% 116 142316.973795
% 117 144521.043930
% 118 143277.711086
% 119 144203.636761
% 120 144646.614908
% 121 142997.517050
% 122 148775.752974
% 123 144049.580543
% 124 142975.254369
% 125 142803.979431
% 126 144524.534502
% 127 145190.248744
% 128 146844.793004
% 129 146281.399591
% 130 146259.092083
% 131 144375.027677
% 132 148186.941606
% 133 150194.996621
% 134 147939.718076
% 135 147377.528987
% 136 146723.971325
% 137 143276.956490
% 138 144495.027253
% 139 144112.349800
% 140 144655.806413
% 141 142498.432288
% 142 141819.235187
% 143 142095.853244
% 144 143606.759043
% 145 143826.453862
% 146 145520.079612
% 147 141906.920087
% 148 142389.063237
% 149 143631.214993
% 150 142727.277729
% 151 142727.493806
% 152 140920.648960
% 153 141609.614381
% 154 140621.321548
% 155 141218.691925
% 156 143488.814763
% 157 143013.805132
% 158 141985.928292
% 159 139472.506968
% 160 142025.995126
% 161 140300.488364
% 162 142883.291491
% 163 142684.738454
% 164 143651.485946
% 165 141298.211891
% 166 137044.386376
% 167 142137.642427
% 168 142108.611823
% 169 142278.760429
% 170 145134.602469
% 171 147072.035690
% 172 145152.712740
% 173 144332.668102
% 174 141943.327243
% 175 141645.035442
% 176 143091.445453
% 177 145111.539306
% 178 146382.258317
% 179 145463.538275
% 180 146368.928465
% 181 147272.363917
% 182 148032.374232
% 183 149298.705918
% 184 152935.358796
% 185 151998.699846
% 186 152012.439355
% 187 150465.526930
% 188 151055.667890
% 189 152941.474029
% 190 150423.304503
% 191 150189.885493
% 192 152946.454287
% 193 151855.933785
% 194 153301.852448
% 195 156225.128515
% 196 154697.928267
% 197 154342.320979
% 198 151723.799786
% 199 151977.916151
% 200 153510.358139
% 201 154834.189422
% 202 154113.187641
% 203 155414.900619
% 204 157827.423563
% 205 157879.113239
% 206 157048.821257
% 207 155737.940240
% 208 154894.171568
% 209 153386.493722
% 210 154473.642564
% 211 155428.557740
% 212 155164.295931
% 213 153335.033651
% 214 154740.749516
> Finished 214 generations with 2996994 distance calculations. GA Runtime = 78.3245 sec
> Final distance: 137044.386376
> Final Route:
Truck 0 [len = 21]: 0 --> 12 --> 81 --> 67 --> 99 --> 56 --> 119 --> 145 --> 104 --> 40 --> 42 --> 51 --> 148 --> 109 --> 82 --> 16 --> 135 --> 61 --> 120 --> 88 --> 141
Truck 1 [len = 40]: 0 --> 24 --> 39 --> 43 --> 63 --> 137 --> 68 --> 94 --> 38 --> 105 --> 66 --> 138 --> 129 --> 132 --> 72 --> 84 --> 57 --> 6 --> 19 --> 122 --> 47 --> 36 --> 13 --> 70 --> 127 --> 8 --> 54 --> 80 --> 125 --> 32 --> 139 --> 45 --> 75 --> 64 --> 102 --> 4 --> 28 --> 21 --> 124 --> 143
Truck 2 [len = 29]: 0 --> 34 --> 11 --> 26 --> 49 --> 115 --> 1 --> 107 --> 112 --> 113 --> 100 --> 134 --> 144 --> 10 --> 35 --> 37 --> 128 --> 65 --> 133 --> 101 --> 87 --> 103 --> 79 --> 106 --> 111 --> 114 --> 44 --> 14 --> 83
Truck 3 [len = 29]: 0 --> 60 --> 146 --> 86 --> 29 --> 77 --> 95 --> 55 --> 76 --> 33 --> 22 --> 140 --> 126 --> 85 --> 31 --> 71 --> 78 --> 147 --> 23 --> 20 --> 93 --> 15 --> 121 --> 41 --> 91 --> 89 --> 130 --> 53 --> 2
Truck 4 [len = 35]: 0 --> 48 --> 98 --> 90 --> 73 --> 25 --> 97 --> 46 --> 18 --> 5 --> 131 --> 110 --> 27 --> 116 --> 59 --> 108 --> 118 --> 7 --> 136 --> 17 --> 123 --> 9 --> 69 --> 142 --> 3 --> 52 --> 117 --> 96 --> 74 --> 30 --> 50 --> 149 --> 62 --> 58 --> 92
> Generation - Distance curve saved to fig/mtsp150_baseline_30_5_1000_100_10_20211216_16_50_57/20211216_17_03_18.png.
