--> Running ID = 15
> Loading cities from instances/mtsp150.txt
	>> 150 cities in total to be loaded
> 150 cities loaded from instances/mtsp150.txt
> Initial distance: 282179.089042
> Starting running GA.
	>> cities = 150, salesmen = 5
	>> Generations = 1000, PopulationSize = 100, TournamentSize = 10
# Generation Distance
% 1 276581.000957
% 2 268123.850979
% 3 264941.655443
% 4 263982.694666
% 5 259949.539104
% 6 256729.116699
% 7 250355.366315
% 8 248269.356832
% 9 246793.011584
% 10 243333.657363
% 11 242112.839000
% 12 239110.309083
% 13 238769.005803
% 14 239526.631384
% 15 238106.888584
% 16 231818.754062
% 17 229305.169201
% 18 226223.491081
% 19 222861.146312
% 20 216888.898616
% 21 214853.936117
% 22 213991.705726
% 23 208341.661129
% 24 206465.174650
% 25 205909.625889
% 26 203950.366975
% 27 202784.396039
% 28 202880.409846
% 29 200623.784479
% 30 200488.578636
% 31 198691.048283
% 32 194736.625512
% 33 195232.313223
% 34 194955.129704
% 35 195923.905885
% 36 194489.961027
% 37 192584.660944
% 38 187120.745374
% 39 186724.659582
% 40 182960.104344
% 41 181636.213708
% 42 182230.365440
% 43 181373.702685
% 44 179253.418645
% 45 179592.047703
% 46 176748.846520
% 47 176894.380306
% 48 176145.731449
% 49 174228.478010
% 50 173944.574908
% 51 171417.929883
% 52 173724.864086
% 53 174166.055848
% 54 173717.363713
% 55 170020.999763
% 56 171530.729489
% 57 169935.316089
% 58 168478.659269
% 59 169266.519307
% 60 168130.197750
% 61 169496.100583
% 62 168891.174178
% 63 167377.326449
% 64 167525.308669
% 65 168102.164916
% 66 167239.581237
% 67 166403.491676
% 68 167059.386591
% 69 167752.679287
% 70 168219.779850
% 71 167935.630318
% 72 164486.272525
% 73 166920.126422
% 74 166560.779788
% 75 165708.041439
% 76 168145.218688
% 77 169715.816320
% 78 168651.749755
% 79 169181.935651
% 80 170537.986123
% 81 171060.698726
% 82 171606.155131
% 83 170303.382110
% 84 170243.146379
% 85 170680.116415
% 86 167147.866278
% 87 169202.962061
% 88 169639.140163
% 89 169154.660162
% 90 167696.319798
% 91 166869.512247
% 92 165764.298171
% 93 167330.439448
% 94 166848.778048
% 95 166711.974986
% 96 168112.995284
% 97 166694.375817
% 98 167073.580467
% 99 168579.954713
% 100 165532.144713
% 101 165693.290421
% 102 165006.710669
% 103 163206.083142
% 104 161606.467158
% 105 160022.582005
% 106 159934.620515
% 107 161150.580301
% 108 158314.480908
% 109 159388.694317
% 110 159789.117465
% 111 157238.315302
% 112 156616.384543
% 113 156092.808528
% 114 155135.723124
% 115 152638.465419
% 116 154004.701031
% 117 152503.257593
% 118 155283.154408
% 119 155836.454338
% 120 154066.541585
% 121 156072.992077
% 122 156074.940140
% 123 154462.008296
% 124 156650.432938
% 125 158191.316920
% 126 156430.576731
% 127 159344.512417
% 128 158562.416309
% 129 159364.330881
% 130 159130.039903
% 131 158884.856795
% 132 159556.699988
% 133 159773.142721
% 134 158646.282839
% 135 158286.470571
% 136 157736.750551
% 137 158031.258241
% 138 161019.719288
% 139 157089.343232
% 140 157208.149404
% 141 152862.762937
% 142 156338.840712
% 143 154588.905234
% 144 155853.543118
% 145 157621.075067
% 146 154118.775076
% 147 154235.694469
% 148 151953.655591
% 149 153720.053420
% 150 153883.669410
% 151 152182.177675
% 152 153522.401970
% 153 156237.017420
% 154 158326.916494
% 155 157089.349870
% 156 156962.048590
% 157 154325.334468
% 158 150130.333550
% 159 151296.602591
% 160 155094.637976
% 161 154493.085451
% 162 152594.543216
% 163 152067.495775
% 164 153702.096167
% 165 151698.944650
% 166 153121.271856
% 167 150818.035581
% 168 153527.211709
% 169 153213.454163
% 170 152909.798971
% 171 151634.012304
% 172 152485.186532
% 173 151153.138607
% 174 151289.960493
% 175 150508.507843
% 176 145990.602904
% 177 148483.471817
% 178 149225.446488
% 179 145771.622876
% 180 148425.069945
% 181 149489.128529
% 182 149552.399729
% 183 147615.084917
% 184 150449.879809
% 185 151682.114676
% 186 154506.360944
% 187 153435.632019
% 188 155620.579935
% 189 154081.269880
% 190 153229.071722
% 191 151350.526911
% 192 150885.119342
% 193 149989.822902
% 194 152982.914854
% 195 150916.307924
% 196 149204.387605
% 197 147604.683700
% 198 148328.729360
% 199 148395.167912
% 200 149161.842190
% 201 148982.147247
% 202 148731.774343
% 203 150650.432828
% 204 148099.643631
% 205 151124.686493
% 206 150640.693771
% 207 148439.656351
% 208 146088.697642
% 209 149125.918663
% 210 146226.294589
% 211 144881.797670
% 212 146016.803715
% 213 147065.695417
% 214 141600.349298
> Finished 214 generations with 2998688 distance calculations. GA Runtime = 79.5521 sec
> Final distance: 141600.349298
> Final Route:
Truck 0 [len = 19]: 0 --> 70 --> 149 --> 31 --> 62 --> 113 --> 89 --> 25 --> 101 --> 37 --> 126 --> 6 --> 98 --> 69 --> 133 --> 93 --> 41 --> 141 --> 129
Truck 1 [len = 41]: 0 --> 11 --> 28 --> 32 --> 43 --> 39 --> 38 --> 120 --> 29 --> 111 --> 116 --> 13 --> 56 --> 135 --> 77 --> 86 --> 124 --> 104 --> 114 --> 9 --> 18 --> 3 --> 117 --> 118 --> 128 --> 44 --> 59 --> 138 --> 132 --> 50 --> 57 --> 108 --> 19 --> 67 --> 144 --> 33 --> 134 --> 24 --> 45 --> 42 --> 8
Truck 2 [len = 32]: 0 --> 87 --> 58 --> 5 --> 90 --> 85 --> 73 --> 54 --> 27 --> 78 --> 63 --> 115 --> 60 --> 34 --> 22 --> 79 --> 147 --> 7 --> 112 --> 110 --> 143 --> 49 --> 139 --> 148 --> 51 --> 26 --> 99 --> 4 --> 80 --> 75 --> 55 --> 84
Truck 3 [len = 24]: 0 --> 66 --> 106 --> 122 --> 16 --> 82 --> 127 --> 140 --> 12 --> 40 --> 61 --> 53 --> 72 --> 131 --> 10 --> 15 --> 74 --> 137 --> 2 --> 107 --> 125 --> 1 --> 76 --> 109
Truck 4 [len = 38]: 0 --> 92 --> 48 --> 142 --> 30 --> 123 --> 65 --> 83 --> 103 --> 23 --> 17 --> 52 --> 136 --> 96 --> 14 --> 97 --> 46 --> 121 --> 91 --> 71 --> 35 --> 20 --> 130 --> 88 --> 119 --> 47 --> 145 --> 105 --> 21 --> 100 --> 94 --> 81 --> 146 --> 95 --> 36 --> 64 --> 102 --> 68
> Generation - Distance curve saved to fig/mtsp150_baseline_30_5_1000_100_10_20211216_16_50_57/20211216_17_10_13.png.
