--> Running ID = 29
> Loading cities from instances/mtsp150.txt
	>> 150 cities in total to be loaded
> 150 cities loaded from instances/mtsp150.txt
> Initial distance: 263851.068547
> Starting running GA.
	>> cities = 150, salesmen = 5
	>> Generations = 1000, PopulationSize = 100, TournamentSize = 10
# Generation Distance
% 1 260438.870007
% 2 256387.019892
% 3 254526.048951
% 4 252308.911128
% 5 245427.248918
% 6 245197.347807
% 7 242461.770392
% 8 239358.975878
% 9 236503.197308
% 10 236113.807907
% 11 229592.919335
% 12 230972.257182
% 13 227874.505132
% 14 227009.298602
% 15 223649.261649
% 16 221816.667062
% 17 219618.355412
% 18 214777.047207
% 19 212060.007050
% 20 211056.718440
% 21 207905.049256
% 22 208750.772289
% 23 207670.688187
% 24 205358.793785
% 25 202279.233449
% 26 202061.304263
% 27 202773.310790
% 28 199177.948594
% 29 199183.275305
% 30 199393.557388
% 31 196536.613213
% 32 194923.470648
% 33 192590.391002
% 34 194463.580721
% 35 189927.727916
% 36 190465.551371
% 37 189453.204393
% 38 189861.300490
% 39 187114.784627
% 40 186969.248321
% 41 187084.961304
% 42 186920.958450
% 43 181947.109577
% 44 182391.890297
% 45 179517.718388
% 46 178571.565442
% 47 178115.770507
% 48 177256.558845
% 49 171022.328500
% 50 172329.295804
% 51 171461.934922
% 52 167982.221573
% 53 169607.763105
% 54 167957.697382
% 55 169843.303146
% 56 167777.202323
% 57 166451.501125
% 58 166806.321963
% 59 164821.101067
% 60 163801.229475
% 61 165311.048023
% 62 166444.627639
% 63 166342.778246
% 64 167037.927800
% 65 169186.486471
% 66 167931.865083
% 67 167044.743597
% 68 166780.419572
% 69 166925.506786
% 70 164292.620643
% 71 165295.192332
% 72 166966.837676
% 73 168705.288273
% 74 164014.738444
% 75 164723.140864
% 76 165182.908117
% 77 164281.115222
% 78 162613.258748
% 79 162619.632517
% 80 165056.419185
% 81 166943.380017
% 82 162897.935943
% 83 163661.299575
% 84 161193.068874
% 85 163823.350142
% 86 161424.468724
% 87 163308.410052
% 88 163213.726284
% 89 162592.295302
% 90 163134.282273
% 91 165014.302360
% 92 162687.824326
% 93 162167.775486
% 94 158577.537910
% 95 158971.679608
% 96 157167.328403
% 97 156355.892080
% 98 156673.422401
% 99 157480.906554
% 100 156883.527521
% 101 156800.998665
% 102 155486.439865
% 103 156602.454567
% 104 153969.428430
% 105 158911.797259
% 106 158385.298953
% 107 159995.438095
% 108 157697.411793
% 109 156919.983291
% 110 155659.764560
% 111 155598.539318
% 112 154768.110665
% 113 155670.696554
% 114 155455.899533
% 115 155598.382036
% 116 154479.051590
% 117 155447.173050
% 118 156036.813103
% 119 155842.704633
% 120 156700.374693
% 121 154012.236675
% 122 156172.830940
% 123 155083.211645
% 124 156286.045097
% 125 155895.643619
% 126 157965.161658
% 127 159300.752432
% 128 161720.976663
% 129 160213.371052
% 130 161039.569471
% 131 163558.104798
% 132 161810.300016
% 133 162598.133418
% 134 160756.461817
% 135 161128.469386
% 136 161658.571712
% 137 162513.201392
% 138 164004.197584
% 139 163137.142109
% 140 159412.480388
% 141 160782.686826
% 142 160782.686826
% 143 161251.499787
% 144 160535.655760
% 145 160591.861359
% 146 161011.776681
% 147 156904.437166
% 148 158086.995842
% 149 157356.690354
% 150 156745.558451
% 151 155962.890237
% 152 154632.021839
% 153 153699.426544
% 154 157752.094083
% 155 157359.361041
% 156 158922.932181
% 157 160370.732742
% 158 160351.393690
% 159 159433.982020
% 160 158423.217336
% 161 159784.864274
% 162 158519.624826
% 163 159031.888716
% 164 158480.821690
% 165 154787.196366
% 166 155639.288335
% 167 155571.100601
% 168 155408.467900
% 169 155668.361398
% 170 158491.654745
% 171 157980.776661
% 172 158631.534148
% 173 158609.014538
% 174 162560.060227
% 175 156996.283915
% 176 158242.664589
% 177 156826.742297
% 178 157160.484306
% 179 155082.590911
% 180 155102.508907
% 181 154544.737728
% 182 155803.789891
% 183 152511.489273
% 184 155472.405580
% 185 157187.868857
% 186 155918.912065
% 187 155327.458618
% 188 157614.927089
% 189 157497.724443
% 190 159326.774805
% 191 157990.859288
% 192 157406.254286
% 193 155026.651818
% 194 153580.656688
% 195 154120.301781
% 196 151611.785755
% 197 153167.767816
% 198 155472.094757
% 199 155361.503197
% 200 154057.844838
% 201 152629.084704
% 202 152218.629773
% 203 153363.366902
% 204 154541.042178
% 205 156439.204548
% 206 155311.965775
% 207 156907.939252
% 208 155271.451272
% 209 152060.741748
% 210 152615.844840
% 211 152321.450531
% 212 151731.630115
% 213 150550.985124
% 214 151971.180414
> Finished 214 generations with 2999304 distance calculations. GA Runtime = 79.1266 sec
> Final distance: 150550.985124
> Final Route:
Truck 0 [len = 37]: 0 --> 45 --> 99 --> 32 --> 125 --> 64 --> 132 --> 1 --> 120 --> 4 --> 81 --> 10 --> 73 --> 62 --> 85 --> 83 --> 18 --> 7 --> 53 --> 63 --> 121 --> 30 --> 65 --> 74 --> 35 --> 141 --> 88 --> 129 --> 91 --> 149 --> 147 --> 2 --> 66 --> 122 --> 8 --> 127 --> 34
Truck 1 [len = 36]: 0 --> 55 --> 38 --> 84 --> 43 --> 133 --> 33 --> 6 --> 76 --> 42 --> 108 --> 118 --> 49 --> 29 --> 102 --> 80 --> 116 --> 114 --> 124 --> 135 --> 70 --> 11 --> 61 --> 21 --> 86 --> 56 --> 106 --> 134 --> 119 --> 13 --> 111 --> 130 --> 15 --> 27 --> 39 --> 107
Truck 2 [len = 23]: 0 --> 19 --> 22 --> 131 --> 136 --> 142 --> 44 --> 113 --> 89 --> 52 --> 5 --> 100 --> 105 --> 28 --> 104 --> 47 --> 16 --> 77 --> 146 --> 95 --> 36 --> 75 --> 57
Truck 3 [len = 31]: 0 --> 139 --> 17 --> 93 --> 110 --> 103 --> 98 --> 46 --> 71 --> 50 --> 67 --> 72 --> 115 --> 12 --> 94 --> 60 --> 112 --> 78 --> 96 --> 87 --> 90 --> 14 --> 31 --> 9 --> 138 --> 41 --> 79 --> 3 --> 40 --> 148 --> 144
Truck 4 [len = 27]: 0 --> 143 --> 48 --> 101 --> 37 --> 140 --> 20 --> 126 --> 123 --> 23 --> 58 --> 25 --> 97 --> 117 --> 69 --> 128 --> 137 --> 26 --> 51 --> 145 --> 82 --> 24 --> 92 --> 68 --> 109 --> 59 --> 54
> Generation - Distance curve saved to fig/mtsp150_baseline_30_5_1000_100_10_20211216_16_50_57/20211216_17_29_28.png.
