--> Running ID = 30
> Loading cities from instances/pr152.txt
	>> 152 cities in total to be loaded
> 152 cities loaded from instances/pr152.txt
> Initial distance: 1005448.788471
> Starting running GA.
	>> cities = 152, salesmen = 5
	>> Generations = 1000, PopulationSize = 100, TournamentSize = 10
# Generation Distance
% 1 987672.870455
% 2 973813.661850
% 3 964834.288645
% 4 961378.721877
% 5 937134.577509
% 6 940870.605431
% 7 923246.651366
% 8 913607.532988
% 9 906917.052725
% 10 889705.542855
% 11 879220.319715
% 12 872907.437425
% 13 858392.222402
% 14 851946.417527
% 15 850312.167648
% 16 848342.328123
% 17 830877.106958
% 18 830877.106958
% 19 806818.155852
% 20 801257.663128
% 21 799689.946689
% 22 793925.871872
% 23 785732.489000
% 24 804357.901546
% 25 779766.087078
% 26 770400.473118
% 27 773440.439052
% 28 765324.463104
% 29 753961.725348
% 30 767912.623019
% 31 769735.184959
% 32 757740.015202
% 33 752879.054005
% 34 757627.768859
% 35 757602.416114
% 36 757395.705676
% 37 746267.356967
% 38 731986.747325
% 39 731540.729045
% 40 732917.934018
% 41 720155.836697
% 42 711189.127711
% 43 723786.230006
% 44 690991.794466
% 45 692764.626330
% 46 688870.873498
% 47 698710.850387
% 48 682586.822682
% 49 678781.733843
% 50 675333.627181
% 51 682774.636894
% 52 683634.921521
% 53 684294.119629
% 54 672309.728477
% 55 666189.498627
% 56 666828.329265
% 57 674180.825194
% 58 652260.329130
% 59 656082.950671
% 60 650390.860429
% 61 635967.189947
% 62 635848.928726
% 63 642686.094090
% 64 629543.332795
% 65 642883.993301
% 66 636535.395292
% 67 625952.951893
% 68 640464.762198
% 69 632633.724855
% 70 639300.328509
% 71 640609.365590
% 72 638142.994399
% 73 632607.316263
% 74 624587.559294
% 75 619068.217544
% 76 624546.311633
% 77 634284.253089
% 78 615371.675536
% 79 608029.935544
% 80 606581.505194
% 81 607579.838219
% 82 615336.258216
% 83 600763.026192
% 84 611404.607684
% 85 608476.791930
% 86 613635.230714
% 87 616002.158227
% 88 602129.841580
% 89 598850.297150
% 90 607412.633528
% 91 606723.880831
% 92 614813.976093
% 93 613525.784430
% 94 626356.594045
% 95 618841.971850
% 96 626518.198453
% 97 608530.718565
% 98 639771.702563
% 99 632231.073650
% 100 637782.487948
% 101 623766.697872
% 102 632855.759093
% 103 623755.232139
% 104 616591.841163
% 105 618407.004526
% 106 611903.167249
% 107 611091.949716
% 108 607757.871903
% 109 615429.300384
% 110 603056.371588
% 111 614696.573423
% 112 610690.340313
% 113 608097.432355
% 114 609195.390921
% 115 621368.751862
% 116 615012.336719
% 117 627374.164828
% 118 623075.045376
% 119 620313.180917
% 120 620299.799040
% 121 632489.239117
% 122 616352.782157
% 123 620849.896277
% 124 609929.026834
% 125 613180.209114
% 126 610215.838949
% 127 618540.385392
% 128 613287.927225
% 129 614450.624508
% 130 600156.287629
% 131 607338.491366
% 132 611582.041204
% 133 603332.608544
% 134 604516.160475
% 135 612787.062596
% 136 613129.717046
% 137 606036.033188
% 138 601628.189879
% 139 610842.860577
% 140 606726.636584
% 141 600958.556596
% 142 619105.963669
% 143 611544.862976
% 144 611479.433392
% 145 618916.733347
% 146 608376.035462
% 147 601053.971331
% 148 618213.939349
% 149 613996.022900
% 150 621235.923749
% 151 613858.888954
% 152 634017.506266
% 153 636267.289846
% 154 629915.175754
% 155 649629.052119
% 156 648889.628059
% 157 641881.379118
% 158 645723.377769
% 159 640647.993252
% 160 637202.872709
% 161 630251.178794
% 162 639871.302974
% 163 621915.989580
% 164 617953.320334
% 165 629264.115954
% 166 616091.426413
% 167 618348.521941
% 168 603156.234742
% 169 622746.814843
% 170 610404.711886
% 171 615745.849150
% 172 614502.727116
% 173 595465.599190
% 174 599966.252895
% 175 609381.781675
% 176 610556.323460
% 177 620913.711007
% 178 611432.422110
% 179 607641.284654
% 180 601388.732864
% 181 588935.905590
% 182 586125.168150
% 183 597110.289758
% 184 602383.154112
% 185 597237.679090
% 186 597806.966779
% 187 585670.020538
% 188 581566.891714
% 189 578959.462592
% 190 575481.213547
% 191 575088.519303
% 192 592110.680092
% 193 601172.263447
% 194 596475.811123
% 195 596132.645219
% 196 591329.643629
% 197 612202.823675
% 198 582135.073297
% 199 587560.931109
% 200 574236.845713
% 201 582330.219501
% 202 583963.687767
% 203 586987.093959
% 204 579489.215785
% 205 573436.922840
% 206 593458.808389
% 207 576234.011635
% 208 579647.419303
% 209 584971.550410
% 210 562117.447642
% 211 580617.393845
% 212 574551.436491
% 213 582702.764431
> Finished 213 generations with 3026868 distance calculations. GA Runtime = 89.8427 sec
> Final distance: 562117.447642
> Final Route:
Truck 0 [len = 43]: 0 --> 124 --> 143 --> 145 --> 146 --> 131 --> 91 --> 47 --> 113 --> 55 --> 63 --> 108 --> 82 --> 78 --> 96 --> 10 --> 17 --> 9 --> 8 --> 5 --> 64 --> 127 --> 128 --> 136 --> 117 --> 60 --> 13 --> 25 --> 45 --> 95 --> 97 --> 33 --> 1 --> 12 --> 23 --> 21 --> 7 --> 109 --> 44 --> 67 --> 35 --> 34 --> 4
Truck 1 [len = 26]: 0 --> 46 --> 72 --> 77 --> 48 --> 93 --> 86 --> 104 --> 58 --> 62 --> 142 --> 42 --> 40 --> 61 --> 135 --> 119 --> 111 --> 2 --> 29 --> 24 --> 65 --> 83 --> 105 --> 148 --> 129 --> 16
Truck 2 [len = 22]: 0 --> 31 --> 107 --> 84 --> 141 --> 116 --> 130 --> 149 --> 120 --> 100 --> 102 --> 134 --> 68 --> 69 --> 54 --> 98 --> 38 --> 37 --> 52 --> 15 --> 14 --> 27
Truck 3 [len = 36]: 0 --> 11 --> 101 --> 71 --> 73 --> 92 --> 76 --> 112 --> 70 --> 51 --> 43 --> 53 --> 114 --> 94 --> 3 --> 26 --> 6 --> 22 --> 39 --> 18 --> 80 --> 133 --> 144 --> 85 --> 89 --> 50 --> 49 --> 75 --> 137 --> 140 --> 139 --> 66 --> 110 --> 59 --> 19 --> 20
Truck 4 [len = 29]: 0 --> 32 --> 126 --> 132 --> 122 --> 123 --> 125 --> 115 --> 74 --> 28 --> 36 --> 138 --> 106 --> 56 --> 87 --> 57 --> 103 --> 81 --> 41 --> 88 --> 79 --> 99 --> 121 --> 118 --> 147 --> 150 --> 151 --> 90 --> 30
> Generation - Distance curve saved to fig/pr152_baseline_30_5_1000_100_10_20211216_19_13_47/20211216_19_56_16.png.
