--> Running ID = 2
> Loading cities from instances/pr152.txt
	>> 152 cities in total to be loaded
> 152 cities loaded from instances/pr152.txt
> Initial distance: 993182.686732
> Starting running GA.
	>> cities = 152, salesmen = 5
	>> Generations = 1000, PopulationSize = 100, TournamentSize = 10
# Generation Distance
% 1 979508.383244
% 2 963296.690160
% 3 953367.306387
% 4 940380.119570
% 5 917653.132631
% 6 909512.986874
% 7 903589.876955
% 8 903270.175520
% 9 902924.973920
% 10 902566.351660
% 11 899929.427866
% 12 899379.464284
% 13 893923.940733
% 14 891997.293684
% 15 893275.893745
% 16 878160.655062
% 17 861383.667685
% 18 849495.310781
% 19 840696.579366
% 20 842619.386888
% 21 847903.318181
% 22 823601.378305
% 23 814323.912971
% 24 816241.687559
% 25 817983.021910
% 26 807167.387105
% 27 807304.696326
% 28 784310.023247
% 29 795335.814680
% 30 795977.529569
% 31 782696.528909
% 32 772933.899249
% 33 780009.497681
% 34 751555.550665
% 35 749259.176240
% 36 751132.051961
% 37 751987.508675
% 38 748465.340111
% 39 748919.180549
% 40 734584.303225
% 41 737933.704310
% 42 731536.408227
% 43 723991.167303
% 44 722265.763575
% 45 725667.601217
% 46 717052.861679
% 47 726073.697336
% 48 707111.543651
% 49 728081.609774
% 50 727864.362158
% 51 720577.216107
% 52 720941.948242
% 53 717787.425212
% 54 721415.028211
% 55 714372.572041
% 56 717430.106793
% 57 723660.105247
% 58 712956.337368
% 59 713681.470621
% 60 718186.120388
% 61 709127.753469
% 62 702620.701370
% 63 691192.936759
% 64 689150.646807
% 65 692499.838929
% 66 680291.474154
% 67 672432.883930
% 68 662685.325958
% 69 673744.181277
% 70 659871.932257
% 71 655228.735937
% 72 659573.185492
% 73 657053.544398
% 74 655088.279776
% 75 652595.765296
% 76 653721.150668
% 77 633937.587920
% 78 651501.014004
% 79 629760.615458
% 80 629967.647436
% 81 628540.657385
% 82 624951.137812
% 83 623137.703165
% 84 618302.853660
% 85 604505.179527
% 86 610853.015946
% 87 621148.364625
% 88 613971.040003
% 89 612312.358264
% 90 596123.574824
% 91 608806.391578
% 92 595390.556298
% 93 605033.856113
% 94 608224.894552
% 95 612802.270315
% 96 618544.785318
% 97 613246.537590
% 98 599846.628305
% 99 590510.596994
% 100 590105.938392
% 101 581837.064665
% 102 603470.494626
% 103 597810.495240
% 104 598045.248103
% 105 601149.271711
% 106 596034.098170
% 107 599351.139542
% 108 593718.259856
% 109 589709.931745
% 110 585299.379542
% 111 585556.493918
% 112 586755.512152
% 113 585239.405775
% 114 587120.364372
% 115 583158.400031
% 116 565550.935634
% 117 572798.115236
% 118 577503.145651
% 119 559335.616082
% 120 574218.042554
% 121 561614.890782
% 122 575681.121777
% 123 564800.127285
% 124 571921.045710
% 125 554396.380276
% 126 567997.730771
% 127 563444.256859
% 128 563678.118152
% 129 562131.413720
% 130 552922.269504
% 131 550517.035882
% 132 553174.962441
% 133 545279.748306
% 134 546918.821404
% 135 557113.449767
% 136 560420.143170
% 137 563983.284769
% 138 550232.985866
% 139 560736.590073
% 140 553083.540979
% 141 547306.105365
% 142 557086.753848
% 143 559173.877422
% 144 548248.300876
% 145 561393.197105
% 146 566117.938227
% 147 554874.003399
% 148 565069.492963
% 149 567101.907125
% 150 573991.434167
% 151 554816.128888
% 152 560299.235251
% 153 565201.575884
% 154 565740.713798
% 155 567901.348759
% 156 563497.825280
% 157 556060.883172
% 158 567918.894158
% 159 581175.526215
% 160 564247.278296
% 161 569261.217690
% 162 561338.124246
% 163 575593.972768
% 164 561962.083605
% 165 551089.322552
% 166 554298.831281
% 167 546288.087854
% 168 564133.597443
% 169 567203.314279
% 170 574258.676725
% 171 560200.345307
% 172 563129.871535
% 173 566988.590136
% 174 581882.866583
% 175 564184.921408
% 176 575253.643316
% 177 569323.785729
% 178 565763.302423
% 179 548515.453459
% 180 552863.837626
% 181 553144.809982
% 182 551533.562722
% 183 561591.400857
% 184 553839.845569
% 185 555503.990900
% 186 565563.337857
% 187 564691.087072
% 188 560987.621498
% 189 556239.407477
% 190 563784.343204
% 191 552439.934133
% 192 539164.450853
% 193 533973.979661
% 194 539555.297346
% 195 551661.599979
% 196 553373.456936
% 197 537416.897047
% 198 562656.379264
% 199 565920.151122
% 200 569824.459612
% 201 575041.015582
% 202 582431.184261
% 203 580603.639409
% 204 572344.647781
% 205 571732.052669
% 206 592929.746440
% 207 566184.205429
% 208 568477.163726
% 209 559122.146113
% 210 566074.226955
% 211 571394.360512
% 212 570770.008563
% 213 566584.687279
% 214 550056.586264
> Finished 214 generations with 3035136 distance calculations. GA Runtime = 91.2571 sec
> Final distance: 533973.979661
> Final Route:
Truck 0 [len = 35]: 0 --> 140 --> 116 --> 139 --> 142 --> 117 --> 141 --> 137 --> 138 --> 118 --> 128 --> 132 --> 134 --> 121 --> 144 --> 119 --> 145 --> 71 --> 79 --> 99 --> 143 --> 105 --> 54 --> 115 --> 146 --> 150 --> 70 --> 59 --> 62 --> 65 --> 39 --> 106 --> 40 --> 109 --> 14
Truck 1 [len = 25]: 0 --> 13 --> 26 --> 15 --> 61 --> 2 --> 12 --> 73 --> 101 --> 110 --> 16 --> 23 --> 57 --> 55 --> 44 --> 95 --> 92 --> 45 --> 130 --> 81 --> 82 --> 104 --> 136 --> 68 --> 69
Truck 2 [len = 35]: 0 --> 35 --> 36 --> 4 --> 48 --> 78 --> 89 --> 131 --> 75 --> 122 --> 125 --> 151 --> 49 --> 100 --> 113 --> 43 --> 90 --> 147 --> 148 --> 120 --> 135 --> 46 --> 91 --> 72 --> 127 --> 149 --> 126 --> 103 --> 86 --> 133 --> 111 --> 87 --> 102 --> 64 --> 7
Truck 3 [len = 23]: 0 --> 31 --> 34 --> 33 --> 114 --> 94 --> 47 --> 52 --> 74 --> 76 --> 93 --> 97 --> 22 --> 8 --> 21 --> 112 --> 53 --> 124 --> 129 --> 123 --> 98 --> 80 --> 88
Truck 4 [len = 38]: 0 --> 1 --> 32 --> 11 --> 85 --> 5 --> 50 --> 67 --> 77 --> 51 --> 96 --> 107 --> 108 --> 18 --> 6 --> 37 --> 24 --> 27 --> 38 --> 19 --> 17 --> 10 --> 3 --> 58 --> 56 --> 41 --> 83 --> 84 --> 63 --> 60 --> 66 --> 42 --> 30 --> 29 --> 28 --> 25 --> 20 --> 9
> Generation - Distance curve saved to fig/pr152_baseline_30_5_1000_100_10_20211216_19_13_47/20211216_19_15_17.png.
