--> Running ID = 1
> Loading cities from instances/pr152.txt
	>> 152 cities in total to be loaded
> 152 cities loaded from instances/pr152.txt
> Initial distance: 986972.559042
> Starting running GA.
	>> cities = 152, salesmen = 5
	>> Generations = 1000, PopulationSize = 100, TournamentSize = 10
# Generation Distance
% 1 1008687.054532
% 2 993542.579033
% 3 966271.955754
% 4 950726.824418
% 5 957811.693101
% 6 926689.141796
% 7 912004.928885
% 8 897239.014014
% 9 882702.424452
% 10 866559.384837
% 11 860025.039484
% 12 845196.148889
% 13 838460.583856
% 14 824979.153050
% 15 818899.191967
% 16 820185.032901
% 17 818508.579729
% 18 817921.334039
% 19 818558.953312
% 20 792200.344180
% 21 781136.032271
% 22 777552.945789
% 23 774283.715502
% 24 767373.468279
% 25 763862.459225
% 26 757535.542530
% 27 756143.901459
% 28 760872.101385
% 29 756183.144872
% 30 731566.523997
% 31 729544.459730
% 32 712311.748907
% 33 701834.151177
% 34 708887.260356
% 35 706311.708512
% 36 693999.679222
% 37 703128.635775
% 38 684834.060664
% 39 687338.071555
% 40 682075.731839
% 41 671197.595222
% 42 653477.534060
% 43 666001.060700
% 44 668014.212961
% 45 648745.655966
% 46 644312.730522
% 47 647695.979069
% 48 659239.616188
% 49 647352.266481
% 50 648132.418366
% 51 645285.956812
% 52 654511.069325
% 53 650623.073033
% 54 652974.388555
% 55 633703.721763
% 56 640854.512359
% 57 644873.558836
% 58 642000.097029
% 59 634279.453459
% 60 640647.734671
% 61 624244.997776
% 62 642818.505451
% 63 624381.781634
% 64 624207.809837
% 65 608627.161878
% 66 617221.512970
% 67 610541.500940
% 68 616458.170072
% 69 611642.301340
% 70 616581.679556
% 71 610660.841812
% 72 593233.064515
% 73 611247.048624
% 74 596579.409059
% 75 604490.258235
% 76 596404.410158
% 77 595796.450362
% 78 604343.316561
% 79 598684.409642
% 80 610442.042760
% 81 610224.168920
% 82 609464.018751
% 83 601188.642932
% 84 610551.143598
% 85 607103.470380
% 86 617968.938760
% 87 614382.080498
% 88 616967.822998
% 89 626720.269758
% 90 605168.230966
% 91 624536.767604
% 92 631889.496777
% 93 634813.360552
% 94 637838.818503
% 95 645294.847126
% 96 652058.036631
% 97 643815.301163
% 98 645867.993868
% 99 647015.184568
% 100 627066.543518
% 101 632836.533873
% 102 631300.243727
% 103 621753.714421
% 104 611677.574345
% 105 613541.067651
% 106 603202.723243
% 107 601929.506788
% 108 604797.871095
% 109 600324.193183
% 110 594275.720118
% 111 602821.923775
% 112 598830.523444
% 113 607717.217971
% 114 600737.114343
% 115 601230.056274
% 116 597639.402376
% 117 592007.701624
% 118 595931.199063
% 119 564141.100965
% 120 555195.526973
% 121 550334.539799
% 122 550633.166462
% 123 566749.442879
% 124 563801.326547
% 125 571408.524970
% 126 572047.975891
% 127 584290.873559
% 128 569968.620634
% 129 593328.439962
% 130 585882.248336
% 131 583628.565092
% 132 588312.138185
% 133 570933.265396
% 134 581964.353590
% 135 588592.032772
% 136 584029.843850
% 137 579381.355632
% 138 586290.499229
% 139 562190.848986
% 140 581248.561003
% 141 569466.983752
% 142 578140.837778
% 143 582612.251000
% 144 585423.450325
% 145 577560.616551
% 146 591038.676015
% 147 576435.423757
% 148 570524.297707
% 149 582235.401916
% 150 581891.377527
% 151 582275.322594
% 152 573030.007131
% 153 569652.751065
% 154 580872.832014
% 155 571508.601400
% 156 579803.715183
% 157 562116.689679
% 158 566486.577339
% 159 570584.843060
% 160 570126.253936
% 161 561650.955918
% 162 574219.671762
% 163 574514.249256
% 164 579506.814538
% 165 566296.691260
% 166 571343.270598
% 167 555896.314051
% 168 555841.326785
% 169 551276.993424
% 170 571888.646525
% 171 532911.794403
% 172 546751.690235
% 173 528170.144481
% 174 533251.783614
% 175 545305.224388
% 176 539120.799644
% 177 544577.934698
% 178 540995.493998
% 179 560665.579317
% 180 546224.075157
% 181 536582.047244
% 182 531483.105739
% 183 549178.177898
% 184 539142.221066
% 185 541013.164223
% 186 521834.810741
% 187 535582.772094
% 188 535115.860694
% 189 538492.076353
% 190 540354.879348
% 191 552015.516382
% 192 547131.608752
% 193 552074.682637
% 194 545970.228392
% 195 547263.531301
% 196 555937.761439
% 197 550429.331107
% 198 554273.847488
% 199 564128.725831
% 200 553698.774438
% 201 552737.290507
% 202 567219.562730
% 203 579545.736807
% 204 587453.216412
% 205 590136.229028
% 206 593665.273929
% 207 586190.046843
% 208 577633.343336
% 209 577188.066955
% 210 579178.924904
% 211 565468.598459
% 212 582233.422897
% 213 573404.126083
% 214 574217.459523
> Finished 214 generations with 3038568 distance calculations. GA Runtime = 84.9980 sec
> Final distance: 521834.810741
> Final Route:
Truck 0 [len = 26]: 0 --> 13 --> 100 --> 60 --> 98 --> 134 --> 135 --> 66 --> 43 --> 42 --> 19 --> 16 --> 86 --> 81 --> 61 --> 113 --> 67 --> 131 --> 121 --> 125 --> 143 --> 137 --> 97 --> 50 --> 21 --> 38
Truck 1 [len = 49]: 0 --> 109 --> 84 --> 110 --> 128 --> 130 --> 151 --> 149 --> 45 --> 48 --> 76 --> 82 --> 63 --> 107 --> 133 --> 150 --> 127 --> 126 --> 129 --> 146 --> 117 --> 118 --> 132 --> 119 --> 122 --> 115 --> 95 --> 148 --> 112 --> 58 --> 83 --> 85 --> 52 --> 47 --> 147 --> 89 --> 87 --> 57 --> 65 --> 79 --> 108 --> 24 --> 17 --> 25 --> 18 --> 54 --> 55 --> 96 --> 26
Truck 2 [len = 31]: 0 --> 46 --> 70 --> 99 --> 111 --> 101 --> 44 --> 51 --> 29 --> 3 --> 72 --> 37 --> 69 --> 80 --> 106 --> 105 --> 56 --> 74 --> 75 --> 144 --> 140 --> 139 --> 88 --> 93 --> 71 --> 5 --> 22 --> 4 --> 33 --> 35 --> 36
Truck 3 [len = 26]: 0 --> 27 --> 32 --> 2 --> 28 --> 8 --> 20 --> 9 --> 10 --> 7 --> 23 --> 77 --> 49 --> 94 --> 62 --> 68 --> 78 --> 91 --> 90 --> 14 --> 145 --> 41 --> 11 --> 15 --> 31 --> 12
Truck 4 [len = 24]: 0 --> 30 --> 73 --> 1 --> 34 --> 6 --> 39 --> 59 --> 104 --> 103 --> 64 --> 40 --> 141 --> 136 --> 138 --> 116 --> 142 --> 120 --> 124 --> 123 --> 114 --> 92 --> 102 --> 53
> Generation - Distance curve saved to fig/pr152_baseline_30_5_1000_100_10_20211216_19_13_47/20211216_19_13_49.png.
