--> Running ID = 7
> Loading cities from instances/pr152.txt
	>> 152 cities in total to be loaded
> 152 cities loaded from instances/pr152.txt
> Initial distance: 1002138.157280
> Starting running GA.
	>> cities = 152, salesmen = 5
	>> Generations = 1000, PopulationSize = 100, TournamentSize = 10
# Generation Distance
% 1 983457.186376
% 2 979988.810500
% 3 975265.920753
% 4 976082.281596
% 5 966207.108623
% 6 952730.995649
% 7 946448.211069
% 8 936484.960721
% 9 922232.292480
% 10 928657.029865
% 11 920561.453675
% 12 914313.567462
% 13 905542.068345
% 14 894638.369751
% 15 889961.112611
% 16 866315.262444
% 17 861474.792236
% 18 856472.431005
% 19 841387.002601
% 20 840094.331593
% 21 836562.324321
% 22 818056.252213
% 23 815071.319901
% 24 817780.165428
% 25 791238.922413
% 26 787960.088967
% 27 768424.874976
% 28 772046.898495
% 29 771124.770093
% 30 749840.735561
% 31 754365.503376
% 32 760783.885993
% 33 750213.700572
% 34 732825.741520
% 35 726966.446090
% 36 738399.623303
% 37 742124.056955
% 38 726993.448212
% 39 726288.741437
% 40 710525.756297
% 41 703357.297418
% 42 708344.562843
% 43 692633.694459
% 44 688415.929757
% 45 672370.177505
% 46 672123.290416
% 47 671171.671883
% 48 663848.123189
% 49 663583.381099
% 50 649570.514417
% 51 641501.779947
% 52 641498.720458
% 53 643702.293678
% 54 636947.187981
% 55 630530.428074
% 56 624075.365957
% 57 634212.293916
% 58 639688.459732
% 59 631465.315843
% 60 616713.826930
% 61 618747.120425
% 62 610420.546057
% 63 612231.598556
% 64 603298.516618
% 65 610286.890582
% 66 595787.142897
% 67 606653.979646
% 68 611187.193480
% 69 606885.465801
% 70 605496.846935
% 71 599151.225010
% 72 576393.643450
% 73 579328.289882
% 74 584718.375558
% 75 543342.386988
% 76 568449.382897
% 77 558891.633009
% 78 567848.426470
% 79 568671.586918
% 80 576964.925591
% 81 574409.007144
% 82 560214.130452
% 83 563068.381990
% 84 541183.469279
% 85 552644.477583
% 86 543835.904722
% 87 537734.852948
% 88 548229.836068
% 89 541321.165787
% 90 547469.134260
% 91 556661.312060
% 92 555084.667028
% 93 552371.513035
% 94 563200.834778
% 95 565682.921361
% 96 542442.695753
% 97 550947.711836
% 98 562138.554625
% 99 567734.526429
% 100 566137.337896
% 101 567426.480127
% 102 576117.673368
% 103 573330.113981
% 104 565350.074501
% 105 560745.460243
% 106 561734.220101
% 107 564189.443104
% 108 560194.144124
% 109 572169.694843
% 110 570326.186051
% 111 549336.504744
% 112 558055.767363
% 113 560699.716074
% 114 569393.869728
% 115 561537.635055
% 116 566323.248919
% 117 562295.617735
% 118 574611.985583
% 119 579723.878480
% 120 585129.867824
% 121 583364.122171
% 122 567885.364709
% 123 571010.351518
% 124 566035.017924
% 125 559526.570221
% 126 565598.111764
% 127 551803.596301
% 128 545349.508138
% 129 571110.306340
% 130 554239.527813
% 131 573382.614160
% 132 568082.092447
% 133 563349.552682
% 134 580159.951984
% 135 586959.051670
% 136 589054.826714
% 137 580432.237689
% 138 585052.906051
% 139 595121.640372
% 140 591491.070968
% 141 565004.455748
% 142 588504.023285
% 143 593466.909358
% 144 587152.157509
% 145 578370.926311
% 146 579527.028100
% 147 594540.381768
% 148 589619.889329
% 149 584074.909110
% 150 581789.567025
% 151 576151.383944
% 152 574300.093791
% 153 561580.892494
% 154 570165.628307
% 155 550380.041076
% 156 552878.821261
% 157 552978.706211
% 158 560943.023994
% 159 550230.719108
% 160 563120.199429
% 161 550502.598454
% 162 541301.164187
% 163 548791.131086
% 164 551559.430417
% 165 557668.212090
% 166 557176.157490
% 167 547680.570448
% 168 553920.213546
% 169 559563.429335
% 170 559033.209163
% 171 567070.708028
% 172 571889.654459
% 173 564926.066953
% 174 554912.338452
% 175 557557.509579
% 176 562798.846911
% 177 559084.253204
% 178 553600.617653
% 179 545396.530212
% 180 552450.673559
% 181 541396.758007
% 182 538408.931098
% 183 541307.640342
% 184 545069.640546
% 185 558566.535673
% 186 552081.937916
% 187 553462.951367
% 188 548624.970757
% 189 549125.174776
% 190 559658.253350
% 191 561547.967271
% 192 547384.242523
% 193 521421.217715
% 194 534302.196029
% 195 540089.761910
% 196 537162.056715
% 197 547770.748176
% 198 525677.920376
% 199 544563.531074
% 200 534025.407745
% 201 552045.149901
% 202 545537.909673
% 203 548387.903253
% 204 565682.372449
% 205 566618.098921
% 206 568451.832631
% 207 551832.415915
% 208 558385.010348
% 209 559916.637163
% 210 569413.457217
% 211 563994.692742
% 212 568867.873030
% 213 582758.933350
% 214 580395.178570
> Finished 214 generations with 3035760 distance calculations. GA Runtime = 83.4862 sec
> Final distance: 521421.217715
> Final Route:
Truck 0 [len = 30]: 0 --> 131 --> 121 --> 144 --> 148 --> 135 --> 119 --> 106 --> 33 --> 37 --> 53 --> 93 --> 49 --> 92 --> 97 --> 56 --> 114 --> 91 --> 64 --> 83 --> 18 --> 23 --> 8 --> 54 --> 51 --> 95 --> 77 --> 32 --> 2 --> 1
Truck 1 [len = 20]: 0 --> 66 --> 88 --> 80 --> 22 --> 5 --> 21 --> 59 --> 107 --> 103 --> 71 --> 101 --> 52 --> 122 --> 146 --> 128 --> 141 --> 40 --> 26 --> 28
Truck 2 [len = 33]: 0 --> 27 --> 36 --> 76 --> 50 --> 3 --> 13 --> 75 --> 72 --> 48 --> 58 --> 94 --> 115 --> 109 --> 99 --> 113 --> 100 --> 69 --> 45 --> 44 --> 46 --> 47 --> 73 --> 98 --> 110 --> 9 --> 17 --> 19 --> 7 --> 20 --> 10 --> 16 --> 31
Truck 3 [len = 42]: 0 --> 14 --> 70 --> 79 --> 74 --> 90 --> 123 --> 125 --> 150 --> 143 --> 133 --> 4 --> 134 --> 120 --> 151 --> 130 --> 147 --> 137 --> 102 --> 142 --> 139 --> 138 --> 140 --> 116 --> 61 --> 149 --> 127 --> 124 --> 85 --> 65 --> 42 --> 136 --> 132 --> 108 --> 104 --> 105 --> 82 --> 68 --> 87 --> 43 --> 112 --> 35
Truck 4 [len = 31]: 0 --> 30 --> 29 --> 25 --> 11 --> 24 --> 84 --> 67 --> 34 --> 12 --> 41 --> 117 --> 81 --> 86 --> 96 --> 89 --> 78 --> 55 --> 111 --> 145 --> 126 --> 62 --> 60 --> 57 --> 129 --> 118 --> 63 --> 39 --> 6 --> 38 --> 15
> Generation - Distance curve saved to fig/pr152_baseline_30_5_1000_100_10_20211216_19_13_47/20211216_19_23_25.png.
