--> Running ID = 15
> Loading cities from instances/pr152.txt
	>> 152 cities in total to be loaded
> 152 cities loaded from instances/pr152.txt
> Initial distance: 1016783.709571
> Starting running GA.
	>> cities = 152, salesmen = 5
	>> Generations = 1000, PopulationSize = 100, TournamentSize = 10
# Generation Distance
% 1 1000992.595263
% 2 981010.693813
% 3 959380.804048
% 4 931612.720381
% 5 933094.098705
% 6 918313.238800
% 7 903361.169992
% 8 884657.241180
% 9 873715.603231
% 10 869698.706290
% 11 856073.354281
% 12 848547.845933
% 13 835746.246950
% 14 831856.442302
% 15 835536.318892
% 16 820440.736476
% 17 810552.531915
% 18 786379.793516
% 19 776663.813474
% 20 780243.951420
% 21 777298.125515
% 22 762802.096816
% 23 749968.913309
% 24 741512.241529
% 25 748196.412415
% 26 754717.377927
% 27 744333.963872
% 28 729068.722844
% 29 726617.029864
% 30 735670.054553
% 31 723239.692617
% 32 726065.947435
% 33 728466.764443
% 34 712353.494832
% 35 714620.120923
% 36 715109.115700
% 37 722450.639698
% 38 720714.702747
% 39 715456.349655
% 40 721624.290663
% 41 724461.016438
% 42 729892.682804
% 43 726487.593389
% 44 713802.165814
% 45 712972.087716
% 46 712439.613230
% 47 706376.979302
% 48 710854.417501
% 49 706897.526088
% 50 703610.978156
% 51 705242.296720
% 52 699140.442512
% 53 698892.419930
% 54 697795.657712
% 55 690462.893717
% 56 700350.089452
% 57 682209.187877
% 58 682912.546253
% 59 683862.413641
% 60 684914.765302
% 61 677645.098425
% 62 679204.434598
% 63 693611.517218
% 64 668628.473026
% 65 668303.802109
% 66 669586.830640
% 67 651809.923967
% 68 657481.786450
% 69 655502.042227
% 70 656210.591937
% 71 668345.054953
% 72 651729.591348
% 73 640268.550270
% 74 637025.310791
% 75 624185.380161
% 76 620971.444445
% 77 614942.052289
% 78 620924.870399
% 79 626964.197634
% 80 628254.730976
% 81 628511.716660
% 82 631182.475219
% 83 627394.831311
% 84 629154.550282
% 85 618340.247654
% 86 619038.188065
% 87 621920.093555
% 88 623831.468886
% 89 621962.651797
% 90 611483.904676
% 91 611135.532494
% 92 601191.886327
% 93 596495.312394
% 94 605477.994901
% 95 591499.266091
% 96 589339.443735
% 97 601926.517912
% 98 574685.919826
% 99 581964.924182
% 100 599235.502671
% 101 592542.085431
% 102 596501.818784
% 103 589106.392318
% 104 581390.810742
% 105 587280.443922
% 106 597433.222662
% 107 607784.795844
% 108 609890.207056
% 109 607001.789514
% 110 607239.747414
% 111 612234.220002
% 112 610162.349830
% 113 607532.574218
% 114 611410.768960
% 115 594259.624850
% 116 599064.291273
% 117 587362.475647
% 118 597974.136607
% 119 580764.600627
% 120 588278.152869
% 121 591315.663081
% 122 596476.711207
% 123 589348.140081
% 124 587573.658080
% 125 585654.291014
% 126 589423.555359
% 127 599706.879827
% 128 585952.769132
% 129 601570.801566
% 130 598415.527864
% 131 583797.109016
% 132 581460.581500
% 133 586281.010544
% 134 592374.598055
% 135 582341.968879
% 136 580830.283702
% 137 584797.230452
% 138 563499.653068
% 139 568806.439639
% 140 573469.486603
% 141 574847.013472
% 142 584633.666895
% 143 565965.891025
% 144 579382.572609
% 145 576499.676526
% 146 568751.959114
% 147 573963.191048
% 148 568699.348996
% 149 568459.697166
% 150 565704.160542
% 151 570675.466303
% 152 567269.329849
% 153 580921.241858
% 154 584966.486361
% 155 570540.616119
% 156 561119.780699
% 157 564971.923082
% 158 570866.934343
% 159 566624.666319
% 160 565798.540033
% 161 574658.136246
% 162 568315.721057
% 163 574865.949164
% 164 579598.592597
% 165 581230.367021
% 166 574413.230828
% 167 567946.320655
% 168 562708.919502
% 169 573877.770202
% 170 573952.362037
% 171 568412.003530
% 172 586893.595696
% 173 593902.498791
% 174 592567.764853
% 175 580412.681347
% 176 596019.026971
% 177 584605.317572
% 178 593521.686414
% 179 588102.917760
% 180 606164.213480
% 181 597884.880420
% 182 604580.236111
% 183 597928.038073
% 184 590724.701860
% 185 597629.934301
% 186 601650.017208
% 187 596108.655961
% 188 586942.989170
% 189 610113.679580
% 190 603324.702626
% 191 604481.346411
% 192 612616.471424
% 193 622682.800462
% 194 621315.636066
% 195 616767.219240
% 196 609640.088092
% 197 618966.252006
% 198 607417.445446
% 199 614742.846050
% 200 619217.487140
% 201 619771.397631
% 202 617130.063505
% 203 597549.599096
% 204 597866.489094
% 205 586230.784451
% 206 591513.756683
% 207 594430.855697
% 208 607703.783196
% 209 595440.918910
% 210 592758.202255
% 211 604751.023098
% 212 600287.189442
% 213 594218.572672
% 214 610626.828795
> Finished 214 generations with 3036072 distance calculations. GA Runtime = 88.0229 sec
> Final distance: 561119.780699
> Final Route:
Truck 0 [len = 24]: 0 --> 147 --> 129 --> 90 --> 93 --> 46 --> 43 --> 65 --> 64 --> 67 --> 66 --> 98 --> 47 --> 49 --> 77 --> 89 --> 7 --> 61 --> 60 --> 109 --> 145 --> 101 --> 12 --> 5
Truck 1 [len = 29]: 0 --> 25 --> 39 --> 10 --> 11 --> 4 --> 3 --> 28 --> 2 --> 14 --> 30 --> 95 --> 45 --> 86 --> 81 --> 57 --> 22 --> 75 --> 112 --> 115 --> 96 --> 55 --> 42 --> 97 --> 74 --> 50 --> 91 --> 48 --> 72
Truck 2 [len = 49]: 0 --> 78 --> 110 --> 79 --> 80 --> 106 --> 105 --> 87 --> 99 --> 94 --> 54 --> 71 --> 113 --> 100 --> 103 --> 41 --> 104 --> 107 --> 102 --> 141 --> 128 --> 142 --> 148 --> 122 --> 126 --> 118 --> 83 --> 138 --> 136 --> 139 --> 116 --> 134 --> 143 --> 140 --> 131 --> 150 --> 151 --> 125 --> 124 --> 123 --> 88 --> 56 --> 111 --> 63 --> 44 --> 36 --> 16 --> 6 --> 9
Truck 3 [len = 35]: 0 --> 144 --> 62 --> 108 --> 51 --> 18 --> 19 --> 21 --> 69 --> 114 --> 29 --> 8 --> 20 --> 17 --> 146 --> 132 --> 137 --> 70 --> 121 --> 127 --> 130 --> 76 --> 120 --> 119 --> 149 --> 58 --> 117 --> 135 --> 84 --> 59 --> 82 --> 85 --> 24 --> 31 --> 33
Truck 4 [len = 19]: 0 --> 34 --> 53 --> 133 --> 73 --> 92 --> 32 --> 52 --> 40 --> 27 --> 13 --> 1 --> 68 --> 38 --> 26 --> 23 --> 35 --> 15 --> 37
> Generation - Distance curve saved to fig/pr152_baseline_30_5_1000_100_10_20211216_19_13_47/20211216_19_34_52.png.
