--> Running ID = 20
> Loading cities from instances/pr152.txt
	>> 152 cities in total to be loaded
> 152 cities loaded from instances/pr152.txt
> Initial distance: 1003508.364645
> Starting running GA.
	>> cities = 152, salesmen = 5
	>> Generations = 1000, PopulationSize = 100, TournamentSize = 10
# Generation Distance
% 1 987422.445081
% 2 981360.623262
% 3 964067.911940
% 4 955905.804439
% 5 961586.421451
% 6 940421.035815
% 7 932525.947652
% 8 928428.895175
% 9 905223.549911
% 10 896885.442316
% 11 897546.060009
% 12 872003.343397
% 13 870438.026037
% 14 861779.181362
% 15 865468.004933
% 16 851753.617748
% 17 853095.176928
% 18 842653.758825
% 19 835067.188568
% 20 825806.638312
% 21 805758.840605
% 22 805303.838209
% 23 802546.114223
% 24 793234.166346
% 25 795625.464992
% 26 776138.427082
% 27 774387.523313
% 28 768293.024914
% 29 759206.107292
% 30 770636.480404
% 31 755285.502024
% 32 753816.365095
% 33 746333.331603
% 34 736545.298746
% 35 743812.391443
% 36 725443.867404
% 37 721116.337966
% 38 731345.404289
% 39 737288.699656
% 40 712351.579329
% 41 713112.585553
% 42 713170.502013
% 43 714675.482790
% 44 724965.696982
% 45 711890.237817
% 46 713482.948482
% 47 708037.635834
% 48 707927.724251
% 49 715288.691166
% 50 723541.558273
% 51 717076.721893
% 52 703022.347508
% 53 712730.491325
% 54 697085.755636
% 55 690378.133779
% 56 693307.031666
% 57 679222.515868
% 58 690399.597247
% 59 677885.887060
% 60 687401.979324
% 61 679496.562502
% 62 669631.969289
% 63 676701.268367
% 64 674165.125465
% 65 662126.834049
% 66 661501.989005
% 67 664271.566564
% 68 657709.930325
% 69 656813.824806
% 70 661645.502899
% 71 648648.932719
% 72 652102.596866
% 73 650651.002979
% 74 662905.632686
% 75 659313.201900
% 76 657990.892069
% 77 665017.653554
% 78 679452.821039
% 79 674875.300698
% 80 678030.834554
% 81 670478.180675
% 82 653849.323470
% 83 651276.759461
% 84 653073.967771
% 85 639394.134840
% 86 649921.960019
% 87 625686.897412
% 88 641188.272132
% 89 620060.122246
% 90 613023.265926
% 91 619345.899222
% 92 602808.774320
% 93 609131.988627
% 94 629804.496462
% 95 605624.093501
% 96 620973.674467
% 97 607809.828790
% 98 611817.714396
% 99 633045.376127
% 100 618796.279014
% 101 623297.139677
% 102 635258.781292
% 103 623836.968825
% 104 640295.739441
% 105 614083.058384
% 106 622803.365803
% 107 594252.345831
% 108 593648.343398
% 109 601584.655824
% 110 605849.286735
% 111 596961.680256
% 112 582914.443739
% 113 590598.657257
% 114 579195.332943
% 115 589214.745623
% 116 592633.977882
% 117 607292.158607
% 118 609437.737288
% 119 595556.991417
% 120 600377.709256
% 121 593628.729173
% 122 590832.778520
% 123 610143.878877
% 124 601932.806648
% 125 582096.707104
% 126 598724.763616
% 127 604198.257373
% 128 606691.640318
% 129 606018.723468
% 130 595101.956071
% 131 599966.210579
% 132 599640.324664
% 133 608540.683069
% 134 610671.835481
% 135 603495.670090
% 136 606914.067192
% 137 594222.873813
% 138 606606.110177
% 139 594675.818262
% 140 599864.372523
% 141 607046.583016
% 142 607062.900999
% 143 606667.604283
% 144 604946.980339
% 145 588976.659491
% 146 595095.640573
% 147 600770.151411
% 148 598922.907902
% 149 599396.650427
% 150 602265.531710
% 151 601482.687492
% 152 602301.400866
% 153 599854.609242
% 154 608716.632833
% 155 612774.937258
% 156 593334.712508
% 157 591570.200658
% 158 592099.444264
% 159 588739.521361
% 160 577673.146513
% 161 577538.631633
% 162 585600.355562
% 163 594173.952125
% 164 558356.409856
% 165 570398.728580
% 166 565106.088469
% 167 570995.236098
% 168 581204.825567
% 169 572073.088095
% 170 582854.342431
% 171 568632.166029
% 172 575469.723672
% 173 565170.357198
% 174 549824.186345
% 175 564549.038648
% 176 582495.048393
% 177 577548.591884
% 178 594233.941717
% 179 595477.152048
% 180 585107.000089
% 181 579124.700262
% 182 590259.042400
% 183 580826.189094
% 184 562622.871440
% 185 576273.756552
% 186 574383.242309
% 187 579884.610889
% 188 569040.928486
% 189 575116.831134
% 190 576531.298601
% 191 573799.998430
% 192 593554.642255
% 193 584276.808253
% 194 578634.174445
% 195 586750.961289
% 196 577185.185852
% 197 575914.112046
% 198 567311.328652
% 199 565442.014477
% 200 575292.152368
% 201 573922.589194
% 202 566534.606493
% 203 566225.589309
% 204 557863.741131
% 205 559561.973316
% 206 553184.789757
% 207 561176.822452
% 208 547886.146605
% 209 541375.503970
% 210 533713.814775
% 211 533701.741623
% 212 539766.574002
% 213 544814.952295
% 214 538118.627814
> Finished 214 generations with 3036540 distance calculations. GA Runtime = 89.7635 sec
> Final distance: 533701.741623
> Final Route:
Truck 0 [len = 17]: 0 --> 118 --> 138 --> 134 --> 145 --> 127 --> 116 --> 132 --> 141 --> 117 --> 136 --> 3 --> 15 --> 92 --> 91 --> 42 --> 88
Truck 1 [len = 43]: 0 --> 20 --> 17 --> 7 --> 23 --> 9 --> 24 --> 49 --> 47 --> 122 --> 150 --> 124 --> 144 --> 120 --> 135 --> 131 --> 126 --> 133 --> 123 --> 108 --> 113 --> 107 --> 105 --> 109 --> 90 --> 52 --> 54 --> 11 --> 32 --> 33 --> 35 --> 4 --> 22 --> 77 --> 110 --> 104 --> 142 --> 140 --> 121 --> 125 --> 58 --> 62 --> 40
Truck 2 [len = 34]: 0 --> 6 --> 39 --> 19 --> 80 --> 87 --> 59 --> 63 --> 119 --> 137 --> 106 --> 100 --> 55 --> 82 --> 139 --> 148 --> 129 --> 93 --> 74 --> 151 --> 149 --> 99 --> 72 --> 12 --> 31 --> 29 --> 101 --> 102 --> 41 --> 61 --> 112 --> 51 --> 26 --> 21
Truck 3 [len = 24]: 0 --> 27 --> 75 --> 71 --> 97 --> 147 --> 128 --> 146 --> 143 --> 43 --> 5 --> 60 --> 84 --> 83 --> 85 --> 81 --> 103 --> 45 --> 53 --> 89 --> 69 --> 68 --> 44 --> 34
Truck 4 [len = 38]: 0 --> 25 --> 13 --> 28 --> 37 --> 2 --> 38 --> 114 --> 79 --> 10 --> 16 --> 57 --> 18 --> 8 --> 111 --> 66 --> 48 --> 95 --> 94 --> 96 --> 86 --> 130 --> 70 --> 78 --> 115 --> 65 --> 98 --> 64 --> 50 --> 67 --> 56 --> 73 --> 76 --> 46 --> 36 --> 14 --> 30 --> 1
> Generation - Distance curve saved to fig/pr152_baseline_30_5_1000_100_10_20211216_19_13_47/20211216_19_41_59.png.
