--> Running ID = 22
> Loading cities from instances/pr152.txt
	>> 152 cities in total to be loaded
> 152 cities loaded from instances/pr152.txt
> Initial distance: 993621.838920
> Starting running GA.
	>> cities = 152, salesmen = 5
	>> Generations = 1000, PopulationSize = 100, TournamentSize = 10
# Generation Distance
% 1 968940.781254
% 2 957087.513220
% 3 948219.290164
% 4 934234.913715
% 5 926019.789203
% 6 922656.362835
% 7 904960.438858
% 8 897086.754776
% 9 882711.614312
% 10 876037.796114
% 11 860307.090313
% 12 847389.160819
% 13 850881.380475
% 14 846933.924302
% 15 830576.509220
% 16 826842.462944
% 17 823894.326559
% 18 822046.312608
% 19 832145.541029
% 20 818008.359554
% 21 804637.864571
% 22 810011.424650
% 23 806767.335207
% 24 793694.673559
% 25 805405.978790
% 26 789721.546828
% 27 781766.385433
% 28 787753.958330
% 29 783983.803616
% 30 779156.207456
% 31 788537.996816
% 32 774353.693497
% 33 770727.196288
% 34 767536.103843
% 35 770861.035148
% 36 748733.457891
% 37 736855.293974
% 38 726508.764663
% 39 723614.269833
% 40 717312.140370
% 41 721572.956581
% 42 726379.388195
% 43 714840.550497
% 44 713510.545622
% 45 715844.888743
% 46 711804.240315
% 47 715337.477454
% 48 702443.946359
% 49 702496.346915
% 50 707375.972357
% 51 692294.034438
% 52 697236.853446
% 53 706369.236548
% 54 706614.968185
% 55 700717.642903
% 56 686675.102441
% 57 678422.029381
% 58 676078.208204
% 59 652626.810085
% 60 662491.859341
% 61 654753.661324
% 62 660410.910635
% 63 663909.900878
% 64 643011.651074
% 65 651983.148418
% 66 639740.320361
% 67 641778.387713
% 68 636218.884180
% 69 641131.828208
% 70 639019.433985
% 71 629858.706226
% 72 647109.945581
% 73 630944.963591
% 74 622266.918494
% 75 637697.833165
% 76 631279.894482
% 77 624864.828872
% 78 614565.166179
% 79 612535.701251
% 80 601658.757044
% 81 604582.982434
% 82 596586.902674
% 83 599683.973724
% 84 590654.643744
% 85 592655.236457
% 86 599987.654642
% 87 617325.866454
% 88 598793.651571
% 89 596419.382412
% 90 612035.332943
% 91 599550.028764
% 92 609462.998369
% 93 587294.998291
% 94 602613.981167
% 95 599693.194625
% 96 625232.194649
% 97 622298.150030
% 98 614959.734755
% 99 608900.192362
% 100 597347.811645
% 101 592658.732791
% 102 590317.444799
% 103 582458.308017
% 104 584506.760397
% 105 590346.624611
% 106 601771.524208
% 107 595267.647072
% 108 586614.821018
% 109 592336.879902
% 110 574748.474692
% 111 590383.211876
% 112 574503.970003
% 113 577347.639562
% 114 591071.542853
% 115 579621.907705
% 116 577483.705621
% 117 571268.501123
% 118 577350.512018
% 119 600295.029626
% 120 590564.007948
% 121 598863.593332
% 122 592902.698404
% 123 612402.730309
% 124 605844.876046
% 125 582005.507331
% 126 590253.635342
% 127 598446.156333
% 128 592360.070618
% 129 598409.334613
% 130 607073.203967
% 131 599824.666792
% 132 591258.842471
% 133 592934.024381
% 134 591470.503758
% 135 604849.540544
% 136 608550.600770
% 137 589089.377530
% 138 580857.569241
% 139 591836.720274
% 140 601008.165205
% 141 576049.642313
% 142 581475.798348
% 143 574977.791123
% 144 570141.875063
% 145 563870.881464
% 146 570226.951872
% 147 574440.344483
% 148 577127.599826
% 149 580229.793693
% 150 581972.351832
% 151 574411.906056
% 152 577322.598643
% 153 579015.329421
% 154 583315.834728
% 155 568136.710142
% 156 577435.951296
% 157 574164.601412
% 158 577319.360193
% 159 576862.482849
% 160 577747.024111
% 161 572320.218907
% 162 585439.745588
% 163 571987.287459
% 164 583970.516473
% 165 559123.402810
% 166 564662.454418
% 167 565840.827986
% 168 569890.933349
% 169 568899.667866
% 170 581025.107610
% 171 576489.506883
% 172 595802.771463
% 173 576835.046363
% 174 577981.404154
% 175 589059.031951
% 176 574482.819908
% 177 584462.571492
% 178 583452.001754
% 179 578182.084722
% 180 570230.224936
% 181 559253.154551
% 182 569348.833122
% 183 559423.453430
% 184 570608.912750
% 185 572933.677317
% 186 578644.279550
% 187 583351.248042
% 188 581621.816160
% 189 584931.495718
% 190 578654.093354
% 191 594888.944172
% 192 571114.415588
% 193 581172.405014
% 194 575546.433645
% 195 573675.708257
% 196 583046.475503
% 197 595373.731882
% 198 593499.608954
% 199 600875.364627
% 200 605291.615001
% 201 595640.421671
% 202 582340.275828
% 203 581772.971502
% 204 594290.107580
% 205 600600.366430
% 206 580343.011128
% 207 588671.640231
% 208 602425.602583
% 209 599854.111567
% 210 607016.269949
% 211 597408.784340
% 212 601857.991721
% 213 588103.112873
% 214 588786.125474
> Finished 214 generations with 3037164 distance calculations. GA Runtime = 81.0430 sec
> Final distance: 559123.402810
> Final Route:
Truck 0 [len = 34]: 0 --> 5 --> 115 --> 50 --> 47 --> 15 --> 114 --> 94 --> 72 --> 43 --> 54 --> 125 --> 148 --> 146 --> 90 --> 89 --> 119 --> 130 --> 129 --> 132 --> 58 --> 12 --> 24 --> 20 --> 7 --> 8 --> 95 --> 150 --> 147 --> 127 --> 122 --> 149 --> 124 --> 73
Truck 1 [len = 19]: 0 --> 62 --> 17 --> 19 --> 25 --> 11 --> 3 --> 10 --> 18 --> 23 --> 105 --> 81 --> 87 --> 83 --> 86 --> 113 --> 66 --> 31 --> 35
Truck 2 [len = 46]: 0 --> 34 --> 76 --> 110 --> 116 --> 40 --> 53 --> 41 --> 56 --> 145 --> 141 --> 137 --> 107 --> 106 --> 108 --> 102 --> 103 --> 80 --> 91 --> 57 --> 109 --> 144 --> 135 --> 136 --> 65 --> 39 --> 64 --> 59 --> 2 --> 27 --> 6 --> 38 --> 60 --> 63 --> 21 --> 99 --> 75 --> 128 --> 131 --> 143 --> 134 --> 133 --> 120 --> 126 --> 79 --> 1
Truck 3 [len = 33]: 0 --> 33 --> 32 --> 22 --> 9 --> 16 --> 51 --> 112 --> 42 --> 52 --> 74 --> 138 --> 84 --> 104 --> 93 --> 68 --> 111 --> 61 --> 98 --> 67 --> 46 --> 92 --> 123 --> 117 --> 96 --> 97 --> 44 --> 71 --> 49 --> 26 --> 28 --> 36 --> 29
Truck 4 [len = 24]: 0 --> 13 --> 4 --> 69 --> 70 --> 45 --> 85 --> 140 --> 121 --> 151 --> 118 --> 55 --> 78 --> 77 --> 48 --> 30 --> 37 --> 14 --> 142 --> 139 --> 101 --> 88 --> 82 --> 100
> Generation - Distance curve saved to fig/pr152_baseline_30_5_1000_100_10_20211216_19_13_47/20211216_19_45_03.png.
