--> Running ID = 5
> Loading cities from instances/pr152.txt
	>> 152 cities in total to be loaded
> 152 cities loaded from instances/pr152.txt
> Initial distance: 996213.081715
> Starting running GA.
	>> cities = 152, salesmen = 5
	>> Generations = 1000, PopulationSize = 100, TournamentSize = 10
# Generation Distance
% 1 993621.976266
% 2 973956.220811
% 3 961279.451463
% 4 943449.364724
% 5 937690.328095
% 6 926580.436398
% 7 932193.874028
% 8 907201.364643
% 9 903439.702335
% 10 900579.822510
% 11 895174.009942
% 12 883708.221378
% 13 867804.164151
% 14 861225.444668
% 15 861755.541315
% 16 846899.658572
% 17 863214.934675
% 18 852133.953261
% 19 855039.588459
% 20 842640.120710
% 21 833894.634683
% 22 804669.304924
% 23 807205.955858
% 24 796175.869465
% 25 803357.811852
% 26 799059.213791
% 27 789161.933067
% 28 796222.994737
% 29 789810.610441
% 30 772610.197682
% 31 761634.317634
% 32 766767.115846
% 33 764174.536319
% 34 758501.196056
% 35 749329.989401
% 36 751436.581183
% 37 741141.817744
% 38 745643.433827
% 39 734328.489640
% 40 731181.423357
% 41 721018.728211
% 42 724514.992152
% 43 735288.916494
% 44 719382.821039
% 45 714090.114702
% 46 705533.343904
% 47 677536.301480
% 48 669919.736594
% 49 666684.457417
% 50 668517.843532
% 51 655236.137222
% 52 650942.771886
% 53 649456.467160
% 54 653829.585148
% 55 671873.165795
% 56 657942.338336
% 57 643053.352253
% 58 642131.032937
% 59 643306.721832
% 60 642631.311727
% 61 647600.144768
% 62 636193.227300
% 63 631272.867648
% 64 624498.766854
% 65 632832.764651
% 66 630423.031342
% 67 612494.143320
% 68 625490.040678
% 69 611007.986989
% 70 606938.105833
% 71 603415.073532
% 72 607669.077283
% 73 598208.776927
% 74 610587.269458
% 75 613210.002927
% 76 619656.645097
% 77 630710.482188
% 78 621860.262285
% 79 624543.224261
% 80 614281.518801
% 81 627976.237258
% 82 637786.842911
% 83 633541.149642
% 84 623413.241911
% 85 624552.073111
% 86 621647.756279
% 87 632676.517830
% 88 635469.940445
% 89 627764.802136
% 90 624071.978844
% 91 621108.022055
% 92 628917.883749
% 93 634794.022401
% 94 628939.001553
% 95 606107.906530
% 96 623545.264603
% 97 612664.336654
% 98 613598.241245
% 99 604933.155366
% 100 606824.913867
% 101 593022.701381
% 102 598461.005040
% 103 588484.645512
% 104 578402.833986
% 105 578432.213617
% 106 591710.048659
% 107 594535.877691
% 108 587971.089446
% 109 590389.373986
% 110 603148.115050
% 111 603162.543269
% 112 610098.846282
% 113 613671.503050
% 114 607437.383496
% 115 623041.981525
% 116 613607.578957
% 117 618476.112661
% 118 614832.494298
% 119 623782.608677
% 120 612102.918825
% 121 611308.981891
% 122 613307.407625
% 123 611813.026740
% 124 607299.198807
% 125 613203.721762
% 126 598937.316956
% 127 591753.554557
% 128 598839.030323
% 129 609839.745977
% 130 593439.817211
% 131 594826.504159
% 132 587538.841084
% 133 597201.322921
% 134 586069.814334
% 135 591224.647286
% 136 598938.632974
% 137 595391.477943
% 138 583638.344335
% 139 592658.038371
% 140 582649.015158
% 141 586252.020443
% 142 587460.782348
% 143 601822.986417
% 144 582064.093567
% 145 577331.921822
% 146 576130.881551
% 147 585267.520686
% 148 579004.335640
% 149 575119.313253
% 150 582995.996643
% 151 579672.590542
% 152 595095.659930
% 153 584367.098905
% 154 594244.233022
% 155 587673.293247
% 156 600142.268710
% 157 596300.362039
% 158 600852.137728
% 159 576929.891138
% 160 571472.530824
% 161 570873.339245
% 162 569134.865269
% 163 568964.605990
% 164 566569.258736
% 165 548900.640997
% 166 541986.823865
% 167 545553.915955
% 168 533935.541759
% 169 532976.949560
% 170 538125.599632
% 171 552313.051739
% 172 554499.279437
% 173 553068.221449
% 174 545922.448848
% 175 553250.320546
% 176 555003.283583
% 177 569931.174967
% 178 562311.078532
% 179 573244.226813
% 180 558698.265980
% 181 562143.112761
% 182 570737.475066
% 183 567042.552330
% 184 574605.843579
% 185 571898.759769
% 186 578333.587276
% 187 567991.503967
% 188 567151.572969
% 189 577009.873801
% 190 580799.988458
% 191 569436.294739
% 192 571577.457345
% 193 569330.442515
% 194 571716.122495
% 195 568517.272446
% 196 560362.385012
% 197 560453.626231
% 198 576517.558240
% 199 556750.072732
% 200 548984.504550
% 201 545778.657784
% 202 550463.414684
% 203 557037.004158
% 204 558156.436900
% 205 550845.003215
% 206 554158.688796
% 207 564208.206674
% 208 561392.038699
% 209 575770.044953
% 210 582903.977656
% 211 568866.315282
% 212 573512.645554
% 213 585999.321104
% 214 585822.918175
> Finished 214 generations with 3039660 distance calculations. GA Runtime = 83.7794 sec
> Final distance: 532976.949560
> Final Route:
Truck 0 [len = 38]: 0 --> 19 --> 41 --> 82 --> 54 --> 43 --> 61 --> 97 --> 88 --> 67 --> 49 --> 76 --> 53 --> 87 --> 78 --> 141 --> 117 --> 119 --> 124 --> 150 --> 149 --> 44 --> 30 --> 2 --> 142 --> 139 --> 136 --> 138 --> 134 --> 135 --> 137 --> 140 --> 60 --> 83 --> 56 --> 64 --> 16 --> 65
Truck 1 [len = 37]: 0 --> 70 --> 48 --> 95 --> 50 --> 75 --> 52 --> 39 --> 107 --> 109 --> 86 --> 42 --> 55 --> 114 --> 47 --> 104 --> 85 --> 8 --> 23 --> 12 --> 5 --> 21 --> 115 --> 113 --> 110 --> 144 --> 46 --> 68 --> 38 --> 13 --> 9 --> 10 --> 71 --> 29 --> 1 --> 27 --> 14
Truck 2 [len = 31]: 0 --> 18 --> 145 --> 133 --> 143 --> 118 --> 125 --> 151 --> 146 --> 122 --> 73 --> 108 --> 106 --> 79 --> 40 --> 103 --> 99 --> 120 --> 128 --> 121 --> 127 --> 130 --> 148 --> 147 --> 91 --> 7 --> 6 --> 4 --> 3 --> 11 --> 31
Truck 3 [len = 36]: 0 --> 28 --> 25 --> 24 --> 20 --> 22 --> 15 --> 90 --> 77 --> 96 --> 94 --> 92 --> 45 --> 36 --> 35 --> 33 --> 34 --> 111 --> 101 --> 84 --> 100 --> 59 --> 132 --> 116 --> 129 --> 123 --> 131 --> 126 --> 81 --> 51 --> 112 --> 57 --> 105 --> 58 --> 62 --> 26
Truck 4 [len = 14]: 0 --> 93 --> 74 --> 102 --> 72 --> 80 --> 89 --> 69 --> 98 --> 66 --> 63 --> 17 --> 37 --> 32
> Generation - Distance curve saved to fig/pr152_baseline_30_5_1000_100_10_20211216_19_13_47/20211216_19_20_35.png.
