--> Running ID = 19
> Loading cities from instances/pr152.txt
	>> 152 cities in total to be loaded
> 152 cities loaded from instances/pr152.txt
> Initial distance: 995727.329165
> Starting running GA.
	>> cities = 152, salesmen = 5
	>> Generations = 1000, PopulationSize = 100, TournamentSize = 10
# Generation Distance
% 1 972901.106244
% 2 958549.929357
% 3 959968.072805
% 4 940586.379745
% 5 927867.093568
% 6 904809.724694
% 7 888629.154306
% 8 892318.882831
% 9 888042.685131
% 10 874161.830322
% 11 884108.440345
% 12 873664.063097
% 13 855292.451655
% 14 859288.349774
% 15 856078.377143
% 16 844498.542265
% 17 847306.713147
% 18 842221.684744
% 19 841000.515818
% 20 825574.067285
% 21 831705.101983
% 22 827730.891088
% 23 819705.867380
% 24 819253.105502
% 25 815689.703444
% 26 811451.201336
% 27 804686.333275
% 28 793615.178054
% 29 787605.309352
% 30 788717.754630
% 31 778532.227261
% 32 762287.471998
% 33 755973.045314
% 34 752330.560162
% 35 737706.393939
% 36 742509.777795
% 37 732404.817113
% 38 723528.240572
% 39 735486.672007
% 40 727928.879379
% 41 720757.862238
% 42 729853.070626
% 43 721908.212999
% 44 708245.368873
% 45 700949.106008
% 46 698433.768206
% 47 690606.401198
% 48 692825.161977
% 49 687652.542550
% 50 675395.693270
% 51 685710.927391
% 52 688431.448989
% 53 689773.114476
% 54 695648.095500
% 55 681076.273174
% 56 683344.696252
% 57 693870.643293
% 58 681542.782310
% 59 682120.348571
% 60 665130.620813
% 61 669732.918777
% 62 686551.168042
% 63 673824.032269
% 64 682818.262434
% 65 684144.345432
% 66 679198.922587
% 67 676901.166471
% 68 672777.572560
% 69 654910.573589
% 70 656741.454024
% 71 653127.583787
% 72 663985.055614
% 73 656368.851671
% 74 663935.509615
% 75 654759.642213
% 76 659340.239572
% 77 656974.149502
% 78 658947.501441
% 79 639775.677913
% 80 649303.765125
% 81 637922.562198
% 82 617490.552660
% 83 620378.722831
% 84 615200.353320
% 85 621108.386500
% 86 628999.079103
% 87 611026.593024
% 88 604792.784241
% 89 603026.343193
% 90 604065.538453
% 91 607819.036473
% 92 596350.704812
% 93 614749.828242
% 94 611486.217844
% 95 610540.229745
% 96 615518.639157
% 97 618426.839768
% 98 633079.121665
% 99 621390.731980
% 100 638741.673089
% 101 640656.435234
% 102 631887.431988
% 103 619605.732675
% 104 619057.147911
% 105 612824.667235
% 106 614563.155935
% 107 605983.807639
% 108 603156.991218
% 109 605418.048674
% 110 599132.413900
% 111 589545.891486
% 112 591301.255599
% 113 605611.279602
% 114 603593.781969
% 115 609546.008369
% 116 610612.207105
% 117 608305.536557
% 118 620420.760744
% 119 609517.638899
% 120 624465.647909
% 121 609988.835368
% 122 612203.363030
% 123 621070.443735
% 124 614583.636478
% 125 610915.908046
% 126 609544.771302
% 127 614747.409610
% 128 623119.518279
% 129 610240.786832
% 130 609431.283423
% 131 601891.763943
% 132 611817.226890
% 133 616255.683252
% 134 619653.365926
% 135 621854.779080
% 136 622568.087263
% 137 600959.840741
% 138 598537.799772
% 139 606211.801615
% 140 606729.052281
% 141 621148.179859
% 142 590576.904858
% 143 599797.899130
% 144 596929.039412
% 145 591735.857066
% 146 598205.145543
% 147 603239.931891
% 148 601505.975478
% 149 603574.579544
% 150 590860.759928
% 151 584477.336789
% 152 593987.106947
% 153 603944.210561
% 154 578511.828627
% 155 582006.028680
% 156 562936.110402
% 157 569319.445409
% 158 564823.558970
% 159 565050.857258
% 160 570778.349784
% 161 577468.249229
% 162 580539.690906
% 163 579152.658548
% 164 585073.936095
% 165 581559.495192
% 166 586707.762693
% 167 586227.348788
% 168 586227.245488
% 169 570734.148509
% 170 584724.031935
% 171 590395.121435
% 172 589499.965143
% 173 592862.583139
% 174 588349.763411
% 175 607619.137823
% 176 600047.051572
% 177 611824.845407
% 178 580351.296497
% 179 604311.759117
% 180 597126.415733
% 181 593856.377863
% 182 568025.085862
% 183 582098.968883
% 184 580871.365406
% 185 589805.956033
% 186 582980.812383
% 187 576665.171720
% 188 585923.238158
% 189 584948.109027
% 190 567859.367272
% 191 578035.563097
% 192 573689.181881
% 193 575747.333145
% 194 577280.728837
% 195 568371.847208
% 196 549453.833289
% 197 559046.352741
% 198 564904.279260
% 199 564794.330481
% 200 559316.586201
% 201 564228.070679
% 202 558427.844177
% 203 556807.220754
% 204 571288.420776
% 205 571230.013126
% 206 567378.963764
% 207 564932.817245
% 208 581113.581698
% 209 560656.589301
% 210 561846.225637
% 211 561688.675670
% 212 563034.513730
% 213 567492.431216
% 214 569995.531240
> Finished 214 generations with 3037320 distance calculations. GA Runtime = 81.4014 sec
> Final distance: 549453.833289
> Final Route:
Truck 0 [len = 31]: 0 --> 102 --> 100 --> 108 --> 84 --> 137 --> 86 --> 106 --> 104 --> 61 --> 99 --> 53 --> 91 --> 33 --> 37 --> 44 --> 71 --> 97 --> 78 --> 115 --> 90 --> 64 --> 51 --> 63 --> 82 --> 16 --> 30 --> 56 --> 126 --> 149 --> 52
Truck 1 [len = 22]: 0 --> 59 --> 65 --> 66 --> 140 --> 116 --> 139 --> 134 --> 145 --> 146 --> 130 --> 88 --> 132 --> 138 --> 150 --> 120 --> 131 --> 124 --> 133 --> 144 --> 113 --> 35
Truck 2 [len = 40]: 0 --> 12 --> 24 --> 13 --> 4 --> 34 --> 31 --> 11 --> 5 --> 21 --> 6 --> 2 --> 23 --> 3 --> 36 --> 92 --> 101 --> 135 --> 122 --> 128 --> 129 --> 9 --> 107 --> 143 --> 151 --> 117 --> 96 --> 103 --> 62 --> 58 --> 40 --> 81 --> 79 --> 74 --> 68 --> 80 --> 55 --> 25 --> 8 --> 20
Truck 3 [len = 20]: 0 --> 142 --> 121 --> 127 --> 125 --> 123 --> 147 --> 148 --> 45 --> 112 --> 17 --> 18 --> 19 --> 26 --> 28 --> 75 --> 72 --> 93 --> 77 --> 27
Truck 4 [len = 43]: 0 --> 15 --> 32 --> 95 --> 46 --> 47 --> 50 --> 29 --> 10 --> 1 --> 7 --> 22 --> 38 --> 39 --> 41 --> 60 --> 105 --> 54 --> 141 --> 109 --> 42 --> 73 --> 70 --> 57 --> 85 --> 89 --> 94 --> 114 --> 76 --> 110 --> 67 --> 87 --> 43 --> 119 --> 136 --> 118 --> 111 --> 83 --> 98 --> 69 --> 48 --> 49 --> 14
> Generation - Distance curve saved to fig/pr152_baseline_30_5_1000_100_10_20211216_19_13_47/20211216_19_40_35.png.
