--> Running ID = 23
> Loading cities from instances/pr152.txt
	>> 152 cities in total to be loaded
> 152 cities loaded from instances/pr152.txt
> Initial distance: 981889.912330
> Starting running GA.
	>> cities = 152, salesmen = 5
	>> Generations = 1000, PopulationSize = 100, TournamentSize = 10
# Generation Distance
% 1 987239.330795
% 2 966569.618272
% 3 946016.365692
% 4 929992.444730
% 5 921532.401585
% 6 915989.203323
% 7 901426.712416
% 8 875911.881759
% 9 855280.263742
% 10 852008.587831
% 11 837305.456766
% 12 838296.715594
% 13 834158.205150
% 14 828630.991620
% 15 837454.367970
% 16 830719.801238
% 17 828553.952884
% 18 820808.727937
% 19 807733.002323
% 20 801819.452777
% 21 796104.404266
% 22 785719.048199
% 23 782239.303557
% 24 774038.293583
% 25 773685.660418
% 26 754071.445329
% 27 752254.055209
% 28 755257.146171
% 29 744888.920493
% 30 746803.405910
% 31 755002.331950
% 32 738912.528967
% 33 711259.230803
% 34 714314.444987
% 35 707892.765492
% 36 701003.707676
% 37 689919.703755
% 38 682187.989919
% 39 684276.558247
% 40 681513.218742
% 41 690281.472054
% 42 684828.246211
% 43 683746.775565
% 44 685863.186155
% 45 668537.516426
% 46 658125.962299
% 47 655293.855805
% 48 660059.746780
% 49 660381.949709
% 50 652320.746061
% 51 636257.980470
% 52 643384.078620
% 53 640267.104961
% 54 642072.848566
% 55 641383.810687
% 56 658848.252945
% 57 645132.137098
% 58 640217.357495
% 59 642016.132002
% 60 649739.763303
% 61 659920.690851
% 62 659373.323364
% 63 646661.691406
% 64 648581.430678
% 65 644992.963120
% 66 640982.627544
% 67 646924.368749
% 68 639014.319713
% 69 623137.009722
% 70 637072.339096
% 71 646248.447744
% 72 645114.995058
% 73 652720.581720
% 74 640208.200551
% 75 633331.852704
% 76 636562.403363
% 77 622435.458878
% 78 602194.364772
% 79 624289.175335
% 80 614534.667114
% 81 626245.064829
% 82 620138.012130
% 83 613219.774345
% 84 616792.480753
% 85 609265.279430
% 86 624998.963971
% 87 590136.592206
% 88 614688.855620
% 89 607748.474764
% 90 601556.326986
% 91 605415.438172
% 92 601066.570874
% 93 616103.052715
% 94 604511.064555
% 95 619218.826872
% 96 610518.496804
% 97 606036.530707
% 98 610776.238877
% 99 595999.519705
% 100 604091.330817
% 101 602361.651520
% 102 597494.665279
% 103 606676.653559
% 104 600068.911925
% 105 609150.442721
% 106 597997.242227
% 107 603484.832236
% 108 598707.540487
% 109 589355.968827
% 110 596211.074409
% 111 602054.827720
% 112 607005.347963
% 113 600784.826201
% 114 610536.187913
% 115 610527.271692
% 116 604650.882615
% 117 594721.728196
% 118 598124.994304
% 119 605294.155700
% 120 609138.530348
% 121 604977.174657
% 122 607132.227590
% 123 599241.028478
% 124 603724.228760
% 125 604098.732342
% 126 602827.291926
% 127 609319.761807
% 128 590128.014457
% 129 603200.692872
% 130 593223.727711
% 131 580829.934032
% 132 585748.996657
% 133 597651.552034
% 134 600928.755484
% 135 593843.446639
% 136 577939.903044
% 137 592326.094213
% 138 593664.925564
% 139 588620.574515
% 140 573810.701636
% 141 560326.636587
% 142 564406.197658
% 143 562899.564510
% 144 571887.696591
% 145 574302.386749
% 146 578178.200094
% 147 559654.580056
% 148 571524.888622
% 149 573982.040808
% 150 572402.039971
% 151 580872.667074
% 152 564279.574892
% 153 575552.283683
% 154 575934.217556
% 155 580249.598138
% 156 581107.640715
% 157 572516.335252
% 158 567756.171605
% 159 577143.401462
% 160 568937.540368
% 161 580494.090055
% 162 585919.905601
% 163 588670.584828
% 164 577398.289697
% 165 578578.825870
% 166 582619.947119
% 167 583758.009333
% 168 578243.219210
% 169 585115.755995
% 170 593062.832394
% 171 592489.636294
% 172 577628.560552
% 173 579437.229326
% 174 593218.769994
% 175 574552.188285
% 176 587024.437783
% 177 590341.932632
% 178 580527.906100
% 179 586965.702280
% 180 584756.722134
% 181 588776.737403
% 182 581507.550170
% 183 573698.928352
% 184 572393.827886
% 185 560757.930043
% 186 568222.745169
% 187 563801.599719
% 188 583721.586657
% 189 580094.303425
% 190 571093.511575
% 191 573008.592400
% 192 573140.914082
% 193 570814.551830
% 194 575256.277972
% 195 574455.396777
% 196 565996.449435
% 197 573134.987604
% 198 570938.327766
% 199 578474.343734
% 200 567119.973449
% 201 575591.155549
% 202 559102.209939
% 203 575468.513102
% 204 577858.768295
% 205 561354.000222
% 206 557546.537785
% 207 551781.275470
% 208 564336.744315
% 209 557583.113498
% 210 564005.122167
% 211 571145.402329
% 212 567170.363123
% 213 560283.105613
% 214 564233.126814
> Finished 214 generations with 3039504 distance calculations. GA Runtime = 82.2030 sec
> Final distance: 551781.275470
> Final Route:
Truck 0 [len = 49]: 0 --> 28 --> 8 --> 6 --> 18 --> 11 --> 9 --> 23 --> 40 --> 90 --> 113 --> 81 --> 76 --> 72 --> 103 --> 64 --> 139 --> 137 --> 147 --> 120 --> 110 --> 127 --> 106 --> 105 --> 142 --> 116 --> 132 --> 148 --> 129 --> 144 --> 109 --> 85 --> 101 --> 37 --> 4 --> 115 --> 77 --> 1 --> 2 --> 38 --> 5 --> 13 --> 107 --> 108 --> 83 --> 55 --> 42 --> 32 --> 49
Truck 1 [len = 29]: 0 --> 73 --> 7 --> 22 --> 17 --> 16 --> 25 --> 21 --> 19 --> 10 --> 57 --> 128 --> 143 --> 118 --> 119 --> 134 --> 135 --> 100 --> 112 --> 50 --> 92 --> 94 --> 93 --> 53 --> 43 --> 65 --> 51 --> 125 --> 80
Truck 2 [len = 29]: 0 --> 46 --> 71 --> 86 --> 97 --> 98 --> 99 --> 111 --> 59 --> 66 --> 133 --> 145 --> 114 --> 89 --> 44 --> 56 --> 104 --> 63 --> 41 --> 67 --> 95 --> 24 --> 14 --> 47 --> 117 --> 82 --> 58 --> 62 --> 88
Truck 3 [len = 26]: 0 --> 31 --> 12 --> 54 --> 96 --> 87 --> 69 --> 52 --> 68 --> 3 --> 78 --> 91 --> 126 --> 131 --> 141 --> 130 --> 45 --> 48 --> 79 --> 60 --> 61 --> 102 --> 74 --> 75 --> 70 --> 33
Truck 4 [len = 23]: 0 --> 29 --> 84 --> 140 --> 123 --> 121 --> 146 --> 138 --> 136 --> 150 --> 149 --> 124 --> 151 --> 122 --> 20 --> 39 --> 26 --> 27 --> 36 --> 34 --> 15 --> 35 --> 30
> Generation - Distance curve saved to fig/pr152_baseline_30_5_1000_100_10_20211216_19_13_47/20211216_19_46_27.png.
