--> Running ID = 9
> Loading cities from instances/pr152.txt
	>> 152 cities in total to be loaded
> 152 cities loaded from instances/pr152.txt
> Initial distance: 985146.218553
> Starting running GA.
	>> cities = 152, salesmen = 5
	>> Generations = 1000, PopulationSize = 100, TournamentSize = 10
# Generation Distance
% 1 998510.460363
% 2 979320.664584
% 3 972572.304686
% 4 936988.660821
% 5 938189.368376
% 6 914013.609736
% 7 907736.906881
% 8 899758.536187
% 9 890166.182858
% 10 872788.037715
% 11 871216.957778
% 12 843062.945554
% 13 842626.008680
% 14 833683.824548
% 15 833850.752862
% 16 828821.098356
% 17 828155.069104
% 18 822926.275192
% 19 814856.511108
% 20 793575.687137
% 21 771013.711899
% 22 771235.993230
% 23 770649.280510
% 24 757766.890867
% 25 735016.333258
% 26 745188.681870
% 27 755057.981168
% 28 729961.452870
% 29 724948.881293
% 30 716211.864707
% 31 702584.122618
% 32 702391.796102
% 33 693847.247533
% 34 684571.821850
% 35 679915.738066
% 36 692262.295386
% 37 669038.218617
% 38 676509.823918
% 39 683451.607747
% 40 672586.308882
% 41 660020.569121
% 42 672263.292178
% 43 665068.320434
% 44 654821.449220
% 45 644705.917754
% 46 647445.321088
% 47 643129.127369
% 48 665177.828442
% 49 652066.018043
% 50 654421.129358
% 51 664761.521224
% 52 661912.580787
% 53 644516.780173
% 54 652178.859979
% 55 657668.206313
% 56 661040.147744
% 57 652301.665322
% 58 666895.188734
% 59 661137.367252
% 60 670129.524403
% 61 659877.187445
% 62 648036.612299
% 63 652605.187118
% 64 639855.016928
% 65 632945.010631
% 66 631180.554118
% 67 622243.804475
% 68 621682.844183
% 69 618700.490080
% 70 620591.861414
% 71 619621.295950
% 72 606972.021976
% 73 592726.909618
% 74 613192.179083
% 75 599384.875835
% 76 605721.432473
% 77 605865.122409
% 78 582473.971609
% 79 605561.467802
% 80 608713.538638
% 81 598612.337836
% 82 596600.447869
% 83 607914.144773
% 84 605581.494936
% 85 591955.203376
% 86 600670.043685
% 87 598884.619062
% 88 607686.636999
% 89 596761.802535
% 90 601808.787384
% 91 597005.814143
% 92 601713.163008
% 93 603737.159094
% 94 603434.055405
% 95 598569.528147
% 96 589203.779695
% 97 592224.165205
% 98 589967.474130
% 99 592386.567983
% 100 604995.891863
% 101 592502.996539
% 102 601306.174456
% 103 604192.356017
% 104 601076.592843
% 105 592835.154638
% 106 597169.022891
% 107 594411.946743
% 108 601594.910756
% 109 580622.962390
% 110 590284.452651
% 111 590013.764106
% 112 593464.034684
% 113 598345.548097
% 114 593943.125861
% 115 597854.295183
% 116 579729.987303
% 117 595332.564080
% 118 579273.608737
% 119 585822.678410
% 120 591885.969926
% 121 587489.795240
% 122 565825.713198
% 123 580782.480349
% 124 557431.117890
% 125 570271.127206
% 126 571816.516880
% 127 565484.305452
% 128 578922.157165
% 129 571467.915456
% 130 576436.592388
% 131 563930.257206
% 132 569995.869079
% 133 576076.229861
% 134 582851.424213
% 135 576890.378444
% 136 579470.196340
% 137 571527.222415
% 138 564724.886421
% 139 574832.293655
% 140 580164.226741
% 141 588263.547579
% 142 571496.389425
% 143 580817.745753
% 144 571261.460721
% 145 566723.872272
% 146 564677.114646
% 147 560589.759608
% 148 574146.472145
% 149 578457.224261
% 150 578937.967649
% 151 581716.866129
% 152 579697.547788
% 153 578881.961388
% 154 589956.669194
% 155 581888.262713
% 156 576748.382684
% 157 597810.785815
% 158 601862.433863
% 159 588924.451735
% 160 598512.433452
% 161 608266.612354
% 162 599364.533962
% 163 605608.821383
% 164 593948.327795
% 165 604045.867343
% 166 580605.501415
% 167 578900.923493
% 168 568094.816775
% 169 581828.176072
% 170 555086.668853
% 171 569689.157011
% 172 580757.044904
% 173 571956.066607
% 174 553080.965118
% 175 565495.892359
% 176 564909.349893
% 177 566648.416599
% 178 568912.566510
% 179 579965.587287
% 180 589762.788308
% 181 548107.239151
% 182 571814.079675
% 183 567918.069164
% 184 559380.693806
% 185 569398.060987
% 186 572393.912305
% 187 562691.365083
% 188 570723.342681
% 189 579641.593022
% 190 564178.773611
% 191 575281.976802
% 192 567236.878082
% 193 580972.611064
% 194 579121.682404
% 195 562293.180814
% 196 566702.675429
% 197 569228.779370
% 198 582554.159873
% 199 587916.696870
% 200 589102.050492
% 201 578121.360593
% 202 582403.028299
% 203 581337.434829
% 204 570833.155582
% 205 569660.908990
% 206 577988.469961
% 207 577015.419342
% 208 570014.746544
% 209 568555.539564
% 210 556710.860030
% 211 565189.238647
% 212 576524.011142
% 213 566220.684916
% 214 566068.002790
> Finished 214 generations with 3037008 distance calculations. GA Runtime = 80.7449 sec
> Final distance: 548107.239151
> Final Route:
Truck 0 [len = 47]: 0 --> 108 --> 107 --> 87 --> 136 --> 59 --> 119 --> 131 --> 147 --> 144 --> 57 --> 42 --> 43 --> 55 --> 66 --> 99 --> 84 --> 109 --> 45 --> 88 --> 41 --> 44 --> 89 --> 46 --> 121 --> 96 --> 124 --> 101 --> 111 --> 143 --> 98 --> 130 --> 129 --> 127 --> 120 --> 133 --> 141 --> 86 --> 77 --> 78 --> 67 --> 110 --> 105 --> 63 --> 48 --> 47 --> 50
Truck 1 [len = 29]: 0 --> 26 --> 82 --> 146 --> 151 --> 150 --> 123 --> 72 --> 53 --> 113 --> 112 --> 73 --> 76 --> 93 --> 97 --> 115 --> 75 --> 74 --> 126 --> 104 --> 106 --> 22 --> 39 --> 61 --> 6 --> 17 --> 8 --> 29 --> 31
Truck 2 [len = 21]: 0 --> 35 --> 34 --> 140 --> 60 --> 139 --> 117 --> 102 --> 65 --> 80 --> 62 --> 58 --> 83 --> 114 --> 18 --> 23 --> 24 --> 16 --> 20 --> 21 --> 36
Truck 3 [len = 34]: 0 --> 69 --> 100 --> 142 --> 132 --> 148 --> 95 --> 79 --> 71 --> 94 --> 125 --> 122 --> 149 --> 85 --> 81 --> 40 --> 38 --> 9 --> 7 --> 13 --> 33 --> 11 --> 4 --> 5 --> 25 --> 15 --> 1 --> 56 --> 54 --> 68 --> 51 --> 64 --> 3 --> 2
Truck 4 [len = 25]: 0 --> 103 --> 70 --> 90 --> 134 --> 116 --> 128 --> 138 --> 145 --> 32 --> 14 --> 27 --> 37 --> 10 --> 19 --> 12 --> 92 --> 135 --> 118 --> 137 --> 52 --> 49 --> 91 --> 28 --> 30
> Generation - Distance curve saved to fig/pr152_baseline_30_5_1000_100_10_20211216_19_13_47/20211216_19_26_24.png.
