--> Running ID = 4
> Loading cities from instances/pr152.txt
	>> 152 cities in total to be loaded
> 152 cities loaded from instances/pr152.txt
> Initial distance: 1011274.733794
> Starting running GA.
	>> cities = 152, salesmen = 5
	>> Generations = 1000, PopulationSize = 100, TournamentSize = 10
# Generation Distance
% 1 985348.353252
% 2 980540.650544
% 3 970754.823849
% 4 957115.082153
% 5 951373.270919
% 6 924010.147592
% 7 902756.463571
% 8 906026.636198
% 9 899588.600852
% 10 886824.792484
% 11 871319.883321
% 12 872857.879662
% 13 856596.170709
% 14 842775.980333
% 15 828702.092121
% 16 832938.155657
% 17 831601.476046
% 18 812859.454121
% 19 810320.082922
% 20 803761.326032
% 21 795351.020021
% 22 776094.605209
% 23 780213.736882
% 24 780160.742786
% 25 761010.179958
% 26 770715.894156
% 27 765176.094403
% 28 755414.015147
% 29 746089.900086
% 30 731935.649251
% 31 745656.467382
% 32 742425.720834
% 33 736998.814989
% 34 740260.672868
% 35 724779.556345
% 36 703439.724740
% 37 707377.901322
% 38 694872.665989
% 39 692835.544659
% 40 681649.254830
% 41 680525.359616
% 42 671159.615848
% 43 665593.502887
% 44 663914.140572
% 45 659582.985259
% 46 663616.857048
% 47 658958.268274
% 48 649913.938605
% 49 646688.100747
% 50 637340.752497
% 51 622110.520465
% 52 630374.060858
% 53 621161.463264
% 54 610081.779552
% 55 616228.742145
% 56 633248.875217
% 57 616164.524476
% 58 628329.422338
% 59 625325.582387
% 60 592657.227865
% 61 605728.663941
% 62 594586.579332
% 63 622549.828727
% 64 605266.626121
% 65 606646.077250
% 66 608126.397185
% 67 615508.900923
% 68 613986.648780
% 69 619013.101689
% 70 609952.899367
% 71 613527.282200
% 72 618183.163897
% 73 609685.208551
% 74 598014.329917
% 75 592604.977355
% 76 604549.846291
% 77 616974.019190
% 78 614859.346330
% 79 610511.107385
% 80 615938.659925
% 81 628626.468584
% 82 628832.842383
% 83 628129.601961
% 84 612670.570303
% 85 620871.689297
% 86 630371.521376
% 87 616983.014887
% 88 611384.568114
% 89 609062.013389
% 90 596259.544188
% 91 609511.539789
% 92 601242.761052
% 93 597073.374028
% 94 589265.230443
% 95 590464.562217
% 96 591603.311670
% 97 601994.019446
% 98 608087.099941
% 99 617957.359811
% 100 624940.764078
% 101 620644.268509
% 102 624598.252198
% 103 619005.835782
% 104 620766.457662
% 105 618888.874118
% 106 623490.570668
% 107 621716.649273
% 108 610191.649481
% 109 605888.241488
% 110 614420.873946
% 111 612491.093146
% 112 616124.747081
% 113 621287.209676
% 114 606371.665050
% 115 606509.501982
% 116 609341.724070
% 117 605594.773375
% 118 622943.167426
% 119 621507.412785
% 120 621360.638190
% 121 614742.886500
% 122 614181.014245
% 123 610051.126415
% 124 621728.565759
% 125 616674.585301
% 126 630173.716672
% 127 622167.219424
% 128 629026.436197
% 129 616362.869211
% 130 629036.389195
% 131 628280.688812
% 132 643845.329205
% 133 615929.338832
% 134 624718.345883
% 135 613761.297470
% 136 603067.187019
% 137 591644.430516
% 138 609706.279169
% 139 604268.762576
% 140 587243.696847
% 141 598957.170618
% 142 588814.006605
% 143 582772.276554
% 144 597398.906546
% 145 589557.314301
% 146 599399.607363
% 147 590490.811397
% 148 595230.815508
% 149 609356.842307
% 150 600121.831479
% 151 596921.440699
% 152 598508.754650
% 153 610313.589933
% 154 616438.677846
% 155 601828.929089
% 156 590978.036424
% 157 588468.908619
% 158 587243.858166
% 159 600673.836060
% 160 597489.258658
% 161 588027.679047
% 162 582887.212211
% 163 577596.715400
% 164 588576.918452
% 165 595159.465173
% 166 576529.239594
% 167 592795.081725
% 168 597187.287716
% 169 585031.091515
% 170 584079.061930
% 171 559777.780998
% 172 565037.614689
% 173 574659.159965
% 174 572798.533177
% 175 579321.858590
% 176 555737.075326
% 177 557763.254430
% 178 575179.378974
% 179 558449.695661
% 180 570458.685988
% 181 582021.430682
% 182 576061.320442
% 183 566173.142238
% 184 559671.446557
% 185 562403.769491
% 186 564034.995077
% 187 541227.096514
% 188 558286.514314
% 189 542890.367049
% 190 540060.104368
% 191 544206.255291
% 192 543254.672473
% 193 546459.206282
% 194 545510.923493
% 195 552034.854281
% 196 565829.394962
% 197 576706.690570
% 198 580604.830421
% 199 568642.555613
% 200 580299.628063
% 201 570520.583375
% 202 576441.910736
% 203 574234.792634
% 204 566915.627916
% 205 557280.201199
% 206 564210.309099
% 207 562195.859941
% 208 566419.451824
% 209 581581.156730
% 210 593353.347361
% 211 599115.681312
% 212 564580.816339
% 213 564741.141613
% 214 549468.623586
> Finished 214 generations with 3036540 distance calculations. GA Runtime = 87.3383 sec
> Final distance: 540060.104368
> Final Route:
Truck 0 [len = 32]: 0 --> 136 --> 129 --> 130 --> 128 --> 148 --> 119 --> 151 --> 123 --> 134 --> 141 --> 133 --> 111 --> 93 --> 125 --> 126 --> 18 --> 5 --> 22 --> 65 --> 43 --> 112 --> 87 --> 16 --> 2 --> 24 --> 90 --> 77 --> 78 --> 94 --> 37 --> 4
Truck 1 [len = 31]: 0 --> 27 --> 46 --> 81 --> 64 --> 56 --> 82 --> 83 --> 104 --> 108 --> 106 --> 110 --> 120 --> 131 --> 127 --> 149 --> 135 --> 74 --> 140 --> 42 --> 105 --> 107 --> 3 --> 15 --> 13 --> 1 --> 34 --> 30 --> 35 --> 114 --> 14
Truck 2 [len = 27]: 0 --> 50 --> 91 --> 72 --> 49 --> 45 --> 85 --> 103 --> 53 --> 66 --> 88 --> 71 --> 38 --> 12 --> 21 --> 11 --> 28 --> 32 --> 26 --> 29 --> 48 --> 47 --> 52 --> 89 --> 113 --> 100 --> 36
Truck 3 [len = 19]: 0 --> 76 --> 109 --> 84 --> 79 --> 19 --> 23 --> 95 --> 98 --> 115 --> 73 --> 44 --> 69 --> 132 --> 102 --> 41 --> 59 --> 63 --> 61
Truck 4 [len = 47]: 0 --> 25 --> 57 --> 60 --> 67 --> 31 --> 55 --> 54 --> 86 --> 7 --> 39 --> 10 --> 17 --> 20 --> 6 --> 9 --> 101 --> 8 --> 62 --> 68 --> 92 --> 75 --> 139 --> 117 --> 138 --> 137 --> 143 --> 51 --> 99 --> 147 --> 150 --> 124 --> 121 --> 146 --> 145 --> 144 --> 118 --> 96 --> 70 --> 122 --> 116 --> 142 --> 97 --> 80 --> 40 --> 58 --> 33
> Generation - Distance curve saved to fig/pr152_baseline_30_5_1000_100_10_20211216_19_13_47/20211216_19_19_05.png.
