--> Running ID = 25
> Loading cities from instances/pr152.txt
	>> 152 cities in total to be loaded
> 152 cities loaded from instances/pr152.txt
> Initial distance: 1010501.315361
> Starting running GA.
	>> cities = 152, salesmen = 5
	>> Generations = 1000, PopulationSize = 100, TournamentSize = 10
# Generation Distance
% 1 1008850.184311
% 2 988193.836109
% 3 971124.023441
% 4 965396.983061
% 5 957931.281910
% 6 954412.536874
% 7 921025.207283
% 8 918137.659489
% 9 913964.872399
% 10 901448.126271
% 11 905334.946885
% 12 898076.001509
% 13 881545.220357
% 14 879473.284708
% 15 868588.082699
% 16 857518.530465
% 17 842671.544865
% 18 837360.616384
% 19 837176.114404
% 20 826035.081983
% 21 810045.374277
% 22 809349.637219
% 23 807210.273268
% 24 805378.805636
% 25 807971.388423
% 26 808195.003299
% 27 796318.044934
% 28 794770.706764
% 29 795190.062957
% 30 776028.246551
% 31 761125.959571
% 32 753019.816389
% 33 750537.510654
% 34 753744.265291
% 35 736030.451210
% 36 728461.819573
% 37 723476.468310
% 38 723672.495348
% 39 721221.510255
% 40 720197.522594
% 41 704655.299009
% 42 710392.146581
% 43 714076.027041
% 44 713325.593114
% 45 716195.813782
% 46 724608.956720
% 47 708995.541902
% 48 704100.414673
% 49 709724.284043
% 50 699552.444153
% 51 697289.172084
% 52 705888.276536
% 53 706008.602744
% 54 690049.684783
% 55 693629.704249
% 56 681078.690641
% 57 670272.722187
% 58 660014.417263
% 59 656397.242832
% 60 629516.845824
% 61 625430.055594
% 62 633758.576713
% 63 639293.015300
% 64 642912.183035
% 65 638560.798068
% 66 645633.628909
% 67 640079.223546
% 68 636855.364940
% 69 625010.160978
% 70 622206.681988
% 71 617133.088439
% 72 596568.445323
% 73 593696.191249
% 74 589129.168725
% 75 596585.741755
% 76 592378.153441
% 77 593320.362878
% 78 585322.867364
% 79 555698.996787
% 80 558424.643325
% 81 557034.206507
% 82 532737.576370
% 83 540409.175232
% 84 548205.642314
% 85 553760.439032
% 86 559899.259203
% 87 552954.085011
% 88 559402.573549
% 89 549166.470468
% 90 576667.705150
% 91 572342.619849
% 92 594115.563427
% 93 591925.995071
% 94 594999.558831
% 95 595099.825867
% 96 600010.863247
% 97 597453.538896
% 98 595253.179089
% 99 599053.643364
% 100 587738.580100
% 101 588682.449961
% 102 585350.705653
% 103 577920.841389
% 104 584453.419677
% 105 579111.791350
% 106 592518.531179
% 107 585086.862084
% 108 590939.015321
% 109 588743.156947
% 110 595171.307607
% 111 575114.750710
% 112 570870.372492
% 113 572367.468183
% 114 583922.251899
% 115 572734.723066
% 116 567306.141020
% 117 578544.250012
% 118 581042.321936
% 119 584222.000474
% 120 580253.322986
% 121 596660.732851
% 122 584151.176157
% 123 579390.418107
% 124 593322.949701
% 125 581853.741318
% 126 563556.706962
% 127 565933.456174
% 128 573642.073556
% 129 580171.653583
% 130 570946.981931
% 131 561365.860725
% 132 571483.196668
% 133 575242.125726
% 134 572103.954675
% 135 555603.054310
% 136 555744.959939
% 137 561469.705360
% 138 562671.175006
% 139 567955.231904
% 140 572102.067855
% 141 569674.152689
% 142 572659.379720
% 143 567347.594226
% 144 553967.279593
% 145 565674.256965
% 146 571030.976652
% 147 582214.983618
% 148 589966.087934
% 149 593452.641663
% 150 592776.321994
% 151 591730.054048
% 152 597484.930785
% 153 592682.200603
% 154 592233.511013
% 155 600804.007198
% 156 603045.981692
% 157 605972.194910
% 158 599001.738937
% 159 618495.940598
% 160 618096.639869
% 161 631787.873752
% 162 619512.396876
% 163 618491.379672
% 164 615533.505632
% 165 615124.785632
% 166 603176.639496
% 167 602352.774915
% 168 594418.843025
% 169 599480.627665
% 170 592209.853943
% 171 584117.259033
% 172 602396.981979
% 173 595454.965669
% 174 597716.336545
% 175 592895.371940
% 176 603533.973188
% 177 609838.304971
% 178 612969.262671
% 179 608891.741672
% 180 609434.983124
% 181 604857.325770
% 182 614611.346169
% 183 624502.045979
% 184 627047.569282
% 185 615711.559910
% 186 614437.390011
% 187 613942.932426
% 188 615412.365499
% 189 607014.863885
% 190 622568.877994
% 191 613257.873142
% 192 594713.841858
% 193 598683.484530
% 194 608039.511919
% 195 601577.764788
% 196 598501.043138
% 197 604995.249815
% 198 612729.341631
% 199 593622.757668
% 200 582739.689405
% 201 590455.147373
% 202 586239.894624
% 203 605603.010044
% 204 594092.622972
% 205 597171.591310
% 206 601213.553739
% 207 589248.934883
% 208 595345.817028
% 209 601169.650386
% 210 589614.745524
% 211 590565.370697
% 212 592338.314555
% 213 601037.489522
% 214 590661.657590
> Finished 214 generations with 3036072 distance calculations. GA Runtime = 81.4658 sec
> Final distance: 532737.576370
> Final Route:
Truck 0 [len = 28]: 0 --> 143 --> 142 --> 148 --> 149 --> 135 --> 119 --> 74 --> 48 --> 46 --> 115 --> 106 --> 69 --> 49 --> 99 --> 91 --> 78 --> 42 --> 50 --> 47 --> 10 --> 40 --> 59 --> 101 --> 60 --> 83 --> 38 --> 30
Truck 1 [len = 28]: 0 --> 39 --> 21 --> 26 --> 11 --> 2 --> 96 --> 116 --> 117 --> 130 --> 81 --> 105 --> 85 --> 65 --> 68 --> 114 --> 56 --> 25 --> 4 --> 29 --> 3 --> 24 --> 12 --> 13 --> 37 --> 1 --> 5 --> 28
Truck 2 [len = 45]: 0 --> 23 --> 15 --> 36 --> 41 --> 111 --> 110 --> 104 --> 43 --> 52 --> 53 --> 109 --> 124 --> 126 --> 131 --> 144 --> 140 --> 134 --> 136 --> 132 --> 145 --> 141 --> 137 --> 150 --> 139 --> 82 --> 66 --> 77 --> 97 --> 118 --> 121 --> 122 --> 92 --> 70 --> 72 --> 94 --> 45 --> 89 --> 7 --> 19 --> 107 --> 62 --> 67 --> 57 --> 58
Truck 3 [len = 39]: 0 --> 8 --> 20 --> 84 --> 61 --> 55 --> 86 --> 103 --> 87 --> 138 --> 133 --> 44 --> 88 --> 63 --> 6 --> 9 --> 18 --> 22 --> 71 --> 79 --> 113 --> 33 --> 14 --> 32 --> 100 --> 90 --> 73 --> 93 --> 64 --> 75 --> 129 --> 147 --> 125 --> 127 --> 151 --> 80 --> 17 --> 16 --> 27
Truck 4 [len = 16]: 0 --> 34 --> 35 --> 31 --> 76 --> 120 --> 146 --> 123 --> 108 --> 102 --> 112 --> 98 --> 128 --> 95 --> 51 --> 54
> Generation - Distance curve saved to fig/pr152_baseline_30_5_1000_100_10_20211216_19_13_47/20211216_19_49_18.png.
