--> Running ID = 29
> Loading cities from instances/pr152.txt
	>> 152 cities in total to be loaded
> 152 cities loaded from instances/pr152.txt
> Initial distance: 1016405.370360
> Starting running GA.
	>> cities = 152, salesmen = 5
	>> Generations = 1000, PopulationSize = 100, TournamentSize = 10
# Generation Distance
% 1 1006052.794893
% 2 988119.683336
% 3 978675.162181
% 4 964184.372265
% 5 963828.406009
% 6 948614.560168
% 7 936075.796701
% 8 935546.933152
% 9 906006.473962
% 10 916719.895043
% 11 899558.222841
% 12 911365.146512
% 13 894517.544891
% 14 871913.886136
% 15 879010.846761
% 16 861782.944984
% 17 856785.362913
% 18 855114.229315
% 19 834331.614068
% 20 827148.749897
% 21 836153.265814
% 22 829708.008810
% 23 825045.740079
% 24 808350.587374
% 25 797421.660632
% 26 803132.064270
% 27 800843.096796
% 28 795075.472921
% 29 789886.422082
% 30 783125.889349
% 31 796372.094609
% 32 796564.217631
% 33 789450.510361
% 34 792556.591766
% 35 790215.380851
% 36 766859.955643
% 37 769635.430870
% 38 755311.667942
% 39 751297.551697
% 40 756545.089485
% 41 760722.965799
% 42 757225.645279
% 43 735245.618703
% 44 738588.808309
% 45 726102.029989
% 46 732373.427602
% 47 724859.916282
% 48 722511.018439
% 49 717107.798690
% 50 721089.416386
% 51 708847.411576
% 52 698979.183948
% 53 685136.692141
% 54 675220.502842
% 55 668609.620582
% 56 666320.453309
% 57 672782.175683
% 58 671297.197663
% 59 660563.911449
% 60 662409.428860
% 61 651522.788186
% 62 660189.180114
% 63 655093.184407
% 64 670656.082655
% 65 669832.399467
% 66 653112.601569
% 67 649465.128480
% 68 647084.092686
% 69 649642.903537
% 70 647262.033853
% 71 648093.464097
% 72 629257.167117
% 73 620472.130245
% 74 628123.284098
% 75 624233.176426
% 76 612185.951069
% 77 617294.525563
% 78 613730.172891
% 79 612026.513211
% 80 608252.229984
% 81 616863.519264
% 82 607743.898956
% 83 612269.512026
% 84 616530.906199
% 85 610249.121106
% 86 619485.616428
% 87 620035.235126
% 88 614060.109770
% 89 615742.989906
% 90 609066.560623
% 91 618109.434842
% 92 609889.802073
% 93 607437.388491
% 94 590085.375757
% 95 602216.887927
% 96 608000.875765
% 97 585637.602459
% 98 587837.325833
% 99 599572.104055
% 100 598120.737809
% 101 604911.299403
% 102 599179.035544
% 103 587145.624639
% 104 600351.823877
% 105 598523.090984
% 106 578367.960149
% 107 580644.879874
% 108 582012.706832
% 109 571765.874183
% 110 573866.057082
% 111 573951.955310
% 112 573276.161314
% 113 572946.967533
% 114 579198.549739
% 115 585465.647544
% 116 574057.694922
% 117 572110.796893
% 118 580012.218540
% 119 579090.992332
% 120 580414.231129
% 121 569463.373034
% 122 560530.214844
% 123 564384.234521
% 124 574392.330423
% 125 577211.895745
% 126 574562.796801
% 127 584169.301880
% 128 584177.863743
% 129 584866.941257
% 130 574975.908018
% 131 581829.313368
% 132 573796.170279
% 133 576166.252006
% 134 575738.665715
% 135 559205.527466
% 136 550131.236120
% 137 559366.126313
% 138 551137.263437
% 139 568010.268218
% 140 566360.418757
% 141 574001.638673
% 142 572060.419482
% 143 575820.565050
% 144 565923.269837
% 145 555681.249762
% 146 565754.702418
% 147 565390.475643
% 148 569835.389447
% 149 567512.817254
% 150 561140.154019
% 151 564887.490304
% 152 565119.870374
% 153 559298.784336
% 154 540227.958880
% 155 554046.250000
% 156 545638.053979
% 157 553743.721656
% 158 558095.445476
% 159 564168.630793
% 160 575811.426697
% 161 578921.205796
% 162 569250.757482
% 163 580517.347365
% 164 568958.206221
% 165 575057.753720
% 166 575480.082519
% 167 565930.765245
% 168 564978.250962
% 169 566423.706537
% 170 566423.706537
% 171 579050.788101
% 172 588512.450271
% 173 582906.037896
% 174 588708.762902
% 175 586151.383188
% 176 583743.461762
% 177 587035.977723
% 178 564922.565104
% 179 572533.527322
% 180 569347.691175
% 181 573938.439081
% 182 582449.902633
% 183 568871.196999
% 184 570338.897317
% 185 556410.392250
% 186 577930.850519
% 187 578058.423508
% 188 578244.645840
% 189 565665.680873
% 190 582839.719548
% 191 570906.131991
% 192 589662.927249
% 193 579555.112828
% 194 582568.458846
% 195 583590.830396
% 196 577420.572114
% 197 585651.746451
% 198 570342.894552
% 199 579298.014062
% 200 564133.840304
% 201 566559.891689
% 202 568139.960306
% 203 568535.678078
% 204 563218.356775
% 205 565842.717223
% 206 572338.785222
% 207 568099.974822
% 208 557015.953839
% 209 559585.135929
% 210 550587.460833
% 211 547859.500812
% 212 531259.968913
% 213 548478.459452
% 214 528889.289644
> Finished 214 generations with 3035136 distance calculations. GA Runtime = 79.6025 sec
> Final distance: 528889.289644
> Final Route:
Truck 0 [len = 37]: 0 --> 82 --> 59 --> 81 --> 111 --> 109 --> 137 --> 128 --> 121 --> 126 --> 150 --> 149 --> 133 --> 87 --> 66 --> 50 --> 79 --> 105 --> 100 --> 106 --> 6 --> 16 --> 9 --> 89 --> 131 --> 132 --> 140 --> 135 --> 141 --> 116 --> 113 --> 28 --> 11 --> 25 --> 17 --> 18 --> 19
Truck 1 [len = 34]: 0 --> 69 --> 42 --> 10 --> 72 --> 75 --> 94 --> 46 --> 102 --> 65 --> 112 --> 7 --> 68 --> 115 --> 13 --> 2 --> 107 --> 61 --> 62 --> 83 --> 57 --> 40 --> 23 --> 44 --> 136 --> 21 --> 24 --> 1 --> 29 --> 14 --> 5 --> 36 --> 22 --> 38
Truck 2 [len = 27]: 0 --> 60 --> 63 --> 55 --> 56 --> 76 --> 92 --> 99 --> 98 --> 148 --> 143 --> 130 --> 93 --> 95 --> 151 --> 125 --> 123 --> 117 --> 138 --> 118 --> 124 --> 146 --> 129 --> 147 --> 85 --> 104 --> 84
Truck 3 [len = 30]: 0 --> 32 --> 48 --> 73 --> 97 --> 88 --> 45 --> 91 --> 110 --> 20 --> 3 --> 12 --> 4 --> 39 --> 8 --> 77 --> 27 --> 96 --> 67 --> 54 --> 119 --> 120 --> 70 --> 43 --> 103 --> 51 --> 90 --> 71 --> 35 --> 33
Truck 4 [len = 28]: 0 --> 15 --> 26 --> 30 --> 31 --> 74 --> 114 --> 52 --> 80 --> 58 --> 108 --> 64 --> 47 --> 49 --> 101 --> 86 --> 41 --> 53 --> 78 --> 139 --> 142 --> 134 --> 145 --> 144 --> 122 --> 127 --> 37 --> 34
> Generation - Distance curve saved to fig/pr152_baseline_30_5_1000_100_10_20211216_19_13_47/20211216_19_54_53.png.
