--> Running ID = 6
> Loading cities from instances/pr152.txt
	>> 152 cities in total to be loaded
> 152 cities loaded from instances/pr152.txt
> Initial distance: 980994.889236
> Starting running GA.
	>> cities = 152, salesmen = 5
	>> Generations = 1000, PopulationSize = 100, TournamentSize = 10
# Generation Distance
% 1 938191.859641
% 2 925933.522908
% 3 924423.969327
% 4 914741.473044
% 5 910105.028451
% 6 888782.862169
% 7 869236.021249
% 8 874414.612228
% 9 875704.624765
% 10 867386.552120
% 11 876099.327806
% 12 858272.300183
% 13 868454.033277
% 14 858473.991657
% 15 836862.543370
% 16 831687.843467
% 17 832349.463885
% 18 835313.514826
% 19 820933.942051
% 20 820670.936299
% 21 810463.661218
% 22 799981.991228
% 23 788124.981892
% 24 768063.125572
% 25 772565.775431
% 26 763622.620389
% 27 770979.734033
% 28 768351.341003
% 29 761429.311784
% 30 756317.925835
% 31 755544.578738
% 32 749479.870486
% 33 735984.306463
% 34 721951.067963
% 35 716566.908480
% 36 720469.103878
% 37 710379.464868
% 38 706702.134897
% 39 697533.969939
% 40 686434.727746
% 41 686894.865762
% 42 678603.362888
% 43 668536.565359
% 44 656462.248400
% 45 649851.515252
% 46 634438.264184
% 47 647401.067322
% 48 641177.904524
% 49 643720.918532
% 50 618265.334101
% 51 624514.512483
% 52 620367.125987
% 53 620429.059388
% 54 600892.874576
% 55 627240.844024
% 56 619865.035953
% 57 597267.813298
% 58 604694.306733
% 59 591452.042130
% 60 579687.956142
% 61 591315.288380
% 62 598664.321941
% 63 596971.187927
% 64 604670.082019
% 65 604615.334223
% 66 605088.018106
% 67 604247.508388
% 68 585601.853327
% 69 598162.250161
% 70 597101.217389
% 71 596501.868843
% 72 604954.142074
% 73 604154.184234
% 74 601893.919782
% 75 616207.327429
% 76 610991.268003
% 77 614544.221216
% 78 615657.956114
% 79 614090.190934
% 80 620611.443764
% 81 608918.910342
% 82 622280.296827
% 83 614151.628461
% 84 612366.031252
% 85 596237.799553
% 86 606350.524804
% 87 609396.079690
% 88 605026.056791
% 89 615141.405892
% 90 610719.312206
% 91 627339.945520
% 92 624510.618778
% 93 618288.840192
% 94 616033.343230
% 95 614765.697138
% 96 617084.887664
% 97 607107.981651
% 98 611841.023940
% 99 623104.867403
% 100 621202.396009
% 101 604480.060211
% 102 607062.913925
% 103 619532.932445
% 104 622148.821487
% 105 622165.976550
% 106 615499.405412
% 107 626520.933426
% 108 630373.253272
% 109 646795.678732
% 110 644864.442221
% 111 633343.520719
% 112 640939.182661
% 113 650973.573491
% 114 641791.814539
% 115 629014.689138
% 116 631736.854539
% 117 632982.390644
% 118 624219.430366
% 119 628227.324090
% 120 618887.149776
% 121 613439.443658
% 122 610804.845427
% 123 612976.281270
% 124 620739.376275
% 125 607301.683652
% 126 615745.738605
% 127 610775.960309
% 128 599465.278445
% 129 619246.501082
% 130 615431.373161
% 131 614494.691861
% 132 610641.811158
% 133 587924.272226
% 134 599687.356104
% 135 598473.304649
% 136 593171.718752
% 137 604857.214561
% 138 614297.996754
% 139 599239.891404
% 140 584931.969854
% 141 581040.725630
% 142 575336.934090
% 143 569169.099193
% 144 573720.369391
% 145 575513.488857
% 146 568263.358690
% 147 573312.832523
% 148 572761.525686
% 149 578155.682141
% 150 573140.975143
% 151 577379.467952
% 152 574496.560186
% 153 583287.454882
% 154 582453.461941
% 155 567422.433111
% 156 564620.339647
% 157 561409.381605
% 158 567910.990426
% 159 564634.702370
% 160 563915.970760
% 161 552163.305354
% 162 567639.428854
% 163 555114.489709
% 164 551826.674911
% 165 557417.300200
% 166 562130.792953
% 167 559259.867736
% 168 551016.781912
% 169 543218.026054
% 170 571740.693849
% 171 543249.192687
% 172 555264.806188
% 173 562136.794094
% 174 562955.747909
% 175 560296.115452
% 176 571381.391165
% 177 558725.653036
% 178 549112.452263
% 179 575487.045603
% 180 572435.950814
% 181 567670.195162
% 182 578323.920230
% 183 581099.656905
% 184 552409.404292
% 185 570571.151680
% 186 575620.384493
% 187 567037.259969
% 188 568039.957433
% 189 573518.390058
% 190 571377.954212
% 191 567919.018089
% 192 573840.507766
% 193 558860.389935
% 194 573214.716740
% 195 563078.326201
% 196 567916.484413
% 197 559250.709146
% 198 561738.979826
% 199 551985.062023
% 200 560571.553593
% 201 562008.560958
% 202 559533.698341
% 203 558880.595368
% 204 565959.532631
% 205 562270.866987
% 206 575443.037713
% 207 583027.995584
% 208 583631.184354
% 209 580690.301004
% 210 587256.807832
% 211 584535.857001
% 212 584024.926838
% 213 577650.762065
% 214 582904.697237
> Finished 214 generations with 3035604 distance calculations. GA Runtime = 80.1946 sec
> Final distance: 543218.026054
> Final Route:
Truck 0 [len = 22]: 0 --> 107 --> 118 --> 121 --> 49 --> 113 --> 91 --> 94 --> 77 --> 96 --> 73 --> 47 --> 9 --> 32 --> 11 --> 38 --> 60 --> 103 --> 41 --> 82 --> 106 --> 61
Truck 1 [len = 53]: 0 --> 30 --> 29 --> 27 --> 3 --> 23 --> 8 --> 17 --> 36 --> 74 --> 99 --> 14 --> 16 --> 20 --> 5 --> 19 --> 57 --> 83 --> 108 --> 62 --> 40 --> 111 --> 97 --> 130 --> 132 --> 134 --> 145 --> 133 --> 76 --> 127 --> 148 --> 149 --> 150 --> 141 --> 140 --> 137 --> 116 --> 136 --> 43 --> 21 --> 34 --> 100 --> 53 --> 39 --> 37 --> 35 --> 10 --> 25 --> 7 --> 1 --> 28 --> 31 --> 33
Truck 2 [len = 35]: 0 --> 18 --> 58 --> 109 --> 122 --> 131 --> 81 --> 80 --> 88 --> 102 --> 55 --> 112 --> 89 --> 143 --> 123 --> 90 --> 147 --> 124 --> 63 --> 42 --> 6 --> 4 --> 67 --> 59 --> 87 --> 78 --> 48 --> 46 --> 50 --> 92 --> 93 --> 75 --> 114 --> 54 --> 24
Truck 3 [len = 30]: 0 --> 84 --> 101 --> 64 --> 85 --> 51 --> 52 --> 45 --> 69 --> 44 --> 79 --> 120 --> 115 --> 72 --> 151 --> 125 --> 126 --> 98 --> 68 --> 146 --> 138 --> 117 --> 144 --> 119 --> 135 --> 95 --> 86 --> 110 --> 13 --> 26
Truck 4 [len = 16]: 0 --> 22 --> 12 --> 2 --> 70 --> 56 --> 66 --> 65 --> 104 --> 105 --> 129 --> 142 --> 71 --> 128 --> 139 --> 15
> Generation - Distance curve saved to fig/pr152_baseline_30_5_1000_100_10_20211216_19_13_47/20211216_19_22_02.png.
