--> Running ID = 21
> Loading cities from instances/pr152.txt
	>> 152 cities in total to be loaded
> 152 cities loaded from instances/pr152.txt
> Initial distance: 975142.195646
> Starting running GA.
	>> cities = 152, salesmen = 5
	>> Generations = 1000, PopulationSize = 100, TournamentSize = 10
# Generation Distance
% 1 962853.939146
% 2 948763.817960
% 3 946294.521188
% 4 929529.029699
% 5 920759.608570
% 6 900723.304841
% 7 868772.874742
% 8 870744.489996
% 9 868266.798176
% 10 847731.480168
% 11 848002.354299
% 12 838540.425603
% 13 817266.701147
% 14 802131.100400
% 15 785760.776894
% 16 781330.205993
% 17 784397.544611
% 18 787511.375033
% 19 772777.920954
% 20 754084.013147
% 21 769538.376307
% 22 776441.250311
% 23 772262.321806
% 24 758336.475146
% 25 757102.756858
% 26 758951.993651
% 27 757344.990648
% 28 764961.729234
% 29 732756.351720
% 30 740965.632047
% 31 739223.510574
% 32 739252.608732
% 33 740985.610456
% 34 730321.760764
% 35 729753.618344
% 36 721890.013964
% 37 715061.106948
% 38 715345.044448
% 39 698522.702373
% 40 698228.097689
% 41 702704.346659
% 42 694297.175385
% 43 679464.205591
% 44 686884.944533
% 45 682848.446350
% 46 686005.807128
% 47 687438.088539
% 48 676036.569628
% 49 686928.066022
% 50 676447.468090
% 51 677573.175799
% 52 663977.661779
% 53 663233.507495
% 54 652769.260529
% 55 657173.380359
% 56 655978.757663
% 57 653052.106741
% 58 643409.183378
% 59 644299.223683
% 60 650189.007470
% 61 640588.238708
% 62 643172.624900
% 63 632425.569800
% 64 637523.251991
% 65 639452.883642
% 66 653959.990395
% 67 654935.912420
% 68 635292.781602
% 69 640602.957006
% 70 641196.819318
% 71 644255.535944
% 72 645477.566618
% 73 621343.924319
% 74 630419.813339
% 75 616527.022730
% 76 605587.864770
% 77 607931.413396
% 78 606744.488776
% 79 612556.047587
% 80 601070.545399
% 81 588520.821510
% 82 579164.364879
% 83 586508.110863
% 84 570673.998925
% 85 591885.598584
% 86 571712.901463
% 87 590951.529352
% 88 588153.991671
% 89 590409.724383
% 90 581025.285592
% 91 602605.504331
% 92 606998.633728
% 93 599623.492886
% 94 595858.537697
% 95 590145.230856
% 96 591142.124344
% 97 584419.285864
% 98 596334.194773
% 99 587273.970833
% 100 588318.465238
% 101 578018.084701
% 102 585031.524396
% 103 586857.170247
% 104 578891.164605
% 105 569588.532298
% 106 575566.584966
% 107 580063.040724
% 108 583006.951619
% 109 588025.169039
% 110 569643.198306
% 111 577770.612600
% 112 578857.922388
% 113 593993.785326
% 114 597032.851625
% 115 588166.152500
% 116 603840.660686
% 117 597332.244333
% 118 585844.106198
% 119 601411.856407
% 120 585353.166667
% 121 591556.137306
% 122 592086.812822
% 123 592498.526124
% 124 588443.234116
% 125 591621.891022
% 126 592417.827890
% 127 585369.774838
% 128 571431.947905
% 129 569282.076964
% 130 556745.958037
% 131 555148.872286
% 132 558312.163501
% 133 551905.472403
% 134 555046.006750
% 135 559816.224769
% 136 551611.552180
% 137 558176.794208
% 138 561678.007988
% 139 555820.730467
% 140 555089.613738
% 141 556316.181863
% 142 565051.621920
% 143 574474.031189
% 144 571747.678298
% 145 567863.482487
% 146 579140.531191
% 147 574850.033608
% 148 574907.551500
% 149 588876.552026
% 150 596613.229593
% 151 584148.043217
% 152 592542.496244
% 153 589537.327754
% 154 595051.247305
% 155 590007.748926
% 156 595306.065903
% 157 596242.606185
% 158 603911.604444
% 159 587841.030544
% 160 580415.060887
% 161 582313.114597
% 162 595434.393758
% 163 577450.641148
% 164 593138.324420
% 165 581591.256216
% 166 587928.188456
% 167 592617.901409
% 168 578873.222461
% 169 562171.545633
% 170 570043.331204
% 171 575427.401604
% 172 586823.437532
% 173 588248.173618
% 174 573510.124454
% 175 576091.584683
% 176 580266.871667
% 177 571108.408342
% 178 561851.723240
% 179 558819.017122
% 180 584298.631851
% 181 566211.232764
% 182 568874.285461
% 183 556201.951755
% 184 564834.041170
% 185 550678.420857
% 186 548268.833746
% 187 572735.512517
% 188 558343.346049
% 189 532650.430691
% 190 536467.808573
% 191 533952.695550
% 192 541581.079463
% 193 543523.056471
% 194 544626.384685
% 195 543035.688055
% 196 526722.305199
% 197 518050.967358
% 198 544954.988108
% 199 530300.968470
% 200 547194.682917
% 201 534371.012285
% 202 546212.713441
% 203 525171.416075
% 204 530193.101626
% 205 548678.639833
% 206 533912.503753
% 207 528316.002471
% 208 537701.692950
% 209 525980.839916
% 210 542113.866756
% 211 542308.636681
% 212 552860.395812
% 213 548939.543529
% 214 544822.383272
> Finished 214 generations with 3036072 distance calculations. GA Runtime = 88.3120 sec
> Final distance: 518050.967358
> Final Route:
Truck 0 [len = 39]: 0 --> 118 --> 144 --> 136 --> 116 --> 140 --> 128 --> 130 --> 149 --> 132 --> 101 --> 102 --> 46 --> 90 --> 112 --> 40 --> 58 --> 57 --> 64 --> 100 --> 121 --> 99 --> 81 --> 83 --> 106 --> 97 --> 131 --> 124 --> 146 --> 143 --> 135 --> 119 --> 145 --> 47 --> 79 --> 113 --> 88 --> 24 --> 1
Truck 1 [len = 39]: 0 --> 59 --> 35 --> 25 --> 4 --> 26 --> 142 --> 117 --> 120 --> 129 --> 138 --> 133 --> 122 --> 151 --> 150 --> 127 --> 65 --> 51 --> 74 --> 137 --> 139 --> 95 --> 76 --> 72 --> 148 --> 141 --> 105 --> 54 --> 91 --> 103 --> 104 --> 134 --> 110 --> 11 --> 12 --> 31 --> 13 --> 32 --> 33
Truck 2 [len = 25]: 0 --> 14 --> 30 --> 15 --> 92 --> 115 --> 73 --> 93 --> 18 --> 61 --> 42 --> 56 --> 52 --> 20 --> 28 --> 23 --> 10 --> 21 --> 38 --> 39 --> 9 --> 41 --> 108 --> 60 --> 36
Truck 3 [len = 28]: 0 --> 22 --> 107 --> 43 --> 80 --> 82 --> 85 --> 66 --> 63 --> 77 --> 114 --> 78 --> 89 --> 109 --> 84 --> 68 --> 86 --> 62 --> 37 --> 34 --> 3 --> 2 --> 27 --> 8 --> 16 --> 19 --> 17 --> 29
Truck 4 [len = 25]: 0 --> 7 --> 6 --> 5 --> 50 --> 48 --> 49 --> 71 --> 69 --> 75 --> 94 --> 98 --> 44 --> 87 --> 53 --> 70 --> 125 --> 126 --> 123 --> 147 --> 45 --> 96 --> 67 --> 55 --> 111
> Generation - Distance curve saved to fig/pr152_baseline_30_5_1000_100_10_20211216_19_13_47/20211216_19_43_32.png.
