--> Running ID = 18
> Loading cities from instances/pr152.txt
	>> 152 cities in total to be loaded
> 152 cities loaded from instances/pr152.txt
> Initial distance: 987490.984863
> Starting running GA.
	>> cities = 152, salesmen = 5
	>> Generations = 1000, PopulationSize = 100, TournamentSize = 10
# Generation Distance
% 1 970819.990510
% 2 955997.237497
% 3 936886.717336
% 4 926790.240867
% 5 933663.213378
% 6 906720.727448
% 7 888029.328383
% 8 897145.551039
% 9 883280.552049
% 10 879741.514520
% 11 875488.592054
% 12 886000.525827
% 13 861603.409867
% 14 852526.724270
% 15 840637.845827
% 16 836170.647849
% 17 830604.583334
% 18 821941.115082
% 19 800521.265379
% 20 785389.552925
% 21 769702.531745
% 22 774968.846001
% 23 776057.938660
% 24 782859.399637
% 25 769261.957036
% 26 763936.695694
% 27 770269.724991
% 28 773517.938698
% 29 764718.542220
% 30 756743.679884
% 31 746732.133020
% 32 749859.852212
% 33 750596.431927
% 34 756357.316091
% 35 738522.880695
% 36 749333.231240
% 37 740449.044427
% 38 728210.070554
% 39 739345.757191
% 40 722130.979428
% 41 725533.505868
% 42 725801.592236
% 43 706939.642975
% 44 701058.311459
% 45 689020.715507
% 46 687199.239410
% 47 676710.384417
% 48 694218.441388
% 49 692386.195306
% 50 689600.986327
% 51 687039.170962
% 52 685408.398954
% 53 693265.022792
% 54 683007.027878
% 55 669569.339225
% 56 665379.848985
% 57 682262.197510
% 58 663255.128651
% 59 667895.235440
% 60 655043.969109
% 61 657007.971920
% 62 642171.801067
% 63 642190.295993
% 64 649947.561578
% 65 649652.799567
% 66 638863.479575
% 67 631879.042378
% 68 616486.714254
% 69 622698.536931
% 70 614785.024462
% 71 619516.250424
% 72 613720.296709
% 73 616499.999800
% 74 623118.200203
% 75 620113.493301
% 76 619922.434297
% 77 607993.958804
% 78 606573.597042
% 79 617646.566071
% 80 611613.134088
% 81 606330.898607
% 82 611857.733096
% 83 620932.444761
% 84 620039.322925
% 85 624423.904643
% 86 623946.642528
% 87 624250.433903
% 88 629691.234006
% 89 612342.706447
% 90 611075.942489
% 91 617205.212910
% 92 614237.477046
% 93 612406.134216
% 94 611027.780644
% 95 600761.001451
% 96 605873.246271
% 97 601850.284192
% 98 603981.584294
% 99 607520.205913
% 100 614143.835496
% 101 612274.383122
% 102 603029.124214
% 103 612237.444818
% 104 602513.511701
% 105 606028.080490
% 106 598878.605668
% 107 586016.497398
% 108 581162.538499
% 109 590110.561412
% 110 579960.213543
% 111 597535.298892
% 112 581716.249855
% 113 599569.025409
% 114 591865.985434
% 115 594171.222136
% 116 582647.010029
% 117 587795.941133
% 118 590440.473265
% 119 571657.521853
% 120 580261.484343
% 121 586913.498250
% 122 566361.492045
% 123 571502.644265
% 124 556121.314823
% 125 552177.438600
% 126 563892.331257
% 127 561669.169211
% 128 574064.179383
% 129 570025.027301
% 130 567737.878517
% 131 578151.287968
% 132 579656.802675
% 133 587524.537697
% 134 578714.100633
% 135 577179.094562
% 136 575933.977816
% 137 583174.807330
% 138 587397.925706
% 139 577901.953710
% 140 591988.434623
% 141 583552.404625
% 142 591767.937532
% 143 576654.718908
% 144 581178.541206
% 145 557780.579017
% 146 552240.141803
% 147 561263.662650
% 148 546000.559631
% 149 548054.013273
% 150 559879.237099
% 151 553409.416932
% 152 556613.243047
% 153 572576.153051
% 154 574340.932026
% 155 570458.093832
% 156 572895.940751
% 157 561145.421580
% 158 544772.295374
% 159 548588.662002
% 160 546356.814027
% 161 530525.765992
% 162 539832.969610
% 163 542555.566778
% 164 549675.472438
% 165 550700.107577
% 166 538581.184439
% 167 540857.707457
% 168 539939.273609
% 169 540108.443168
% 170 540330.181941
% 171 538809.031330
% 172 548553.525039
% 173 558055.200632
% 174 550627.402669
% 175 562885.293405
% 176 549335.615418
% 177 557459.902686
% 178 559728.777628
% 179 571034.722400
% 180 570696.038815
% 181 566283.980488
% 182 577988.458614
% 183 579150.764484
% 184 569718.645213
% 185 581143.483852
% 186 583375.005943
% 187 583840.393830
% 188 580040.928813
% 189 573522.398640
% 190 575033.634362
% 191 571931.420782
% 192 582858.396488
% 193 583338.831694
% 194 571278.951071
% 195 586190.521870
% 196 588621.552432
% 197 583010.007299
% 198 598015.352703
% 199 599329.801846
% 200 588269.183062
% 201 580432.031650
% 202 574841.037936
% 203 581660.133926
% 204 582086.764870
% 205 593935.809932
% 206 582815.424212
% 207 603378.856627
% 208 602719.182091
% 209 581339.737320
% 210 587106.522919
% 211 591894.148142
% 212 586700.016456
% 213 569772.317789
% 214 581712.935572
> Finished 214 generations with 3037476 distance calculations. GA Runtime = 81.0954 sec
> Final distance: 530525.765992
> Final Route:
Truck 0 [len = 24]: 0 --> 88 --> 82 --> 87 --> 59 --> 145 --> 138 --> 129 --> 127 --> 149 --> 115 --> 94 --> 101 --> 131 --> 100 --> 73 --> 90 --> 110 --> 89 --> 80 --> 69 --> 150 --> 140 --> 15
Truck 1 [len = 28]: 0 --> 36 --> 46 --> 45 --> 68 --> 111 --> 56 --> 76 --> 92 --> 72 --> 18 --> 21 --> 67 --> 96 --> 132 --> 116 --> 139 --> 141 --> 142 --> 117 --> 128 --> 147 --> 122 --> 134 --> 146 --> 148 --> 13 --> 12
Truck 2 [len = 37]: 0 --> 22 --> 17 --> 39 --> 26 --> 24 --> 28 --> 3 --> 30 --> 34 --> 33 --> 32 --> 37 --> 50 --> 64 --> 79 --> 78 --> 53 --> 93 --> 55 --> 66 --> 83 --> 63 --> 57 --> 40 --> 84 --> 85 --> 109 --> 91 --> 143 --> 130 --> 125 --> 124 --> 136 --> 105 --> 102 --> 65
Truck 3 [len = 21]: 0 --> 14 --> 1 --> 9 --> 86 --> 6 --> 20 --> 19 --> 16 --> 5 --> 11 --> 75 --> 133 --> 123 --> 114 --> 98 --> 43 --> 108 --> 35 --> 31 --> 27
Truck 4 [len = 46]: 0 --> 4 --> 2 --> 29 --> 51 --> 70 --> 54 --> 71 --> 95 --> 49 --> 99 --> 44 --> 25 --> 52 --> 48 --> 77 --> 126 --> 151 --> 121 --> 120 --> 118 --> 135 --> 119 --> 144 --> 104 --> 8 --> 60 --> 107 --> 106 --> 112 --> 103 --> 137 --> 81 --> 61 --> 62 --> 74 --> 47 --> 97 --> 113 --> 23 --> 38 --> 7 --> 42 --> 41 --> 58 --> 10
> Generation - Distance curve saved to fig/pr152_baseline_30_5_1000_100_10_20211216_19_13_47/20211216_19_39_11.png.
