--> Running ID = 27
> Loading cities from instances/pr152.txt
	>> 152 cities in total to be loaded
> 152 cities loaded from instances/pr152.txt
> Initial distance: 992407.831954
> Starting running GA.
	>> cities = 152, salesmen = 5
	>> Generations = 1000, PopulationSize = 100, TournamentSize = 10
# Generation Distance
% 1 975205.665242
% 2 960354.562683
% 3 960348.546027
% 4 948953.746819
% 5 945993.195829
% 6 932768.664769
% 7 915790.510240
% 8 909222.615850
% 9 872785.458053
% 10 884772.813989
% 11 888746.980851
% 12 880444.964120
% 13 872205.388918
% 14 862771.506411
% 15 859889.362977
% 16 844326.668560
% 17 820441.572151
% 18 825792.421243
% 19 800363.917214
% 20 802064.750517
% 21 783739.015273
% 22 780823.985397
% 23 786671.770536
% 24 775059.094776
% 25 768236.120868
% 26 768127.049373
% 27 763582.634935
% 28 771513.408958
% 29 742909.177408
% 30 760124.259392
% 31 756250.797972
% 32 737429.471973
% 33 724491.281146
% 34 723609.553485
% 35 722541.949443
% 36 723431.066943
% 37 704476.569893
% 38 712078.901351
% 39 717935.806586
% 40 711797.312509
% 41 701174.233589
% 42 719428.329523
% 43 702002.157232
% 44 705719.350061
% 45 702440.081333
% 46 689421.363408
% 47 675956.037171
% 48 685087.902542
% 49 673407.312992
% 50 669058.614231
% 51 670462.422924
% 52 669004.728085
% 53 666059.374905
% 54 673499.664360
% 55 670314.584113
% 56 658712.280924
% 57 676675.667311
% 58 665095.472811
% 59 659397.716411
% 60 664424.473029
% 61 656108.110686
% 62 671535.086957
% 63 683887.337961
% 64 676662.090585
% 65 681425.173150
% 66 678721.079681
% 67 668373.730200
% 68 671980.009930
% 69 667479.713010
% 70 668869.950303
% 71 674090.974331
% 72 670415.094203
% 73 660950.705092
% 74 664398.506811
% 75 659103.667155
% 76 650274.922033
% 77 662258.176105
% 78 639634.607984
% 79 631952.790524
% 80 624706.065593
% 81 624717.742682
% 82 632038.712034
% 83 635213.001780
% 84 636927.110288
% 85 637405.713203
% 86 651076.811374
% 87 648684.871122
% 88 645100.812260
% 89 660092.450167
% 90 637012.889001
% 91 643549.292648
% 92 636670.424541
% 93 638100.797830
% 94 645837.051941
% 95 650405.870221
% 96 624546.509049
% 97 633710.528048
% 98 626296.398450
% 99 631027.731708
% 100 632410.041646
% 101 638805.284085
% 102 624310.125743
% 103 638403.003065
% 104 631038.511654
% 105 636036.488622
% 106 644335.882734
% 107 643966.939532
% 108 631853.557103
% 109 635342.326478
% 110 645590.272279
% 111 645112.355861
% 112 632294.280375
% 113 639468.025285
% 114 635462.228238
% 115 624052.642926
% 116 629549.008933
% 117 618080.671203
% 118 633359.252634
% 119 629257.839913
% 120 620492.726115
% 121 616970.370720
% 122 614492.982947
% 123 621625.711635
% 124 622521.120065
% 125 622916.889546
% 126 624778.499797
% 127 629536.658687
% 128 619235.190191
% 129 617201.709681
% 130 614927.087371
% 131 614706.146073
% 132 608358.486759
% 133 611556.774945
% 134 610005.615115
% 135 617881.618100
% 136 609748.293548
% 137 628451.905913
% 138 616417.180096
% 139 626395.590701
% 140 615136.638895
% 141 625448.364895
% 142 620183.281238
% 143 621352.368511
% 144 609622.546069
% 145 611293.683060
% 146 614101.528949
% 147 611133.946077
% 148 613806.087503
% 149 600518.601364
% 150 607408.838492
% 151 610832.777676
% 152 602329.472449
% 153 607903.684831
% 154 599913.968522
% 155 608402.506301
% 156 595252.666261
% 157 607093.291964
% 158 596594.480588
% 159 590248.284650
% 160 593490.325904
% 161 584390.463919
% 162 595613.650554
% 163 593949.405974
% 164 590147.258762
% 165 585390.759721
% 166 584175.660429
% 167 575366.788303
% 168 562870.495482
% 169 564615.162692
% 170 564945.499617
% 171 577143.303855
% 172 573818.271671
% 173 570715.483191
% 174 573873.856410
% 175 567650.247487
% 176 567298.571140
% 177 563378.073811
% 178 573074.684260
% 179 578746.544726
% 180 584210.600558
% 181 592865.687453
% 182 595356.516305
% 183 581202.282646
% 184 588059.921228
% 185 589094.047769
% 186 590394.222744
% 187 600764.865891
% 188 598861.861677
% 189 590448.046999
% 190 600031.676197
% 191 600647.390688
% 192 611888.321923
% 193 590958.675952
% 194 599058.488145
% 195 585283.533065
% 196 583523.562418
% 197 578732.650350
% 198 587539.092719
% 199 567851.277902
% 200 582602.885042
% 201 584678.897997
% 202 596905.606618
% 203 597698.884422
% 204 607512.904752
% 205 604093.623117
% 206 607928.448054
% 207 604970.837664
% 208 596844.410640
% 209 588074.409475
% 210 580767.843971
% 211 582060.362742
% 212 580543.644535
% 213 590707.821436
% 214 583150.544613
> Finished 214 generations with 3037476 distance calculations. GA Runtime = 79.5533 sec
> Final distance: 562870.495482
> Final Route:
Truck 0 [len = 18]: 0 --> 53 --> 99 --> 105 --> 63 --> 60 --> 84 --> 104 --> 83 --> 98 --> 135 --> 117 --> 128 --> 23 --> 95 --> 73 --> 37 --> 35
Truck 1 [len = 22]: 0 --> 32 --> 13 --> 46 --> 94 --> 76 --> 93 --> 70 --> 71 --> 103 --> 48 --> 14 --> 33 --> 29 --> 5 --> 19 --> 39 --> 3 --> 2 --> 15 --> 34 --> 31
Truck 2 [len = 42]: 0 --> 1 --> 4 --> 96 --> 97 --> 78 --> 54 --> 113 --> 52 --> 44 --> 16 --> 132 --> 119 --> 148 --> 126 --> 65 --> 56 --> 80 --> 122 --> 140 --> 133 --> 108 --> 139 --> 82 --> 58 --> 100 --> 64 --> 21 --> 107 --> 42 --> 86 --> 88 --> 92 --> 125 --> 150 --> 146 --> 149 --> 129 --> 137 --> 106 --> 17 --> 28
Truck 3 [len = 34]: 0 --> 30 --> 27 --> 22 --> 11 --> 68 --> 20 --> 7 --> 38 --> 25 --> 81 --> 79 --> 109 --> 43 --> 111 --> 72 --> 67 --> 121 --> 127 --> 141 --> 136 --> 131 --> 102 --> 57 --> 59 --> 62 --> 55 --> 45 --> 115 --> 77 --> 26 --> 36 --> 12 --> 8
Truck 4 [len = 40]: 0 --> 144 --> 143 --> 147 --> 142 --> 112 --> 87 --> 49 --> 114 --> 75 --> 90 --> 74 --> 50 --> 66 --> 101 --> 85 --> 61 --> 134 --> 145 --> 151 --> 123 --> 130 --> 120 --> 124 --> 138 --> 51 --> 10 --> 6 --> 9 --> 18 --> 118 --> 116 --> 110 --> 89 --> 91 --> 47 --> 69 --> 24 --> 40 --> 41
> Generation - Distance curve saved to fig/pr152_baseline_30_5_1000_100_10_20211216_19_13_47/20211216_19_52_07.png.
