--> Running ID = 11
> Loading cities from instances/pr152.txt
	>> 152 cities in total to be loaded
> 152 cities loaded from instances/pr152.txt
> Initial distance: 942342.342235
> Starting running GA.
	>> cities = 152, salesmen = 5
	>> Generations = 1000, PopulationSize = 100, TournamentSize = 10
# Generation Distance
% 1 959869.499649
% 2 955052.686802
% 3 919089.576286
% 4 918662.520338
% 5 915779.378451
% 6 909592.698983
% 7 905237.803845
% 8 895918.031003
% 9 875067.764543
% 10 874816.205538
% 11 863253.736777
% 12 869822.689753
% 13 846062.829151
% 14 838229.346106
% 15 831934.557944
% 16 824805.381468
% 17 828477.438010
% 18 813980.432856
% 19 809142.534019
% 20 801942.478037
% 21 795695.777875
% 22 786171.368913
% 23 786838.087382
% 24 778841.390890
% 25 760445.474503
% 26 761568.953418
% 27 748824.782850
% 28 758524.445370
% 29 752429.020880
% 30 742379.635943
% 31 741774.925585
% 32 734905.631374
% 33 745132.883817
% 34 744060.862018
% 35 727550.754995
% 36 734612.732542
% 37 717835.745102
% 38 718900.249671
% 39 718531.910764
% 40 704755.547000
% 41 696696.471506
% 42 699110.930203
% 43 685256.802053
% 44 684409.689253
% 45 679643.370115
% 46 671568.835360
% 47 678491.187296
% 48 674749.553585
% 49 678960.885639
% 50 677710.025434
% 51 657612.012683
% 52 673977.799614
% 53 643816.648551
% 54 657348.884769
% 55 650474.198216
% 56 642174.858449
% 57 650424.318301
% 58 651379.573897
% 59 643280.406900
% 60 656910.306756
% 61 669080.290472
% 62 661815.975433
% 63 670925.195867
% 64 667026.971170
% 65 655258.123214
% 66 657985.826068
% 67 658836.465047
% 68 661350.215895
% 69 665075.950109
% 70 665537.932689
% 71 644569.620416
% 72 652192.126255
% 73 669680.080279
% 74 670753.359134
% 75 657635.325453
% 76 671356.509603
% 77 666473.960158
% 78 666855.116780
% 79 659077.296406
% 80 666650.297136
% 81 656196.095692
% 82 645569.026752
% 83 651545.130920
% 84 645511.286338
% 85 657615.319267
% 86 649322.917925
% 87 651840.506158
% 88 636034.229271
% 89 634484.778246
% 90 624782.799810
% 91 620386.769301
% 92 633313.286090
% 93 640845.444210
% 94 631052.114554
% 95 629358.138068
% 96 628130.838187
% 97 635066.108230
% 98 634046.157255
% 99 648213.220618
% 100 632853.802165
% 101 636329.662107
% 102 646257.041276
% 103 656499.182179
% 104 634734.481471
% 105 654737.264541
% 106 656465.009847
% 107 635819.311572
% 108 647896.460582
% 109 633219.911225
% 110 647632.050755
% 111 630546.899166
% 112 636610.028346
% 113 641937.708857
% 114 647619.097309
% 115 629570.545658
% 116 634401.037253
% 117 644119.813690
% 118 625373.755736
% 119 632272.372752
% 120 631656.563226
% 121 635930.031289
% 122 624343.184092
% 123 646861.786686
% 124 637731.537815
% 125 635463.631238
% 126 633600.957595
% 127 640779.798464
% 128 628210.263152
% 129 629731.017244
% 130 634369.965292
% 131 640089.612557
% 132 642210.766787
% 133 637010.144080
% 134 628146.336425
% 135 651755.015775
% 136 646076.922497
% 137 649984.428388
% 138 633467.540904
% 139 628058.990092
% 140 616041.394397
% 141 628314.030286
% 142 615666.585622
% 143 609822.920776
% 144 617726.846267
% 145 612247.994840
% 146 599974.118575
% 147 614267.890781
% 148 606632.655049
% 149 602457.002239
% 150 607241.474933
% 151 604322.737770
% 152 608213.315672
% 153 599230.603414
% 154 598426.580326
% 155 608080.410100
% 156 608191.044371
% 157 611632.608834
% 158 621891.793239
% 159 612744.261788
% 160 630862.516869
% 161 608951.272480
% 162 625214.806796
% 163 642149.354350
% 164 619179.946883
% 165 618291.941040
% 166 614434.286542
% 167 613116.298454
% 168 619032.120232
% 169 617880.564960
% 170 611943.174349
% 171 615375.810924
% 172 615950.097489
% 173 609388.932627
% 174 629170.776832
% 175 627669.766218
% 176 631647.627290
% 177 624547.783288
% 178 625245.905618
% 179 628421.625516
% 180 623717.601302
% 181 622324.346122
% 182 627428.157376
% 183 613379.705374
% 184 613086.996651
% 185 613787.374487
% 186 608182.973359
% 187 612921.625841
% 188 614847.924289
% 189 625476.862975
% 190 613226.086926
% 191 622411.843803
% 192 614818.679968
% 193 607690.842398
% 194 619866.413531
% 195 621178.136010
% 196 609269.554718
% 197 615880.931357
% 198 610398.825008
% 199 607985.411076
% 200 613992.591616
% 201 608079.414885
% 202 611596.515298
% 203 619884.218864
% 204 618810.314250
% 205 620502.221464
% 206 613652.911864
% 207 599847.550505
% 208 594704.048283
% 209 604177.112263
% 210 602351.463531
% 211 604982.027889
% 212 615098.466275
% 213 602316.146352
% 214 599528.747876
> Finished 214 generations with 3036540 distance calculations. GA Runtime = 79.2123 sec
> Final distance: 594704.048283
> Final Route:
Truck 0 [len = 39]: 0 --> 31 --> 54 --> 77 --> 52 --> 13 --> 95 --> 90 --> 44 --> 101 --> 86 --> 87 --> 131 --> 145 --> 122 --> 48 --> 50 --> 27 --> 126 --> 127 --> 129 --> 94 --> 49 --> 46 --> 91 --> 102 --> 119 --> 96 --> 92 --> 74 --> 98 --> 4 --> 3 --> 17 --> 16 --> 104 --> 60 --> 107 --> 63
Truck 1 [len = 22]: 0 --> 81 --> 100 --> 103 --> 80 --> 79 --> 71 --> 139 --> 143 --> 135 --> 66 --> 89 --> 99 --> 67 --> 120 --> 76 --> 93 --> 124 --> 47 --> 73 --> 1 --> 38
Truck 2 [len = 20]: 0 --> 34 --> 75 --> 8 --> 19 --> 6 --> 57 --> 84 --> 59 --> 39 --> 9 --> 20 --> 25 --> 26 --> 61 --> 64 --> 11 --> 113 --> 115 --> 14
Truck 3 [len = 49]: 0 --> 30 --> 58 --> 148 --> 123 --> 110 --> 111 --> 51 --> 88 --> 105 --> 108 --> 83 --> 106 --> 40 --> 112 --> 41 --> 146 --> 150 --> 72 --> 53 --> 10 --> 12 --> 32 --> 18 --> 7 --> 5 --> 45 --> 69 --> 62 --> 68 --> 56 --> 55 --> 109 --> 85 --> 141 --> 142 --> 138 --> 132 --> 151 --> 125 --> 121 --> 133 --> 117 --> 134 --> 147 --> 116 --> 82 --> 24 --> 15
Truck 4 [len = 26]: 0 --> 33 --> 29 --> 2 --> 21 --> 22 --> 37 --> 149 --> 128 --> 114 --> 78 --> 97 --> 65 --> 28 --> 23 --> 36 --> 42 --> 137 --> 144 --> 140 --> 70 --> 130 --> 118 --> 136 --> 43 --> 35
> Generation - Distance curve saved to fig/pr152_baseline_30_5_1000_100_10_20211216_19_13_47/20211216_19_29_09.png.
