--> Running ID = 13
> Loading cities from instances/pr152.txt
	>> 152 cities in total to be loaded
> 152 cities loaded from instances/pr152.txt
> Initial distance: 1001207.709863
> Starting running GA.
	>> cities = 152, salesmen = 5
	>> Generations = 1000, PopulationSize = 100, TournamentSize = 10
# Generation Distance
% 1 961453.036739
% 2 947174.338881
% 3 942737.971537
% 4 943528.791552
% 5 919458.851935
% 6 899276.539190
% 7 897608.801615
% 8 887905.982860
% 9 886476.667200
% 10 882304.895536
% 11 891345.219583
% 12 871715.700662
% 13 873096.720268
% 14 867513.141042
% 15 863583.532684
% 16 848842.761350
% 17 854171.507704
% 18 857961.178058
% 19 847590.880862
% 20 849886.921743
% 21 836052.843905
% 22 831339.348948
% 23 833634.374621
% 24 832639.441602
% 25 808662.107527
% 26 825367.750512
% 27 813847.820012
% 28 806230.866043
% 29 801027.700328
% 30 802144.266554
% 31 805098.471458
% 32 781722.954563
% 33 791613.565601
% 34 778327.630370
% 35 764441.096896
% 36 775526.332199
% 37 771305.983948
% 38 765040.481608
% 39 764063.191419
% 40 754770.060670
% 41 769319.783417
% 42 768290.306625
% 43 762012.689320
% 44 752963.537172
% 45 743983.765105
% 46 757738.912101
% 47 750727.541994
% 48 760329.216647
% 49 746774.563589
% 50 764615.145124
% 51 759785.204435
% 52 751290.423843
% 53 752689.044355
% 54 760368.796095
% 55 738115.262388
% 56 729382.528319
% 57 739039.708766
% 58 730810.118243
% 59 718503.119542
% 60 707864.112729
% 61 686207.433331
% 62 696550.526128
% 63 685138.954327
% 64 687828.317160
% 65 680769.548102
% 66 691460.878725
% 67 677302.967718
% 68 667998.083161
% 69 676582.782214
% 70 678672.981410
% 71 673973.782747
% 72 668195.027460
% 73 671552.145425
% 74 676529.991505
% 75 677944.201179
% 76 666597.862416
% 77 666687.671829
% 78 681359.089667
% 79 653070.903334
% 80 667243.640883
% 81 667573.194327
% 82 658513.707068
% 83 676823.293883
% 84 650520.669382
% 85 626974.834096
% 86 630255.124609
% 87 623513.660265
% 88 630271.014624
% 89 642519.467656
% 90 624496.773208
% 91 634385.229766
% 92 630834.955014
% 93 646913.917674
% 94 636323.459242
% 95 645941.757826
% 96 641709.430019
% 97 648296.996280
% 98 655002.401206
% 99 654934.457030
% 100 645829.626642
% 101 656970.738074
% 102 648134.288179
% 103 645218.148473
% 104 633901.943938
% 105 630782.177391
% 106 634402.431856
% 107 623544.277889
% 108 634489.218791
% 109 636283.165813
% 110 641408.105086
% 111 635625.021962
% 112 631958.047001
% 113 643002.445564
% 114 626276.577383
% 115 636350.052028
% 116 637461.656928
% 117 633607.733026
% 118 640400.634980
% 119 658711.064873
% 120 646059.651708
% 121 647671.892536
% 122 637480.409935
% 123 641971.828583
% 124 630641.365688
% 125 620922.624901
% 126 624929.811997
% 127 627716.053737
% 128 621462.785006
% 129 619604.594713
% 130 632960.436093
% 131 633863.459764
% 132 631941.220855
% 133 636345.403546
% 134 633685.320283
% 135 632557.530274
% 136 629383.761200
% 137 618439.165987
% 138 631906.835035
% 139 619644.719553
% 140 628974.619052
% 141 629291.852295
% 142 628412.331228
% 143 635467.843707
% 144 633349.241936
% 145 632181.798204
% 146 618578.816407
% 147 619524.745095
% 148 633611.937714
% 149 641053.813595
% 150 618376.495087
% 151 631261.614600
% 152 643408.341080
% 153 645181.305318
% 154 644343.314960
% 155 644876.295768
% 156 657284.644445
% 157 651985.933475
% 158 634041.641737
% 159 639267.765016
% 160 625248.542064
% 161 630794.919189
% 162 634817.304678
% 163 625470.459852
% 164 609489.209161
% 165 622540.673493
% 166 628293.651375
% 167 634568.811820
% 168 633102.576390
% 169 646716.618646
% 170 634270.012735
% 171 636219.222561
% 172 646543.171496
% 173 624496.106169
% 174 625935.888877
% 175 622757.683645
% 176 616441.308135
% 177 621388.981658
% 178 628823.624143
% 179 639958.682599
% 180 619342.298907
% 181 615425.183728
% 182 617156.633347
% 183 604391.876947
% 184 619156.538884
% 185 616569.201182
% 186 609650.892263
% 187 616386.460400
% 188 605718.460502
% 189 613976.483202
% 190 614576.972544
% 191 602735.565351
% 192 589778.235398
% 193 578001.733025
% 194 593864.613253
% 195 568584.481308
% 196 586320.758978
% 197 578713.563146
% 198 585414.920560
% 199 586922.105912
% 200 592099.397671
% 201 579777.764104
% 202 585605.336060
% 203 587257.244243
% 204 593620.439292
% 205 583041.241226
% 206 589985.843117
% 207 582104.339640
% 208 582252.035647
% 209 582377.462346
% 210 585734.008058
% 211 571163.645115
% 212 576513.034537
% 213 572663.475926
% 214 576469.855770
> Finished 214 generations with 3038724 distance calculations. GA Runtime = 84.2474 sec
> Final distance: 568584.481308
> Final Route:
Truck 0 [len = 29]: 0 --> 111 --> 42 --> 54 --> 82 --> 61 --> 81 --> 97 --> 27 --> 26 --> 106 --> 50 --> 47 --> 75 --> 95 --> 96 --> 62 --> 86 --> 64 --> 57 --> 128 --> 131 --> 151 --> 121 --> 148 --> 146 --> 147 --> 5 --> 31
Truck 1 [len = 31]: 0 --> 33 --> 15 --> 29 --> 36 --> 39 --> 24 --> 23 --> 11 --> 68 --> 88 --> 90 --> 120 --> 93 --> 48 --> 43 --> 79 --> 101 --> 110 --> 103 --> 87 --> 65 --> 98 --> 150 --> 91 --> 45 --> 135 --> 145 --> 149 --> 16 --> 28
Truck 2 [len = 31]: 0 --> 76 --> 132 --> 140 --> 85 --> 83 --> 66 --> 107 --> 41 --> 105 --> 104 --> 102 --> 73 --> 112 --> 114 --> 138 --> 108 --> 137 --> 134 --> 129 --> 123 --> 127 --> 70 --> 13 --> 4 --> 19 --> 14 --> 35 --> 32 --> 6 --> 80
Truck 3 [len = 29]: 0 --> 34 --> 2 --> 124 --> 125 --> 49 --> 122 --> 133 --> 141 --> 71 --> 58 --> 21 --> 3 --> 12 --> 18 --> 60 --> 92 --> 74 --> 55 --> 69 --> 67 --> 20 --> 17 --> 56 --> 44 --> 126 --> 113 --> 100 --> 115
Truck 4 [len = 36]: 0 --> 46 --> 52 --> 94 --> 77 --> 30 --> 1 --> 99 --> 40 --> 63 --> 59 --> 78 --> 53 --> 51 --> 89 --> 142 --> 117 --> 84 --> 25 --> 37 --> 10 --> 8 --> 22 --> 7 --> 9 --> 38 --> 109 --> 136 --> 116 --> 139 --> 144 --> 118 --> 143 --> 119 --> 130 --> 72
> Generation - Distance curve saved to fig/pr152_baseline_30_5_1000_100_10_20211216_19_13_47/20211216_19_31_56.png.
