--> Running ID = 24
> Loading cities from instances/pr152.txt
	>> 152 cities in total to be loaded
> 152 cities loaded from instances/pr152.txt
> Initial distance: 1032499.377258
> Starting running GA.
	>> cities = 152, salesmen = 5
	>> Generations = 1000, PopulationSize = 100, TournamentSize = 10
# Generation Distance
% 1 1008922.098232
% 2 1000829.148749
% 3 978182.456328
% 4 972904.190637
% 5 960301.647023
% 6 964277.809299
% 7 940175.700868
% 8 928356.742842
% 9 935447.859060
% 10 920845.504239
% 11 902165.617913
% 12 899083.547627
% 13 880377.987761
% 14 855494.149012
% 15 859261.341767
% 16 845396.808287
% 17 848597.742897
% 18 843786.005589
% 19 839032.505595
% 20 833012.263634
% 21 818350.444223
% 22 792883.541034
% 23 778826.176964
% 24 748137.572727
% 25 757500.029514
% 26 753981.024720
% 27 762085.124618
% 28 741439.373940
% 29 746127.082344
% 30 737539.148747
% 31 731995.911863
% 32 741967.872149
% 33 721604.029280
% 34 725395.240858
% 35 703624.784767
% 36 694893.642988
% 37 687279.123644
% 38 689853.959197
% 39 672590.173460
% 40 684781.631496
% 41 677391.622665
% 42 673596.870546
% 43 666509.231518
% 44 665051.795037
% 45 671683.809239
% 46 677075.289986
% 47 673558.552733
% 48 674417.708001
% 49 661941.468742
% 50 666641.138162
% 51 669121.595965
% 52 665621.020321
% 53 659057.577443
% 54 635189.352428
% 55 627484.621756
% 56 643490.598083
% 57 636051.569198
% 58 640324.252048
% 59 643955.716993
% 60 632461.128829
% 61 640364.217220
% 62 640154.743999
% 63 630382.109525
% 64 644278.235590
% 65 635571.643729
% 66 616684.842917
% 67 620270.553048
% 68 614246.628159
% 69 618515.106317
% 70 609119.488726
% 71 620807.766947
% 72 614637.977715
% 73 620704.982683
% 74 614462.889535
% 75 623897.084133
% 76 638009.850526
% 77 635451.877897
% 78 624060.732023
% 79 629678.594038
% 80 632934.986377
% 81 624811.537622
% 82 610019.821551
% 83 610119.575334
% 84 614678.588870
% 85 610937.314965
% 86 619362.399380
% 87 623066.175753
% 88 632765.859203
% 89 614926.589831
% 90 627061.559844
% 91 608076.651496
% 92 618424.455259
% 93 610366.605457
% 94 616074.332852
% 95 615089.141564
% 96 625174.203355
% 97 611367.502193
% 98 616281.577766
% 99 630312.907373
% 100 625149.033441
% 101 637560.386952
% 102 612801.996298
% 103 627329.434917
% 104 629781.095410
% 105 631519.543634
% 106 622524.905629
% 107 622342.554081
% 108 615326.608085
% 109 623019.071253
% 110 610898.695536
% 111 619051.899214
% 112 627975.334957
% 113 609254.367383
% 114 608350.673486
% 115 620962.523986
% 116 622607.148841
% 117 631313.708581
% 118 627146.383270
% 119 614952.576670
% 120 594221.779438
% 121 599235.081381
% 122 603732.216882
% 123 608566.082556
% 124 596546.896787
% 125 607560.762848
% 126 600909.617441
% 127 605143.415761
% 128 611829.600318
% 129 605974.225957
% 130 600213.236297
% 131 620852.537650
% 132 614368.900808
% 133 616249.654233
% 134 618264.708291
% 135 610124.003165
% 136 611260.473374
% 137 597988.084756
% 138 586219.804307
% 139 579964.792755
% 140 592046.061151
% 141 591295.139676
% 142 584118.186129
% 143 593612.588068
% 144 593128.655328
% 145 606434.175012
% 146 589278.451057
% 147 583805.508112
% 148 590895.935124
% 149 587906.809574
% 150 573732.483398
% 151 581978.413374
% 152 591594.520338
% 153 586951.938627
% 154 592970.806355
% 155 569998.516075
% 156 573661.405675
% 157 572043.536817
% 158 562534.088708
% 159 569283.995794
% 160 581545.961036
% 161 555078.705094
% 162 559856.899243
% 163 565718.250454
% 164 556785.976298
% 165 555477.437539
% 166 558423.569657
% 167 562988.867446
% 168 554264.626233
% 169 559982.505786
% 170 562472.556593
% 171 578413.743662
% 172 582098.827109
% 173 582316.302222
% 174 581787.173386
% 175 580601.756325
% 176 570986.751758
% 177 569248.735768
% 178 570783.576412
% 179 569020.707893
% 180 567078.029616
% 181 559930.617584
% 182 565262.405513
% 183 567091.805967
% 184 566974.237533
% 185 568736.032211
% 186 585680.116039
% 187 571528.587281
% 188 588747.431554
% 189 575984.430189
% 190 578347.012368
% 191 577858.570143
% 192 567303.136483
% 193 567579.709012
% 194 560605.652622
% 195 564210.471549
% 196 564053.999925
% 197 577243.805715
% 198 565090.907034
% 199 566869.591433
% 200 570630.935527
% 201 564540.497205
% 202 581203.185511
% 203 578019.382653
% 204 568458.885734
% 205 559650.434304
% 206 557622.187352
% 207 566231.920151
% 208 559183.437343
% 209 561820.650187
% 210 564572.555670
% 211 565656.684462
% 212 558452.395416
% 213 562052.410913
% 214 562115.257358
> Finished 214 generations with 3037632 distance calculations. GA Runtime = 82.3315 sec
> Final distance: 554264.626233
> Final Route:
Truck 0 [len = 48]: 0 --> 70 --> 67 --> 98 --> 66 --> 26 --> 35 --> 13 --> 23 --> 59 --> 72 --> 91 --> 102 --> 99 --> 83 --> 110 --> 82 --> 107 --> 87 --> 56 --> 118 --> 133 --> 132 --> 120 --> 95 --> 100 --> 101 --> 69 --> 96 --> 130 --> 121 --> 147 --> 57 --> 53 --> 43 --> 55 --> 61 --> 85 --> 62 --> 106 --> 142 --> 140 --> 135 --> 149 --> 58 --> 141 --> 116 --> 90
Truck 1 [len = 33]: 0 --> 15 --> 34 --> 93 --> 51 --> 63 --> 60 --> 88 --> 86 --> 112 --> 18 --> 109 --> 139 --> 136 --> 144 --> 134 --> 145 --> 47 --> 92 --> 76 --> 117 --> 127 --> 126 --> 122 --> 128 --> 129 --> 146 --> 97 --> 113 --> 108 --> 80 --> 42 --> 111
Truck 2 [len = 21]: 0 --> 89 --> 131 --> 151 --> 125 --> 138 --> 78 --> 65 --> 54 --> 32 --> 31 --> 33 --> 79 --> 64 --> 14 --> 115 --> 44 --> 12 --> 11 --> 39 --> 1
Truck 3 [len = 20]: 0 --> 45 --> 50 --> 75 --> 74 --> 49 --> 46 --> 48 --> 73 --> 40 --> 103 --> 104 --> 94 --> 84 --> 16 --> 41 --> 5 --> 114 --> 71 --> 52
Truck 4 [len = 34]: 0 --> 25 --> 21 --> 20 --> 17 --> 4 --> 19 --> 28 --> 3 --> 6 --> 7 --> 38 --> 9 --> 8 --> 24 --> 37 --> 30 --> 29 --> 2 --> 27 --> 10 --> 36 --> 150 --> 124 --> 143 --> 137 --> 68 --> 81 --> 105 --> 22 --> 77 --> 119 --> 148 --> 123
> Generation - Distance curve saved to fig/pr152_baseline_30_5_1000_100_10_20211216_19_13_47/20211216_19_47_53.png.
