--> Running ID = 28
> Loading cities from instances/pr152.txt
	>> 152 cities in total to be loaded
> 152 cities loaded from instances/pr152.txt
> Initial distance: 990761.004742
> Starting running GA.
	>> cities = 152, salesmen = 5
	>> Generations = 1000, PopulationSize = 100, TournamentSize = 10
# Generation Distance
% 1 958049.633018
% 2 952789.922851
% 3 937508.759962
% 4 939238.944805
% 5 924755.567977
% 6 917813.956508
% 7 898979.715001
% 8 890611.059073
% 9 870769.078111
% 10 853149.370419
% 11 840155.179559
% 12 818956.536690
% 13 820792.261986
% 14 816055.382923
% 15 780059.040946
% 16 788450.764167
% 17 782100.653215
% 18 757249.613586
% 19 751552.464184
% 20 744075.076319
% 21 741489.409493
% 22 738207.480475
% 23 740651.576634
% 24 737604.053049
% 25 737099.848903
% 26 730150.554252
% 27 715721.910146
% 28 729204.231696
% 29 689671.147291
% 30 718732.739790
% 31 702422.621925
% 32 697500.961995
% 33 698463.894982
% 34 684950.380482
% 35 673812.657769
% 36 664577.637106
% 37 674509.943412
% 38 693868.757225
% 39 681350.335726
% 40 688128.320888
% 41 668643.856520
% 42 669282.656172
% 43 665098.932350
% 44 660752.702077
% 45 664307.674960
% 46 666754.467209
% 47 671923.962249
% 48 646094.097331
% 49 655741.887906
% 50 660459.883214
% 51 657419.696623
% 52 660294.583739
% 53 648110.985590
% 54 646454.307854
% 55 653061.523809
% 56 649264.073702
% 57 642144.668829
% 58 656513.989466
% 59 648648.816682
% 60 638261.275939
% 61 622215.488178
% 62 635770.823464
% 63 626781.959371
% 64 619166.062052
% 65 630610.949000
% 66 637841.012895
% 67 633227.879254
% 68 642036.923424
% 69 642712.289841
% 70 638194.725165
% 71 616815.755808
% 72 624606.979986
% 73 602893.130648
% 74 600690.535704
% 75 599014.255287
% 76 593375.840234
% 77 598615.337782
% 78 595575.808736
% 79 609085.351686
% 80 597498.914185
% 81 602282.769872
% 82 599698.030053
% 83 584741.957962
% 84 584661.462596
% 85 583104.551854
% 86 587719.625565
% 87 573100.832173
% 88 580997.264112
% 89 579392.455076
% 90 575759.884219
% 91 558734.928390
% 92 562764.014038
% 93 558737.502416
% 94 567551.093267
% 95 575236.320183
% 96 577137.515267
% 97 568039.536751
% 98 564579.448448
% 99 569432.535788
% 100 579899.739386
% 101 571358.059078
% 102 558228.520105
% 103 560952.804419
% 104 558611.700052
% 105 556392.227954
% 106 552538.633715
% 107 561764.353038
% 108 578212.545774
% 109 567777.749428
% 110 560584.623351
% 111 568758.414021
% 112 561174.388759
% 113 562444.894035
% 114 555119.373487
% 115 542792.902263
% 116 552099.858956
% 117 550513.672847
% 118 554894.787319
% 119 563855.026236
% 120 565674.075216
% 121 565847.256405
% 122 573831.695427
% 123 565745.386571
% 124 580250.557996
% 125 573597.416753
% 126 592254.577935
% 127 597500.256317
% 128 614730.374287
% 129 602379.016455
% 130 591106.978411
% 131 602057.066098
% 132 603821.389082
% 133 604727.286148
% 134 607380.165302
% 135 600999.900212
% 136 585816.356589
% 137 593899.873972
% 138 598840.612270
% 139 600745.755790
% 140 582573.231691
% 141 579557.456736
% 142 588084.290942
% 143 567738.651432
% 144 570493.698240
% 145 565581.245303
% 146 582178.869258
% 147 578463.268738
% 148 573411.880639
% 149 586357.140688
% 150 588866.325779
% 151 590020.861688
% 152 581248.905242
% 153 592667.610887
% 154 599991.689523
% 155 588614.619984
% 156 590666.237377
% 157 589526.754110
% 158 595189.103162
% 159 585696.664098
% 160 594536.694015
% 161 594135.039921
% 162 581464.785383
% 163 576944.996631
% 164 589631.837699
% 165 573859.378551
% 166 575356.583623
% 167 568187.952476
% 168 579156.660199
% 169 588849.424439
% 170 578246.581424
% 171 577185.945154
% 172 578169.869110
% 173 578790.703814
% 174 570957.315753
% 175 580814.001100
% 176 575176.017528
% 177 595199.506952
% 178 583176.476475
% 179 572781.673151
% 180 578939.786260
% 181 595918.946817
% 182 594529.849782
% 183 601230.805889
% 184 592922.584987
% 185 589917.396307
% 186 577122.517334
% 187 578697.221575
% 188 576113.763865
% 189 562251.790667
% 190 577155.665564
% 191 570255.397020
% 192 561794.074350
% 193 564531.732853
% 194 572206.028326
% 195 564850.077293
% 196 571182.698983
% 197 577828.309412
% 198 584046.670206
% 199 588999.299545
% 200 587076.616241
% 201 593976.575109
% 202 591102.306417
% 203 579586.714173
% 204 583351.787333
% 205 583019.957365
% 206 575521.229109
% 207 556303.527967
% 208 549462.722095
% 209 557057.862539
% 210 524784.742207
% 211 543095.164793
% 212 535370.277946
% 213 543341.583956
% 214 529082.279256
> Finished 214 generations with 3035604 distance calculations. GA Runtime = 80.4606 sec
> Final distance: 524784.742207
> Final Route:
Truck 0 [len = 32]: 0 --> 125 --> 124 --> 127 --> 143 --> 117 --> 139 --> 136 --> 140 --> 145 --> 104 --> 66 --> 67 --> 45 --> 53 --> 72 --> 61 --> 62 --> 111 --> 9 --> 39 --> 12 --> 5 --> 4 --> 37 --> 22 --> 52 --> 34 --> 89 --> 54 --> 59 --> 15
Truck 1 [len = 22]: 0 --> 32 --> 7 --> 24 --> 13 --> 121 --> 128 --> 33 --> 31 --> 35 --> 74 --> 63 --> 148 --> 120 --> 135 --> 86 --> 57 --> 88 --> 114 --> 132 --> 69 --> 36
Truck 2 [len = 47]: 0 --> 48 --> 98 --> 46 --> 90 --> 92 --> 68 --> 75 --> 23 --> 20 --> 21 --> 130 --> 97 --> 91 --> 93 --> 47 --> 50 --> 150 --> 134 --> 133 --> 119 --> 131 --> 129 --> 115 --> 151 --> 123 --> 122 --> 126 --> 149 --> 102 --> 42 --> 2 --> 30 --> 29 --> 3 --> 11 --> 25 --> 17 --> 16 --> 6 --> 40 --> 60 --> 112 --> 113 --> 76 --> 95 --> 94
Truck 3 [len = 36]: 0 --> 38 --> 73 --> 71 --> 14 --> 1 --> 108 --> 83 --> 77 --> 64 --> 84 --> 107 --> 99 --> 81 --> 56 --> 101 --> 110 --> 79 --> 44 --> 49 --> 10 --> 18 --> 19 --> 58 --> 85 --> 55 --> 106 --> 87 --> 146 --> 100 --> 70 --> 96 --> 78 --> 80 --> 43 --> 65
Truck 4 [len = 19]: 0 --> 28 --> 26 --> 27 --> 41 --> 82 --> 144 --> 141 --> 142 --> 137 --> 138 --> 109 --> 105 --> 103 --> 116 --> 118 --> 147 --> 51 --> 8
> Generation - Distance curve saved to fig/pr152_baseline_30_5_1000_100_10_20211216_19_13_47/20211216_19_53_30.png.
