--> Running ID = 14
> Loading cities from instances/pr152.txt
	>> 152 cities in total to be loaded
> 152 cities loaded from instances/pr152.txt
> Initial distance: 992967.330687
> Starting running GA.
	>> cities = 152, salesmen = 5
	>> Generations = 1000, PopulationSize = 100, TournamentSize = 10
# Generation Distance
% 1 992877.621688
% 2 978742.731965
% 3 971740.642383
% 4 949317.583539
% 5 941215.245037
% 6 935131.380992
% 7 918201.793507
% 8 921556.346802
% 9 899127.731165
% 10 879766.203804
% 11 876011.590653
% 12 862419.133478
% 13 848996.775224
% 14 845217.552999
% 15 851733.482942
% 16 829941.202176
% 17 825594.698216
% 18 818159.100251
% 19 799780.644056
% 20 798094.652153
% 21 799028.948787
% 22 796222.153368
% 23 787625.350478
% 24 789605.777285
% 25 775451.815280
% 26 761226.185813
% 27 746689.379216
% 28 744361.144427
% 29 749122.550153
% 30 739882.674900
% 31 738407.544121
% 32 736706.779805
% 33 732853.392419
% 34 735903.243261
% 35 729977.034250
% 36 712352.165145
% 37 705425.449584
% 38 718738.604115
% 39 716067.170387
% 40 709973.126183
% 41 692049.200267
% 42 695670.896742
% 43 684521.551966
% 44 679466.691687
% 45 689187.770090
% 46 685625.430650
% 47 682935.660718
% 48 678287.968851
% 49 672518.068802
% 50 666227.185591
% 51 673604.952520
% 52 667974.289954
% 53 667385.628084
% 54 675688.383793
% 55 678786.124310
% 56 659609.393099
% 57 656809.213000
% 58 657227.156752
% 59 658811.371876
% 60 655404.968925
% 61 648123.861998
% 62 651281.268276
% 63 642587.783022
% 64 648078.368393
% 65 655168.953553
% 66 652914.509983
% 67 654144.924752
% 68 633624.616616
% 69 642802.539067
% 70 646050.509073
% 71 647108.958799
% 72 616435.061525
% 73 618926.224628
% 74 643920.216861
% 75 643013.257964
% 76 635874.757505
% 77 644600.316814
% 78 634404.716590
% 79 649632.376938
% 80 651891.691023
% 81 651512.298667
% 82 642524.437388
% 83 647051.320453
% 84 660246.594903
% 85 667351.710131
% 86 638465.497393
% 87 640046.347593
% 88 639511.415106
% 89 637131.036386
% 90 633015.505825
% 91 644055.834235
% 92 643459.599400
% 93 638985.510397
% 94 647813.038914
% 95 643639.743687
% 96 639383.451930
% 97 633603.269444
% 98 609588.021703
% 99 610903.352158
% 100 608500.836044
% 101 595341.268047
% 102 592522.671093
% 103 587753.517914
% 104 595686.706841
% 105 577152.849483
% 106 582816.533713
% 107 559214.581989
% 108 577126.746070
% 109 574687.203843
% 110 574757.931755
% 111 566815.726715
% 112 569492.475476
% 113 569657.605400
% 114 572125.510061
% 115 576085.626385
% 116 572833.471482
% 117 575099.992976
% 118 580720.691051
% 119 564993.477106
% 120 574669.622669
% 121 583284.194681
% 122 586606.880609
% 123 592117.468993
% 124 581040.393686
% 125 586508.680523
% 126 592117.169558
% 127 581161.348536
% 128 585319.382729
% 129 582392.471341
% 130 577728.462269
% 131 586919.433710
% 132 595670.068075
% 133 576650.962035
% 134 551465.026340
% 135 567889.657949
% 136 558963.699543
% 137 554469.136730
% 138 564325.567974
% 139 544355.694904
% 140 554178.003043
% 141 548062.382015
% 142 553314.831525
% 143 553157.571664
% 144 540077.731961
% 145 545737.056724
% 146 537697.286029
% 147 529171.023911
% 148 536282.146144
% 149 525997.073886
% 150 525239.890371
% 151 523546.573591
% 152 509010.455105
% 153 514869.552257
% 154 512120.118231
% 155 518816.937645
% 156 501891.284517
% 157 518181.456327
% 158 509885.828042
% 159 519055.826119
% 160 541908.269344
% 161 519768.446849
% 162 519184.265284
% 163 511576.997008
% 164 528825.165505
% 165 511184.109917
% 166 525641.335388
% 167 523859.478224
% 168 524259.454969
% 169 527099.558180
% 170 528765.411000
% 171 510800.257058
% 172 515089.185526
% 173 512294.402434
% 174 511406.413018
% 175 518600.359958
% 176 511270.921196
% 177 520437.102873
% 178 524612.584310
% 179 522962.312430
% 180 520371.051693
% 181 529042.844120
% 182 522819.770722
% 183 535977.606683
% 184 542084.695720
% 185 544878.954025
% 186 542883.425771
% 187 549182.088024
% 188 536821.808289
% 189 538254.792541
% 190 551494.893269
% 191 547793.534155
% 192 561063.949712
% 193 564894.839936
% 194 562489.557024
% 195 562375.770468
% 196 545874.307533
% 197 549905.200972
% 198 561925.758491
% 199 562862.520453
% 200 561438.616630
% 201 556755.743609
% 202 551142.325720
% 203 547719.808037
% 204 549422.730678
% 205 559383.290884
% 206 564464.433214
% 207 549356.607422
% 208 554074.977721
% 209 557254.437225
% 210 553608.104985
% 211 542832.851734
% 212 561595.475730
% 213 567645.001175
% 214 576013.171539
> Finished 214 generations with 3039348 distance calculations. GA Runtime = 84.9703 sec
> Final distance: 501891.284517
> Final Route:
Truck 0 [len = 38]: 0 --> 125 --> 124 --> 123 --> 127 --> 126 --> 92 --> 130 --> 128 --> 119 --> 148 --> 135 --> 121 --> 151 --> 129 --> 115 --> 141 --> 56 --> 106 --> 108 --> 82 --> 83 --> 79 --> 69 --> 49 --> 98 --> 72 --> 48 --> 76 --> 93 --> 99 --> 68 --> 74 --> 101 --> 105 --> 10 --> 39 --> 18
Truck 1 [len = 18]: 0 --> 34 --> 94 --> 131 --> 117 --> 102 --> 44 --> 97 --> 112 --> 47 --> 73 --> 78 --> 146 --> 114 --> 88 --> 104 --> 84 --> 60
Truck 2 [len = 46]: 0 --> 14 --> 36 --> 66 --> 54 --> 43 --> 136 --> 116 --> 140 --> 138 --> 142 --> 132 --> 27 --> 38 --> 22 --> 61 --> 86 --> 12 --> 24 --> 26 --> 23 --> 67 --> 103 --> 42 --> 87 --> 63 --> 58 --> 109 --> 80 --> 96 --> 100 --> 52 --> 65 --> 50 --> 134 --> 147 --> 120 --> 144 --> 149 --> 150 --> 77 --> 111 --> 122 --> 55 --> 89 --> 75
Truck 3 [len = 28]: 0 --> 45 --> 91 --> 118 --> 145 --> 139 --> 137 --> 143 --> 133 --> 62 --> 81 --> 57 --> 40 --> 85 --> 110 --> 59 --> 64 --> 41 --> 113 --> 107 --> 53 --> 51 --> 90 --> 11 --> 30 --> 2 --> 28 --> 15
Truck 4 [len = 26]: 0 --> 1 --> 29 --> 4 --> 95 --> 70 --> 71 --> 9 --> 21 --> 20 --> 5 --> 46 --> 25 --> 37 --> 35 --> 13 --> 19 --> 16 --> 6 --> 3 --> 17 --> 8 --> 7 --> 32 --> 31 --> 33
> Generation - Distance curve saved to fig/pr152_baseline_30_5_1000_100_10_20211216_19_13_47/20211216_19_33_23.png.
