--> Running ID = 16
> Loading cities from instances/pr152.txt
	>> 152 cities in total to be loaded
> 152 cities loaded from instances/pr152.txt
> Initial distance: 981955.580115
> Starting running GA.
	>> cities = 152, salesmen = 5
	>> Generations = 1000, PopulationSize = 100, TournamentSize = 10
# Generation Distance
% 1 952277.393734
% 2 942406.700714
% 3 935714.254477
% 4 933690.780147
% 5 934997.309832
% 6 922917.416030
% 7 926606.883768
% 8 909204.055891
% 9 893240.951905
% 10 880785.519899
% 11 884123.943957
% 12 884049.093680
% 13 871321.202090
% 14 862344.040102
% 15 858100.833223
% 16 833331.009576
% 17 821940.314984
% 18 823636.791372
% 19 819009.731461
% 20 799930.829081
% 21 807141.578333
% 22 782429.392518
% 23 773980.897707
% 24 773935.069558
% 25 758764.474371
% 26 765714.001404
% 27 763865.919629
% 28 740361.479679
% 29 750454.507988
% 30 742942.089974
% 31 726600.602209
% 32 703665.939761
% 33 705468.069665
% 34 699616.977540
% 35 693443.153423
% 36 695584.558815
% 37 681612.916240
% 38 681918.576030
% 39 671506.495640
% 40 665971.703557
% 41 658351.765763
% 42 667996.887535
% 43 658294.352015
% 44 658278.637934
% 45 662433.834760
% 46 660024.183206
% 47 652617.391814
% 48 669939.520205
% 49 675679.197776
% 50 667608.382309
% 51 680403.050661
% 52 654375.573831
% 53 671960.355900
% 54 667159.795913
% 55 670976.690129
% 56 681799.563259
% 57 668945.634580
% 58 654564.525235
% 59 651228.338479
% 60 658904.085244
% 61 653946.361832
% 62 666712.327653
% 63 657884.298447
% 64 655494.205258
% 65 642989.396319
% 66 643111.928995
% 67 634100.520144
% 68 641683.678535
% 69 642325.834114
% 70 646265.469333
% 71 643005.178913
% 72 641051.999207
% 73 629162.401971
% 74 637089.320484
% 75 628907.324965
% 76 632896.594440
% 77 626735.225862
% 78 639164.196146
% 79 653120.286068
% 80 633702.443646
% 81 630610.752364
% 82 644493.368972
% 83 641771.119521
% 84 638947.003243
% 85 622124.370156
% 86 630998.985778
% 87 622497.739805
% 88 622717.538174
% 89 621684.935663
% 90 619913.382947
% 91 627960.501673
% 92 624855.647331
% 93 612816.458990
% 94 595884.657986
% 95 591163.822768
% 96 592362.481004
% 97 601173.179947
% 98 580735.420785
% 99 587437.295164
% 100 584119.616079
% 101 589358.004719
% 102 599320.613207
% 103 589571.245407
% 104 588069.734158
% 105 573721.201137
% 106 598143.691340
% 107 595747.039563
% 108 596557.086511
% 109 593329.368915
% 110 587607.898130
% 111 589366.566019
% 112 585092.548275
% 113 566499.100928
% 114 560521.728048
% 115 556909.923462
% 116 562067.191167
% 117 556274.136398
% 118 556672.202333
% 119 562385.511365
% 120 564611.767738
% 121 566866.785846
% 122 572305.102096
% 123 569552.025696
% 124 546186.512162
% 125 563255.689549
% 126 574658.586211
% 127 569959.888044
% 128 566876.920110
% 129 574960.288869
% 130 586886.450403
% 131 591960.427534
% 132 588062.936877
% 133 591254.054502
% 134 596828.760489
% 135 580393.440855
% 136 595641.111681
% 137 589413.612695
% 138 592443.268823
% 139 589188.439125
% 140 592054.498316
% 141 584020.900577
% 142 581232.381955
% 143 593711.643402
% 144 588850.891074
% 145 592500.997878
% 146 601355.279300
% 147 601171.449299
% 148 611968.640037
% 149 603408.799036
% 150 607510.620684
% 151 604247.719372
% 152 606029.226669
% 153 611142.902111
% 154 610052.713073
% 155 604941.479296
% 156 617188.526962
% 157 603585.259162
% 158 605093.013147
% 159 588569.026015
% 160 591254.578776
% 161 592247.647539
% 162 572011.154417
% 163 579018.378299
% 164 580862.621694
% 165 587819.649166
% 166 581862.704905
% 167 568385.997074
% 168 581628.199228
% 169 571885.391097
% 170 575348.362107
% 171 572957.204902
% 172 581031.998066
% 173 586820.485923
% 174 581643.297604
% 175 597347.094758
% 176 595464.830701
% 177 593000.701892
% 178 579515.154810
% 179 583259.146971
% 180 571667.223715
% 181 572316.069295
% 182 569542.720977
% 183 563855.398851
% 184 579459.475258
% 185 568480.616311
% 186 568312.051562
% 187 569900.066246
% 188 589092.046379
% 189 573798.098252
% 190 563825.481455
% 191 558577.712142
% 192 553866.910187
% 193 547814.857411
% 194 544550.531216
% 195 547567.057697
% 196 547691.423638
% 197 546186.497695
% 198 547780.686404
% 199 540301.486036
% 200 549485.876527
% 201 566853.313536
% 202 551592.536582
% 203 547476.157345
% 204 536148.714231
% 205 543271.414617
% 206 544775.318484
% 207 551084.178572
% 208 555307.751114
% 209 542060.320757
% 210 536606.013911
% 211 552161.964773
% 212 540151.806063
% 213 537787.265434
% 214 525149.299274
> Finished 214 generations with 3039816 distance calculations. GA Runtime = 83.1347 sec
> Final distance: 525149.299274
> Final Route:
Truck 0 [len = 37]: 0 --> 86 --> 64 --> 60 --> 84 --> 44 --> 63 --> 105 --> 136 --> 132 --> 144 --> 139 --> 133 --> 119 --> 95 --> 146 --> 123 --> 126 --> 149 --> 151 --> 125 --> 122 --> 121 --> 127 --> 120 --> 141 --> 138 --> 116 --> 83 --> 16 --> 66 --> 65 --> 67 --> 85 --> 103 --> 82 --> 56
Truck 1 [len = 31]: 0 --> 36 --> 115 --> 76 --> 87 --> 134 --> 145 --> 131 --> 53 --> 93 --> 47 --> 129 --> 140 --> 135 --> 94 --> 89 --> 68 --> 91 --> 113 --> 71 --> 30 --> 42 --> 114 --> 50 --> 90 --> 98 --> 97 --> 78 --> 41 --> 12 --> 27
Truck 2 [len = 21]: 0 --> 9 --> 104 --> 108 --> 137 --> 117 --> 5 --> 22 --> 26 --> 3 --> 111 --> 80 --> 102 --> 110 --> 75 --> 46 --> 52 --> 79 --> 69 --> 21 --> 8
Truck 3 [len = 39]: 0 --> 28 --> 32 --> 77 --> 112 --> 118 --> 59 --> 109 --> 100 --> 99 --> 58 --> 124 --> 128 --> 62 --> 70 --> 45 --> 96 --> 51 --> 92 --> 72 --> 74 --> 48 --> 49 --> 73 --> 14 --> 34 --> 1 --> 107 --> 19 --> 54 --> 29 --> 35 --> 33 --> 31 --> 13 --> 37 --> 4 --> 55 --> 25
Truck 4 [len = 28]: 0 --> 57 --> 40 --> 106 --> 142 --> 143 --> 148 --> 147 --> 130 --> 150 --> 101 --> 23 --> 81 --> 20 --> 6 --> 17 --> 39 --> 7 --> 2 --> 15 --> 43 --> 88 --> 61 --> 18 --> 38 --> 11 --> 10 --> 24
> Generation - Distance curve saved to fig/pr152_baseline_30_5_1000_100_10_20211216_19_13_47/20211216_19_36_23.png.
