--> Running ID = 8
> Loading cities from instances/pr152.txt
	>> 152 cities in total to be loaded
> 152 cities loaded from instances/pr152.txt
> Initial distance: 1000487.704262
> Starting running GA.
	>> cities = 152, salesmen = 5
	>> Generations = 1000, PopulationSize = 100, TournamentSize = 10
# Generation Distance
% 1 968889.484701
% 2 959926.548565
% 3 940121.286664
% 4 935712.679961
% 5 931498.677643
% 6 939419.402774
% 7 923677.877587
% 8 922721.093171
% 9 926289.460262
% 10 907202.432389
% 11 875860.758448
% 12 878661.135367
% 13 870556.226255
% 14 884320.564980
% 15 855068.017808
% 16 860014.093038
% 17 843978.284266
% 18 833295.327468
% 19 834063.097101
% 20 835460.304207
% 21 810676.803709
% 22 810181.436718
% 23 798893.225776
% 24 800997.545915
% 25 789078.354114
% 26 795454.871707
% 27 786727.663228
% 28 784379.607322
% 29 774142.861354
% 30 768024.221197
% 31 774634.551625
% 32 781620.885064
% 33 772760.644890
% 34 755828.849812
% 35 746485.117536
% 36 753043.694875
% 37 755490.847565
% 38 758441.753839
% 39 759448.764018
% 40 740344.974731
% 41 742418.269099
% 42 750923.744610
% 43 742786.694933
% 44 739341.984808
% 45 739299.729628
% 46 743253.493805
% 47 743144.842341
% 48 730038.030006
% 49 720623.767032
% 50 726813.557022
% 51 718102.594504
% 52 723849.976766
% 53 724493.801311
% 54 728194.799239
% 55 717383.666142
% 56 716529.438371
% 57 713841.925268
% 58 715335.567996
% 59 709811.651448
% 60 723434.380174
% 61 726314.037538
% 62 716014.117252
% 63 711878.130073
% 64 721751.953314
% 65 710415.595688
% 66 712261.216416
% 67 694805.811263
% 68 684626.996048
% 69 680007.519349
% 70 685228.959220
% 71 671644.984835
% 72 659074.177546
% 73 673259.948050
% 74 674576.598155
% 75 675333.470381
% 76 674284.265319
% 77 669923.204722
% 78 680523.573716
% 79 665491.216745
% 80 682708.365117
% 81 672318.270544
% 82 671977.919658
% 83 677657.386213
% 84 679038.787121
% 85 673207.562827
% 86 670137.863262
% 87 672164.966342
% 88 654027.508273
% 89 639831.058879
% 90 644965.019042
% 91 640776.741263
% 92 634579.397287
% 93 640612.954350
% 94 644598.384626
% 95 655662.963108
% 96 648593.458923
% 97 650385.942712
% 98 636658.604037
% 99 644530.256295
% 100 638612.203986
% 101 633623.732828
% 102 632115.874583
% 103 638207.355997
% 104 638833.113137
% 105 644094.975658
% 106 653753.020945
% 107 642902.549669
% 108 637397.958523
% 109 640836.844148
% 110 634751.124732
% 111 639467.949273
% 112 631040.662381
% 113 628339.437828
% 114 638442.538158
% 115 633371.404506
% 116 638441.929023
% 117 654150.738238
% 118 626727.047238
% 119 625243.960399
% 120 631435.457357
% 121 633218.196915
% 122 638714.125000
% 123 641096.343997
% 124 618144.873283
% 125 615063.743460
% 126 627073.422263
% 127 629169.409132
% 128 628689.903238
% 129 613249.510216
% 130 629449.935707
% 131 610303.611602
% 132 609166.533601
% 133 607093.776001
% 134 613005.696968
% 135 617898.682379
% 136 606828.268139
% 137 610736.581014
% 138 612917.751620
% 139 599226.615108
% 140 597024.154262
% 141 601457.842243
% 142 607187.556229
% 143 593222.913930
% 144 607961.760997
% 145 605873.466029
% 146 612222.164210
% 147 613471.876422
% 148 602827.360355
% 149 599037.046559
% 150 606047.690120
% 151 600925.207144
% 152 612767.133472
% 153 603292.508767
% 154 598379.807190
% 155 598922.694273
% 156 601551.662058
% 157 591797.552683
% 158 595269.983882
% 159 604681.719390
% 160 617662.356602
% 161 615611.830788
% 162 627465.425067
% 163 615278.475605
% 164 602141.345461
% 165 608045.760042
% 166 607734.057726
% 167 620745.031417
% 168 601945.347669
% 169 598461.246506
% 170 608450.077823
% 171 613348.799430
% 172 605007.399238
% 173 587359.676815
% 174 592853.943308
% 175 599575.926834
% 176 591069.933703
% 177 604548.954384
% 178 604776.294536
% 179 606464.826577
% 180 599745.779424
% 181 596195.981753
% 182 597498.149998
% 183 584915.452316
% 184 593005.870876
% 185 585603.945577
% 186 581502.571154
% 187 592326.687816
% 188 597073.691198
% 189 598513.263433
% 190 611900.350975
% 191 601811.789282
% 192 598565.093091
% 193 589348.705132
% 194 596910.370336
% 195 601146.470909
% 196 597643.055959
% 197 587498.941802
% 198 584384.388151
% 199 589275.590260
% 200 602059.908639
% 201 577225.710712
% 202 586767.314813
% 203 592611.916592
% 204 596349.212920
% 205 592425.216453
% 206 577406.918312
% 207 583513.939619
% 208 579093.167572
% 209 585477.036197
% 210 571219.811508
% 211 581828.600423
% 212 563965.749290
% 213 567440.324804
% 214 574574.070625
> Finished 214 generations with 3036072 distance calculations. GA Runtime = 90.1579 sec
> Final distance: 563965.749290
> Final Route:
Truck 0 [len = 35]: 0 --> 129 --> 122 --> 116 --> 138 --> 144 --> 149 --> 130 --> 105 --> 33 --> 6 --> 20 --> 29 --> 11 --> 17 --> 21 --> 87 --> 98 --> 60 --> 141 --> 145 --> 151 --> 126 --> 150 --> 131 --> 132 --> 135 --> 53 --> 113 --> 134 --> 110 --> 101 --> 99 --> 51 --> 3
Truck 1 [len = 28]: 0 --> 2 --> 4 --> 63 --> 57 --> 100 --> 55 --> 81 --> 85 --> 139 --> 117 --> 142 --> 119 --> 147 --> 148 --> 146 --> 44 --> 45 --> 14 --> 35 --> 36 --> 16 --> 27 --> 49 --> 76 --> 89 --> 66 --> 65
Truck 2 [len = 52]: 0 --> 26 --> 13 --> 28 --> 18 --> 54 --> 79 --> 50 --> 91 --> 58 --> 41 --> 109 --> 83 --> 40 --> 92 --> 61 --> 118 --> 143 --> 86 --> 42 --> 52 --> 73 --> 90 --> 93 --> 124 --> 115 --> 94 --> 48 --> 114 --> 78 --> 70 --> 46 --> 64 --> 102 --> 96 --> 95 --> 56 --> 24 --> 5 --> 34 --> 15 --> 1 --> 38 --> 107 --> 84 --> 108 --> 59 --> 62 --> 123 --> 25 --> 12 --> 7
Truck 3 [len = 19]: 0 --> 31 --> 68 --> 88 --> 111 --> 106 --> 128 --> 137 --> 133 --> 120 --> 121 --> 19 --> 71 --> 77 --> 69 --> 67 --> 103 --> 37 --> 32
Truck 4 [len = 22]: 0 --> 30 --> 22 --> 39 --> 8 --> 9 --> 23 --> 10 --> 140 --> 136 --> 125 --> 127 --> 97 --> 80 --> 47 --> 112 --> 43 --> 104 --> 82 --> 75 --> 72 --> 74
> Generation - Distance curve saved to fig/pr152_baseline_30_5_1000_100_10_20211216_19_13_47/20211216_19_24_51.png.
