--> Running ID = 17
> Loading cities from instances/pr152.txt
	>> 152 cities in total to be loaded
> 152 cities loaded from instances/pr152.txt
> Initial distance: 994816.552168
> Starting running GA.
	>> cities = 152, salesmen = 5
	>> Generations = 1000, PopulationSize = 100, TournamentSize = 10
# Generation Distance
% 1 978132.353312
% 2 963384.482142
% 3 951309.794306
% 4 950828.847858
% 5 933532.365819
% 6 913687.248206
% 7 918204.841112
% 8 900755.833013
% 9 889059.596160
% 10 892209.590158
% 11 866999.337017
% 12 869004.513479
% 13 869258.269928
% 14 856117.257125
% 15 845777.123190
% 16 846184.454024
% 17 846752.202788
% 18 823124.864729
% 19 813408.951393
% 20 814497.727341
% 21 802627.897094
% 22 802596.438123
% 23 798383.714193
% 24 807258.541073
% 25 795889.917393
% 26 804675.107448
% 27 794172.635771
% 28 777690.311940
% 29 759174.602651
% 30 762969.688604
% 31 759522.515422
% 32 757525.250698
% 33 769919.559738
% 34 764621.722033
% 35 756657.087125
% 36 740193.080691
% 37 740623.451668
% 38 745783.633843
% 39 739911.114544
% 40 734485.880239
% 41 713731.884515
% 42 722050.010173
% 43 725335.992284
% 44 720721.425489
% 45 705778.941632
% 46 698843.821734
% 47 708661.908026
% 48 709750.110635
% 49 704528.678710
% 50 690212.468731
% 51 673516.991172
% 52 671101.804835
% 53 674967.165480
% 54 675668.516098
% 55 677133.469850
% 56 673556.241140
% 57 664185.925627
% 58 644127.181507
% 59 646873.066650
% 60 645069.410917
% 61 646638.221290
% 62 644204.297993
% 63 632571.222284
% 64 629428.206912
% 65 628407.003381
% 66 626044.976119
% 67 613144.238548
% 68 612317.637017
% 69 622911.409306
% 70 619840.004911
% 71 621045.682400
% 72 617633.866704
% 73 617343.597405
% 74 610737.710472
% 75 616744.904598
% 76 628732.154197
% 77 607653.548259
% 78 626204.526925
% 79 630349.276295
% 80 607544.119191
% 81 605816.989499
% 82 606239.993471
% 83 607593.142289
% 84 602377.797446
% 85 598767.659790
% 86 612197.694943
% 87 599228.451116
% 88 600084.685836
% 89 611259.875518
% 90 610192.416109
% 91 620116.067347
% 92 619077.850334
% 93 608049.031965
% 94 620871.384683
% 95 614471.982980
% 96 611401.156215
% 97 620481.121394
% 98 608608.901869
% 99 598993.882290
% 100 591026.721198
% 101 583619.850058
% 102 591707.143253
% 103 576075.979327
% 104 591595.996845
% 105 580817.769681
% 106 585768.502421
% 107 593430.154295
% 108 576210.501600
% 109 569881.390867
% 110 577627.942071
% 111 585845.903019
% 112 583669.382311
% 113 587416.867031
% 114 580517.558638
% 115 599026.350244
% 116 593981.486364
% 117 587586.477630
% 118 597423.112394
% 119 587848.903544
% 120 596359.336469
% 121 578890.239482
% 122 581772.994264
% 123 562286.641832
% 124 571652.478247
% 125 572224.580291
% 126 553167.275214
% 127 548143.598313
% 128 551951.282848
% 129 548648.107491
% 130 542255.557092
% 131 547249.143370
% 132 543806.826086
% 133 550696.598159
% 134 557619.875137
% 135 559617.708424
% 136 551436.648774
% 137 555426.033880
% 138 554575.373306
% 139 559684.491336
% 140 546768.805256
% 141 541715.297074
% 142 547303.845189
% 143 575787.706487
% 144 576309.513548
% 145 576249.399965
% 146 571211.793535
% 147 570588.929939
% 148 568406.602375
% 149 558845.080961
% 150 563196.045127
% 151 555919.212856
% 152 562079.688416
% 153 566462.932728
% 154 565302.287617
% 155 564481.211052
% 156 562815.724857
% 157 569294.603938
% 158 572622.737562
% 159 568661.391831
% 160 568692.959716
% 161 553440.404272
% 162 554425.724902
% 163 553294.769204
% 164 549244.313320
% 165 541147.680233
% 166 541946.469222
% 167 554888.022698
% 168 557018.735171
% 169 564918.208736
% 170 544716.989766
% 171 546102.919768
% 172 551626.758761
% 173 548096.589505
% 174 557332.341299
% 175 568086.156529
% 176 563586.860507
% 177 570535.731573
% 178 556263.663032
% 179 552670.076350
% 180 534865.953990
% 181 543561.655635
% 182 543083.982642
% 183 536959.001508
% 184 543703.214975
% 185 545054.879093
% 186 552805.865222
% 187 553087.287866
% 188 561297.528931
% 189 562470.099926
% 190 561025.421639
% 191 559017.018343
% 192 570502.074194
% 193 578765.512452
% 194 581605.831671
% 195 564650.520999
% 196 556739.765035
% 197 560786.435443
% 198 551005.092506
% 199 577713.002578
% 200 575519.358840
% 201 556478.811999
% 202 562284.021165
% 203 570156.653601
% 204 569556.162205
% 205 559439.935018
% 206 573114.861857
% 207 563474.713278
% 208 558854.303443
% 209 554924.986198
% 210 553490.674963
% 211 559489.371666
% 212 553823.460676
% 213 545960.430584
% 214 542277.843344
> Finished 214 generations with 3035604 distance calculations. GA Runtime = 79.8652 sec
> Final distance: 534865.953990
> Final Route:
Truck 0 [len = 30]: 0 --> 41 --> 110 --> 66 --> 112 --> 119 --> 132 --> 144 --> 122 --> 150 --> 121 --> 143 --> 141 --> 111 --> 105 --> 7 --> 20 --> 39 --> 9 --> 8 --> 31 --> 14 --> 74 --> 72 --> 129 --> 124 --> 140 --> 87 --> 57 --> 34
Truck 1 [len = 26]: 0 --> 15 --> 35 --> 32 --> 62 --> 146 --> 120 --> 130 --> 149 --> 52 --> 49 --> 75 --> 114 --> 54 --> 64 --> 77 --> 78 --> 90 --> 71 --> 92 --> 131 --> 51 --> 18 --> 23 --> 28 --> 12
Truck 2 [len = 39]: 0 --> 27 --> 128 --> 53 --> 48 --> 68 --> 145 --> 126 --> 134 --> 135 --> 142 --> 137 --> 104 --> 58 --> 97 --> 98 --> 88 --> 102 --> 16 --> 63 --> 80 --> 99 --> 43 --> 67 --> 47 --> 76 --> 95 --> 123 --> 127 --> 136 --> 138 --> 117 --> 116 --> 125 --> 100 --> 45 --> 36 --> 1 --> 33
Truck 3 [len = 40]: 0 --> 26 --> 6 --> 38 --> 4 --> 10 --> 19 --> 17 --> 59 --> 65 --> 40 --> 106 --> 73 --> 93 --> 69 --> 50 --> 2 --> 3 --> 30 --> 25 --> 29 --> 91 --> 96 --> 94 --> 147 --> 82 --> 61 --> 60 --> 107 --> 84 --> 85 --> 42 --> 21 --> 11 --> 22 --> 83 --> 108 --> 56 --> 5 --> 24
Truck 4 [len = 21]: 0 --> 79 --> 44 --> 46 --> 89 --> 86 --> 133 --> 118 --> 151 --> 113 --> 139 --> 103 --> 109 --> 55 --> 70 --> 101 --> 148 --> 115 --> 81 --> 37 --> 13
> Generation - Distance curve saved to fig/pr152_baseline_30_5_1000_100_10_20211216_19_13_47/20211216_19_37_49.png.
