--> Running ID = 3
> Loading cities from instances/pr152.txt
	>> 152 cities in total to be loaded
> 152 cities loaded from instances/pr152.txt
> Initial distance: 993080.037079
> Starting running GA.
	>> cities = 152, salesmen = 5
	>> Generations = 1000, PopulationSize = 100, TournamentSize = 10
# Generation Distance
% 1 960427.465212
% 2 957805.530875
% 3 943413.307540
% 4 922400.692150
% 5 905118.962106
% 6 892965.803604
% 7 891356.918894
% 8 888836.361202
% 9 858720.170845
% 10 864603.882312
% 11 857515.442912
% 12 848771.414595
% 13 847422.314487
% 14 838290.542754
% 15 830604.975285
% 16 840620.128705
% 17 836748.121974
% 18 827553.821074
% 19 833630.200114
% 20 820778.235563
% 21 817395.163546
% 22 807211.213358
% 23 800633.593554
% 24 806509.337018
% 25 795669.734019
% 26 793128.518175
% 27 792223.636377
% 28 803986.288746
% 29 785619.725313
% 30 789184.896333
% 31 782288.172442
% 32 784966.698980
% 33 772395.671411
% 34 763717.783314
% 35 776407.666854
% 36 767395.083293
% 37 752743.407461
% 38 743473.585524
% 39 727688.348733
% 40 724461.324756
% 41 717346.749022
% 42 716025.987589
% 43 717385.008082
% 44 718005.411194
% 45 708235.907301
% 46 704653.972576
% 47 705198.807809
% 48 691791.934207
% 49 698347.932825
% 50 691888.586246
% 51 681352.378215
% 52 681036.366135
% 53 667086.476090
% 54 683396.051962
% 55 685083.286639
% 56 676341.456657
% 57 665412.729223
% 58 683685.868234
% 59 687712.326691
% 60 687642.488113
% 61 688109.404591
% 62 679776.154865
% 63 675985.383976
% 64 682029.760047
% 65 677777.453125
% 66 655372.434814
% 67 661989.896913
% 68 636087.096332
% 69 627503.211694
% 70 637360.814771
% 71 644392.806063
% 72 621944.728709
% 73 635357.274739
% 74 606915.743604
% 75 629182.256557
% 76 628182.024780
% 77 619131.578051
% 78 617291.686458
% 79 623599.163176
% 80 624357.356813
% 81 612544.908647
% 82 594234.340285
% 83 610313.095129
% 84 616994.462414
% 85 624281.179947
% 86 610085.998874
% 87 617172.104414
% 88 604415.472027
% 89 608784.152083
% 90 578440.255222
% 91 590788.170548
% 92 594707.103634
% 93 588520.752346
% 94 592928.624447
% 95 591399.970878
% 96 597545.066751
% 97 608067.285372
% 98 596342.656574
% 99 591085.929157
% 100 585380.909636
% 101 600278.660977
% 102 594934.338854
% 103 592870.610403
% 104 595349.354109
% 105 593729.302111
% 106 590001.784276
% 107 588391.972028
% 108 582954.898471
% 109 589508.347086
% 110 576644.263788
% 111 576651.379257
% 112 584677.403391
% 113 578821.224591
% 114 571217.956211
% 115 574262.092180
% 116 569814.109517
% 117 569539.873875
% 118 577475.843150
% 119 575166.250056
% 120 564722.423501
% 121 578234.060754
% 122 592180.869827
% 123 593863.416033
% 124 588285.877256
% 125 597260.366270
% 126 603745.236829
% 127 597568.738900
% 128 598828.279684
% 129 585996.186104
% 130 578431.718668
% 131 585390.483979
% 132 584841.806640
% 133 588459.764616
% 134 577989.845691
% 135 581128.933214
% 136 572110.051761
% 137 581481.822247
% 138 572048.933803
% 139 565693.179597
% 140 563963.215376
% 141 561123.047343
% 142 574735.607593
% 143 576626.583085
% 144 580627.161694
% 145 577044.375593
% 146 579454.993887
% 147 580342.955602
% 148 585117.326685
% 149 585082.514199
% 150 589884.435742
% 151 583290.114718
% 152 582541.914048
% 153 586411.065278
% 154 587964.029241
% 155 586863.896615
% 156 588730.023700
% 157 587325.433607
% 158 581629.337924
% 159 576811.975555
% 160 577887.571240
% 161 582406.584721
% 162 578280.424868
% 163 578970.128609
% 164 578637.901546
% 165 567738.127907
% 166 561861.151452
% 167 559518.921646
% 168 570976.811042
% 169 563035.502045
% 170 574837.363374
% 171 568008.898209
% 172 578034.394061
% 173 587769.164131
% 174 580571.957416
% 175 567290.383361
% 176 574691.911486
% 177 570968.110353
% 178 586624.927183
% 179 572782.187768
% 180 560163.966897
% 181 569129.885231
% 182 575687.145870
% 183 558256.194786
% 184 551455.146220
% 185 537454.006440
% 186 553005.214528
% 187 542479.193638
% 188 548829.971623
% 189 552428.073701
% 190 552831.372486
% 191 548945.396231
% 192 565268.319526
% 193 558914.378697
% 194 562665.243267
% 195 560276.208299
% 196 560335.482017
% 197 553367.253686
% 198 551349.465840
% 199 545768.319473
% 200 541482.777271
% 201 542130.062437
% 202 538924.983814
% 203 554096.190127
% 204 548301.175071
% 205 542478.402594
% 206 546909.153694
% 207 528772.621627
% 208 542960.733899
% 209 543479.509477
% 210 550238.433647
% 211 531288.638168
% 212 542954.675587
% 213 552823.318722
% 214 556995.174530
> Finished 214 generations with 3034200 distance calculations. GA Runtime = 130.6798 sec
> Final distance: 528772.621627
> Final Route:
Truck 0 [len = 42]: 0 --> 68 --> 49 --> 75 --> 112 --> 101 --> 143 --> 56 --> 148 --> 114 --> 76 --> 74 --> 71 --> 95 --> 92 --> 129 --> 122 --> 150 --> 149 --> 123 --> 86 --> 137 --> 130 --> 106 --> 83 --> 16 --> 21 --> 24 --> 5 --> 105 --> 79 --> 115 --> 96 --> 111 --> 102 --> 51 --> 33 --> 52 --> 98 --> 113 --> 84 --> 60
Truck 1 [len = 29]: 0 --> 70 --> 64 --> 58 --> 107 --> 66 --> 41 --> 40 --> 88 --> 62 --> 59 --> 55 --> 53 --> 67 --> 141 --> 138 --> 136 --> 103 --> 47 --> 94 --> 80 --> 54 --> 30 --> 37 --> 22 --> 13 --> 7 --> 9 --> 12
Truck 2 [len = 35]: 0 --> 31 --> 1 --> 100 --> 78 --> 73 --> 77 --> 25 --> 23 --> 18 --> 4 --> 29 --> 26 --> 38 --> 32 --> 93 --> 50 --> 72 --> 43 --> 61 --> 99 --> 42 --> 87 --> 81 --> 108 --> 145 --> 144 --> 134 --> 131 --> 124 --> 133 --> 39 --> 8 --> 17 --> 36
Truck 3 [len = 37]: 0 --> 34 --> 90 --> 146 --> 135 --> 119 --> 127 --> 121 --> 139 --> 117 --> 140 --> 116 --> 104 --> 110 --> 63 --> 57 --> 65 --> 142 --> 132 --> 118 --> 91 --> 126 --> 151 --> 89 --> 97 --> 85 --> 82 --> 6 --> 11 --> 28 --> 19 --> 10 --> 20 --> 2 --> 3 --> 27 --> 15
Truck 4 [len = 13]: 0 --> 35 --> 46 --> 14 --> 147 --> 125 --> 44 --> 109 --> 128 --> 120 --> 48 --> 45 --> 69
> Generation - Distance curve saved to fig/pr152_baseline_30_5_1000_100_10_20211216_19_13_47/20211216_19_16_52.png.
