--> Running ID = 10
> Loading cities from instances/pr152.txt
	>> 152 cities in total to be loaded
> 152 cities loaded from instances/pr152.txt
> Initial distance: 988156.463913
> Starting running GA.
	>> cities = 152, salesmen = 5
	>> Generations = 1000, PopulationSize = 100, TournamentSize = 10
# Generation Distance
% 1 970171.648992
% 2 961703.317127
% 3 944090.221332
% 4 930080.460026
% 5 933018.468086
% 6 908566.985744
% 7 913133.713084
% 8 903105.354355
% 9 873974.393185
% 10 873716.627620
% 11 863783.917215
% 12 861952.150705
% 13 847889.799072
% 14 839774.338384
% 15 831384.880068
% 16 813909.360437
% 17 806740.170353
% 18 808555.344265
% 19 787741.558616
% 20 784193.635673
% 21 780577.595175
% 22 772384.822087
% 23 751006.580663
% 24 740702.677230
% 25 744857.059415
% 26 742982.374718
% 27 735986.143881
% 28 743547.738079
% 29 732958.484285
% 30 722356.946584
% 31 721339.889804
% 32 705285.102011
% 33 710557.129824
% 34 722166.640696
% 35 726394.410053
% 36 707741.235171
% 37 693238.996817
% 38 684856.567146
% 39 682321.769146
% 40 674420.431898
% 41 690063.114063
% 42 677187.001557
% 43 676972.428281
% 44 677601.154520
% 45 676030.548437
% 46 669824.519352
% 47 674324.146704
% 48 686279.369055
% 49 684001.611657
% 50 671668.903178
% 51 654955.431874
% 52 653190.434869
% 53 663564.933971
% 54 666947.181596
% 55 655339.639555
% 56 653204.277243
% 57 659087.013003
% 58 645321.566877
% 59 654019.046026
% 60 657458.456254
% 61 656951.567785
% 62 653034.858605
% 63 656094.710169
% 64 642618.369747
% 65 646547.780574
% 66 653132.119232
% 67 662126.746246
% 68 670714.134025
% 69 660582.662055
% 70 660676.687164
% 71 656442.928095
% 72 653658.331055
% 73 660499.193471
% 74 637823.610580
% 75 653324.655127
% 76 652000.038544
% 77 648913.640459
% 78 639455.562825
% 79 642543.613404
% 80 642608.681862
% 81 641504.546123
% 82 647636.090387
% 83 635076.580842
% 84 623947.176460
% 85 629318.421020
% 86 605754.717368
% 87 609702.330990
% 88 614867.514103
% 89 614914.330132
% 90 605113.238313
% 91 588668.628068
% 92 599517.372486
% 93 581523.302726
% 94 580289.874553
% 95 587682.218372
% 96 567542.274250
% 97 564224.163476
% 98 562646.353774
% 99 565385.270031
% 100 581437.280518
% 101 566243.751366
% 102 564891.429399
% 103 580009.479430
% 104 587264.218534
% 105 579510.111471
% 106 574303.559284
% 107 557370.006693
% 108 561841.836948
% 109 562156.689782
% 110 546119.817968
% 111 540666.513344
% 112 526719.858349
% 113 526248.681490
% 114 524321.485952
% 115 529918.960484
% 116 543831.797822
% 117 542336.195473
% 118 549053.233079
% 119 542060.907283
% 120 542078.096413
% 121 541663.743935
% 122 542836.364571
% 123 533562.696520
% 124 544242.746522
% 125 545354.599584
% 126 548320.091584
% 127 537406.704675
% 128 526432.705108
% 129 542651.777150
% 130 540822.494017
% 131 555572.403748
% 132 560480.075519
% 133 566271.314705
% 134 553866.839597
% 135 583290.113312
% 136 573709.177442
% 137 571798.666883
% 138 560903.894828
% 139 569797.311979
% 140 556078.204752
% 141 569994.230700
% 142 560370.443322
% 143 554891.924339
% 144 554925.263736
% 145 563578.368934
% 146 569161.005226
% 147 579721.579641
% 148 571274.438255
% 149 572152.704190
% 150 571149.897906
% 151 568929.160025
% 152 569582.384754
% 153 570901.922240
% 154 562763.332860
% 155 541712.243978
% 156 556738.042936
% 157 553156.306499
% 158 546887.767672
% 159 550264.648961
% 160 561630.551614
% 161 562729.572209
% 162 568817.643359
% 163 558526.116737
% 164 545604.058421
% 165 551467.759112
% 166 558686.371402
% 167 570651.394994
% 168 568964.296880
% 169 578149.505792
% 170 588417.093021
% 171 584512.880497
% 172 584066.349295
% 173 590272.133766
% 174 595685.787348
% 175 591617.900421
% 176 596966.214210
% 177 589695.105362
% 178 590184.000708
% 179 591082.347014
% 180 596178.183867
% 181 598308.091803
% 182 598601.963574
% 183 582541.025270
% 184 592106.794601
% 185 590199.467465
% 186 603218.224022
% 187 602346.769723
% 188 598869.293130
% 189 590825.991830
% 190 603938.523577
% 191 595166.548876
% 192 600458.914653
% 193 576024.676456
% 194 584471.350682
% 195 593031.982758
% 196 582566.468609
% 197 583576.806282
% 198 589563.638046
% 199 592354.863053
% 200 589780.925720
% 201 591910.200104
% 202 587926.360758
% 203 597981.915787
% 204 604388.149836
% 205 594202.539461
% 206 591485.175939
% 207 600297.576394
% 208 594525.951697
% 209 603553.534961
% 210 604156.369287
% 211 611154.947532
% 212 604169.145433
% 213 619632.280812
% 214 607105.084314
> Finished 214 generations with 3038880 distance calculations. GA Runtime = 79.3066 sec
> Final distance: 524321.485952
> Final Route:
Truck 0 [len = 23]: 0 --> 18 --> 11 --> 37 --> 34 --> 83 --> 109 --> 63 --> 101 --> 53 --> 62 --> 103 --> 85 --> 107 --> 56 --> 64 --> 80 --> 68 --> 88 --> 78 --> 90 --> 5 --> 29
Truck 1 [len = 45]: 0 --> 13 --> 6 --> 40 --> 82 --> 61 --> 105 --> 111 --> 8 --> 19 --> 16 --> 7 --> 10 --> 57 --> 58 --> 142 --> 129 --> 139 --> 116 --> 118 --> 134 --> 143 --> 147 --> 133 --> 135 --> 131 --> 52 --> 9 --> 17 --> 22 --> 20 --> 21 --> 28 --> 26 --> 14 --> 12 --> 50 --> 32 --> 45 --> 59 --> 84 --> 60 --> 106 --> 31 --> 33
Truck 2 [len = 42]: 0 --> 3 --> 2 --> 67 --> 98 --> 100 --> 66 --> 35 --> 97 --> 72 --> 99 --> 42 --> 102 --> 51 --> 77 --> 115 --> 128 --> 148 --> 43 --> 79 --> 76 --> 69 --> 96 --> 141 --> 89 --> 39 --> 4 --> 55 --> 86 --> 108 --> 104 --> 81 --> 49 --> 70 --> 93 --> 122 --> 126 --> 145 --> 41 --> 36 --> 15 --> 1
Truck 3 [len = 24]: 0 --> 48 --> 140 --> 136 --> 137 --> 132 --> 27 --> 30 --> 38 --> 23 --> 25 --> 24 --> 65 --> 71 --> 44 --> 95 --> 92 --> 125 --> 87 --> 74 --> 114 --> 46 --> 73 --> 113
Truck 4 [len = 22]: 0 --> 130 --> 146 --> 127 --> 124 --> 94 --> 91 --> 47 --> 54 --> 120 --> 123 --> 150 --> 149 --> 110 --> 117 --> 138 --> 112 --> 119 --> 144 --> 121 --> 151 --> 75
> Generation - Distance curve saved to fig/pr152_baseline_30_5_1000_100_10_20211216_19_13_47/20211216_19_27_47.png.
