--> Running ID = 26
> Loading cities from instances/pr152.txt
	>> 152 cities in total to be loaded
> 152 cities loaded from instances/pr152.txt
> Initial distance: 992051.558538
> Starting running GA.
	>> cities = 152, salesmen = 5
	>> Generations = 1000, PopulationSize = 100, TournamentSize = 10
# Generation Distance
% 1 969251.275444
% 2 952545.097173
% 3 949955.101166
% 4 937427.416299
% 5 918505.605687
% 6 893188.667734
% 7 900444.550440
% 8 906019.444035
% 9 885718.805557
% 10 883119.557689
% 11 872207.568766
% 12 873959.309747
% 13 854257.260781
% 14 846828.646722
% 15 853602.264185
% 16 848685.461282
% 17 828508.920450
% 18 831808.378250
% 19 834430.825877
% 20 819646.613385
% 21 807246.482380
% 22 806903.089194
% 23 788418.268013
% 24 783940.595867
% 25 782813.196383
% 26 790662.167510
% 27 757531.720797
% 28 741756.717588
% 29 738426.628428
% 30 745931.133654
% 31 737794.015867
% 32 733845.404751
% 33 725327.202661
% 34 719076.214531
% 35 723422.851293
% 36 714036.127486
% 37 715134.152041
% 38 708694.752600
% 39 703473.287710
% 40 709274.302671
% 41 694715.850050
% 42 685451.147790
% 43 693098.337582
% 44 704578.238645
% 45 697820.903666
% 46 711135.518027
% 47 690074.443191
% 48 690868.229714
% 49 684861.355728
% 50 687098.287707
% 51 674563.133259
% 52 662741.382607
% 53 662451.684198
% 54 668748.495284
% 55 657318.561467
% 56 649678.017801
% 57 648927.933721
% 58 639671.429191
% 59 658517.414373
% 60 662313.761872
% 61 658976.143131
% 62 649948.859398
% 63 658278.472594
% 64 654452.007408
% 65 659643.016855
% 66 656114.875131
% 67 654085.171598
% 68 648016.370194
% 69 655393.909944
% 70 653516.531521
% 71 644408.537874
% 72 640848.046683
% 73 635705.144177
% 74 646663.205535
% 75 638609.806813
% 76 641512.725708
% 77 637458.678585
% 78 629937.431378
% 79 635694.888169
% 80 637979.860559
% 81 646434.951590
% 82 620651.413827
% 83 602795.179099
% 84 618940.741669
% 85 588671.441334
% 86 592480.374515
% 87 593014.422488
% 88 586101.814855
% 89 589847.295769
% 90 590297.029122
% 91 602088.776275
% 92 597354.120042
% 93 597650.042159
% 94 598011.378779
% 95 595466.702513
% 96 615179.273680
% 97 603484.682415
% 98 625276.929603
% 99 598608.186216
% 100 614604.439126
% 101 619793.953052
% 102 609289.443397
% 103 609503.278704
% 104 614839.905095
% 105 623010.145455
% 106 593511.240009
% 107 612812.294083
% 108 610997.803330
% 109 596876.345176
% 110 588466.648200
% 111 590635.149736
% 112 575603.893507
% 113 585926.534261
% 114 576954.218023
% 115 581693.696493
% 116 570524.173460
% 117 572624.255101
% 118 583032.458652
% 119 568578.603848
% 120 584569.235180
% 121 578459.929879
% 122 574056.493629
% 123 584843.166216
% 124 583998.300893
% 125 593108.850492
% 126 599871.554127
% 127 591458.637112
% 128 588979.726924
% 129 597317.437061
% 130 602089.289981
% 131 593787.612933
% 132 587189.856350
% 133 593183.862492
% 134 590958.091339
% 135 591115.941453
% 136 591488.953110
% 137 591059.545186
% 138 593215.931888
% 139 579178.279986
% 140 583989.327057
% 141 586988.406381
% 142 585502.002919
% 143 593850.472307
% 144 585039.465633
% 145 593045.382811
% 146 589544.702878
% 147 594288.910594
% 148 575923.121416
% 149 572910.640022
% 150 587823.306187
% 151 580718.479106
% 152 580424.449453
% 153 566990.011330
% 154 557555.248891
% 155 568214.156814
% 156 554689.538491
% 157 553663.111206
% 158 564965.744504
% 159 566683.135978
% 160 558369.619269
% 161 569816.240413
% 162 571223.766774
% 163 568744.566453
% 164 571529.084118
% 165 562767.130951
% 166 561349.236448
% 167 570023.245347
% 168 573728.440485
% 169 569921.676669
% 170 572867.669051
% 171 572740.702029
% 172 571825.656918
% 173 576178.015328
% 174 572316.214840
% 175 574101.845533
% 176 565122.088573
% 177 563978.172416
% 178 565130.369356
% 179 568687.440421
% 180 563139.853354
% 181 565168.859979
% 182 572212.625618
% 183 581869.993589
% 184 575646.754513
% 185 564477.200934
% 186 564632.070231
% 187 561893.043303
% 188 556573.717409
% 189 550994.388250
% 190 563772.080299
% 191 579168.042526
% 192 568814.991746
% 193 569636.609551
% 194 562472.239531
% 195 566521.465312
% 196 561504.917919
% 197 566544.778939
% 198 566392.900987
% 199 567793.037378
% 200 561049.225023
% 201 566355.788701
% 202 577176.271990
% 203 587545.562182
% 204 581553.197626
% 205 577696.255830
% 206 582983.420123
% 207 586369.960127
% 208 594344.494345
% 209 599596.941059
% 210 583305.199248
% 211 582049.455454
% 212 581921.361780
% 213 585804.605414
% 214 593236.212944
> Finished 214 generations with 3036384 distance calculations. GA Runtime = 82.0266 sec
> Final distance: 550994.388250
> Final Route:
Truck 0 [len = 24]: 0 --> 123 --> 132 --> 58 --> 70 --> 20 --> 12 --> 11 --> 4 --> 36 --> 25 --> 29 --> 35 --> 96 --> 103 --> 59 --> 108 --> 87 --> 104 --> 84 --> 105 --> 64 --> 69 --> 52
Truck 1 [len = 31]: 0 --> 37 --> 24 --> 102 --> 100 --> 65 --> 6 --> 138 --> 142 --> 144 --> 133 --> 113 --> 146 --> 114 --> 72 --> 46 --> 94 --> 71 --> 136 --> 145 --> 134 --> 117 --> 99 --> 112 --> 122 --> 118 --> 139 --> 83 --> 62 --> 106 --> 28
Truck 2 [len = 47]: 0 --> 31 --> 47 --> 110 --> 60 --> 109 --> 101 --> 111 --> 41 --> 19 --> 7 --> 17 --> 8 --> 1 --> 34 --> 55 --> 95 --> 150 --> 130 --> 147 --> 126 --> 148 --> 151 --> 149 --> 89 --> 77 --> 74 --> 50 --> 115 --> 127 --> 128 --> 120 --> 131 --> 92 --> 93 --> 56 --> 61 --> 45 --> 68 --> 53 --> 42 --> 9 --> 27 --> 2 --> 23 --> 21 --> 18
Truck 3 [len = 12]: 0 --> 22 --> 79 --> 26 --> 5 --> 75 --> 86 --> 66 --> 43 --> 85 --> 80 --> 38
Truck 4 [len = 42]: 0 --> 30 --> 3 --> 67 --> 57 --> 82 --> 107 --> 63 --> 119 --> 143 --> 140 --> 116 --> 129 --> 121 --> 98 --> 97 --> 81 --> 10 --> 48 --> 91 --> 51 --> 49 --> 54 --> 16 --> 39 --> 32 --> 88 --> 78 --> 73 --> 44 --> 125 --> 124 --> 141 --> 137 --> 40 --> 135 --> 76 --> 90 --> 14 --> 33 --> 13 --> 15
> Generation - Distance curve saved to fig/pr152_baseline_30_5_1000_100_10_20211216_19_13_47/20211216_19_50_43.png.
