--> Running ID = 12
> Loading cities from instances/pr152.txt
	>> 152 cities in total to be loaded
> 152 cities loaded from instances/pr152.txt
> Initial distance: 1021256.827199
> Starting running GA.
	>> cities = 152, salesmen = 5
	>> Generations = 1000, PopulationSize = 100, TournamentSize = 10
# Generation Distance
% 1 996901.993414
% 2 987720.018893
% 3 954696.832416
% 4 947235.617837
% 5 931820.652873
% 6 929189.622205
% 7 924853.639590
% 8 907234.739034
% 9 894720.823537
% 10 892826.895295
% 11 889778.567528
% 12 884414.318185
% 13 873017.054881
% 14 855249.919315
% 15 844326.979523
% 16 846395.967252
% 17 840476.124666
% 18 834212.734439
% 19 823252.154775
% 20 806559.858410
% 21 807263.153173
% 22 804615.032959
% 23 806255.778986
% 24 807867.257833
% 25 803276.068324
% 26 792307.005216
% 27 790699.274868
% 28 783058.335662
% 29 774610.844169
% 30 766389.668257
% 31 755915.439306
% 32 760295.835581
% 33 760597.341144
% 34 761410.541702
% 35 757253.747581
% 36 754592.093146
% 37 763895.662708
% 38 767761.891032
% 39 764721.703596
% 40 744244.099754
% 41 749578.491637
% 42 753941.680727
% 43 742923.587013
% 44 729070.123725
% 45 727662.815401
% 46 710750.596981
% 47 695281.709691
% 48 700240.668143
% 49 696595.448799
% 50 690879.106160
% 51 678418.702525
% 52 685332.055893
% 53 672851.327602
% 54 660490.008507
% 55 653253.474476
% 56 673625.895714
% 57 674998.448983
% 58 674696.682357
% 59 668978.684451
% 60 671460.165288
% 61 674596.327942
% 62 661934.278063
% 63 676222.532158
% 64 667683.832124
% 65 653943.495141
% 66 646226.551119
% 67 660280.717892
% 68 666212.062660
% 69 653608.062598
% 70 664029.885617
% 71 650105.593124
% 72 653975.693696
% 73 647899.050945
% 74 643591.802968
% 75 636070.520806
% 76 618580.608696
% 77 621289.972643
% 78 629262.507502
% 79 611274.574120
% 80 625501.045650
% 81 606290.878533
% 82 615865.782056
% 83 622582.499176
% 84 617533.324036
% 85 610423.567074
% 86 612522.858146
% 87 612930.363549
% 88 621560.308999
% 89 625505.018084
% 90 611088.350463
% 91 609719.177839
% 92 592614.406619
% 93 588054.862490
% 94 593464.684157
% 95 594377.585739
% 96 604337.611260
% 97 618223.948931
% 98 614652.737373
% 99 605952.239795
% 100 607327.477736
% 101 599567.405094
% 102 608249.575462
% 103 595702.753079
% 104 594094.889842
% 105 614502.160680
% 106 598040.851802
% 107 602387.445235
% 108 602443.153796
% 109 589172.605433
% 110 607339.309746
% 111 604239.951316
% 112 589294.170470
% 113 597135.611852
% 114 583555.739357
% 115 574365.100839
% 116 590558.946204
% 117 583775.220609
% 118 592355.801335
% 119 583233.293942
% 120 583706.854437
% 121 600328.712926
% 122 605820.898791
% 123 583218.725090
% 124 590594.154001
% 125 587799.523910
% 126 587463.862483
% 127 582663.806621
% 128 584752.636995
% 129 562971.319961
% 130 569580.330890
% 131 570025.722679
% 132 570986.377453
% 133 580255.680820
% 134 584204.664535
% 135 589628.832726
% 136 577487.416538
% 137 584813.431440
% 138 577138.988548
% 139 569584.992999
% 140 591925.158113
% 141 591939.678895
% 142 595456.700238
% 143 594006.163534
% 144 577803.777218
% 145 557073.945646
% 146 558286.711416
% 147 559512.438859
% 148 579451.611668
% 149 568136.775578
% 150 567046.815698
% 151 556776.072402
% 152 568252.233456
% 153 573034.280177
% 154 573136.867669
% 155 564696.690370
% 156 567161.049678
% 157 576594.365397
% 158 575994.911349
% 159 569168.768206
% 160 568251.186991
% 161 575769.554381
% 162 585783.948265
% 163 595314.753327
% 164 575870.633752
% 165 580655.703761
% 166 570160.989964
% 167 575226.226584
% 168 571037.697304
% 169 555454.176986
% 170 569794.990011
% 171 543635.970914
% 172 552658.755293
% 173 556211.374980
% 174 533591.966867
% 175 555171.866605
% 176 570136.054000
% 177 565580.254514
% 178 577439.052927
% 179 568348.419181
% 180 570788.197849
% 181 567134.031787
% 182 557831.945098
% 183 542881.186988
% 184 528662.543417
% 185 537489.765846
% 186 543515.541074
% 187 543202.431379
% 188 540495.043137
% 189 558822.860610
% 190 560899.751216
% 191 568955.813129
% 192 583703.412581
% 193 586072.356718
% 194 595828.282129
% 195 592609.836639
% 196 581564.245507
% 197 581838.656145
% 198 600981.345294
% 199 593965.210153
% 200 595001.006451
% 201 584932.276352
% 202 592627.817732
% 203 594684.105717
% 204 600984.033657
% 205 598461.211104
% 206 600277.940634
% 207 591602.325294
% 208 591783.577642
% 209 590150.566522
% 210 599015.873357
% 211 605310.476694
% 212 603129.092233
% 213 599792.027078
% 214 598785.523275
> Finished 214 generations with 3037788 distance calculations. GA Runtime = 81.4026 sec
> Final distance: 528662.543417
> Final Route:
Truck 0 [len = 26]: 0 --> 12 --> 11 --> 64 --> 137 --> 136 --> 128 --> 123 --> 116 --> 139 --> 125 --> 149 --> 146 --> 138 --> 140 --> 59 --> 43 --> 54 --> 114 --> 37 --> 13 --> 10 --> 15 --> 36 --> 34 --> 1
Truck 1 [len = 34]: 0 --> 127 --> 126 --> 129 --> 148 --> 144 --> 99 --> 112 --> 63 --> 103 --> 101 --> 23 --> 27 --> 4 --> 20 --> 22 --> 30 --> 88 --> 66 --> 62 --> 106 --> 102 --> 96 --> 60 --> 39 --> 24 --> 134 --> 131 --> 90 --> 97 --> 61 --> 72 --> 32 --> 35
Truck 2 [len = 37]: 0 --> 3 --> 38 --> 21 --> 19 --> 67 --> 70 --> 109 --> 80 --> 79 --> 69 --> 53 --> 115 --> 121 --> 120 --> 135 --> 117 --> 143 --> 118 --> 130 --> 145 --> 113 --> 74 --> 48 --> 50 --> 89 --> 100 --> 57 --> 42 --> 7 --> 16 --> 41 --> 25 --> 5 --> 18 --> 2 --> 29
Truck 3 [len = 25]: 0 --> 26 --> 9 --> 85 --> 44 --> 71 --> 65 --> 49 --> 73 --> 95 --> 122 --> 150 --> 40 --> 94 --> 92 --> 77 --> 151 --> 76 --> 132 --> 133 --> 147 --> 110 --> 28 --> 33 --> 14
Truck 4 [len = 34]: 0 --> 31 --> 58 --> 86 --> 83 --> 17 --> 6 --> 8 --> 91 --> 124 --> 141 --> 142 --> 119 --> 84 --> 108 --> 81 --> 82 --> 107 --> 98 --> 55 --> 105 --> 87 --> 68 --> 104 --> 111 --> 56 --> 78 --> 52 --> 47 --> 93 --> 75 --> 46 --> 45 --> 51
> Generation - Distance curve saved to fig/pr152_baseline_30_5_1000_100_10_20211216_19_13_47/20211216_19_30_31.png.
