--> Running ID = 1
> Loading cities from instances/pr76.txt
	>> 76 cities in total to be loaded
> 76 cities loaded from instances/pr76.txt
> Initial distance: 539818.274342
> Starting running GA.
	>> cities = 76, salesmen = 5
	>> Generations = 1000, PopulationSize = 100, TournamentSize = 10
# Generation Distance
% 1 530823.600219
% 2 515348.375141
% 3 511468.531368
% 4 512314.415005
% 5 494438.378786
% 6 497279.392024
% 7 497984.873932
% 8 488763.586825
% 9 484512.514395
% 10 470246.330292
% 11 467111.089519
% 12 463374.688340
% 13 439280.032841
% 14 451406.145133
% 15 442179.775043
% 16 435924.051017
% 17 441005.907319
% 18 441356.749189
% 19 430259.183221
% 20 416886.293694
% 21 423659.988194
% 22 411760.814959
% 23 417317.962697
% 24 405607.950288
% 25 407040.480829
% 26 398040.535550
% 27 414448.879626
% 28 407869.028820
% 29 405553.203102
% 30 396800.604602
% 31 398477.321511
% 32 395790.704144
% 33 377965.002698
% 34 383508.438676
% 35 388800.967984
% 36 385327.225981
% 37 381798.248973
% 38 383180.984059
% 39 395610.820865
% 40 376910.230382
% 41 386287.032526
% 42 400822.650251
% 43 380782.427730
% 44 378578.889637
% 45 358448.498008
% 46 367009.414132
% 47 372775.150368
% 48 380698.592664
% 49 368206.011077
% 50 367481.530798
% 51 366973.715843
% 52 366574.488004
% 53 362035.856801
% 54 350773.009487
% 55 361727.292448
% 56 355542.996502
% 57 348354.069593
% 58 342419.548507
% 59 350325.491945
% 60 353149.943882
% 61 345795.821743
% 62 350062.992597
% 63 360281.552258
% 64 364718.522519
% 65 363181.007961
% 66 372722.537046
% 67 368997.545820
% 68 358679.172456
% 69 363389.152190
% 70 364711.347968
% 71 366069.802520
% 72 365555.707107
% 73 373601.451933
% 74 366687.954453
% 75 368134.277933
% 76 361429.635522
% 77 372846.839930
% 78 378665.520944
% 79 381151.655689
% 80 375661.266185
% 81 373194.143600
% 82 381565.827589
% 83 371244.563866
% 84 373263.103258
% 85 383870.589693
% 86 384075.709227
% 87 391376.401890
% 88 394435.354394
% 89 384156.814060
% 90 404498.096168
% 91 392224.939952
% 92 400191.981170
% 93 394386.432034
% 94 389511.489449
% 95 386492.853711
% 96 395085.600399
% 97 391594.494944
% 98 404677.886068
% 99 387380.848568
% 100 402150.900499
% 101 400100.676464
% 102 397307.301982
% 103 390137.365002
% 104 382965.290397
% 105 391227.315574
% 106 397349.237225
% 107 400738.070434
% 108 400190.887968
% 109 402929.514639
% 110 388820.560742
% 111 384864.347041
% 112 400256.115096
% 113 401439.691132
% 114 400840.394078
% 115 398121.759181
% 116 403935.494119
% 117 412220.389238
% 118 396196.700166
% 119 403027.763668
% 120 401475.165315
% 121 386079.298623
% 122 388010.600206
% 123 388131.484662
% 124 373247.981838
% 125 386169.291131
% 126 383249.638084
% 127 391339.717860
% 128 388569.784295
% 129 391472.047132
% 130 386673.427297
% 131 365373.133450
% 132 382132.460555
% 133 384786.992917
% 134 381240.316683
% 135 386274.312159
% 136 385422.003041
% 137 388386.867072
% 138 383586.898363
% 139 395783.106111
% 140 372883.398607
% 141 389826.141555
% 142 384479.486996
% 143 379913.015166
% 144 366742.639735
% 145 370505.043517
% 146 375409.630193
% 147 370447.497945
% 148 381496.804447
% 149 375014.306498
% 150 386684.331121
% 151 373562.338737
% 152 383464.000868
% 153 383447.856575
% 154 381509.265688
% 155 377216.480057
% 156 372460.801846
% 157 342688.122834
% 158 349738.331628
% 159 361859.648959
% 160 370146.762377
% 161 376137.815331
% 162 378739.797840
% 163 375040.738176
% 164 388411.323869
% 165 388720.384303
% 166 396458.672558
% 167 400364.663451
% 168 390409.748579
% 169 390601.804314
% 170 404187.131314
% 171 406177.906000
% 172 405184.957231
% 173 403881.743121
% 174 403047.666279
% 175 391186.530108
% 176 399753.706511
% 177 398957.080056
% 178 387327.423829
% 179 397458.589303
% 180 398780.496118
% 181 384271.361219
% 182 386290.614384
% 183 394950.932280
% 184 386333.320495
% 185 383268.908708
% 186 395908.183727
% 187 388920.716646
% 188 395384.687393
% 189 389565.588387
% 190 380255.358406
% 191 373371.657131
% 192 367987.748879
% 193 362094.232887
% 194 378232.170990
% 195 361768.938334
% 196 374653.550876
% 197 369175.748656
% 198 373999.560168
% 199 375093.577268
% 200 377542.221450
% 201 370620.398681
% 202 374886.893445
% 203 369834.452839
% 204 364637.034086
% 205 372159.601744
% 206 378586.245560
% 207 381458.612924
% 208 360751.272363
> Finished 208 generations with 1514000 distance calculations. GA Runtime = 28.4454 sec
> Final distance: 342419.548507
> Final Route:
Truck 0 [len = 12]: 0 --> 45 --> 34 --> 47 --> 64 --> 52 --> 61 --> 18 --> 30 --> 28 --> 29 --> 23
Truck 1 [len = 20]: 0 --> 9 --> 63 --> 72 --> 69 --> 46 --> 68 --> 66 --> 67 --> 26 --> 42 --> 3 --> 74 --> 21 --> 2 --> 15 --> 8 --> 11 --> 4 --> 1
Truck 2 [len = 17]: 0 --> 7 --> 5 --> 6 --> 16 --> 39 --> 56 --> 49 --> 54 --> 65 --> 41 --> 51 --> 50 --> 58 --> 53 --> 55 --> 71
Truck 3 [len = 13]: 0 --> 24 --> 22 --> 43 --> 44 --> 48 --> 20 --> 75 --> 12 --> 13 --> 17 --> 36 --> 14
Truck 4 [len = 18]: 0 --> 73 --> 10 --> 33 --> 37 --> 35 --> 31 --> 32 --> 27 --> 57 --> 38 --> 40 --> 60 --> 62 --> 70 --> 59 --> 25 --> 19
> Generation - Distance curve saved to fig/pr76_baseline_30_5_1000_100_10_20211216_17_32_14/20211216_17_32_15.png.
