--> Running ID = 10
> Loading cities from instances/pr76.txt
	>> 76 cities in total to be loaded
> 76 cities loaded from instances/pr76.txt
> Initial distance: 559835.189862
> Starting running GA.
	>> cities = 76, salesmen = 5
	>> Generations = 1000, PopulationSize = 100, TournamentSize = 10
# Generation Distance
% 1 533273.204805
% 2 533009.575992
% 3 528694.880862
% 4 505214.017556
% 5 491982.791669
% 6 476677.904972
% 7 480586.945274
% 8 467675.616390
% 9 444612.122005
% 10 458513.005663
% 11 447027.850284
% 12 441921.825206
% 13 425295.137934
% 14 429447.168328
% 15 423726.266186
% 16 415683.905646
% 17 425258.058551
% 18 417611.229533
% 19 422143.997678
% 20 419500.422275
% 21 414698.684429
% 22 414958.054658
% 23 416535.497457
% 24 406531.857273
% 25 408223.361543
% 26 398043.299013
% 27 393454.775089
% 28 391417.469052
% 29 388485.451872
% 30 392948.311149
% 31 386676.141364
% 32 383056.695091
% 33 386065.351652
% 34 387711.195904
% 35 385505.861619
% 36 377363.058188
% 37 368088.743416
% 38 366088.842795
% 39 361603.738005
% 40 370567.858734
% 41 373745.926609
% 42 357300.986405
% 43 355524.798020
% 44 350431.784619
% 45 365211.214417
% 46 360130.646027
% 47 352816.573876
% 48 353202.310432
% 49 368093.982178
% 50 366751.125416
% 51 364513.378590
% 52 360395.232842
% 53 382274.619861
% 54 377678.058860
% 55 384636.849237
% 56 386243.819883
% 57 384834.759898
% 58 392863.999403
% 59 386441.859672
% 60 389963.625662
% 61 380146.535267
% 62 380511.694137
% 63 376692.522124
% 64 382504.413453
% 65 368274.515817
% 66 384183.155415
% 67 388145.275252
% 68 380305.082789
% 69 381058.642471
% 70 389046.797381
% 71 386696.539915
% 72 375516.341047
% 73 367766.120464
% 74 377997.448059
% 75 375054.546263
% 76 376716.799406
% 77 381785.728999
% 78 376573.026607
% 79 368388.618634
% 80 380795.547440
% 81 381800.915521
% 82 373305.674303
% 83 380590.308939
% 84 365904.359820
% 85 366772.241512
% 86 367318.815286
% 87 360921.152865
% 88 352883.877832
% 89 358169.335981
% 90 362197.942392
% 91 354568.012833
% 92 358861.140940
% 93 353638.438770
% 94 356190.960165
% 95 370414.206226
% 96 371124.514000
% 97 361265.883943
% 98 369716.997178
% 99 365017.843808
% 100 352896.821785
% 101 376306.701424
% 102 369710.192610
% 103 376961.589322
% 104 384578.398611
% 105 368817.757547
% 106 393374.402414
% 107 374825.700744
% 108 379602.662151
% 109 372616.711688
% 110 365268.031686
% 111 358938.876339
% 112 382752.834042
% 113 378126.917555
% 114 382322.397118
% 115 380651.693710
% 116 387604.095299
% 117 389271.265109
% 118 385756.843859
% 119 389263.184355
% 120 379025.053290
% 121 388424.649293
% 122 393485.671402
% 123 401580.817634
% 124 396480.406496
% 125 396943.909530
% 126 394494.350959
% 127 403283.928520
% 128 382787.439767
% 129 398574.508214
% 130 393160.816642
% 131 393253.131445
% 132 388247.082567
% 133 396936.842670
% 134 388695.344346
% 135 395305.338492
% 136 402909.779435
% 137 396961.922711
% 138 398822.447568
% 139 394663.380512
% 140 402759.303963
% 141 383282.971152
% 142 396213.153797
% 143 389684.836342
% 144 380253.914173
% 145 378605.186242
% 146 380891.875506
% 147 382106.982989
% 148 384164.509529
% 149 376043.905460
% 150 361730.140144
% 151 372436.705337
% 152 376294.935636
% 153 371238.323256
% 154 378337.521498
% 155 377042.091480
% 156 389589.851987
% 157 396321.401061
% 158 392209.527346
% 159 390682.888043
% 160 361595.292188
% 161 381775.640308
% 162 373414.689432
% 163 379534.425261
% 164 355826.316950
% 165 362556.260491
% 166 370523.766704
% 167 372900.811248
% 168 368728.145288
% 169 364939.104684
% 170 363600.368108
% 171 378958.455982
% 172 363584.955186
% 173 362260.833763
% 174 375541.563301
% 175 377873.617529
% 176 357369.928757
% 177 351504.749888
% 178 350944.695768
% 179 357930.343529
% 180 360729.165542
% 181 373299.588464
% 182 368271.708486
% 183 363444.267287
% 184 372085.334853
% 185 377676.832966
% 186 354381.572572
% 187 361971.757927
% 188 369640.624276
% 189 361820.736919
% 190 361845.053263
% 191 366901.729966
% 192 364531.992844
% 193 363494.478803
% 194 363338.016485
% 195 347413.166387
% 196 345329.002675
% 197 363003.653757
% 198 373266.422770
% 199 376424.321317
% 200 373721.992301
% 201 374253.460185
% 202 385730.131808
% 203 364666.025244
% 204 360553.202716
% 205 350790.627279
% 206 363687.028579
% 207 362191.914135
% 208 356573.693161
> Finished 208 generations with 1515680 distance calculations. GA Runtime = 29.0145 sec
> Final distance: 345329.002675
> Final Route:
Truck 0 [len = 11]: 0 --> 8 --> 35 --> 17 --> 37 --> 39 --> 57 --> 59 --> 18 --> 74 --> 75
Truck 1 [len = 21]: 0 --> 22 --> 27 --> 66 --> 67 --> 69 --> 68 --> 44 --> 47 --> 16 --> 12 --> 56 --> 40 --> 58 --> 62 --> 61 --> 54 --> 24 --> 21 --> 25 --> 20
Truck 2 [len = 19]: 0 --> 7 --> 2 --> 26 --> 52 --> 55 --> 64 --> 65 --> 51 --> 1 --> 46 --> 42 --> 72 --> 63 --> 70 --> 71 --> 60 --> 19 --> 30
Truck 3 [len = 16]: 0 --> 41 --> 33 --> 53 --> 49 --> 48 --> 15 --> 73 --> 6 --> 10 --> 32 --> 36 --> 38 --> 50 --> 45 --> 23
Truck 4 [len = 13]: 0 --> 29 --> 31 --> 43 --> 3 --> 28 --> 14 --> 11 --> 34 --> 13 --> 9 --> 5 --> 4
> Generation - Distance curve saved to fig/pr76_baseline_30_5_1000_100_10_20211216_17_32_14/20211216_17_37_04.png.
