--> Running ID = 5
> Loading cities from instances/pr76.txt
	>> 76 cities in total to be loaded
> 76 cities loaded from instances/pr76.txt
> Initial distance: 535484.707562
> Starting running GA.
	>> cities = 76, salesmen = 5
	>> Generations = 1000, PopulationSize = 100, TournamentSize = 10
# Generation Distance
% 1 559394.347499
% 2 537478.146688
% 3 536771.419027
% 4 521515.928060
% 5 516194.423782
% 6 510850.121922
% 7 487572.151995
% 8 487256.474545
% 9 490632.759217
% 10 488171.966077
% 11 494969.074648
% 12 486230.069947
% 13 494603.039037
% 14 488654.802034
% 15 479108.130871
% 16 466601.821436
% 17 470635.502847
% 18 460040.347179
% 19 450681.628030
% 20 463424.437863
% 21 454226.812994
% 22 448102.568184
% 23 435909.562985
% 24 445217.867939
% 25 434020.953047
% 26 436219.524642
% 27 426932.184090
% 28 425516.520076
% 29 415076.928720
% 30 425655.394817
% 31 425474.591983
% 32 424467.459915
% 33 431768.165504
% 34 418580.890961
% 35 430165.714016
% 36 407267.238046
% 37 398599.124902
% 38 402084.699749
% 39 389135.882999
% 40 383031.122972
% 41 394069.447636
% 42 395878.757700
% 43 396642.394629
% 44 390875.193474
% 45 395204.894996
% 46 397419.805938
% 47 396021.764839
% 48 390755.929246
% 49 395767.669181
% 50 385333.556692
% 51 377795.190161
% 52 379590.087887
% 53 376441.426239
% 54 384621.532308
% 55 381967.715692
% 56 375962.741368
% 57 387754.831458
% 58 386974.464507
% 59 380180.027551
% 60 385914.831350
% 61 364338.116090
% 62 378131.846401
% 63 381272.423480
% 64 380229.332757
% 65 393822.201074
% 66 391752.402848
% 67 369934.483579
% 68 380481.329817
% 69 382921.181368
% 70 386668.801480
% 71 374900.984947
% 72 384533.912428
% 73 397487.279499
% 74 376439.666879
% 75 388821.868692
% 76 378215.288282
% 77 386421.650149
% 78 375419.267737
% 79 388214.543956
% 80 371866.376723
% 81 377598.665460
% 82 364325.309809
% 83 361171.572430
% 84 367695.327438
% 85 376564.032668
% 86 365646.761102
% 87 371340.260615
% 88 365172.414914
% 89 364118.194933
% 90 371758.215455
% 91 376379.440859
% 92 361765.738822
% 93 356823.763914
% 94 371448.071217
% 95 365116.346416
% 96 361539.457450
% 97 356497.221851
% 98 354399.960535
% 99 361931.243630
% 100 357232.580083
% 101 347852.839200
% 102 347595.170512
% 103 346319.278165
% 104 345612.003816
% 105 361626.929826
% 106 370607.718973
% 107 359629.835476
% 108 361300.902671
% 109 347832.169283
% 110 362174.114949
% 111 363487.427524
% 112 361516.147559
% 113 360915.768416
% 114 343356.847372
% 115 347379.411110
% 116 352805.462464
% 117 343293.735455
% 118 334488.878051
% 119 330967.295554
% 120 330362.518589
% 121 330236.944239
% 122 340320.539929
% 123 340587.400531
% 124 338711.510503
% 125 331381.744735
% 126 346085.028191
% 127 339392.477348
% 128 339744.625568
% 129 346217.612308
% 130 350515.931897
% 131 341887.122876
% 132 361353.768193
% 133 346927.247854
% 134 357563.300805
% 135 360717.133740
% 136 361653.578616
% 137 361470.046755
% 138 358932.009074
% 139 362795.409551
% 140 357653.040916
% 141 342228.006074
% 142 351369.410340
% 143 355094.846309
% 144 353442.445579
% 145 360296.506927
% 146 349376.865223
% 147 351323.535144
% 148 350646.782096
% 149 354277.048438
% 150 368456.638010
% 151 365578.474003
% 152 369778.592804
% 153 373619.754070
% 154 363571.669450
% 155 370638.461078
% 156 372710.729047
% 157 367729.792594
% 158 365102.404896
% 159 376616.086564
% 160 372715.448755
% 161 378453.735538
% 162 375781.006964
% 163 374171.713433
% 164 361804.150169
% 165 378013.182546
% 166 379273.894816
% 167 365908.718734
% 168 374360.928360
% 169 373043.025278
% 170 365299.805545
% 171 379305.553142
% 172 379584.117840
% 173 377966.931807
% 174 379100.692916
% 175 386594.330635
% 176 385261.068219
% 177 382842.493042
% 178 379924.234425
% 179 377996.939260
% 180 385930.389242
% 181 372664.937932
% 182 368387.983182
% 183 364226.869743
% 184 360911.879228
% 185 350344.588445
% 186 346919.135631
% 187 356868.614642
% 188 356197.318107
% 189 359062.066283
% 190 353544.034776
% 191 351743.105440
% 192 348773.621193
% 193 360158.348523
% 194 346715.057494
% 195 347110.057068
% 196 353420.447228
% 197 362331.039599
% 198 344715.640504
% 199 354744.683845
% 200 351186.804616
% 201 360546.457102
% 202 362560.458767
% 203 361306.375083
% 204 366450.610878
% 205 369950.050176
% 206 359350.758651
% 207 345457.850881
% 208 354105.159077
> Finished 208 generations with 1514560 distance calculations. GA Runtime = 28.5772 sec
> Final distance: 330236.944239
> Final Route:
Truck 0 [len = 15]: 0 --> 12 --> 39 --> 35 --> 14 --> 73 --> 11 --> 15 --> 36 --> 60 --> 59 --> 57 --> 41 --> 33 --> 52
Truck 1 [len = 19]: 0 --> 68 --> 46 --> 66 --> 55 --> 65 --> 50 --> 61 --> 49 --> 28 --> 6 --> 64 --> 51 --> 45 --> 44 --> 47 --> 43 --> 74 --> 1
Truck 2 [len = 10]: 0 --> 38 --> 17 --> 16 --> 10 --> 31 --> 19 --> 7 --> 5 --> 2
Truck 3 [len = 23]: 0 --> 24 --> 25 --> 26 --> 37 --> 32 --> 58 --> 70 --> 72 --> 71 --> 63 --> 62 --> 30 --> 4 --> 3 --> 18 --> 75 --> 53 --> 40 --> 21 --> 20 --> 42 --> 48
Truck 4 [len = 13]: 0 --> 23 --> 27 --> 29 --> 34 --> 54 --> 69 --> 67 --> 56 --> 9 --> 13 --> 8 --> 22
> Generation - Distance curve saved to fig/pr76_baseline_30_5_1000_100_10_20211216_17_32_14/20211216_17_34_24.png.
