--> Running ID = 17
> Loading cities from instances/pr76.txt
	>> 76 cities in total to be loaded
> 76 cities loaded from instances/pr76.txt
> Initial distance: 557074.741861
> Starting running GA.
	>> cities = 76, salesmen = 5
	>> Generations = 1000, PopulationSize = 100, TournamentSize = 10
# Generation Distance
% 1 542374.061417
% 2 533887.018570
% 3 538718.906506
% 4 513209.485818
% 5 502106.570911
% 6 511560.735144
% 7 492296.115840
% 8 497838.960714
% 9 492355.986469
% 10 474612.095009
% 11 464977.072566
% 12 461826.889254
% 13 472855.831900
% 14 465014.098960
% 15 445539.313924
% 16 441035.916613
% 17 441981.233995
% 18 442739.539306
% 19 441555.588403
% 20 429565.077043
% 21 438367.568409
% 22 448548.784828
% 23 431467.124732
% 24 437031.775093
% 25 434771.259141
% 26 442470.924820
% 27 431972.224693
% 28 448013.785734
% 29 436337.970955
% 30 427089.161043
% 31 420611.812472
% 32 414053.274389
% 33 423961.395437
% 34 432835.915832
% 35 422866.844939
% 36 417094.393191
% 37 426965.939222
% 38 413138.189508
% 39 416089.677240
% 40 401921.655305
% 41 408116.093135
% 42 398737.183325
% 43 391877.535200
% 44 394268.601630
% 45 389319.959641
% 46 396234.620754
% 47 403626.537987
% 48 407312.030638
% 49 404909.171509
% 50 400204.302812
% 51 396694.794232
% 52 399275.724355
% 53 397215.252574
% 54 398208.696878
% 55 401886.613070
% 56 397038.818027
% 57 399766.451287
% 58 402294.056704
% 59 389730.035624
% 60 398771.682623
% 61 396576.817095
% 62 398551.379784
% 63 398490.804750
% 64 388132.699543
% 65 372817.415460
% 66 388756.971925
% 67 389419.351120
% 68 381846.367895
% 69 377793.130719
% 70 384913.334173
% 71 376757.556356
% 72 381048.798297
% 73 371815.738236
% 74 375148.232669
% 75 371886.625825
% 76 373474.891305
% 77 378058.608379
% 78 377683.444607
% 79 373365.968282
% 80 372941.349798
% 81 385186.432845
% 82 395012.920757
% 83 383736.933204
% 84 394121.140574
% 85 390171.587700
% 86 385570.412049
% 87 373870.941253
% 88 384635.356251
% 89 387175.284586
% 90 371434.025716
% 91 383265.439341
% 92 370074.169482
% 93 363937.980278
% 94 370641.873532
% 95 374770.369298
% 96 375882.410041
% 97 374631.554238
% 98 382802.993420
% 99 378194.465796
% 100 395721.062750
% 101 387049.617182
% 102 393368.965381
% 103 386016.514348
% 104 393420.017866
% 105 394925.527878
% 106 398499.964387
% 107 391168.014055
% 108 391740.565894
% 109 393908.998655
% 110 396274.286673
% 111 395465.728816
% 112 377740.995642
% 113 396116.517980
% 114 397917.222665
% 115 393287.901401
% 116 397325.357808
% 117 389158.963546
% 118 389372.442525
% 119 387657.995473
% 120 381026.337065
% 121 373123.045125
% 122 381470.152623
% 123 390393.255370
% 124 388202.651778
% 125 380620.996507
% 126 378740.103999
% 127 380921.303304
% 128 372252.229127
% 129 378261.110456
% 130 373220.059449
% 131 373264.874472
% 132 371027.714998
% 133 349158.362406
% 134 347971.261765
% 135 349535.449840
% 136 360805.604563
% 137 362714.857147
% 138 348978.833739
% 139 354238.249911
% 140 348240.598770
% 141 353295.817099
% 142 351638.935178
% 143 351911.422004
% 144 341371.080048
% 145 359452.463306
% 146 358546.003495
% 147 349104.542233
% 148 348918.629248
% 149 345996.541723
% 150 338363.333761
% 151 341154.786883
% 152 344376.846908
% 153 343744.017508
% 154 362726.305241
% 155 350290.619553
% 156 354790.198912
% 157 358523.850005
% 158 352797.252861
% 159 357873.036631
% 160 363432.635889
% 161 367282.498382
% 162 365534.463097
% 163 367076.798818
% 164 360005.406077
% 165 384483.044154
% 166 365557.118976
% 167 359022.023570
% 168 369536.813286
% 169 373789.160034
% 170 375370.392996
% 171 379781.911982
% 172 367231.932525
% 173 348860.043789
% 174 358676.203965
% 175 348078.074450
% 176 347524.802889
% 177 335509.562832
% 178 354121.789446
% 179 361962.264295
% 180 372205.683121
% 181 358190.503586
% 182 350048.181785
% 183 340533.178334
% 184 347303.079714
% 185 343055.417575
% 186 341018.727259
% 187 355184.078410
% 188 351537.322795
% 189 341473.191375
% 190 338664.051741
% 191 336912.302498
% 192 360960.777433
% 193 360381.549667
% 194 365290.871057
% 195 350434.187249
% 196 351096.082213
% 197 357414.623958
% 198 353779.507698
% 199 365927.954383
% 200 351189.917076
% 201 367293.260376
% 202 371890.812146
% 203 376447.580036
% 204 382874.884489
% 205 368886.464084
% 206 370064.919260
% 207 366129.553234
% 208 365711.292873
> Finished 208 generations with 1514720 distance calculations. GA Runtime = 29.2223 sec
> Final distance: 335509.562832
> Final Route:
Truck 0 [len = 22]: 0 --> 60 --> 43 --> 46 --> 68 --> 67 --> 69 --> 66 --> 56 --> 15 --> 14 --> 37 --> 33 --> 4 --> 5 --> 29 --> 28 --> 3 --> 2 --> 47 --> 20 --> 23
Truck 1 [len = 12]: 0 --> 39 --> 59 --> 36 --> 13 --> 16 --> 10 --> 27 --> 25 --> 21 --> 22 --> 75
Truck 2 [len = 16]: 0 --> 74 --> 6 --> 34 --> 42 --> 31 --> 41 --> 30 --> 18 --> 7 --> 12 --> 73 --> 11 --> 9 --> 8 --> 32
Truck 3 [len = 20]: 0 --> 19 --> 63 --> 51 --> 61 --> 58 --> 71 --> 72 --> 62 --> 52 --> 40 --> 50 --> 65 --> 49 --> 54 --> 70 --> 48 --> 64 --> 45 --> 44
Truck 4 [len = 10]: 0 --> 17 --> 57 --> 26 --> 53 --> 55 --> 38 --> 35 --> 24 --> 1
> Generation - Distance curve saved to fig/pr76_baseline_30_5_1000_100_10_20211216_17_32_14/20211216_17_40_48.png.
