--> Running ID = 11
> Loading cities from instances/pr76.txt
	>> 76 cities in total to be loaded
> 76 cities loaded from instances/pr76.txt
> Initial distance: 573630.905704
> Starting running GA.
	>> cities = 76, salesmen = 5
	>> Generations = 1000, PopulationSize = 100, TournamentSize = 10
# Generation Distance
% 1 539311.454206
% 2 528676.196002
% 3 522573.757051
% 4 530852.711750
% 5 527841.581585
% 6 508664.966153
% 7 484127.511818
% 8 485592.398717
% 9 472648.840257
% 10 472812.874240
% 11 468663.088677
% 12 471557.262149
% 13 470712.006946
% 14 467977.741979
% 15 467890.827300
% 16 469955.883234
% 17 453385.091129
% 18 450406.607526
% 19 454004.797213
% 20 452327.523419
% 21 446058.551390
% 22 457388.724163
% 23 460211.720692
% 24 456145.728361
% 25 450628.616298
% 26 457299.587083
% 27 456578.326243
% 28 439128.074594
% 29 424602.972011
% 30 430748.987882
% 31 431109.491911
% 32 425610.109214
% 33 424103.594668
% 34 419239.462655
% 35 416843.270331
% 36 416132.943473
% 37 414700.463766
% 38 420450.618774
% 39 417486.814476
% 40 406885.657738
% 41 417741.135859
% 42 414998.491902
% 43 417366.232063
% 44 424879.956403
% 45 419960.532172
% 46 418495.152015
% 47 412672.943200
% 48 404675.243187
% 49 405056.800492
% 50 405530.803387
% 51 396386.621925
% 52 381776.508556
% 53 382973.661626
% 54 387394.562068
% 55 391500.540413
% 56 387290.252846
% 57 379412.993888
% 58 377599.191404
% 59 369125.199756
% 60 379294.671765
% 61 375196.863451
% 62 377038.273378
% 63 366971.348010
% 64 375646.999897
% 65 368865.330647
% 66 359132.970197
% 67 371581.273008
% 68 371675.496831
% 69 369343.828281
% 70 382598.446186
% 71 389891.794610
% 72 395156.190416
% 73 380891.939227
% 74 384187.029029
% 75 392457.333833
% 76 393743.204160
% 77 374406.239784
% 78 391159.004945
% 79 382566.615651
% 80 387787.055728
% 81 381518.064507
% 82 371399.715181
% 83 379500.958471
% 84 379370.963178
% 85 389519.278179
% 86 378114.653372
% 87 383849.435669
% 88 385783.349114
% 89 376343.946596
% 90 389001.940119
% 91 383190.849718
% 92 395723.503620
% 93 398145.471117
% 94 397096.477065
% 95 393210.300279
% 96 389396.471980
% 97 390792.922314
% 98 379958.200934
% 99 382532.289186
% 100 396870.426353
% 101 397908.118483
% 102 377132.256145
% 103 389251.687227
% 104 392605.934196
% 105 396490.212111
% 106 383002.386601
% 107 381243.409783
% 108 379223.315623
% 109 384544.729668
% 110 370183.872164
% 111 367638.078655
% 112 371550.988933
% 113 365198.001637
% 114 373416.202978
% 115 365607.598713
% 116 361069.251681
% 117 371366.341087
% 118 370672.967319
% 119 369253.012725
% 120 375562.961336
% 121 380436.102744
% 122 384991.216896
% 123 367971.939492
% 124 374812.390646
% 125 368832.602730
% 126 379682.499414
% 127 378304.861819
% 128 383161.540553
% 129 373039.778225
% 130 361700.531882
% 131 373154.953375
% 132 367754.307356
% 133 383843.195525
% 134 377223.157741
% 135 382530.183918
% 136 374678.955482
% 137 376583.397397
% 138 375383.469467
% 139 367126.563300
% 140 370178.568766
% 141 385434.248093
% 142 383175.537092
% 143 380181.530742
% 144 376667.920930
% 145 371264.244321
% 146 379279.594653
% 147 374343.717754
% 148 376274.759149
% 149 386465.123256
% 150 390503.417026
% 151 392068.497489
% 152 393137.695618
% 153 385728.877087
% 154 391322.026690
% 155 399991.322004
% 156 389746.339048
% 157 398724.908033
% 158 404752.335964
% 159 406507.138235
% 160 406915.729250
% 161 404809.970225
% 162 410468.515334
% 163 409549.137800
% 164 408981.860996
% 165 422079.879642
% 166 408913.277082
% 167 403382.089624
% 168 403130.670886
% 169 400787.201785
% 170 377202.379215
% 171 399190.612672
% 172 393554.830174
% 173 385890.476416
% 174 387108.824309
% 175 394126.397608
% 176 386663.567465
% 177 390066.903155
% 178 374277.266946
% 179 374847.084690
% 180 385408.185548
% 181 383389.118504
% 182 385220.625585
% 183 384885.199956
% 184 377341.488035
% 185 387214.520712
% 186 381821.720435
% 187 379949.051044
% 188 376952.321543
% 189 377869.660455
% 190 366579.410519
% 191 368719.172182
% 192 374126.708234
% 193 366051.444967
% 194 366290.018360
% 195 366820.931522
% 196 366032.958715
% 197 348649.424681
% 198 349469.041347
% 199 358693.132595
% 200 364709.946650
% 201 353972.710994
% 202 354257.609613
% 203 345876.817136
% 204 348364.392732
% 205 370815.568785
% 206 360831.428509
% 207 367739.983025
% 208 347484.044273
% 209 359618.966923
> Finished 209 generations with 1520000 distance calculations. GA Runtime = 29.9961 sec
> Final distance: 345876.817136
> Final Route:
Truck 0 [len = 16]: 0 --> 9 --> 29 --> 31 --> 26 --> 45 --> 34 --> 39 --> 60 --> 35 --> 52 --> 71 --> 70 --> 68 --> 67 --> 47
Truck 1 [len = 21]: 0 --> 44 --> 50 --> 63 --> 72 --> 57 --> 55 --> 43 --> 69 --> 49 --> 54 --> 27 --> 36 --> 32 --> 4 --> 13 --> 15 --> 10 --> 11 --> 7 --> 24
Truck 2 [len = 18]: 0 --> 30 --> 18 --> 42 --> 37 --> 33 --> 53 --> 61 --> 59 --> 66 --> 65 --> 58 --> 62 --> 48 --> 51 --> 28 --> 46 --> 25
Truck 3 [len = 12]: 0 --> 20 --> 6 --> 2 --> 5 --> 3 --> 22 --> 40 --> 41 --> 64 --> 23 --> 21
Truck 4 [len = 13]: 0 --> 1 --> 12 --> 73 --> 14 --> 16 --> 17 --> 38 --> 56 --> 19 --> 8 --> 74 --> 75
> Generation - Distance curve saved to fig/pr76_baseline_30_5_1000_100_10_20211216_17_32_14/20211216_17_37_35.png.
