--> Running ID = 30
> Loading cities from instances/pr76.txt
	>> 76 cities in total to be loaded
> 76 cities loaded from instances/pr76.txt
> Initial distance: 537102.504223
> Starting running GA.
	>> cities = 76, salesmen = 5
	>> Generations = 1000, PopulationSize = 100, TournamentSize = 10
# Generation Distance
% 1 538192.564613
% 2 539832.536071
% 3 520128.437333
% 4 491821.634845
% 5 486376.354051
% 6 477385.085275
% 7 471064.698353
% 8 482603.333679
% 9 473212.586922
% 10 463900.427146
% 11 457755.282908
% 12 457362.122986
% 13 449706.851588
% 14 434535.269442
% 15 429321.144780
% 16 430037.052794
% 17 435414.608949
% 18 435975.196359
% 19 418898.522424
% 20 434321.759668
% 21 406918.690251
% 22 421542.582831
% 23 407966.886154
% 24 404425.663975
% 25 392936.919878
% 26 396148.140607
% 27 398882.057039
% 28 390334.674328
% 29 389710.259606
% 30 386939.212963
% 31 400322.300925
% 32 403006.530398
% 33 410855.522244
% 34 414548.515785
% 35 401965.595460
% 36 402302.091622
% 37 409671.324232
% 38 400773.240173
% 39 410612.983732
% 40 387686.580632
% 41 406239.430782
% 42 402875.421938
% 43 407713.745696
% 44 406381.702466
% 45 408774.369653
% 46 398971.819128
% 47 393480.052347
% 48 402638.270804
% 49 401082.553893
% 50 409496.234062
% 51 405592.504268
% 52 421615.801119
% 53 410479.229795
% 54 417702.558042
% 55 407392.542189
% 56 417261.396477
% 57 422088.361648
% 58 406799.791793
% 59 407302.546280
% 60 406921.856399
% 61 402981.600434
% 62 394837.880960
% 63 400925.534904
% 64 397607.486949
% 65 397824.193115
% 66 383124.132506
% 67 383181.777299
% 68 385864.094596
% 69 371224.822364
% 70 380520.717374
% 71 372661.094128
% 72 381498.820905
% 73 394101.771333
% 74 389708.554862
% 75 396561.210245
% 76 401173.358475
% 77 393452.459043
% 78 413388.968978
% 79 402672.435913
% 80 403017.369814
% 81 404026.536263
% 82 411295.159708
% 83 402970.963506
% 84 415647.063326
% 85 420673.692274
% 86 412303.559021
% 87 419123.201156
% 88 404545.174704
% 89 422859.442940
% 90 398620.029600
% 91 397866.183157
% 92 405535.109924
% 93 406427.356076
% 94 404085.452455
% 95 413612.520962
% 96 412566.558615
% 97 407842.344537
% 98 395013.014917
% 99 407060.496390
% 100 404889.783702
% 101 399706.878604
% 102 385988.557703
% 103 393196.810382
% 104 400360.984161
% 105 399412.307406
% 106 388082.536633
% 107 385027.202661
% 108 386624.292544
% 109 376200.411929
% 110 379301.530402
% 111 383040.927393
% 112 388353.302849
% 113 374720.663983
% 114 379103.410970
% 115 374582.253224
% 116 365622.804487
% 117 351326.268585
% 118 346583.944551
% 119 345663.797850
% 120 358195.069945
% 121 355257.844081
% 122 352218.207753
% 123 359647.389422
% 124 357815.826216
% 125 350570.944938
% 126 349963.445723
% 127 359379.851866
% 128 361501.382932
% 129 355542.905991
% 130 351574.326319
% 131 343017.324097
% 132 339511.171522
% 133 356052.669728
% 134 348452.505771
% 135 347883.382620
% 136 365644.373571
% 137 353897.512561
% 138 353261.256154
% 139 349678.900819
% 140 350847.772687
% 141 371920.602252
% 142 358306.705000
% 143 360751.405492
% 144 359897.486433
% 145 369858.267454
% 146 369032.271377
% 147 361719.281250
% 148 370048.121923
% 149 366100.647876
% 150 371596.904287
% 151 364776.101848
% 152 372753.360568
% 153 379066.277198
% 154 379088.950515
% 155 387444.990672
% 156 383571.584987
% 157 373638.705680
% 158 374508.878763
% 159 389924.561829
% 160 393642.628733
% 161 381258.877714
% 162 384637.323794
% 163 373532.080695
% 164 376069.029673
% 165 379402.573117
% 166 380727.158717
% 167 401730.015226
% 168 395341.069523
% 169 397235.105822
% 170 399313.878696
% 171 390138.986901
% 172 404779.829497
% 173 402594.333724
% 174 397514.543223
% 175 398646.601687
% 176 393221.687517
% 177 391245.448824
% 178 402602.176485
% 179 399719.313444
% 180 403111.618696
% 181 398263.629082
% 182 391782.429355
% 183 400290.224660
% 184 394252.592637
% 185 394899.469742
% 186 395052.353229
% 187 396411.370981
% 188 388330.745341
% 189 393306.204218
% 190 391732.501620
% 191 372458.066385
% 192 369625.375362
% 193 353606.010980
% 194 353037.270066
% 195 360389.189753
% 196 354345.286924
% 197 360072.628549
% 198 348950.571953
% 199 339879.850420
% 200 363289.844540
% 201 358642.561243
% 202 363300.316754
% 203 365913.178788
% 204 363974.461229
% 205 372572.896672
% 206 379044.338377
% 207 386099.738208
% 208 383827.774834
> Finished 208 generations with 1513680 distance calculations. GA Runtime = 29.6521 sec
> Final distance: 339511.171522
> Final Route:
Truck 0 [len = 9]: 0 --> 46 --> 49 --> 66 --> 69 --> 67 --> 47 --> 35 --> 57
Truck 1 [len = 13]: 0 --> 73 --> 7 --> 28 --> 32 --> 44 --> 21 --> 25 --> 41 --> 18 --> 24 --> 3 --> 20
Truck 2 [len = 11]: 0 --> 74 --> 75 --> 22 --> 13 --> 11 --> 36 --> 42 --> 43 --> 45 --> 23
Truck 3 [len = 27]: 0 --> 5 --> 6 --> 61 --> 55 --> 39 --> 33 --> 12 --> 16 --> 17 --> 26 --> 15 --> 1 --> 63 --> 72 --> 71 --> 54 --> 64 --> 48 --> 27 --> 9 --> 14 --> 19 --> 8 --> 68 --> 30 --> 2
Truck 4 [len = 20]: 0 --> 4 --> 29 --> 31 --> 10 --> 37 --> 38 --> 62 --> 70 --> 50 --> 58 --> 56 --> 51 --> 52 --> 53 --> 65 --> 40 --> 59 --> 60 --> 34
> Generation - Distance curve saved to fig/pr76_baseline_30_5_1000_100_10_20211216_17_32_14/20211216_17_47_38.png.
