--> Running ID = 7
> Loading cities from instances/pr76.txt
	>> 76 cities in total to be loaded
> 76 cities loaded from instances/pr76.txt
> Initial distance: 547537.010452
> Starting running GA.
	>> cities = 76, salesmen = 5
	>> Generations = 1000, PopulationSize = 100, TournamentSize = 10
# Generation Distance
% 1 523212.022922
% 2 515977.099425
% 3 505373.761985
% 4 498462.228895
% 5 496417.536465
% 6 491129.776105
% 7 491383.310211
% 8 487647.316511
% 9 484859.928174
% 10 475733.869149
% 11 463623.786203
% 12 464565.230836
% 13 466404.586633
% 14 466161.211591
% 15 459464.094635
% 16 462185.543712
% 17 450800.477019
% 18 435840.831061
% 19 445621.284530
% 20 452372.312083
% 21 445561.808238
% 22 443682.424906
% 23 442174.206299
% 24 445089.274900
% 25 442659.825093
% 26 444235.528346
% 27 447726.465244
% 28 442251.875011
% 29 437324.823041
% 30 431243.918091
% 31 423957.627734
% 32 427202.685538
% 33 426536.847340
% 34 427177.242171
% 35 423690.966944
% 36 424919.963262
% 37 414660.830817
% 38 426310.028019
% 39 406974.444442
% 40 411684.049289
% 41 409632.786816
% 42 416944.898203
% 43 409524.412047
% 44 401107.978786
% 45 400162.987253
% 46 406791.813564
% 47 408721.698534
% 48 418241.791700
% 49 410339.619821
% 50 418968.487786
% 51 419424.868526
% 52 419131.341237
% 53 414087.564878
% 54 394265.974264
% 55 407103.152468
% 56 395520.722850
% 57 393958.940776
% 58 388286.624095
% 59 402559.528790
% 60 403921.157701
% 61 390408.324477
% 62 397421.294319
% 63 396366.082719
% 64 389341.854652
% 65 379422.324299
% 66 379205.278741
% 67 370807.273029
% 68 392419.620272
% 69 377361.775376
% 70 374221.356241
% 71 385640.953201
% 72 389727.007187
% 73 380274.484017
% 74 371874.237090
% 75 379035.524952
% 76 386660.100221
% 77 378436.070748
% 78 374164.636835
% 79 379544.631901
% 80 379204.057613
% 81 380345.533940
% 82 384525.755421
% 83 391050.303540
% 84 377585.683766
% 85 395299.481429
% 86 385944.224076
% 87 386929.714414
% 88 375895.539407
% 89 374158.977513
% 90 373227.735824
% 91 378115.250703
% 92 382747.516565
% 93 384771.862976
% 94 381939.122935
% 95 367208.936932
% 96 367646.659754
% 97 366379.954064
% 98 374596.828767
% 99 364867.550010
% 100 363698.586997
% 101 360519.829017
% 102 367780.346673
% 103 376417.278780
% 104 372723.860316
% 105 375470.816295
% 106 361856.443134
% 107 374420.061251
% 108 386502.047816
% 109 374100.675117
% 110 380717.617004
% 111 384382.031255
% 112 373698.929262
% 113 366769.892404
% 114 365500.498994
% 115 370915.455742
% 116 364027.363009
% 117 366274.900563
% 118 368498.522018
% 119 368689.985022
% 120 363868.047665
% 121 361356.658999
% 122 363803.700926
% 123 368829.938700
% 124 378252.581783
% 125 364564.844914
% 126 367300.591362
% 127 363496.731058
% 128 367097.526081
% 129 355025.540154
% 130 358494.711412
% 131 342633.803322
% 132 351317.592508
% 133 349476.297961
% 134 360656.106005
% 135 352906.084720
% 136 346738.490967
% 137 350498.486420
% 138 361075.424683
% 139 354103.842833
% 140 363859.927576
% 141 359868.818784
% 142 349268.933534
% 143 345506.463140
% 144 357724.656129
% 145 351438.520253
% 146 335052.139982
% 147 346228.630295
% 148 332452.466705
% 149 349536.862252
% 150 332560.940502
% 151 328873.681369
% 152 338153.294989
% 153 335015.093915
% 154 328867.234596
% 155 317554.473344
% 156 322738.509627
% 157 313850.650569
% 158 326583.281010
% 159 331277.052655
% 160 330015.629565
% 161 329686.281990
% 162 339675.913027
% 163 344646.717260
% 164 345301.117211
% 165 343215.500629
% 166 346337.396978
% 167 354722.841150
% 168 352207.476611
% 169 364716.895620
% 170 355442.553279
% 171 363171.894420
% 172 350969.650527
% 173 353976.657844
% 174 350572.861417
% 175 349537.308373
% 176 365242.200578
% 177 356125.706660
% 178 359496.298576
% 179 365014.702328
% 180 355161.435224
% 181 371694.478116
% 182 371463.601410
% 183 376929.369513
% 184 374326.003455
% 185 374091.565202
% 186 366190.604830
% 187 366795.104398
% 188 370197.128759
% 189 365536.831629
% 190 372694.584088
% 191 369841.370007
% 192 381318.564869
% 193 377516.162834
% 194 386254.816105
% 195 371144.450623
% 196 374303.728505
% 197 364847.557954
% 198 375143.191994
% 199 370763.530033
% 200 374154.891728
% 201 372069.764589
% 202 374376.265209
% 203 375490.701329
% 204 379518.207020
% 205 361812.897430
% 206 359476.354848
% 207 357048.565638
% 208 365598.926489
> Finished 208 generations with 1513360 distance calculations. GA Runtime = 30.0527 sec
> Final distance: 313850.650569
> Final Route:
Truck 0 [len = 20]: 0 --> 51 --> 61 --> 56 --> 49 --> 72 --> 71 --> 70 --> 65 --> 55 --> 48 --> 53 --> 39 --> 38 --> 57 --> 63 --> 60 --> 52 --> 44 --> 46
Truck 1 [len = 15]: 0 --> 24 --> 45 --> 23 --> 5 --> 6 --> 7 --> 8 --> 14 --> 15 --> 16 --> 9 --> 26 --> 35 --> 4
Truck 2 [len = 12]: 0 --> 25 --> 21 --> 34 --> 29 --> 17 --> 12 --> 10 --> 11 --> 20 --> 1 --> 2
Truck 3 [len = 22]: 0 --> 19 --> 30 --> 41 --> 42 --> 32 --> 37 --> 62 --> 64 --> 66 --> 50 --> 54 --> 31 --> 59 --> 68 --> 69 --> 67 --> 47 --> 43 --> 28 --> 3 --> 18
Truck 4 [len = 11]: 0 --> 22 --> 58 --> 33 --> 73 --> 13 --> 40 --> 27 --> 36 --> 75 --> 74
> Generation - Distance curve saved to fig/pr76_baseline_30_5_1000_100_10_20211216_17_32_14/20211216_17_35_26.png.
