--> Running ID = 9
> Loading cities from instances/pr76.txt
	>> 76 cities in total to be loaded
> 76 cities loaded from instances/pr76.txt
> Initial distance: 545443.371850
> Starting running GA.
	>> cities = 76, salesmen = 5
	>> Generations = 1000, PopulationSize = 100, TournamentSize = 10
# Generation Distance
% 1 539439.367337
% 2 539679.248000
% 3 526994.904374
% 4 515854.127042
% 5 509871.991495
% 6 486332.756278
% 7 477908.234633
% 8 472572.213988
% 9 463652.150301
% 10 459399.053591
% 11 472020.598610
% 12 476051.286057
% 13 463288.121366
% 14 450673.301997
% 15 451093.591155
% 16 440285.412941
% 17 431298.071371
% 18 435570.511696
% 19 421788.774857
% 20 437948.564088
% 21 430718.985762
% 22 419736.119307
% 23 405926.707724
% 24 403832.265691
% 25 401138.302931
% 26 397085.718686
% 27 409647.263141
% 28 399667.770122
% 29 395659.865098
% 30 411938.247608
% 31 401401.007031
% 32 413292.523663
% 33 393020.407819
% 34 407235.914881
% 35 396145.837657
% 36 398976.704596
% 37 404519.948473
% 38 393732.923946
% 39 401175.641525
% 40 391707.669640
% 41 386777.264690
% 42 392317.286767
% 43 382338.352221
% 44 383540.231546
% 45 370175.533149
% 46 381276.079959
% 47 382354.746022
% 48 371604.299317
% 49 367758.460384
% 50 378324.542465
% 51 364529.332362
% 52 364253.233790
% 53 370980.749512
% 54 368797.267023
% 55 372792.737769
% 56 354538.833255
% 57 363345.760862
% 58 364293.407696
% 59 350353.230321
% 60 355382.131900
% 61 372020.645009
% 62 362432.339601
% 63 354881.722096
% 64 356415.962071
% 65 364656.408518
% 66 345376.912512
% 67 351620.859491
% 68 350664.866719
% 69 339490.302482
% 70 362466.233977
% 71 365306.638318
% 72 367326.555232
% 73 372349.317032
% 74 355043.949663
% 75 358310.445111
% 76 361052.602997
% 77 363542.474716
% 78 372640.034335
% 79 368456.916904
% 80 365277.221533
% 81 369078.297786
% 82 358554.568012
% 83 355838.784074
% 84 355956.589996
% 85 356761.617777
% 86 355632.508071
% 87 364314.662520
% 88 364041.139771
% 89 372311.834438
% 90 366233.231081
% 91 363648.797675
% 92 368424.403419
% 93 373017.395762
% 94 365971.343401
% 95 378504.111359
% 96 381931.685952
% 97 378435.899922
% 98 378874.093426
% 99 370029.579100
% 100 367476.887885
% 101 358849.272025
% 102 357536.708393
% 103 359822.065819
% 104 356644.675360
% 105 351201.256225
% 106 338259.122806
% 107 350269.609091
% 108 347905.588406
% 109 353665.414444
% 110 350839.262420
% 111 355100.157445
% 112 340722.221430
% 113 355117.741034
% 114 363932.570943
% 115 368952.747985
% 116 368325.193862
% 117 359103.753554
% 118 365054.424738
% 119 372511.633637
% 120 362863.519303
% 121 362657.096627
% 122 371787.982197
% 123 356236.856225
% 124 360978.422882
% 125 353964.222363
% 126 354407.816813
% 127 353142.847056
% 128 361921.119103
% 129 363782.091152
% 130 361651.780228
% 131 367843.059874
% 132 387894.471773
% 133 381678.742761
% 134 391970.223669
% 135 387165.900157
% 136 399434.929937
% 137 387078.501023
% 138 392093.473388
% 139 396543.269181
% 140 393766.319054
% 141 380916.838193
% 142 370880.192628
% 143 371368.456123
% 144 364252.159086
% 145 370548.216890
% 146 377353.017970
% 147 366890.125227
% 148 378513.336523
% 149 357533.353021
% 150 375417.863060
% 151 375369.740582
% 152 378292.354178
% 153 363228.419178
% 154 369196.550324
% 155 367887.939303
% 156 378493.368722
% 157 360329.968190
% 158 372812.187931
% 159 377366.705536
% 160 374424.601636
% 161 368658.497286
% 162 378923.651266
% 163 378652.992635
% 164 370231.902209
% 165 373100.843199
% 166 372314.376185
% 167 378740.602488
% 168 379490.021584
% 169 382298.934479
% 170 391265.317493
% 171 395345.177980
% 172 380834.559992
% 173 393030.079577
% 174 392944.369628
% 175 378788.451398
% 176 382020.516398
% 177 381256.061627
% 178 387125.342475
% 179 361201.865112
% 180 362475.477784
% 181 357507.786504
% 182 362048.367207
% 183 359510.024403
% 184 353412.611114
% 185 362856.164669
% 186 367628.439718
% 187 376465.779651
% 188 365207.637580
% 189 379037.316662
% 190 379050.913826
% 191 384953.291045
% 192 375067.647741
% 193 371403.184464
% 194 372483.069935
% 195 378477.042554
% 196 371954.390558
% 197 367319.420758
% 198 376446.619694
% 199 367289.692163
% 200 373869.894156
% 201 382155.246999
% 202 372840.911191
% 203 374456.403543
% 204 380304.063821
% 205 387769.054810
% 206 382178.235859
% 207 383305.010700
% 208 382843.861175
> Finished 208 generations with 1513360 distance calculations. GA Runtime = 28.8640 sec
> Final distance: 338259.122806
> Final Route:
Truck 0 [len = 12]: 0 --> 2 --> 5 --> 9 --> 60 --> 53 --> 54 --> 39 --> 32 --> 59 --> 19 --> 6
Truck 1 [len = 20]: 0 --> 1 --> 37 --> 33 --> 55 --> 57 --> 18 --> 17 --> 16 --> 12 --> 15 --> 41 --> 42 --> 73 --> 11 --> 31 --> 28 --> 38 --> 50 --> 48
Truck 2 [len = 10]: 0 --> 22 --> 8 --> 14 --> 36 --> 35 --> 34 --> 40 --> 10 --> 29
Truck 3 [len = 16]: 0 --> 20 --> 58 --> 61 --> 51 --> 68 --> 66 --> 67 --> 69 --> 70 --> 63 --> 65 --> 49 --> 62 --> 64 --> 52
Truck 4 [len = 22]: 0 --> 45 --> 24 --> 3 --> 56 --> 72 --> 71 --> 43 --> 26 --> 46 --> 23 --> 27 --> 25 --> 44 --> 47 --> 30 --> 21 --> 4 --> 13 --> 7 --> 75 --> 74
> Generation - Distance curve saved to fig/pr76_baseline_30_5_1000_100_10_20211216_17_32_14/20211216_17_36_32.png.
