--> Running ID = 28
> Loading cities from instances/pr76.txt
	>> 76 cities in total to be loaded
> 76 cities loaded from instances/pr76.txt
> Initial distance: 525637.217807
> Starting running GA.
	>> cities = 76, salesmen = 5
	>> Generations = 1000, PopulationSize = 100, TournamentSize = 10
# Generation Distance
% 1 503656.952426
% 2 503308.504562
% 3 500249.000114
% 4 499128.124834
% 5 496931.307541
% 6 493567.585056
% 7 489971.602058
% 8 475117.088965
% 9 471604.290756
% 10 464219.181880
% 11 469878.630941
% 12 465070.536132
% 13 456475.695046
% 14 460181.477598
% 15 448247.335871
% 16 454465.957947
% 17 459306.743295
% 18 444229.133785
% 19 442936.047560
% 20 444866.417317
% 21 440938.852304
% 22 445413.012137
% 23 434111.841421
% 24 423549.021160
% 25 420577.220734
% 26 414527.386968
% 27 425381.814423
% 28 426740.382033
% 29 424632.026613
% 30 412825.836486
% 31 420195.847888
% 32 413035.011447
% 33 403896.481359
% 34 392346.777043
% 35 403452.738733
% 36 397217.366424
% 37 412385.858400
% 38 397025.067870
% 39 400807.864286
% 40 403343.746647
% 41 412032.610993
% 42 405765.751810
% 43 413800.777251
% 44 404043.001958
% 45 408118.478799
% 46 394330.678286
% 47 393673.361967
% 48 382289.961216
% 49 379039.972352
% 50 394823.962409
% 51 387504.497606
% 52 393546.105072
% 53 392207.845180
% 54 403692.068267
% 55 396758.541501
% 56 390919.001689
% 57 397022.516087
% 58 404666.029362
% 59 389620.003118
% 60 389131.712444
% 61 389982.024249
% 62 390259.029901
% 63 389259.381221
% 64 397731.226831
% 65 390188.068359
% 66 395732.726064
% 67 389914.124050
% 68 385970.846005
% 69 385521.034039
% 70 391586.372691
% 71 389235.477307
% 72 396762.228137
% 73 385940.447847
% 74 368157.841660
% 75 383081.778850
% 76 384705.919892
% 77 392447.404387
% 78 372018.947799
% 79 384615.427591
% 80 396713.609016
% 81 383491.554867
% 82 379719.558991
% 83 377426.150990
% 84 378710.173865
% 85 382441.230699
% 86 389997.642818
% 87 383505.273074
% 88 364839.259366
% 89 375958.161801
% 90 380407.909652
% 91 372231.976704
% 92 380048.725178
% 93 379985.083961
% 94 376025.454732
% 95 365795.138906
% 96 374543.513879
% 97 376728.916668
% 98 368957.759959
% 99 374426.429142
% 100 368939.505344
% 101 362711.204876
% 102 372724.509138
% 103 374463.924181
% 104 371647.289858
% 105 372477.031994
% 106 389318.699254
% 107 365147.036948
% 108 374736.683157
% 109 375639.627714
% 110 376037.044482
% 111 379418.111044
% 112 392727.883762
% 113 382349.793171
% 114 377611.177128
% 115 365938.861809
% 116 375700.092326
% 117 372919.408576
% 118 374795.643256
% 119 386113.218983
% 120 385482.611689
% 121 386839.204433
% 122 387482.253844
% 123 391313.297739
% 124 385251.756715
% 125 387241.792635
% 126 389970.844291
% 127 386256.328700
% 128 393050.961780
% 129 381070.959185
% 130 379254.328914
% 131 374655.231065
% 132 366623.083212
% 133 377973.741496
% 134 361395.370277
% 135 362252.937535
% 136 350082.886759
% 137 362818.761328
% 138 354736.414407
% 139 360767.866396
% 140 365824.934856
% 141 370796.179695
% 142 367106.858424
% 143 370625.387524
% 144 380828.259966
% 145 370542.750519
% 146 372828.884076
% 147 371616.224406
% 148 349456.034795
% 149 362659.008852
% 150 373901.878068
% 151 367081.921577
% 152 368136.775846
% 153 369740.577120
% 154 386196.172913
% 155 375824.586438
% 156 387942.910141
% 157 387742.694344
% 158 391771.387846
% 159 386281.553128
% 160 385241.206157
% 161 386373.693472
% 162 382510.715500
% 163 391071.221133
% 164 391917.279164
% 165 395773.282392
% 166 401049.188130
% 167 388539.426611
% 168 382603.385874
% 169 390743.841987
% 170 381871.061742
% 171 388922.894946
% 172 391869.270132
% 173 377502.294450
% 174 378474.172765
% 175 380122.035387
% 176 384984.596582
% 177 391072.166379
% 178 373730.329735
% 179 377515.479852
% 180 377096.733480
% 181 373499.311872
% 182 386668.665789
% 183 390195.238571
% 184 387423.820118
% 185 377779.419160
% 186 397428.929987
% 187 396533.941397
% 188 393202.690264
% 189 398525.386166
% 190 404832.797683
% 191 403810.615866
% 192 388933.719581
% 193 392740.056302
% 194 394429.102039
% 195 385689.021874
% 196 376994.634278
% 197 364612.305494
% 198 368079.818889
% 199 373155.269703
% 200 373596.573204
% 201 385630.641909
% 202 381703.481034
% 203 386499.098556
% 204 390812.039343
% 205 379364.403097
% 206 385239.335473
% 207 382302.390825
% 208 389400.097401
> Finished 208 generations with 1513760 distance calculations. GA Runtime = 28.8683 sec
> Final distance: 349456.034795
> Final Route:
Truck 0 [len = 18]: 0 --> 18 --> 20 --> 31 --> 37 --> 55 --> 40 --> 58 --> 57 --> 39 --> 61 --> 59 --> 27 --> 28 --> 10 --> 13 --> 4 --> 3
Truck 1 [len = 18]: 0 --> 53 --> 52 --> 35 --> 38 --> 43 --> 2 --> 25 --> 9 --> 75 --> 74 --> 23 --> 1 --> 11 --> 41 --> 26 --> 42 --> 24
Truck 2 [len = 6]: 0 --> 22 --> 21 --> 54 --> 33 --> 50
Truck 3 [len = 15]: 0 --> 5 --> 14 --> 36 --> 32 --> 29 --> 30 --> 19 --> 16 --> 7 --> 17 --> 73 --> 6 --> 8 --> 15
Truck 4 [len = 23]: 0 --> 48 --> 68 --> 66 --> 47 --> 46 --> 56 --> 34 --> 44 --> 45 --> 51 --> 67 --> 69 --> 72 --> 63 --> 64 --> 49 --> 70 --> 71 --> 65 --> 62 --> 60 --> 12
> Generation - Distance curve saved to fig/pr76_baseline_30_5_1000_100_10_20211216_17_32_14/20211216_17_46_34.png.
