--> Running ID = 2
> Loading cities from instances/pr76.txt
	>> 76 cities in total to be loaded
> 76 cities loaded from instances/pr76.txt
> Initial distance: 540588.230633
> Starting running GA.
	>> cities = 76, salesmen = 5
	>> Generations = 1000, PopulationSize = 100, TournamentSize = 10
# Generation Distance
% 1 528746.770917
% 2 515248.965715
% 3 504807.514551
% 4 496085.807605
% 5 475161.876376
% 6 474600.503276
% 7 457216.533531
% 8 446991.161145
% 9 440951.812685
% 10 436247.238253
% 11 432903.939076
% 12 439975.740209
% 13 427993.300250
% 14 427557.569956
% 15 413388.460488
% 16 408755.605336
% 17 418835.658669
% 18 385650.899041
% 19 385970.639073
% 20 377660.238076
% 21 374876.967941
% 22 380081.478239
% 23 385604.993006
% 24 372802.026744
% 25 377778.797592
% 26 366457.036029
% 27 378142.675682
% 28 380053.654073
% 29 380453.867925
% 30 379176.154977
% 31 387024.196789
% 32 378697.762352
% 33 387752.532543
% 34 393863.166601
% 35 383193.941744
% 36 385514.072801
% 37 389257.571631
% 38 389374.921377
% 39 384722.710320
% 40 388511.926545
% 41 384502.258754
% 42 381975.022540
% 43 372329.446645
% 44 366718.638585
% 45 378164.443418
% 46 378770.812399
% 47 379445.992273
% 48 374471.114638
% 49 363245.103498
% 50 369111.936835
% 51 376730.306553
% 52 367160.476558
% 53 364835.535764
% 54 371209.176432
% 55 372459.811000
% 56 371780.439557
% 57 377048.876526
% 58 389959.750287
% 59 382466.296842
% 60 381597.674033
% 61 377019.038154
% 62 388142.458613
% 63 383020.515882
% 64 394282.819949
% 65 391152.980094
% 66 386387.366713
% 67 391708.140002
% 68 387565.500700
% 69 403121.035242
% 70 383182.720577
% 71 388797.781097
% 72 372987.412750
% 73 374140.158025
% 74 374952.564660
% 75 362200.458333
% 76 357335.258507
% 77 368585.841626
% 78 363885.639195
% 79 366825.137907
% 80 371078.595134
% 81 362751.671703
% 82 365897.814472
% 83 364786.288756
% 84 363704.466251
% 85 372054.787572
% 86 373786.134617
% 87 380888.323945
% 88 367952.554601
% 89 368865.631318
% 90 363600.164005
% 91 364515.783686
% 92 377917.257460
% 93 370490.334131
% 94 384574.184171
% 95 378945.200688
% 96 377830.386573
% 97 388743.706423
% 98 362086.891868
% 99 365587.432133
% 100 360957.052376
% 101 352967.998573
% 102 361633.764861
% 103 369882.819862
% 104 365636.799091
% 105 348397.505668
% 106 350988.174542
% 107 343741.758986
% 108 344712.603036
% 109 351743.219917
% 110 360929.665660
% 111 367795.533980
% 112 365428.566434
% 113 368424.060593
% 114 347532.350271
% 115 358947.880186
% 116 357199.887799
% 117 353119.091896
% 118 342810.106363
% 119 354178.964395
% 120 349733.873849
% 121 349937.191053
% 122 346989.781862
% 123 358716.806701
% 124 345730.275715
% 125 343762.973457
% 126 348262.500392
% 127 345369.004336
% 128 329541.107309
% 129 333972.192375
% 130 334300.898761
% 131 329356.754054
% 132 327844.866923
% 133 336698.921858
% 134 337437.128911
% 135 343604.411444
% 136 352950.894973
% 137 354924.051441
% 138 353084.505674
% 139 356791.442922
% 140 360300.755417
% 141 365883.124971
% 142 360999.426684
% 143 359101.298513
% 144 361626.215832
% 145 359423.621118
% 146 350107.603309
% 147 358072.770018
% 148 353645.084479
% 149 357589.660445
% 150 355301.044386
% 151 350845.427483
% 152 347168.973674
% 153 354940.431573
% 154 343762.126491
% 155 364025.222625
% 156 360869.987251
% 157 358899.246112
% 158 346758.485701
% 159 365183.088834
% 160 361943.284642
% 161 364888.324784
% 162 364976.304168
% 163 378513.732676
% 164 368536.175958
% 165 362208.572191
% 166 350233.835088
% 167 363717.601155
% 168 366200.505100
% 169 370162.960138
% 170 361999.956261
% 171 366168.808837
% 172 354376.155543
% 173 357708.573479
% 174 358583.723866
% 175 352880.096738
% 176 356636.003856
% 177 360757.235478
% 178 361015.915419
% 179 365673.591374
% 180 370172.432444
% 181 358384.648718
% 182 366812.709353
% 183 364742.990709
% 184 367535.526494
% 185 370712.790225
% 186 366640.018840
% 187 359709.901398
% 188 347765.714382
% 189 359897.184854
% 190 367625.690805
% 191 359554.097147
% 192 365789.022931
% 193 358252.894879
% 194 355904.489210
% 195 359768.743872
% 196 367354.646652
% 197 359654.198323
% 198 352875.653760
% 199 363999.880033
% 200 370478.094616
% 201 367524.312000
% 202 366974.925159
% 203 374046.809630
% 204 373108.728237
% 205 384889.136246
% 206 373813.362177
% 207 374166.642609
% 208 378296.298935
> Finished 208 generations with 1513280 distance calculations. GA Runtime = 28.8360 sec
> Final distance: 327844.866923
> Final Route:
Truck 0 [len = 12]: 0 --> 4 --> 66 --> 1 --> 54 --> 53 --> 52 --> 65 --> 60 --> 57 --> 26 --> 19
Truck 1 [len = 15]: 0 --> 21 --> 29 --> 47 --> 18 --> 33 --> 38 --> 34 --> 55 --> 9 --> 35 --> 42 --> 25 --> 44 --> 23
Truck 2 [len = 21]: 0 --> 45 --> 62 --> 56 --> 28 --> 41 --> 67 --> 50 --> 59 --> 58 --> 40 --> 32 --> 30 --> 48 --> 68 --> 46 --> 64 --> 36 --> 3 --> 12 --> 7
Truck 3 [len = 14]: 0 --> 74 --> 75 --> 43 --> 27 --> 70 --> 71 --> 72 --> 69 --> 63 --> 61 --> 49 --> 51 --> 24
Truck 4 [len = 18]: 0 --> 20 --> 2 --> 17 --> 16 --> 10 --> 8 --> 15 --> 37 --> 39 --> 14 --> 31 --> 11 --> 13 --> 73 --> 6 --> 5 --> 22
> Generation - Distance curve saved to fig/pr76_baseline_30_5_1000_100_10_20211216_17_32_14/20211216_17_32_47.png.
