--> Running ID = 15
> Loading cities from instances/pr76.txt
	>> 76 cities in total to be loaded
> 76 cities loaded from instances/pr76.txt
> Initial distance: 554642.178471
> Starting running GA.
	>> cities = 76, salesmen = 5
	>> Generations = 1000, PopulationSize = 100, TournamentSize = 10
# Generation Distance
% 1 525245.677878
% 2 512297.174864
% 3 514811.116035
% 4 504252.664657
% 5 500218.034691
% 6 500218.034691
% 7 488320.551706
% 8 481613.404216
% 9 485672.667260
% 10 473763.033116
% 11 479459.960454
% 12 472436.627323
% 13 462955.947422
% 14 451446.556055
% 15 444169.568078
% 16 443576.783408
% 17 440220.166392
% 18 448430.845764
% 19 436333.596026
% 20 418443.362427
% 21 426943.586678
% 22 435431.524184
% 23 423140.553578
% 24 429021.586174
% 25 414517.991145
% 26 416286.280246
% 27 410732.522387
% 28 414011.237694
% 29 402348.992632
% 30 407833.158396
% 31 407076.229685
% 32 413824.104549
% 33 406009.386539
% 34 403030.209542
% 35 401688.591649
% 36 391965.902609
% 37 408569.871361
% 38 395187.130199
% 39 399805.496380
% 40 400275.501325
% 41 394321.857004
% 42 394677.169826
% 43 389793.367528
% 44 389468.168040
% 45 377717.621550
% 46 385077.831255
% 47 391232.766745
% 48 394482.844156
% 49 387320.569851
% 50 389361.745390
% 51 390018.341396
% 52 391267.453477
% 53 396618.871269
% 54 395413.931592
% 55 390712.606191
% 56 394676.262029
% 57 392247.736613
% 58 380953.448720
% 59 382115.838040
% 60 394438.353074
% 61 389353.191737
% 62 385098.700818
% 63 379419.433720
% 64 383747.538858
% 65 390531.106461
% 66 384069.555357
% 67 391755.286698
% 68 382403.977023
% 69 379004.420064
% 70 395574.155812
% 71 384657.314451
% 72 381712.461380
% 73 373445.176844
% 74 376597.818444
% 75 373925.134375
% 76 370586.595603
% 77 370418.585291
% 78 364161.660651
% 79 365452.083820
% 80 373350.706638
% 81 367846.925491
% 82 376615.238248
% 83 369028.352378
% 84 373913.313841
% 85 381182.662510
% 86 381769.480364
% 87 375378.050643
% 88 376866.240251
% 89 381085.460217
% 90 370103.343680
% 91 357953.092436
% 92 360784.672298
% 93 354507.213774
% 94 345373.315266
% 95 344391.794539
% 96 345485.110047
% 97 346148.560931
% 98 351140.926479
% 99 350377.222215
% 100 345266.209897
% 101 341737.313254
% 102 340099.609332
% 103 350612.481436
% 104 349482.693207
% 105 357569.163885
% 106 343104.044748
% 107 346234.066699
% 108 348374.258495
% 109 345982.104525
% 110 354819.348448
% 111 345355.403009
% 112 356229.339530
% 113 356622.515951
% 114 370138.297664
% 115 380742.989337
% 116 365946.497911
% 117 349708.917986
% 118 359554.079625
% 119 354487.312556
% 120 344222.342963
% 121 355211.452920
% 122 341178.833491
% 123 344487.427941
% 124 351304.275199
% 125 328951.264166
% 126 337487.009815
% 127 335435.308412
% 128 335208.374534
% 129 324788.223915
% 130 323109.511656
% 131 338236.457246
% 132 345258.770126
% 133 344575.823185
% 134 336360.380604
% 135 347183.928684
% 136 350157.700071
% 137 353809.515062
% 138 353943.669946
% 139 369235.773186
% 140 365345.421149
% 141 370080.420461
% 142 371839.644426
% 143 370025.307914
% 144 366227.099765
% 145 379265.537980
% 146 357351.011595
% 147 366680.685528
% 148 363347.578115
% 149 345497.801483
% 150 344538.059125
% 151 334453.007284
% 152 349381.008225
% 153 338672.186765
% 154 343958.981491
% 155 344112.028806
% 156 345971.263200
% 157 353773.595826
% 158 358654.082768
% 159 368116.283884
% 160 351028.925067
% 161 363518.787902
% 162 365964.678457
% 163 367805.047099
% 164 354460.127386
% 165 363450.183234
% 166 360568.506157
% 167 374990.406858
% 168 362391.166946
% 169 379728.392920
% 170 385794.617825
% 171 365263.572815
% 172 382451.600190
% 173 377078.513663
% 174 369165.401423
% 175 375499.901827
% 176 360787.732672
% 177 354571.979619
% 178 359903.999830
% 179 359156.312128
% 180 364912.248649
% 181 369404.806484
% 182 368667.561823
% 183 375127.838625
% 184 370565.168453
% 185 375415.119452
% 186 371664.239720
% 187 371863.115249
% 188 370309.045210
% 189 358008.171981
% 190 368740.676166
% 191 361698.819709
% 192 363468.830628
% 193 372036.399536
% 194 355170.585796
% 195 356820.488739
% 196 368312.864479
% 197 371080.674567
% 198 384057.568472
% 199 377065.790568
% 200 382004.887094
% 201 381360.189554
% 202 384570.192103
% 203 368224.118945
% 204 375045.811807
% 205 373651.433930
% 206 379697.254338
% 207 370848.135255
% 208 368805.992993
> Finished 208 generations with 1512800 distance calculations. GA Runtime = 29.0569 sec
> Final distance: 323109.511656
> Final Route:
Truck 0 [len = 14]: 0 --> 74 --> 75 --> 22 --> 73 --> 7 --> 42 --> 41 --> 20 --> 45 --> 23 --> 21 --> 26 --> 43
Truck 1 [len = 18]: 0 --> 2 --> 24 --> 29 --> 33 --> 62 --> 64 --> 72 --> 59 --> 40 --> 57 --> 51 --> 58 --> 36 --> 34 --> 17 --> 10 --> 8
Truck 2 [len = 22]: 0 --> 6 --> 5 --> 3 --> 47 --> 68 --> 44 --> 53 --> 49 --> 50 --> 65 --> 55 --> 56 --> 61 --> 60 --> 15 --> 28 --> 32 --> 71 --> 70 --> 46 --> 4
Truck 3 [len = 16]: 0 --> 1 --> 18 --> 9 --> 14 --> 11 --> 35 --> 37 --> 39 --> 54 --> 48 --> 67 --> 52 --> 31 --> 19 --> 30
Truck 4 [len = 10]: 0 --> 27 --> 66 --> 69 --> 63 --> 25 --> 38 --> 16 --> 12 --> 13
> Generation - Distance curve saved to fig/pr76_baseline_30_5_1000_100_10_20211216_17_32_14/20211216_17_39_44.png.
