--> Running ID = 4
> Loading cities from instances/pr76.txt
	>> 76 cities in total to be loaded
> 76 cities loaded from instances/pr76.txt
> Initial distance: 534371.892893
> Starting running GA.
	>> cities = 76, salesmen = 5
	>> Generations = 1000, PopulationSize = 100, TournamentSize = 10
# Generation Distance
% 1 516534.579367
% 2 513080.958832
% 3 519204.875715
% 4 524346.572991
% 5 511920.563049
% 6 519580.013699
% 7 507780.579618
% 8 494451.268297
% 9 489990.060993
% 10 477227.265072
% 11 470228.341213
% 12 468291.112145
% 13 448850.319196
% 14 459034.553335
% 15 454043.804001
% 16 447992.809416
% 17 447717.708131
% 18 444718.831599
% 19 438406.495637
% 20 427234.284396
% 21 413019.010881
% 22 419585.091999
% 23 404994.915460
% 24 412395.551062
% 25 405041.851075
% 26 423268.586424
% 27 424561.941646
% 28 419586.798517
% 29 406953.136596
% 30 408653.552589
% 31 412608.932445
% 32 413056.246598
% 33 406894.535774
% 34 416724.356024
% 35 415916.800747
% 36 412101.357042
% 37 408165.831334
% 38 409236.770894
% 39 380515.738618
% 40 391849.136648
% 41 381824.317007
% 42 374788.280783
% 43 389653.231406
% 44 380085.264053
% 45 386244.190214
% 46 383188.701731
% 47 391510.859537
% 48 388087.273115
% 49 385955.233904
% 50 394015.390588
% 51 389910.874831
% 52 397078.733879
% 53 396677.269296
% 54 391668.832394
% 55 395036.393014
% 56 388127.535732
% 57 379176.471861
% 58 396640.753029
% 59 400108.789828
% 60 395548.674192
% 61 401313.583540
% 62 389534.464438
% 63 402819.498777
% 64 399328.527504
% 65 399492.059281
% 66 395225.341225
% 67 397793.266246
% 68 398636.818786
% 69 398525.264703
% 70 405033.703801
% 71 404102.396241
% 72 376117.980679
% 73 382983.197461
% 74 379929.309079
% 75 370513.519253
% 76 375571.863052
% 77 360968.843044
% 78 367148.330213
% 79 371092.537191
% 80 375367.237028
% 81 355626.591537
% 82 358659.224979
% 83 362380.315155
% 84 373205.049027
% 85 367392.814388
% 86 373966.828653
% 87 377460.548168
% 88 365491.342984
% 89 378636.098664
% 90 383312.246076
% 91 382161.433212
% 92 371938.488607
% 93 377173.396468
% 94 381733.612990
% 95 381596.383048
% 96 372828.721940
% 97 383893.831343
% 98 381418.127413
% 99 367627.849468
% 100 374738.126414
% 101 359052.392845
% 102 357279.667716
% 103 347716.398449
% 104 342269.757002
% 105 340224.593790
% 106 355326.901927
% 107 351807.557582
% 108 352675.648462
% 109 355979.455892
% 110 354413.484317
% 111 345265.032317
% 112 341806.075316
% 113 358101.603932
% 114 339973.764110
% 115 353274.436978
% 116 347307.238537
% 117 353377.585591
% 118 361162.377857
% 119 354591.272296
% 120 364590.778631
% 121 360511.935719
% 122 364858.916703
% 123 363326.526227
% 124 367022.929132
% 125 356505.065815
% 126 380388.239813
% 127 374850.049442
% 128 367221.920394
% 129 372501.929968
% 130 367398.483849
% 131 366590.441260
% 132 371153.684637
% 133 364969.212253
% 134 367131.291979
% 135 353897.350987
% 136 349470.031111
% 137 361630.511064
% 138 363262.575359
% 139 364003.147296
% 140 375838.336400
% 141 373375.351641
% 142 366695.047677
% 143 368611.349323
% 144 361206.340191
% 145 358801.200800
% 146 345749.220126
% 147 348253.878347
% 148 343191.455227
% 149 346049.481203
% 150 350129.589449
% 151 337575.741787
% 152 346150.474994
% 153 326803.127942
% 154 341613.594618
% 155 341152.270957
% 156 337251.133763
% 157 332572.463992
% 158 348820.084171
% 159 336395.724969
% 160 338450.449401
% 161 350756.535848
% 162 352087.125205
% 163 356141.653606
% 164 351283.498501
% 165 360882.415894
% 166 354883.437723
% 167 373407.916396
% 168 377688.909684
% 169 366717.426435
% 170 382154.796050
% 171 385311.444971
% 172 383670.733378
% 173 385436.588350
% 174 388292.701546
% 175 392208.945432
% 176 403262.607348
% 177 402114.272902
% 178 403930.033956
% 179 404451.672934
% 180 391788.503203
% 181 397928.361962
% 182 383600.707818
% 183 387800.328840
% 184 387040.047318
% 185 385887.418768
% 186 391373.634396
% 187 394916.910555
% 188 400938.376634
% 189 395717.659184
% 190 396545.313085
% 191 390062.209009
% 192 391252.159492
% 193 394861.719840
% 194 397656.465510
% 195 401215.507423
% 196 400088.062493
% 197 397010.510489
% 198 400723.722243
% 199 392129.297966
% 200 395618.734216
% 201 390619.036963
% 202 392248.638315
% 203 397309.695669
% 204 394323.714793
% 205 393048.319222
% 206 381097.954390
% 207 384642.454885
% 208 387525.145064
> Finished 208 generations with 1513520 distance calculations. GA Runtime = 30.2744 sec
> Final distance: 326803.127942
> Final Route:
Truck 0 [len = 13]: 0 --> 23 --> 7 --> 18 --> 58 --> 40 --> 56 --> 72 --> 70 --> 63 --> 61 --> 33 --> 2
Truck 1 [len = 10]: 0 --> 6 --> 9 --> 16 --> 15 --> 17 --> 37 --> 4 --> 8 --> 1
Truck 2 [len = 8]: 0 --> 22 --> 12 --> 11 --> 10 --> 35 --> 32 --> 47
Truck 3 [len = 33]: 0 --> 46 --> 68 --> 67 --> 66 --> 25 --> 30 --> 27 --> 20 --> 45 --> 26 --> 34 --> 39 --> 5 --> 36 --> 73 --> 14 --> 41 --> 65 --> 71 --> 54 --> 55 --> 38 --> 51 --> 50 --> 48 --> 44 --> 43 --> 69 --> 3 --> 19 --> 24 --> 21
Truck 4 [len = 16]: 0 --> 28 --> 31 --> 29 --> 13 --> 52 --> 49 --> 59 --> 60 --> 64 --> 62 --> 57 --> 53 --> 42 --> 75 --> 74
> Generation - Distance curve saved to fig/pr76_baseline_30_5_1000_100_10_20211216_17_32_14/20211216_17_33_51.png.
