--> Running ID = 18
> Loading cities from instances/pr76.txt
	>> 76 cities in total to be loaded
> 76 cities loaded from instances/pr76.txt
> Initial distance: 549124.401902
> Starting running GA.
	>> cities = 76, salesmen = 5
	>> Generations = 1000, PopulationSize = 100, TournamentSize = 10
# Generation Distance
% 1 525052.786805
% 2 519735.527756
% 3 515076.666164
% 4 488649.361480
% 5 500788.521186
% 6 501121.599654
% 7 491988.377523
% 8 492094.813760
% 9 483271.117679
% 10 476296.609569
% 11 456549.154957
% 12 457325.875122
% 13 458166.548782
% 14 460719.675704
% 15 455280.706684
% 16 456534.527874
% 17 442778.595833
% 18 442609.416428
% 19 446784.327705
% 20 453511.076928
% 21 451166.251013
% 22 441714.634316
% 23 444640.558395
% 24 449524.451875
% 25 444238.622491
% 26 425896.844328
% 27 437985.851717
% 28 432720.603075
% 29 435678.754274
% 30 429649.578305
% 31 431751.379851
% 32 446626.749250
% 33 439523.529339
% 34 426325.935844
% 35 428760.800668
% 36 417560.196988
% 37 425386.701129
% 38 423700.391227
% 39 417546.371863
% 40 413139.792954
% 41 414499.326195
% 42 425535.473504
% 43 409937.728748
% 44 408678.888372
% 45 413724.099384
% 46 419831.069961
% 47 412372.153085
% 48 413491.544441
% 49 394212.597279
% 50 390366.343159
% 51 395452.618672
% 52 387021.759885
% 53 384229.905421
% 54 387380.214286
% 55 395503.971697
% 56 382574.595396
% 57 386020.852053
% 58 382381.456030
% 59 361750.836546
% 60 366631.649644
% 61 376327.318083
% 62 372245.445174
% 63 377865.036111
% 64 369032.958981
% 65 374313.443528
% 66 373074.799244
% 67 383036.422857
% 68 377991.260698
% 69 377372.735678
% 70 380733.181392
% 71 378580.412385
% 72 378133.022091
% 73 379246.341298
% 74 383089.826760
% 75 369590.920524
% 76 378320.572987
% 77 377349.518608
% 78 374004.693531
% 79 379398.714066
% 80 374926.102235
% 81 384796.284793
% 82 391364.128831
% 83 387743.846445
% 84 373582.182899
% 85 353386.261140
% 86 376943.355126
% 87 365362.424362
% 88 378187.364261
% 89 362466.757718
% 90 363235.760127
% 91 363087.887141
% 92 368298.476419
% 93 376873.215574
% 94 375803.011091
% 95 368007.126464
% 96 372021.457969
% 97 375420.535256
% 98 377969.201586
% 99 373053.542350
% 100 381237.922510
% 101 378915.450380
% 102 387865.117183
% 103 370457.538711
% 104 362679.092845
% 105 352610.496049
% 106 374107.075586
% 107 382914.693789
% 108 381081.997145
% 109 382859.129388
% 110 373936.675003
% 111 381825.094806
% 112 379678.791085
% 113 383569.077686
% 114 391518.706472
% 115 382620.647443
% 116 378163.868615
% 117 395640.417191
% 118 378208.079660
% 119 383685.863237
% 120 383375.104488
% 121 372528.309706
% 122 381484.924561
% 123 377296.316184
% 124 379933.102881
% 125 385671.921867
% 126 386232.030342
% 127 389970.236253
% 128 387283.443127
% 129 386213.245291
% 130 385552.766963
% 131 374534.513755
% 132 369394.069074
% 133 357319.277376
% 134 360107.476040
% 135 360107.476040
% 136 373972.593891
% 137 369465.598744
% 138 374422.645660
% 139 377750.849683
% 140 381663.137727
% 141 366127.994050
% 142 370451.372312
% 143 385500.796874
% 144 379363.232053
% 145 371132.099619
% 146 379455.516737
% 147 382635.237398
% 148 386950.074087
% 149 393674.991809
% 150 385305.988046
% 151 394883.003341
% 152 386444.134499
% 153 365932.519999
% 154 375978.722025
% 155 373448.627818
% 156 358884.930149
% 157 358664.751563
% 158 365709.093436
% 159 371339.857423
% 160 391399.318579
% 161 384537.307327
% 162 382772.348342
% 163 382171.257945
% 164 375677.744865
% 165 370605.493255
% 166 360495.758772
% 167 367169.970517
% 168 373879.055850
% 169 382614.717701
% 170 375584.193621
% 171 371474.073539
% 172 383258.662357
% 173 375792.716271
% 174 393912.149199
% 175 385270.043949
% 176 383255.276831
% 177 391487.671105
% 178 384212.189305
% 179 388553.752220
% 180 379661.258110
% 181 378776.233099
% 182 383752.912257
% 183 384116.155608
% 184 373935.595647
% 185 374391.276841
% 186 377696.177658
% 187 380265.781486
% 188 383980.523556
% 189 381924.976413
% 190 393182.310068
% 191 373802.927995
% 192 378092.495266
% 193 384954.887063
% 194 378778.261153
% 195 364245.585632
% 196 366076.396904
% 197 375132.260671
% 198 362457.429158
% 199 370422.094028
% 200 357902.201046
% 201 370234.185146
% 202 367442.623393
% 203 376259.395146
% 204 381322.702549
% 205 380034.741628
% 206 379891.770216
% 207 385940.590561
% 208 399689.238453
> Finished 208 generations with 1513920 distance calculations. GA Runtime = 27.0450 sec
> Final distance: 352610.496049
> Final Route:
Truck 0 [len = 15]: 0 --> 74 --> 27 --> 21 --> 24 --> 25 --> 28 --> 41 --> 33 --> 11 --> 36 --> 42 --> 53 --> 48 --> 47
Truck 1 [len = 23]: 0 --> 1 --> 3 --> 2 --> 31 --> 30 --> 29 --> 50 --> 58 --> 60 --> 49 --> 43 --> 20 --> 18 --> 19 --> 14 --> 4 --> 6 --> 73 --> 15 --> 16 --> 13 --> 5
Truck 2 [len = 9]: 0 --> 7 --> 57 --> 51 --> 59 --> 39 --> 12 --> 10 --> 68
Truck 3 [len = 16]: 0 --> 9 --> 23 --> 26 --> 52 --> 71 --> 61 --> 64 --> 70 --> 35 --> 37 --> 17 --> 34 --> 44 --> 22 --> 75
Truck 4 [len = 17]: 0 --> 32 --> 45 --> 46 --> 67 --> 69 --> 66 --> 54 --> 62 --> 63 --> 72 --> 65 --> 55 --> 56 --> 40 --> 38 --> 8
> Generation - Distance curve saved to fig/pr76_baseline_30_5_1000_100_10_20211216_17_32_14/20211216_17_41_20.png.
