--> Running ID = 24
> Loading cities from instances/pr76.txt
	>> 76 cities in total to be loaded
> 76 cities loaded from instances/pr76.txt
> Initial distance: 556252.309668
> Starting running GA.
	>> cities = 76, salesmen = 5
	>> Generations = 1000, PopulationSize = 100, TournamentSize = 10
# Generation Distance
% 1 528605.284132
% 2 499163.464740
% 3 500047.386773
% 4 490892.649760
% 5 479848.183043
% 6 465818.855004
% 7 479766.225847
% 8 463170.532214
% 9 463777.737026
% 10 461414.209095
% 11 453011.452345
% 12 466689.572038
% 13 464191.904413
% 14 465838.391568
% 15 439708.839023
% 16 427480.401379
% 17 429067.255945
% 18 433679.912932
% 19 433830.690507
% 20 427521.800954
% 21 418372.643458
% 22 423962.661205
% 23 417992.326324
% 24 414802.466639
% 25 406833.735193
% 26 421003.598005
% 27 415694.960120
% 28 402730.718705
% 29 405131.127180
% 30 401740.682155
% 31 420660.358135
% 32 407312.762294
% 33 422495.498487
% 34 419924.554124
% 35 422670.973602
% 36 416214.052178
% 37 417383.805926
% 38 424433.084264
% 39 428722.867729
% 40 420490.566236
% 41 418548.703034
% 42 422688.967327
% 43 428077.681377
% 44 417865.561290
% 45 413640.496252
% 46 415279.806036
% 47 400506.455675
% 48 399258.598007
% 49 398064.234809
% 50 392186.535019
% 51 392262.901001
% 52 390098.691865
% 53 397545.066932
% 54 405112.839804
% 55 413507.579355
% 56 387855.023628
% 57 397775.192137
% 58 380153.711415
% 59 382769.675750
% 60 374137.478711
% 61 364776.806820
% 62 373278.209654
% 63 373087.462234
% 64 376952.365078
% 65 376760.622660
% 66 368767.709846
% 67 373262.422335
% 68 364492.593000
% 69 375405.767545
% 70 370670.792497
% 71 382110.675081
% 72 380974.517416
% 73 382540.428653
% 74 384646.905593
% 75 374183.947634
% 76 382483.197541
% 77 376257.466676
% 78 368191.768503
% 79 373152.897784
% 80 382471.783167
% 81 379781.058107
% 82 379154.913341
% 83 370675.689470
% 84 382874.031589
% 85 379041.672248
% 86 380364.505681
% 87 390551.404704
% 88 378536.007151
% 89 396810.364403
% 90 381122.769035
% 91 389230.611162
% 92 384029.362075
% 93 395331.209016
% 94 395551.688042
% 95 388158.141169
% 96 390229.310226
% 97 396956.171456
% 98 393688.044369
% 99 397935.145210
% 100 392987.465042
% 101 381660.536939
% 102 396062.838748
% 103 394020.970615
% 104 391063.949812
% 105 405087.277353
% 106 402701.585387
% 107 383248.360904
% 108 401154.193484
% 109 410658.423568
% 110 382347.183411
% 111 398340.092847
% 112 377685.661805
% 113 390703.405175
% 114 400766.919925
% 115 388365.956166
% 116 400396.959574
% 117 391419.953729
% 118 388524.700677
% 119 383142.857636
% 120 374126.436635
% 121 363463.455347
% 122 372256.218716
% 123 363049.870911
% 124 359467.364502
% 125 369543.198573
% 126 356364.461572
% 127 356105.729811
% 128 362759.154106
% 129 356677.965436
% 130 363288.440971
% 131 373353.632082
% 132 362107.626944
% 133 370991.879955
% 134 375039.021985
% 135 365597.689401
% 136 374203.741307
% 137 381663.791309
% 138 373921.956043
% 139 384828.344049
% 140 384685.789417
% 141 373219.010947
% 142 398724.987980
% 143 388161.708459
% 144 401087.461075
% 145 390045.136750
% 146 387592.545828
% 147 388198.677542
% 148 386898.798779
% 149 375638.628311
% 150 370837.528390
% 151 366791.569804
% 152 374919.944677
% 153 373994.812208
% 154 386851.023289
% 155 383405.871766
% 156 374798.552708
% 157 379831.576474
% 158 389179.136665
% 159 395628.033209
% 160 384475.375383
% 161 373629.020373
% 162 369396.532296
% 163 383461.496732
% 164 381090.878356
% 165 381049.472656
% 166 369335.603036
% 167 360631.772984
% 168 359835.899758
% 169 368086.973117
% 170 355128.461592
% 171 357403.059933
% 172 353544.857539
% 173 366335.489625
% 174 360714.767262
% 175 363756.191901
% 176 359812.241765
% 177 366664.523951
% 178 343403.375035
% 179 351222.738556
% 180 359163.823832
% 181 359483.082709
% 182 352341.752622
% 183 345518.921523
% 184 357603.025137
% 185 364121.871739
% 186 363702.054866
% 187 362531.215690
% 188 362126.265976
% 189 350763.618598
% 190 364486.533203
% 191 354401.126544
% 192 351666.782782
% 193 357212.994410
% 194 373376.188779
% 195 369810.675267
% 196 377109.772418
% 197 351170.687490
% 198 362963.357395
% 199 349073.172806
% 200 367047.128134
% 201 363586.279199
% 202 363244.249810
% 203 377384.946831
% 204 365369.872540
% 205 365687.166894
% 206 360368.768019
% 207 356040.584240
% 208 352369.634221
> Finished 208 generations with 1512960 distance calculations. GA Runtime = 29.0682 sec
> Final distance: 343403.375035
> Final Route:
Truck 0 [len = 25]: 0 --> 42 --> 41 --> 46 --> 66 --> 68 --> 43 --> 27 --> 51 --> 54 --> 59 --> 31 --> 55 --> 71 --> 72 --> 60 --> 57 --> 65 --> 61 --> 40 --> 32 --> 16 --> 35 --> 10 --> 6
Truck 1 [len = 10]: 0 --> 18 --> 37 --> 38 --> 39 --> 48 --> 24 --> 22 --> 4 --> 14
Truck 2 [len = 18]: 0 --> 19 --> 69 --> 67 --> 49 --> 58 --> 50 --> 52 --> 33 --> 34 --> 63 --> 62 --> 56 --> 15 --> 73 --> 11 --> 53 --> 2
Truck 3 [len = 16]: 0 --> 8 --> 23 --> 30 --> 64 --> 70 --> 17 --> 36 --> 13 --> 5 --> 3 --> 28 --> 26 --> 20 --> 75 --> 74
Truck 4 [len = 11]: 0 --> 25 --> 29 --> 12 --> 7 --> 1 --> 9 --> 45 --> 44 --> 47 --> 21
> Generation - Distance curve saved to fig/pr76_baseline_30_5_1000_100_10_20211216_17_32_14/20211216_17_44_27.png.
