--> Running ID = 8
> Loading cities from instances/pr76.txt
	>> 76 cities in total to be loaded
> 76 cities loaded from instances/pr76.txt
> Initial distance: 542914.525229
> Starting running GA.
	>> cities = 76, salesmen = 5
	>> Generations = 1000, PopulationSize = 100, TournamentSize = 10
# Generation Distance
% 1 524147.310749
% 2 535514.815539
% 3 513158.178578
% 4 509520.082119
% 5 500218.470743
% 6 486763.003465
% 7 490717.032740
% 8 491094.604774
% 9 481607.540140
% 10 477471.026666
% 11 475414.829083
% 12 480384.562364
% 13 477474.296017
% 14 473263.127281
% 15 472533.299107
% 16 463593.218601
% 17 462048.545517
% 18 447478.809189
% 19 434720.904086
% 20 442062.126856
% 21 432256.702108
% 22 432540.274732
% 23 432338.469049
% 24 421507.781846
% 25 434133.213858
% 26 422799.043995
% 27 423716.101063
% 28 419788.976910
% 29 418353.563016
% 30 418269.280888
% 31 417161.342642
% 32 397485.910319
% 33 392339.288289
% 34 388400.454833
% 35 390855.167029
% 36 397282.280885
% 37 399125.694004
% 38 395546.724791
% 39 388940.610231
% 40 397760.302875
% 41 382465.407234
% 42 393789.740215
% 43 397528.374447
% 44 397728.155796
% 45 403852.978344
% 46 412110.878172
% 47 401757.396943
% 48 412679.146189
% 49 412245.593998
% 50 404321.991185
% 51 399377.626285
% 52 396883.804528
% 53 398282.326387
% 54 385847.834907
% 55 391432.769428
% 56 394565.401423
% 57 386335.978367
% 58 390718.503669
% 59 379869.411469
% 60 377229.658499
% 61 388490.276039
% 62 383789.270063
% 63 381535.566138
% 64 382337.258909
% 65 363197.793458
% 66 380372.735536
% 67 386635.043697
% 68 375042.909500
% 69 374644.964222
% 70 380057.672340
% 71 363116.849946
% 72 367350.279242
% 73 371357.191120
% 74 385853.046143
% 75 383793.185274
% 76 367483.560835
% 77 360827.515363
% 78 356234.198818
% 79 366174.617798
% 80 355638.331762
% 81 355122.916704
% 82 353474.911721
% 83 368789.580420
% 84 358714.393218
% 85 361631.198297
% 86 351133.695053
% 87 347277.584675
% 88 355591.177854
% 89 354486.849970
% 90 360660.006824
% 91 361963.850484
% 92 366483.220864
% 93 360708.157782
% 94 372104.298999
% 95 363665.129253
% 96 360907.909965
% 97 367126.003289
% 98 367206.641569
% 99 366818.260821
% 100 353550.114438
% 101 351897.834917
% 102 357844.758948
% 103 345984.500916
% 104 347872.114901
% 105 345932.457302
% 106 351137.957142
% 107 358731.858816
% 108 354542.879530
% 109 341605.944862
% 110 351338.842090
% 111 351098.829830
% 112 360748.069717
% 113 337348.503016
% 114 352060.381061
% 115 358292.898641
% 116 367706.212489
% 117 375556.108325
% 118 368666.129227
% 119 380506.288098
% 120 386143.055857
% 121 388367.413950
% 122 386143.150223
% 123 393367.474873
% 124 394420.945439
% 125 400912.061075
% 126 399339.200873
% 127 397295.851388
% 128 389673.240273
% 129 398627.791968
% 130 398099.864186
% 131 398145.052547
% 132 387925.248747
% 133 394012.890460
% 134 384684.077092
% 135 384777.358999
% 136 383878.204072
% 137 389184.570256
% 138 387853.578171
% 139 386052.554055
% 140 392195.253427
% 141 393976.760929
% 142 396100.216372
% 143 394913.747758
% 144 386610.152728
% 145 390960.663726
% 146 383604.802915
% 147 401160.136267
% 148 394149.111546
% 149 382565.361728
% 150 399782.636199
% 151 386144.464662
% 152 373996.905448
% 153 381953.122527
% 154 376443.756972
% 155 381144.268278
% 156 378628.541607
% 157 384168.547762
% 158 378241.872384
% 159 376783.246899
% 160 369237.887876
% 161 373288.741167
% 162 388174.251083
% 163 383429.694086
% 164 382955.584223
% 165 378316.870878
% 166 368941.060593
% 167 372266.767317
% 168 368777.927619
% 169 376009.122048
% 170 362677.542282
% 171 376089.900765
% 172 373168.491798
% 173 377390.636986
% 174 379627.084090
% 175 383848.403424
% 176 376958.024224
% 177 378996.746815
% 178 374332.850818
% 179 374737.314385
% 180 376046.043850
% 181 373162.930306
% 182 361833.405055
% 183 346890.058691
% 184 355096.445339
% 185 360309.635606
% 186 361504.360606
% 187 364724.811823
% 188 367617.807461
% 189 369251.689284
% 190 377878.451343
% 191 373830.038764
% 192 367723.440420
% 193 376253.344389
% 194 366205.544706
% 195 374083.153225
% 196 376386.121915
% 197 381772.654911
% 198 371694.487096
% 199 374001.232249
% 200 374823.927378
% 201 369367.382598
% 202 381050.534915
% 203 371025.413774
% 204 370058.427766
% 205 372896.248730
% 206 375186.971363
% 207 369807.138531
% 208 382614.099490
> Finished 208 generations with 1515040 distance calculations. GA Runtime = 29.9976 sec
> Final distance: 337348.503016
> Final Route:
Truck 0 [len = 18]: 0 --> 15 --> 14 --> 8 --> 27 --> 71 --> 61 --> 72 --> 65 --> 49 --> 53 --> 46 --> 54 --> 58 --> 40 --> 38 --> 37 --> 7
Truck 1 [len = 13]: 0 --> 74 --> 75 --> 12 --> 3 --> 13 --> 73 --> 16 --> 47 --> 43 --> 68 --> 67 --> 45
Truck 2 [len = 12]: 0 --> 44 --> 31 --> 22 --> 10 --> 11 --> 32 --> 24 --> 30 --> 41 --> 25 --> 23
Truck 3 [len = 27]: 0 --> 29 --> 20 --> 69 --> 70 --> 60 --> 59 --> 55 --> 51 --> 52 --> 50 --> 62 --> 6 --> 2 --> 4 --> 18 --> 19 --> 9 --> 66 --> 42 --> 63 --> 56 --> 33 --> 57 --> 64 --> 48 --> 28
Truck 4 [len = 10]: 0 --> 1 --> 21 --> 26 --> 34 --> 39 --> 36 --> 35 --> 17 --> 5
> Generation - Distance curve saved to fig/pr76_baseline_30_5_1000_100_10_20211216_17_32_14/20211216_17_35_59.png.
