--> Running ID = 29
> Loading cities from instances/pr76.txt
	>> 76 cities in total to be loaded
> 76 cities loaded from instances/pr76.txt
> Initial distance: 554707.016201
> Starting running GA.
	>> cities = 76, salesmen = 5
	>> Generations = 1000, PopulationSize = 100, TournamentSize = 10
# Generation Distance
% 1 548162.547682
% 2 529075.138971
% 3 520974.688256
% 4 524219.021354
% 5 517099.705130
% 6 499754.183411
% 7 499571.379773
% 8 495376.155873
% 9 488483.697835
% 10 492702.495921
% 11 485547.651306
% 12 490223.157778
% 13 481405.092132
% 14 478868.688812
% 15 459205.658030
% 16 449730.601069
% 17 446086.973987
% 18 446546.936294
% 19 436401.355906
% 20 436192.060132
% 21 417975.022417
% 22 414776.579044
% 23 419527.727444
% 24 413975.524000
% 25 409580.214557
% 26 410202.729053
% 27 398366.149191
% 28 400123.826370
% 29 400457.619639
% 30 389070.282679
% 31 394285.865769
% 32 395047.189466
% 33 391543.913687
% 34 405839.941360
% 35 391222.267471
% 36 398622.209037
% 37 379318.897586
% 38 393712.360798
% 39 389024.651243
% 40 384706.701771
% 41 395869.801742
% 42 391967.626366
% 43 385821.380172
% 44 375288.597807
% 45 384172.107614
% 46 393081.773604
% 47 396070.361616
% 48 386382.448314
% 49 389489.143555
% 50 391105.918304
% 51 402061.216875
% 52 394591.425747
% 53 399494.709406
% 54 396713.763801
% 55 388463.491483
% 56 395017.304180
% 57 382450.230620
% 58 379619.685063
% 59 379092.546316
% 60 376745.559110
% 61 390486.553109
% 62 407745.861142
% 63 402766.381366
% 64 403079.855664
% 65 411227.503934
% 66 395845.714148
% 67 404200.407819
% 68 397851.140081
% 69 388618.203177
% 70 387511.599126
% 71 394654.290191
% 72 403010.348613
% 73 394646.755644
% 74 393176.874538
% 75 403924.310103
% 76 388838.635518
% 77 375602.311954
% 78 393080.689907
% 79 399766.569872
% 80 404321.379488
% 81 400162.796009
% 82 398407.581047
% 83 389329.874148
% 84 379036.830889
% 85 370922.104519
% 86 382039.903463
% 87 383281.194976
% 88 384946.140844
% 89 383323.040994
% 90 387640.701308
% 91 379329.288712
% 92 374876.213625
% 93 382982.068061
% 94 370631.134721
% 95 375041.223302
% 96 375882.328921
% 97 377688.656856
% 98 389593.126155
% 99 382338.059446
% 100 388348.631210
% 101 396169.109934
% 102 392854.132069
% 103 394646.124920
% 104 387567.605068
% 105 397454.004097
% 106 405938.768584
% 107 386046.481902
% 108 390474.870908
% 109 403485.300574
% 110 396952.760610
% 111 397168.026212
% 112 396937.199795
% 113 394197.937101
% 114 387670.898040
% 115 388943.997741
% 116 391634.169945
% 117 384758.162065
% 118 382538.117752
% 119 378409.582136
% 120 393925.484172
% 121 390337.730789
% 122 384146.999693
% 123 386580.046150
% 124 376742.361779
% 125 383819.412599
% 126 390875.775904
% 127 393101.189449
% 128 397131.186189
% 129 388275.471546
% 130 386404.313171
% 131 383849.024679
% 132 367086.966896
% 133 370302.269167
% 134 371161.295353
% 135 368872.315923
% 136 377221.772858
% 137 372393.279581
% 138 375389.368703
% 139 368527.663003
% 140 367764.732289
% 141 352704.639145
% 142 337507.656535
% 143 344029.036030
% 144 347380.842397
% 145 337423.116338
% 146 349476.869742
% 147 340095.302551
% 148 342683.167677
% 149 332701.711595
% 150 341898.867502
% 151 338899.923693
% 152 339480.595993
% 153 346286.052729
% 154 351383.854506
% 155 362122.125637
% 156 360305.408997
% 157 363836.634254
% 158 355174.581825
% 159 363416.590430
% 160 366551.235090
% 161 364323.041603
% 162 367061.917091
% 163 370700.185015
% 164 362561.650777
% 165 350966.874555
% 166 357781.195778
% 167 352742.405434
% 168 347395.103442
% 169 345435.844227
% 170 341776.945152
% 171 345283.944536
% 172 348002.542648
% 173 343599.460472
% 174 345248.052050
% 175 357531.253238
% 176 357048.372537
% 177 360371.419967
% 178 357045.016792
% 179 355063.162967
% 180 354995.065183
% 181 358367.834805
% 182 358458.623976
% 183 354003.829496
% 184 352732.333049
% 185 357563.232496
% 186 356015.858731
% 187 347892.191412
% 188 362518.603973
% 189 359427.333501
% 190 344580.784716
% 191 339118.428483
% 192 333164.520211
% 193 332838.058751
% 194 343418.097800
% 195 352271.561939
% 196 350636.118557
% 197 345652.221718
% 198 346714.527664
% 199 356056.966935
% 200 353766.858411
% 201 368782.637449
% 202 367832.938604
% 203 360644.106600
% 204 359515.800836
% 205 361791.961547
% 206 370324.593353
% 207 360651.554797
% 208 357694.483872
> Finished 208 generations with 1514160 distance calculations. GA Runtime = 29.5529 sec
> Final distance: 332701.711595
> Final Route:
Truck 0 [len = 25]: 0 --> 21 --> 72 --> 60 --> 55 --> 54 --> 40 --> 57 --> 58 --> 63 --> 62 --> 61 --> 71 --> 70 --> 69 --> 68 --> 67 --> 49 --> 41 --> 44 --> 46 --> 45 --> 42 --> 24 --> 20
Truck 1 [len = 11]: 0 --> 9 --> 73 --> 7 --> 3 --> 2 --> 22 --> 1 --> 6 --> 75 --> 74
Truck 2 [len = 12]: 0 --> 52 --> 64 --> 53 --> 11 --> 47 --> 65 --> 48 --> 43 --> 28 --> 66 --> 25
Truck 3 [len = 12]: 0 --> 23 --> 26 --> 38 --> 27 --> 59 --> 39 --> 37 --> 32 --> 31 --> 5 --> 8
Truck 4 [len = 20]: 0 --> 29 --> 51 --> 50 --> 56 --> 33 --> 16 --> 34 --> 35 --> 10 --> 30 --> 4 --> 19 --> 36 --> 13 --> 18 --> 17 --> 15 --> 12 --> 14
> Generation - Distance curve saved to fig/pr76_baseline_30_5_1000_100_10_20211216_17_32_14/20211216_17_47_06.png.
