--> Running ID = 27
> Loading cities from instances/pr76.txt
	>> 76 cities in total to be loaded
> 76 cities loaded from instances/pr76.txt
> Initial distance: 559973.404228
> Starting running GA.
	>> cities = 76, salesmen = 5
	>> Generations = 1000, PopulationSize = 100, TournamentSize = 10
# Generation Distance
% 1 531897.586404
% 2 533536.317173
% 3 536610.306954
% 4 531129.425828
% 5 524995.124492
% 6 515655.207704
% 7 496512.582410
% 8 474736.762283
% 9 476199.433784
% 10 471724.371677
% 11 467924.272402
% 12 466466.957184
% 13 456987.533032
% 14 438031.963801
% 15 435253.943774
% 16 432870.835813
% 17 435637.435063
% 18 428438.357263
% 19 421719.230303
% 20 410808.729135
% 21 397106.873612
% 22 392238.149288
% 23 391352.425904
% 24 396238.759244
% 25 404111.160758
% 26 399149.470079
% 27 397024.217927
% 28 402418.234391
% 29 389110.484018
% 30 383407.811529
% 31 387505.926887
% 32 384907.573916
% 33 375749.313397
% 34 376969.516388
% 35 389073.240007
% 36 383900.518773
% 37 374887.085760
% 38 386319.220581
% 39 382204.021750
% 40 386295.663701
% 41 387623.381843
% 42 390740.973799
% 43 380946.248059
% 44 373242.860621
% 45 368910.289132
% 46 366509.332532
% 47 365007.896079
% 48 364247.714447
% 49 371780.040587
% 50 375900.905689
% 51 373870.764906
% 52 371013.368131
% 53 366861.174686
% 54 375811.107373
% 55 361140.819150
% 56 361945.426041
% 57 359446.557005
% 58 369535.765968
% 59 374301.912361
% 60 381323.416873
% 61 374634.252080
% 62 382283.952858
% 63 369194.582231
% 64 362484.027043
% 65 377604.667537
% 66 370353.302999
% 67 376268.909334
% 68 374635.486913
% 69 365683.751254
% 70 367777.241376
% 71 372214.537735
% 72 370618.707055
% 73 359851.477015
% 74 369632.324224
% 75 370460.618966
% 76 379908.695158
% 77 373939.971517
% 78 370505.223446
% 79 375361.098054
% 80 365900.847585
% 81 362210.229768
% 82 364275.269294
% 83 367987.950240
% 84 368411.786647
% 85 368720.049023
% 86 365474.763349
% 87 372138.376338
% 88 373527.570303
% 89 365339.157296
% 90 361428.302438
% 91 375392.320866
% 92 367697.645994
% 93 372252.085522
% 94 373429.887780
% 95 362251.069436
% 96 383211.945805
% 97 368186.801629
% 98 371862.408202
% 99 367268.868102
% 100 374021.451093
% 101 374809.697564
% 102 377240.304581
% 103 378341.828023
% 104 362951.619001
% 105 368824.665411
% 106 369804.385552
% 107 376011.739698
% 108 369296.028567
% 109 362009.057623
% 110 386403.246906
% 111 389717.657167
% 112 378355.138432
% 113 389231.083085
% 114 386833.879043
% 115 369215.628193
% 116 369038.680998
% 117 378794.825789
% 118 371114.584249
% 119 365094.638679
% 120 370816.805777
% 121 360651.595778
% 122 367287.426657
% 123 376215.621863
% 124 371184.645235
% 125 384163.569563
% 126 384205.506853
% 127 373413.302910
% 128 381137.603944
% 129 371921.098729
% 130 373429.509435
% 131 386046.810890
% 132 377439.944114
% 133 383313.213632
% 134 381832.088977
% 135 375099.272643
% 136 368328.989683
% 137 357575.857633
% 138 373630.637750
% 139 384414.625770
% 140 372327.327966
% 141 374526.659650
% 142 365817.889058
% 143 358280.026997
% 144 364006.431276
% 145 383790.338816
% 146 363105.000303
% 147 378997.307277
% 148 386223.347854
% 149 376274.158750
% 150 368452.408096
% 151 372728.812000
% 152 371003.211101
% 153 378831.242116
% 154 379710.002823
% 155 370896.821810
% 156 382141.855089
% 157 368746.478587
% 158 370458.899156
% 159 378301.161608
% 160 378822.646693
% 161 384268.050273
% 162 380264.115642
% 163 377804.126114
% 164 393849.896561
% 165 390773.925410
% 166 388992.492791
% 167 389393.735395
% 168 393285.100086
% 169 381732.417746
% 170 380930.737480
% 171 377098.998347
% 172 383290.014569
% 173 380706.225856
% 174 385172.974363
% 175 374266.609513
% 176 384609.677798
% 177 378521.112156
% 178 374687.558222
% 179 370905.040649
% 180 375061.184670
% 181 363019.045656
% 182 364720.301188
% 183 368733.400462
% 184 384690.128463
% 185 378942.237485
% 186 376213.606640
% 187 369128.146279
% 188 366982.233742
% 189 366668.816353
% 190 351928.322980
% 191 364178.086818
% 192 356522.610790
% 193 353967.395068
% 194 356036.842248
% 195 371421.914536
% 196 367525.887051
% 197 378844.704891
% 198 373606.673055
% 199 371917.476660
% 200 386933.596896
% 201 375113.926865
% 202 387428.044288
% 203 377564.042755
% 204 387469.680006
% 205 384615.710622
% 206 374276.508650
% 207 393680.476045
% 208 396279.486498
> Finished 208 generations with 1514000 distance calculations. GA Runtime = 29.1339 sec
> Final distance: 351928.322980
> Final Route:
Truck 0 [len = 16]: 0 --> 25 --> 31 --> 64 --> 41 --> 48 --> 7 --> 12 --> 14 --> 62 --> 61 --> 32 --> 23 --> 45 --> 22 --> 75
Truck 1 [len = 16]: 0 --> 54 --> 57 --> 71 --> 70 --> 63 --> 60 --> 72 --> 39 --> 17 --> 9 --> 4 --> 74 --> 21 --> 44 --> 2
Truck 2 [len = 11]: 0 --> 19 --> 18 --> 26 --> 30 --> 28 --> 65 --> 46 --> 47 --> 43 --> 3
Truck 3 [len = 17]: 0 --> 29 --> 33 --> 27 --> 67 --> 49 --> 42 --> 8 --> 5 --> 36 --> 16 --> 6 --> 38 --> 34 --> 15 --> 35 --> 24
Truck 4 [len = 20]: 0 --> 20 --> 68 --> 66 --> 69 --> 50 --> 55 --> 58 --> 56 --> 59 --> 53 --> 52 --> 51 --> 40 --> 37 --> 11 --> 10 --> 73 --> 13 --> 1
> Generation - Distance curve saved to fig/pr76_baseline_30_5_1000_100_10_20211216_17_32_14/20211216_17_46_02.png.
