--> Running ID = 16
> Loading cities from instances/pr76.txt
	>> 76 cities in total to be loaded
> 76 cities loaded from instances/pr76.txt
> Initial distance: 552297.988171
> Starting running GA.
	>> cities = 76, salesmen = 5
	>> Generations = 1000, PopulationSize = 100, TournamentSize = 10
# Generation Distance
% 1 549946.630946
% 2 532656.068319
% 3 523947.494786
% 4 522061.448489
% 5 517312.084330
% 6 514156.965065
% 7 504692.121525
% 8 488804.782698
% 9 488257.801051
% 10 491253.786643
% 11 476864.662081
% 12 476180.688821
% 13 471077.536921
% 14 472519.592952
% 15 448639.993789
% 16 450221.224937
% 17 459088.897311
% 18 442335.734524
% 19 437780.704796
% 20 433196.419265
% 21 426741.532112
% 22 422376.048333
% 23 421650.331880
% 24 416643.415196
% 25 419458.150578
% 26 418441.889061
% 27 419183.583336
% 28 410448.089976
% 29 413499.153697
% 30 396704.256626
% 31 405744.957581
% 32 401762.491809
% 33 414843.364323
% 34 391907.892820
% 35 400144.703989
% 36 398119.573760
% 37 386127.537534
% 38 393985.755674
% 39 390606.050286
% 40 406149.381714
% 41 395619.012346
% 42 392920.046593
% 43 385290.883155
% 44 376928.710481
% 45 372368.438821
% 46 380035.905506
% 47 382842.539354
% 48 379044.922775
% 49 385642.283413
% 50 372050.791159
% 51 366080.238265
% 52 377177.534521
% 53 363524.951379
% 54 358671.274045
% 55 364489.832007
% 56 366307.021421
% 57 368669.368308
% 58 364163.311670
% 59 364333.815092
% 60 376558.066226
% 61 365542.565813
% 62 363816.100702
% 63 370790.640893
% 64 373440.534888
% 65 375968.935551
% 66 369851.779624
% 67 371435.798558
% 68 395688.587333
% 69 371972.971110
% 70 370349.298356
% 71 378743.878667
% 72 369780.226432
% 73 375498.265227
% 74 365606.466482
% 75 373915.497515
% 76 368027.559921
% 77 385298.921007
% 78 377345.031253
% 79 379088.156957
% 80 374342.650682
% 81 354852.875659
% 82 364605.580091
% 83 355280.252016
% 84 349538.467696
% 85 363510.265283
% 86 371700.935146
% 87 374171.705476
% 88 368030.921016
% 89 377631.153825
% 90 372676.904811
% 91 370559.392215
% 92 367181.578662
% 93 365398.541592
% 94 366729.054429
% 95 377882.568316
% 96 373382.979559
% 97 389585.958771
% 98 375122.277300
% 99 390424.784769
% 100 386970.539948
% 101 383435.889786
% 102 383156.600262
% 103 385223.812016
% 104 384700.982797
% 105 390590.035349
% 106 390034.446733
% 107 387925.964227
% 108 381986.874267
% 109 378447.581803
% 110 392200.418357
% 111 393415.191909
% 112 385851.750955
% 113 390426.951583
% 114 394956.808706
% 115 395537.278725
% 116 394645.504543
% 117 390594.309771
% 118 374480.630534
% 119 378698.460518
% 120 381381.086477
% 121 378114.592712
% 122 376967.592403
% 123 381063.461366
% 124 362585.482801
% 125 387748.015015
% 126 374651.535285
% 127 367457.010542
% 128 376955.094767
% 129 387034.933498
% 130 378493.734298
% 131 377062.883569
% 132 386546.573846
% 133 372907.635149
% 134 383182.562504
% 135 378270.694105
% 136 367703.288018
% 137 374057.993363
% 138 389205.945555
% 139 381137.360478
% 140 375127.387864
% 141 377073.614788
% 142 362157.537892
% 143 372938.148021
% 144 360292.048773
% 145 367010.795639
% 146 376491.619376
% 147 373680.667639
% 148 383254.798808
% 149 376793.337241
% 150 396201.890983
% 151 392122.682748
% 152 393633.586822
% 153 376820.555822
% 154 362217.244653
% 155 366703.002815
% 156 374137.951279
% 157 377603.379354
% 158 376533.242657
% 159 379459.449884
% 160 367088.797529
% 161 376239.424387
% 162 363417.981328
% 163 378244.818688
% 164 361207.632631
% 165 358827.948196
% 166 356143.455781
% 167 363857.881695
% 168 358937.328864
% 169 359743.813607
% 170 361767.482229
% 171 364936.492045
% 172 358347.030674
% 173 363858.038782
% 174 365500.433754
% 175 363568.473753
% 176 366173.621589
% 177 360128.188346
% 178 375166.567202
% 179 360444.605255
% 180 372773.944143
% 181 374415.446449
% 182 369268.740689
% 183 370664.432933
% 184 373855.646737
% 185 386544.184493
% 186 391572.150688
% 187 368764.983833
% 188 370557.876263
% 189 385311.279681
% 190 356881.906858
% 191 372522.082068
% 192 365663.875279
% 193 367579.590709
% 194 364910.116821
% 195 369988.029261
% 196 362349.698152
% 197 366877.353107
% 198 363667.912942
% 199 362431.783742
% 200 363107.910723
% 201 349814.466434
% 202 354958.172413
% 203 346868.069661
% 204 353289.556861
% 205 358235.361803
% 206 348230.067556
% 207 344873.169494
% 208 358073.032024
% 209 356882.830013
> Finished 209 generations with 1519600 distance calculations. GA Runtime = 29.9230 sec
> Final distance: 344873.169494
> Final Route:
Truck 0 [len = 11]: 0 --> 27 --> 63 --> 40 --> 58 --> 62 --> 70 --> 49 --> 68 --> 24 --> 6
Truck 1 [len = 22]: 0 --> 2 --> 26 --> 25 --> 51 --> 67 --> 61 --> 60 --> 53 --> 18 --> 32 --> 31 --> 4 --> 35 --> 38 --> 54 --> 21 --> 3 --> 74 --> 75 --> 39 --> 45
Truck 2 [len = 14]: 0 --> 22 --> 1 --> 47 --> 46 --> 48 --> 65 --> 69 --> 66 --> 52 --> 19 --> 8 --> 10 --> 13
Truck 3 [len = 15]: 0 --> 23 --> 20 --> 5 --> 7 --> 34 --> 43 --> 44 --> 9 --> 73 --> 11 --> 37 --> 36 --> 17 --> 16
Truck 4 [len = 18]: 0 --> 12 --> 15 --> 59 --> 57 --> 56 --> 64 --> 72 --> 71 --> 50 --> 55 --> 14 --> 41 --> 33 --> 28 --> 29 --> 30 --> 42
> Generation - Distance curve saved to fig/pr76_baseline_30_5_1000_100_10_20211216_17_32_14/20211216_17_40_16.png.
