--> Running ID = 13
> Loading cities from instances/pr76.txt
	>> 76 cities in total to be loaded
> 76 cities loaded from instances/pr76.txt
> Initial distance: 537742.181085
> Starting running GA.
	>> cities = 76, salesmen = 5
	>> Generations = 1000, PopulationSize = 100, TournamentSize = 10
# Generation Distance
% 1 509195.539004
% 2 504996.809443
% 3 492244.864295
% 4 488748.011679
% 5 466754.005310
% 6 469545.320110
% 7 462832.830766
% 8 455330.538168
% 9 451435.429802
% 10 451015.856991
% 11 439281.937649
% 12 444704.967501
% 13 441654.166272
% 14 432938.322893
% 15 445331.523555
% 16 434310.828469
% 17 436603.025862
% 18 443193.984114
% 19 429184.075964
% 20 422998.183115
% 21 426315.720305
% 22 415816.434413
% 23 413459.761004
% 24 404239.736568
% 25 404929.248453
% 26 390454.034628
% 27 397115.688901
% 28 401441.519256
% 29 396471.058662
% 30 404632.213077
% 31 389118.777101
% 32 391331.502270
% 33 394858.800243
% 34 384765.426999
% 35 389113.383185
% 36 377527.704406
% 37 377149.432559
% 38 374554.729462
% 39 379163.194084
% 40 382509.374561
% 41 379260.011910
% 42 369557.601769
% 43 370970.116491
% 44 375897.614584
% 45 378158.168450
% 46 376476.040264
% 47 371356.433400
% 48 364151.683681
% 49 370137.934119
% 50 374476.232450
% 51 368945.144338
% 52 368064.814513
% 53 367531.467019
% 54 365713.702880
% 55 369477.952925
% 56 363459.137110
% 57 369426.913602
% 58 370824.703084
% 59 384318.775054
% 60 367158.639754
% 61 364937.384534
% 62 369671.957293
% 63 360783.629308
% 64 360443.398612
% 65 357273.315380
% 66 344011.717439
% 67 363527.698544
% 68 359904.445310
% 69 363176.639268
% 70 358842.431051
% 71 359181.540790
% 72 352242.754117
% 73 345239.887318
% 74 353281.976926
% 75 342903.193496
% 76 336126.601145
% 77 343540.865190
% 78 338798.251959
% 79 342647.460198
% 80 345165.056199
% 81 350037.069423
% 82 333869.398386
% 83 342979.171491
% 84 355032.683128
% 85 354072.430926
% 86 350065.915956
% 87 355412.041847
% 88 354066.781776
% 89 361673.616275
% 90 351604.505121
% 91 345373.481201
% 92 351656.655104
% 93 359514.789554
% 94 355198.108693
% 95 359744.156421
% 96 356092.977762
% 97 353856.572264
% 98 368559.235467
% 99 360239.940598
% 100 367048.859526
% 101 363371.488451
% 102 366468.407268
% 103 366859.877236
% 104 377504.233463
% 105 385573.708665
% 106 374197.987114
% 107 377239.873154
% 108 372742.525046
% 109 378165.081880
% 110 367502.082655
% 111 378209.427178
% 112 374465.313049
% 113 372719.135290
% 114 392733.832836
% 115 376691.594996
% 116 377372.453393
% 117 369546.106475
% 118 365182.786050
% 119 358088.261249
% 120 352295.349937
% 121 360252.430386
% 122 359369.814741
% 123 360527.729527
% 124 360554.100712
% 125 367411.910391
% 126 347066.440865
% 127 357299.364664
% 128 357848.989004
% 129 356544.795254
% 130 356675.266677
% 131 351648.226134
% 132 334682.121354
% 133 335294.033224
% 134 329714.897121
% 135 334691.624852
% 136 332800.893615
% 137 338337.250590
% 138 343486.711643
% 139 343179.840327
% 140 355752.227559
% 141 358220.036947
% 142 363270.446492
% 143 353637.046472
% 144 357440.869310
% 145 368121.830654
% 146 370590.727702
% 147 373225.462614
% 148 366221.467301
% 149 371255.521528
% 150 363731.596061
% 151 360317.636492
% 152 363678.913457
% 153 364736.961303
% 154 368068.584258
% 155 361841.416833
% 156 367657.207347
% 157 361427.149323
% 158 367028.667882
% 159 370670.816450
% 160 378589.596837
% 161 372590.759871
% 162 375069.183864
% 163 368228.243714
% 164 376425.811405
% 165 359333.021622
% 166 357232.545222
% 167 346634.149766
% 168 350030.643509
% 169 350104.137176
% 170 361472.609183
% 171 365099.767097
% 172 361411.667578
% 173 365913.076319
% 174 369123.444244
% 175 378718.310754
% 176 371264.486163
% 177 363196.788090
% 178 359064.679470
% 179 357569.419145
% 180 354388.302689
% 181 355976.034097
% 182 360304.513759
% 183 364256.501211
% 184 361462.746819
% 185 356844.810811
% 186 349153.667990
% 187 351281.777128
% 188 354807.761390
% 189 364700.713910
% 190 365444.879818
% 191 369156.192744
% 192 372623.728740
% 193 378103.305725
% 194 378023.024116
% 195 372986.352845
% 196 364545.218065
% 197 361420.319520
% 198 372897.816196
% 199 367103.221758
% 200 368421.017435
% 201 375436.347376
% 202 352558.365474
% 203 362977.491361
% 204 349807.876799
% 205 349704.470508
% 206 357811.845395
% 207 346276.828964
% 208 350473.219170
> Finished 208 generations with 1514720 distance calculations. GA Runtime = 29.1727 sec
> Final distance: 329714.897121
> Final Route:
Truck 0 [len = 24]: 0 --> 75 --> 74 --> 5 --> 7 --> 11 --> 13 --> 9 --> 2 --> 3 --> 6 --> 8 --> 26 --> 43 --> 47 --> 41 --> 39 --> 60 --> 70 --> 57 --> 56 --> 50 --> 69 --> 67
Truck 1 [len = 7]: 0 --> 17 --> 15 --> 14 --> 73 --> 4 --> 1
Truck 2 [len = 16]: 0 --> 61 --> 59 --> 54 --> 71 --> 72 --> 63 --> 68 --> 46 --> 66 --> 49 --> 64 --> 51 --> 28 --> 38 --> 18
Truck 3 [len = 17]: 0 --> 21 --> 24 --> 42 --> 52 --> 48 --> 27 --> 55 --> 62 --> 58 --> 10 --> 12 --> 29 --> 22 --> 30 --> 35 --> 19
Truck 4 [len = 16]: 0 --> 23 --> 44 --> 45 --> 53 --> 65 --> 36 --> 37 --> 34 --> 40 --> 31 --> 16 --> 33 --> 20 --> 25 --> 32
> Generation - Distance curve saved to fig/pr76_baseline_30_5_1000_100_10_20211216_17_32_14/20211216_17_38_40.png.
