--> Running ID = 14
> Loading cities from instances/pr76.txt
	>> 76 cities in total to be loaded
> 76 cities loaded from instances/pr76.txt
> Initial distance: 556214.669336
> Starting running GA.
	>> cities = 76, salesmen = 5
	>> Generations = 1000, PopulationSize = 100, TournamentSize = 10
# Generation Distance
% 1 528725.573159
% 2 523301.362205
% 3 513992.828322
% 4 507976.052157
% 5 488929.871169
% 6 501782.345182
% 7 479817.208554
% 8 473259.845156
% 9 470222.552215
% 10 455213.209312
% 11 454209.789315
% 12 449216.634118
% 13 434545.954636
% 14 437163.241184
% 15 418246.361480
% 16 417151.200507
% 17 401487.116547
% 18 409015.333646
% 19 413512.290250
% 20 417932.440170
% 21 421468.170091
% 22 414691.929410
% 23 416890.405850
% 24 421546.827216
% 25 419505.400890
% 26 412369.937988
% 27 417512.532027
% 28 406378.317329
% 29 399758.343078
% 30 390557.001703
% 31 398268.074656
% 32 398625.215087
% 33 390280.736435
% 34 377818.470538
% 35 373579.671663
% 36 390937.790112
% 37 380432.142945
% 38 387583.635506
% 39 378225.154262
% 40 367628.468321
% 41 385192.193644
% 42 382947.479833
% 43 383230.318771
% 44 382487.456856
% 45 378882.234003
% 46 381205.793058
% 47 376305.648706
% 48 380068.530646
% 49 385683.392927
% 50 390919.677806
% 51 387083.840642
% 52 394402.945424
% 53 372526.433693
% 54 365404.556976
% 55 362966.961717
% 56 370330.701875
% 57 342561.216860
% 58 359915.052878
% 59 367692.704673
% 60 365715.383091
% 61 357948.675576
% 62 374290.571760
% 63 361887.837475
% 64 366217.174545
% 65 381771.107189
% 66 377105.412393
% 67 365063.475878
% 68 373156.491346
% 69 373939.884459
% 70 376460.426907
% 71 368259.791751
% 72 374183.087558
% 73 363458.050067
% 74 367546.981300
% 75 372108.519747
% 76 370677.753375
% 77 370202.096083
% 78 376081.295777
% 79 379383.493014
% 80 375533.204472
% 81 392376.075233
% 82 382794.257362
% 83 400064.777759
% 84 400743.327098
% 85 391332.508609
% 86 393574.710169
% 87 385915.716528
% 88 378922.501572
% 89 383676.785762
% 90 376067.016381
% 91 383923.853330
% 92 401878.313228
% 93 382625.097172
% 94 391008.277011
% 95 387941.945411
% 96 388333.416486
% 97 383521.836344
% 98 384455.631552
% 99 383922.531854
% 100 380835.341780
% 101 375434.757464
% 102 382834.315560
% 103 393273.420799
% 104 386845.834621
% 105 389841.814495
% 106 391021.532050
% 107 382741.891232
% 108 376399.878165
% 109 389353.917829
% 110 376029.960698
% 111 365523.101103
% 112 364274.802676
% 113 374527.618577
% 114 361960.035400
% 115 363866.624244
% 116 365220.537654
% 117 353675.768994
% 118 356521.545159
% 119 355097.416749
% 120 358292.610717
% 121 368062.357764
% 122 364986.372096
% 123 372041.250393
% 124 382691.927465
% 125 389345.571064
% 126 380668.613226
% 127 395950.773185
% 128 388817.935033
% 129 401737.369015
% 130 383214.240132
% 131 379369.407807
% 132 377442.112327
% 133 376578.846641
% 134 380133.165016
% 135 379033.415922
% 136 372983.939575
% 137 370842.768896
% 138 370541.017233
% 139 350388.462349
% 140 365036.975136
% 141 357440.041750
% 142 363509.791647
% 143 365588.465913
% 144 366432.419072
% 145 363936.747223
% 146 376199.839218
% 147 379108.750973
% 148 369468.588869
% 149 377132.995436
% 150 375843.369697
% 151 366818.721511
% 152 371017.518718
% 153 374554.892718
% 154 365706.249818
% 155 367740.480851
% 156 368174.239406
% 157 369630.703811
% 158 358151.148758
% 159 365400.278892
% 160 358509.858112
% 161 363865.070208
% 162 370917.350593
% 163 366327.759718
% 164 378306.967360
% 165 365820.535970
% 166 367663.516890
% 167 352799.692620
% 168 359484.658335
% 169 363838.750366
% 170 369158.876897
% 171 369282.527141
% 172 377049.781970
% 173 374713.447306
% 174 377691.458737
% 175 376307.933069
% 176 390728.657624
% 177 380726.537992
% 178 370196.600261
% 179 369567.160382
% 180 373526.389922
% 181 359690.123561
% 182 365751.645337
% 183 375534.270580
% 184 387464.316585
% 185 377134.041420
% 186 371673.520933
% 187 372746.039633
% 188 382043.352706
% 189 373663.175970
% 190 377499.195058
% 191 374345.377439
% 192 374294.164753
% 193 386884.934566
% 194 376498.947672
% 195 378027.452443
% 196 376895.799900
% 197 369812.351288
% 198 381543.322101
% 199 378102.929845
% 200 365153.647774
% 201 374321.854021
% 202 386476.950325
% 203 383182.040524
% 204 384580.873810
% 205 377514.082517
% 206 373032.978087
% 207 372245.982755
% 208 376829.506114
> Finished 208 generations with 1515520 distance calculations. GA Runtime = 28.6013 sec
> Final distance: 342561.216860
> Final Route:
Truck 0 [len = 12]: 0 --> 11 --> 35 --> 37 --> 39 --> 12 --> 73 --> 6 --> 14 --> 10 --> 34 --> 27
Truck 1 [len = 20]: 0 --> 20 --> 24 --> 46 --> 44 --> 52 --> 49 --> 65 --> 51 --> 64 --> 55 --> 60 --> 53 --> 56 --> 59 --> 32 --> 41 --> 40 --> 43 --> 21
Truck 2 [len = 26]: 0 --> 1 --> 5 --> 19 --> 16 --> 30 --> 28 --> 17 --> 18 --> 26 --> 42 --> 47 --> 69 --> 45 --> 3 --> 72 --> 66 --> 68 --> 67 --> 23 --> 36 --> 29 --> 15 --> 7 --> 4 --> 9
Truck 3 [len = 10]: 0 --> 75 --> 74 --> 2 --> 13 --> 57 --> 70 --> 58 --> 33 --> 31
Truck 4 [len = 12]: 0 --> 25 --> 50 --> 71 --> 63 --> 48 --> 54 --> 62 --> 61 --> 22 --> 8 --> 38
> Generation - Distance curve saved to fig/pr76_baseline_30_5_1000_100_10_20211216_17_32_14/20211216_17_39_12.png.
