--> Running ID = 25
> Loading cities from instances/pr76.txt
	>> 76 cities in total to be loaded
> 76 cities loaded from instances/pr76.txt
> Initial distance: 560534.079058
> Starting running GA.
	>> cities = 76, salesmen = 5
	>> Generations = 1000, PopulationSize = 100, TournamentSize = 10
# Generation Distance
% 1 553581.854359
% 2 548380.250000
% 3 537627.346845
% 4 530515.586238
% 5 506180.988629
% 6 497802.682167
% 7 500878.415963
% 8 495540.355547
% 9 495036.738110
% 10 488251.717450
% 11 480854.234385
% 12 473488.256311
% 13 477564.007740
% 14 472827.063475
% 15 467996.875155
% 16 454660.858851
% 17 448009.700682
% 18 445942.690665
% 19 446436.311817
% 20 457717.963308
% 21 456120.155482
% 22 463754.407100
% 23 465160.938281
% 24 454948.657297
% 25 450494.618995
% 26 449029.570402
% 27 430140.966836
% 28 424890.504267
% 29 419826.665892
% 30 422697.301664
% 31 418453.789166
% 32 420588.566923
% 33 409964.247298
% 34 414417.521449
% 35 411830.482052
% 36 409333.411347
% 37 395478.372858
% 38 396049.714105
% 39 402480.071971
% 40 407911.206778
% 41 402913.372715
% 42 396745.428412
% 43 391918.668294
% 44 385555.655963
% 45 389385.429583
% 46 380713.243652
% 47 381942.164546
% 48 389668.618805
% 49 384479.422877
% 50 388515.215504
% 51 388298.121009
% 52 382352.981297
% 53 393277.770787
% 54 378227.237449
% 55 398027.133846
% 56 388014.015805
% 57 391567.130902
% 58 386795.618772
% 59 383077.686462
% 60 396861.893673
% 61 387381.867852
% 62 377393.880904
% 63 381126.642050
% 64 381394.684717
% 65 366888.319827
% 66 382774.785634
% 67 388954.863383
% 68 373124.394153
% 69 389628.959572
% 70 395322.294494
% 71 370588.212526
% 72 379168.543818
% 73 387281.305939
% 74 382236.569815
% 75 388756.711352
% 76 398324.479887
% 77 390230.335831
% 78 388495.869602
% 79 384443.174674
% 80 390255.274390
% 81 379249.005409
% 82 392320.089244
% 83 391857.973072
% 84 390331.200250
% 85 399077.255549
% 86 405757.537104
% 87 390291.090169
% 88 400200.711091
% 89 399676.481748
% 90 400617.507399
% 91 381477.989655
% 92 388682.331063
% 93 384675.470814
% 94 381013.754286
% 95 400012.562091
% 96 395814.187966
% 97 393515.352038
% 98 398218.854735
% 99 398956.099263
% 100 398591.427626
% 101 395698.817938
% 102 388988.919302
% 103 384472.091777
% 104 379235.561960
% 105 369821.921452
% 106 379378.776923
% 107 377058.789165
% 108 376821.649504
% 109 381473.712712
% 110 377852.170592
% 111 379928.435584
% 112 385546.358467
% 113 377143.972714
% 114 384090.267118
% 115 376765.866935
% 116 365847.979692
% 117 355294.288564
% 118 356263.702224
% 119 355257.347033
% 120 347250.057555
% 121 347572.317372
% 122 353751.881252
% 123 353760.497549
% 124 354319.889616
% 125 358054.789359
% 126 366412.996300
% 127 352700.143222
% 128 358362.013484
% 129 362105.636307
% 130 360715.592949
% 131 366133.798501
% 132 360586.622410
% 133 359735.892911
% 134 365541.172975
% 135 366963.904335
% 136 368764.340808
% 137 365636.682023
% 138 380196.556694
% 139 380042.291986
% 140 365978.174556
% 141 372844.925831
% 142 374718.801105
% 143 378788.681653
% 144 370463.291651
% 145 380138.789638
% 146 382481.814713
% 147 383418.173293
% 148 390333.974361
% 149 381848.654860
% 150 382758.943009
% 151 381308.134937
% 152 377010.875786
% 153 378113.524387
% 154 378777.388089
% 155 375192.801429
% 156 369529.369438
% 157 369805.069484
% 158 380105.361716
% 159 370088.834852
% 160 382113.219517
% 161 372537.025463
% 162 366082.822148
% 163 365819.589677
% 164 365799.352477
% 165 361910.784459
% 166 359640.119802
% 167 355521.372819
% 168 363116.862805
% 169 353542.080952
% 170 365320.648844
% 171 355049.707665
% 172 363073.771144
% 173 373540.036788
% 174 384954.917571
% 175 375789.753128
% 176 354743.534825
% 177 363711.834737
% 178 366656.797389
% 179 364581.944094
% 180 373006.284748
% 181 365521.926406
% 182 367595.154642
% 183 376568.910908
% 184 350982.803796
% 185 352734.968648
% 186 364296.422952
% 187 364724.097388
% 188 372547.213751
% 189 372826.019624
% 190 378197.841742
% 191 384203.485763
% 192 372234.654077
% 193 380063.210320
% 194 388709.355716
% 195 368370.883983
% 196 365206.366727
% 197 366653.145450
% 198 377061.586232
% 199 374429.205383
% 200 380082.126691
% 201 385461.991380
% 202 373297.230024
% 203 386510.791796
% 204 375539.900787
% 205 381057.700434
% 206 366799.033189
% 207 367367.436618
% 208 370555.009499
> Finished 208 generations with 1513840 distance calculations. GA Runtime = 29.1826 sec
> Final distance: 347250.057555
> Final Route:
Truck 0 [len = 19]: 0 --> 60 --> 57 --> 58 --> 59 --> 33 --> 32 --> 31 --> 41 --> 34 --> 39 --> 55 --> 26 --> 15 --> 28 --> 29 --> 3 --> 4 --> 8
Truck 1 [len = 20]: 0 --> 54 --> 52 --> 47 --> 69 --> 68 --> 64 --> 70 --> 56 --> 62 --> 63 --> 20 --> 24 --> 16 --> 14 --> 53 --> 49 --> 50 --> 66 --> 71
Truck 2 [len = 12]: 0 --> 48 --> 18 --> 43 --> 72 --> 61 --> 65 --> 51 --> 42 --> 40 --> 67 --> 45
Truck 3 [len = 10]: 0 --> 19 --> 10 --> 9 --> 2 --> 25 --> 30 --> 22 --> 75 --> 74
Truck 4 [len = 19]: 0 --> 1 --> 21 --> 36 --> 11 --> 5 --> 6 --> 13 --> 73 --> 12 --> 7 --> 35 --> 17 --> 38 --> 37 --> 27 --> 44 --> 46 --> 23
> Generation - Distance curve saved to fig/pr76_baseline_30_5_1000_100_10_20211216_17_32_14/20211216_17_44_58.png.
