--> Running ID = 12
> Loading cities from instances/pr76.txt
	>> 76 cities in total to be loaded
> 76 cities loaded from instances/pr76.txt
> Initial distance: 545440.028736
> Starting running GA.
	>> cities = 76, salesmen = 5
	>> Generations = 1000, PopulationSize = 100, TournamentSize = 10
# Generation Distance
% 1 546099.292561
% 2 530388.650669
% 3 525080.672455
% 4 514817.640843
% 5 516433.381709
% 6 517238.010607
% 7 506693.100363
% 8 508807.462743
% 9 496210.887454
% 10 493206.558307
% 11 460228.855036
% 12 456167.868838
% 13 458933.856739
% 14 448669.454263
% 15 445151.671203
% 16 442832.551040
% 17 441774.574650
% 18 437965.725004
% 19 433362.320012
% 20 438112.415105
% 21 429318.221596
% 22 433090.247512
% 23 431791.629034
% 24 424553.835701
% 25 408856.814010
% 26 402215.778472
% 27 387632.876637
% 28 380901.698667
% 29 382783.266470
% 30 391548.787088
% 31 382454.234428
% 32 397238.907725
% 33 383169.931586
% 34 381145.333628
% 35 379285.308123
% 36 384702.274263
% 37 370898.532731
% 38 391693.560170
% 39 377486.433474
% 40 373690.292426
% 41 374595.539914
% 42 370740.376659
% 43 376467.235287
% 44 387037.434017
% 45 369436.921474
% 46 357880.004068
% 47 360570.240791
% 48 370723.412436
% 49 370202.639370
% 50 376591.693518
% 51 391234.204370
% 52 388884.599669
% 53 386439.542719
% 54 396657.505779
% 55 397451.448856
% 56 402609.911410
% 57 405017.570680
% 58 400203.299159
% 59 381597.217887
% 60 392756.166515
% 61 398671.069912
% 62 404741.776661
% 63 397312.932061
% 64 395785.583605
% 65 398948.119469
% 66 394496.332951
% 67 387851.924558
% 68 395021.562375
% 69 396303.763013
% 70 385484.123236
% 71 397226.503156
% 72 391651.645656
% 73 386980.515813
% 74 390183.108783
% 75 389328.074316
% 76 400245.583760
% 77 384313.509144
% 78 398178.230018
% 79 396344.618818
% 80 392389.221525
% 81 392875.614337
% 82 403068.233751
% 83 403271.160466
% 84 394555.648672
% 85 393480.426975
% 86 386233.968516
% 87 385388.205261
% 88 391280.546087
% 89 380003.725944
% 90 384872.811731
% 91 383684.677836
% 92 377829.703097
% 93 386521.907732
% 94 390610.197936
% 95 395345.607854
% 96 399349.521260
% 97 384539.599871
% 98 395582.966149
% 99 388019.186777
% 100 396039.537296
% 101 406735.457393
% 102 397333.982459
% 103 387392.990495
% 104 400635.173784
% 105 400127.549191
% 106 406482.956798
% 107 404062.936477
% 108 402947.752843
% 109 399846.076884
% 110 399859.014783
% 111 382908.327956
% 112 385824.072191
% 113 393842.917782
% 114 389469.354473
% 115 382772.062999
% 116 384710.828160
% 117 366071.966072
% 118 363052.298816
% 119 372024.122089
% 120 373739.308718
% 121 377327.405144
% 122 384334.259880
% 123 391534.386445
% 124 381090.818476
% 125 382326.055393
% 126 359119.000983
% 127 367192.590743
% 128 370867.112377
% 129 373996.142189
% 130 360944.990150
% 131 372510.300599
% 132 379432.982238
% 133 367040.467970
% 134 375026.823755
% 135 362181.436974
% 136 365961.631011
% 137 376557.736891
% 138 378646.204084
% 139 386199.704953
% 140 381840.392463
% 141 380977.030224
% 142 390013.569754
% 143 380567.534935
% 144 395875.442153
% 145 392404.379155
% 146 372686.590929
% 147 378187.821829
% 148 380787.010428
% 149 379473.086899
% 150 364551.643788
% 151 364692.132347
% 152 364813.604304
% 153 378655.489656
% 154 369121.170376
% 155 363579.167963
% 156 371924.602600
% 157 369191.048911
% 158 356713.841095
% 159 373104.610074
% 160 365895.303756
% 161 365138.725895
% 162 362428.451442
% 163 356844.850018
% 164 361159.153709
% 165 358176.194884
% 166 353997.250234
% 167 348690.501016
% 168 357342.415788
% 169 340718.881077
% 170 355154.010622
% 171 362685.254891
% 172 351300.886548
% 173 353414.178812
% 174 344150.258948
% 175 355906.853249
% 176 362796.776471
% 177 356573.672306
% 178 349088.035168
% 179 350463.689369
% 180 354347.716282
% 181 349181.693321
% 182 352879.091698
% 183 363694.969903
% 184 369108.422714
% 185 360771.868041
% 186 375707.903172
% 187 369015.716113
% 188 369132.184776
% 189 362783.611699
% 190 356663.264752
% 191 347789.773073
% 192 360588.972114
% 193 352068.605120
% 194 340120.592518
% 195 344270.937932
% 196 337898.905716
% 197 352380.415742
% 198 357691.222737
% 199 353027.825497
% 200 363595.439777
% 201 352817.082544
% 202 364347.070424
% 203 343290.355699
% 204 354684.920928
% 205 350857.798643
% 206 346953.154800
% 207 341127.684360
% 208 356034.906763
> Finished 208 generations with 1513760 distance calculations. GA Runtime = 29.1912 sec
> Final distance: 337898.905716
> Final Route:
Truck 0 [len = 12]: 0 --> 7 --> 56 --> 41 --> 68 --> 64 --> 69 --> 67 --> 62 --> 72 --> 71 --> 63
Truck 1 [len = 21]: 0 --> 24 --> 45 --> 25 --> 16 --> 53 --> 9 --> 18 --> 36 --> 17 --> 14 --> 15 --> 73 --> 13 --> 5 --> 74 --> 75 --> 2 --> 11 --> 8 --> 4
Truck 2 [len = 15]: 0 --> 21 --> 37 --> 58 --> 47 --> 23 --> 20 --> 28 --> 3 --> 6 --> 30 --> 19 --> 38 --> 34 --> 10
Truck 3 [len = 19]: 0 --> 12 --> 33 --> 49 --> 55 --> 26 --> 27 --> 52 --> 48 --> 39 --> 60 --> 70 --> 40 --> 54 --> 51 --> 65 --> 66 --> 43 --> 44
Truck 4 [len = 13]: 0 --> 31 --> 32 --> 50 --> 61 --> 57 --> 59 --> 35 --> 29 --> 42 --> 46 --> 22 --> 1
> Generation - Distance curve saved to fig/pr76_baseline_30_5_1000_100_10_20211216_17_32_14/20211216_17_38_08.png.
