--> Running ID = 6
> Loading cities from instances/pr76.txt
	>> 76 cities in total to be loaded
> 76 cities loaded from instances/pr76.txt
> Initial distance: 558875.935543
> Starting running GA.
	>> cities = 76, salesmen = 5
	>> Generations = 1000, PopulationSize = 100, TournamentSize = 10
# Generation Distance
% 1 547877.509063
% 2 554840.418195
% 3 553438.385600
% 4 549618.165126
% 5 546501.780907
% 6 543827.344997
% 7 537029.478350
% 8 515575.471548
% 9 519038.719527
% 10 505629.721673
% 11 505622.326110
% 12 508900.507661
% 13 486691.741913
% 14 496300.594767
% 15 498441.120858
% 16 496064.176251
% 17 479913.604041
% 18 478661.064910
% 19 476623.623993
% 20 481396.463492
% 21 471967.188904
% 22 459794.405140
% 23 474599.926921
% 24 463564.652573
% 25 457958.303769
% 26 452147.726631
% 27 454259.559888
% 28 453139.793195
% 29 460523.944383
% 30 467573.990809
% 31 464157.220532
% 32 467270.865098
% 33 459710.419651
% 34 449349.447919
% 35 444865.014934
% 36 423418.530029
% 37 427094.395709
% 38 419582.514328
% 39 417636.311666
% 40 415726.217133
% 41 422453.312227
% 42 410443.425852
% 43 403044.964003
% 44 393225.551980
% 45 398131.091288
% 46 405068.974532
% 47 398101.532532
% 48 403235.490017
% 49 401047.386147
% 50 399316.486387
% 51 395625.443464
% 52 389303.611209
% 53 379833.135809
% 54 396056.776521
% 55 380810.805477
% 56 386354.020352
% 57 382130.481507
% 58 378961.759676
% 59 381252.864029
% 60 385238.891858
% 61 390160.519804
% 62 383308.833018
% 63 374011.929595
% 64 376709.144846
% 65 371250.886136
% 66 368628.351508
% 67 372734.129600
% 68 361241.839612
% 69 368056.035512
% 70 367431.253465
% 71 378133.501358
% 72 396854.596691
% 73 390416.498913
% 74 396966.907837
% 75 396877.258161
% 76 403206.748228
% 77 396122.055355
% 78 391104.829642
% 79 391099.353495
% 80 405901.025166
% 81 395930.817077
% 82 400218.092183
% 83 383880.120166
% 84 402298.859927
% 85 402163.383538
% 86 397112.881770
% 87 393519.397541
% 88 404318.498804
% 89 403535.291726
% 90 394061.383607
% 91 407587.007311
% 92 388126.471591
% 93 399714.269883
% 94 404791.465306
% 95 404062.686644
% 96 403016.917032
% 97 410093.470901
% 98 406408.889831
% 99 410293.227429
% 100 411968.186067
% 101 407724.091476
% 102 402539.053425
% 103 399627.341167
% 104 395366.536860
% 105 399310.286582
% 106 397143.919731
% 107 393441.042864
% 108 391093.096987
% 109 383361.746544
% 110 387361.213868
% 111 383084.658125
% 112 393702.442859
% 113 386696.949632
% 114 371248.603700
% 115 376140.709552
% 116 377882.721461
% 117 385930.570537
% 118 394697.148053
% 119 371659.451994
% 120 376038.713303
% 121 364077.899918
% 122 359477.858925
% 123 358467.969883
% 124 373387.283871
% 125 369385.865563
% 126 368651.048105
% 127 376523.284983
% 128 379245.751706
% 129 360597.432729
% 130 362173.402801
% 131 374146.877414
% 132 364995.148728
% 133 365598.101841
% 134 368962.148640
% 135 378793.543662
% 136 364022.045655
% 137 365762.213115
% 138 368035.181886
% 139 362935.342990
% 140 369622.200172
% 141 357973.994034
% 142 358227.691107
% 143 361849.050795
% 144 356101.377920
% 145 357894.216646
% 146 356899.892946
% 147 364209.894989
% 148 363336.658256
% 149 359899.290334
% 150 374840.971054
% 151 384087.435084
% 152 388814.567388
% 153 379582.091737
% 154 379342.844129
% 155 389779.250072
% 156 394273.300118
% 157 387982.638523
% 158 386222.975779
% 159 379370.021457
% 160 360893.869464
% 161 367954.293803
% 162 357396.362508
% 163 343103.768805
% 164 358865.194864
% 165 358531.617462
% 166 351797.452822
% 167 360657.627785
% 168 353521.252189
% 169 352259.412066
% 170 361239.013850
% 171 349499.605991
% 172 353892.000622
% 173 354135.215222
% 174 345231.535961
% 175 363763.000164
% 176 360289.285069
% 177 342480.000241
% 178 353780.530308
% 179 353352.264932
% 180 368101.665146
% 181 354341.371457
% 182 366750.160704
% 183 341242.883977
% 184 350277.907142
% 185 348093.597664
% 186 361678.877041
% 187 368054.757581
% 188 368563.781057
% 189 373639.124246
% 190 380219.944765
% 191 385209.469503
% 192 396754.481608
% 193 388230.530308
% 194 396641.238752
% 195 397939.826752
% 196 389058.095577
% 197 399477.403472
% 198 398377.454675
% 199 392247.781787
% 200 381905.684529
% 201 382654.142732
% 202 378761.078091
% 203 372933.800827
% 204 370300.339492
% 205 372170.074899
% 206 365400.683783
% 207 361620.029001
% 208 382780.094130
> Finished 208 generations with 1514400 distance calculations. GA Runtime = 26.9644 sec
> Final distance: 341242.883977
> Final Route:
Truck 0 [len = 20]: 0 --> 46 --> 62 --> 70 --> 72 --> 18 --> 38 --> 37 --> 15 --> 39 --> 49 --> 57 --> 71 --> 40 --> 56 --> 68 --> 7 --> 1 --> 74 --> 75
Truck 1 [len = 11]: 0 --> 23 --> 26 --> 20 --> 19 --> 59 --> 55 --> 60 --> 58 --> 33 --> 5
Truck 2 [len = 20]: 0 --> 3 --> 8 --> 9 --> 13 --> 11 --> 10 --> 31 --> 35 --> 44 --> 43 --> 47 --> 42 --> 6 --> 2 --> 73 --> 12 --> 28 --> 30 --> 32
Truck 3 [len = 17]: 0 --> 24 --> 64 --> 65 --> 48 --> 61 --> 63 --> 50 --> 52 --> 34 --> 69 --> 66 --> 67 --> 51 --> 25 --> 45 --> 21
Truck 4 [len = 12]: 0 --> 4 --> 29 --> 16 --> 14 --> 53 --> 54 --> 41 --> 17 --> 36 --> 27 --> 22
> Generation - Distance curve saved to fig/pr76_baseline_30_5_1000_100_10_20211216_17_32_14/20211216_17_34_56.png.
