--> Running ID = 21
> Loading cities from instances/pr76.txt
	>> 76 cities in total to be loaded
> 76 cities loaded from instances/pr76.txt
> Initial distance: 561690.279689
> Starting running GA.
	>> cities = 76, salesmen = 5
	>> Generations = 1000, PopulationSize = 100, TournamentSize = 10
# Generation Distance
% 1 525862.290743
% 2 526271.747013
% 3 520550.892423
% 4 504676.247190
% 5 501284.291742
% 6 488476.106637
% 7 492758.629507
% 8 487773.232024
% 9 494922.295379
% 10 484485.832926
% 11 480973.862969
% 12 476750.565222
% 13 472521.826473
% 14 460415.919715
% 15 451003.334594
% 16 470780.859508
% 17 463073.253370
% 18 459081.168007
% 19 453574.570946
% 20 454122.794823
% 21 444022.781331
% 22 436440.426938
% 23 420221.734761
% 24 426478.577092
% 25 411088.465047
% 26 414329.814720
% 27 416303.257808
% 28 401469.482526
% 29 403922.008959
% 30 407253.449809
% 31 397591.024903
% 32 407709.483514
% 33 404407.678148
% 34 413931.970675
% 35 400106.954121
% 36 407791.190957
% 37 402525.532810
% 38 390581.828999
% 39 409107.050898
% 40 408648.174906
% 41 406876.978961
% 42 401722.081797
% 43 400846.101408
% 44 397342.685690
% 45 392105.611265
% 46 382590.357937
% 47 378875.243336
% 48 377146.289421
% 49 371948.255224
% 50 386804.843937
% 51 371423.762337
% 52 379726.258529
% 53 383256.883134
% 54 378589.231028
% 55 369614.082086
% 56 367584.137367
% 57 367372.993958
% 58 374896.687885
% 59 378301.646163
% 60 377808.190660
% 61 368095.903415
% 62 369383.533845
% 63 362770.685950
% 64 367681.297235
% 65 373597.029803
% 66 368823.751870
% 67 376370.230855
% 68 383097.595803
% 69 375716.430216
% 70 382402.208194
% 71 382593.933692
% 72 386721.951592
% 73 365804.839022
% 74 380865.904817
% 75 387797.560566
% 76 387111.218986
% 77 396549.951932
% 78 399305.980341
% 79 389832.022756
% 80 402737.220405
% 81 402317.927101
% 82 403635.342579
% 83 388795.051931
% 84 388047.028824
% 85 402544.150395
% 86 386824.295047
% 87 413183.454670
% 88 418838.371224
% 89 411778.211891
% 90 408584.439265
% 91 403080.693310
% 92 400302.133145
% 93 383884.806710
% 94 383758.739605
% 95 387617.433890
% 96 374059.643030
% 97 377863.717037
% 98 378660.391431
% 99 376220.237348
% 100 384037.201998
% 101 373433.618442
% 102 373291.531736
% 103 381236.135668
% 104 387003.252159
% 105 388601.254751
% 106 372789.527328
% 107 375124.262605
% 108 371770.586810
% 109 366849.509853
% 110 372199.585161
% 111 375216.713323
% 112 385780.085297
% 113 369062.096409
% 114 376684.926153
% 115 366552.496991
% 116 376592.873878
% 117 385351.210279
% 118 378305.376940
% 119 382261.939218
% 120 387291.220826
% 121 382033.461542
% 122 391566.797156
% 123 389939.324931
% 124 394438.303679
% 125 389943.726452
% 126 384969.166636
% 127 385412.987198
% 128 384080.802779
% 129 383889.779289
% 130 371346.927203
% 131 371313.255298
% 132 365059.121254
% 133 374406.262583
% 134 368960.564253
% 135 376605.141971
% 136 366116.879747
% 137 363966.705477
% 138 363055.305113
% 139 361032.728605
% 140 376184.982249
% 141 367427.334617
% 142 369049.081315
% 143 365571.254194
% 144 352242.410542
% 145 358012.765997
% 146 358156.012425
% 147 355535.110087
% 148 355212.343699
% 149 359655.391896
% 150 363731.876062
% 151 368072.285651
% 152 372421.710052
% 153 374533.821285
% 154 367337.763731
% 155 376645.030433
% 156 359706.258920
% 157 365249.450442
% 158 369122.259111
% 159 356002.360658
% 160 357316.211294
% 161 351168.820876
% 162 373341.544651
% 163 372192.145829
% 164 356791.965018
% 165 352716.401561
% 166 357488.370547
% 167 356957.257542
% 168 352818.696924
% 169 357316.618133
% 170 354963.807438
% 171 359071.598858
% 172 352349.214426
% 173 358241.274373
% 174 361155.158533
% 175 361588.138628
% 176 365623.370301
% 177 356857.873010
% 178 358969.130961
% 179 345685.147964
% 180 346532.484264
% 181 363983.074108
% 182 359049.824556
% 183 369362.079293
% 184 379233.853729
% 185 374925.443814
% 186 384203.150598
% 187 373299.113155
% 188 377091.751432
% 189 360522.526268
% 190 365425.306958
% 191 369469.097961
% 192 367135.647890
% 193 354114.924172
% 194 368434.299087
% 195 366029.330267
% 196 372266.734208
% 197 375978.948632
% 198 372429.545226
% 199 361017.095200
% 200 366350.492489
% 201 370762.442186
% 202 369232.390805
% 203 375984.534510
% 204 359637.574474
% 205 368412.518075
% 206 370716.119205
% 207 377936.759216
% 208 380709.834067
> Finished 208 generations with 1514240 distance calculations. GA Runtime = 28.8484 sec
> Final distance: 345685.147964
> Final Route:
Truck 0 [len = 12]: 0 --> 11 --> 14 --> 73 --> 5 --> 2 --> 30 --> 32 --> 23 --> 67 --> 68 --> 64
Truck 1 [len = 24]: 0 --> 25 --> 19 --> 17 --> 39 --> 62 --> 65 --> 50 --> 33 --> 31 --> 63 --> 70 --> 52 --> 41 --> 40 --> 38 --> 61 --> 60 --> 56 --> 44 --> 45 --> 72 --> 53 --> 57
Truck 2 [len = 16]: 0 --> 43 --> 48 --> 54 --> 58 --> 55 --> 71 --> 47 --> 66 --> 51 --> 34 --> 16 --> 27 --> 28 --> 4 --> 24
Truck 3 [len = 14]: 0 --> 1 --> 74 --> 75 --> 3 --> 26 --> 42 --> 36 --> 35 --> 10 --> 13 --> 21 --> 29 --> 18
Truck 4 [len = 14]: 0 --> 22 --> 69 --> 49 --> 46 --> 20 --> 12 --> 6 --> 7 --> 8 --> 9 --> 59 --> 15 --> 37
> Generation - Distance curve saved to fig/pr76_baseline_30_5_1000_100_10_20211216_17_32_14/20211216_17_42_52.png.
