--> Running ID = 26
> Loading cities from instances/pr76.txt
	>> 76 cities in total to be loaded
> 76 cities loaded from instances/pr76.txt
> Initial distance: 542345.733884
> Starting running GA.
	>> cities = 76, salesmen = 5
	>> Generations = 1000, PopulationSize = 100, TournamentSize = 10
# Generation Distance
% 1 512974.142065
% 2 506466.458016
% 3 493018.605204
% 4 483627.435605
% 5 476552.935505
% 6 464952.393796
% 7 459233.110187
% 8 455000.907289
% 9 439175.366079
% 10 434681.027451
% 11 422637.687698
% 12 425671.443017
% 13 431386.636909
% 14 433806.249154
% 15 421849.558024
% 16 429187.327383
% 17 422449.874400
% 18 420658.337481
% 19 414896.319092
% 20 426389.294859
% 21 414532.837876
% 22 413782.501263
% 23 408056.389511
% 24 419136.596076
% 25 404405.175178
% 26 408391.238232
% 27 421946.487041
% 28 424153.509669
% 29 412824.255564
% 30 414772.014992
% 31 407849.327080
% 32 403954.185934
% 33 397078.143362
% 34 392468.843749
% 35 383688.521962
% 36 380951.027796
% 37 375728.107172
% 38 377099.313718
% 39 377866.404654
% 40 363967.526307
% 41 365537.959052
% 42 368436.997674
% 43 364579.083350
% 44 367414.708106
% 45 369916.516523
% 46 378552.120013
% 47 380937.146469
% 48 385597.980921
% 49 380685.332987
% 50 369134.745930
% 51 370653.132116
% 52 374607.984749
% 53 370738.637146
% 54 380824.731498
% 55 378795.161700
% 56 385546.521105
% 57 398112.238950
% 58 404691.370057
% 59 410802.081082
% 60 407910.831886
% 61 407548.811088
% 62 392173.664923
% 63 401890.305374
% 64 382812.976161
% 65 379629.063452
% 66 367648.929824
% 67 361887.177558
% 68 373429.308209
% 69 372056.400827
% 70 360215.262783
% 71 377093.530634
% 72 358888.725506
% 73 364104.620751
% 74 370043.016846
% 75 372110.568225
% 76 366649.272833
% 77 379734.677342
% 78 373550.021544
% 79 365611.389420
% 80 362967.552262
% 81 366546.740599
% 82 358264.623724
% 83 369950.321347
% 84 345154.339203
% 85 369938.184608
% 86 371822.385107
% 87 376748.789027
% 88 373333.801303
% 89 378594.805062
% 90 371555.622661
% 91 367426.743025
% 92 348376.136766
% 93 363969.593277
% 94 368997.840557
% 95 368110.995131
% 96 373836.550473
% 97 372824.419869
% 98 373336.672393
% 99 370904.986418
% 100 375537.459485
% 101 387659.549012
% 102 379030.183028
% 103 382502.489479
% 104 369794.753112
% 105 362492.826607
% 106 370937.328839
% 107 385225.275374
% 108 372817.258492
% 109 368188.599321
% 110 366437.868089
% 111 370516.629974
% 112 367831.240520
% 113 382228.643295
% 114 376446.006349
% 115 382910.693322
% 116 371628.799521
% 117 378260.034040
% 118 389992.332926
% 119 400246.329979
% 120 398049.028279
% 121 396345.383287
% 122 405325.909477
% 123 391669.498214
% 124 398254.170825
% 125 398605.400393
% 126 401613.754966
% 127 388631.669352
% 128 388267.770461
% 129 383152.308319
% 130 401378.983303
% 131 400691.469286
% 132 396246.390110
% 133 376411.693926
% 134 391747.819718
% 135 397893.997642
% 136 403629.279988
% 137 394915.958755
% 138 378679.887079
% 139 382686.286276
% 140 384760.936281
% 141 390460.035930
% 142 372657.548989
% 143 377088.761131
% 144 379189.195706
% 145 365870.243377
% 146 353825.344918
% 147 362302.983892
% 148 361405.515719
% 149 374143.492786
% 150 355822.743708
% 151 369736.639235
% 152 362272.497769
% 153 370470.151212
% 154 378035.039031
% 155 367674.964380
% 156 375525.002872
% 157 379217.952140
% 158 389491.229521
% 159 383102.562879
% 160 388182.647865
% 161 386887.687622
% 162 380373.918138
% 163 385768.305591
% 164 385190.038770
% 165 388568.997641
% 166 391330.140484
% 167 379861.187629
% 168 384381.758386
% 169 380669.779171
% 170 376091.168687
% 171 378903.100511
% 172 367277.014847
% 173 371296.785562
% 174 370488.667285
% 175 363961.712012
% 176 381640.965981
% 177 378116.485436
% 178 377919.701167
% 179 382176.381854
% 180 391086.097541
% 181 378224.099585
% 182 375093.642908
% 183 380413.849346
% 184 382383.250822
% 185 373915.946694
% 186 379794.288938
% 187 383435.675411
% 188 378152.857152
% 189 376131.917472
% 190 375247.342881
% 191 369884.626186
% 192 364681.905943
% 193 377798.861432
% 194 350202.933835
% 195 343982.797957
% 196 361100.028194
% 197 353908.729254
% 198 361535.833411
% 199 354314.543412
% 200 355282.219686
% 201 363438.084284
% 202 344945.940670
% 203 346370.450256
% 204 358161.928348
% 205 370474.476474
% 206 363741.098417
% 207 367123.706793
% 208 373596.719367
> Finished 208 generations with 1514640 distance calculations. GA Runtime = 29.0799 sec
> Final distance: 343982.797957
> Final Route:
Truck 0 [len = 21]: 0 --> 38 --> 55 --> 54 --> 57 --> 62 --> 61 --> 63 --> 39 --> 50 --> 44 --> 46 --> 51 --> 26 --> 42 --> 52 --> 49 --> 53 --> 47 --> 16 --> 3
Truck 1 [len = 15]: 0 --> 29 --> 25 --> 68 --> 48 --> 64 --> 58 --> 71 --> 72 --> 70 --> 14 --> 27 --> 34 --> 4 --> 9
Truck 2 [len = 12]: 0 --> 20 --> 66 --> 69 --> 45 --> 67 --> 65 --> 5 --> 21 --> 23 --> 24 --> 2
Truck 3 [len = 10]: 0 --> 7 --> 19 --> 17 --> 41 --> 43 --> 28 --> 15 --> 36 --> 6
Truck 4 [len = 22]: 0 --> 1 --> 75 --> 74 --> 22 --> 32 --> 37 --> 31 --> 35 --> 73 --> 11 --> 13 --> 12 --> 18 --> 10 --> 33 --> 60 --> 59 --> 56 --> 40 --> 30 --> 8
> Generation - Distance curve saved to fig/pr76_baseline_30_5_1000_100_10_20211216_17_32_14/20211216_17_45_30.png.
