--> Running ID = 3
> Loading cities from instances/pr76.txt
	>> 76 cities in total to be loaded
> 76 cities loaded from instances/pr76.txt
> Initial distance: 558700.861438
> Starting running GA.
	>> cities = 76, salesmen = 5
	>> Generations = 1000, PopulationSize = 100, TournamentSize = 10
# Generation Distance
% 1 542447.260354
% 2 524777.740095
% 3 539742.660724
% 4 530980.153851
% 5 515726.803037
% 6 512050.257951
% 7 503582.805100
% 8 482435.477987
% 9 496406.397356
% 10 482446.439116
% 11 473044.447951
% 12 473996.672600
% 13 467629.758439
% 14 464043.665446
% 15 479482.245774
% 16 474794.150977
% 17 469451.869883
% 18 462960.443763
% 19 459349.985355
% 20 454810.045351
% 21 447222.923303
% 22 444026.594856
% 23 444100.871848
% 24 432065.527961
% 25 435292.516165
% 26 426768.973588
% 27 426059.728827
% 28 429296.055190
% 29 426635.600537
% 30 427546.830246
% 31 427572.395541
% 32 430303.183878
% 33 419593.053301
% 34 407077.412275
% 35 406742.778072
% 36 413297.396492
% 37 389128.697222
% 38 393921.636370
% 39 393939.282939
% 40 381074.481678
% 41 400351.642030
% 42 406558.849720
% 43 405736.725619
% 44 398757.062223
% 45 389148.030486
% 46 393380.704526
% 47 366120.761483
% 48 377135.798589
% 49 378524.427457
% 50 374348.566050
% 51 367285.583501
% 52 375790.300835
% 53 380027.869041
% 54 375229.484500
% 55 371847.279427
% 56 380849.793354
% 57 380366.552879
% 58 386038.421490
% 59 380242.602191
% 60 374612.215895
% 61 382532.750914
% 62 376327.743915
% 63 361613.466185
% 64 359752.304724
% 65 359142.703543
% 66 363153.312466
% 67 364446.381211
% 68 370069.827029
% 69 365279.944275
% 70 372825.475888
% 71 372280.936041
% 72 369273.772330
% 73 374550.571566
% 74 359907.663518
% 75 375846.493155
% 76 368431.300764
% 77 377007.186558
% 78 375556.019100
% 79 377423.869067
% 80 383614.812727
% 81 377458.727832
% 82 369695.792437
% 83 379679.920608
% 84 378305.789825
% 85 364550.052348
% 86 369010.167453
% 87 384641.349536
% 88 368609.317212
% 89 348286.678346
% 90 359422.215862
% 91 360365.989327
% 92 352929.652595
% 93 352515.228816
% 94 360387.940863
% 95 363652.585129
% 96 363132.822709
% 97 355466.382509
% 98 367636.647622
% 99 346300.692372
% 100 355671.194195
% 101 348498.543194
% 102 352698.754461
% 103 365796.453304
% 104 366922.927302
% 105 382957.121519
% 106 364130.787566
% 107 384609.624320
% 108 381899.871428
% 109 379002.811671
% 110 383187.949644
% 111 379940.946186
% 112 376341.259230
% 113 375183.581809
% 114 359887.901668
% 115 370457.804371
% 116 375506.596018
% 117 383471.266564
% 118 386381.016353
% 119 379307.425916
% 120 377629.761085
% 121 376042.066264
% 122 377863.169518
% 123 379343.910577
% 124 380040.843765
% 125 377427.433549
% 126 383297.563585
% 127 365583.657842
% 128 354578.547091
% 129 350691.749465
% 130 350840.756539
% 131 350752.483112
% 132 345535.674353
% 133 352823.923803
% 134 349578.013019
% 135 359700.611139
% 136 352854.802826
% 137 365522.993597
% 138 363635.440616
% 139 356888.503604
% 140 349803.183198
% 141 353867.595826
% 142 362219.071003
% 143 360421.050882
% 144 357182.435697
% 145 360780.910397
% 146 360456.102961
% 147 361315.654026
% 148 354825.112572
% 149 347680.855215
% 150 349511.878922
% 151 350772.352779
% 152 357507.165821
% 153 367151.971394
% 154 367611.932976
% 155 370760.223409
% 156 369911.274270
% 157 379535.142739
% 158 382056.963671
% 159 380756.215358
% 160 379274.260082
% 161 394258.647849
% 162 398162.829046
% 163 385612.847231
% 164 389541.953871
% 165 377801.776272
% 166 385521.321457
% 167 384452.272584
% 168 383858.965993
% 169 388967.495858
% 170 379934.106556
% 171 367195.674151
% 172 375141.718818
% 173 360395.429740
% 174 368754.104626
% 175 361611.393868
% 176 371894.322533
% 177 375579.410725
% 178 367919.183369
% 179 374026.973028
% 180 372757.733317
% 181 373148.290699
% 182 383462.318695
% 183 386128.640685
% 184 381457.733691
% 185 381223.896430
% 186 390023.441706
% 187 380046.618582
% 188 384888.660371
% 189 392903.831154
% 190 389742.837401
% 191 390110.676722
% 192 388767.674026
% 193 394641.463408
% 194 387940.926835
% 195 382173.799495
% 196 392183.620697
% 197 397554.881962
% 198 397842.810545
% 199 394181.800541
% 200 395035.748276
% 201 391559.927282
% 202 393800.726936
% 203 395470.001207
% 204 396444.627511
% 205 400081.584441
% 206 398923.017108
% 207 408622.638135
% 208 411225.855714
> Finished 208 generations with 1514720 distance calculations. GA Runtime = 29.7054 sec
> Final distance: 345535.674353
> Final Route:
Truck 0 [len = 23]: 0 --> 50 --> 51 --> 53 --> 33 --> 34 --> 15 --> 60 --> 62 --> 66 --> 46 --> 48 --> 49 --> 42 --> 58 --> 40 --> 59 --> 27 --> 4 --> 17 --> 56 --> 39 --> 32
Truck 1 [len = 11]: 0 --> 29 --> 16 --> 26 --> 57 --> 55 --> 63 --> 61 --> 64 --> 9 --> 10
Truck 2 [len = 19]: 0 --> 41 --> 35 --> 73 --> 13 --> 12 --> 19 --> 37 --> 71 --> 70 --> 72 --> 65 --> 47 --> 44 --> 11 --> 8 --> 6 --> 14 --> 7
Truck 3 [len = 12]: 0 --> 75 --> 74 --> 1 --> 2 --> 30 --> 28 --> 38 --> 36 --> 5 --> 31 --> 22
Truck 4 [len = 15]: 0 --> 52 --> 18 --> 20 --> 24 --> 3 --> 21 --> 23 --> 25 --> 45 --> 67 --> 69 --> 54 --> 68 --> 43
> Generation - Distance curve saved to fig/pr76_baseline_30_5_1000_100_10_20211216_17_32_14/20211216_17_33_19.png.
