--> Running ID = 19
> Loading cities from instances/pr76.txt
	>> 76 cities in total to be loaded
> 76 cities loaded from instances/pr76.txt
> Initial distance: 554809.194266
> Starting running GA.
	>> cities = 76, salesmen = 5
	>> Generations = 1000, PopulationSize = 100, TournamentSize = 10
# Generation Distance
% 1 529394.909983
% 2 511503.965926
% 3 511325.557311
% 4 502644.985987
% 5 483695.446489
% 6 487002.092121
% 7 480677.856173
% 8 478655.037541
% 9 469522.126133
% 10 445048.272405
% 11 448799.259748
% 12 434549.945138
% 13 438192.634842
% 14 440687.937400
% 15 441778.180764
% 16 444711.549991
% 17 426723.966707
% 18 426612.043711
% 19 436825.707777
% 20 425637.652129
% 21 417868.834614
% 22 419482.728382
% 23 425409.413132
% 24 431670.046130
% 25 435309.954487
% 26 426917.200702
% 27 429705.616422
% 28 420767.174039
% 29 429266.643605
% 30 410774.019994
% 31 409461.754524
% 32 414682.733659
% 33 404389.338311
% 34 417865.706817
% 35 415383.654980
% 36 425457.026312
% 37 404428.580433
% 38 402286.893635
% 39 417257.678727
% 40 425447.932219
% 41 426053.158753
% 42 407226.801355
% 43 400576.712290
% 44 401079.626432
% 45 407339.603037
% 46 406923.940064
% 47 413486.899653
% 48 404486.274436
% 49 413015.253122
% 50 403914.340116
% 51 402574.859387
% 52 396986.000422
% 53 387798.717244
% 54 390297.308249
% 55 405734.940953
% 56 407417.983507
% 57 410915.597686
% 58 396369.765827
% 59 393690.818342
% 60 391208.668848
% 61 396313.585462
% 62 399853.790367
% 63 408854.772937
% 64 390487.669527
% 65 391053.504881
% 66 399864.245762
% 67 408901.820054
% 68 395044.578141
% 69 399027.278272
% 70 395986.645708
% 71 387818.954036
% 72 396101.780642
% 73 392997.894446
% 74 389371.584220
% 75 395315.003996
% 76 392237.643050
% 77 385196.706412
% 78 391965.011856
% 79 396769.346818
% 80 385350.931209
% 81 389258.356627
% 82 376031.802945
% 83 390174.016973
% 84 381418.754185
% 85 365280.554616
% 86 346937.145493
% 87 356067.610994
% 88 357033.605120
% 89 352574.733638
% 90 359898.276842
% 91 355703.751573
% 92 365407.900800
% 93 353330.266867
% 94 353165.637155
% 95 363953.595832
% 96 365976.054074
% 97 369307.950199
% 98 381776.562880
% 99 367941.748239
% 100 365416.229976
% 101 366992.443233
% 102 371320.696499
% 103 345264.914287
% 104 367635.086808
% 105 369793.512046
% 106 363027.743379
% 107 366136.578761
% 108 369323.039962
% 109 383235.962579
% 110 387117.584695
% 111 387785.642317
% 112 385940.658097
% 113 387097.394665
% 114 378811.270385
% 115 385788.881887
% 116 375245.626391
% 117 381989.770633
% 118 376707.680381
% 119 374426.833132
% 120 378979.082107
% 121 372838.987651
% 122 375663.446477
% 123 377642.296794
% 124 361949.799998
% 125 374733.596780
% 126 360239.872692
% 127 361886.617354
% 128 374711.487662
% 129 364121.159024
% 130 372688.679919
% 131 380522.101088
% 132 370136.415390
% 133 372751.365533
% 134 372292.339827
% 135 371620.484678
% 136 366068.007756
% 137 362609.776751
% 138 361385.804567
% 139 354299.692906
% 140 361172.646268
% 141 351349.280483
% 142 358122.173833
% 143 342384.042577
% 144 343855.908897
% 145 347663.098101
% 146 330477.502801
% 147 338535.415653
% 148 341288.070416
% 149 335287.610287
% 150 347588.661165
% 151 342300.738331
% 152 358436.615599
% 153 354287.488169
% 154 362097.123786
% 155 369221.922820
% 156 364864.475388
% 157 371312.420673
% 158 367225.006956
% 159 375883.010775
% 160 381737.699678
% 161 372189.808257
% 162 354028.485034
% 163 360350.795350
% 164 354272.549840
% 165 358153.016005
% 166 359166.755620
% 167 347211.215789
% 168 359223.325181
% 169 363777.886139
% 170 360981.789100
% 171 367224.684623
% 172 379811.791531
% 173 375612.379740
% 174 377665.039255
% 175 368628.738870
% 176 378535.174981
% 177 368957.687780
% 178 374180.655608
% 179 374167.259175
% 180 385542.385891
% 181 388039.570952
% 182 390519.160558
% 183 387335.038177
% 184 387319.243380
% 185 397443.200857
% 186 390441.912015
% 187 386237.416678
% 188 380836.433719
% 189 383557.331009
% 190 389068.516467
% 191 388499.240824
% 192 374660.026364
% 193 391944.847221
% 194 386395.610237
% 195 382046.489974
% 196 382019.724855
% 197 381285.739638
% 198 374904.515875
% 199 382811.961619
% 200 386362.074733
% 201 380787.356412
% 202 374984.215604
% 203 368738.858632
% 204 380937.339428
% 205 362551.412960
% 206 369491.352611
% 207 367099.412750
% 208 351563.562460
> Finished 208 generations with 1513920 distance calculations. GA Runtime = 28.7003 sec
> Final distance: 330477.502801
> Final Route:
Truck 0 [len = 12]: 0 --> 15 --> 16 --> 34 --> 54 --> 50 --> 67 --> 20 --> 24 --> 74 --> 75 --> 1
Truck 1 [len = 12]: 0 --> 62 --> 71 --> 63 --> 55 --> 42 --> 6 --> 44 --> 45 --> 21 --> 23 --> 22
Truck 2 [len = 16]: 0 --> 7 --> 18 --> 28 --> 52 --> 66 --> 46 --> 47 --> 65 --> 64 --> 51 --> 59 --> 17 --> 2 --> 73 --> 5
Truck 3 [len = 22]: 0 --> 12 --> 13 --> 11 --> 14 --> 36 --> 40 --> 72 --> 49 --> 41 --> 56 --> 60 --> 37 --> 70 --> 48 --> 26 --> 19 --> 3 --> 9 --> 35 --> 38 --> 31
Truck 4 [len = 18]: 0 --> 4 --> 10 --> 27 --> 32 --> 61 --> 57 --> 39 --> 33 --> 58 --> 53 --> 29 --> 30 --> 69 --> 68 --> 43 --> 25 --> 8
> Generation - Distance curve saved to fig/pr76_baseline_30_5_1000_100_10_20211216_17_32_14/20211216_17_41_50.png.
