--> Running ID = 20
> Loading cities from instances/pr76.txt
	>> 76 cities in total to be loaded
> 76 cities loaded from instances/pr76.txt
> Initial distance: 543266.765673
> Starting running GA.
	>> cities = 76, salesmen = 5
	>> Generations = 1000, PopulationSize = 100, TournamentSize = 10
# Generation Distance
% 1 554327.820597
% 2 537927.461925
% 3 542420.977984
% 4 526229.046524
% 5 522856.088644
% 6 513957.075541
% 7 508522.375174
% 8 492996.045368
% 9 497303.146789
% 10 490378.735505
% 11 498189.030839
% 12 484189.492172
% 13 476215.646788
% 14 463678.760349
% 15 464102.979587
% 16 455923.726069
% 17 461364.562235
% 18 459238.294269
% 19 446037.558908
% 20 432849.906454
% 21 426799.250186
% 22 418290.572372
% 23 420921.273963
% 24 413202.948199
% 25 408734.215919
% 26 421656.510866
% 27 401480.993177
% 28 404809.125241
% 29 401744.196281
% 30 390903.479048
% 31 398368.391423
% 32 401285.673253
% 33 392232.158181
% 34 392762.887112
% 35 399974.189233
% 36 407893.081354
% 37 406929.915028
% 38 409818.315127
% 39 395077.898844
% 40 388665.013252
% 41 399251.761330
% 42 393315.581395
% 43 376614.168750
% 44 392157.719938
% 45 386773.706389
% 46 394861.762902
% 47 388767.678945
% 48 392487.606727
% 49 376143.774095
% 50 377183.757652
% 51 368142.298835
% 52 376720.336105
% 53 377838.279212
% 54 380603.895589
% 55 394083.239536
% 56 384308.940438
% 57 387052.055355
% 58 376332.915446
% 59 378028.643686
% 60 377396.539107
% 61 375872.844038
% 62 376081.673062
% 63 375224.654342
% 64 374871.549884
% 65 371819.988562
% 66 375696.031038
% 67 384815.111516
% 68 380926.532393
% 69 375262.103354
% 70 375298.536104
% 71 387236.358975
% 72 381308.159650
% 73 388232.834123
% 74 375355.688341
% 75 389735.464314
% 76 383706.306995
% 77 391664.286355
% 78 393479.220004
% 79 396154.271685
% 80 400843.436922
% 81 397139.715901
% 82 404553.181560
% 83 412084.691032
% 84 390285.992786
% 85 400202.036482
% 86 403520.947928
% 87 386608.504356
% 88 386153.305528
% 89 395023.932939
% 90 385072.993724
% 91 393457.219513
% 92 404009.449411
% 93 395808.423603
% 94 394620.480214
% 95 393800.290082
% 96 382572.277687
% 97 387676.317462
% 98 390265.169274
% 99 387904.412487
% 100 401197.372189
% 101 385888.881748
% 102 390846.013446
% 103 381173.706904
% 104 388833.790803
% 105 378609.802916
% 106 397461.581327
% 107 391875.714981
% 108 393753.070489
% 109 390890.042898
% 110 386795.974531
% 111 389666.013487
% 112 398334.682073
% 113 382090.194829
% 114 382124.152709
% 115 373130.619328
% 116 367550.703622
% 117 363217.518000
% 118 375158.966882
% 119 384273.407599
% 120 380450.277257
% 121 376295.328394
% 122 379141.852245
% 123 387361.147437
% 124 380434.094256
% 125 369745.354859
% 126 374572.852539
% 127 375444.851946
% 128 371732.930627
% 129 360791.702658
% 130 368354.441680
% 131 370562.062399
% 132 373475.511517
% 133 372668.620681
% 134 378484.225525
% 135 383239.915400
% 136 370186.256929
% 137 365745.820773
% 138 368806.333645
% 139 375087.936473
% 140 374417.209650
% 141 380146.553842
% 142 364764.810607
% 143 375056.050225
% 144 374778.218598
% 145 378149.573307
% 146 368690.095096
% 147 363780.224044
% 148 354136.715200
% 149 355444.043367
% 150 358415.135698
% 151 360381.079523
% 152 363696.539634
% 153 361472.479608
% 154 351444.823656
% 155 355021.862839
% 156 363441.821928
% 157 351903.589194
% 158 344929.141195
% 159 342591.488995
% 160 347035.769447
% 161 356179.782957
% 162 351411.965916
% 163 361235.235214
% 164 349187.478068
% 165 353292.451641
% 166 361035.974282
% 167 362130.812926
% 168 365452.563387
% 169 352503.471973
% 170 361556.410048
% 171 365884.943997
% 172 355833.700312
% 173 367267.912586
% 174 378234.533149
% 175 375208.751031
% 176 372577.847287
% 177 373101.717993
% 178 370584.174636
% 179 365346.062430
% 180 374422.947305
% 181 373235.596635
% 182 365387.427119
% 183 357348.186134
% 184 374333.390655
% 185 361799.399927
% 186 369294.841187
% 187 375276.348231
% 188 372240.422891
% 189 376735.793684
% 190 382320.132755
% 191 383634.460203
% 192 377153.215568
% 193 380855.343716
% 194 375960.090178
% 195 380323.332149
% 196 384648.848787
% 197 377138.380083
% 198 383860.631033
% 199 379583.503737
% 200 360609.002884
% 201 357724.002884
% 202 365218.673882
% 203 342344.779502
% 204 360086.467330
% 205 370038.105837
% 206 375230.820244
% 207 347769.316039
% 208 354577.705720
> Finished 208 generations with 1514640 distance calculations. GA Runtime = 28.1434 sec
> Final distance: 342344.779502
> Final Route:
Truck 0 [len = 20]: 0 --> 21 --> 12 --> 38 --> 16 --> 36 --> 8 --> 6 --> 7 --> 13 --> 34 --> 65 --> 50 --> 70 --> 71 --> 54 --> 39 --> 25 --> 29 --> 24
Truck 1 [len = 12]: 0 --> 11 --> 10 --> 15 --> 33 --> 62 --> 61 --> 40 --> 32 --> 63 --> 74 --> 75
Truck 2 [len = 13]: 0 --> 2 --> 22 --> 1 --> 27 --> 58 --> 72 --> 37 --> 31 --> 42 --> 41 --> 28 --> 73
Truck 3 [len = 20]: 0 --> 48 --> 51 --> 52 --> 68 --> 66 --> 46 --> 23 --> 45 --> 44 --> 47 --> 69 --> 67 --> 26 --> 5 --> 35 --> 59 --> 60 --> 53 --> 30
Truck 4 [len = 15]: 0 --> 20 --> 4 --> 14 --> 17 --> 64 --> 49 --> 43 --> 57 --> 56 --> 55 --> 18 --> 9 --> 19 --> 3
> Generation - Distance curve saved to fig/pr76_baseline_30_5_1000_100_10_20211216_17_32_14/20211216_17_42_22.png.
