--> Running ID = 22
> Loading cities from instances/pr76.txt
	>> 76 cities in total to be loaded
> 76 cities loaded from instances/pr76.txt
> Initial distance: 550772.952837
> Starting running GA.
	>> cities = 76, salesmen = 5
	>> Generations = 1000, PopulationSize = 100, TournamentSize = 10
# Generation Distance
% 1 550177.434599
% 2 515194.839959
% 3 507243.007239
% 4 508244.041431
% 5 483966.168667
% 6 480408.000464
% 7 468301.657982
% 8 467296.839376
% 9 460418.732708
% 10 449891.597900
% 11 445798.349986
% 12 453543.981870
% 13 446355.012221
% 14 436292.681550
% 15 429536.734301
% 16 413727.900863
% 17 418155.440108
% 18 414560.897422
% 19 414787.628146
% 20 395923.327004
% 21 404478.600990
% 22 403643.978127
% 23 409255.461995
% 24 416444.640944
% 25 398390.769786
% 26 404533.630325
% 27 388979.147012
% 28 399487.692809
% 29 395084.997330
% 30 393290.129768
% 31 386239.941751
% 32 383906.987518
% 33 378430.364152
% 34 374816.824688
% 35 379384.122098
% 36 386181.855414
% 37 386607.994383
% 38 378103.970916
% 39 379854.490633
% 40 375464.469327
% 41 373161.552663
% 42 382466.223494
% 43 368368.392820
% 44 373733.626025
% 45 376987.133310
% 46 369343.296279
% 47 368533.837012
% 48 367885.237085
% 49 370460.626319
% 50 367139.993992
% 51 379514.376580
% 52 381322.766385
% 53 387594.786056
% 54 389083.343662
% 55 388916.304512
% 56 389174.635172
% 57 386837.407001
% 58 389739.744037
% 59 384123.422086
% 60 391295.396776
% 61 376261.168036
% 62 385381.068654
% 63 358478.129582
% 64 364534.234691
% 65 374381.079970
% 66 372329.030857
% 67 383682.599312
% 68 374872.714841
% 69 379491.347376
% 70 373400.802567
% 71 377479.586066
% 72 370265.757565
% 73 379840.835638
% 74 373388.106091
% 75 381450.695471
% 76 364106.550310
% 77 376929.886790
% 78 383356.715026
% 79 372307.862575
% 80 371512.384889
% 81 372483.659333
% 82 365918.026846
% 83 363339.411202
% 84 360849.275064
% 85 361539.353673
% 86 352097.757283
% 87 350321.608653
% 88 353850.777014
% 89 333472.669098
% 90 337016.746920
% 91 349892.229347
% 92 353841.590544
% 93 347950.776757
% 94 353212.433083
% 95 347887.674119
% 96 357384.558707
% 97 352719.873645
% 98 343924.229877
% 99 350417.714162
% 100 354998.320762
% 101 345404.163162
% 102 349731.223204
% 103 340628.542520
% 104 344979.321432
% 105 341427.455365
% 106 354013.332579
% 107 347258.968311
% 108 348384.053150
% 109 355553.360083
% 110 359507.643988
% 111 363142.465417
% 112 373727.645744
% 113 361085.684927
% 114 351382.496937
% 115 345699.157108
% 116 343644.975674
% 117 353209.258155
% 118 335709.834695
% 119 341521.984784
% 120 339913.336880
% 121 338484.057588
% 122 340870.513304
% 123 343770.225841
% 124 350556.337137
% 125 347581.188199
% 126 352951.430691
% 127 361310.786425
% 128 360803.800871
% 129 351887.809977
% 130 361598.144703
% 131 354619.630416
% 132 356412.103933
% 133 369187.238118
% 134 355960.765628
% 135 360379.537992
% 136 362505.865510
% 137 361935.354154
% 138 357532.645492
% 139 362289.732937
% 140 352446.046495
% 141 368348.269951
% 142 377298.219290
% 143 368311.245658
% 144 373366.442508
% 145 379589.737074
% 146 381463.967766
% 147 382475.935774
% 148 372977.437590
% 149 387780.075790
% 150 383487.667232
% 151 387108.702763
% 152 387502.719987
% 153 383859.760319
% 154 376072.983923
% 155 362658.955565
% 156 376201.346264
% 157 364426.689274
% 158 359066.434833
% 159 364300.764845
% 160 362313.034023
% 161 368907.422364
% 162 375452.426328
% 163 371135.732238
% 164 369821.294342
% 165 356948.595303
% 166 350449.170148
% 167 338496.515614
% 168 352479.113319
% 169 350703.153311
% 170 358398.433149
% 171 340902.971116
% 172 349657.017111
% 173 350650.431961
% 174 347720.196720
% 175 352636.292699
% 176 355101.204647
% 177 346377.335639
% 178 352376.940528
% 179 341132.849847
% 180 346104.601590
% 181 354857.319239
% 182 358664.159020
% 183 346064.077667
% 184 342659.820084
% 185 343892.197169
% 186 332489.717657
% 187 345934.437181
% 188 340294.714245
% 189 357312.607211
% 190 349499.630034
% 191 354139.081556
% 192 350252.234185
% 193 356284.038644
% 194 362061.511503
% 195 362728.923002
% 196 366746.198001
% 197 360118.608413
% 198 362099.008192
% 199 370973.457318
% 200 375309.477482
% 201 367309.184827
% 202 369642.633536
% 203 384135.401490
% 204 386465.232207
% 205 379005.215191
% 206 373751.479982
% 207 368525.992345
% 208 372588.663917
> Finished 208 generations with 1514000 distance calculations. GA Runtime = 29.1809 sec
> Final distance: 332489.717657
> Final Route:
Truck 0 [len = 22]: 0 --> 6 --> 46 --> 52 --> 35 --> 25 --> 42 --> 51 --> 67 --> 54 --> 59 --> 40 --> 58 --> 56 --> 71 --> 72 --> 70 --> 55 --> 15 --> 21 --> 34 --> 4
Truck 1 [len = 15]: 0 --> 27 --> 43 --> 26 --> 66 --> 68 --> 36 --> 16 --> 12 --> 37 --> 41 --> 65 --> 64 --> 53 --> 9
Truck 2 [len = 10]: 0 --> 1 --> 44 --> 47 --> 69 --> 49 --> 48 --> 45 --> 20 --> 24
Truck 3 [len = 20]: 0 --> 23 --> 33 --> 31 --> 73 --> 8 --> 74 --> 75 --> 7 --> 10 --> 18 --> 2 --> 3 --> 32 --> 19 --> 17 --> 14 --> 11 --> 13 --> 5
Truck 4 [len = 13]: 0 --> 29 --> 28 --> 38 --> 50 --> 61 --> 63 --> 62 --> 60 --> 57 --> 39 --> 30 --> 22
> Generation - Distance curve saved to fig/pr76_baseline_30_5_1000_100_10_20211216_17_32_14/20211216_17_43_24.png.
