--> Running ID = 23
> Loading cities from instances/pr76.txt
	>> 76 cities in total to be loaded
> 76 cities loaded from instances/pr76.txt
> Initial distance: 549928.378584
> Starting running GA.
	>> cities = 76, salesmen = 5
	>> Generations = 1000, PopulationSize = 100, TournamentSize = 10
# Generation Distance
% 1 536471.140749
% 2 531818.533646
% 3 516256.762514
% 4 512760.469568
% 5 491783.889973
% 6 473405.979004
% 7 467447.679937
% 8 474669.847427
% 9 465672.284646
% 10 453395.218728
% 11 453152.912121
% 12 458784.759024
% 13 442361.812963
% 14 436493.554069
% 15 428130.269583
% 16 426052.331011
% 17 419879.265339
% 18 404774.474875
% 19 391381.583869
% 20 400976.154143
% 21 404848.036616
% 22 401864.349284
% 23 383308.903101
% 24 376166.260271
% 25 371545.533579
% 26 358067.339144
% 27 359887.416514
% 28 351912.512585
% 29 365448.471024
% 30 366599.691674
% 31 364223.021019
% 32 368018.547067
% 33 368333.701783
% 34 367371.110321
% 35 363061.421627
% 36 359860.554954
% 37 366074.056958
% 38 374513.440461
% 39 362650.411380
% 40 364031.670614
% 41 362187.534207
% 42 364339.410744
% 43 367914.553229
% 44 367286.294384
% 45 368180.169802
% 46 365205.432339
% 47 359604.240930
% 48 360896.818576
% 49 376322.338977
% 50 364537.550337
% 51 376313.721730
% 52 364205.393526
% 53 359323.324535
% 54 373616.846416
% 55 371130.106520
% 56 376138.094361
% 57 370977.790007
% 58 380605.487603
% 59 381456.079641
% 60 378470.340695
% 61 366530.015109
% 62 370907.645282
% 63 379390.417444
% 64 376166.533802
% 65 385693.604312
% 66 368796.376451
% 67 371087.088420
% 68 371387.701468
% 69 370678.870750
% 70 380525.048024
% 71 369806.716011
% 72 367157.259728
% 73 369185.581705
% 74 380402.255392
% 75 393574.151136
% 76 389157.772942
% 77 373697.130470
% 78 387485.389996
% 79 389021.719530
% 80 390877.776585
% 81 384760.973349
% 82 383741.631235
% 83 372931.358266
% 84 368666.413996
% 85 390585.399360
% 86 378830.521040
% 87 385906.506601
% 88 387383.857084
% 89 382379.749607
% 90 386991.127134
% 91 401955.966676
% 92 375993.581578
% 93 375043.017315
% 94 387751.139181
% 95 383271.687282
% 96 369468.866622
% 97 373257.629113
% 98 370763.458494
% 99 381885.502196
% 100 382834.664140
% 101 380031.835979
% 102 380601.462961
% 103 384621.288526
% 104 392499.373967
% 105 385831.361309
% 106 390358.256312
% 107 383484.872903
% 108 401808.288362
% 109 394461.649587
% 110 403245.257022
% 111 402509.258284
% 112 394142.043537
% 113 392942.455095
% 114 397891.537675
% 115 399973.859184
% 116 400078.461104
% 117 405350.755014
% 118 409761.188036
% 119 401145.096537
% 120 407637.688287
% 121 395665.210266
% 122 405606.099476
% 123 397621.716252
% 124 386818.280396
% 125 381203.088439
% 126 389039.064066
% 127 380610.282213
% 128 390063.271068
% 129 395276.217112
% 130 396100.399898
% 131 396215.843021
% 132 397760.481437
% 133 401507.401082
% 134 401308.865986
% 135 389841.426197
% 136 400471.073453
% 137 401418.027014
% 138 396258.639388
% 139 390221.650545
% 140 395196.753466
% 141 392268.860839
% 142 385980.798836
% 143 391069.584688
% 144 385244.506622
% 145 386595.318310
% 146 384238.698018
% 147 387795.711937
% 148 400072.674293
% 149 387010.402942
% 150 377724.126503
% 151 383928.450144
% 152 387722.264143
% 153 369017.921874
% 154 366688.514215
% 155 368894.511636
% 156 371348.295119
% 157 378105.716311
% 158 381461.278459
% 159 373850.087906
% 160 366030.042214
% 161 368035.480192
% 162 371429.806234
% 163 370155.279644
% 164 365525.439968
% 165 367998.310665
% 166 366061.709453
% 167 357264.838490
% 168 364930.023185
% 169 364995.382872
% 170 368148.410080
% 171 369238.528752
% 172 371483.647452
% 173 378181.623510
% 174 366604.833583
% 175 370753.922341
% 176 367610.546536
% 177 364516.477401
% 178 366874.514327
% 179 371386.921800
% 180 358090.717227
% 181 353890.901198
% 182 360614.097778
% 183 363688.694026
% 184 346370.313041
% 185 353095.701676
% 186 359055.246430
% 187 353135.537345
% 188 362500.583978
% 189 370745.812163
% 190 374173.179534
% 191 376331.369597
% 192 381090.562734
% 193 375156.482566
% 194 375545.171110
% 195 381877.364307
% 196 379452.482286
% 197 389568.135452
% 198 387208.674727
% 199 375577.899789
% 200 374349.226290
% 201 376899.190260
% 202 383051.979929
% 203 366819.141855
% 204 379247.168485
% 205 378690.124508
% 206 375646.072437
% 207 386147.743901
% 208 389265.945755
> Finished 208 generations with 1514880 distance calculations. GA Runtime = 27.9808 sec
> Final distance: 346370.313041
> Final Route:
Truck 0 [len = 14]: 0 --> 14 --> 11 --> 35 --> 57 --> 56 --> 70 --> 72 --> 71 --> 68 --> 47 --> 32 --> 62 --> 61
Truck 1 [len = 18]: 0 --> 25 --> 19 --> 8 --> 73 --> 13 --> 4 --> 30 --> 31 --> 54 --> 60 --> 59 --> 33 --> 43 --> 44 --> 1 --> 75 --> 74
Truck 2 [len = 14]: 0 --> 21 --> 27 --> 42 --> 55 --> 51 --> 38 --> 64 --> 48 --> 24 --> 23 --> 46 --> 65 --> 7
Truck 3 [len = 23]: 0 --> 37 --> 26 --> 58 --> 39 --> 66 --> 67 --> 49 --> 52 --> 53 --> 17 --> 28 --> 6 --> 50 --> 63 --> 40 --> 16 --> 36 --> 12 --> 10 --> 3 --> 18 --> 22
Truck 4 [len = 11]: 0 --> 2 --> 20 --> 5 --> 34 --> 45 --> 69 --> 41 --> 29 --> 9 --> 15
> Generation - Distance curve saved to fig/pr76_baseline_30_5_1000_100_10_20211216_17_32_14/20211216_17_43_56.png.
