--> Running ID = 14
> Loading cities from instances/mtsp100.txt
	>> 100 cities in total to be loaded
> 100 cities loaded from instances/mtsp100.txt
> Initial distance: 144721.676404
> Starting running GA.
	>> cities = 100, salesmen = 5
	>> Generations = 1000, PopulationSize = 100, TournamentSize = 10
# Generation Distance
% 1 143535.936869
% 2 142388.134469
% 3 143099.297383
% 4 139657.409341
% 5 139798.000936
% 6 135329.095493
% 7 135140.702861
% 8 134491.329334
% 9 133345.523251
% 10 131228.538766
% 11 131462.149989
% 12 127522.067875
% 13 127066.762510
% 14 126343.343072
% 15 124208.546291
% 16 123574.017471
% 17 124641.933292
% 18 122664.478575
% 19 119996.575503
% 20 116666.171600
% 21 116407.431291
% 22 114879.190636
% 23 113788.260304
% 24 113117.831735
% 25 114367.121689
% 26 113869.082404
% 27 114786.942672
% 28 116726.938617
% 29 114032.691306
% 30 111643.561290
% 31 112495.724546
% 32 112784.649983
% 33 111752.635238
% 34 110571.292504
% 35 111948.716138
% 36 110633.099880
% 37 109551.170389
% 38 109429.745021
% 39 108937.296087
% 40 107033.148468
% 41 109490.300277
% 42 106446.626309
% 43 106693.801119
% 44 108656.104196
% 45 107059.466525
% 46 107138.450420
% 47 106013.692400
% 48 108216.416454
% 49 105460.270780
% 50 106524.790203
% 51 106849.145588
% 52 105426.389938
% 53 103071.265012
% 54 101663.208895
% 55 100173.556378
% 56 98377.842066
% 57 95625.317220
% 58 99023.651378
% 59 98180.227513
% 60 100341.746273
% 61 101325.834867
% 62 98627.763071
% 63 100092.615613
% 64 101389.645275
% 65 98450.249534
% 66 97041.006588
% 67 98854.291836
% 68 96291.652333
% 69 96716.015766
% 70 100569.315083
% 71 96994.256161
% 72 100146.150807
% 73 97512.430305
% 74 100739.881606
% 75 99016.828708
% 76 98477.117723
% 77 98059.195597
% 78 100003.890435
% 79 100298.247362
% 80 100421.780970
% 81 97758.609522
% 82 98121.422632
% 83 98766.030781
% 84 98219.413739
% 85 94804.089453
% 86 98783.500416
% 87 99454.984200
% 88 101059.512119
% 89 100060.049863
% 90 100125.378026
% 91 99502.413836
% 92 98538.156588
% 93 100146.056788
% 94 99104.631571
% 95 98229.567959
% 96 97728.647334
% 97 97187.882407
% 98 96837.766674
% 99 94482.804889
% 100 97499.489075
% 101 94043.360908
% 102 94683.726759
% 103 93746.510195
% 104 93537.936388
% 105 92443.112125
% 106 93832.527077
% 107 91043.555303
% 108 95324.534654
% 109 95344.505837
% 110 93851.794275
% 111 95798.794572
% 112 93779.715146
% 113 94914.152780
% 114 92573.192723
% 115 94263.647607
% 116 93653.205663
% 117 94822.263540
% 118 97660.464227
% 119 93571.392978
% 120 93731.071207
% 121 96690.616563
% 122 93292.146690
% 123 93143.387856
% 124 97969.164338
% 125 95015.470868
% 126 95717.871605
% 127 94648.293503
% 128 93119.817538
% 129 93345.722270
% 130 91964.019034
% 131 94259.060315
% 132 95880.208556
% 133 95795.332412
% 134 96969.452344
% 135 94858.205431
% 136 98086.540036
% 137 97960.662320
% 138 96412.666256
% 139 96084.008778
% 140 97177.276725
% 141 97720.875868
% 142 97693.103596
% 143 98114.809170
% 144 98443.293502
% 145 97281.850014
% 146 97359.220023
% 147 94412.551284
% 148 98666.182390
% 149 98807.842634
% 150 99639.824733
% 151 98543.686680
% 152 98289.191084
% 153 101977.416025
% 154 99405.763677
% 155 100356.800925
% 156 98485.615062
% 157 99600.681339
% 158 99632.102933
% 159 99586.586203
% 160 100964.352115
% 161 100457.970567
% 162 101409.531702
% 163 97983.927155
% 164 95918.868398
% 165 96276.451639
% 166 97165.476122
% 167 94925.625430
% 168 94223.113930
% 169 92540.974039
% 170 91646.013500
% 171 93433.917112
% 172 91085.595295
% 173 91411.257482
% 174 92836.922474
% 175 89531.041121
% 176 90385.059511
% 177 89830.745753
% 178 88513.955870
% 179 89131.273212
% 180 89561.278410
% 181 86618.637248
% 182 87685.373962
% 183 85602.022846
% 184 87964.301176
% 185 84320.213473
% 186 86315.721142
% 187 85019.051853
% 188 83410.704280
% 189 86738.717356
% 190 87472.151698
% 191 86366.069613
% 192 85404.664472
% 193 85564.922584
% 194 87102.134307
% 195 85905.945648
% 196 87301.641069
% 197 85629.172171
% 198 86675.104099
% 199 87499.244636
% 200 85694.991291
% 201 85115.634198
% 202 85242.019676
% 203 86077.422915
% 204 87361.079477
% 205 84549.614514
% 206 89385.879769
% 207 87954.919121
% 208 86208.113510
% 209 88188.363889
% 210 88538.669778
% 211 90076.132079
> Finished 211 generations with 1996072 distance calculations. GA Runtime = 41.5318 sec
> Final distance: 83410.704280
> Final Route:
Truck 0 [len = 30]: 0 --> 17 --> 86 --> 3 --> 39 --> 67 --> 82 --> 24 --> 19 --> 20 --> 27 --> 81 --> 55 --> 94 --> 59 --> 43 --> 62 --> 90 --> 52 --> 92 --> 63 --> 4 --> 99 --> 47 --> 1 --> 50 --> 61 --> 8 --> 25 --> 2
Truck 1 [len = 12]: 0 --> 71 --> 37 --> 41 --> 53 --> 42 --> 70 --> 14 --> 11 --> 46 --> 15 --> 84
Truck 2 [len = 16]: 0 --> 26 --> 83 --> 87 --> 40 --> 93 --> 80 --> 30 --> 32 --> 85 --> 76 --> 6 --> 35 --> 7 --> 10 --> 45
Truck 3 [len = 22]: 0 --> 49 --> 54 --> 9 --> 95 --> 65 --> 56 --> 77 --> 69 --> 89 --> 97 --> 96 --> 73 --> 57 --> 48 --> 72 --> 74 --> 68 --> 44 --> 98 --> 79 --> 51
Truck 4 [len = 24]: 0 --> 33 --> 23 --> 12 --> 60 --> 66 --> 28 --> 75 --> 64 --> 38 --> 88 --> 21 --> 31 --> 22 --> 13 --> 5 --> 58 --> 36 --> 91 --> 18 --> 29 --> 34 --> 78 --> 16
> Generation - Distance curve saved to fig/mtsp100_baseline_30_5_1000_100_10_20211216_16_28_21/20211216_16_38_02.png.
