--> Running ID = 15
> Loading cities from instances/mtsp100.txt
	>> 100 cities in total to be loaded
> 100 cities loaded from instances/mtsp100.txt
> Initial distance: 153813.166689
> Starting running GA.
	>> cities = 100, salesmen = 5
	>> Generations = 1000, PopulationSize = 100, TournamentSize = 10
# Generation Distance
% 1 147172.327836
% 2 146928.617415
% 3 145932.682848
% 4 143913.750653
% 5 140080.974895
% 6 140259.105276
% 7 138108.568548
% 8 135653.598572
% 9 132011.374612
% 10 132952.734153
% 11 130401.078722
% 12 127752.169822
% 13 127988.924144
% 14 127848.217922
% 15 127478.684218
% 16 125150.964161
% 17 123089.174897
% 18 120072.463753
% 19 117960.277213
% 20 116742.359914
% 21 116778.516013
% 22 111737.334081
% 23 112095.125724
% 24 110347.113028
% 25 108638.746995
% 26 107787.187939
% 27 110212.757248
% 28 107720.789995
% 29 108731.334014
% 30 108633.171165
% 31 108194.352372
% 32 108784.640871
% 33 107349.956261
% 34 105659.800961
% 35 104429.024654
% 36 108416.969808
% 37 107963.224603
% 38 104740.260293
% 39 107837.981805
% 40 105574.566551
% 41 104513.423332
% 42 105388.923883
% 43 103688.151469
% 44 102691.253057
% 45 103066.672963
% 46 104417.709237
% 47 103072.497327
% 48 100035.532308
% 49 101654.902792
% 50 102461.359864
% 51 103664.802566
% 52 104412.065417
% 53 103545.886778
% 54 101197.098524
% 55 103708.994877
% 56 103403.921623
% 57 105387.368445
% 58 106464.941541
% 59 104485.592195
% 60 102531.791633
% 61 103976.236179
% 62 101358.846304
% 63 102289.805679
% 64 103823.995794
% 65 101790.817205
% 66 103759.305161
% 67 102584.118479
% 68 102640.651202
% 69 104353.786407
% 70 102316.590556
% 71 103553.186421
% 72 97764.844743
% 73 98709.928427
% 74 98613.397708
% 75 99583.452563
% 76 99440.673310
% 77 97893.710811
% 78 98948.172568
% 79 98391.813343
% 80 97866.612274
% 81 96649.728363
% 82 95374.031656
% 83 97955.954070
% 84 97849.971139
% 85 97457.635076
% 86 96375.602653
% 87 98117.790497
% 88 96516.002739
% 89 97622.846782
% 90 97478.194740
% 91 98176.470361
% 92 98434.490675
% 93 95774.839375
% 94 96209.004150
% 95 96064.564533
% 96 95964.261552
% 97 94947.970395
% 98 95081.695643
% 99 94978.515722
% 100 91291.783127
% 101 94540.471565
% 102 95730.167256
% 103 96248.468730
% 104 98323.343035
% 105 97984.881221
% 106 96987.688567
% 107 98176.433154
% 108 97961.818669
% 109 98267.486768
% 110 96580.298621
% 111 96838.786297
% 112 95380.318059
% 113 94952.453985
% 114 95386.821166
% 115 95200.275944
% 116 92397.666715
% 117 94501.935088
% 118 93795.724426
% 119 94719.598808
% 120 96889.565485
% 121 97921.649015
% 122 99515.438936
% 123 100591.956997
% 124 96976.285867
% 125 96691.618924
% 126 96235.744985
% 127 93420.906187
% 128 94722.610826
% 129 93220.386234
% 130 91549.405538
% 131 92533.726323
% 132 95056.598731
% 133 96297.430011
% 134 96256.968924
% 135 97952.596513
% 136 96143.680659
% 137 95896.651806
% 138 94877.662724
% 139 93546.258260
% 140 92883.984749
% 141 94000.589096
% 142 93109.441630
% 143 91307.476983
% 144 89693.942663
% 145 95466.275913
% 146 90610.967641
% 147 91545.867750
% 148 92344.435580
% 149 94309.823169
% 150 93563.921769
% 151 96942.164207
% 152 93088.276540
% 153 93461.247336
% 154 93066.915786
% 155 92349.529811
% 156 95103.595550
% 157 92313.542053
% 158 93242.964558
% 159 94707.536872
% 160 95988.338441
% 161 97946.199369
% 162 94229.200117
% 163 94556.527329
% 164 95695.928113
% 165 94234.697491
% 166 93521.871846
% 167 94850.517628
% 168 96538.304135
% 169 98623.735496
% 170 100175.184330
% 171 97538.120516
% 172 99378.136969
% 173 101498.795198
% 174 100078.068208
% 175 98096.553094
% 176 98128.646372
% 177 99733.717456
% 178 96400.291796
% 179 97195.169937
% 180 96515.750767
% 181 96887.108139
% 182 96304.986877
% 183 97763.195759
% 184 97460.375301
% 185 92963.048419
% 186 95310.144610
% 187 95708.518123
% 188 96698.683048
% 189 94473.040756
% 190 96118.238535
% 191 95717.555262
% 192 99051.292804
% 193 98805.941882
% 194 98895.782735
% 195 98546.549095
% 196 96989.673844
% 197 95671.024655
% 198 97451.288533
% 199 93803.815421
% 200 94095.159466
% 201 92742.976884
% 202 94527.532989
% 203 93483.409288
% 204 92460.330884
% 205 91743.941673
% 206 94022.603971
% 207 93438.555486
% 208 90878.422027
% 209 90332.653543
% 210 90123.247990
% 211 89550.234375
> Finished 211 generations with 1996176 distance calculations. GA Runtime = 44.6034 sec
> Final distance: 89550.234375
> Final Route:
Truck 0 [len = 16]: 0 --> 12 --> 49 --> 96 --> 65 --> 7 --> 35 --> 73 --> 28 --> 21 --> 97 --> 89 --> 10 --> 57 --> 69 --> 22
Truck 1 [len = 25]: 0 --> 37 --> 64 --> 32 --> 70 --> 52 --> 91 --> 4 --> 81 --> 59 --> 67 --> 39 --> 15 --> 5 --> 95 --> 63 --> 84 --> 3 --> 47 --> 82 --> 54 --> 55 --> 56 --> 62 --> 71
Truck 2 [len = 28]: 0 --> 51 --> 42 --> 2 --> 44 --> 11 --> 17 --> 98 --> 38 --> 53 --> 14 --> 93 --> 88 --> 31 --> 6 --> 66 --> 60 --> 79 --> 30 --> 77 --> 90 --> 29 --> 86 --> 20 --> 34 --> 36 --> 27 --> 46
Truck 3 [len = 9]: 0 --> 45 --> 99 --> 58 --> 9 --> 19 --> 72 --> 26 --> 78
Truck 4 [len = 26]: 0 --> 87 --> 23 --> 83 --> 43 --> 94 --> 25 --> 8 --> 61 --> 50 --> 1 --> 13 --> 92 --> 76 --> 85 --> 68 --> 40 --> 48 --> 16 --> 74 --> 41 --> 80 --> 33 --> 24 --> 18 --> 75
> Generation - Distance curve saved to fig/mtsp100_baseline_30_5_1000_100_10_20211216_16_28_21/20211216_16_38_46.png.
