--> Running ID = 5
> Loading cities from instances/mtsp100.txt
	>> 100 cities in total to be loaded
> 100 cities loaded from instances/mtsp100.txt
> Initial distance: 145983.019328
> Starting running GA.
	>> cities = 100, salesmen = 5
	>> Generations = 1000, PopulationSize = 100, TournamentSize = 10
# Generation Distance
% 1 143224.088089
% 2 132089.718420
% 3 130485.826793
% 4 131098.831922
% 5 127872.155981
% 6 127048.996740
% 7 127955.709349
% 8 125929.770788
% 9 122781.802227
% 10 122318.401503
% 11 120616.673847
% 12 119973.920571
% 13 117269.594786
% 14 115414.320811
% 15 113813.291191
% 16 111758.399638
% 17 112936.441850
% 18 111179.601624
% 19 111448.859349
% 20 110021.351440
% 21 110137.581450
% 22 108916.055314
% 23 108950.754588
% 24 107580.014880
% 25 105950.605266
% 26 103441.925151
% 27 104926.249208
% 28 103244.988835
% 29 101213.668419
% 30 101364.485533
% 31 100166.222154
% 32 100613.249844
% 33 97045.650148
% 34 96839.996695
% 35 95957.307094
% 36 97895.444448
% 37 99802.582518
% 38 95964.937325
% 39 97131.586525
% 40 95961.710921
% 41 94895.437704
% 42 95173.788813
% 43 95274.383387
% 44 95280.673045
% 45 93296.436179
% 46 94996.862414
% 47 92358.551813
% 48 96467.726689
% 49 92861.549259
% 50 92980.197956
% 51 92963.519820
% 52 91861.147699
% 53 89144.212302
% 54 90057.551781
% 55 88530.684512
% 56 86823.669508
% 57 91361.091619
% 58 91232.635331
% 59 91235.214532
% 60 90231.902099
% 61 90513.725264
% 62 91612.246202
% 63 88129.533237
% 64 90581.758352
% 65 91245.720333
% 66 92131.566626
% 67 91526.853019
% 68 93661.601282
% 69 94359.208650
% 70 94591.421608
% 71 94042.005717
% 72 95001.554312
% 73 97536.838304
% 74 99142.199100
% 75 97041.357027
% 76 95847.026421
% 77 93077.127504
% 78 95640.371052
% 79 95046.461029
% 80 96320.992922
% 81 94934.074360
% 82 96391.355364
% 83 92603.025668
% 84 95347.484319
% 85 96656.788816
% 86 96143.812688
% 87 92901.268105
% 88 93216.923011
% 89 94781.107617
% 90 92802.857499
% 91 89778.557926
% 92 91351.416180
% 93 92545.232036
% 94 94459.031894
% 95 92898.907406
% 96 93003.608183
% 97 92040.242844
% 98 92711.224758
% 99 93129.975572
% 100 94741.055192
% 101 91901.670887
% 102 92278.565283
% 103 91844.293594
% 104 92549.716588
% 105 94351.320055
% 106 93611.868534
% 107 94140.702651
% 108 96237.080678
% 109 92975.266380
% 110 94582.502824
% 111 94513.741488
% 112 93134.114374
% 113 94319.340408
% 114 92700.472975
% 115 95206.338262
% 116 96579.029789
% 117 98309.307275
% 118 97029.865313
% 119 97472.277790
% 120 96330.512648
% 121 97597.212022
% 122 96626.238608
% 123 95328.891640
% 124 94184.204146
% 125 90002.639051
% 126 92894.172866
% 127 91819.868042
% 128 93743.533704
% 129 89535.429917
% 130 91276.309328
% 131 90111.100218
% 132 90197.499200
% 133 90789.433630
% 134 93442.992000
% 135 90300.441684
% 136 92530.840158
% 137 93857.905602
% 138 92943.924655
% 139 96220.782472
% 140 94273.031936
% 141 95348.066541
% 142 96076.232867
% 143 94401.989505
% 144 91243.360810
% 145 93510.861720
% 146 92054.713185
% 147 91883.054404
% 148 94218.422854
% 149 93696.060453
% 150 94089.483682
% 151 92363.379814
% 152 92842.229161
% 153 93076.414868
% 154 92079.713886
% 155 93875.692979
% 156 93131.306190
% 157 94048.593275
% 158 93946.303986
% 159 95136.125150
% 160 94867.662619
% 161 96800.053577
% 162 97655.807992
% 163 94661.397291
% 164 93975.814812
% 165 94577.005440
% 166 98090.921794
% 167 98530.648901
% 168 97790.262223
% 169 96246.002687
% 170 95907.378055
% 171 96077.303974
% 172 94913.823355
% 173 98010.494304
% 174 97129.646397
% 175 95982.628255
% 176 98408.015461
% 177 95471.995108
% 178 95319.324134
% 179 92594.216304
% 180 92052.960098
% 181 91366.039150
% 182 92456.312903
% 183 93883.749363
% 184 95220.319021
% 185 94712.298937
% 186 94486.565141
% 187 94824.540653
% 188 95007.530847
% 189 94896.784303
% 190 96166.255810
% 191 96260.959024
% 192 92862.473101
% 193 93708.653071
% 194 95748.867972
% 195 93717.458603
% 196 93183.570313
% 197 92376.243050
% 198 94512.780499
% 199 93186.165926
% 200 93574.486785
% 201 94909.188549
% 202 95099.727223
% 203 94266.308480
% 204 96071.929278
% 205 96026.952670
% 206 95867.540502
% 207 96499.659062
% 208 95525.093702
% 209 96082.011589
% 210 95152.049868
% 211 92921.512639
> Finished 211 generations with 1994824 distance calculations. GA Runtime = 41.3277 sec
> Final distance: 86823.669508
> Final Route:
Truck 0 [len = 16]: 0 --> 44 --> 19 --> 75 --> 67 --> 10 --> 21 --> 74 --> 6 --> 56 --> 98 --> 66 --> 28 --> 35 --> 73 --> 37
Truck 1 [len = 27]: 0 --> 49 --> 41 --> 57 --> 71 --> 26 --> 95 --> 77 --> 82 --> 85 --> 17 --> 50 --> 59 --> 86 --> 18 --> 1 --> 91 --> 24 --> 3 --> 72 --> 90 --> 40 --> 76 --> 36 --> 15 --> 25 --> 53
Truck 2 [len = 12]: 0 --> 12 --> 51 --> 9 --> 70 --> 58 --> 52 --> 54 --> 8 --> 5 --> 39 --> 84
Truck 3 [len = 19]: 0 --> 87 --> 60 --> 65 --> 30 --> 64 --> 46 --> 27 --> 32 --> 81 --> 11 --> 20 --> 14 --> 83 --> 33 --> 13 --> 79 --> 31 --> 89
Truck 4 [len = 30]: 0 --> 23 --> 16 --> 80 --> 96 --> 22 --> 93 --> 69 --> 88 --> 45 --> 7 --> 48 --> 97 --> 78 --> 68 --> 43 --> 42 --> 2 --> 63 --> 94 --> 55 --> 4 --> 92 --> 29 --> 34 --> 47 --> 99 --> 61 --> 62 --> 38
> Generation - Distance curve saved to fig/mtsp100_baseline_30_5_1000_100_10_20211216_16_28_21/20211216_16_31_18.png.
