--> Running ID = 19
> Loading cities from instances/mtsp100.txt
	>> 100 cities in total to be loaded
> 100 cities loaded from instances/mtsp100.txt
> Initial distance: 148729.524149
> Starting running GA.
	>> cities = 100, salesmen = 5
	>> Generations = 1000, PopulationSize = 100, TournamentSize = 10
# Generation Distance
% 1 140689.042583
% 2 139596.329966
% 3 135494.264323
% 4 136311.108013
% 5 134944.517668
% 6 129654.021169
% 7 129552.017353
% 8 128677.470611
% 9 125673.978610
% 10 123450.386409
% 11 121680.316265
% 12 121811.600157
% 13 121796.617057
% 14 121912.845509
% 15 118944.960389
% 16 120756.717243
% 17 118038.104550
% 18 116344.376733
% 19 114490.272265
% 20 113895.415695
% 21 115392.217555
% 22 114506.170235
% 23 110419.401165
% 24 110567.668389
% 25 109021.338992
% 26 108825.712798
% 27 110562.022970
% 28 110500.162283
% 29 110957.738785
% 30 110237.443648
% 31 108924.836866
% 32 107837.734240
% 33 108767.972671
% 34 105334.114149
% 35 103315.265215
% 36 103487.142029
% 37 104009.585205
% 38 101406.756484
% 39 102774.430193
% 40 101964.264312
% 41 101943.657751
% 42 99091.436651
% 43 97941.484018
% 44 97845.803236
% 45 95183.311132
% 46 96255.613861
% 47 95486.475341
% 48 95422.218467
% 49 94741.186326
% 50 96610.560957
% 51 95323.566589
% 52 97133.819182
% 53 95460.748097
% 54 96246.322442
% 55 94359.376862
% 56 96024.495302
% 57 97515.956632
% 58 98304.317486
% 59 96070.040883
% 60 98936.173754
% 61 95844.957205
% 62 97829.537725
% 63 99941.125200
% 64 98467.828299
% 65 94826.520525
% 66 91957.357663
% 67 91799.295105
% 68 92532.629592
% 69 91235.099259
% 70 92200.413751
% 71 92607.830560
% 72 90486.038789
% 73 91709.320139
% 74 92210.225291
% 75 94052.050002
% 76 92281.013273
% 77 94057.614129
% 78 91672.349264
% 79 91942.191052
% 80 92503.495371
% 81 91976.708756
% 82 92234.640922
% 83 92459.382019
% 84 93919.149530
% 85 92681.778669
% 86 91317.730012
% 87 93165.924623
% 88 93017.490126
% 89 92038.623661
% 90 93233.880605
% 91 93439.510191
% 92 91180.928256
% 93 92445.591564
% 94 94421.927666
% 95 92425.285583
% 96 94259.740219
% 97 96559.146522
% 98 93855.382791
% 99 93876.194458
% 100 92863.776606
% 101 92693.177348
% 102 94172.256101
% 103 91188.088709
% 104 92423.109943
% 105 92690.573436
% 106 91673.499850
% 107 89645.171569
% 108 91036.198014
% 109 89043.655676
% 110 90535.801607
% 111 88333.253256
% 112 90857.912655
% 113 89080.883460
% 114 86905.895572
% 115 88797.354788
% 116 88796.383116
% 117 90144.504992
% 118 89833.733706
% 119 88557.263989
% 120 90734.595529
% 121 92913.937558
% 122 91622.168014
% 123 93603.003851
% 124 93996.361443
% 125 94540.718543
% 126 93401.928216
% 127 94098.720122
% 128 92962.594178
% 129 92324.355282
% 130 91561.515004
% 131 92450.684800
% 132 90654.324465
% 133 90151.178442
% 134 90629.935357
% 135 89361.209748
% 136 88750.605283
% 137 90761.594792
% 138 89514.276600
% 139 87854.729255
% 140 87995.725407
% 141 87470.119460
% 142 89599.126729
% 143 87398.413367
% 144 90442.235870
% 145 90693.767472
% 146 90209.047777
% 147 91087.724666
% 148 90956.705140
% 149 90848.065008
% 150 92422.980165
% 151 90351.580617
% 152 86884.611407
% 153 85424.674495
% 154 88055.303236
% 155 88069.908339
% 156 89415.059827
% 157 91023.731127
% 158 89877.282547
% 159 89282.936815
% 160 90487.628092
% 161 92776.334975
% 162 90367.500766
% 163 89274.076402
% 164 89138.520190
% 165 90383.209764
% 166 89831.290037
% 167 89560.896221
% 168 90742.395558
% 169 91263.958067
% 170 91086.083923
% 171 88736.082958
% 172 89243.687809
% 173 89342.461743
% 174 88552.020366
% 175 90443.730853
% 176 87971.322292
% 177 91573.547831
% 178 91254.887429
% 179 90739.646467
% 180 92749.830740
% 181 94152.945981
% 182 93120.061286
% 183 94199.329747
% 184 94187.622178
% 185 97237.868489
% 186 93342.541207
% 187 92379.205084
% 188 91815.897027
% 189 92768.645818
% 190 94665.197057
% 191 93388.692326
% 192 92930.233003
% 193 96005.886354
% 194 97484.393569
% 195 98559.561562
% 196 96207.064962
% 197 93185.466394
% 198 94162.899003
% 199 95090.337886
% 200 95668.957287
% 201 93619.075168
% 202 96111.079199
% 203 95041.362317
% 204 93190.855819
% 205 93211.065308
% 206 94194.479457
% 207 94534.680719
% 208 93276.741391
% 209 94090.415026
% 210 97279.276827
% 211 96000.533807
> Finished 211 generations with 1995656 distance calculations. GA Runtime = 41.1690 sec
> Final distance: 85424.674495
> Final Route:
Truck 0 [len = 22]: 0 --> 4 --> 36 --> 29 --> 54 --> 86 --> 92 --> 70 --> 50 --> 5 --> 85 --> 75 --> 28 --> 35 --> 66 --> 57 --> 21 --> 97 --> 22 --> 41 --> 23 --> 26
Truck 1 [len = 21]: 0 --> 52 --> 62 --> 87 --> 40 --> 43 --> 61 --> 63 --> 77 --> 81 --> 25 --> 19 --> 55 --> 24 --> 46 --> 32 --> 95 --> 11 --> 20 --> 73 --> 6
Truck 2 [len = 16]: 0 --> 44 --> 82 --> 68 --> 12 --> 14 --> 39 --> 42 --> 38 --> 51 --> 89 --> 88 --> 69 --> 48 --> 93 --> 49
Truck 3 [len = 39]: 0 --> 15 --> 84 --> 2 --> 59 --> 90 --> 72 --> 7 --> 79 --> 13 --> 98 --> 60 --> 37 --> 33 --> 71 --> 31 --> 10 --> 16 --> 65 --> 74 --> 30 --> 67 --> 64 --> 58 --> 94 --> 8 --> 17 --> 34 --> 99 --> 91 --> 9 --> 27 --> 47 --> 18 --> 1 --> 53 --> 78 --> 80 --> 76
Truck 4 [len = 6]: 0 --> 45 --> 83 --> 3 --> 56 --> 96
> Generation - Distance curve saved to fig/mtsp100_baseline_30_5_1000_100_10_20211216_16_28_21/20211216_16_42_01.png.
