--> Running ID = 23
> Loading cities from instances/mtsp100.txt
	>> 100 cities in total to be loaded
> 100 cities loaded from instances/mtsp100.txt
> Initial distance: 154178.874862
> Starting running GA.
	>> cities = 100, salesmen = 5
	>> Generations = 1000, PopulationSize = 100, TournamentSize = 10
# Generation Distance
% 1 149146.751807
% 2 142775.122760
% 3 141230.530033
% 4 138405.533216
% 5 138511.001841
% 6 133126.913396
% 7 128101.510037
% 8 127929.193285
% 9 126366.824086
% 10 124134.493031
% 11 122883.812149
% 12 120657.552229
% 13 119005.948379
% 14 117573.363758
% 15 116521.233696
% 16 115387.613601
% 17 113864.082311
% 18 113641.600844
% 19 111902.501570
% 20 110883.998371
% 21 110629.556421
% 22 112255.568232
% 23 107965.608805
% 24 106536.739145
% 25 108200.250923
% 26 105920.322337
% 27 106854.273362
% 28 106546.856672
% 29 105861.173182
% 30 106775.221825
% 31 106103.354053
% 32 104967.608874
% 33 102732.541449
% 34 101329.758376
% 35 103988.587215
% 36 105181.099850
% 37 104423.514171
% 38 104531.355530
% 39 103157.332659
% 40 104261.180048
% 41 103980.819163
% 42 103085.052909
% 43 105567.178442
% 44 106304.157204
% 45 101535.240056
% 46 101215.687307
% 47 100019.952004
% 48 100519.324790
% 49 99386.060864
% 50 98580.146762
% 51 97287.932149
% 52 94494.720219
% 53 92912.296650
% 54 91746.108383
% 55 92328.371614
% 56 93475.944484
% 57 96389.499288
% 58 93917.121295
% 59 95247.983834
% 60 94207.636805
% 61 93394.348352
% 62 92778.838636
% 63 91946.316878
% 64 93082.430034
% 65 92919.179860
% 66 94972.169902
% 67 95572.765444
% 68 93892.431173
% 69 92884.138407
% 70 95664.365074
% 71 94454.537916
% 72 94890.936543
% 73 92474.988195
% 74 92944.462457
% 75 94260.206938
% 76 92289.557697
% 77 95693.177511
% 78 92174.521297
% 79 94760.765234
% 80 92291.619986
% 81 93111.971303
% 82 90972.982243
% 83 93902.559974
% 84 95538.291367
% 85 96485.946429
% 86 97048.021319
% 87 93796.670977
% 88 94579.834121
% 89 93690.382746
% 90 92061.291119
% 91 93231.236435
% 92 93091.268920
% 93 94555.612415
% 94 91295.576845
% 95 91139.244858
% 96 93598.284726
% 97 91168.273164
% 98 92853.617032
% 99 93410.979366
% 100 93894.310298
% 101 95386.530107
% 102 94683.855013
% 103 93298.730678
% 104 93487.271531
% 105 93233.793572
% 106 90423.895122
% 107 91322.073068
% 108 89090.656206
% 109 90666.218892
% 110 93631.342577
% 111 93841.005418
% 112 92116.477987
% 113 91988.904283
% 114 90313.603655
% 115 89411.826405
% 116 88278.292733
% 117 89162.527364
% 118 86841.283773
% 119 89290.884402
% 120 89802.503766
% 121 91412.177088
% 122 90448.216730
% 123 90001.845652
% 124 88163.970917
% 125 92965.639040
% 126 91588.783173
% 127 89853.701467
% 128 90631.880698
% 129 92500.400690
% 130 91384.157721
% 131 90283.942483
% 132 90906.272611
% 133 92181.387579
% 134 90595.897405
% 135 89883.237622
% 136 89333.926046
% 137 87119.201920
% 138 89534.938246
% 139 89061.707706
% 140 91070.125729
% 141 89861.023758
% 142 89066.137982
% 143 87911.571089
% 144 88884.849763
% 145 87273.065607
% 146 86666.414956
% 147 88308.223796
% 148 89276.478483
% 149 87711.846528
% 150 89502.015468
% 151 88410.771594
% 152 90900.940859
% 153 90312.916598
% 154 92198.720226
% 155 87806.571843
% 156 90423.311061
% 157 89849.378930
% 158 89828.790946
% 159 92531.425552
% 160 92571.052431
% 161 91406.557845
% 162 88538.300514
% 163 89017.167447
% 164 89842.788662
% 165 91038.779347
% 166 90691.338232
% 167 90096.991713
% 168 90161.977780
% 169 88427.800087
% 170 89387.088530
% 171 88662.849939
% 172 85996.673860
% 173 90058.066786
% 174 89021.195879
% 175 92170.987454
% 176 93338.823861
% 177 94542.958134
% 178 93752.021670
% 179 92585.107386
% 180 94457.447081
% 181 96255.580429
% 182 94315.958851
% 183 96232.119810
% 184 93413.338208
% 185 90983.710080
% 186 89591.032340
% 187 88861.480537
% 188 89351.803069
% 189 89899.005026
% 190 88346.797455
% 191 90560.020197
% 192 88635.972662
% 193 92201.613171
% 194 88763.054431
% 195 90847.306550
% 196 92065.239481
% 197 90342.333963
% 198 90135.416990
% 199 87587.781596
% 200 86358.423304
% 201 89497.930574
% 202 90616.462649
% 203 88134.640077
% 204 90615.889204
% 205 89842.454165
% 206 89641.982935
% 207 90002.689532
% 208 89616.463997
% 209 89461.948620
% 210 88905.755142
% 211 89173.661581
> Finished 211 generations with 1997320 distance calculations. GA Runtime = 40.8825 sec
> Final distance: 85996.673860
> Final Route:
Truck 0 [len = 20]: 0 --> 38 --> 30 --> 6 --> 83 --> 52 --> 51 --> 37 --> 64 --> 58 --> 36 --> 25 --> 94 --> 74 --> 66 --> 71 --> 81 --> 19 --> 20 --> 87
Truck 1 [len = 26]: 0 --> 49 --> 90 --> 40 --> 23 --> 48 --> 69 --> 41 --> 88 --> 91 --> 86 --> 47 --> 34 --> 42 --> 72 --> 14 --> 62 --> 70 --> 12 --> 57 --> 28 --> 35 --> 73 --> 56 --> 75 --> 7
Truck 2 [len = 16]: 0 --> 21 --> 96 --> 10 --> 26 --> 67 --> 77 --> 85 --> 98 --> 44 --> 76 --> 63 --> 2 --> 84 --> 17 --> 45
Truck 3 [len = 25]: 0 --> 78 --> 4 --> 39 --> 5 --> 53 --> 93 --> 31 --> 32 --> 33 --> 43 --> 11 --> 55 --> 13 --> 15 --> 24 --> 61 --> 18 --> 27 --> 29 --> 46 --> 60 --> 65 --> 22 --> 89
Truck 4 [len = 17]: 0 --> 80 --> 79 --> 68 --> 92 --> 54 --> 8 --> 9 --> 50 --> 1 --> 99 --> 3 --> 59 --> 82 --> 95 --> 16 --> 97
> Generation - Distance curve saved to fig/mtsp100_baseline_30_5_1000_100_10_20211216_16_28_21/20211216_16_45_00.png.
