--> Running ID = 9
> Loading cities from instances/mtsp100.txt
	>> 100 cities in total to be loaded
> 100 cities loaded from instances/mtsp100.txt
> Initial distance: 152300.868716
> Starting running GA.
	>> cities = 100, salesmen = 5
	>> Generations = 1000, PopulationSize = 100, TournamentSize = 10
# Generation Distance
% 1 144777.766186
% 2 140994.876711
% 3 137186.912837
% 4 136933.721181
% 5 137266.292049
% 6 135808.590496
% 7 134150.725178
% 8 129830.940283
% 9 127007.308593
% 10 126473.859864
% 11 121938.395088
% 12 120171.661047
% 13 120312.339132
% 14 119723.389400
% 15 120523.777405
% 16 118029.529157
% 17 119853.059084
% 18 119182.509644
% 19 115309.475845
% 20 113277.828401
% 21 113520.491697
% 22 112383.242540
% 23 111150.628840
% 24 110234.848126
% 25 110808.910176
% 26 108410.224396
% 27 109274.688764
% 28 107553.513778
% 29 105249.037192
% 30 106041.188668
% 31 107954.136913
% 32 102762.156632
% 33 104887.802927
% 34 105961.470787
% 35 102603.333031
% 36 100701.510116
% 37 99253.651941
% 38 99772.666305
% 39 101531.554252
% 40 102942.775607
% 41 101482.358461
% 42 102586.153059
% 43 101869.982257
% 44 101045.676518
% 45 100649.996373
% 46 98577.299682
% 47 100924.704760
% 48 100553.052529
% 49 98544.231961
% 50 100297.658611
% 51 99112.328965
% 52 97529.728622
% 53 97575.022804
% 54 97552.501105
% 55 98032.063956
% 56 97535.384019
% 57 94523.603320
% 58 96344.151642
% 59 94905.334269
% 60 94543.253400
% 61 91968.054032
% 62 94488.311953
% 63 92528.293296
% 64 92046.085346
% 65 91199.837839
% 66 94410.524719
% 67 95674.233724
% 68 91890.380798
% 69 94808.508748
% 70 94452.013410
% 71 94024.757394
% 72 92468.755087
% 73 91227.883264
% 74 90846.389857
% 75 90333.418431
% 76 90443.942960
% 77 87176.308414
% 78 86713.787320
% 79 89314.816648
% 80 86843.918209
% 81 91258.115802
% 82 89814.304374
% 83 89980.479459
% 84 89312.481199
% 85 89909.294457
% 86 90726.462908
% 87 89762.358568
% 88 91572.498544
% 89 89432.931336
% 90 90672.355471
% 91 92206.340413
% 92 89406.570320
% 93 90249.750407
% 94 92507.984143
% 95 90611.661279
% 96 92123.832414
% 97 89700.590192
% 98 90803.096033
% 99 90243.762536
% 100 89593.092503
% 101 88160.564863
% 102 90009.054251
% 103 88852.898131
% 104 90200.798444
% 105 91441.768622
% 106 86591.991563
% 107 87944.986332
% 108 88720.369396
% 109 85673.601392
% 110 87443.697700
% 111 88001.797060
% 112 92563.987651
% 113 94123.902460
% 114 91707.308535
% 115 92882.721096
% 116 90471.301334
% 117 91337.647645
% 118 92563.420482
% 119 94148.044046
% 120 93655.238611
% 121 94424.915184
% 122 92995.982029
% 123 90516.885487
% 124 91132.113157
% 125 88994.940152
% 126 91099.615897
% 127 94360.620268
% 128 90291.716847
% 129 90585.806600
% 130 93245.701108
% 131 92908.232676
% 132 93573.182293
% 133 94480.511967
% 134 94252.392006
% 135 90134.752867
% 136 94396.292381
% 137 94301.164269
% 138 99131.459800
% 139 94530.778575
% 140 95151.454709
% 141 97187.387031
% 142 92745.518104
% 143 93967.505358
% 144 93886.042174
% 145 92082.438200
% 146 92553.881172
% 147 94722.363984
% 148 95125.121391
% 149 92783.766986
% 150 94621.875124
% 151 95146.786256
% 152 94558.291167
% 153 96495.706193
% 154 95393.531622
% 155 95306.849900
% 156 95966.517669
% 157 95589.722189
% 158 94190.080139
% 159 93849.106401
% 160 95154.193017
% 161 94337.003351
% 162 95867.995823
% 163 98174.836361
% 164 97955.957399
% 165 98000.556801
% 166 97808.410384
% 167 93894.302748
% 168 93928.796948
% 169 93562.117858
% 170 96985.372104
% 171 95160.565510
% 172 90096.033653
% 173 92473.420321
% 174 90132.179427
% 175 90819.528131
% 176 90614.309030
% 177 87676.945047
% 178 88252.242554
% 179 87699.121766
% 180 87310.763020
% 181 88563.182922
% 182 88062.860516
% 183 85840.711224
% 184 88358.850825
% 185 87489.452421
% 186 86714.460246
% 187 87112.088065
% 188 87934.611815
% 189 91155.433386
% 190 89114.835375
% 191 88068.923469
% 192 85146.352581
% 193 89644.099648
% 194 86856.710459
% 195 85738.209217
% 196 88964.903881
% 197 89237.279280
% 198 91577.571296
% 199 86783.851801
% 200 86125.098880
% 201 90169.582685
% 202 91410.347028
% 203 90467.237028
% 204 88221.348990
% 205 87604.769705
% 206 89181.577885
% 207 90509.423177
% 208 91502.476517
% 209 89666.639320
% 210 91100.327254
% 211 93480.752700
> Finished 211 generations with 1996696 distance calculations. GA Runtime = 42.0664 sec
> Final distance: 85146.352581
> Final Route:
Truck 0 [len = 15]: 0 --> 22 --> 27 --> 59 --> 6 --> 74 --> 73 --> 98 --> 5 --> 52 --> 43 --> 60 --> 7 --> 80 --> 65
Truck 1 [len = 23]: 0 --> 48 --> 31 --> 97 --> 88 --> 45 --> 71 --> 56 --> 51 --> 79 --> 62 --> 42 --> 2 --> 87 --> 85 --> 86 --> 25 --> 90 --> 70 --> 95 --> 96 --> 10 --> 89
Truck 2 [len = 21]: 0 --> 14 --> 3 --> 50 --> 36 --> 34 --> 99 --> 1 --> 18 --> 47 --> 26 --> 12 --> 37 --> 72 --> 94 --> 9 --> 66 --> 76 --> 53 --> 38 --> 23
Truck 3 [len = 20]: 0 --> 93 --> 16 --> 69 --> 21 --> 41 --> 35 --> 57 --> 28 --> 13 --> 67 --> 75 --> 44 --> 81 --> 17 --> 4 --> 63 --> 58 --> 49 --> 83
Truck 4 [len = 25]: 0 --> 40 --> 82 --> 39 --> 92 --> 77 --> 32 --> 64 --> 68 --> 30 --> 20 --> 61 --> 24 --> 55 --> 46 --> 11 --> 54 --> 29 --> 91 --> 84 --> 19 --> 8 --> 15 --> 78 --> 33
> Generation - Distance curve saved to fig/mtsp100_baseline_30_5_1000_100_10_20211216_16_28_21/20211216_16_34_20.png.
