--> Running ID = 29
> Loading cities from instances/mtsp100.txt
	>> 100 cities in total to be loaded
> 100 cities loaded from instances/mtsp100.txt
> Initial distance: 150879.052599
> Starting running GA.
	>> cities = 100, salesmen = 5
	>> Generations = 1000, PopulationSize = 100, TournamentSize = 10
# Generation Distance
% 1 148432.986653
% 2 142690.275185
% 3 140710.657394
% 4 135934.018417
% 5 135807.131013
% 6 135109.530988
% 7 133554.963445
% 8 134014.572416
% 9 132224.335249
% 10 128003.174055
% 11 129334.780345
% 12 127207.254806
% 13 125314.627692
% 14 120174.263215
% 15 121000.641888
% 16 120185.708984
% 17 118719.609239
% 18 115433.233946
% 19 116664.540921
% 20 113504.911084
% 21 114362.159982
% 22 112667.798039
% 23 112174.436798
% 24 109421.658552
% 25 107832.766474
% 26 110009.809968
% 27 107611.118112
% 28 106626.319434
% 29 107527.824702
% 30 105389.684864
% 31 105635.501521
% 32 103833.747701
% 33 100019.252298
% 34 99667.530059
% 35 102090.429608
% 36 98429.852627
% 37 100767.953949
% 38 100104.571258
% 39 95316.220677
% 40 95205.741388
% 41 92605.225081
% 42 92602.662379
% 43 89279.217588
% 44 91882.334447
% 45 90660.581676
% 46 91504.415470
% 47 90879.216330
% 48 92953.878615
% 49 94469.063782
% 50 92098.120826
% 51 96632.728612
% 52 93166.001581
% 53 94010.189012
% 54 93436.283950
% 55 92776.644809
% 56 90850.318446
% 57 92152.987636
% 58 92986.847010
% 59 90309.752594
% 60 94593.763025
% 61 96082.410682
% 62 93230.308894
% 63 91942.328883
% 64 93161.647369
% 65 91830.254826
% 66 93243.388865
% 67 93507.015149
% 68 94754.014807
% 69 93176.098528
% 70 90808.183982
% 71 91277.807675
% 72 92198.529046
% 73 92810.337966
% 74 91370.068713
% 75 89281.945460
% 76 90423.135401
% 77 90944.651978
% 78 90488.774597
% 79 93231.336291
% 80 92343.444393
% 81 92736.328027
% 82 92386.598422
% 83 94009.915909
% 84 92866.876570
% 85 87992.015416
% 86 89326.806062
% 87 88230.404219
% 88 86205.946814
% 89 86431.450916
% 90 90234.434438
% 91 86557.708610
% 92 85826.565537
% 93 85632.434527
% 94 85379.325927
% 95 85212.052384
% 96 87536.925893
% 97 86610.562377
% 98 89315.524865
% 99 89636.357782
% 100 90356.190911
% 101 87846.830287
% 102 88971.519845
% 103 89162.625056
% 104 90791.675037
% 105 90134.590072
% 106 91243.873080
% 107 90152.291871
% 108 90933.873549
% 109 89087.303963
% 110 90034.387659
% 111 90758.751599
% 112 88560.934923
% 113 88110.121145
% 114 91470.308831
% 115 88047.574899
% 116 91042.065222
% 117 91147.655099
% 118 90784.582812
% 119 88893.566382
% 120 89981.308054
% 121 87406.264379
% 122 89195.742447
% 123 89376.184814
% 124 90042.766515
% 125 91370.573373
% 126 90537.401800
% 127 93722.843045
% 128 93048.273046
% 129 92937.498326
% 130 92375.346786
% 131 91016.368951
% 132 88987.877768
% 133 88501.599892
% 134 87908.834769
% 135 89053.379198
% 136 89932.959608
% 137 89354.051315
% 138 92019.731820
% 139 92083.037373
% 140 89270.316106
% 141 90801.670992
% 142 88947.185463
% 143 90600.497259
% 144 90525.532673
% 145 92497.025650
% 146 93268.495988
% 147 93174.893725
% 148 95930.279870
% 149 94834.479906
% 150 92950.709537
% 151 93025.965607
% 152 94239.329253
% 153 96142.162284
% 154 94329.141249
% 155 92779.582428
% 156 89473.230484
% 157 90064.862683
% 158 92267.016306
% 159 94242.809734
% 160 92446.170262
% 161 90001.738893
% 162 88878.252090
% 163 89082.595411
% 164 89061.025252
% 165 86878.969717
% 166 87982.964129
% 167 90077.399458
% 168 87320.382124
% 169 89864.738360
% 170 89080.338542
% 171 88707.819064
% 172 89015.080843
% 173 86388.225765
% 174 88197.597459
% 175 85965.747916
% 176 87674.218794
% 177 90315.558276
% 178 86224.348811
% 179 87671.631262
% 180 90223.310460
% 181 88916.706663
% 182 89138.802650
% 183 93699.447750
% 184 87370.044776
% 185 89701.005785
% 186 87512.803854
% 187 85328.301354
% 188 85206.506568
% 189 87061.154153
% 190 84429.492973
% 191 85180.149233
% 192 84090.995612
% 193 87126.605014
% 194 86784.955686
% 195 86725.970530
% 196 86391.497169
% 197 85058.525373
% 198 86738.109279
% 199 87911.843215
% 200 88972.358775
% 201 88876.375730
% 202 90928.255229
% 203 92739.274308
% 204 90719.476055
% 205 90213.357417
% 206 88246.499324
% 207 88737.277254
% 208 89466.402498
% 209 91062.339629
% 210 92003.359049
% 211 91215.692344
> Finished 211 generations with 1996488 distance calculations. GA Runtime = 40.8597 sec
> Final distance: 84090.995612
> Final Route:
Truck 0 [len = 16]: 0 --> 37 --> 83 --> 52 --> 39 --> 43 --> 99 --> 34 --> 40 --> 72 --> 81 --> 77 --> 44 --> 30 --> 75 --> 60
Truck 1 [len = 18]: 0 --> 16 --> 96 --> 6 --> 28 --> 41 --> 74 --> 73 --> 19 --> 56 --> 51 --> 48 --> 97 --> 89 --> 88 --> 87 --> 78 --> 93
Truck 2 [len = 20]: 0 --> 31 --> 35 --> 69 --> 80 --> 49 --> 66 --> 65 --> 23 --> 82 --> 76 --> 2 --> 55 --> 20 --> 25 --> 27 --> 46 --> 11 --> 98 --> 32
Truck 3 [len = 23]: 0 --> 50 --> 18 --> 36 --> 47 --> 1 --> 17 --> 15 --> 67 --> 8 --> 4 --> 5 --> 86 --> 84 --> 95 --> 26 --> 12 --> 22 --> 21 --> 57 --> 10 --> 33 --> 7
Truck 4 [len = 27]: 0 --> 42 --> 92 --> 91 --> 29 --> 61 --> 24 --> 94 --> 38 --> 13 --> 9 --> 54 --> 59 --> 70 --> 79 --> 71 --> 85 --> 14 --> 68 --> 64 --> 63 --> 53 --> 45 --> 58 --> 3 --> 62 --> 90
> Generation - Distance curve saved to fig/mtsp100_baseline_30_5_1000_100_10_20211216_16_28_21/20211216_16_49_29.png.
