--> Running ID = 25
> Loading cities from instances/mtsp100.txt
	>> 100 cities in total to be loaded
> 100 cities loaded from instances/mtsp100.txt
> Initial distance: 152352.912474
> Starting running GA.
	>> cities = 100, salesmen = 5
	>> Generations = 1000, PopulationSize = 100, TournamentSize = 10
# Generation Distance
% 1 152043.776600
% 2 146343.751653
% 3 144066.569829
% 4 143387.612386
% 5 142208.574980
% 6 139968.317480
% 7 138662.365528
% 8 137479.036334
% 9 136076.555934
% 10 135706.711407
% 11 133500.900511
% 12 129309.827831
% 13 127357.701341
% 14 124441.131735
% 15 124096.212867
% 16 123886.971164
% 17 121563.854819
% 18 120709.688682
% 19 118980.087845
% 20 119851.452846
% 21 118882.284709
% 22 115546.002532
% 23 116961.915724
% 24 116507.520796
% 25 116340.451795
% 26 115697.037875
% 27 115201.020101
% 28 114668.605499
% 29 113276.733156
% 30 113269.166865
% 31 114917.579270
% 32 112382.005817
% 33 112595.950847
% 34 110297.643504
% 35 110125.125773
% 36 107541.592699
% 37 107413.963158
% 38 106162.003045
% 39 107553.231261
% 40 102540.543576
% 41 98042.188807
% 42 100916.669060
% 43 99721.188807
% 44 101261.392183
% 45 104353.433202
% 46 103732.374782
% 47 101474.836529
% 48 100785.892207
% 49 100598.815963
% 50 100258.215904
% 51 101881.123972
% 52 101013.771716
% 53 100270.569240
% 54 100852.049529
% 55 99962.393126
% 56 104097.627069
% 57 101933.589282
% 58 100030.396541
% 59 99994.880572
% 60 103068.005850
% 61 105590.406708
% 62 101449.948862
% 63 96077.267697
% 64 97843.838478
% 65 100187.863926
% 66 99649.142440
% 67 96929.571197
% 68 96861.543007
% 69 94046.938459
% 70 95373.630654
% 71 98171.084340
% 72 96987.221817
% 73 94111.526867
% 74 99942.418087
% 75 97431.139218
% 76 98148.731838
% 77 98717.077025
% 78 101501.461337
% 79 98516.012772
% 80 99105.767744
% 81 100425.649768
% 82 101403.931239
% 83 100100.301098
% 84 100161.337414
% 85 100567.083632
% 86 100169.329467
% 87 99269.192562
% 88 96959.635632
% 89 99931.210980
% 90 100828.655062
% 91 97415.940164
% 92 100177.582980
% 93 99935.968768
% 94 96896.001473
% 95 97735.272362
% 96 96632.554660
% 97 97632.679679
% 98 96790.954974
% 99 96679.708344
% 100 94966.547643
% 101 91774.496327
% 102 95681.102003
% 103 94373.723617
% 104 94025.648733
% 105 93967.588623
% 106 93892.853923
% 107 94869.852615
% 108 89909.815871
% 109 92002.076194
% 110 88802.624744
% 111 91220.563815
% 112 92061.441950
% 113 92865.216072
% 114 95028.984134
% 115 93114.365164
% 116 93776.807249
% 117 96482.639367
% 118 93124.277923
% 119 94819.145884
% 120 91938.934342
% 121 91130.287790
% 122 91068.159171
% 123 90401.409295
% 124 87624.900164
% 125 86631.145628
% 126 86776.307730
% 127 88903.382461
% 128 86238.466643
% 129 87061.574634
% 130 86891.393361
% 131 87716.480989
% 132 88406.795952
% 133 86890.904342
% 134 88090.535540
% 135 89054.446040
% 136 86923.023089
% 137 87289.849559
% 138 87419.764251
% 139 88001.133223
% 140 89488.826034
% 141 86955.181231
% 142 91114.184056
% 143 91324.933794
% 144 91520.721369
% 145 90856.387007
% 146 91353.766961
% 147 88513.615746
% 148 86839.354715
% 149 88347.801070
% 150 88115.265071
% 151 86124.743365
% 152 87742.311332
% 153 87641.780116
% 154 86771.154494
% 155 88090.709824
% 156 90537.130681
% 157 88996.528712
% 158 89268.092141
% 159 89977.361660
% 160 89547.782133
% 161 90999.936395
% 162 91127.250612
% 163 91560.637928
% 164 90100.558903
% 165 89303.637581
% 166 91881.784505
% 167 90604.821096
% 168 88878.517296
% 169 88705.400720
% 170 87569.569084
% 171 90386.626459
% 172 89799.039558
% 173 91178.250662
% 174 90609.635750
% 175 87760.961032
% 176 89032.794610
% 177 85576.154316
% 178 87287.422642
% 179 85098.518060
% 180 87359.260087
% 181 82992.599827
% 182 84751.472926
% 183 87454.930010
% 184 91177.430606
% 185 87750.429512
% 186 86518.756521
% 187 84429.092963
% 188 86694.494744
% 189 86694.494744
% 190 88512.629488
% 191 86798.604533
% 192 87185.088239
% 193 85956.573065
% 194 86928.964416
% 195 88045.266372
% 196 84156.124566
% 197 86133.450994
% 198 85062.637194
% 199 89164.702614
% 200 89943.723483
% 201 88245.543078
% 202 89146.766749
% 203 89347.488140
% 204 89891.806325
% 205 90224.690137
% 206 88649.647639
% 207 91356.390228
% 208 93256.985456
% 209 91860.286875
% 210 91681.415204
% 211 94590.489429
> Finished 211 generations with 1997112 distance calculations. GA Runtime = 41.6227 sec
> Final distance: 82992.599827
> Final Route:
Truck 0 [len = 23]: 0 --> 4 --> 43 --> 70 --> 42 --> 88 --> 33 --> 14 --> 7 --> 76 --> 47 --> 29 --> 99 --> 91 --> 59 --> 53 --> 45 --> 97 --> 69 --> 64 --> 44 --> 56 --> 85
Truck 1 [len = 21]: 0 --> 10 --> 49 --> 89 --> 96 --> 31 --> 93 --> 16 --> 73 --> 6 --> 13 --> 71 --> 75 --> 77 --> 95 --> 34 --> 61 --> 1 --> 2 --> 3 --> 63
Truck 2 [len = 16]: 0 --> 23 --> 83 --> 26 --> 90 --> 72 --> 94 --> 84 --> 8 --> 46 --> 36 --> 39 --> 19 --> 15 --> 62 --> 40
Truck 3 [len = 26]: 0 --> 80 --> 51 --> 38 --> 12 --> 87 --> 50 --> 60 --> 52 --> 67 --> 68 --> 79 --> 30 --> 98 --> 11 --> 5 --> 32 --> 17 --> 20 --> 82 --> 81 --> 55 --> 54 --> 58 --> 78 --> 37
Truck 4 [len = 18]: 0 --> 48 --> 21 --> 41 --> 22 --> 74 --> 66 --> 28 --> 57 --> 35 --> 92 --> 18 --> 27 --> 9 --> 86 --> 24 --> 25 --> 65
> Generation - Distance curve saved to fig/mtsp100_baseline_30_5_1000_100_10_20211216_16_28_21/20211216_16_46_30.png.
