--> Running ID = 30
> Loading cities from instances/mtsp100.txt
	>> 100 cities in total to be loaded
> 100 cities loaded from instances/mtsp100.txt
> Initial distance: 153914.643352
> Starting running GA.
	>> cities = 100, salesmen = 5
	>> Generations = 1000, PopulationSize = 100, TournamentSize = 10
# Generation Distance
% 1 151762.828772
% 2 147660.626086
% 3 145695.598366
% 4 145210.700287
% 5 142470.373503
% 6 142221.606804
% 7 140707.184633
% 8 138057.894992
% 9 134049.154113
% 10 134376.231691
% 11 132867.783166
% 12 132990.839983
% 13 129067.723511
% 14 126210.023421
% 15 123369.785314
% 16 121395.143704
% 17 119717.269462
% 18 119126.891632
% 19 116949.919705
% 20 117726.843455
% 21 117687.353766
% 22 115959.372418
% 23 113780.959913
% 24 113252.556590
% 25 112030.764585
% 26 111643.682462
% 27 109078.087457
% 28 110244.820315
% 29 110129.135334
% 30 107336.621861
% 31 106612.257657
% 32 105438.987880
% 33 106061.589672
% 34 107579.462676
% 35 106953.966342
% 36 105727.958471
% 37 103069.734279
% 38 101434.099010
% 39 103615.249960
% 40 101605.144020
% 41 100729.883079
% 42 100775.254112
% 43 102671.976549
% 44 104780.245940
% 45 104090.329034
% 46 99528.976523
% 47 99982.007712
% 48 97896.551072
% 49 98966.695100
% 50 97974.310691
% 51 98421.349981
% 52 97388.819938
% 53 99043.937267
% 54 94983.463385
% 55 96905.106411
% 56 98365.108816
% 57 99424.288420
% 58 98158.055759
% 59 98187.550162
% 60 96842.842821
% 61 98848.150811
% 62 98877.072418
% 63 97669.802772
% 64 97618.871231
% 65 97991.505184
% 66 98447.958232
% 67 98182.112709
% 68 96370.396093
% 69 96770.903918
% 70 97163.604982
% 71 97172.920074
% 72 99101.330842
% 73 94444.406330
% 74 95603.606110
% 75 98593.501901
% 76 98623.715593
% 77 96826.723800
% 78 96921.027901
% 79 95621.311253
% 80 98369.622740
% 81 97397.637428
% 82 98541.555471
% 83 98247.243219
% 84 94398.168012
% 85 96825.432257
% 86 94881.962812
% 87 94422.643218
% 88 93435.615604
% 89 93957.159132
% 90 93835.474605
% 91 94908.953514
% 92 97592.119139
% 93 96956.159019
% 94 95223.087396
% 95 94748.317876
% 96 95223.431212
% 97 93522.925698
% 98 93959.709295
% 99 92471.414864
% 100 92513.114844
% 101 93417.629290
% 102 93724.311172
% 103 94606.203777
% 104 93542.420924
% 105 94187.740445
% 106 94925.490951
% 107 93879.265804
% 108 94989.011691
% 109 93751.259183
% 110 93228.277338
% 111 95741.212964
% 112 90255.890365
% 113 90222.056681
% 114 90138.462884
% 115 89331.422225
% 116 89611.277844
% 117 89372.825972
% 118 90851.804630
% 119 90774.259488
% 120 88553.308233
% 121 88459.942257
% 122 84839.957108
% 123 86760.190599
% 124 85568.609968
% 125 89354.396842
% 126 86862.758207
% 127 87098.077139
% 128 92515.735059
% 129 91006.919026
% 130 91454.880920
% 131 88932.901689
% 132 90252.458214
% 133 89197.033321
% 134 89580.753002
% 135 91614.482091
% 136 91885.203576
% 137 94602.034155
% 138 93186.015724
% 139 90108.477734
% 140 90059.665525
% 141 90970.598672
% 142 92765.036713
% 143 92287.933618
% 144 96701.694767
% 145 94907.266855
% 146 93689.508128
% 147 91703.188572
% 148 92010.167229
% 149 88851.031275
% 150 91637.623576
% 151 91553.672007
% 152 94014.433902
% 153 92423.818429
% 154 91171.678399
% 155 93428.886528
% 156 91136.259532
% 157 93516.949968
% 158 94331.506523
% 159 96080.119827
% 160 96386.233980
% 161 94627.489344
% 162 95726.582139
% 163 95615.278945
% 164 93109.385514
% 165 95488.096784
% 166 92290.945679
% 167 94029.836646
% 168 94980.429065
% 169 93235.637677
% 170 94525.977957
% 171 95396.718069
% 172 95184.235616
% 173 94877.887157
% 174 93108.238184
% 175 94444.182286
% 176 91880.887404
% 177 92475.023307
% 178 94500.842712
% 179 94478.669291
% 180 92478.205013
% 181 92068.929038
% 182 91640.167072
% 183 92714.628010
% 184 90033.558872
% 185 91040.128582
% 186 89817.767878
% 187 92671.686213
% 188 92850.477801
% 189 92505.822729
% 190 91684.101089
% 191 94168.889543
% 192 90301.522532
% 193 91987.780348
% 194 92697.572567
% 195 91571.319689
% 196 93527.215798
% 197 92607.542121
% 198 88861.166920
% 199 91627.452352
% 200 91656.145378
% 201 91582.964939
% 202 92066.360692
% 203 92180.535836
% 204 92207.104621
% 205 90035.306823
% 206 90338.990027
% 207 93954.016325
% 208 92551.061701
% 209 95298.324958
% 210 94893.177113
% 211 93569.779533
> Finished 211 generations with 1996280 distance calculations. GA Runtime = 41.6565 sec
> Final distance: 84839.957108
> Final Route:
Truck 0 [len = 21]: 0 --> 75 --> 77 --> 30 --> 99 --> 59 --> 92 --> 3 --> 32 --> 43 --> 29 --> 36 --> 34 --> 50 --> 1 --> 52 --> 85 --> 2 --> 13 --> 90 --> 49
Truck 1 [len = 13]: 0 --> 89 --> 16 --> 48 --> 10 --> 21 --> 57 --> 66 --> 35 --> 41 --> 28 --> 7 --> 83
Truck 2 [len = 44]: 0 --> 81 --> 62 --> 25 --> 91 --> 55 --> 27 --> 20 --> 11 --> 79 --> 15 --> 97 --> 88 --> 33 --> 69 --> 65 --> 73 --> 6 --> 74 --> 60 --> 17 --> 39 --> 19 --> 82 --> 5 --> 71 --> 47 --> 61 --> 63 --> 42 --> 12 --> 40 --> 78 --> 93 --> 31 --> 8 --> 18 --> 72 --> 68 --> 56 --> 67 --> 95 --> 64 --> 96
Truck 3 [len = 13]: 0 --> 45 --> 80 --> 51 --> 22 --> 87 --> 98 --> 53 --> 70 --> 14 --> 23 --> 26 --> 76
Truck 4 [len = 13]: 0 --> 4 --> 54 --> 46 --> 58 --> 86 --> 94 --> 9 --> 84 --> 38 --> 44 --> 24 --> 37
> Generation - Distance curve saved to fig/mtsp100_baseline_30_5_1000_100_10_20211216_16_28_21/20211216_16_50_12.png.
