--> Running ID = 11
> Loading cities from instances/mtsp100.txt
	>> 100 cities in total to be loaded
> 100 cities loaded from instances/mtsp100.txt
> Initial distance: 153773.548158
> Starting running GA.
	>> cities = 100, salesmen = 5
	>> Generations = 1000, PopulationSize = 100, TournamentSize = 10
# Generation Distance
% 1 150639.354837
% 2 146232.965463
% 3 144119.045186
% 4 140149.336446
% 5 138537.382178
% 6 137364.998563
% 7 134162.133126
% 8 132097.852553
% 9 130072.492726
% 10 128383.573028
% 11 128450.865563
% 12 126580.137847
% 13 126348.006234
% 14 124464.537374
% 15 124293.476374
% 16 124320.835385
% 17 122764.919139
% 18 120069.720180
% 19 119096.724549
% 20 114935.570356
% 21 116199.526520
% 22 115426.611511
% 23 115553.003094
% 24 113205.046127
% 25 113089.641012
% 26 110350.784262
% 27 110112.190191
% 28 110498.318383
% 29 109065.175560
% 30 107650.296520
% 31 109283.170885
% 32 108956.539035
% 33 106956.357705
% 34 107017.042971
% 35 103156.082960
% 36 105287.885370
% 37 102762.574912
% 38 104532.174283
% 39 103018.867428
% 40 103082.364316
% 41 102931.431079
% 42 101748.271887
% 43 100617.478638
% 44 102226.928887
% 45 102085.231116
% 46 100510.220382
% 47 102526.221603
% 48 101342.343922
% 49 102960.777793
% 50 101839.919996
% 51 102175.164424
% 52 102290.612124
% 53 101946.802787
% 54 104321.833406
% 55 101417.892929
% 56 99474.072554
% 57 100356.113216
% 58 103094.631786
% 59 102424.703464
% 60 102283.546824
% 61 103658.555465
% 62 103802.370631
% 63 101937.333634
% 64 100232.558117
% 65 100140.137214
% 66 102931.827550
% 67 101084.994657
% 68 100481.034440
% 69 99863.108383
% 70 99181.515456
% 71 100115.317205
% 72 94633.041280
% 73 94490.630923
% 74 94624.852455
% 75 96190.470823
% 76 93687.583062
% 77 93423.619093
% 78 93354.921443
% 79 93013.416905
% 80 92607.905168
% 81 92746.814464
% 82 92375.774764
% 83 92057.764815
% 84 89973.517706
% 85 90564.305868
% 86 92186.500767
% 87 89329.300310
% 88 87684.215761
% 89 88222.558340
% 90 88880.151416
% 91 87545.381948
% 92 86864.105933
% 93 86373.565142
% 94 88452.499681
% 95 88704.654719
% 96 90753.432175
% 97 88711.239302
% 98 88160.199945
% 99 87885.721929
% 100 84440.620084
% 101 85392.448569
% 102 87847.387154
% 103 86671.711818
% 104 88035.596766
% 105 85908.039275
% 106 84569.108713
% 107 86790.743375
% 108 84202.857865
% 109 82850.920701
% 110 83827.728610
% 111 86508.812151
% 112 85609.841786
% 113 85630.625234
% 114 82539.063645
% 115 83626.981783
% 116 84875.180629
% 117 85289.790497
% 118 86536.825859
% 119 87017.497924
% 120 87259.407324
% 121 86510.743864
% 122 85388.684633
% 123 87616.273330
% 124 88221.229186
% 125 87974.981628
% 126 87824.887614
% 127 88499.341173
% 128 89267.580875
% 129 87213.367673
% 130 85598.643808
% 131 84979.426015
% 132 84721.946940
% 133 82379.857137
% 134 84293.897577
% 135 83276.842095
% 136 81358.979879
% 137 82625.024808
% 138 82703.640670
% 139 83161.347271
% 140 80760.441020
% 141 81232.187777
% 142 81817.724518
% 143 83962.876555
% 144 80444.535357
% 145 79482.488945
% 146 83560.574866
% 147 83025.575236
% 148 83171.420519
% 149 83100.768317
% 150 83120.754266
% 151 83073.387460
% 152 84370.297203
% 153 84787.482304
% 154 85422.692717
% 155 86579.890142
% 156 85440.069644
% 157 87296.277093
% 158 88008.593916
% 159 91795.439186
% 160 88177.973630
% 161 89491.923251
% 162 89073.877906
% 163 90321.189906
% 164 90844.626918
% 165 93299.724085
% 166 90728.445937
% 167 93055.702476
% 168 90570.300124
% 169 88644.701811
% 170 88899.012485
% 171 89247.946434
% 172 89522.981230
% 173 90740.622658
% 174 90162.798346
% 175 86182.992907
% 176 89774.038703
% 177 88656.638709
% 178 89941.272909
% 179 89829.021158
% 180 87964.393708
% 181 88992.933839
% 182 89193.769580
% 183 89976.674608
% 184 91548.512752
% 185 92990.447525
% 186 91676.089387
% 187 92677.433606
% 188 93397.226623
% 189 93242.155463
% 190 90867.354754
% 191 92474.998916
% 192 93480.427310
% 193 90278.662662
% 194 91263.540746
% 195 91588.093570
% 196 89174.283150
% 197 92276.411353
% 198 91712.956601
% 199 89805.999341
% 200 89822.922923
% 201 87720.603898
% 202 88460.768985
% 203 92022.061957
% 204 91460.856603
% 205 90201.738004
% 206 92756.845772
% 207 92866.968314
% 208 92662.421558
% 209 92583.424080
% 210 93183.267943
% 211 91040.786951
> Finished 211 generations with 1997632 distance calculations. GA Runtime = 41.9436 sec
> Final distance: 79482.488945
> Final Route:
Truck 0 [len = 12]: 0 --> 93 --> 58 --> 81 --> 95 --> 37 --> 41 --> 80 --> 35 --> 74 --> 31 --> 49
Truck 1 [len = 18]: 0 --> 22 --> 7 --> 44 --> 32 --> 13 --> 67 --> 71 --> 72 --> 64 --> 57 --> 28 --> 45 --> 1 --> 47 --> 99 --> 25 --> 33
Truck 2 [len = 25]: 0 --> 51 --> 12 --> 83 --> 62 --> 17 --> 91 --> 36 --> 24 --> 39 --> 86 --> 50 --> 34 --> 92 --> 63 --> 26 --> 78 --> 29 --> 4 --> 8 --> 82 --> 42 --> 98 --> 56 --> 65
Truck 3 [len = 21]: 0 --> 16 --> 69 --> 21 --> 88 --> 89 --> 68 --> 85 --> 30 --> 66 --> 48 --> 96 --> 10 --> 76 --> 52 --> 18 --> 2 --> 43 --> 73 --> 6 --> 97
Truck 4 [len = 28]: 0 --> 23 --> 75 --> 38 --> 14 --> 90 --> 3 --> 40 --> 27 --> 94 --> 19 --> 84 --> 5 --> 46 --> 20 --> 9 --> 55 --> 11 --> 54 --> 53 --> 77 --> 60 --> 79 --> 15 --> 70 --> 61 --> 59 --> 87
> Generation - Distance curve saved to fig/mtsp100_baseline_30_5_1000_100_10_20211216_16_28_21/20211216_16_35_49.png.
