--> Running ID = 16
> Loading cities from instances/mtsp100.txt
	>> 100 cities in total to be loaded
> 100 cities loaded from instances/mtsp100.txt
> Initial distance: 152276.713151
> Starting running GA.
	>> cities = 100, salesmen = 5
	>> Generations = 1000, PopulationSize = 100, TournamentSize = 10
# Generation Distance
% 1 148585.423537
% 2 146142.873829
% 3 145602.800571
% 4 140861.766666
% 5 136892.894182
% 6 136170.177466
% 7 135110.338038
% 8 134060.301951
% 9 134176.807337
% 10 133316.949208
% 11 128871.273870
% 12 124555.923017
% 13 120718.789035
% 14 115586.884890
% 15 117373.369124
% 16 114248.568833
% 17 113775.616114
% 18 113572.886907
% 19 114104.528771
% 20 115601.433265
% 21 112827.960814
% 22 109999.717096
% 23 111237.274260
% 24 109694.510225
% 25 109974.223591
% 26 109194.972304
% 27 107651.305093
% 28 106513.082301
% 29 104690.223299
% 30 102832.053069
% 31 102276.161798
% 32 98821.184806
% 33 101874.947986
% 34 96997.477710
% 35 97768.147847
% 36 96975.782687
% 37 95870.020568
% 38 96146.618648
% 39 93657.035569
% 40 92722.640671
% 41 91294.703360
% 42 91955.917133
% 43 91173.967129
% 44 92309.909515
% 45 94389.065211
% 46 93819.002900
% 47 93170.422010
% 48 92490.448223
% 49 93061.168399
% 50 93403.618562
% 51 93552.371212
% 52 94212.744569
% 53 92305.257212
% 54 91887.798489
% 55 91895.879864
% 56 91335.694798
% 57 92167.678021
% 58 91175.483372
% 59 92365.607129
% 60 92443.686602
% 61 89772.644482
% 62 90434.554194
% 63 90837.417703
% 64 88506.070626
% 65 88173.026998
% 66 85924.838594
% 67 89093.859262
% 68 89211.205804
% 69 89107.963745
% 70 89336.967869
% 71 89292.317543
% 72 90131.368144
% 73 90321.515976
% 74 92814.688187
% 75 91625.048029
% 76 89122.535598
% 77 87505.302382
% 78 89217.432430
% 79 90635.511286
% 80 90519.772030
% 81 90596.352170
% 82 92076.884278
% 83 92285.268463
% 84 95831.290678
% 85 95331.255467
% 86 94293.817885
% 87 94743.411572
% 88 92165.908654
% 89 92970.510044
% 90 90661.274425
% 91 88506.205016
% 92 87469.542844
% 93 88126.777162
% 94 85751.438503
% 95 85630.343574
% 96 86468.888843
% 97 84734.710112
% 98 85025.900460
% 99 84928.486342
% 100 83666.529128
% 101 82037.828669
% 102 84035.100046
% 103 83703.558157
% 104 83863.104618
% 105 86603.738888
% 106 86080.716811
% 107 86923.313944
% 108 87614.231194
% 109 85979.812057
% 110 88911.001090
% 111 88684.051697
% 112 87513.979174
% 113 87534.344935
% 114 92150.008740
% 115 95222.842164
% 116 94297.268495
% 117 93841.066367
% 118 92373.509288
% 119 91290.401529
% 120 92600.404124
% 121 91755.021926
% 122 91492.437536
% 123 93843.775732
% 124 95491.492848
% 125 91362.498874
% 126 91240.576143
% 127 90895.429285
% 128 92312.295224
% 129 91188.123555
% 130 91393.660684
% 131 93187.349081
% 132 93407.500126
% 133 93566.377088
% 134 94615.066328
% 135 91429.376467
% 136 91272.570493
% 137 90640.267098
% 138 88933.012494
% 139 90361.684686
% 140 89783.702851
% 141 91079.683220
% 142 93549.492006
% 143 90702.973971
% 144 89088.672097
% 145 90163.575921
% 146 92077.884313
% 147 89322.349035
% 148 90072.382200
% 149 91841.354336
% 150 91853.112466
% 151 93057.094428
% 152 93055.295736
% 153 93078.410541
% 154 95261.258053
% 155 94552.522499
% 156 92367.686226
% 157 93152.787106
% 158 96738.377592
% 159 96781.235415
% 160 92759.953809
% 161 90678.728542
% 162 94965.951765
% 163 95800.789057
% 164 95174.487722
% 165 95217.608903
% 166 95479.660183
% 167 96769.559721
% 168 95540.561267
% 169 93328.810387
% 170 93199.389294
% 171 94589.646384
% 172 94290.266154
% 173 93590.757402
% 174 93834.945985
% 175 92827.677525
% 176 93329.044295
% 177 92987.677091
% 178 93874.139121
% 179 93671.929800
% 180 94137.725288
% 181 92389.467104
% 182 94804.918790
% 183 94864.009751
% 184 98022.237003
% 185 95981.103594
% 186 94324.314680
% 187 98244.846666
% 188 96850.283782
% 189 96156.766802
% 190 97286.759053
% 191 98362.771404
% 192 98298.637968
% 193 99044.558764
% 194 97317.984847
% 195 98197.064740
% 196 98759.357722
% 197 98436.517265
% 198 98731.037724
% 199 97766.391078
% 200 96705.119123
% 201 95897.501507
% 202 95960.963521
% 203 96909.569578
% 204 94400.353563
% 205 95082.296167
% 206 97409.969839
% 207 98068.484817
% 208 95596.725924
% 209 95094.724883
% 210 92239.421253
% 211 91401.874682
> Finished 211 generations with 1997736 distance calculations. GA Runtime = 55.6485 sec
> Final distance: 82037.828669
> Final Route:
Truck 0 [len = 17]: 0 --> 86 --> 68 --> 7 --> 70 --> 3 --> 92 --> 8 --> 25 --> 27 --> 76 --> 95 --> 51 --> 57 --> 69 --> 88 --> 22
Truck 1 [len = 25]: 0 --> 53 --> 87 --> 78 --> 91 --> 47 --> 54 --> 11 --> 94 --> 13 --> 55 --> 77 --> 56 --> 44 --> 45 --> 37 --> 40 --> 83 --> 23 --> 31 --> 10 --> 16 --> 65 --> 96 --> 93
Truck 2 [len = 16]: 0 --> 21 --> 33 --> 12 --> 38 --> 59 --> 99 --> 34 --> 29 --> 4 --> 52 --> 36 --> 50 --> 42 --> 82 --> 17
Truck 3 [len = 24]: 0 --> 14 --> 24 --> 67 --> 61 --> 18 --> 1 --> 20 --> 9 --> 58 --> 43 --> 62 --> 15 --> 85 --> 72 --> 19 --> 46 --> 5 --> 39 --> 2 --> 90 --> 75 --> 28 --> 49
Truck 4 [len = 22]: 0 --> 89 --> 97 --> 48 --> 41 --> 80 --> 26 --> 64 --> 84 --> 74 --> 35 --> 6 --> 73 --> 66 --> 71 --> 79 --> 60 --> 32 --> 81 --> 63 --> 30 --> 98
> Generation - Distance curve saved to fig/mtsp100_baseline_30_5_1000_100_10_20211216_16_28_21/20211216_16_39_34.png.
