--> Running ID = 13
> Loading cities from instances/mtsp100.txt
	>> 100 cities in total to be loaded
> 100 cities loaded from instances/mtsp100.txt
> Initial distance: 146237.748775
> Starting running GA.
	>> cities = 100, salesmen = 5
	>> Generations = 1000, PopulationSize = 100, TournamentSize = 10
# Generation Distance
% 1 140570.100104
% 2 136663.954626
% 3 132955.401159
% 4 134674.710165
% 5 129347.140672
% 6 129660.891107
% 7 128495.484395
% 8 127842.602103
% 9 123049.097032
% 10 120507.996648
% 11 121586.602410
% 12 117635.483119
% 13 114759.728963
% 14 114723.483349
% 15 117669.954714
% 16 114818.908264
% 17 113045.413953
% 18 113251.860219
% 19 112762.922741
% 20 115120.046685
% 21 111794.080137
% 22 109227.347041
% 23 109321.904829
% 24 107958.342697
% 25 109354.510064
% 26 108220.041165
% 27 106556.358160
% 28 107387.538441
% 29 105617.587472
% 30 106781.475257
% 31 107644.324447
% 32 106671.886393
% 33 104915.923365
% 34 104919.037805
% 35 105920.482818
% 36 104492.595616
% 37 102348.189269
% 38 102198.008538
% 39 100949.041386
% 40 97870.115599
% 41 99037.594657
% 42 98167.637262
% 43 95882.904089
% 44 96374.062290
% 45 97568.320183
% 46 96654.704291
% 47 96310.195927
% 48 94920.389009
% 49 95385.735216
% 50 95341.645344
% 51 96713.985387
% 52 98076.154699
% 53 93569.353610
% 54 93381.260557
% 55 95688.984459
% 56 97752.622422
% 57 98573.732987
% 58 97493.903578
% 59 96482.899223
% 60 96050.856956
% 61 95953.109979
% 62 97192.375660
% 63 96875.640856
% 64 97419.546917
% 65 97752.913025
% 66 96497.644700
% 67 95616.708537
% 68 94659.312866
% 69 93771.905937
% 70 94150.715250
% 71 91198.843880
% 72 95478.311758
% 73 91692.914415
% 74 91603.596706
% 75 91852.467205
% 76 95568.020213
% 77 96588.306314
% 78 93441.490964
% 79 92412.915468
% 80 94304.079685
% 81 92406.046731
% 82 90668.504408
% 83 92157.893476
% 84 93090.457441
% 85 91904.627253
% 86 94282.376289
% 87 96358.114735
% 88 94958.340835
% 89 92034.225775
% 90 92172.318497
% 91 95374.035895
% 92 93396.605550
% 93 91997.809102
% 94 94746.067561
% 95 87614.241906
% 96 86760.318566
% 97 86966.700713
% 98 92486.484885
% 99 93072.533509
% 100 90399.229841
% 101 88509.155212
% 102 86388.635297
% 103 85423.477430
% 104 80536.658625
% 105 83397.717308
% 106 81505.239612
% 107 80889.616272
% 108 82550.045632
% 109 80574.066304
% 110 79398.532510
% 111 80327.393440
% 112 80616.143339
% 113 78977.887672
% 114 78562.631760
% 115 78731.392490
% 116 79594.106667
% 117 82816.844318
% 118 79599.721037
% 119 80243.898012
% 120 81100.413711
% 121 79939.276495
% 122 80914.008493
% 123 80781.503190
% 124 81319.219455
% 125 81796.637705
% 126 80484.666701
% 127 81474.758957
% 128 80894.057880
% 129 77451.348909
% 130 77120.921109
% 131 79719.305102
% 132 77778.263884
% 133 79734.140496
% 134 80539.416736
% 135 80548.955082
% 136 80744.899407
% 137 83176.637058
% 138 82748.113943
% 139 83011.309451
% 140 87050.861752
% 141 83236.556987
% 142 83910.432593
% 143 81279.716042
% 144 81738.215470
% 145 80497.842566
% 146 82752.515596
% 147 80992.720139
% 148 79890.663786
% 149 79565.162673
% 150 77064.639109
% 151 78646.167181
% 152 76532.021740
% 153 80662.021634
% 154 82921.632443
% 155 83696.791469
% 156 83321.977270
% 157 85448.121006
% 158 85280.056969
% 159 86607.964885
% 160 87656.727854
% 161 88160.221837
% 162 86784.764776
% 163 88523.863075
% 164 89047.010102
% 165 88870.113071
% 166 85865.752959
% 167 85427.500927
% 168 85805.605366
% 169 87875.140986
% 170 88461.481976
% 171 89187.116296
% 172 89169.449330
% 173 90693.286943
% 174 90638.770307
% 175 91439.349370
% 176 90210.084152
% 177 90483.971748
% 178 93892.972471
% 179 94258.679784
% 180 92719.634893
% 181 93344.012564
% 182 91219.253263
% 183 94023.165709
% 184 94843.428130
% 185 92443.919942
% 186 90427.191372
% 187 93357.658800
% 188 94433.750535
% 189 92962.608528
% 190 90914.362245
% 191 91731.143380
% 192 91189.407976
% 193 85987.805505
% 194 87412.721445
% 195 86036.868336
% 196 84415.400403
% 197 86960.514988
% 198 88756.982843
% 199 90260.394877
% 200 88663.251973
% 201 86105.328970
% 202 88273.820696
% 203 86262.645175
% 204 85977.241531
% 205 88718.717473
% 206 87960.995561
% 207 90357.474083
% 208 91237.356503
% 209 88748.897582
% 210 89900.806630
% 211 90235.096279
> Finished 211 generations with 1997320 distance calculations. GA Runtime = 41.4887 sec
> Final distance: 76532.021740
> Final Route:
Truck 0 [len = 16]: 0 --> 45 --> 38 --> 43 --> 50 --> 52 --> 91 --> 47 --> 29 --> 18 --> 37 --> 96 --> 41 --> 7 --> 87 --> 78
Truck 1 [len = 22]: 0 --> 12 --> 40 --> 59 --> 54 --> 94 --> 20 --> 19 --> 58 --> 82 --> 85 --> 36 --> 25 --> 99 --> 4 --> 92 --> 70 --> 90 --> 11 --> 55 --> 76 --> 3
Truck 2 [len = 19]: 0 --> 23 --> 26 --> 80 --> 33 --> 83 --> 81 --> 27 --> 8 --> 84 --> 46 --> 9 --> 24 --> 56 --> 95 --> 15 --> 79 --> 32 --> 30
Truck 3 [len = 17]: 0 --> 16 --> 48 --> 28 --> 68 --> 63 --> 14 --> 72 --> 1 --> 5 --> 86 --> 39 --> 62 --> 10 --> 89 --> 69 --> 97
Truck 4 [len = 30]: 0 --> 93 --> 31 --> 51 --> 22 --> 60 --> 35 --> 74 --> 73 --> 66 --> 65 --> 34 --> 61 --> 53 --> 71 --> 77 --> 44 --> 75 --> 17 --> 6 --> 67 --> 13 --> 98 --> 64 --> 42 --> 2 --> 57 --> 21 --> 88 --> 49
> Generation - Distance curve saved to fig/mtsp100_baseline_30_5_1000_100_10_20211216_16_28_21/20211216_16_37_17.png.
