--> Running ID = 1
> Loading cities from instances/mtsp100.txt
	>> 100 cities in total to be loaded
> 100 cities loaded from instances/mtsp100.txt
> Initial distance: 147661.500099
> Starting running GA.
	>> cities = 100, salesmen = 5
	>> Generations = 1000, PopulationSize = 100, TournamentSize = 10
# Generation Distance
% 1 148011.920957
% 2 142961.287905
% 3 141833.090421
% 4 142964.854102
% 5 141546.091637
% 6 140172.534412
% 7 135250.664208
% 8 131970.841804
% 9 131127.315411
% 10 126745.425813
% 11 125437.123730
% 12 123393.564075
% 13 122885.436319
% 14 121394.272061
% 15 119746.958037
% 16 121887.974297
% 17 118818.535784
% 18 115765.129483
% 19 115860.199807
% 20 114213.715527
% 21 114079.950203
% 22 115635.028147
% 23 112917.382743
% 24 110704.700653
% 25 111171.403303
% 26 111243.971037
% 27 109963.327534
% 28 109366.001769
% 29 109734.165556
% 30 112680.315106
% 31 112613.869718
% 32 111954.217318
% 33 111097.253256
% 34 109983.530012
% 35 108521.583171
% 36 109466.178786
% 37 109017.523918
% 38 105743.433330
% 39 109418.784659
% 40 106010.670648
% 41 103226.764636
% 42 103518.125578
% 43 101530.255283
% 44 104137.781174
% 45 100400.510120
% 46 99840.860193
% 47 102882.255412
% 48 100273.134501
% 49 101020.668821
% 50 102503.887440
% 51 102065.627547
% 52 100231.797343
% 53 99440.541025
% 54 100579.118471
% 55 97641.595759
% 56 96264.009367
% 57 96733.451223
% 58 98285.619530
% 59 94565.218522
% 60 95480.428622
% 61 95913.543398
% 62 95880.551844
% 63 99501.802007
% 64 100552.943322
% 65 101460.456655
% 66 102397.559291
% 67 100776.885280
% 68 99933.326903
% 69 100748.694622
% 70 99597.866288
% 71 101571.902908
% 72 101736.675949
% 73 101216.696025
% 74 101035.870933
% 75 99208.898501
% 76 98785.574883
% 77 97212.107891
% 78 98986.975968
% 79 96613.706486
% 80 97419.995460
% 81 97638.859176
% 82 98276.527274
% 83 96663.301986
% 84 94671.394906
% 85 95069.918405
% 86 94174.781537
% 87 94195.138672
% 88 95084.743300
% 89 99033.985578
% 90 97567.791872
% 91 96800.163845
% 92 97262.731704
% 93 98942.160174
% 94 96325.871542
% 95 94530.410746
% 96 95444.091128
% 97 97624.181430
% 98 96935.495312
% 99 96441.223221
% 100 96253.252507
% 101 95738.922701
% 102 91118.165195
% 103 92201.567597
% 104 92104.291097
% 105 93174.365216
% 106 93216.323717
% 107 95350.060916
% 108 93305.592282
% 109 92439.160242
% 110 91258.206939
% 111 92103.195745
% 112 92766.396827
% 113 90001.330812
% 114 92114.826967
% 115 91782.531575
% 116 93962.595939
% 117 91970.593545
% 118 91030.809115
% 119 93923.230305
% 120 91276.634204
% 121 92275.600669
% 122 91363.460333
% 123 94073.474578
% 124 95820.058129
% 125 95820.193994
% 126 95713.823941
% 127 90684.774124
% 128 90531.983579
% 129 89943.884583
% 130 90552.340939
% 131 91552.584433
% 132 91664.157425
% 133 89654.954990
% 134 90541.213348
% 135 91581.629945
% 136 91372.017743
% 137 90479.040804
% 138 92023.951574
% 139 91198.361072
% 140 91739.600014
% 141 89437.440034
% 142 92912.638363
% 143 93723.127125
% 144 92863.940738
% 145 92322.964865
% 146 93892.188140
% 147 90795.559387
% 148 92107.015227
% 149 91389.621858
% 150 92258.321765
% 151 91794.391791
% 152 91669.807182
% 153 89842.658468
% 154 90391.471664
% 155 90542.370682
% 156 92147.802626
% 157 92326.082866
% 158 92081.073823
% 159 92027.903426
% 160 91898.908923
% 161 92682.710318
% 162 93120.173370
% 163 92773.432798
% 164 93693.406671
% 165 94669.966192
% 166 93120.617537
% 167 93230.557061
% 168 94300.271263
% 169 92953.973168
% 170 94697.156080
% 171 94809.546941
% 172 90661.318285
% 173 92279.603965
% 174 91641.508336
% 175 89638.021776
% 176 87058.644933
% 177 86080.719958
% 178 85454.192655
% 179 85870.439510
% 180 85074.635111
% 181 83053.881301
% 182 84980.242246
% 183 83807.758974
% 184 85596.933790
% 185 85984.259311
% 186 88157.522386
% 187 87001.172394
% 188 88964.203099
% 189 86268.441389
% 190 88065.913540
% 191 87600.335758
% 192 85283.286684
% 193 84222.568881
% 194 88442.962165
% 195 86372.499410
% 196 86060.756857
% 197 88057.258595
% 198 86163.591313
% 199 84101.656035
% 200 82235.051011
% 201 82741.354164
% 202 83765.007403
% 203 84664.210123
% 204 84421.454243
% 205 86672.794791
% 206 88461.637577
% 207 87274.887179
% 208 90543.771605
% 209 86714.499625
% 210 88038.060993
% 211 89462.905220
> Finished 211 generations with 1997320 distance calculations. GA Runtime = 39.8561 sec
> Final distance: 82235.051011
> Final Route:
Truck 0 [len = 23]: 0 --> 3 --> 19 --> 17 --> 59 --> 46 --> 11 --> 27 --> 14 --> 43 --> 61 --> 99 --> 36 --> 42 --> 39 --> 38 --> 68 --> 15 --> 67 --> 75 --> 79 --> 56 --> 30
Truck 1 [len = 24]: 0 --> 41 --> 51 --> 2 --> 12 --> 26 --> 78 --> 73 --> 60 --> 7 --> 95 --> 13 --> 32 --> 84 --> 90 --> 72 --> 53 --> 5 --> 70 --> 48 --> 31 --> 16 --> 37 --> 93
Truck 2 [len = 9]: 0 --> 22 --> 45 --> 77 --> 87 --> 4 --> 1 --> 20 --> 88
Truck 3 [len = 22]: 0 --> 10 --> 49 --> 92 --> 63 --> 81 --> 54 --> 8 --> 34 --> 25 --> 55 --> 94 --> 82 --> 58 --> 44 --> 57 --> 6 --> 28 --> 21 --> 69 --> 96 --> 33
Truck 4 [len = 26]: 0 --> 97 --> 89 --> 80 --> 65 --> 23 --> 83 --> 18 --> 47 --> 52 --> 86 --> 29 --> 91 --> 85 --> 50 --> 24 --> 9 --> 76 --> 62 --> 64 --> 98 --> 71 --> 35 --> 74 --> 66 --> 40
> Generation - Distance curve saved to fig/mtsp100_baseline_30_5_1000_100_10_20211216_16_28_21/20211216_16_28_23.png.
