--> Running ID = 21
> Loading cities from instances/mtsp100.txt
	>> 100 cities in total to be loaded
> 100 cities loaded from instances/mtsp100.txt
> Initial distance: 153873.231330
> Starting running GA.
	>> cities = 100, salesmen = 5
	>> Generations = 1000, PopulationSize = 100, TournamentSize = 10
# Generation Distance
% 1 146707.000825
% 2 145888.897645
% 3 144148.659541
% 4 140992.656044
% 5 134851.136158
% 6 134389.538143
% 7 133827.245177
% 8 133853.017783
% 9 133035.541763
% 10 131212.129264
% 11 132673.248420
% 12 130232.763756
% 13 127475.929711
% 14 126221.519365
% 15 124073.498750
% 16 122183.741375
% 17 118106.555184
% 18 118762.780496
% 19 119285.979339
% 20 116411.347927
% 21 115842.488972
% 22 113250.673322
% 23 112951.319933
% 24 111805.231275
% 25 110229.730065
% 26 108095.221584
% 27 111426.442941
% 28 109608.504023
% 29 109890.744183
% 30 108198.562020
% 31 105577.498576
% 32 103501.161012
% 33 102116.262751
% 34 104573.799242
% 35 103704.701793
% 36 102700.839353
% 37 100249.398584
% 38 99318.260678
% 39 101097.509108
% 40 97876.114049
% 41 97511.046573
% 42 96461.734205
% 43 93684.075960
% 44 94549.946100
% 45 94485.861594
% 46 98875.975552
% 47 95977.479691
% 48 99310.434484
% 49 101252.356954
% 50 100670.107506
% 51 98151.209804
% 52 102164.303998
% 53 100310.700289
% 54 99761.584056
% 55 99362.641388
% 56 98106.053352
% 57 99429.983435
% 58 99396.783293
% 59 99241.926901
% 60 101194.791294
% 61 96925.605547
% 62 98111.133812
% 63 96498.137102
% 64 98741.796057
% 65 98387.596273
% 66 96727.932309
% 67 96904.582129
% 68 92629.895696
% 69 93027.491371
% 70 92647.648690
% 71 89672.636289
% 72 88185.934810
% 73 84966.056147
% 74 88426.665816
% 75 88547.563282
% 76 88067.057154
% 77 87639.297765
% 78 89256.335099
% 79 90425.941351
% 80 88723.208296
% 81 88211.890071
% 82 89567.356111
% 83 90270.516897
% 84 90974.549759
% 85 90938.874420
% 86 90423.227647
% 87 91222.373192
% 88 93402.495473
% 89 88957.400841
% 90 90419.698025
% 91 89999.635331
% 92 88779.771248
% 93 90680.245948
% 94 88709.407614
% 95 88726.254848
% 96 90210.610235
% 97 92474.645218
% 98 91530.363074
% 99 94884.714046
% 100 93067.248340
% 101 94666.400288
% 102 96162.226259
% 103 91647.991841
% 104 93394.853432
% 105 93764.683060
% 106 95783.021320
% 107 95772.696154
% 108 92869.615691
% 109 95252.924937
% 110 92859.996798
% 111 93997.558332
% 112 94525.269791
% 113 95307.765940
% 114 94925.075324
% 115 96177.287861
% 116 93749.699239
% 117 93501.025902
% 118 92499.642718
% 119 94149.692278
% 120 92861.141731
% 121 96743.345659
% 122 91786.517305
% 123 93611.078235
% 124 97038.680761
% 125 95835.246755
% 126 99038.412096
% 127 100128.017353
% 128 98476.880967
% 129 97948.007891
% 130 99948.867392
% 131 100660.649728
% 132 96021.446228
% 133 97859.003825
% 134 94190.225501
% 135 95035.205762
% 136 94434.344832
% 137 94184.042353
% 138 91779.417781
% 139 89008.288877
% 140 89687.759878
% 141 88922.216096
% 142 89381.079984
% 143 90825.423755
% 144 92112.502984
% 145 89828.249670
% 146 90783.726157
% 147 93435.242641
% 148 95224.373822
% 149 96347.599993
% 150 97198.447123
% 151 95592.449815
% 152 92312.795938
% 153 94199.684013
% 154 95664.697539
% 155 95931.761191
% 156 95536.529337
% 157 96463.203411
% 158 96110.010119
% 159 98119.124512
% 160 96066.677705
% 161 98440.191539
% 162 96199.217679
% 163 96218.264213
% 164 97092.722682
% 165 94693.501677
% 166 95502.581870
% 167 94664.349869
% 168 95943.785410
% 169 97287.787947
% 170 96703.059169
% 171 97153.233751
% 172 94795.381763
% 173 93036.319927
% 174 91099.960756
% 175 93367.835390
% 176 94701.370489
% 177 95170.007509
% 178 93669.863236
% 179 92919.357384
% 180 93052.100584
% 181 93766.486038
% 182 92704.437342
% 183 91773.032385
% 184 91844.333066
% 185 92425.950679
% 186 92754.271756
% 187 94715.988766
% 188 95061.856766
% 189 94082.523784
% 190 91842.866373
% 191 92461.246337
% 192 92535.428744
% 193 91406.127041
% 194 91220.825702
% 195 92116.989508
% 196 93072.502983
% 197 93637.574502
% 198 92417.853391
% 199 92397.444876
% 200 88163.523235
% 201 90492.415935
% 202 87492.777903
% 203 86403.411822
% 204 85468.978899
% 205 86923.680660
% 206 88027.815603
% 207 85218.289082
% 208 87157.570282
% 209 89325.022293
% 210 89748.988665
% 211 89837.993062
> Finished 211 generations with 1996488 distance calculations. GA Runtime = 43.1155 sec
> Final distance: 84966.056147
> Final Route:
Truck 0 [len = 16]: 0 --> 42 --> 85 --> 98 --> 68 --> 10 --> 60 --> 74 --> 79 --> 95 --> 40 --> 37 --> 45 --> 71 --> 83 --> 23
Truck 1 [len = 31]: 0 --> 12 --> 80 --> 67 --> 90 --> 38 --> 30 --> 70 --> 3 --> 92 --> 18 --> 2 --> 63 --> 59 --> 50 --> 29 --> 72 --> 39 --> 5 --> 32 --> 64 --> 99 --> 36 --> 47 --> 61 --> 1 --> 4 --> 43 --> 91 --> 24 --> 14
Truck 2 [len = 17]: 0 --> 26 --> 31 --> 51 --> 73 --> 57 --> 41 --> 97 --> 93 --> 33 --> 89 --> 69 --> 44 --> 75 --> 6 --> 35 --> 28
Truck 3 [len = 28]: 0 --> 88 --> 58 --> 19 --> 62 --> 77 --> 81 --> 13 --> 27 --> 8 --> 9 --> 11 --> 34 --> 17 --> 76 --> 53 --> 78 --> 84 --> 55 --> 86 --> 25 --> 54 --> 20 --> 94 --> 82 --> 46 --> 52 --> 15
Truck 4 [len = 12]: 0 --> 16 --> 56 --> 66 --> 21 --> 48 --> 96 --> 22 --> 65 --> 87 --> 7 --> 49
> Generation - Distance curve saved to fig/mtsp100_baseline_30_5_1000_100_10_20211216_16_28_21/20211216_16_43_30.png.
