--> Running ID = 24
> Loading cities from instances/mtsp100.txt
	>> 100 cities in total to be loaded
> 100 cities loaded from instances/mtsp100.txt
> Initial distance: 149397.345318
> Starting running GA.
	>> cities = 100, salesmen = 5
	>> Generations = 1000, PopulationSize = 100, TournamentSize = 10
# Generation Distance
% 1 143429.972819
% 2 140800.882374
% 3 140110.752847
% 4 138094.328258
% 5 134711.475077
% 6 129727.877743
% 7 127436.590371
% 8 125439.783554
% 9 127422.303874
% 10 122664.279003
% 11 120989.134747
% 12 120679.243917
% 13 119372.466465
% 14 118274.810358
% 15 114204.452598
% 16 115201.258769
% 17 110699.897078
% 18 110730.701412
% 19 112267.508321
% 20 109015.118894
% 21 110730.890964
% 22 109759.176896
% 23 107117.432464
% 24 107668.690447
% 25 106901.312790
% 26 105856.889127
% 27 107087.528852
% 28 103981.985977
% 29 99729.368607
% 30 99089.065363
% 31 97849.629957
% 32 99202.591606
% 33 99069.106069
% 34 99453.767836
% 35 98616.074362
% 36 98333.384447
% 37 100595.468707
% 38 98942.591964
% 39 98165.846211
% 40 96864.368166
% 41 97177.256058
% 42 100056.140416
% 43 99072.971359
% 44 101485.564453
% 45 101196.565704
% 46 103161.680481
% 47 101057.322964
% 48 102103.336584
% 49 106177.932786
% 50 105983.757775
% 51 105598.391400
% 52 106346.146230
% 53 105980.720283
% 54 106941.821902
% 55 104296.735233
% 56 105953.427644
% 57 103424.892756
% 58 103356.488590
% 59 102286.725146
% 60 102557.459183
% 61 99259.724245
% 62 101408.462627
% 63 102368.197391
% 64 102434.408152
% 65 102523.529634
% 66 100990.389243
% 67 101915.351440
% 68 101954.015955
% 69 104521.997116
% 70 102275.035986
% 71 100827.227109
% 72 101125.405283
% 73 102294.749146
% 74 102741.633856
% 75 100021.670808
% 76 99112.880787
% 77 97698.457491
% 78 96591.038591
% 79 97478.325877
% 80 99709.422659
% 81 96573.574352
% 82 96791.683801
% 83 97967.086490
% 84 94634.437933
% 85 93688.546353
% 86 92793.014217
% 87 93401.516119
% 88 93499.677023
% 89 93498.985514
% 90 94949.404154
% 91 95623.006307
% 92 91967.655918
% 93 96175.050657
% 94 94422.650603
% 95 94380.475466
% 96 89595.271214
% 97 90403.439588
% 98 89662.237347
% 99 89851.181354
% 100 87603.481119
% 101 84637.981816
% 102 86897.586684
% 103 86277.024242
% 104 85600.126186
% 105 87040.193902
% 106 86296.856074
% 107 86364.950958
% 108 85224.757340
% 109 86789.284249
% 110 85236.695120
% 111 85572.165563
% 112 84303.485687
% 113 85243.458891
% 114 82675.105926
% 115 82307.355141
% 116 81978.612186
% 117 82287.849255
% 118 79905.070788
% 119 81769.705124
% 120 84438.502817
% 121 83521.475420
% 122 85798.248965
% 123 82823.860539
% 124 83858.209158
% 125 85838.356943
% 126 82511.580369
% 127 84379.907268
% 128 81266.236418
% 129 82453.192082
% 130 81064.590410
% 131 82126.838894
% 132 83084.027772
% 133 83139.727268
% 134 81235.556048
% 135 83380.770845
% 136 85824.474278
% 137 85860.731874
% 138 88029.713345
% 139 87410.747195
% 140 88411.546596
% 141 86371.129477
% 142 87345.776040
% 143 87275.525137
% 144 87958.711306
% 145 87044.351243
% 146 88997.103776
% 147 88634.785985
% 148 89917.049170
% 149 90857.481726
% 150 89733.743185
% 151 89840.423339
% 152 93640.132679
% 153 91287.421379
% 154 91652.392155
% 155 91836.088149
% 156 91192.059297
% 157 90824.560231
% 158 90970.320354
% 159 91275.324781
% 160 90216.287907
% 161 92456.742805
% 162 91133.889322
% 163 92335.448937
% 164 90736.409422
% 165 91508.886317
% 166 91922.417945
% 167 91843.782507
% 168 89079.874338
% 169 89849.164698
% 170 92226.850033
% 171 94158.174608
% 172 91010.554121
% 173 92622.280375
% 174 93053.574460
% 175 92893.982062
% 176 94694.151786
% 177 93264.656256
% 178 91292.254615
% 179 93326.708836
% 180 90939.324605
% 181 90702.131133
% 182 89749.155418
% 183 88545.662029
% 184 86151.419731
% 185 83143.475128
% 186 86312.727721
% 187 85630.125423
% 188 86270.105203
% 189 87065.157965
% 190 85965.032420
% 191 84784.742636
% 192 88100.801459
% 193 89524.413296
% 194 89488.964422
% 195 90226.356357
% 196 91801.263681
% 197 91113.520258
% 198 91937.447049
% 199 92754.734856
% 200 95041.448611
% 201 95482.445556
% 202 94389.344377
% 203 94420.315501
% 204 95967.826839
% 205 97011.633017
% 206 92676.167967
% 207 93491.143178
% 208 94089.297366
% 209 94239.173171
% 210 94612.954459
% 211 93388.843524
> Finished 211 generations with 1995968 distance calculations. GA Runtime = 42.7870 sec
> Final distance: 79905.070788
> Final Route:
Truck 0 [len = 28]: 0 --> 49 --> 88 --> 51 --> 83 --> 70 --> 79 --> 77 --> 71 --> 56 --> 75 --> 60 --> 25 --> 50 --> 18 --> 90 --> 8 --> 94 --> 34 --> 47 --> 58 --> 46 --> 20 --> 53 --> 76 --> 3 --> 36 --> 52
Truck 1 [len = 29]: 0 --> 63 --> 95 --> 86 --> 5 --> 17 --> 59 --> 99 --> 29 --> 87 --> 40 --> 64 --> 32 --> 2 --> 19 --> 67 --> 98 --> 78 --> 14 --> 12 --> 33 --> 23 --> 73 --> 68 --> 42 --> 38 --> 82 --> 81 --> 44
Truck 2 [len = 19]: 0 --> 7 --> 31 --> 97 --> 57 --> 28 --> 66 --> 21 --> 89 --> 48 --> 69 --> 16 --> 93 --> 96 --> 37 --> 10 --> 74 --> 13 --> 30
Truck 3 [len = 15]: 0 --> 85 --> 15 --> 72 --> 9 --> 55 --> 11 --> 27 --> 24 --> 54 --> 4 --> 91 --> 43 --> 92 --> 62
Truck 4 [len = 13]: 0 --> 26 --> 22 --> 65 --> 41 --> 35 --> 84 --> 39 --> 61 --> 1 --> 6 --> 80 --> 45
> Generation - Distance curve saved to fig/mtsp100_baseline_30_5_1000_100_10_20211216_16_28_21/20211216_16_45_45.png.
