--> Running ID = 17
> Loading cities from instances/mtsp100.txt
	>> 100 cities in total to be loaded
> 100 cities loaded from instances/mtsp100.txt
> Initial distance: 154702.226524
> Starting running GA.
	>> cities = 100, salesmen = 5
	>> Generations = 1000, PopulationSize = 100, TournamentSize = 10
# Generation Distance
% 1 148178.442289
% 2 147967.334186
% 3 142933.647175
% 4 139162.586929
% 5 137923.717207
% 6 135780.602623
% 7 134135.441745
% 8 133912.521760
% 9 132216.111178
% 10 129456.812209
% 11 124697.297678
% 12 123962.495498
% 13 122002.381431
% 14 120322.068169
% 15 121599.695321
% 16 120386.580175
% 17 119788.079421
% 18 120123.401340
% 19 118065.361763
% 20 118460.314405
% 21 115475.243521
% 22 116389.875504
% 23 116028.497338
% 24 116212.673729
% 25 114990.252714
% 26 111966.022889
% 27 109813.899877
% 28 110407.811454
% 29 107718.222290
% 30 103544.567378
% 31 104198.404369
% 32 103023.204060
% 33 101736.650856
% 34 100812.593134
% 35 102078.567480
% 36 97021.377061
% 37 101342.768551
% 38 101155.939524
% 39 100042.106501
% 40 99168.446666
% 41 100212.636655
% 42 100114.940790
% 43 99931.731387
% 44 100228.908646
% 45 102032.687629
% 46 100907.692256
% 47 99813.000503
% 48 97091.724950
% 49 97473.598471
% 50 95465.112608
% 51 98347.571921
% 52 97833.475881
% 53 97072.539905
% 54 92862.343954
% 55 98417.189676
% 56 96321.387810
% 57 95868.671471
% 58 95361.029591
% 59 95462.562896
% 60 97021.615365
% 61 99490.235562
% 62 99364.736758
% 63 96727.351413
% 64 97406.104516
% 65 98438.527537
% 66 94121.983864
% 67 94071.539369
% 68 95164.293688
% 69 97140.227807
% 70 96262.645080
% 71 92189.523709
% 72 95358.978580
% 73 92241.505335
% 74 91843.629980
% 75 92357.191489
% 76 94347.753774
% 77 94307.660704
% 78 97195.153958
% 79 95140.346700
% 80 96523.255727
% 81 94095.355370
% 82 92151.628884
% 83 94637.417978
% 84 94592.709690
% 85 97397.662884
% 86 97196.419435
% 87 96608.917115
% 88 96370.424217
% 89 95461.325000
% 90 94842.598062
% 91 92210.023868
% 92 95398.994680
% 93 96395.015811
% 94 97469.064128
% 95 99019.530771
% 96 96734.436631
% 97 96787.526138
% 98 96343.677720
% 99 98204.133525
% 100 96273.456981
% 101 97471.499875
% 102 98232.624331
% 103 97405.018971
% 104 99742.616873
% 105 96978.403142
% 106 97484.164778
% 107 97202.735761
% 108 99879.905123
% 109 99281.550428
% 110 100247.086978
% 111 96047.985916
% 112 95579.558092
% 113 98536.831376
% 114 96881.711893
% 115 95539.964399
% 116 95594.988011
% 117 95785.062905
% 118 96687.827562
% 119 95904.154730
% 120 101473.442852
% 121 101515.237526
% 122 102917.217156
% 123 100156.766812
% 124 102186.765988
% 125 100635.411315
% 126 97681.301061
% 127 99841.136813
% 128 99450.768927
% 129 98857.772138
% 130 98021.625324
% 131 99760.100076
% 132 98421.912929
% 133 99581.452799
% 134 100051.061641
% 135 100458.640016
% 136 98294.226770
% 137 101131.400894
% 138 100054.129634
% 139 100880.515190
% 140 103108.205688
% 141 101819.042392
% 142 102854.579331
% 143 100775.514109
% 144 97798.357779
% 145 100367.925947
% 146 98900.954240
% 147 97806.431282
% 148 96730.136238
% 149 99008.886663
% 150 98212.530986
% 151 95961.932769
% 152 98313.326041
% 153 97675.230665
% 154 95286.572988
% 155 97587.919367
% 156 97747.175892
% 157 94009.319799
% 158 93802.428924
% 159 96161.885637
% 160 97049.246328
% 161 95193.611689
% 162 96031.761407
% 163 94317.724212
% 164 95065.963174
% 165 94796.660492
% 166 95896.880359
% 167 97918.924714
% 168 99940.286448
% 169 99178.907214
% 170 94910.665446
% 171 97922.647873
% 172 96314.835407
% 173 96230.349544
% 174 94481.328024
% 175 92627.365455
% 176 93493.445959
% 177 92928.367116
% 178 95117.899971
% 179 94243.321937
% 180 95957.833681
% 181 94979.478987
% 182 95808.216636
% 183 95794.536929
% 184 96641.289402
% 185 96149.841668
% 186 95832.808265
% 187 95118.459443
% 188 90658.389097
% 189 91988.419060
% 190 92577.639217
% 191 93091.833504
% 192 85817.208503
% 193 89808.652533
% 194 85951.616668
% 195 88050.245542
% 196 85911.123933
% 197 88981.655120
% 198 92405.830251
% 199 89358.917841
% 200 89675.848292
% 201 91348.847082
% 202 90889.820813
% 203 90451.537416
% 204 91360.467265
% 205 88365.763149
% 206 87890.077759
% 207 88022.202215
% 208 86045.471063
% 209 85121.062977
% 210 85371.813011
% 211 87300.587400
> Finished 211 generations with 1998152 distance calculations. GA Runtime = 41.3569 sec
> Final distance: 85121.062977
> Final Route:
Truck 0 [len = 14]: 0 --> 39 --> 88 --> 89 --> 97 --> 49 --> 63 --> 4 --> 14 --> 95 --> 17 --> 8 --> 38 --> 87
Truck 1 [len = 17]: 0 --> 28 --> 73 --> 57 --> 75 --> 56 --> 67 --> 9 --> 54 --> 25 --> 46 --> 11 --> 3 --> 72 --> 40 --> 33 --> 37
Truck 2 [len = 26]: 0 --> 65 --> 51 --> 30 --> 41 --> 22 --> 80 --> 61 --> 59 --> 34 --> 36 --> 53 --> 2 --> 76 --> 93 --> 16 --> 31 --> 26 --> 29 --> 91 --> 1 --> 86 --> 47 --> 19 --> 18 --> 50
Truck 3 [len = 33]: 0 --> 78 --> 23 --> 77 --> 82 --> 13 --> 79 --> 64 --> 32 --> 15 --> 62 --> 58 --> 90 --> 6 --> 7 --> 94 --> 44 --> 71 --> 98 --> 85 --> 66 --> 35 --> 74 --> 81 --> 27 --> 24 --> 55 --> 20 --> 52 --> 43 --> 70 --> 92 --> 68
Truck 4 [len = 14]: 0 --> 10 --> 21 --> 12 --> 60 --> 45 --> 84 --> 5 --> 99 --> 69 --> 48 --> 96 --> 83 --> 42
> Generation - Distance curve saved to fig/mtsp100_baseline_30_5_1000_100_10_20211216_16_28_21/20211216_16_40_32.png.
