--> Running ID = 8
> Loading cities from instances/mtsp100.txt
	>> 100 cities in total to be loaded
> 100 cities loaded from instances/mtsp100.txt
> Initial distance: 150127.277239
> Starting running GA.
	>> cities = 100, salesmen = 5
	>> Generations = 1000, PopulationSize = 100, TournamentSize = 10
# Generation Distance
% 1 146846.053487
% 2 144303.637775
% 3 136567.179254
% 4 133827.781378
% 5 134721.000414
% 6 132762.353616
% 7 131719.174765
% 8 130685.970464
% 9 130070.964500
% 10 129451.937289
% 11 128291.664466
% 12 128399.692525
% 13 126617.076333
% 14 127886.902634
% 15 124777.762305
% 16 125765.343703
% 17 122940.742344
% 18 117627.449858
% 19 115134.774073
% 20 115250.485586
% 21 114724.523474
% 22 113260.949323
% 23 115161.021148
% 24 112884.335615
% 25 115012.521890
% 26 112619.117999
% 27 109431.636768
% 28 109009.996301
% 29 106448.060010
% 30 108198.091506
% 31 109627.392137
% 32 109480.100887
% 33 106601.473109
% 34 106766.853781
% 35 106045.255432
% 36 105422.696287
% 37 104495.556104
% 38 104925.095060
% 39 104433.276567
% 40 105612.070616
% 41 103039.500851
% 42 102405.337206
% 43 105476.897591
% 44 107648.270114
% 45 108504.257794
% 46 106289.089519
% 47 106950.934087
% 48 103152.757932
% 49 101444.675726
% 50 100807.123267
% 51 102290.043937
% 52 103343.758817
% 53 102277.445817
% 54 100505.032656
% 55 99398.423107
% 56 99740.659265
% 57 98452.586733
% 58 96117.401711
% 59 96980.113596
% 60 96934.203112
% 61 98506.471425
% 62 97904.857690
% 63 96286.124691
% 64 96619.006324
% 65 97749.041324
% 66 96618.581282
% 67 94537.900316
% 68 96616.159125
% 69 93653.035786
% 70 94475.758604
% 71 93415.616165
% 72 91008.359523
% 73 93259.113665
% 74 94722.699629
% 75 93307.271246
% 76 95388.515927
% 77 93329.483514
% 78 94909.833298
% 79 92383.074666
% 80 94329.160216
% 81 95200.347226
% 82 94837.345204
% 83 94888.451946
% 84 94840.207938
% 85 92383.180362
% 86 93949.055020
% 87 94533.809645
% 88 92883.541659
% 89 94102.926857
% 90 94797.823558
% 91 95400.038140
% 92 96324.102699
% 93 96867.374551
% 94 95081.667568
% 95 96323.537531
% 96 94997.578467
% 97 95132.233248
% 98 91941.733617
% 99 93613.279265
% 100 94062.022658
% 101 94620.545665
% 102 95189.299336
% 103 93639.363420
% 104 93021.339161
% 105 95525.029364
% 106 93691.279282
% 107 97454.987061
% 108 98602.373133
% 109 94654.021762
% 110 95322.770335
% 111 97543.496961
% 112 98663.194442
% 113 96068.592284
% 114 96345.039786
% 115 97597.568266
% 116 94123.529214
% 117 93892.793077
% 118 93210.209014
% 119 93278.420315
% 120 93253.906108
% 121 93620.925471
% 122 95328.598372
% 123 94010.696690
% 124 94754.318774
% 125 91635.815235
% 126 92824.233780
% 127 91858.651873
% 128 91333.344865
% 129 91523.925334
% 130 92881.084386
% 131 92395.353494
% 132 90500.659473
% 133 91427.595685
% 134 89084.165069
% 135 89128.235754
% 136 88011.884122
% 137 89180.364584
% 138 87757.958157
% 139 86722.401257
% 140 86609.396068
% 141 88884.564115
% 142 87350.146324
% 143 87874.450221
% 144 87083.235269
% 145 85587.584632
% 146 86780.067124
% 147 88708.920007
% 148 87411.033927
% 149 86007.709143
% 150 89951.837567
% 151 89235.612668
% 152 90572.970482
% 153 86270.242979
% 154 88143.619139
% 155 90661.029278
% 156 90453.261537
% 157 91327.739310
% 158 89707.744204
% 159 89753.229957
% 160 91063.154708
% 161 87679.929325
% 162 90422.525772
% 163 88406.798015
% 164 87495.219569
% 165 89196.476947
% 166 85430.217817
% 167 85786.054655
% 168 88011.245666
% 169 87437.299729
% 170 88013.496318
% 171 87141.568054
% 172 87773.049159
% 173 90248.471805
% 174 86849.533863
% 175 89974.275147
% 176 89045.044594
% 177 90554.931609
% 178 91042.395577
% 179 91319.858448
% 180 91362.670264
% 181 90200.640135
% 182 91767.076017
% 183 89123.216021
% 184 87421.885600
% 185 90255.849710
% 186 90229.687814
% 187 91201.565250
% 188 89076.336176
% 189 88762.380169
% 190 88522.340695
% 191 86104.613126
% 192 84568.177271
% 193 86185.427056
% 194 88698.340781
% 195 86513.759528
% 196 86602.426654
% 197 88919.168307
% 198 88533.127087
% 199 88198.234959
% 200 88322.937719
% 201 87261.223963
% 202 88054.915336
% 203 89125.304557
% 204 88086.324219
% 205 88776.819808
% 206 89479.007838
% 207 88564.798427
% 208 89342.068546
% 209 90683.075055
% 210 91163.805845
% 211 92677.647877
> Finished 211 generations with 1996800 distance calculations. GA Runtime = 46.7344 sec
> Final distance: 84568.177271
> Final Route:
Truck 0 [len = 22]: 0 --> 97 --> 88 --> 7 --> 22 --> 21 --> 28 --> 35 --> 51 --> 23 --> 33 --> 26 --> 19 --> 32 --> 70 --> 58 --> 61 --> 29 --> 50 --> 76 --> 38 --> 53
Truck 1 [len = 17]: 0 --> 78 --> 31 --> 93 --> 92 --> 59 --> 3 --> 17 --> 27 --> 74 --> 16 --> 57 --> 96 --> 89 --> 71 --> 11 --> 24
Truck 2 [len = 15]: 0 --> 65 --> 56 --> 40 --> 83 --> 77 --> 79 --> 13 --> 64 --> 14 --> 15 --> 94 --> 48 --> 63 --> 95
Truck 3 [len = 33]: 0 --> 37 --> 60 --> 12 --> 8 --> 86 --> 81 --> 55 --> 46 --> 1 --> 25 --> 18 --> 34 --> 52 --> 82 --> 43 --> 85 --> 75 --> 45 --> 62 --> 44 --> 42 --> 2 --> 5 --> 9 --> 99 --> 47 --> 36 --> 72 --> 39 --> 54 --> 90 --> 68
Truck 4 [len = 17]: 0 --> 67 --> 98 --> 30 --> 84 --> 69 --> 10 --> 41 --> 73 --> 66 --> 6 --> 80 --> 49 --> 20 --> 91 --> 4 --> 87
> Generation - Distance curve saved to fig/mtsp100_baseline_30_5_1000_100_10_20211216_16_28_21/20211216_16_33_30.png.
