--> Running ID = 12
> Loading cities from instances/mtsp100.txt
	>> 100 cities in total to be loaded
> 100 cities loaded from instances/mtsp100.txt
> Initial distance: 142422.608923
> Starting running GA.
	>> cities = 100, salesmen = 5
	>> Generations = 1000, PopulationSize = 100, TournamentSize = 10
# Generation Distance
% 1 139372.253228
% 2 139351.010315
% 3 136815.200687
% 4 133680.054281
% 5 135202.960147
% 6 132844.090774
% 7 132053.187298
% 8 131119.414991
% 9 129452.305169
% 10 128067.299719
% 11 129307.847200
% 12 127589.057034
% 13 126264.433538
% 14 125125.583806
% 15 121204.246077
% 16 120249.187624
% 17 120192.645019
% 18 117185.924438
% 19 118355.938830
% 20 120711.682690
% 21 117863.285799
% 22 116758.648395
% 23 117179.204294
% 24 116091.224762
% 25 115522.616670
% 26 115666.311555
% 27 112653.941668
% 28 113788.245093
% 29 113613.571281
% 30 114271.314324
% 31 113246.588416
% 32 111831.866625
% 33 109568.937372
% 34 107477.183622
% 35 106601.458123
% 36 104424.940834
% 37 104533.261721
% 38 102365.212862
% 39 102860.827183
% 40 105524.144975
% 41 104145.016201
% 42 107283.514628
% 43 106301.526201
% 44 99965.363912
% 45 99370.460298
% 46 99884.169571
% 47 99358.970943
% 48 98719.850831
% 49 97771.373203
% 50 96836.486821
% 51 96346.608481
% 52 93556.232831
% 53 98444.182155
% 54 96128.724761
% 55 95080.967314
% 56 96023.436382
% 57 96789.263562
% 58 95372.161154
% 59 93451.607282
% 60 95514.634398
% 61 97401.820865
% 62 96745.616459
% 63 97762.465801
% 64 98262.822722
% 65 95662.766292
% 66 98223.434784
% 67 97429.193101
% 68 92434.547479
% 69 94199.631833
% 70 94600.825607
% 71 94636.880136
% 72 91996.236766
% 73 92284.635819
% 74 92997.399021
% 75 89553.970522
% 76 93881.089112
% 77 91340.671401
% 78 90572.531371
% 79 90868.955232
% 80 91772.358330
% 81 90832.431105
% 82 88433.556754
% 83 88951.657866
% 84 88247.702739
% 85 90182.180859
% 86 89488.585057
% 87 89710.983700
% 88 91051.263665
% 89 89649.338330
% 90 90825.545245
% 91 90505.109999
% 92 87522.288074
% 93 88034.992434
% 94 88189.767044
% 95 93592.111369
% 96 89604.117228
% 97 91520.453072
% 98 91090.677771
% 99 87720.134695
% 100 90457.069851
% 101 89640.553649
% 102 88231.801011
% 103 89347.182057
% 104 90379.355903
% 105 90017.215243
% 106 89373.723314
% 107 91117.426571
% 108 90796.010829
% 109 90904.032037
% 110 93597.146547
% 111 95974.114645
% 112 94584.135398
% 113 97285.212525
% 114 95965.331534
% 115 97591.250592
% 116 97006.452305
% 117 95475.528111
% 118 97614.775815
% 119 97762.260143
% 120 98348.462014
% 121 98377.713773
% 122 97992.846492
% 123 99089.982403
% 124 99365.659565
% 125 99302.229339
% 126 99900.180283
% 127 102488.569731
% 128 102258.700752
% 129 101359.314874
% 130 100464.343095
% 131 101121.328146
% 132 102153.796674
% 133 97777.155450
% 134 96538.403819
% 135 100377.667680
% 136 100190.056819
% 137 98644.553035
% 138 100152.051941
% 139 101875.117168
% 140 99004.781001
% 141 101333.580038
% 142 102046.053690
% 143 99413.525209
% 144 99249.663682
% 145 96264.105127
% 146 94319.940026
% 147 94091.676929
% 148 94036.612947
% 149 93189.787941
% 150 90020.965697
% 151 92943.348230
% 152 93855.273003
% 153 94128.134266
% 154 93736.282229
% 155 91002.298659
% 156 95133.083209
% 157 96015.384419
% 158 96962.887341
% 159 93854.273159
% 160 94507.189561
% 161 95289.846586
% 162 96226.808571
% 163 96539.098500
% 164 96612.454707
% 165 98726.912838
% 166 95594.515296
% 167 97429.771963
% 168 94816.985639
% 169 97953.073761
% 170 98629.590826
% 171 100274.468941
% 172 100133.861723
% 173 98741.500085
% 174 97206.495754
% 175 98692.463437
% 176 96315.840992
% 177 97966.760743
% 178 92969.753602
% 179 94554.973202
% 180 90089.364607
% 181 90830.985078
% 182 92132.898473
% 183 91481.017688
% 184 90938.916589
% 185 90296.257874
% 186 92209.361514
% 187 92817.651512
% 188 91318.028556
% 189 91808.043791
% 190 90909.526465
% 191 92318.898011
% 192 93851.268354
% 193 94991.000179
% 194 94908.593383
% 195 95721.345391
% 196 95841.438907
% 197 91930.150710
% 198 92897.221079
% 199 91308.194212
% 200 89834.739285
% 201 90057.610655
% 202 87570.232173
% 203 87904.195329
% 204 86836.749443
% 205 90309.721922
% 206 90456.731998
% 207 91890.076943
% 208 92848.158606
% 209 92839.237496
% 210 90035.314999
% 211 91897.160539
> Finished 211 generations with 1998984 distance calculations. GA Runtime = 40.8053 sec
> Final distance: 86836.749443
> Final Route:
Truck 0 [len = 22]: 0 --> 85 --> 24 --> 55 --> 46 --> 34 --> 4 --> 91 --> 25 --> 9 --> 20 --> 11 --> 94 --> 27 --> 68 --> 5 --> 17 --> 44 --> 67 --> 78 --> 90 --> 87
Truck 1 [len = 18]: 0 --> 51 --> 50 --> 86 --> 62 --> 63 --> 58 --> 19 --> 3 --> 42 --> 38 --> 77 --> 74 --> 6 --> 37 --> 93 --> 48 --> 89
Truck 2 [len = 10]: 0 --> 16 --> 72 --> 18 --> 36 --> 47 --> 52 --> 29 --> 1 --> 69
Truck 3 [len = 27]: 0 --> 33 --> 28 --> 88 --> 57 --> 60 --> 22 --> 30 --> 79 --> 31 --> 21 --> 97 --> 96 --> 41 --> 81 --> 70 --> 53 --> 39 --> 83 --> 40 --> 75 --> 15 --> 84 --> 76 --> 12 --> 26 --> 23
Truck 4 [len = 27]: 0 --> 80 --> 73 --> 71 --> 13 --> 35 --> 66 --> 32 --> 2 --> 82 --> 61 --> 43 --> 59 --> 54 --> 8 --> 92 --> 7 --> 14 --> 56 --> 45 --> 65 --> 99 --> 95 --> 64 --> 98 --> 10 --> 49
> Generation - Distance curve saved to fig/mtsp100_baseline_30_5_1000_100_10_20211216_16_28_21/20211216_16_36_33.png.
