--> Running ID = 20
> Loading cities from instances/mtsp100.txt
	>> 100 cities in total to be loaded
> 100 cities loaded from instances/mtsp100.txt
> Initial distance: 152054.040886
> Starting running GA.
	>> cities = 100, salesmen = 5
	>> Generations = 1000, PopulationSize = 100, TournamentSize = 10
# Generation Distance
% 1 149004.316873
% 2 150708.510625
% 3 146541.619573
% 4 140584.485479
% 5 137820.115303
% 6 138304.093384
% 7 135886.409159
% 8 134073.603919
% 9 128532.150347
% 10 123343.447239
% 11 126182.806344
% 12 120966.212476
% 13 120443.156721
% 14 120924.704778
% 15 122218.875942
% 16 122602.841752
% 17 120585.127363
% 18 117538.030217
% 19 117838.350808
% 20 118557.313828
% 21 116002.753305
% 22 114521.728215
% 23 116112.114242
% 24 117819.312674
% 25 114142.086376
% 26 115827.062804
% 27 113529.657869
% 28 113708.949139
% 29 113894.830520
% 30 113876.642292
% 31 113059.023365
% 32 111464.620722
% 33 112937.309982
% 34 111248.073542
% 35 112813.739432
% 36 111483.075203
% 37 109405.629091
% 38 109949.667121
% 39 107339.210142
% 40 110718.979335
% 41 109476.915583
% 42 110687.636432
% 43 108076.832679
% 44 111205.179238
% 45 105556.952732
% 46 104874.391980
% 47 106274.604391
% 48 107601.816272
% 49 103626.348004
% 50 105887.503781
% 51 107523.219544
% 52 104047.846081
% 53 105888.888689
% 54 103469.498557
% 55 102078.928364
% 56 100407.480369
% 57 97701.659467
% 58 97873.703899
% 59 97713.566985
% 60 95571.084474
% 61 99959.512112
% 62 98390.609877
% 63 98927.689365
% 64 101485.050698
% 65 100882.035670
% 66 101111.918175
% 67 101572.887042
% 68 102971.452362
% 69 102971.605510
% 70 97469.423613
% 71 98515.036841
% 72 99489.440624
% 73 98295.607935
% 74 98485.501366
% 75 99268.848145
% 76 99389.814269
% 77 103994.072924
% 78 99739.240788
% 79 102960.348578
% 80 101294.893240
% 81 100068.849238
% 82 100291.443940
% 83 101445.958555
% 84 98996.491628
% 85 98316.134392
% 86 97256.776672
% 87 96524.911633
% 88 95532.672237
% 89 98115.304650
% 90 96610.748529
% 91 95930.961217
% 92 97661.255603
% 93 95159.704333
% 94 97444.773328
% 95 95064.895992
% 96 96493.188152
% 97 92216.181625
% 98 95273.073224
% 99 95816.035150
% 100 96444.335299
% 101 94792.613331
% 102 91707.256380
% 103 94819.579373
% 104 96772.090218
% 105 97503.424146
% 106 96375.778404
% 107 95291.074923
% 108 96272.416728
% 109 95415.323883
% 110 96704.517018
% 111 94087.089326
% 112 91450.596724
% 113 92257.540534
% 114 88610.921512
% 115 91520.355795
% 116 93321.509208
% 117 93991.419073
% 118 93150.405057
% 119 95312.208692
% 120 95538.347788
% 121 92750.261361
% 122 93980.633088
% 123 92955.449298
% 124 93169.118939
% 125 94000.311018
% 126 92065.343627
% 127 94578.960445
% 128 91750.899051
% 129 91563.994496
% 130 90930.981719
% 131 90588.585284
% 132 92705.753362
% 133 94902.826408
% 134 93587.659066
% 135 92722.959284
% 136 93292.652760
% 137 96436.254793
% 138 95734.003696
% 139 97108.455200
% 140 97798.899311
% 141 99499.839186
% 142 95920.299056
% 143 97753.960478
% 144 97642.707158
% 145 98126.408993
% 146 99130.329009
% 147 98740.446654
% 148 95901.221189
% 149 97465.075783
% 150 100003.629663
% 151 95936.067333
% 152 97245.182673
% 153 97044.549250
% 154 96149.361741
% 155 97751.067898
% 156 96193.122247
% 157 97692.774605
% 158 97859.363001
% 159 98237.372083
% 160 97340.180686
% 161 96562.397056
% 162 96096.054275
% 163 96891.713310
% 164 94929.688263
% 165 93263.791577
% 166 96886.896867
% 167 92121.153664
% 168 92380.215118
% 169 95498.931622
% 170 94906.166042
% 171 97672.426819
% 172 96344.601546
% 173 97989.142083
% 174 96876.575231
% 175 95971.779000
% 176 94363.241502
% 177 96992.003564
% 178 95186.934826
% 179 95265.557947
% 180 98211.400918
% 181 97012.348194
% 182 96139.638504
% 183 97238.954300
% 184 97452.039831
% 185 96916.021643
% 186 98538.377511
% 187 99246.544663
% 188 99876.208628
% 189 100407.807552
% 190 102962.079354
% 191 100979.645169
% 192 96009.248143
% 193 96985.961652
% 194 97918.619004
% 195 95540.484260
% 196 99403.190963
% 197 97518.016460
% 198 98328.219130
% 199 98549.148526
% 200 98126.141757
% 201 96064.573691
% 202 94460.845985
% 203 94114.336512
% 204 98071.146167
% 205 99795.213016
% 206 100284.953760
% 207 98814.978102
% 208 101721.726373
% 209 101151.870768
% 210 102769.206338
% 211 102522.845266
> Finished 211 generations with 1996592 distance calculations. GA Runtime = 41.1647 sec
> Final distance: 88610.921512
> Final Route:
Truck 0 [len = 11]: 0 --> 21 --> 51 --> 35 --> 57 --> 22 --> 17 --> 63 --> 84 --> 80 --> 10
Truck 1 [len = 15]: 0 --> 60 --> 75 --> 56 --> 77 --> 76 --> 15 --> 68 --> 85 --> 86 --> 14 --> 44 --> 72 --> 38 --> 52
Truck 2 [len = 23]: 0 --> 74 --> 11 --> 55 --> 50 --> 5 --> 3 --> 62 --> 13 --> 67 --> 64 --> 53 --> 45 --> 6 --> 66 --> 26 --> 88 --> 37 --> 40 --> 70 --> 32 --> 98 --> 73
Truck 3 [len = 27]: 0 --> 49 --> 12 --> 16 --> 93 --> 89 --> 65 --> 90 --> 82 --> 25 --> 71 --> 28 --> 97 --> 33 --> 69 --> 96 --> 48 --> 78 --> 81 --> 39 --> 2 --> 8 --> 24 --> 94 --> 7 --> 41 --> 31
Truck 4 [len = 28]: 0 --> 23 --> 87 --> 91 --> 29 --> 36 --> 20 --> 27 --> 46 --> 19 --> 58 --> 59 --> 9 --> 83 --> 95 --> 30 --> 79 --> 34 --> 61 --> 43 --> 4 --> 18 --> 54 --> 1 --> 99 --> 47 --> 92 --> 42
> Generation - Distance curve saved to fig/mtsp100_baseline_30_5_1000_100_10_20211216_16_28_21/20211216_16_42_46.png.
