--> Running ID = 2
> Loading cities from instances/mtsp100.txt
	>> 100 cities in total to be loaded
> 100 cities loaded from instances/mtsp100.txt
> Initial distance: 148341.370804
> Starting running GA.
	>> cities = 100, salesmen = 5
	>> Generations = 1000, PopulationSize = 100, TournamentSize = 10
# Generation Distance
% 1 144941.331913
% 2 144363.801822
% 3 139442.464589
% 4 138714.191569
% 5 139442.349769
% 6 137865.622786
% 7 135361.468454
% 8 134705.218354
% 9 131833.431676
% 10 129215.963852
% 11 130362.940847
% 12 130336.235279
% 13 130315.913086
% 14 129440.016499
% 15 125218.104182
% 16 124224.181385
% 17 120154.846400
% 18 119403.726278
% 19 119991.852729
% 20 118375.450503
% 21 116790.933880
% 22 115734.559067
% 23 115334.323479
% 24 115304.752982
% 25 115246.126835
% 26 116285.674018
% 27 115390.344289
% 28 112057.224759
% 29 113087.606153
% 30 114036.480181
% 31 112965.810376
% 32 108133.509716
% 33 106783.549051
% 34 105160.278967
% 35 104525.617991
% 36 106279.277520
% 37 106951.091463
% 38 106319.520250
% 39 106863.941572
% 40 107649.621486
% 41 106667.600867
% 42 105197.597972
% 43 106037.459287
% 44 103636.589038
% 45 104266.827717
% 46 106492.956107
% 47 105994.542832
% 48 106113.610404
% 49 100669.705963
% 50 97064.986342
% 51 95060.501983
% 52 94693.298804
% 53 96187.610567
% 54 95783.234362
% 55 96397.970486
% 56 95931.300716
% 57 96289.879850
% 58 95745.342505
% 59 95472.211355
% 60 92296.326772
% 61 94357.132364
% 62 93828.322424
% 63 93780.572031
% 64 96606.843006
% 65 94925.695536
% 66 94376.650659
% 67 93258.875882
% 68 93889.632978
% 69 93981.569753
% 70 89978.883381
% 71 92102.815695
% 72 94160.410746
% 73 93273.681389
% 74 92883.456043
% 75 90594.584788
% 76 87835.579838
% 77 86572.734071
% 78 88107.129571
% 79 89208.282753
% 80 88420.253385
% 81 87194.501426
% 82 93013.930518
% 83 91666.975464
% 84 88131.964314
% 85 90575.140905
% 86 92647.154377
% 87 92260.907420
% 88 92749.051876
% 89 92978.171817
% 90 95202.752508
% 91 92616.214002
% 92 88840.508156
% 93 89894.589776
% 94 88895.154453
% 95 89061.827095
% 96 90552.937735
% 97 90667.245604
% 98 91260.651549
% 99 88795.621136
% 100 89937.509273
% 101 90961.901598
% 102 91902.486984
% 103 89898.060695
% 104 83927.787877
% 105 87977.784655
% 106 88260.963950
% 107 87424.787363
% 108 86505.816997
% 109 88323.057136
% 110 88363.679377
% 111 90344.327891
% 112 89050.888546
% 113 90226.114104
% 114 90305.587712
% 115 92300.744615
% 116 91442.533654
% 117 92775.210076
% 118 93689.072117
% 119 92945.942044
% 120 94491.104262
% 121 92961.219955
% 122 91449.905964
% 123 92541.490030
% 124 93248.988640
% 125 93808.102480
% 126 92774.417382
% 127 95168.035706
% 128 94667.785651
% 129 93050.322811
% 130 93588.398363
% 131 94963.555022
% 132 96680.301456
% 133 92789.471075
% 134 92631.731997
% 135 92367.809714
% 136 91092.435720
% 137 93808.931063
% 138 93291.351520
% 139 94330.584846
% 140 95129.345397
% 141 92618.006244
% 142 93632.427605
% 143 93335.856381
% 144 94115.456458
% 145 93407.590489
% 146 92491.652927
% 147 93026.928510
% 148 93229.877805
% 149 92990.763443
% 150 95012.918988
% 151 93968.818215
% 152 97019.812643
% 153 96208.440968
% 154 98090.733391
% 155 97843.503024
% 156 95494.649191
% 157 95969.634263
% 158 94568.154611
% 159 95311.179456
% 160 93318.322008
% 161 92469.970624
% 162 93320.843501
% 163 92269.504964
% 164 91343.768595
% 165 91674.336224
% 166 92370.703313
% 167 91379.483108
% 168 89557.783686
% 169 90396.029076
% 170 87523.087499
% 171 89889.377258
% 172 92191.826822
% 173 90015.431661
% 174 88394.558895
% 175 87452.122476
% 176 86504.711102
% 177 88316.501530
% 178 85091.079999
% 179 85311.958299
% 180 82677.871840
% 181 85366.225935
% 182 86741.301840
% 183 81917.267244
% 184 82937.780604
% 185 79802.071176
% 186 77544.107021
% 187 80047.545580
% 188 78005.927098
% 189 81396.822693
% 190 76998.857649
% 191 77097.142350
% 192 80435.172031
% 193 76907.922302
% 194 75118.959753
% 195 76408.746656
% 196 77167.371345
% 197 77554.443345
% 198 76967.346923
% 199 78636.410765
% 200 76775.041428
% 201 78676.470437
% 202 81116.821483
% 203 79464.997625
% 204 80162.892685
% 205 83476.615351
% 206 81276.863439
% 207 82303.426326
% 208 80161.779716
% 209 80803.753871
% 210 82723.132958
% 211 79419.750275
> Finished 211 generations with 1995344 distance calculations. GA Runtime = 41.8114 sec
> Final distance: 75118.959753
> Final Route:
Truck 0 [len = 30]: 0 --> 28 --> 17 --> 52 --> 18 --> 36 --> 50 --> 58 --> 81 --> 82 --> 4 --> 61 --> 91 --> 86 --> 25 --> 27 --> 55 --> 94 --> 11 --> 19 --> 47 --> 1 --> 99 --> 92 --> 59 --> 7 --> 22 --> 87 --> 78 --> 12
Truck 1 [len = 13]: 0 --> 72 --> 83 --> 14 --> 98 --> 56 --> 66 --> 35 --> 73 --> 23 --> 80 --> 41 --> 31
Truck 2 [len = 14]: 0 --> 49 --> 40 --> 68 --> 62 --> 63 --> 42 --> 90 --> 15 --> 37 --> 74 --> 65 --> 51 --> 69
Truck 3 [len = 33]: 0 --> 10 --> 75 --> 30 --> 44 --> 79 --> 77 --> 39 --> 24 --> 46 --> 34 --> 29 --> 43 --> 84 --> 85 --> 53 --> 38 --> 3 --> 2 --> 5 --> 54 --> 70 --> 9 --> 76 --> 8 --> 20 --> 95 --> 88 --> 71 --> 60 --> 48 --> 93 --> 96
Truck 4 [len = 14]: 0 --> 16 --> 26 --> 13 --> 64 --> 32 --> 67 --> 6 --> 21 --> 89 --> 97 --> 57 --> 45 --> 33
> Generation - Distance curve saved to fig/mtsp100_baseline_30_5_1000_100_10_20211216_16_28_21/20211216_16_29_06.png.
