--> Running ID = 10
> Loading cities from instances/mtsp100.txt
	>> 100 cities in total to be loaded
> 100 cities loaded from instances/mtsp100.txt
> Initial distance: 151710.267692
> Starting running GA.
	>> cities = 100, salesmen = 5
	>> Generations = 1000, PopulationSize = 100, TournamentSize = 10
# Generation Distance
% 1 149809.640559
% 2 144966.862623
% 3 141073.152031
% 4 137686.157987
% 5 137084.170630
% 6 137547.845737
% 7 139158.498195
% 8 133329.795280
% 9 130794.237422
% 10 130346.279308
% 11 130845.356213
% 12 127988.447078
% 13 126339.563916
% 14 126006.199494
% 15 125564.639593
% 16 123713.756699
% 17 123252.765576
% 18 119331.703629
% 19 120801.939631
% 20 118318.872470
% 21 117064.510379
% 22 115435.754033
% 23 115109.301236
% 24 111830.069409
% 25 112858.626359
% 26 112660.345794
% 27 110225.588866
% 28 109024.303547
% 29 109588.368206
% 30 104230.759324
% 31 104532.315069
% 32 101877.331859
% 33 99398.380663
% 34 100636.863504
% 35 100089.054469
% 36 102361.491864
% 37 98699.766167
% 38 100356.469449
% 39 98678.996177
% 40 98705.324440
% 41 101176.336571
% 42 97690.484636
% 43 97883.490420
% 44 99212.450320
% 45 96195.791187
% 46 97424.714804
% 47 97167.131018
% 48 98070.399502
% 49 98058.352706
% 50 95192.418710
% 51 93498.121019
% 52 93528.063456
% 53 95669.010951
% 54 91386.339239
% 55 93220.587866
% 56 90547.181976
% 57 90403.040428
% 58 89443.194085
% 59 91134.943101
% 60 87753.494597
% 61 88592.457557
% 62 88461.627671
% 63 85403.150285
% 64 84766.717336
% 65 86958.523545
% 66 86304.491024
% 67 87929.944836
% 68 89486.625597
% 69 89257.210652
% 70 89406.633395
% 71 89972.911748
% 72 89603.344132
% 73 89526.460612
% 74 88400.760529
% 75 90134.107202
% 76 88767.993082
% 77 89766.500820
% 78 90311.790150
% 79 91654.915957
% 80 94429.023983
% 81 93696.523422
% 82 94268.443521
% 83 94127.701116
% 84 92970.514542
% 85 94936.419842
% 86 94130.461718
% 87 95523.964157
% 88 92787.566073
% 89 92190.810856
% 90 89909.356692
% 91 91419.451591
% 92 91994.526736
% 93 92483.364544
% 94 92968.025794
% 95 94305.056991
% 96 95119.496872
% 97 96917.549747
% 98 92263.160782
% 99 91664.370440
% 100 92456.934965
% 101 90287.419292
% 102 91715.314497
% 103 93175.372075
% 104 90384.062763
% 105 90696.946487
% 106 93726.813174
% 107 94130.834829
% 108 91751.266144
% 109 91730.671534
% 110 94330.352854
% 111 92807.550552
% 112 92611.203342
% 113 91261.891073
% 114 90579.594457
% 115 91228.729543
% 116 92985.710186
% 117 92710.861941
% 118 93280.543734
% 119 91854.760910
% 120 93099.775674
% 121 90839.978904
% 122 91684.280636
% 123 94040.865579
% 124 94654.505731
% 125 96516.871215
% 126 96354.253564
% 127 94575.794038
% 128 98376.885875
% 129 97188.943296
% 130 98819.727306
% 131 94275.616310
% 132 95365.836409
% 133 94864.296100
% 134 94819.868455
% 135 93509.107014
% 136 93038.165375
% 137 93404.160301
% 138 93503.260291
% 139 94181.654471
% 140 94077.891717
% 141 94275.290582
% 142 95282.901916
% 143 95122.043431
% 144 95922.310338
% 145 94602.533443
% 146 94888.156895
% 147 93310.833543
% 148 94337.134170
% 149 93377.705322
% 150 97498.073166
% 151 94524.753003
% 152 90090.505403
% 153 92062.923212
% 154 90262.727920
% 155 92025.612579
% 156 92058.343781
% 157 89548.369876
% 158 90945.831469
% 159 90409.626021
% 160 89128.063908
% 161 88076.922563
% 162 90289.718198
% 163 89538.622118
% 164 90059.871982
% 165 87928.813733
% 166 87861.391999
% 167 88362.802862
% 168 85752.047348
% 169 86861.380021
% 170 85187.330546
% 171 86427.551904
% 172 87793.717248
% 173 84782.746870
% 174 88695.848450
% 175 86287.795784
% 176 87225.610334
% 177 85996.041452
% 178 88010.815420
% 179 87552.560238
% 180 87361.711273
% 181 86894.173445
% 182 86030.009407
% 183 86539.355433
% 184 89237.473115
% 185 89050.832345
% 186 88071.468013
% 187 89610.983400
% 188 91516.164983
% 189 94500.344715
% 190 93061.569949
% 191 93784.811762
% 192 96015.893577
% 193 93450.719489
% 194 91524.686066
% 195 91715.189159
% 196 91759.545272
% 197 94255.938464
% 198 90984.724240
% 199 92070.351342
% 200 92363.596422
% 201 94645.947757
% 202 94835.731963
% 203 93706.149430
% 204 94468.760309
% 205 95021.998578
% 206 95264.544426
% 207 94938.957431
% 208 93962.358877
% 209 94410.398042
% 210 94390.602973
% 211 97659.899640
> Finished 211 generations with 1998048 distance calculations. GA Runtime = 41.7726 sec
> Final distance: 84766.717336
> Final Route:
Truck 0 [len = 32]: 0 --> 96 --> 12 --> 66 --> 6 --> 73 --> 98 --> 24 --> 17 --> 29 --> 36 --> 18 --> 34 --> 90 --> 81 --> 55 --> 20 --> 46 --> 86 --> 78 --> 22 --> 37 --> 45 --> 72 --> 3 --> 39 --> 63 --> 33 --> 97 --> 89 --> 31 --> 41
Truck 1 [len = 18]: 0 --> 13 --> 77 --> 30 --> 71 --> 27 --> 32 --> 67 --> 64 --> 53 --> 85 --> 11 --> 84 --> 15 --> 40 --> 43 --> 61 --> 21
Truck 2 [len = 21]: 0 --> 49 --> 92 --> 75 --> 74 --> 60 --> 83 --> 23 --> 48 --> 25 --> 1 --> 91 --> 47 --> 99 --> 52 --> 4 --> 59 --> 62 --> 38 --> 42 --> 44
Truck 3 [len = 18]: 0 --> 35 --> 79 --> 87 --> 70 --> 2 --> 82 --> 8 --> 94 --> 9 --> 54 --> 50 --> 5 --> 76 --> 95 --> 19 --> 58 --> 65
Truck 4 [len = 15]: 0 --> 14 --> 68 --> 26 --> 51 --> 10 --> 16 --> 80 --> 7 --> 93 --> 69 --> 88 --> 57 --> 56 --> 28
> Generation - Distance curve saved to fig/mtsp100_baseline_30_5_1000_100_10_20211216_16_28_21/20211216_16_35_04.png.
