--> Running ID = 3
> Loading cities from instances/mtsp100.txt
	>> 100 cities in total to be loaded
> 100 cities loaded from instances/mtsp100.txt
> Initial distance: 146510.114267
> Starting running GA.
	>> cities = 100, salesmen = 5
	>> Generations = 1000, PopulationSize = 100, TournamentSize = 10
# Generation Distance
% 1 140805.458076
% 2 139668.713525
% 3 140153.499111
% 4 135121.712580
% 5 135259.391351
% 6 132347.286874
% 7 126815.524379
% 8 125918.578417
% 9 123526.797050
% 10 125654.136160
% 11 123416.854185
% 12 124354.411232
% 13 121342.788184
% 14 119676.895488
% 15 117627.817403
% 16 116235.933947
% 17 117460.378920
% 18 114989.204146
% 19 115535.741312
% 20 114452.261188
% 21 115036.941594
% 22 114801.831270
% 23 111677.476285
% 24 114004.858240
% 25 113101.588705
% 26 112576.931014
% 27 112631.069226
% 28 111211.700890
% 29 112862.859298
% 30 111408.293753
% 31 110729.110627
% 32 106859.178798
% 33 104060.249862
% 34 101189.663251
% 35 100851.803122
% 36 101011.263688
% 37 102312.101908
% 38 98764.326148
% 39 98574.042001
% 40 98242.034811
% 41 95314.470939
% 42 95366.831002
% 43 95885.756759
% 44 95452.693873
% 45 95042.126740
% 46 94219.201767
% 47 93641.672935
% 48 97425.525666
% 49 95205.963616
% 50 98622.048916
% 51 95479.064386
% 52 97378.970997
% 53 94308.707095
% 54 95714.796206
% 55 94139.003631
% 56 95612.012798
% 57 96818.344366
% 58 94784.859552
% 59 91807.439140
% 60 90627.974137
% 61 91950.409987
% 62 92511.443731
% 63 90166.710429
% 64 91089.289945
% 65 91304.012461
% 66 90652.152771
% 67 91575.914974
% 68 92159.854041
% 69 90518.067322
% 70 90690.727784
% 71 93425.060785
% 72 91478.560741
% 73 94077.616507
% 74 88365.118164
% 75 90313.833069
% 76 90025.540488
% 77 91298.706358
% 78 90411.767423
% 79 91157.129490
% 80 91555.812927
% 81 91926.107516
% 82 90364.863560
% 83 90048.474899
% 84 90670.181653
% 85 92009.409118
% 86 91020.517764
% 87 91693.717736
% 88 91152.712383
% 89 92325.261114
% 90 92010.482665
% 91 91986.973848
% 92 91952.043889
% 93 92875.180745
% 94 92325.306241
% 95 90477.271709
% 96 94162.120722
% 97 94289.759402
% 98 93713.173669
% 99 93753.490519
% 100 95884.742226
% 101 96103.717063
% 102 97677.214867
% 103 97214.133459
% 104 98583.809170
% 105 96558.118446
% 106 99627.588262
% 107 101099.744153
% 108 97034.794294
% 109 95641.789307
% 110 96826.757959
% 111 95730.985779
% 112 96412.158051
% 113 97169.582742
% 114 99101.656417
% 115 95548.365751
% 116 95576.705891
% 117 97599.404592
% 118 95619.902313
% 119 94877.677431
% 120 92790.215354
% 121 94476.906303
% 122 94729.218830
% 123 94156.326740
% 124 93760.189519
% 125 94045.815622
% 126 94267.594156
% 127 90903.559464
% 128 91791.300407
% 129 90140.912003
% 130 91263.422038
% 131 91773.458781
% 132 90389.334684
% 133 90940.670671
% 134 92589.108440
% 135 93820.364104
% 136 94911.353580
% 137 95738.017974
% 138 96209.828636
% 139 96990.806093
% 140 97646.071499
% 141 96938.707166
% 142 96378.789799
% 143 95600.759360
% 144 96300.907302
% 145 94400.450967
% 146 94170.831337
% 147 95548.449160
% 148 97454.503715
% 149 96605.498655
% 150 99418.892827
% 151 99326.194531
% 152 99571.912058
% 153 99577.092911
% 154 97322.280186
% 155 98638.536957
% 156 98961.440307
% 157 98251.392020
% 158 97552.988276
% 159 96931.077373
% 160 96284.878824
% 161 94860.663099
% 162 95870.843264
% 163 96192.072781
% 164 97846.974387
% 165 97467.288021
% 166 99631.125260
% 167 99426.093423
% 168 102106.579874
% 169 102949.975988
% 170 101966.455791
% 171 99447.212055
% 172 101292.825630
% 173 101683.029651
% 174 99815.353059
% 175 100708.779453
% 176 100831.800539
% 177 102189.601659
% 178 103606.989282
% 179 101280.467832
% 180 98158.340079
% 181 97688.242312
% 182 96295.735724
% 183 94946.034644
% 184 96873.427889
% 185 93146.844779
% 186 97194.644961
% 187 95501.242724
% 188 97573.110502
% 189 97329.749879
% 190 99284.063336
% 191 98964.936427
% 192 94749.018523
% 193 96209.039315
% 194 94739.826810
% 195 92826.694626
% 196 88311.453424
% 197 85685.003941
% 198 88827.669037
% 199 89384.400496
% 200 91868.720240
% 201 88479.545432
% 202 89421.564292
% 203 87708.451243
% 204 88147.861393
% 205 90772.193577
% 206 91707.839687
% 207 90221.789544
% 208 90239.456971
% 209 89813.493370
% 210 89640.707993
% 211 90867.174771
> Finished 211 generations with 1997528 distance calculations. GA Runtime = 42.9169 sec
> Final distance: 85685.003941
> Final Route:
Truck 0 [len = 21]: 0 --> 28 --> 6 --> 37 --> 48 --> 10 --> 89 --> 49 --> 40 --> 83 --> 38 --> 87 --> 93 --> 46 --> 94 --> 5 --> 39 --> 86 --> 81 --> 54 --> 52
Truck 1 [len = 21]: 0 --> 30 --> 71 --> 68 --> 2 --> 55 --> 24 --> 25 --> 91 --> 59 --> 85 --> 32 --> 67 --> 27 --> 11 --> 20 --> 8 --> 44 --> 98 --> 23 --> 12
Truck 2 [len = 18]: 0 --> 78 --> 99 --> 34 --> 90 --> 53 --> 29 --> 19 --> 61 --> 50 --> 82 --> 4 --> 58 --> 76 --> 21 --> 74 --> 22 --> 41
Truck 3 [len = 21]: 0 --> 7 --> 60 --> 43 --> 9 --> 33 --> 45 --> 62 --> 3 --> 15 --> 63 --> 97 --> 96 --> 36 --> 18 --> 1 --> 47 --> 95 --> 17 --> 84 --> 72
Truck 4 [len = 23]: 0 --> 26 --> 16 --> 66 --> 73 --> 56 --> 13 --> 79 --> 35 --> 88 --> 51 --> 80 --> 65 --> 31 --> 69 --> 42 --> 92 --> 70 --> 75 --> 57 --> 64 --> 77 --> 14
> Generation - Distance curve saved to fig/mtsp100_baseline_30_5_1000_100_10_20211216_16_28_21/20211216_16_29_50.png.
