--> Running ID = 7
> Loading cities from instances/mtsp100.txt
	>> 100 cities in total to be loaded
> 100 cities loaded from instances/mtsp100.txt
> Initial distance: 152560.734416
> Starting running GA.
	>> cities = 100, salesmen = 5
	>> Generations = 1000, PopulationSize = 100, TournamentSize = 10
# Generation Distance
% 1 146924.423557
% 2 142443.874518
% 3 138655.652792
% 4 138524.404172
% 5 134159.835574
% 6 131817.172800
% 7 128919.339182
% 8 127805.125853
% 9 123082.341783
% 10 124223.870786
% 11 119164.744829
% 12 117714.459888
% 13 114381.362796
% 14 116030.975859
% 15 113086.826270
% 16 114673.175803
% 17 116354.069734
% 18 112266.190644
% 19 112200.731853
% 20 110996.729238
% 21 106941.037451
% 22 106694.979267
% 23 104132.962609
% 24 104861.039845
% 25 104092.172157
% 26 104729.441659
% 27 103296.031270
% 28 103499.531987
% 29 100712.087060
% 30 100047.772884
% 31 98324.281085
% 32 98007.011074
% 33 97007.705324
% 34 99684.544658
% 35 101836.598173
% 36 100675.411883
% 37 100007.462573
% 38 99495.900056
% 39 97605.524909
% 40 96703.897722
% 41 97569.812404
% 42 97101.286043
% 43 98332.701257
% 44 99617.872657
% 45 102286.427105
% 46 100933.064273
% 47 100430.938661
% 48 101105.670795
% 49 103177.896065
% 50 100073.311534
% 51 97285.497787
% 52 95117.668925
% 53 93376.979168
% 54 92557.316737
% 55 92507.794647
% 56 92453.968663
% 57 92098.696465
% 58 94333.053042
% 59 94273.923662
% 60 95221.777370
% 61 93192.094030
% 62 92318.596385
% 63 91525.329552
% 64 89773.230086
% 65 87716.903097
% 66 89020.819253
% 67 87068.916962
% 68 86135.717717
% 69 86141.760398
% 70 88239.173279
% 71 86910.568983
% 72 87068.635964
% 73 86274.133843
% 74 90141.228104
% 75 86968.570460
% 76 88785.924324
% 77 89863.823500
% 78 90549.183001
% 79 87097.065059
% 80 88832.009457
% 81 87256.171714
% 82 87434.347790
% 83 86099.329353
% 84 86128.160660
% 85 86567.624842
% 86 86624.215659
% 87 85405.976564
% 88 85822.436262
% 89 84627.036223
% 90 85809.423465
% 91 83720.843009
% 92 85575.298738
% 93 88249.975520
% 94 86933.101292
% 95 84725.081919
% 96 87392.806254
% 97 89045.201331
% 98 86723.507301
% 99 89429.223636
% 100 89274.243941
% 101 88562.305722
% 102 87003.961839
% 103 87021.287730
% 104 86082.098328
% 105 87665.011135
% 106 88210.380506
% 107 88980.898394
% 108 88357.527754
% 109 88896.467724
% 110 88183.785535
% 111 89774.530227
% 112 89054.400088
% 113 88742.346968
% 114 88886.580917
% 115 86964.442539
% 116 89114.591271
% 117 89707.668849
% 118 89248.400756
% 119 89584.857857
% 120 92977.522755
% 121 92175.563225
% 122 94187.098689
% 123 91938.334998
% 124 95283.486460
% 125 93639.779884
% 126 93357.402034
% 127 92754.068587
% 128 92637.636109
% 129 94027.870680
% 130 94214.824860
% 131 89872.727967
% 132 91252.224968
% 133 93947.809366
% 134 92841.756131
% 135 92974.189393
% 136 95567.339960
% 137 96792.623302
% 138 95519.901096
% 139 97038.785353
% 140 97158.183340
% 141 94217.557542
% 142 93286.461848
% 143 94661.951877
% 144 96605.303697
% 145 95286.849619
% 146 94448.892966
% 147 93000.188554
% 148 93716.619921
% 149 93954.403910
% 150 94754.208474
% 151 95256.452454
% 152 97656.968532
% 153 99426.933169
% 154 98594.330557
% 155 97704.043607
% 156 94898.279960
% 157 95448.776945
% 158 94550.491695
% 159 94256.338545
% 160 98258.571241
% 161 96791.929658
% 162 95537.536498
% 163 95105.823387
% 164 97970.025472
% 165 98000.126613
% 166 98433.431729
% 167 101066.368392
% 168 101852.311290
% 169 103141.837675
% 170 105341.703887
% 171 98434.010249
% 172 100413.271847
% 173 99709.380619
% 174 99450.283911
% 175 96433.666413
% 176 95073.742100
% 177 94025.982418
% 178 94000.790127
% 179 97019.685693
% 180 93068.661110
% 181 92624.414330
% 182 93461.084680
% 183 91550.897997
% 184 91412.365239
% 185 92477.690106
% 186 92025.092745
% 187 90381.576134
% 188 90855.244007
% 189 92177.710483
% 190 90448.800076
% 191 89734.399354
% 192 89021.641968
% 193 86604.852885
% 194 89980.162825
% 195 86334.661214
% 196 87787.357690
% 197 87251.558799
% 198 86684.483119
% 199 88679.780668
% 200 87821.423942
% 201 89185.910521
% 202 90007.971569
% 203 92337.135732
% 204 92989.924678
% 205 92314.394169
% 206 94069.190011
% 207 89877.310988
% 208 93644.943094
% 209 91701.071760
% 210 93647.230533
% 211 94637.123156
> Finished 211 generations with 1995552 distance calculations. GA Runtime = 40.3927 sec
> Final distance: 83720.843009
> Final Route:
Truck 0 [len = 17]: 0 --> 41 --> 69 --> 45 --> 40 --> 82 --> 8 --> 4 --> 70 --> 58 --> 9 --> 86 --> 55 --> 30 --> 75 --> 37 --> 12
Truck 1 [len = 20]: 0 --> 6 --> 72 --> 13 --> 67 --> 85 --> 63 --> 68 --> 83 --> 23 --> 87 --> 80 --> 74 --> 56 --> 71 --> 18 --> 59 --> 54 --> 20 --> 60
Truck 2 [len = 36]: 0 --> 15 --> 76 --> 43 --> 99 --> 47 --> 1 --> 29 --> 98 --> 79 --> 91 --> 46 --> 44 --> 52 --> 5 --> 24 --> 3 --> 27 --> 39 --> 50 --> 2 --> 19 --> 17 --> 64 --> 34 --> 36 --> 61 --> 53 --> 84 --> 25 --> 94 --> 42 --> 62 --> 38 --> 14 --> 95
Truck 3 [len = 17]: 0 --> 33 --> 28 --> 96 --> 31 --> 97 --> 93 --> 16 --> 89 --> 26 --> 51 --> 65 --> 49 --> 88 --> 10 --> 21 --> 57
Truck 4 [len = 14]: 0 --> 7 --> 66 --> 35 --> 48 --> 22 --> 73 --> 11 --> 32 --> 77 --> 81 --> 92 --> 90 --> 78
> Generation - Distance curve saved to fig/mtsp100_baseline_30_5_1000_100_10_20211216_16_28_21/20211216_16_32_47.png.
