--> Running ID = 6
> Loading cities from instances/mtsp100.txt
	>> 100 cities in total to be loaded
> 100 cities loaded from instances/mtsp100.txt
> Initial distance: 151790.431196
> Starting running GA.
	>> cities = 100, salesmen = 5
	>> Generations = 1000, PopulationSize = 100, TournamentSize = 10
# Generation Distance
% 1 145114.229737
% 2 140600.624943
% 3 137761.796972
% 4 137256.360770
% 5 135159.450133
% 6 135142.551883
% 7 131150.481446
% 8 130784.391959
% 9 129176.981524
% 10 125564.871697
% 11 127046.682440
% 12 127277.737267
% 13 121932.058673
% 14 122383.147857
% 15 120015.160641
% 16 118196.454760
% 17 116216.567939
% 18 114590.749037
% 19 114182.053917
% 20 111449.233448
% 21 112427.543103
% 22 112058.168457
% 23 114033.282227
% 24 111198.688484
% 25 112147.006582
% 26 109018.880295
% 27 107185.611433
% 28 109060.584334
% 29 106794.839838
% 30 108737.626688
% 31 107293.246612
% 32 107852.192843
% 33 108403.566155
% 34 108291.018628
% 35 107660.635089
% 36 108657.167008
% 37 106905.177197
% 38 105801.685824
% 39 106644.568496
% 40 103725.718876
% 41 100471.657465
% 42 102780.351966
% 43 98679.003003
% 44 96481.925261
% 45 97403.214641
% 46 97194.579831
% 47 95570.250991
% 48 94703.663723
% 49 93753.545650
% 50 94353.340830
% 51 97163.528581
% 52 95928.994769
% 53 92867.219375
% 54 89790.026495
% 55 89437.683501
% 56 91525.109269
% 57 91605.453060
% 58 89609.828154
% 59 92913.382902
% 60 93095.668001
% 61 95637.063509
% 62 93828.583096
% 63 92919.834909
% 64 92634.687523
% 65 94865.572564
% 66 91800.776092
% 67 93614.776063
% 68 93254.785328
% 69 93826.020003
% 70 92983.376419
% 71 92210.301709
% 72 90126.675577
% 73 93014.957354
% 74 91131.388448
% 75 91308.269881
% 76 88034.192511
% 77 83426.172612
% 78 86840.713281
% 79 87073.044858
% 80 87282.401812
% 81 88038.620614
% 82 87621.177169
% 83 83849.503987
% 84 85470.879138
% 85 85706.064398
% 86 85530.680348
% 87 84913.321545
% 88 84434.682042
% 89 85107.520610
% 90 84683.862042
% 91 83364.202606
% 92 83182.317130
% 93 81385.005337
% 94 81966.891957
% 95 83172.702262
% 96 82513.305213
% 97 82884.152534
% 98 82010.707978
% 99 85678.009834
% 100 85748.253269
% 101 83263.801815
% 102 84789.360559
% 103 85024.765270
% 104 84339.295244
% 105 83969.883367
% 106 83717.829092
% 107 84161.251075
% 108 86448.347451
% 109 79932.928615
% 110 80367.583302
% 111 81105.532628
% 112 81129.543592
% 113 83852.006791
% 114 83848.411511
% 115 82181.759678
% 116 79408.063191
% 117 81883.906831
% 118 81782.345624
% 119 82856.295578
% 120 83149.880883
% 121 83240.352386
% 122 84506.942955
% 123 87344.483894
% 124 89598.704760
% 125 89820.071046
% 126 90790.367499
% 127 92207.476507
% 128 88871.883718
% 129 88942.929702
% 130 89014.646304
% 131 88132.637006
% 132 87233.132070
% 133 90123.823570
% 134 88191.743078
% 135 90091.971867
% 136 90798.475585
% 137 90756.130631
% 138 90718.737667
% 139 93670.051335
% 140 90529.329551
% 141 91305.761458
% 142 91553.461507
% 143 93224.159682
% 144 93054.956029
% 145 93764.316108
% 146 92143.316650
% 147 95500.557561
% 148 92700.822144
% 149 94633.812660
% 150 93210.482752
% 151 91458.088834
% 152 94643.291601
% 153 93818.937196
% 154 93340.473479
% 155 95769.082202
% 156 92877.831037
% 157 91812.777875
% 158 90237.188351
% 159 91097.581795
% 160 91922.342529
% 161 90287.335451
% 162 92217.410969
% 163 94387.598412
% 164 95102.103590
% 165 94315.559300
% 166 95181.241034
% 167 93885.845563
% 168 92720.819765
% 169 95123.353526
% 170 97607.587099
% 171 98858.050401
% 172 99083.673111
% 173 99229.302791
% 174 100035.616897
% 175 95336.203557
% 176 96220.121749
% 177 95576.525349
% 178 96000.316059
% 179 94300.955113
% 180 93988.173047
% 181 91999.593033
% 182 91171.021147
% 183 86466.529564
% 184 89280.280225
% 185 88774.302896
% 186 87687.674366
% 187 89026.538113
% 188 88340.632998
% 189 89482.267816
% 190 91693.523055
% 191 91624.870493
% 192 94023.507744
% 193 95254.900673
% 194 95472.567745
% 195 95349.957739
% 196 95822.393453
% 197 95742.535448
% 198 96930.598505
% 199 99405.932859
% 200 96402.704888
% 201 95550.830887
% 202 97176.310944
% 203 96131.594797
% 204 95478.803678
% 205 96462.360241
% 206 98993.498240
% 207 96228.234743
% 208 97181.213999
% 209 96350.951355
% 210 97374.189958
% 211 95289.009529
> Finished 211 generations with 1996280 distance calculations. GA Runtime = 41.2872 sec
> Final distance: 79408.063191
> Final Route:
Truck 0 [len = 17]: 0 --> 37 --> 83 --> 40 --> 15 --> 76 --> 81 --> 59 --> 91 --> 1 --> 34 --> 72 --> 70 --> 2 --> 63 --> 53 --> 90
Truck 1 [len = 24]: 0 --> 35 --> 75 --> 58 --> 19 --> 94 --> 84 --> 29 --> 36 --> 47 --> 4 --> 25 --> 86 --> 9 --> 18 --> 50 --> 8 --> 39 --> 54 --> 82 --> 61 --> 5 --> 85 --> 22
Truck 2 [len = 23]: 0 --> 48 --> 96 --> 93 --> 16 --> 10 --> 67 --> 24 --> 55 --> 46 --> 73 --> 74 --> 20 --> 43 --> 38 --> 42 --> 68 --> 95 --> 51 --> 45 --> 28 --> 41 --> 69
Truck 3 [len = 20]: 0 --> 80 --> 7 --> 33 --> 64 --> 99 --> 17 --> 52 --> 44 --> 6 --> 77 --> 79 --> 32 --> 13 --> 30 --> 71 --> 31 --> 12 --> 21 --> 87
Truck 4 [len = 20]: 0 --> 23 --> 14 --> 62 --> 3 --> 92 --> 26 --> 78 --> 65 --> 57 --> 11 --> 27 --> 66 --> 97 --> 89 --> 49 --> 88 --> 60 --> 56 --> 98
> Generation - Distance curve saved to fig/mtsp100_baseline_30_5_1000_100_10_20211216_16_28_21/20211216_16_32_03.png.
