--> Running ID = 27
> Loading cities from instances/mtsp100.txt
	>> 100 cities in total to be loaded
> 100 cities loaded from instances/mtsp100.txt
> Initial distance: 152052.013190
> Starting running GA.
	>> cities = 100, salesmen = 5
	>> Generations = 1000, PopulationSize = 100, TournamentSize = 10
# Generation Distance
% 1 149566.560645
% 2 143426.499018
% 3 143577.654826
% 4 141405.313674
% 5 139149.691468
% 6 135731.884325
% 7 135376.050181
% 8 131268.808290
% 9 133063.641191
% 10 128300.085711
% 11 127835.304239
% 12 125684.385064
% 13 124918.198224
% 14 125486.007676
% 15 123730.931783
% 16 120336.159394
% 17 116279.621653
% 18 112829.413745
% 19 108658.014818
% 20 108141.868794
% 21 111285.481477
% 22 109008.397005
% 23 104638.987030
% 24 104985.326294
% 25 106767.990263
% 26 105167.036814
% 27 104419.521230
% 28 105487.887717
% 29 102471.555912
% 30 102822.899847
% 31 102838.976322
% 32 105272.024804
% 33 104049.892389
% 34 105444.934087
% 35 102144.481479
% 36 101347.204133
% 37 100536.852206
% 38 99593.981072
% 39 100103.577725
% 40 101788.283339
% 41 100379.642322
% 42 98976.397780
% 43 100027.728587
% 44 98916.325894
% 45 99480.594206
% 46 99907.880553
% 47 100312.127591
% 48 99234.580458
% 49 99296.066475
% 50 101881.153527
% 51 100106.743784
% 52 99400.126847
% 53 101801.281567
% 54 101142.735951
% 55 99267.601110
% 56 100040.848087
% 57 99264.594212
% 58 99582.112577
% 59 101040.946970
% 60 98249.424525
% 61 101379.011012
% 62 100703.061732
% 63 98104.699119
% 64 97532.076776
% 65 99343.638632
% 66 95413.659772
% 67 96426.071815
% 68 96503.763372
% 69 98178.328419
% 70 95596.850135
% 71 95160.024148
% 72 96588.610622
% 73 95053.952079
% 74 96580.741672
% 75 93293.620363
% 76 93961.912365
% 77 94380.950020
% 78 91901.702646
% 79 91980.069786
% 80 93927.402919
% 81 93218.769760
% 82 94198.123536
% 83 91964.639520
% 84 93820.845784
% 85 96647.170954
% 86 97508.865344
% 87 98038.453600
% 88 100496.903611
% 89 102055.219641
% 90 99787.152503
% 91 101259.842448
% 92 99664.280350
% 93 99850.908801
% 94 98322.430087
% 95 98020.088633
% 96 93449.205881
% 97 94240.747772
% 98 93725.040324
% 99 95474.809188
% 100 97284.092576
% 101 94528.783563
% 102 96269.548295
% 103 94861.965879
% 104 93985.004519
% 105 95599.662148
% 106 93097.292159
% 107 95483.707400
% 108 96404.676161
% 109 95485.540835
% 110 93530.102259
% 111 93585.126169
% 112 94396.242240
% 113 95229.409481
% 114 96666.894671
% 115 95586.402762
% 116 94617.747613
% 117 98069.134960
% 118 98168.371909
% 119 96720.281116
% 120 98194.197522
% 121 99279.231506
% 122 97927.407963
% 123 97398.027411
% 124 97303.164913
% 125 99347.832172
% 126 98500.707449
% 127 97473.362044
% 128 100790.739420
% 129 99688.979806
% 130 95506.034551
% 131 99512.833837
% 132 100251.289102
% 133 97004.354427
% 134 97597.326717
% 135 97572.525126
% 136 95640.103274
% 137 95636.978630
% 138 94889.953294
% 139 94297.624893
% 140 94920.352249
% 141 94308.679261
% 142 94474.649077
% 143 92974.441993
% 144 93955.628941
% 145 94120.893704
% 146 92212.006926
% 147 91676.470156
% 148 94953.913407
% 149 92952.874870
% 150 93787.944449
% 151 89865.691263
% 152 93572.042175
% 153 91999.027484
% 154 92339.910036
% 155 91833.413059
% 156 92062.321624
% 157 90678.802923
% 158 92309.641488
% 159 92277.673693
% 160 96548.739965
% 161 96042.795996
% 162 95438.626085
% 163 91856.783060
% 164 93486.183205
% 165 91179.832531
% 166 89251.370928
% 167 91347.130029
% 168 91332.402913
% 169 93306.697033
% 170 93652.236915
% 171 94442.133089
% 172 94000.090877
% 173 90286.997923
% 174 93440.524690
% 175 93183.234415
% 176 97103.298672
% 177 95321.159940
% 178 95744.662585
% 179 96609.473782
% 180 95568.023634
% 181 95564.448833
% 182 97165.091043
% 183 94909.091453
% 184 100328.187093
% 185 97660.551165
% 186 96539.888488
% 187 93307.268974
% 188 94636.789690
% 189 96301.997298
% 190 97084.008245
% 191 94056.075135
% 192 93287.220136
% 193 92692.797288
% 194 94260.636703
% 195 94422.439509
% 196 93722.530598
% 197 92835.095854
% 198 91712.018011
% 199 94228.812703
% 200 92696.556244
% 201 92184.140494
% 202 94026.595700
% 203 93071.846431
% 204 91449.115195
% 205 93047.327708
% 206 94547.542544
% 207 97020.526592
% 208 96742.478181
% 209 95840.935615
% 210 93344.187099
> Finished 210 generations with 1990872 distance calculations. GA Runtime = 41.5008 sec
> Final distance: 89251.370928
> Final Route:
Truck 0 [len = 17]: 0 --> 56 --> 77 --> 6 --> 3 --> 63 --> 24 --> 55 --> 47 --> 34 --> 29 --> 59 --> 50 --> 36 --> 82 --> 58 --> 87
Truck 1 [len = 29]: 0 --> 80 --> 70 --> 11 --> 25 --> 8 --> 2 --> 39 --> 17 --> 43 --> 62 --> 41 --> 88 --> 69 --> 7 --> 45 --> 27 --> 4 --> 99 --> 18 --> 98 --> 75 --> 64 --> 5 --> 91 --> 14 --> 71 --> 12 --> 40
Truck 2 [len = 24]: 0 --> 42 --> 61 --> 53 --> 68 --> 66 --> 35 --> 79 --> 13 --> 38 --> 90 --> 76 --> 19 --> 54 --> 86 --> 9 --> 20 --> 32 --> 15 --> 94 --> 1 --> 85 --> 30 --> 60
Truck 3 [len = 21]: 0 --> 33 --> 65 --> 49 --> 81 --> 84 --> 95 --> 51 --> 37 --> 96 --> 48 --> 97 --> 16 --> 89 --> 28 --> 22 --> 83 --> 72 --> 67 --> 73 --> 31
Truck 4 [len = 13]: 0 --> 78 --> 93 --> 10 --> 74 --> 57 --> 21 --> 92 --> 44 --> 46 --> 52 --> 23 --> 26
> Generation - Distance curve saved to fig/mtsp100_baseline_30_5_1000_100_10_20211216_16_28_21/20211216_16_48_00.png.
