--> Running ID = 26
> Loading cities from instances/mtsp100.txt
	>> 100 cities in total to be loaded
> 100 cities loaded from instances/mtsp100.txt
> Initial distance: 144338.654850
> Starting running GA.
	>> cities = 100, salesmen = 5
	>> Generations = 1000, PopulationSize = 100, TournamentSize = 10
# Generation Distance
% 1 139994.799783
% 2 134477.474306
% 3 128413.814489
% 4 126463.623734
% 5 126248.553188
% 6 124552.344537
% 7 124320.066244
% 8 124384.254390
% 9 120883.746731
% 10 121775.939435
% 11 121182.644351
% 12 116722.793514
% 13 115936.605842
% 14 116122.122070
% 15 116054.371367
% 16 110724.440611
% 17 109755.071583
% 18 110131.109705
% 19 109497.039327
% 20 109501.180030
% 21 106389.352607
% 22 106129.425214
% 23 106034.828797
% 24 103457.710878
% 25 102533.612924
% 26 102848.820799
% 27 102629.018985
% 28 100125.109839
% 29 99799.602782
% 30 96449.289563
% 31 97026.552579
% 32 97414.585928
% 33 101908.932230
% 34 99966.749982
% 35 103479.171441
% 36 102337.942338
% 37 103236.609196
% 38 105195.856163
% 39 103807.321153
% 40 102597.429430
% 41 101785.838162
% 42 107550.626586
% 43 105026.907093
% 44 101977.122549
% 45 103295.230018
% 46 101156.740709
% 47 99337.116087
% 48 99277.562951
% 49 98618.934034
% 50 98559.310009
% 51 98226.690834
% 52 98103.331160
% 53 95190.167495
% 54 95366.750391
% 55 96647.469904
% 56 96703.285414
% 57 95928.658160
% 58 96941.309487
% 59 96703.098528
% 60 99196.627351
% 61 99459.917955
% 62 97967.777143
% 63 96983.818383
% 64 96254.510220
% 65 96444.497451
% 66 98577.680404
% 67 98751.076122
% 68 96656.644284
% 69 96835.139855
% 70 97777.295307
% 71 98521.547745
% 72 97800.497694
% 73 100469.696468
% 74 100853.131310
% 75 99913.463659
% 76 96165.227538
% 77 99924.431745
% 78 98563.840247
% 79 101327.058421
% 80 102857.958493
% 81 102771.507762
% 82 102740.167414
% 83 101916.090632
% 84 99485.038282
% 85 100283.712563
% 86 102077.008440
% 87 103315.609680
% 88 100948.459701
% 89 98279.160077
% 90 98410.299856
% 91 99691.385214
% 92 97915.709525
% 93 94323.022141
% 94 98859.979179
% 95 99921.508636
% 96 99762.327028
% 97 100685.860242
% 98 99318.143533
% 99 99527.888062
% 100 101427.614669
% 101 100608.386111
% 102 97778.721720
% 103 98196.061973
% 104 96315.240012
% 105 100844.258938
% 106 100910.288047
% 107 99402.674380
% 108 100151.137533
% 109 100521.719337
% 110 96543.895550
% 111 96438.048456
% 112 97867.625195
% 113 98479.447776
% 114 99283.613589
% 115 98191.678793
% 116 98285.174543
% 117 99968.130304
% 118 100663.842020
% 119 97714.934003
% 120 100078.373432
% 121 97053.434551
% 122 98721.790221
% 123 99001.917340
% 124 98635.658747
% 125 97571.115956
% 126 94713.110889
% 127 95134.252438
% 128 96560.322124
% 129 94149.605585
% 130 95861.795713
% 131 95028.004342
% 132 94845.924614
% 133 95227.840972
% 134 95600.273943
% 135 92706.002370
% 136 92354.210897
% 137 96097.867835
% 138 92969.888036
% 139 94043.545375
% 140 90906.943674
% 141 87917.773285
% 142 89965.609646
% 143 87949.900572
% 144 88365.044093
% 145 88884.227502
% 146 90827.572057
% 147 91668.149500
% 148 92193.816772
% 149 92148.810107
% 150 90997.026276
% 151 88278.230145
% 152 89858.846836
% 153 90264.932171
% 154 88314.982265
% 155 90417.153535
% 156 90417.447870
% 157 88461.996843
% 158 89974.213949
% 159 90450.714752
% 160 90022.875750
% 161 87987.030055
% 162 87882.878440
% 163 86635.595080
% 164 86692.118250
% 165 86491.382479
% 166 89475.880066
% 167 89811.125660
% 168 88559.414958
% 169 90668.313807
% 170 94660.907030
% 171 93496.263163
% 172 94214.373190
% 173 95597.408376
% 174 95741.772969
% 175 93055.252483
% 176 95894.987532
% 177 89858.621932
% 178 88184.848090
% 179 86959.223341
% 180 86158.657794
% 181 86688.946552
% 182 90023.162267
% 183 86308.622283
% 184 85813.440052
% 185 84378.370769
% 186 84383.900899
% 187 85402.179113
% 188 83176.864300
% 189 82828.983808
% 190 82565.640423
% 191 80783.528555
% 192 81433.456497
% 193 81310.446779
% 194 81365.952070
% 195 80579.692611
% 196 80288.442378
% 197 79407.882942
% 198 82232.812921
% 199 84403.112215
% 200 83731.485020
% 201 80356.702298
% 202 79637.902511
% 203 81157.484461
% 204 79131.565745
% 205 80028.033914
% 206 83227.024912
% 207 80941.351963
% 208 81630.525123
% 209 79858.095714
% 210 81210.590835
% 211 83401.338182
> Finished 211 generations with 1997216 distance calculations. GA Runtime = 41.9684 sec
> Final distance: 79131.565745
> Final Route:
Truck 0 [len = 22]: 0 --> 72 --> 87 --> 83 --> 40 --> 45 --> 58 --> 82 --> 15 --> 62 --> 7 --> 50 --> 6 --> 75 --> 71 --> 35 --> 74 --> 66 --> 37 --> 33 --> 68 --> 49
Truck 1 [len = 22]: 0 --> 12 --> 26 --> 97 --> 48 --> 89 --> 16 --> 73 --> 60 --> 39 --> 98 --> 95 --> 24 --> 2 --> 52 --> 36 --> 92 --> 77 --> 17 --> 53 --> 78 --> 88
Truck 2 [len = 19]: 0 --> 22 --> 56 --> 44 --> 13 --> 85 --> 5 --> 19 --> 79 --> 27 --> 46 --> 59 --> 42 --> 90 --> 63 --> 84 --> 32 --> 81 --> 14
Truck 3 [len = 14]: 0 --> 38 --> 23 --> 70 --> 3 --> 25 --> 54 --> 67 --> 9 --> 4 --> 28 --> 41 --> 69 --> 57
Truck 4 [len = 27]: 0 --> 80 --> 93 --> 96 --> 21 --> 65 --> 51 --> 31 --> 10 --> 30 --> 64 --> 8 --> 94 --> 20 --> 11 --> 55 --> 61 --> 1 --> 29 --> 91 --> 86 --> 99 --> 47 --> 18 --> 34 --> 76 --> 43
> Generation - Distance curve saved to fig/mtsp100_baseline_30_5_1000_100_10_20211216_16_28_21/20211216_16_47_15.png.
