--> Running ID = 28
> Loading cities from instances/mtsp100.txt
	>> 100 cities in total to be loaded
> 100 cities loaded from instances/mtsp100.txt
> Initial distance: 151598.563327
> Starting running GA.
	>> cities = 100, salesmen = 5
	>> Generations = 1000, PopulationSize = 100, TournamentSize = 10
# Generation Distance
% 1 151714.483061
% 2 148256.206413
% 3 142260.460425
% 4 142230.728938
% 5 141267.044213
% 6 141277.737266
% 7 136390.375842
% 8 133527.297378
% 9 130749.204693
% 10 128533.389769
% 11 124503.670252
% 12 122048.435863
% 13 121716.645901
% 14 122030.738372
% 15 117424.884963
% 16 114570.737804
% 17 115122.999282
% 18 113951.212738
% 19 113435.876826
% 20 114880.123014
% 21 110419.437903
% 22 110586.418087
% 23 110357.920907
% 24 110300.204777
% 25 108891.182340
% 26 108626.429767
% 27 108364.159765
% 28 107327.636630
% 29 103942.299785
% 30 103367.250751
% 31 105028.792288
% 32 104670.667609
% 33 103214.926427
% 34 101682.935656
% 35 102028.409366
% 36 103535.185386
% 37 100067.635250
% 38 100456.211379
% 39 100949.419971
% 40 104322.476200
% 41 99863.723695
% 42 100851.884364
% 43 103518.667401
% 44 99564.819756
% 45 100625.364609
% 46 100660.998220
% 47 98750.612187
% 48 100975.448733
% 49 100374.219363
% 50 100077.274823
% 51 101133.486256
% 52 100370.043685
% 53 102753.380306
% 54 101364.915695
% 55 101720.068947
% 56 101638.156447
% 57 100455.314114
% 58 99470.432409
% 59 101215.944090
% 60 99681.031841
% 61 98782.667121
% 62 97387.690460
% 63 100361.149644
% 64 100298.153199
% 65 97101.445657
% 66 94416.722251
% 67 96147.209026
% 68 90828.515190
% 69 94513.166397
% 70 96408.093103
% 71 95083.931492
% 72 95195.765770
% 73 94327.649799
% 74 95279.625230
% 75 96971.271076
% 76 96119.210395
% 77 96732.515845
% 78 95786.612576
% 79 95806.535569
% 80 97237.764347
% 81 94789.965700
% 82 96916.762386
% 83 95065.191168
% 84 94713.205439
% 85 94494.976120
% 86 95921.172016
% 87 96919.774471
% 88 96619.311393
% 89 96638.880729
% 90 98549.369158
% 91 97628.525837
% 92 96583.301002
% 93 98687.539507
% 94 97403.084067
% 95 97002.481536
% 96 98587.404667
% 97 90172.645001
% 98 91538.412272
% 99 90586.890963
% 100 92679.961379
% 101 91000.119365
% 102 90383.842239
% 103 90707.776322
% 104 89305.173419
% 105 91087.459062
% 106 90570.260395
% 107 92040.170268
% 108 88312.374193
% 109 90833.228802
% 110 92323.884175
% 111 91637.596894
% 112 91492.466056
% 113 89701.954721
% 114 89955.423793
% 115 91932.632558
% 116 92867.925272
% 117 94377.208550
% 118 91363.238528
% 119 93138.567447
% 120 94884.557598
% 121 94157.371924
% 122 93166.096343
% 123 94647.241535
% 124 95543.455112
% 125 97839.817213
% 126 98055.448386
% 127 96551.103994
% 128 98321.699299
% 129 98571.494082
% 130 95114.155240
% 131 97833.456006
% 132 97930.268754
% 133 95265.380044
% 134 98170.840279
% 135 95464.803266
% 136 96272.483825
% 137 97710.889267
% 138 93051.857957
% 139 95390.842388
% 140 93973.130519
% 141 94416.502678
% 142 92689.215704
% 143 92622.495261
% 144 91956.712596
% 145 94883.772325
% 146 91787.947236
% 147 90603.049962
% 148 93990.338767
% 149 90837.899783
% 150 93575.724568
% 151 91561.424798
% 152 93820.501550
% 153 94521.165671
% 154 93798.290130
% 155 93330.518402
% 156 93210.665335
% 157 93473.815610
% 158 91447.791797
% 159 90126.942827
% 160 90636.613533
% 161 89978.246470
% 162 90750.083983
% 163 91701.752014
% 164 93988.616959
% 165 92316.002733
% 166 92641.795769
% 167 91992.535764
% 168 93081.404270
% 169 93596.134884
% 170 94188.494741
% 171 93112.253534
% 172 94656.425194
% 173 95849.619443
% 174 95284.339673
% 175 95219.031483
% 176 98497.096484
% 177 94459.847835
% 178 93901.678209
% 179 93830.465191
% 180 94467.826866
% 181 92950.184204
% 182 91429.759214
% 183 90158.153745
% 184 90300.693331
% 185 92239.568233
% 186 92337.861674
% 187 91144.635470
% 188 90204.789573
% 189 91064.339001
% 190 90286.160186
% 191 92091.074476
% 192 93677.488931
% 193 94077.985812
% 194 95457.400290
% 195 98464.572426
% 196 97268.268646
% 197 98550.883874
% 198 98302.453379
% 199 99383.237905
% 200 97708.014203
% 201 98482.268762
% 202 99010.584589
% 203 96460.764360
% 204 95967.565604
% 205 95388.831277
% 206 96601.260553
% 207 99726.745737
% 208 97877.484609
% 209 98366.800628
% 210 98094.108903
% 211 96713.071374
> Finished 211 generations with 1997008 distance calculations. GA Runtime = 41.3940 sec
> Final distance: 88312.374193
> Final Route:
Truck 0 [len = 18]: 0 --> 82 --> 24 --> 4 --> 46 --> 55 --> 25 --> 17 --> 18 --> 3 --> 70 --> 62 --> 61 --> 92 --> 40 --> 16 --> 93 --> 65
Truck 1 [len = 34]: 0 --> 23 --> 49 --> 78 --> 87 --> 97 --> 10 --> 48 --> 90 --> 58 --> 54 --> 81 --> 36 --> 59 --> 86 --> 91 --> 53 --> 43 --> 39 --> 50 --> 1 --> 5 --> 19 --> 14 --> 88 --> 84 --> 8 --> 83 --> 33 --> 80 --> 26 --> 45 --> 44 --> 30
Truck 2 [len = 16]: 0 --> 89 --> 21 --> 41 --> 56 --> 85 --> 32 --> 63 --> 6 --> 7 --> 60 --> 51 --> 15 --> 68 --> 79 --> 38
Truck 3 [len = 19]: 0 --> 96 --> 73 --> 76 --> 9 --> 47 --> 29 --> 34 --> 99 --> 52 --> 71 --> 42 --> 57 --> 28 --> 69 --> 98 --> 66 --> 74 --> 35
Truck 4 [len = 17]: 0 --> 12 --> 72 --> 13 --> 64 --> 95 --> 20 --> 94 --> 27 --> 11 --> 2 --> 75 --> 22 --> 37 --> 77 --> 67 --> 31
> Generation - Distance curve saved to fig/mtsp100_baseline_30_5_1000_100_10_20211216_16_28_21/20211216_16_48_44.png.
