--> Running ID = 22
> Loading cities from instances/mtsp100.txt
	>> 100 cities in total to be loaded
> 100 cities loaded from instances/mtsp100.txt
> Initial distance: 157524.954735
> Starting running GA.
	>> cities = 100, salesmen = 5
	>> Generations = 1000, PopulationSize = 100, TournamentSize = 10
# Generation Distance
% 1 149648.103040
% 2 145934.962210
% 3 144809.716874
% 4 142600.154402
% 5 139217.767344
% 6 136787.250277
% 7 135488.452087
% 8 134426.557292
% 9 131925.141919
% 10 129213.797768
% 11 127992.744503
% 12 127962.738900
% 13 126592.652010
% 14 123708.120561
% 15 122972.728538
% 16 119763.846975
% 17 116315.446902
% 18 113269.705218
% 19 113890.745036
% 20 111306.232086
% 21 111967.448000
% 22 112204.693796
% 23 110772.396170
% 24 110253.381489
% 25 110862.335927
% 26 106332.041148
% 27 103421.877487
% 28 105057.129625
% 29 103706.361951
% 30 103017.001647
% 31 105549.038257
% 32 105777.860701
% 33 104079.714208
% 34 105395.860432
% 35 104615.023915
% 36 105110.532712
% 37 104215.604004
% 38 105515.327817
% 39 103603.826835
% 40 104669.341927
% 41 103232.219407
% 42 104973.765682
% 43 103824.385973
% 44 101285.511479
% 45 103764.642788
% 46 101942.051160
% 47 102101.993138
% 48 104312.358754
% 49 102958.412033
% 50 105425.421129
% 51 102435.130088
% 52 105092.714259
% 53 103530.474905
% 54 103230.634585
% 55 100758.672521
% 56 100707.771009
% 57 101852.444804
% 58 101290.407928
% 59 100884.297412
% 60 98447.853038
% 61 99142.135321
% 62 99049.735797
% 63 97836.484045
% 64 94449.789294
% 65 95581.095889
% 66 94218.720377
% 67 99202.848455
% 68 95096.964960
% 69 97237.402130
% 70 97566.452607
% 71 95846.134136
% 72 94969.755936
% 73 93583.388699
% 74 91768.006426
% 75 92932.394706
% 76 94596.342611
% 77 95123.728829
% 78 93257.568818
% 79 94048.526677
% 80 91180.398583
% 81 93592.046869
% 82 95904.835787
% 83 95164.912723
% 84 96935.994260
% 85 95953.802098
% 86 93672.081988
% 87 95844.148425
% 88 94842.878385
% 89 94400.085764
% 90 93916.092530
% 91 95694.555320
% 92 95557.780809
% 93 93764.740222
% 94 97059.314686
% 95 93506.703780
% 96 94927.296559
% 97 95093.688272
% 98 96533.167248
% 99 96473.578093
% 100 99327.710127
% 101 98429.745544
% 102 95136.298993
% 103 95671.702821
% 104 97220.111275
% 105 93982.990611
% 106 94036.303910
% 107 91028.390208
% 108 88095.275963
% 109 88849.168760
% 110 86635.665568
% 111 91677.022388
% 112 90317.362071
% 113 89399.674770
% 114 91267.460161
% 115 90299.677056
% 116 89261.199626
% 117 87202.746974
% 118 89184.639146
% 119 90737.487938
% 120 92319.208559
% 121 92345.287709
% 122 90934.022423
% 123 89380.155951
% 124 90582.171250
% 125 91696.025922
% 126 89975.670730
% 127 89029.346981
% 128 91515.939340
% 129 89700.596075
% 130 88730.981868
% 131 89037.229894
% 132 90745.769859
% 133 90696.841361
% 134 90867.603187
% 135 88868.041108
% 136 86985.632541
% 137 88345.967000
% 138 88925.134958
% 139 88583.736203
% 140 88515.088721
% 141 86528.297302
% 142 86486.723327
% 143 88291.255267
% 144 85032.163624
% 145 86192.771907
% 146 86557.736856
% 147 86560.326869
% 148 86371.393279
% 149 88103.919090
% 150 88750.080818
% 151 87228.188632
% 152 90834.867559
% 153 91378.293331
% 154 89834.405316
% 155 88418.962199
% 156 90415.800608
% 157 92401.050852
% 158 90634.584329
% 159 92111.150258
% 160 94959.292416
% 161 91408.023270
% 162 92193.901234
% 163 91779.171795
% 164 92322.391113
% 165 91877.680041
% 166 90343.944429
% 167 88253.617367
% 168 88436.934230
% 169 91807.381301
% 170 92541.878540
% 171 92739.326304
% 172 92372.821190
% 173 91343.428633
% 174 91503.490531
% 175 87910.423156
% 176 89133.653675
% 177 89009.761816
% 178 89187.545675
% 179 88017.013593
% 180 88456.639774
% 181 87348.427820
% 182 84770.093257
% 183 84581.789176
% 184 86730.180561
% 185 86327.346360
% 186 83835.856554
% 187 87620.791411
% 188 85935.083539
% 189 85511.124833
% 190 85085.057289
% 191 86012.022362
% 192 86237.036379
% 193 84222.655306
% 194 82479.621756
% 195 83370.592160
% 196 84605.211537
% 197 82972.704542
% 198 86110.914133
% 199 85911.524628
% 200 88164.803655
% 201 87664.021155
% 202 84670.248556
% 203 86522.650097
% 204 84798.848188
% 205 88685.725078
% 206 89506.228598
% 207 88354.793320
% 208 88393.426016
% 209 89524.526198
% 210 91423.841236
% 211 91469.997193
> Finished 211 generations with 1998048 distance calculations. GA Runtime = 41.9881 sec
> Final distance: 82479.621756
> Final Route:
Truck 0 [len = 19]: 0 --> 7 --> 28 --> 6 --> 15 --> 70 --> 9 --> 8 --> 81 --> 55 --> 47 --> 39 --> 61 --> 4 --> 91 --> 66 --> 73 --> 51 --> 33
Truck 1 [len = 20]: 0 --> 83 --> 77 --> 64 --> 85 --> 20 --> 25 --> 94 --> 27 --> 11 --> 68 --> 44 --> 30 --> 22 --> 69 --> 16 --> 97 --> 10 --> 96 --> 80
Truck 2 [len = 15]: 0 --> 48 --> 92 --> 40 --> 78 --> 88 --> 65 --> 93 --> 31 --> 26 --> 43 --> 72 --> 12 --> 49 --> 23
Truck 3 [len = 19]: 0 --> 32 --> 38 --> 63 --> 42 --> 54 --> 50 --> 29 --> 67 --> 98 --> 45 --> 41 --> 57 --> 35 --> 74 --> 13 --> 90 --> 14 --> 79
Truck 4 [len = 31]: 0 --> 37 --> 76 --> 75 --> 5 --> 95 --> 82 --> 86 --> 62 --> 56 --> 46 --> 17 --> 58 --> 84 --> 19 --> 24 --> 53 --> 21 --> 89 --> 60 --> 71 --> 18 --> 34 --> 99 --> 1 --> 36 --> 3 --> 59 --> 52 --> 2 --> 87
> Generation - Distance curve saved to fig/mtsp100_baseline_30_5_1000_100_10_20211216_16_28_21/20211216_16_44_16.png.
