--> Running ID = 4
> Loading cities from instances/mtsp100.txt
	>> 100 cities in total to be loaded
> 100 cities loaded from instances/mtsp100.txt
> Initial distance: 153194.101279
> Starting running GA.
	>> cities = 100, salesmen = 5
	>> Generations = 1000, PopulationSize = 100, TournamentSize = 10
# Generation Distance
% 1 148426.042709
% 2 148796.860721
% 3 143266.336294
% 4 141330.485690
% 5 136578.205758
% 6 137580.782268
% 7 133803.354918
% 8 135603.444724
% 9 130935.274936
% 10 124051.963797
% 11 119588.803682
% 12 120165.635080
% 13 119073.581703
% 14 116074.626402
% 15 117272.252944
% 16 115898.179962
% 17 115187.614052
% 18 116173.074228
% 19 112914.613816
% 20 114388.392443
% 21 112494.034468
% 22 109455.250142
% 23 110716.130341
% 24 110567.790231
% 25 112027.323686
% 26 109256.393896
% 27 110719.162567
% 28 107999.959607
% 29 107136.925277
% 30 109914.584415
% 31 108430.929651
% 32 106690.217967
% 33 107119.944343
% 34 106560.327708
% 35 103709.812054
% 36 102421.894416
% 37 102032.728207
% 38 103171.948010
% 39 104271.639821
% 40 103565.632366
% 41 100346.068635
% 42 101528.277685
% 43 101460.440815
% 44 98998.293665
% 45 96330.435205
% 46 98456.003612
% 47 98755.919472
% 48 100539.670250
% 49 99790.403223
% 50 97290.814171
% 51 95396.990162
% 52 98281.396191
% 53 94527.784687
% 54 96260.286431
% 55 97114.745911
% 56 96395.701580
% 57 96353.010215
% 58 96081.631025
% 59 96357.465058
% 60 94124.354735
% 61 95930.397527
% 62 97748.373291
% 63 96535.994215
% 64 95637.427428
% 65 95004.054828
% 66 93521.190551
% 67 93652.095929
% 68 96575.308578
% 69 91755.501717
% 70 93191.202455
% 71 92036.387399
% 72 92119.496347
% 73 90638.199250
% 74 91291.119382
% 75 88115.371517
% 76 89260.925165
% 77 89024.942744
% 78 90919.548988
% 79 88962.115524
% 80 91145.229866
% 81 87875.359826
% 82 87380.279226
% 83 86277.762335
% 84 90643.103891
% 85 87308.404058
% 86 86892.226765
% 87 88227.178844
% 88 84809.753756
% 89 80549.832087
% 90 82235.715796
% 91 85167.139359
% 92 85394.555867
% 93 84353.641054
% 94 85525.809263
% 95 85460.974137
% 96 87677.209400
% 97 89361.079275
% 98 87539.666617
% 99 89296.808943
% 100 85559.150897
% 101 86296.624775
% 102 86703.037062
% 103 84767.817868
% 104 83759.082384
% 105 82152.941861
% 106 85599.378153
% 107 84389.759922
% 108 85979.476778
% 109 85829.253986
% 110 88054.379199
% 111 84194.100437
% 112 84195.271269
% 113 84488.976344
% 114 84821.346500
% 115 84556.963465
% 116 85357.127205
% 117 84402.187887
% 118 85068.779235
% 119 86082.818794
% 120 89436.895874
% 121 88070.182469
% 122 89746.553063
% 123 87913.227029
% 124 89983.184429
% 125 88262.752431
% 126 88618.674730
% 127 88175.457332
% 128 89812.444236
% 129 86985.229591
% 130 90808.521459
% 131 87838.497029
% 132 87118.685244
% 133 87537.821438
% 134 87110.742091
% 135 88656.558980
% 136 89431.963975
% 137 89023.899789
% 138 90060.518149
% 139 90447.330772
% 140 89169.689865
% 141 87973.042033
% 142 87200.507053
% 143 87518.414187
% 144 88858.403115
% 145 87774.054807
% 146 87885.404362
% 147 88980.022128
% 148 88993.411230
% 149 89775.704533
% 150 90807.190598
% 151 92254.210962
% 152 91472.112430
% 153 91951.588338
% 154 93918.065190
% 155 95399.138931
% 156 92697.990783
% 157 94765.124753
% 158 92303.077942
% 159 95525.297714
% 160 96177.657525
% 161 96371.387679
% 162 96196.751557
% 163 93082.812216
% 164 93365.958711
% 165 93847.830839
% 166 93247.961933
% 167 91870.829100
% 168 91614.894784
% 169 90365.094655
% 170 89532.790705
% 171 88697.583886
% 172 88891.475120
% 173 88767.977234
% 174 88423.261017
% 175 90798.554797
% 176 88840.446319
% 177 85825.655363
% 178 87826.506524
% 179 85981.315394
% 180 87094.687079
% 181 90526.000982
% 182 89802.814478
% 183 90346.730823
% 184 91645.121791
% 185 90493.545481
% 186 90183.623770
% 187 88490.454084
% 188 89903.962603
% 189 91420.013521
% 190 92194.431042
% 191 93438.533530
% 192 92495.247008
% 193 92676.225596
% 194 94258.083893
% 195 96170.122032
% 196 96668.088138
% 197 94909.364164
% 198 97977.478458
% 199 97738.296856
% 200 96077.272792
% 201 94375.795706
% 202 93240.682014
% 203 92454.297252
% 204 90636.202742
% 205 94006.350939
% 206 91164.507331
% 207 93006.697966
% 208 92911.179099
% 209 91261.527429
% 210 91288.233936
% 211 92137.350705
> Finished 211 generations with 1996072 distance calculations. GA Runtime = 39.4867 sec
> Final distance: 80549.832087
> Final Route:
Truck 0 [len = 18]: 0 --> 5 --> 90 --> 17 --> 39 --> 76 --> 63 --> 84 --> 25 --> 41 --> 57 --> 78 --> 67 --> 40 --> 23 --> 26 --> 45 --> 31
Truck 1 [len = 20]: 0 --> 49 --> 93 --> 10 --> 65 --> 74 --> 66 --> 6 --> 35 --> 79 --> 32 --> 44 --> 56 --> 22 --> 33 --> 16 --> 27 --> 36 --> 2 --> 59
Truck 2 [len = 25]: 0 --> 87 --> 12 --> 42 --> 99 --> 19 --> 30 --> 60 --> 72 --> 95 --> 77 --> 68 --> 64 --> 85 --> 83 --> 51 --> 15 --> 98 --> 75 --> 13 --> 43 --> 1 --> 34 --> 14 --> 80
Truck 3 [len = 21]: 0 --> 38 --> 62 --> 70 --> 3 --> 61 --> 11 --> 46 --> 55 --> 92 --> 58 --> 81 --> 71 --> 28 --> 69 --> 7 --> 48 --> 97 --> 96 --> 89 --> 88
Truck 4 [len = 20]: 0 --> 37 --> 21 --> 53 --> 52 --> 91 --> 18 --> 29 --> 50 --> 47 --> 9 --> 54 --> 4 --> 82 --> 24 --> 8 --> 86 --> 94 --> 20 --> 73
> Generation - Distance curve saved to fig/mtsp100_baseline_30_5_1000_100_10_20211216_16_28_21/20211216_16_30_36.png.
