--> Running ID = 18
> Loading cities from instances/mtsp100.txt
	>> 100 cities in total to be loaded
> 100 cities loaded from instances/mtsp100.txt
> Initial distance: 150954.998868
> Starting running GA.
	>> cities = 100, salesmen = 5
	>> Generations = 1000, PopulationSize = 100, TournamentSize = 10
# Generation Distance
% 1 145247.194839
% 2 142020.776461
% 3 139089.847820
% 4 134834.324832
% 5 133276.848853
% 6 129493.593144
% 7 127879.970330
% 8 127608.931846
% 9 125552.317175
% 10 122414.704683
% 11 120432.674306
% 12 117781.050516
% 13 114701.018907
% 14 114312.474392
% 15 113052.291320
% 16 114103.341475
% 17 111976.409551
% 18 109772.581351
% 19 111631.184257
% 20 111682.096514
% 21 107422.301490
% 22 111052.737461
% 23 108859.357835
% 24 104121.894145
% 25 106028.863732
% 26 105863.773698
% 27 103563.953277
% 28 101191.329584
% 29 101454.243073
% 30 104228.627476
% 31 100480.963236
% 32 101123.932185
% 33 102238.692744
% 34 104819.824642
% 35 101563.893399
% 36 102002.359935
% 37 98834.449022
% 38 101837.450018
% 39 101756.875744
% 40 100018.015352
% 41 98472.483020
% 42 97860.283509
% 43 98869.881432
% 44 98654.279550
% 45 96801.254375
% 46 96271.460344
% 47 94956.696929
% 48 95100.938191
% 49 97051.179204
% 50 94403.738047
% 51 93234.216773
% 52 93525.632651
% 53 93299.083091
% 54 94735.865654
% 55 93109.033207
% 56 93590.500521
% 57 96228.132800
% 58 96058.533109
% 59 96676.374048
% 60 96599.732663
% 61 95570.438867
% 62 98369.259733
% 63 98042.284045
% 64 99003.237016
% 65 96710.830594
% 66 94902.966598
% 67 95373.527134
% 68 94077.750689
% 69 90664.132438
% 70 92135.228425
% 71 91910.422525
% 72 91801.091021
% 73 93106.889914
% 74 93674.117171
% 75 91766.248879
% 76 90906.698152
% 77 91552.925423
% 78 89920.947866
% 79 91786.588440
% 80 91028.805001
% 81 90648.299766
% 82 91076.343628
% 83 90717.910134
% 84 88382.106726
% 85 88400.475144
% 86 91073.903203
% 87 90448.093473
% 88 89039.411772
% 89 89122.690164
% 90 90677.608449
% 91 91579.178372
% 92 92671.071635
% 93 94910.846723
% 94 94619.655503
% 95 93959.961434
% 96 95295.986052
% 97 97521.639792
% 98 96656.647281
% 99 97670.083156
% 100 96107.848656
% 101 94779.738140
% 102 93086.233254
% 103 94709.392235
% 104 96007.240069
% 105 96365.549943
% 106 92130.645416
% 107 92091.803045
% 108 92265.160529
% 109 92253.425008
% 110 91782.299876
% 111 91576.263665
% 112 92353.967966
% 113 89481.269598
% 114 90521.899625
% 115 91489.086884
% 116 88110.582457
% 117 90126.838788
% 118 90102.682182
% 119 87753.906200
% 120 87230.137618
% 121 87463.775555
% 122 87884.657472
% 123 86645.805457
% 124 86841.079857
% 125 86489.139284
% 126 87395.238434
% 127 85610.696306
% 128 87707.894401
% 129 87131.467846
% 130 90477.759084
% 131 87492.817684
% 132 87655.135436
% 133 88642.100696
% 134 89013.941087
% 135 88799.703527
% 136 88748.198393
% 137 92110.104292
% 138 90709.351288
% 139 91554.975360
% 140 95524.614876
% 141 94548.981037
% 142 92930.331213
% 143 92406.732879
% 144 92032.120597
% 145 90275.900587
% 146 90114.267786
% 147 92641.985169
% 148 93371.042682
% 149 91017.307507
% 150 91930.051518
% 151 90707.156238
% 152 91418.032081
% 153 89904.586468
% 154 90253.522585
% 155 87829.392125
% 156 88556.089690
% 157 86962.313168
% 158 90094.419041
% 159 88884.964293
% 160 91094.465538
% 161 89413.673454
% 162 90291.425957
% 163 93716.042311
% 164 92396.358427
% 165 94105.970629
% 166 91955.336979
% 167 92987.491519
% 168 94605.352145
% 169 93111.957708
% 170 90307.666294
% 171 90410.163876
% 172 91210.832597
% 173 87708.685430
% 174 87555.817505
% 175 89557.830711
% 176 91446.439283
% 177 91896.437965
% 178 92325.948469
% 179 92632.805693
% 180 93491.382009
% 181 95229.073567
% 182 95723.661144
% 183 94555.202008
% 184 93616.503414
% 185 93844.897533
% 186 95532.142119
% 187 93571.492612
% 188 96607.639492
% 189 96249.173983
% 190 93407.100831
% 191 93238.017152
% 192 93547.117894
% 193 91846.336530
% 194 91106.351086
% 195 90707.871569
% 196 92627.044507
% 197 91805.576893
% 198 91339.701430
% 199 91137.090440
% 200 90554.954675
% 201 89981.330079
% 202 90631.112462
% 203 91270.680195
% 204 91841.840355
% 205 88678.947652
% 206 90973.464741
% 207 91397.237124
% 208 92734.309855
% 209 91960.897175
% 210 91688.392647
% 211 94785.594417
> Finished 211 generations with 1997216 distance calculations. GA Runtime = 42.0742 sec
> Final distance: 85610.696306
> Final Route:
Truck 0 [len = 27]: 0 --> 71 --> 11 --> 25 --> 54 --> 91 --> 18 --> 61 --> 1 --> 47 --> 99 --> 29 --> 50 --> 4 --> 84 --> 44 --> 13 --> 98 --> 56 --> 35 --> 66 --> 69 --> 57 --> 41 --> 48 --> 16 --> 31
Truck 1 [len = 14]: 0 --> 45 --> 37 --> 21 --> 26 --> 78 --> 23 --> 51 --> 19 --> 92 --> 43 --> 73 --> 10 --> 22
Truck 2 [len = 14]: 0 --> 83 --> 74 --> 15 --> 95 --> 34 --> 94 --> 24 --> 27 --> 64 --> 60 --> 28 --> 3 --> 82
Truck 3 [len = 29]: 0 --> 72 --> 68 --> 85 --> 52 --> 39 --> 58 --> 32 --> 42 --> 14 --> 67 --> 86 --> 2 --> 75 --> 79 --> 59 --> 70 --> 36 --> 20 --> 55 --> 5 --> 9 --> 8 --> 17 --> 93 --> 97 --> 12 --> 87 --> 40
Truck 4 [len = 20]: 0 --> 80 --> 49 --> 89 --> 96 --> 88 --> 33 --> 7 --> 62 --> 63 --> 81 --> 38 --> 65 --> 76 --> 90 --> 53 --> 46 --> 77 --> 6 --> 30
> Generation - Distance curve saved to fig/mtsp100_baseline_30_5_1000_100_10_20211216_16_28_21/20211216_16_41_16.png.
