--> Running ID = 4
> Loading cities from instances/pr226.txt
	>> 226 cities in total to be loaded
> 226 cities loaded from instances/pr226.txt
> Initial distance: 1592430.775550
> Starting running GA.
	>> cities = 226, salesmen = 5
	>> Generations = 1000, PopulationSize = 100, TournamentSize = 10
# Generation Distance
% 1 1563881.802543
% 2 1549893.834153
% 3 1544696.785898
% 4 1547869.077897
% 5 1544517.885395
% 6 1542177.517598
% 7 1500695.704175
% 8 1486839.238178
% 9 1483928.121350
% 10 1461719.000345
% 11 1430826.152383
% 12 1439570.811636
% 13 1431546.081663
% 14 1430069.013112
% 15 1421250.484910
% 16 1410397.229641
% 17 1401940.379295
% 18 1392029.654338
% 19 1382334.864529
% 20 1369694.909148
% 21 1352812.171476
% 22 1344848.812019
% 23 1344123.596352
% 24 1343900.186352
% 25 1330831.752128
% 26 1321763.792097
% 27 1317234.153678
% 28 1286674.874141
% 29 1272299.062027
% 30 1269436.994494
% 31 1249340.612677
% 32 1225273.945320
% 33 1225691.890575
% 34 1208683.216077
% 35 1210219.915984
% 36 1206368.439137
% 37 1182803.106345
% 38 1185052.444413
% 39 1179830.025664
% 40 1175720.005970
% 41 1172932.547524
% 42 1176796.295914
% 43 1173593.586146
% 44 1166201.126088
% 45 1164807.031333
% 46 1147403.047781
% 47 1146926.472905
% 48 1140324.753729
% 49 1136952.474928
% 50 1129306.130476
% 51 1137489.251404
% 52 1111235.765357
% 53 1117494.662836
% 54 1117754.409415
% 55 1108349.480289
% 56 1091420.027657
% 57 1093767.823331
% 58 1087286.547801
% 59 1087545.592849
% 60 1092423.478862
% 61 1084121.026428
% 62 1071265.042493
% 63 1086538.731229
% 64 1084268.524876
% 65 1065057.118291
% 66 1080569.342929
% 67 1077135.972901
% 68 1082802.067113
% 69 1071393.611490
% 70 1074133.197266
% 71 1075963.301023
% 72 1075320.100626
% 73 1079327.060869
% 74 1062355.317908
% 75 1070036.295691
% 76 1071318.950765
% 77 1078582.971804
% 78 1052313.120059
% 79 1067889.659820
% 80 1064570.152002
% 81 1065000.880029
% 82 1078321.958364
% 83 1083689.834793
% 84 1065878.169137
% 85 1074988.542199
% 86 1079538.370063
% 87 1073616.944320
% 88 1073853.498907
% 89 1057912.213094
% 90 1067493.084669
% 91 1052227.768143
% 92 1057725.384251
% 93 1057771.419774
% 94 1062318.437325
% 95 1048244.624475
% 96 1039878.019767
% 97 1048715.499905
% 98 1046712.743601
% 99 1051650.542798
% 100 1050461.153545
% 101 1033384.838354
% 102 1022829.826923
% 103 1012398.957397
% 104 1017795.386255
% 105 1002749.830045
% 106 1019250.457703
% 107 1036948.087312
% 108 1018660.279702
% 109 1016554.153904
% 110 1005602.001889
% 111 1003926.915595
% 112 1000239.041170
% 113 1005708.689112
% 114 998998.805122
% 115 1000033.087581
% 116 995431.079347
% 117 995877.307005
% 118 1000907.059828
% 119 1003501.027827
% 120 998004.569738
% 121 1005395.245777
% 122 1005858.195788
% 123 1011686.687827
% 124 1003159.609499
% 125 974417.535633
% 126 993766.630444
% 127 1003431.381535
% 128 1008085.638422
% 129 1001446.287689
% 130 998945.305382
% 131 1004654.989346
% 132 1012617.736102
% 133 1000211.127217
% 134 1013624.560406
% 135 995282.868975
% 136 983023.102542
% 137 978229.700800
% 138 965902.803330
% 139 982891.968352
% 140 979518.682275
% 141 964082.180435
% 142 964720.224933
% 143 969945.138128
% 144 965550.658975
% 145 967357.325685
% 146 950981.263776
% 147 963353.697089
% 148 962789.997091
% 149 954907.623228
% 150 944048.379447
% 151 956590.804565
% 152 938745.742641
% 153 948483.563070
% 154 932576.845433
% 155 930781.699565
% 156 949693.261292
% 157 932922.562875
% 158 942774.379256
% 159 946202.280078
% 160 938654.745765
% 161 962191.248468
% 162 955681.629858
% 163 937569.297314
% 164 944441.998983
% 165 931547.619179
% 166 928068.113539
% 167 937158.421089
% 168 923331.228559
% 169 947134.273177
% 170 933708.373065
% 171 934696.940539
% 172 959577.589201
% 173 938481.985205
% 174 972584.893109
% 175 952414.962225
% 176 942884.460264
% 177 933015.707763
% 178 938549.053263
% 179 937818.616743
% 180 926947.260679
% 181 933050.937073
% 182 941518.989636
% 183 932402.224142
% 184 943630.418615
% 185 942859.754417
% 186 946936.539408
% 187 951654.568414
% 188 942437.399206
% 189 950774.796347
% 190 939968.904539
% 191 947296.029005
% 192 951243.971480
% 193 946025.960688
% 194 941701.620651
% 195 933819.407969
% 196 938113.786715
% 197 944097.705072
% 198 951279.023788
% 199 949044.923170
% 200 954466.874927
% 201 961356.858874
% 202 958813.949553
% 203 961217.641469
% 204 953924.780115
% 205 966027.366840
% 206 972347.646013
% 207 976642.899846
% 208 976685.870980
% 209 990594.236851
% 210 982587.109965
% 211 995766.590731
% 212 983402.495520
% 213 982767.203586
% 214 990063.611411
% 215 984629.776712
% 216 973709.078140
> Finished 216 generations with 4518350 distance calculations. GA Runtime = 156.3949 sec
> Final distance: 923331.228559
> Final Route:
Truck 0 [len = 33]: 0 --> 199 --> 196 --> 132 --> 58 --> 63 --> 142 --> 187 --> 164 --> 179 --> 175 --> 131 --> 134 --> 188 --> 186 --> 157 --> 171 --> 89 --> 100 --> 192 --> 117 --> 105 --> 197 --> 223 --> 217 --> 219 --> 108 --> 209 --> 210 --> 201 --> 11 --> 73 --> 83
Truck 1 [len = 62]: 0 --> 9 --> 102 --> 207 --> 65 --> 119 --> 127 --> 113 --> 114 --> 82 --> 81 --> 152 --> 86 --> 183 --> 95 --> 33 --> 37 --> 26 --> 24 --> 31 --> 23 --> 10 --> 85 --> 76 --> 103 --> 15 --> 1 --> 43 --> 57 --> 35 --> 20 --> 21 --> 41 --> 44 --> 36 --> 45 --> 25 --> 52 --> 97 --> 51 --> 140 --> 88 --> 40 --> 34 --> 48 --> 4 --> 39 --> 139 --> 147 --> 215 --> 178 --> 156 --> 151 --> 182 --> 185 --> 177 --> 166 --> 153 --> 172 --> 174 --> 136 --> 53
Truck 2 [len = 45]: 0 --> 72 --> 79 --> 7 --> 16 --> 12 --> 22 --> 71 --> 78 --> 67 --> 13 --> 3 --> 66 --> 18 --> 64 --> 107 --> 77 --> 106 --> 181 --> 144 --> 148 --> 109 --> 112 --> 123 --> 125 --> 122 --> 146 --> 213 --> 133 --> 59 --> 170 --> 173 --> 167 --> 91 --> 169 --> 98 --> 184 --> 160 --> 162 --> 150 --> 93 --> 90 --> 54 --> 47 --> 27
Truck 3 [len = 45]: 0 --> 14 --> 2 --> 68 --> 124 --> 224 --> 158 --> 118 --> 222 --> 126 --> 212 --> 193 --> 80 --> 216 --> 99 --> 137 --> 205 --> 94 --> 50 --> 138 --> 69 --> 5 --> 74 --> 168 --> 154 --> 149 --> 143 --> 55 --> 28 --> 29 --> 204 --> 121 --> 211 --> 225 --> 128 --> 84 --> 87 --> 189 --> 180 --> 165 --> 159 --> 190 --> 135 --> 96 --> 145
Truck 4 [len = 45]: 0 --> 70 --> 191 --> 30 --> 49 --> 200 --> 141 --> 176 --> 161 --> 92 --> 42 --> 116 --> 218 --> 221 --> 203 --> 19 --> 8 --> 6 --> 75 --> 17 --> 61 --> 60 --> 46 --> 56 --> 32 --> 101 --> 163 --> 155 --> 195 --> 202 --> 206 --> 198 --> 130 --> 62 --> 38 --> 214 --> 208 --> 104 --> 129 --> 115 --> 110 --> 194 --> 220 --> 111 --> 120
> Generation - Distance curve saved to fig/pr226_baseline_30_5_1000_100_10_20211216_19_57_48/20211216_20_05_56.png.
