--> Running ID = 5
> Loading cities from instances/pr226.txt
	>> 226 cities in total to be loaded
> 226 cities loaded from instances/pr226.txt
> Initial distance: 1619733.043898
> Starting running GA.
	>> cities = 226, salesmen = 5
	>> Generations = 1000, PopulationSize = 100, TournamentSize = 10
# Generation Distance
% 1 1577518.265252
% 2 1556139.889936
% 3 1535442.779992
% 4 1515361.811561
% 5 1507625.290392
% 6 1513796.701847
% 7 1494042.284963
% 8 1484647.500964
% 9 1457523.033211
% 10 1463473.976081
% 11 1442732.264331
% 12 1436184.523633
% 13 1436352.292804
% 14 1431481.631208
% 15 1419523.661532
% 16 1408905.594662
% 17 1422897.140478
% 18 1413055.677901
% 19 1404626.620368
% 20 1371892.390515
% 21 1369895.075951
% 22 1374863.244502
% 23 1358541.400808
% 24 1359436.422934
% 25 1359416.987382
% 26 1334059.442629
% 27 1328038.462347
% 28 1297299.430887
% 29 1314347.495854
% 30 1299777.330904
% 31 1296302.765521
% 32 1291213.384999
% 33 1291344.450098
% 34 1281420.905589
% 35 1295812.061337
% 36 1283014.918013
% 37 1275342.202854
% 38 1274821.791275
% 39 1267008.035891
% 40 1260250.140270
% 41 1247365.194056
% 42 1248139.350798
% 43 1225653.530047
% 44 1228147.277172
% 45 1222354.732510
% 46 1206261.590619
% 47 1211245.033116
% 48 1201163.868732
% 49 1208520.850304
% 50 1177423.128201
% 51 1174479.034840
% 52 1173820.731091
% 53 1173272.955443
% 54 1174745.146868
% 55 1166741.445602
% 56 1162408.307901
% 57 1150518.503589
% 58 1139888.915767
% 59 1134000.586515
% 60 1150041.790416
% 61 1142795.209816
% 62 1146123.573343
% 63 1129925.963445
% 64 1122366.811234
% 65 1131539.439246
% 66 1114715.173639
% 67 1109215.078856
% 68 1120487.973400
% 69 1111488.847247
% 70 1105012.578116
% 71 1078993.710688
% 72 1092957.191124
% 73 1102811.020117
% 74 1096354.157314
% 75 1092432.748632
% 76 1092546.489328
% 77 1081731.027439
% 78 1067631.764926
% 79 1054590.986238
% 80 1066877.179332
% 81 1052551.720882
% 82 1053733.028938
% 83 1050596.906818
% 84 1053903.772416
% 85 1048514.375517
% 86 1025626.155860
% 87 1026820.480974
% 88 1040496.932134
% 89 1024167.263909
% 90 1035010.803717
% 91 1031647.639937
% 92 1033804.423782
% 93 1011300.483641
% 94 984427.598270
% 95 1000250.626458
% 96 997122.814052
% 97 998066.736244
% 98 1001263.318186
% 99 997767.680461
% 100 998513.386174
% 101 995390.341537
% 102 983968.731662
% 103 988176.554560
% 104 995335.664301
% 105 992836.993549
% 106 982580.637618
% 107 983252.622162
% 108 978482.522118
% 109 981341.770866
% 110 980044.067615
% 111 980501.548629
% 112 991237.627006
% 113 990875.587938
% 114 1003604.917595
% 115 1000619.952434
% 116 1009477.554192
% 117 1000134.118360
% 118 997922.465208
% 119 1004782.627747
% 120 992171.257485
% 121 996108.495534
% 122 979146.629345
% 123 964579.707841
% 124 972879.273998
% 125 971345.032966
% 126 968136.900892
% 127 969565.436611
% 128 978895.713054
% 129 982390.675397
% 130 975093.773671
% 131 960695.458465
% 132 974537.244643
% 133 964291.120961
% 134 962854.070858
% 135 956260.884810
% 136 961265.151584
% 137 943174.946301
% 138 928827.778905
% 139 937371.562517
% 140 953152.451136
% 141 950956.610794
% 142 956851.548782
% 143 944903.051908
% 144 943184.779409
% 145 943959.155667
% 146 946552.894227
% 147 944918.651037
% 148 933088.043901
% 149 943149.622964
% 150 940968.114293
% 151 953033.670362
% 152 951356.513593
% 153 957401.122474
% 154 943489.097994
% 155 943942.413647
% 156 939233.867829
% 157 948678.304061
% 158 948822.134745
% 159 950828.459562
% 160 937927.287192
% 161 947979.552356
% 162 938951.537470
% 163 949762.695441
% 164 942588.375976
% 165 938151.767771
% 166 940926.843198
% 167 938183.358910
% 168 934627.899973
% 169 924186.957412
% 170 927663.471401
% 171 951451.343995
% 172 934540.771518
% 173 939481.501029
% 174 917671.342127
% 175 924997.728699
% 176 929538.255925
% 177 945810.545779
% 178 929184.321095
% 179 920877.886167
% 180 950830.457309
% 181 942392.539942
% 182 952713.869975
% 183 933015.642584
% 184 929497.399780
% 185 940778.421926
% 186 922231.023695
% 187 927133.681988
% 188 927074.761859
% 189 912356.517441
% 190 926314.904562
% 191 933583.863785
% 192 930761.129659
% 193 916180.216578
% 194 893317.630407
% 195 906999.800763
% 196 887625.295335
% 197 897882.074390
% 198 906311.963473
% 199 905023.379733
% 200 903879.744818
% 201 897321.171163
% 202 893859.739756
% 203 902977.376211
% 204 900086.543058
% 205 905211.037171
% 206 903261.969219
% 207 920262.524407
% 208 917805.502360
% 209 923146.380585
% 210 912479.672932
% 211 928602.150659
% 212 920526.795038
% 213 930070.049980
% 214 942380.297246
% 215 915654.935340
> Finished 215 generations with 4499490 distance calculations. GA Runtime = 154.7473 sec
> Final distance: 887625.295335
> Final Route:
Truck 0 [len = 42]: 0 --> 23 --> 51 --> 152 --> 98 --> 93 --> 86 --> 99 --> 90 --> 95 --> 179 --> 165 --> 172 --> 153 --> 40 --> 117 --> 192 --> 97 --> 184 --> 163 --> 167 --> 154 --> 161 --> 57 --> 50 --> 55 --> 27 --> 32 --> 30 --> 37 --> 41 --> 25 --> 53 --> 127 --> 39 --> 100 --> 178 --> 176 --> 194 --> 141 --> 218 --> 108
Truck 1 [len = 68]: 0 --> 209 --> 193 --> 132 --> 169 --> 121 --> 135 --> 115 --> 217 --> 214 --> 118 --> 68 --> 89 --> 20 --> 113 --> 116 --> 105 --> 22 --> 4 --> 9 --> 11 --> 7 --> 81 --> 75 --> 85 --> 70 --> 76 --> 133 --> 168 --> 158 --> 160 --> 174 --> 29 --> 46 --> 33 --> 143 --> 144 --> 186 --> 149 --> 145 --> 151 --> 139 --> 159 --> 155 --> 140 --> 136 --> 188 --> 187 --> 177 --> 164 --> 166 --> 157 --> 156 --> 147 --> 173 --> 142 --> 111 --> 208 --> 130 --> 124 --> 212 --> 78 --> 1 --> 206 --> 126 --> 120 --> 134 --> 77
Truck 2 [len = 35]: 0 --> 49 --> 48 --> 181 --> 171 --> 64 --> 16 --> 223 --> 222 --> 162 --> 52 --> 150 --> 205 --> 175 --> 191 --> 225 --> 84 --> 12 --> 80 --> 83 --> 73 --> 5 --> 43 --> 61 --> 36 --> 59 --> 106 --> 65 --> 69 --> 15 --> 45 --> 56 --> 102 --> 211 --> 131
Truck 3 [len = 46]: 0 --> 114 --> 13 --> 2 --> 3 --> 14 --> 6 --> 67 --> 123 --> 210 --> 219 --> 202 --> 190 --> 197 --> 148 --> 182 --> 204 --> 122 --> 107 --> 129 --> 189 --> 183 --> 185 --> 137 --> 42 --> 92 --> 47 --> 54 --> 26 --> 128 --> 146 --> 94 --> 101 --> 180 --> 203 --> 221 --> 224 --> 220 --> 91 --> 62 --> 18 --> 199 --> 196 --> 198 --> 213 --> 112
Truck 4 [len = 39]: 0 --> 74 --> 79 --> 103 --> 201 --> 207 --> 138 --> 170 --> 87 --> 216 --> 215 --> 119 --> 125 --> 195 --> 200 --> 72 --> 82 --> 10 --> 8 --> 66 --> 17 --> 34 --> 19 --> 110 --> 104 --> 58 --> 71 --> 88 --> 96 --> 44 --> 38 --> 21 --> 24 --> 63 --> 109 --> 35 --> 31 --> 60 --> 28
> Generation - Distance curve saved to fig/pr226_baseline_30_5_1000_100_10_20211216_19_57_48/20211216_20_08_36.png.
