--> Running ID = 12
> Loading cities from instances/pr226.txt
	>> 226 cities in total to be loaded
> 226 cities loaded from instances/pr226.txt
> Initial distance: 1641032.251817
> Starting running GA.
	>> cities = 226, salesmen = 5
	>> Generations = 1000, PopulationSize = 100, TournamentSize = 10
# Generation Distance
% 1 1608390.715058
% 2 1582922.478281
% 3 1579087.672399
% 4 1570830.100046
% 5 1553658.543614
% 6 1547831.750392
% 7 1533169.331908
% 8 1524449.610271
% 9 1515556.846002
% 10 1504905.434506
% 11 1499924.176127
% 12 1496243.680550
% 13 1480364.062344
% 14 1460931.699789
% 15 1464285.765003
% 16 1458123.488579
% 17 1452617.269563
% 18 1456695.036219
% 19 1436587.996990
% 20 1420147.968788
% 21 1416355.135553
% 22 1386545.819591
% 23 1385399.396510
% 24 1382715.905600
% 25 1362951.902515
% 26 1361579.504463
% 27 1345914.189195
% 28 1347258.287541
% 29 1332509.844522
% 30 1334459.832186
% 31 1325460.833635
% 32 1314883.534701
% 33 1326212.088591
% 34 1289416.204074
% 35 1291538.343102
% 36 1246199.318853
% 37 1249379.514577
% 38 1264386.359539
% 39 1239574.259779
% 40 1248457.106423
% 41 1234856.596507
% 42 1221072.137572
% 43 1227962.973984
% 44 1214698.527181
% 45 1205626.438060
% 46 1190302.985563
% 47 1183452.076070
% 48 1193015.609465
% 49 1188812.845208
% 50 1181731.488500
% 51 1154723.368153
% 52 1149758.146223
% 53 1155204.109947
% 54 1150438.847931
% 55 1156597.976577
% 56 1159724.670564
% 57 1145601.519890
% 58 1135858.373140
% 59 1154170.535085
% 60 1134077.567970
% 61 1122614.526731
% 62 1124014.108329
% 63 1108616.174216
% 64 1137657.371388
% 65 1125048.039187
% 66 1121994.205145
% 67 1122272.272868
% 68 1117163.378201
% 69 1109709.168401
% 70 1098851.602423
% 71 1091836.104140
% 72 1100991.322299
% 73 1076239.328883
% 74 1063354.956934
% 75 1067724.517627
% 76 1070810.324045
% 77 1065271.935818
% 78 1054083.228849
% 79 1058421.239750
% 80 1051880.716230
% 81 1054568.986569
% 82 1050099.447317
% 83 1055621.731536
% 84 1048865.008248
% 85 1045854.656713
% 86 1041427.367407
% 87 1029622.354260
% 88 1016290.726144
% 89 1019858.937433
% 90 1020961.964965
% 91 1004925.584686
% 92 1013644.202946
% 93 1007162.611682
% 94 984074.214116
% 95 992175.280363
% 96 1000327.565321
% 97 1003037.037324
% 98 992830.343096
% 99 1005008.582912
% 100 993393.770408
% 101 986052.629818
% 102 983166.780814
% 103 984276.195768
% 104 986095.479867
% 105 972512.194485
% 106 962324.223464
% 107 973502.706605
% 108 978135.268971
% 109 972759.755533
% 110 967892.957249
% 111 947497.864253
% 112 947628.840340
% 113 923601.050821
% 114 938021.966613
% 115 927520.349815
% 116 929177.616426
% 117 934293.063325
% 118 928858.022225
% 119 932674.044451
% 120 915730.479433
% 121 919013.587625
% 122 910037.526108
% 123 913845.654846
% 124 916156.796273
% 125 916611.211598
% 126 919997.711818
% 127 899972.871552
% 128 919648.630376
% 129 917267.057437
% 130 920751.358072
% 131 909052.921269
% 132 894404.320216
% 133 914081.753590
% 134 912657.689068
% 135 930350.595304
% 136 921888.073277
% 137 917103.238969
% 138 920462.362174
% 139 912752.786664
% 140 917947.739871
% 141 902855.559302
% 142 916735.239562
% 143 918632.204617
% 144 911541.097372
% 145 919751.039083
% 146 923374.154417
% 147 931304.287354
% 148 916516.156630
% 149 901782.671512
% 150 917574.698095
% 151 926657.060116
% 152 895829.958012
% 153 904649.943871
% 154 913767.290550
% 155 891055.445983
% 156 884813.134416
% 157 879971.694664
% 158 852475.844342
% 159 854539.969946
% 160 879062.744356
% 161 861548.811202
% 162 867710.721506
% 163 838640.375496
% 164 845524.375995
% 165 839033.629165
% 166 835820.648266
% 167 838554.606100
% 168 844706.182619
% 169 859277.760207
% 170 846031.596709
% 171 865460.656761
% 172 847990.426318
% 173 864468.624477
% 174 853188.644954
% 175 858244.706290
% 176 856856.013118
% 177 849850.451305
% 178 851637.102296
% 179 857808.486637
% 180 868399.581630
% 181 876906.475246
% 182 878043.079490
% 183 885927.167529
% 184 871745.457679
% 185 865899.388152
% 186 862177.090221
% 187 847715.081528
% 188 875894.236281
% 189 866605.677467
% 190 871379.630008
% 191 904364.366808
% 192 895692.399325
% 193 912809.512615
% 194 902933.468636
% 195 905065.511990
% 196 899639.161872
% 197 877269.717543
% 198 897822.399104
% 199 889758.767107
% 200 873428.057005
% 201 882235.348619
% 202 870320.080862
% 203 870126.075217
% 204 870405.022963
% 205 874078.971708
% 206 862802.283933
% 207 867461.234478
% 208 863231.423976
% 209 863454.476605
% 210 848702.646906
% 211 853378.107363
% 212 862532.658856
% 213 860224.766665
% 214 867298.367923
% 215 865954.572341
% 216 851969.053275
> Finished 216 generations with 4519730 distance calculations. GA Runtime = 154.6610 sec
> Final distance: 835820.648266
> Final Route:
Truck 0 [len = 42]: 0 --> 70 --> 11 --> 5 --> 2 --> 8 --> 48 --> 30 --> 153 --> 39 --> 119 --> 121 --> 143 --> 94 --> 137 --> 149 --> 184 --> 100 --> 59 --> 114 --> 220 --> 28 --> 27 --> 49 --> 50 --> 13 --> 20 --> 36 --> 42 --> 87 --> 25 --> 32 --> 60 --> 218 --> 203 --> 197 --> 192 --> 216 --> 206 --> 190 --> 117 --> 108
Truck 1 [len = 45]: 0 --> 10 --> 7 --> 69 --> 12 --> 67 --> 77 --> 72 --> 81 --> 66 --> 127 --> 118 --> 207 --> 198 --> 222 --> 215 --> 201 --> 120 --> 195 --> 205 --> 142 --> 210 --> 219 --> 224 --> 211 --> 17 --> 103 --> 113 --> 105 --> 109 --> 9 --> 6 --> 35 --> 38 --> 18 --> 128 --> 126 --> 133 --> 134 --> 217 --> 183 --> 151 --> 155 --> 179 --> 204
Truck 2 [len = 61]: 0 --> 111 --> 122 --> 135 --> 139 --> 96 --> 141 --> 147 --> 44 --> 150 --> 144 --> 136 --> 99 --> 163 --> 161 --> 194 --> 177 --> 175 --> 140 --> 86 --> 116 --> 125 --> 186 --> 169 --> 168 --> 176 --> 138 --> 187 --> 185 --> 131 --> 110 --> 165 --> 26 --> 61 --> 157 --> 95 --> 92 --> 178 --> 159 --> 180 --> 160 --> 164 --> 174 --> 166 --> 148 --> 145 --> 146 --> 104 --> 107 --> 115 --> 112 --> 102 --> 214 --> 225 --> 221 --> 212 --> 193 --> 158 --> 182 --> 53 --> 15
Truck 3 [len = 31]: 0 --> 16 --> 58 --> 55 --> 200 --> 209 --> 130 --> 213 --> 196 --> 98 --> 129 --> 223 --> 31 --> 21 --> 23 --> 52 --> 34 --> 24 --> 33 --> 43 --> 75 --> 3 --> 83 --> 80 --> 45 --> 46 --> 57 --> 90 --> 88 --> 189 --> 54
Truck 4 [len = 51]: 0 --> 73 --> 82 --> 4 --> 29 --> 41 --> 106 --> 154 --> 89 --> 188 --> 171 --> 181 --> 172 --> 167 --> 173 --> 170 --> 152 --> 101 --> 37 --> 208 --> 85 --> 84 --> 71 --> 1 --> 79 --> 76 --> 74 --> 62 --> 22 --> 123 --> 202 --> 156 --> 162 --> 97 --> 63 --> 56 --> 68 --> 47 --> 40 --> 64 --> 124 --> 132 --> 199 --> 191 --> 93 --> 91 --> 65 --> 19 --> 51 --> 14 --> 78
> Generation - Distance curve saved to fig/pr226_baseline_30_5_1000_100_10_20211216_19_57_48/20211216_20_27_32.png.
