--> Running ID = 8
> Loading cities from instances/pr226.txt
	>> 226 cities in total to be loaded
> 226 cities loaded from instances/pr226.txt
> Initial distance: 1642907.285679
> Starting running GA.
	>> cities = 226, salesmen = 5
	>> Generations = 1000, PopulationSize = 100, TournamentSize = 10
# Generation Distance
% 1 1595012.414681
% 2 1582548.402624
% 3 1563318.408729
% 4 1553105.967441
% 5 1543765.137347
% 6 1541350.248582
% 7 1533743.795809
% 8 1530405.793014
% 9 1518683.224703
% 10 1510401.251665
% 11 1505837.135189
% 12 1495821.499916
% 13 1476802.878190
% 14 1461440.658027
% 15 1444284.643058
% 16 1431804.250414
% 17 1427370.053497
% 18 1429718.527846
% 19 1412973.518503
% 20 1405358.501754
% 21 1409668.084242
% 22 1409113.263609
% 23 1399431.023523
% 24 1381001.456530
% 25 1371738.171590
% 26 1365099.444947
% 27 1359364.229448
% 28 1355861.803219
% 29 1339390.969364
% 30 1332290.976256
% 31 1319306.713722
% 32 1296926.286254
% 33 1288336.329452
% 34 1301932.885689
% 35 1272022.701089
% 36 1266676.123742
% 37 1261202.246846
% 38 1260856.237499
% 39 1254425.873312
% 40 1238215.156532
% 41 1232421.108823
% 42 1211259.691419
% 43 1226369.697678
% 44 1204352.705787
% 45 1191499.638737
% 46 1188887.157984
% 47 1181672.540569
% 48 1170310.914392
% 49 1171051.777490
% 50 1170454.465670
% 51 1149524.177243
% 52 1144659.556403
% 53 1149821.057196
% 54 1150354.179941
% 55 1146533.216653
% 56 1148285.898328
% 57 1127750.401626
% 58 1127760.628442
% 59 1137269.439722
% 60 1144863.635903
% 61 1128245.598616
% 62 1134506.310221
% 63 1118832.740605
% 64 1117861.684343
% 65 1119816.098422
% 66 1128466.912453
% 67 1112758.876458
% 68 1104305.776413
% 69 1113080.186782
% 70 1122298.716064
% 71 1102954.420761
% 72 1092245.004906
% 73 1088402.008146
% 74 1093498.839494
% 75 1093105.387962
% 76 1102590.727009
% 77 1096609.081503
% 78 1085454.787163
% 79 1079699.233434
% 80 1085673.845107
% 81 1067974.549112
% 82 1081230.576804
% 83 1060744.678870
% 84 1061565.359863
% 85 1057806.610211
% 86 1047257.667088
% 87 1052536.823702
% 88 1024155.320848
% 89 1044114.849310
% 90 1043294.975116
% 91 1034241.879022
% 92 1030418.243773
% 93 1029896.435788
% 94 1022857.500638
% 95 1024483.719406
% 96 1016163.630030
% 97 1028627.322179
% 98 1012266.096022
% 99 996663.262025
% 100 1022472.683672
% 101 1009840.491617
% 102 1002976.670349
% 103 1007629.487376
% 104 1010038.649327
% 105 1004755.737167
% 106 990352.049398
% 107 996851.115523
% 108 987693.139871
% 109 968478.309807
% 110 994180.754622
% 111 983972.467376
% 112 988100.634048
% 113 979474.109323
% 114 980259.657528
% 115 974272.061298
% 116 966685.968665
% 117 979797.773296
% 118 985468.847085
% 119 982156.684259
% 120 987166.089963
% 121 988270.283792
% 122 986530.176093
% 123 986723.194509
% 124 990083.037560
% 125 975420.892107
% 126 977102.757110
% 127 977471.463935
% 128 985027.240488
% 129 981329.429340
% 130 983468.897546
% 131 958560.226846
% 132 962551.840678
% 133 957639.461036
% 134 964726.351509
% 135 947967.183455
% 136 963239.090874
% 137 963571.744310
% 138 958007.163753
% 139 971601.691850
% 140 967866.902608
% 141 969450.017916
% 142 965860.914128
% 143 966567.338134
% 144 948791.168226
% 145 955489.187095
% 146 950933.575250
% 147 965699.159975
% 148 967205.757221
% 149 970126.901693
% 150 965441.809202
% 151 963756.232880
% 152 960388.462084
% 153 973028.971666
% 154 941716.959164
% 155 958166.400017
% 156 945629.044871
% 157 955529.322397
% 158 943309.857035
% 159 942903.866137
% 160 936080.699531
% 161 942201.995731
% 162 941635.710124
% 163 956923.029418
% 164 961439.082238
% 165 948602.242433
% 166 960512.507165
% 167 949010.909448
% 168 960343.067649
% 169 966071.589490
% 170 950225.652327
% 171 940930.338034
% 172 940372.265229
% 173 932419.903436
% 174 942955.428515
% 175 944740.844330
% 176 947773.718428
% 177 947952.606074
% 178 944431.403148
% 179 954392.407460
% 180 951815.455491
% 181 968138.183646
% 182 964196.046653
% 183 967048.163181
% 184 956729.014583
% 185 954561.436842
% 186 974483.119761
% 187 969139.406995
% 188 944526.876762
% 189 953657.648377
% 190 929543.009119
% 191 934678.077425
% 192 929809.556579
% 193 926729.030742
% 194 925715.559200
% 195 939939.759942
% 196 913290.665051
% 197 932036.390588
% 198 939949.797550
% 199 941583.632932
% 200 932391.008750
% 201 936626.802630
% 202 926615.135181
% 203 925470.040970
% 204 921859.192906
% 205 911457.998721
% 206 910521.339811
% 207 895097.481788
% 208 887182.850706
% 209 894025.506884
% 210 895809.715359
% 211 900734.669200
% 212 888487.213359
% 213 911649.727544
% 214 906581.718647
% 215 906487.117206
> Finished 215 generations with 4499490 distance calculations. GA Runtime = 158.7868 sec
> Final distance: 887182.850706
> Final Route:
Truck 0 [len = 37]: 0 --> 123 --> 76 --> 79 --> 8 --> 17 --> 91 --> 25 --> 143 --> 100 --> 49 --> 53 --> 13 --> 15 --> 72 --> 193 --> 96 --> 183 --> 138 --> 163 --> 179 --> 166 --> 185 --> 168 --> 145 --> 178 --> 175 --> 87 --> 142 --> 204 --> 209 --> 212 --> 208 --> 205 --> 196 --> 117 --> 3
Truck 1 [len = 54]: 0 --> 4 --> 63 --> 9 --> 1 --> 5 --> 10 --> 26 --> 99 --> 154 --> 144 --> 98 --> 95 --> 7 --> 52 --> 39 --> 156 --> 75 --> 24 --> 192 --> 221 --> 207 --> 225 --> 203 --> 127 --> 125 --> 124 --> 114 --> 128 --> 118 --> 120 --> 215 --> 131 --> 173 --> 199 --> 216 --> 217 --> 191 --> 106 --> 40 --> 18 --> 45 --> 42 --> 57 --> 56 --> 59 --> 23 --> 27 --> 37 --> 36 --> 69 --> 14 --> 82 --> 77
Truck 2 [len = 39]: 0 --> 81 --> 85 --> 55 --> 66 --> 130 --> 220 --> 119 --> 20 --> 38 --> 152 --> 141 --> 136 --> 182 --> 200 --> 161 --> 153 --> 162 --> 150 --> 180 --> 176 --> 171 --> 165 --> 184 --> 169 --> 146 --> 214 --> 206 --> 194 --> 186 --> 102 --> 64 --> 30 --> 31 --> 41 --> 86 --> 47 --> 113 --> 16
Truck 3 [len = 46]: 0 --> 133 --> 223 --> 126 --> 104 --> 195 --> 188 --> 210 --> 224 --> 222 --> 2 --> 6 --> 65 --> 11 --> 80 --> 29 --> 101 --> 28 --> 33 --> 62 --> 50 --> 147 --> 148 --> 174 --> 187 --> 110 --> 109 --> 197 --> 172 --> 93 --> 108 --> 107 --> 60 --> 58 --> 19 --> 54 --> 88 --> 67 --> 70 --> 105 --> 111 --> 202 --> 190 --> 74 --> 12 --> 71
Truck 4 [len = 54]: 0 --> 112 --> 89 --> 44 --> 198 --> 167 --> 181 --> 201 --> 103 --> 35 --> 68 --> 83 --> 115 --> 116 --> 51 --> 61 --> 43 --> 94 --> 90 --> 97 --> 137 --> 157 --> 159 --> 170 --> 149 --> 177 --> 92 --> 46 --> 189 --> 164 --> 155 --> 32 --> 48 --> 22 --> 213 --> 219 --> 211 --> 134 --> 151 --> 21 --> 34 --> 140 --> 158 --> 160 --> 139 --> 132 --> 122 --> 218 --> 129 --> 135 --> 121 --> 84 --> 78 --> 73
> Generation - Distance curve saved to fig/pr226_baseline_30_5_1000_100_10_20211216_19_57_48/20211216_20_16_39.png.
