--> Running ID = 23
> Loading cities from instances/pr226.txt
	>> 226 cities in total to be loaded
> 226 cities loaded from instances/pr226.txt
> Initial distance: 1601697.033467
> Starting running GA.
	>> cities = 226, salesmen = 5
	>> Generations = 1000, PopulationSize = 100, TournamentSize = 10
# Generation Distance
% 1 1593907.210346
% 2 1590815.475196
% 3 1565583.160071
% 4 1557808.561369
% 5 1548666.373141
% 6 1555822.296713
% 7 1537061.642359
% 8 1536733.861474
% 9 1501491.725034
% 10 1516078.689180
% 11 1490758.802872
% 12 1471424.842542
% 13 1453152.096835
% 14 1437791.934867
% 15 1442211.597457
% 16 1418876.344875
% 17 1425985.396160
% 18 1423450.857672
% 19 1410510.457309
% 20 1410594.703066
% 21 1400892.254072
% 22 1400888.500559
% 23 1386344.998514
% 24 1379355.744600
% 25 1370850.859523
% 26 1356948.566482
% 27 1347042.599435
% 28 1359508.080079
% 29 1328376.499672
% 30 1325171.794511
% 31 1322160.457746
% 32 1310374.403787
% 33 1295929.298161
% 34 1299070.337858
% 35 1291717.445336
% 36 1283546.993123
% 37 1275185.238571
% 38 1256570.295385
% 39 1258403.438490
% 40 1256422.818831
% 41 1240334.610016
% 42 1228719.949211
% 43 1242679.606289
% 44 1230283.733078
% 45 1242950.363214
% 46 1222606.637642
% 47 1223732.342582
% 48 1227608.463874
% 49 1211079.354748
% 50 1212003.590326
% 51 1237256.512412
% 52 1219028.901838
% 53 1194322.348068
% 54 1197394.013117
% 55 1193711.875475
% 56 1209318.374462
% 57 1190868.643358
% 58 1176897.522087
% 59 1181873.340435
% 60 1171757.067097
% 61 1157724.475730
% 62 1153867.966342
% 63 1143255.715751
% 64 1136500.487141
% 65 1130514.900871
% 66 1119734.596824
% 67 1124602.347195
% 68 1114297.074052
% 69 1104837.537906
% 70 1108393.632565
% 71 1098890.600403
% 72 1099561.750513
% 73 1095638.853385
% 74 1091186.144068
% 75 1073589.523411
% 76 1077923.703303
% 77 1084363.418577
% 78 1074627.234750
% 79 1057398.420192
% 80 1081725.378157
% 81 1061011.953974
% 82 1060790.893122
% 83 1058442.764631
% 84 1039960.426767
% 85 1047499.806615
% 86 1031135.675594
% 87 1030755.006659
% 88 1044092.373582
% 89 1050418.443760
% 90 1052280.572820
% 91 1037411.882956
% 92 1054652.828489
% 93 1037957.316999
% 94 1048416.722380
% 95 1035291.375186
% 96 1055235.427853
% 97 1030346.082607
% 98 1027011.435168
% 99 1026637.446568
% 100 1014639.440600
% 101 1028134.104683
% 102 1028398.046870
% 103 1032541.569803
% 104 1036461.441339
% 105 1022369.048615
% 106 1026273.365247
% 107 1018568.204823
% 108 1030670.159847
% 109 1034618.042212
% 110 1034029.141124
% 111 1033153.792049
% 112 1025198.588612
% 113 1036973.806362
% 114 1032876.753084
% 115 1031216.629240
% 116 1031493.145186
% 117 1023589.130408
% 118 1027144.669121
% 119 1007580.768383
% 120 998463.140205
% 121 1013870.038768
% 122 1024015.557605
% 123 1021560.455233
% 124 1010217.279421
% 125 1016206.123857
% 126 1029625.751598
% 127 1021004.504543
% 128 1015312.258932
% 129 1021854.376814
% 130 1021055.174264
% 131 1021169.454082
% 132 1014650.830687
% 133 1015155.670120
% 134 1010440.436736
% 135 1017069.036590
% 136 1026023.557944
% 137 997516.121523
% 138 1006335.257384
% 139 997868.137840
% 140 998280.234831
% 141 991362.725183
% 142 985048.701831
% 143 973239.107325
% 144 986661.048848
% 145 989674.719951
% 146 977545.127626
% 147 974711.442955
% 148 972132.044922
% 149 977176.162986
% 150 962183.737536
% 151 979644.651606
% 152 971897.108392
% 153 976863.736201
% 154 969492.710226
% 155 980862.465666
% 156 964495.721055
% 157 944151.692445
% 158 941852.011456
% 159 967735.719647
% 160 976664.071546
% 161 982450.735186
% 162 967082.024962
% 163 970675.166440
% 164 973048.990658
% 165 972345.985948
% 166 958916.672411
% 167 974403.787946
% 168 945497.636149
% 169 959580.850723
% 170 961298.500390
% 171 950476.437125
% 172 958228.167896
% 173 975229.226567
% 174 967522.240756
% 175 965621.909424
% 176 958488.714187
% 177 963554.778969
% 178 960003.900023
% 179 968356.534819
% 180 966389.813855
% 181 979324.297698
% 182 997000.608573
% 183 977563.968535
% 184 965711.730820
% 185 980619.755520
% 186 979469.446140
% 187 970003.209349
% 188 987187.920300
% 189 965457.541766
% 190 974809.522333
% 191 977807.227853
% 192 972480.025306
% 193 987316.276432
% 194 983823.623976
% 195 978198.193390
% 196 967251.865272
% 197 978101.681516
% 198 937486.904825
% 199 955102.200973
% 200 953856.435736
% 201 957675.912823
% 202 943634.869682
% 203 975645.336441
% 204 972978.840547
% 205 965737.797334
% 206 967363.627123
% 207 962901.693244
% 208 964620.709915
% 209 971254.585158
% 210 951691.801757
% 211 954555.627280
% 212 953779.097108
% 213 964385.523275
% 214 972495.687327
% 215 971113.224592
% 216 976397.930959
> Finished 216 generations with 4519270 distance calculations. GA Runtime = 167.1324 sec
> Final distance: 937486.904825
> Final Route:
Truck 0 [len = 57]: 0 --> 139 --> 21 --> 37 --> 23 --> 35 --> 36 --> 135 --> 75 --> 12 --> 47 --> 25 --> 39 --> 87 --> 136 --> 101 --> 54 --> 53 --> 142 --> 93 --> 95 --> 118 --> 211 --> 124 --> 190 --> 180 --> 186 --> 178 --> 196 --> 212 --> 134 --> 128 --> 90 --> 91 --> 60 --> 63 --> 72 --> 194 --> 192 --> 107 --> 30 --> 33 --> 52 --> 64 --> 66 --> 19 --> 51 --> 159 --> 147 --> 140 --> 158 --> 154 --> 176 --> 172 --> 184 --> 43 --> 26
Truck 1 [len = 38]: 0 --> 216 --> 129 --> 217 --> 191 --> 163 --> 14 --> 70 --> 79 --> 1 --> 2 --> 18 --> 50 --> 162 --> 150 --> 153 --> 143 --> 117 --> 17 --> 182 --> 133 --> 68 --> 113 --> 106 --> 99 --> 170 --> 174 --> 165 --> 171 --> 208 --> 225 --> 209 --> 115 --> 104 --> 116 --> 111 --> 221 --> 84
Truck 2 [len = 48]: 0 --> 3 --> 5 --> 57 --> 28 --> 31 --> 34 --> 16 --> 11 --> 78 --> 13 --> 67 --> 9 --> 127 --> 222 --> 112 --> 199 --> 98 --> 193 --> 202 --> 220 --> 223 --> 83 --> 69 --> 65 --> 58 --> 20 --> 62 --> 49 --> 86 --> 183 --> 164 --> 157 --> 177 --> 94 --> 88 --> 151 --> 89 --> 155 --> 45 --> 144 --> 96 --> 92 --> 123 --> 219 --> 197 --> 103 --> 97
Truck 3 [len = 22]: 0 --> 71 --> 74 --> 38 --> 41 --> 46 --> 149 --> 137 --> 146 --> 215 --> 201 --> 100 --> 108 --> 200 --> 213 --> 188 --> 132 --> 109 --> 6 --> 4 --> 85 --> 80
Truck 4 [len = 65]: 0 --> 15 --> 10 --> 7 --> 56 --> 82 --> 81 --> 73 --> 8 --> 120 --> 122 --> 130 --> 218 --> 77 --> 76 --> 205 --> 206 --> 210 --> 203 --> 207 --> 44 --> 42 --> 114 --> 110 --> 61 --> 175 --> 169 --> 138 --> 214 --> 152 --> 141 --> 185 --> 173 --> 167 --> 40 --> 161 --> 160 --> 156 --> 148 --> 189 --> 179 --> 181 --> 187 --> 121 --> 105 --> 126 --> 224 --> 29 --> 55 --> 24 --> 59 --> 166 --> 204 --> 102 --> 27 --> 32 --> 22 --> 195 --> 145 --> 198 --> 168 --> 48 --> 119 --> 125 --> 131
> Generation - Distance curve saved to fig/pr226_baseline_30_5_1000_100_10_20211216_19_57_48/20211216_20_57_49.png.
