--> Running ID = 13
> Loading cities from instances/pr226.txt
	>> 226 cities in total to be loaded
> 226 cities loaded from instances/pr226.txt
> Initial distance: 1648541.481770
> Starting running GA.
	>> cities = 226, salesmen = 5
	>> Generations = 1000, PopulationSize = 100, TournamentSize = 10
# Generation Distance
% 1 1622102.624298
% 2 1606834.331156
% 3 1599488.942115
% 4 1595749.869383
% 5 1587283.224427
% 6 1572326.696663
% 7 1559982.037441
% 8 1557141.817027
% 9 1522407.436708
% 10 1515534.535008
% 11 1495266.579457
% 12 1490429.038765
% 13 1476231.059304
% 14 1453405.631969
% 15 1435377.532728
% 16 1429255.083649
% 17 1410335.034401
% 18 1417941.123365
% 19 1406512.565634
% 20 1393944.674299
% 21 1398288.042091
% 22 1380486.198892
% 23 1374076.211908
% 24 1356753.454221
% 25 1365613.990461
% 26 1361526.951726
% 27 1357801.522220
% 28 1360702.287387
% 29 1334669.895928
% 30 1343145.155597
% 31 1361478.252136
% 32 1347610.375731
% 33 1347157.961187
% 34 1341759.173422
% 35 1332001.821309
% 36 1304634.333512
% 37 1308440.809560
% 38 1295442.003907
% 39 1293299.695243
% 40 1277355.308590
% 41 1269932.747207
% 42 1259737.752554
% 43 1248613.511205
% 44 1217913.542928
% 45 1219062.765630
% 46 1211954.678263
% 47 1189726.613985
% 48 1187189.409676
% 49 1179705.510067
% 50 1191151.748700
% 51 1187631.265797
% 52 1174953.741788
% 53 1176266.517387
% 54 1170016.760663
% 55 1166083.459663
% 56 1167950.720021
% 57 1155718.707960
% 58 1166916.235668
% 59 1144208.861044
% 60 1161465.787241
% 61 1151932.141347
% 62 1143668.197676
% 63 1138939.114791
% 64 1134164.934892
% 65 1115738.995031
% 66 1128263.502884
% 67 1124544.581153
% 68 1114475.779983
% 69 1117323.314713
% 70 1120020.634771
% 71 1108083.165942
% 72 1096760.894600
% 73 1098380.837694
% 74 1080892.141637
% 75 1083973.468112
% 76 1074613.442146
% 77 1069412.489011
% 78 1081276.099919
% 79 1078262.952338
% 80 1088254.143050
% 81 1052602.601123
% 82 1076189.519579
% 83 1064264.276625
% 84 1048046.490147
% 85 1059196.643120
% 86 1048828.887552
% 87 1037400.371491
% 88 1048159.259470
% 89 1047480.755409
% 90 1061163.495804
% 91 1060045.312020
% 92 1069295.969076
% 93 1055713.968305
% 94 1049206.938274
% 95 1060610.624529
% 96 1063645.629439
% 97 1070628.036839
% 98 1068867.134168
% 99 1080058.865768
% 100 1060977.110085
% 101 1068469.261199
% 102 1068640.608302
% 103 1053455.747844
% 104 1065185.960600
% 105 1088970.801541
% 106 1056167.963156
% 107 1064920.085961
% 108 1062717.356691
% 109 1079660.247559
% 110 1086873.714898
% 111 1081952.773807
% 112 1086872.970774
% 113 1071188.608299
% 114 1078127.738990
% 115 1091394.184360
% 116 1093787.388645
% 117 1095749.033314
% 118 1099283.436141
% 119 1097863.672638
% 120 1094796.271278
% 121 1097514.552271
% 122 1098704.400967
% 123 1097715.192572
% 124 1100516.589802
% 125 1094301.167986
% 126 1096873.542464
% 127 1090596.782593
% 128 1090354.979201
% 129 1090432.595444
% 130 1071275.373369
% 131 1087783.850894
% 132 1075874.492154
% 133 1069659.291414
% 134 1070083.205470
% 135 1072497.136115
% 136 1069767.050628
% 137 1070816.495013
% 138 1060955.583418
% 139 1066870.084258
% 140 1045693.703936
% 141 1046941.757926
% 142 1040884.631227
% 143 1040589.170264
% 144 1036595.553980
% 145 1030774.134563
% 146 1032185.647019
% 147 1024334.420371
% 148 1025525.655949
% 149 1024613.381352
% 150 1005298.750244
% 151 998924.811085
% 152 1000651.911594
% 153 997764.682724
% 154 1006475.773164
% 155 981145.007902
% 156 1002833.638526
% 157 992836.018561
% 158 989983.940274
% 159 997960.017111
% 160 990546.696011
% 161 999603.275926
% 162 980703.809089
% 163 987717.779920
% 164 978523.784288
% 165 1007809.528180
% 166 1019787.380935
% 167 1019655.427755
% 168 1002349.610519
% 169 1005539.860718
% 170 1001835.328001
% 171 1000314.986881
% 172 992440.595737
% 173 977716.249560
% 174 994373.243510
% 175 999270.180536
% 176 975642.351896
% 177 1002826.801579
% 178 985564.458656
% 179 996503.341578
% 180 994432.632805
% 181 1003613.227860
% 182 1013348.575725
% 183 989605.741801
% 184 1003513.538685
% 185 992925.840461
% 186 1001321.665791
% 187 1005938.398884
% 188 1005115.596878
% 189 988994.393487
% 190 989722.244908
% 191 986074.316495
% 192 1007554.442028
% 193 987624.828887
% 194 987914.361850
% 195 996399.286098
% 196 983628.729035
% 197 987194.562488
% 198 989342.359832
% 199 969666.638625
% 200 963137.211548
% 201 963465.743718
% 202 968966.994998
% 203 972311.346931
% 204 971586.859088
% 205 973975.951506
% 206 970853.320364
% 207 965407.539042
% 208 954463.618351
% 209 952334.808602
% 210 951985.506516
% 211 951919.321130
% 212 960777.350315
% 213 958114.723068
% 214 955538.188462
% 215 961810.202712
> Finished 215 generations with 4500410 distance calculations. GA Runtime = 161.1877 sec
> Final distance: 951919.321130
> Final Route:
Truck 0 [len = 61]: 0 --> 32 --> 127 --> 69 --> 7 --> 70 --> 108 --> 197 --> 199 --> 193 --> 178 --> 201 --> 144 --> 171 --> 155 --> 156 --> 204 --> 109 --> 121 --> 133 --> 224 --> 122 --> 225 --> 211 --> 191 --> 207 --> 124 --> 119 --> 190 --> 130 --> 135 --> 202 --> 216 --> 112 --> 123 --> 105 --> 200 --> 175 --> 169 --> 188 --> 20 --> 97 --> 99 --> 28 --> 36 --> 23 --> 51 --> 53 --> 152 --> 151 --> 165 --> 148 --> 147 --> 170 --> 146 --> 138 --> 120 --> 214 --> 87 --> 56 --> 84
Truck 1 [len = 57]: 0 --> 52 --> 34 --> 41 --> 29 --> 9 --> 65 --> 61 --> 194 --> 128 --> 206 --> 196 --> 179 --> 174 --> 181 --> 167 --> 27 --> 176 --> 164 --> 166 --> 189 --> 192 --> 74 --> 3 --> 79 --> 212 --> 213 --> 54 --> 149 --> 94 --> 24 --> 62 --> 63 --> 44 --> 37 --> 198 --> 209 --> 210 --> 26 --> 21 --> 49 --> 1 --> 5 --> 2 --> 15 --> 77 --> 143 --> 131 --> 68 --> 6 --> 11 --> 102 --> 89 --> 64 --> 47 --> 55 --> 59
Truck 2 [len = 36]: 0 --> 103 --> 218 --> 222 --> 223 --> 115 --> 116 --> 4 --> 57 --> 50 --> 46 --> 95 --> 90 --> 93 --> 88 --> 42 --> 31 --> 38 --> 33 --> 48 --> 58 --> 92 --> 101 --> 173 --> 163 --> 184 --> 14 --> 76 --> 67 --> 8 --> 114 --> 19 --> 82 --> 78 --> 83 --> 72
Truck 3 [len = 28]: 0 --> 81 --> 80 --> 85 --> 12 --> 106 --> 136 --> 39 --> 40 --> 35 --> 25 --> 139 --> 104 --> 125 --> 107 --> 117 --> 30 --> 154 --> 158 --> 100 --> 142 --> 183 --> 215 --> 205 --> 182 --> 177 --> 187 --> 60
Truck 4 [len = 48]: 0 --> 185 --> 180 --> 18 --> 16 --> 110 --> 141 --> 159 --> 132 --> 217 --> 195 --> 134 --> 113 --> 208 --> 66 --> 17 --> 145 --> 157 --> 96 --> 203 --> 220 --> 129 --> 219 --> 221 --> 71 --> 111 --> 75 --> 118 --> 126 --> 168 --> 161 --> 162 --> 140 --> 160 --> 150 --> 186 --> 91 --> 137 --> 172 --> 86 --> 43 --> 153 --> 45 --> 98 --> 13 --> 73 --> 10 --> 22
> Generation - Distance curve saved to fig/pr226_baseline_30_5_1000_100_10_20211216_19_57_48/20211216_20_30_10.png.
