--> Running ID = 15
> Loading cities from instances/pr226.txt
	>> 226 cities in total to be loaded
> 226 cities loaded from instances/pr226.txt
> Initial distance: 1633985.664151
> Starting running GA.
	>> cities = 226, salesmen = 5
	>> Generations = 1000, PopulationSize = 100, TournamentSize = 10
# Generation Distance
% 1 1582774.782492
% 2 1598092.427794
% 3 1565178.716837
% 4 1568011.964765
% 5 1558470.930941
% 6 1540305.411479
% 7 1523140.529176
% 8 1516966.440654
% 9 1494713.622778
% 10 1489612.290784
% 11 1471122.335325
% 12 1466452.879541
% 13 1461241.554835
% 14 1448429.639601
% 15 1415187.839870
% 16 1435506.116949
% 17 1444825.979881
% 18 1425061.024995
% 19 1411635.764501
% 20 1393645.850267
% 21 1390452.875239
% 22 1386612.265500
% 23 1382237.299500
% 24 1368568.231123
% 25 1369513.221731
% 26 1362813.837959
% 27 1345687.696651
% 28 1346085.921010
% 29 1321880.879089
% 30 1331667.717131
% 31 1333004.533544
% 32 1312631.578333
% 33 1311408.404313
% 34 1296511.164389
% 35 1298682.515989
% 36 1274954.397958
% 37 1265198.437695
% 38 1255133.780016
% 39 1228932.194270
% 40 1217785.861169
% 41 1200336.750988
% 42 1207021.353708
% 43 1201183.323994
% 44 1198672.103846
% 45 1173707.806021
% 46 1170765.955896
% 47 1166746.013119
% 48 1139105.086190
% 49 1134223.740318
% 50 1138063.594915
% 51 1137528.251315
% 52 1136450.546937
% 53 1132653.638007
% 54 1119517.172732
% 55 1115609.599485
% 56 1113712.729799
% 57 1094107.985029
% 58 1108248.523494
% 59 1098967.710718
% 60 1092261.081543
% 61 1088959.633703
% 62 1086213.191383
% 63 1082225.290222
% 64 1077195.465477
% 65 1080144.431431
% 66 1075993.814048
% 67 1068073.082312
% 68 1078350.599368
% 69 1080678.227644
% 70 1060505.130058
% 71 1057074.358578
% 72 1058282.713337
% 73 1032756.986736
% 74 1046925.262418
% 75 1043124.139590
% 76 1045687.698968
% 77 1043010.452951
% 78 1046705.403640
% 79 1044669.254840
% 80 1049720.219441
% 81 1020913.744719
% 82 1042470.368790
% 83 1018358.925061
% 84 1025231.214790
% 85 1020824.793363
% 86 1013710.949447
% 87 1011602.496051
% 88 1026748.558606
% 89 1031100.222847
% 90 1031260.911236
% 91 1039575.685560
% 92 1036967.781232
% 93 1044903.099125
% 94 1036096.758336
% 95 1048348.535972
% 96 1023563.548032
% 97 1019169.705645
% 98 1030345.005779
% 99 1026300.234915
% 100 1032257.107575
% 101 1014920.791026
% 102 1015865.487744
% 103 1025921.932490
% 104 1026547.092804
% 105 1033379.182390
% 106 1021846.504211
% 107 1037247.445223
% 108 1045590.917381
% 109 1028440.457272
% 110 1029607.324185
% 111 1028081.157619
% 112 1038222.957604
% 113 1021437.772133
% 114 1010882.579142
% 115 1006229.907679
% 116 1008615.890569
% 117 1019860.829151
% 118 1029282.176846
% 119 1020338.457017
% 120 1015328.290771
% 121 1007650.844650
% 122 1019022.536383
% 123 1014163.626580
% 124 1020784.049269
% 125 1011265.814033
% 126 1015546.141743
% 127 1025172.644654
% 128 1017277.248561
% 129 1009684.258873
% 130 1025213.126426
% 131 1007803.282449
% 132 1030511.293819
% 133 1020876.794532
% 134 1012403.435369
% 135 1033617.002150
% 136 1014291.458162
% 137 1015935.049232
% 138 1008005.483475
% 139 1007701.201251
% 140 1008436.898096
% 141 1014169.057790
% 142 1004714.527346
% 143 1000914.954641
% 144 996477.288191
% 145 1001592.181347
% 146 997316.009168
% 147 1006449.834096
% 148 1003352.801689
% 149 1000030.820154
% 150 1006163.747700
% 151 1009990.343836
% 152 997420.579440
% 153 1005620.104493
% 154 1012298.433647
% 155 986010.949021
% 156 992701.038548
% 157 990990.154348
% 158 983691.197732
% 159 992864.342400
% 160 974892.387047
% 161 968724.378900
% 162 968498.752460
% 163 971283.526292
% 164 957204.442271
% 165 966572.272609
% 166 962978.937676
% 167 959470.894460
% 168 950176.560274
% 169 939332.538947
% 170 948843.503178
% 171 953046.026562
% 172 957230.682791
% 173 949209.767757
% 174 947408.475947
% 175 941343.155165
% 176 955062.402787
% 177 967543.794458
% 178 956449.104140
% 179 956906.307862
% 180 940789.671070
% 181 940585.856371
% 182 956144.579446
% 183 932111.170676
% 184 943089.548410
% 185 940787.507874
% 186 935200.876208
% 187 944840.160996
% 188 926973.352993
% 189 945687.563662
% 190 933688.155593
% 191 919812.088568
% 192 933412.842310
% 193 936909.607639
% 194 919373.131568
% 195 934724.865000
% 196 944813.687544
% 197 943743.148417
% 198 949783.768563
% 199 951525.830806
% 200 939124.288953
% 201 947725.707786
% 202 966314.276117
% 203 958040.252623
% 204 947678.000922
% 205 944031.372240
% 206 942930.774026
% 207 926461.522012
% 208 915307.192357
% 209 920884.032241
% 210 929322.170636
% 211 949080.442936
% 212 952022.536540
% 213 943365.873794
% 214 949699.413595
% 215 942651.462343
> Finished 215 generations with 4499720 distance calculations. GA Runtime = 161.7479 sec
> Final distance: 915307.192357
> Final Route:
Truck 0 [len = 30]: 0 --> 172 --> 162 --> 160 --> 159 --> 177 --> 208 --> 200 --> 207 --> 221 --> 210 --> 225 --> 82 --> 76 --> 85 --> 112 --> 113 --> 8 --> 68 --> 146 --> 209 --> 158 --> 95 --> 17 --> 84 --> 52 --> 20 --> 61 --> 4 --> 72
Truck 1 [len = 61]: 0 --> 74 --> 80 --> 30 --> 47 --> 33 --> 97 --> 89 --> 92 --> 149 --> 157 --> 150 --> 199 --> 192 --> 202 --> 173 --> 188 --> 214 --> 206 --> 197 --> 198 --> 167 --> 178 --> 189 --> 36 --> 38 --> 24 --> 48 --> 139 --> 57 --> 23 --> 69 --> 29 --> 100 --> 96 --> 193 --> 163 --> 155 --> 187 --> 185 --> 138 --> 151 --> 135 --> 141 --> 140 --> 101 --> 132 --> 143 --> 147 --> 176 --> 161 --> 142 --> 64 --> 10 --> 5 --> 12 --> 16 --> 65 --> 102 --> 110 --> 15
Truck 2 [len = 32]: 0 --> 128 --> 121 --> 127 --> 179 --> 145 --> 105 --> 118 --> 120 --> 181 --> 119 --> 211 --> 204 --> 174 --> 190 --> 215 --> 191 --> 134 --> 2 --> 77 --> 1 --> 67 --> 13 --> 46 --> 168 --> 169 --> 154 --> 91 --> 79 --> 9 --> 73 --> 81
Truck 3 [len = 50]: 0 --> 75 --> 66 --> 7 --> 194 --> 28 --> 41 --> 44 --> 50 --> 51 --> 49 --> 43 --> 26 --> 31 --> 45 --> 21 --> 22 --> 27 --> 184 --> 203 --> 104 --> 14 --> 60 --> 133 --> 62 --> 131 --> 220 --> 224 --> 213 --> 216 --> 195 --> 18 --> 11 --> 3 --> 6 --> 83 --> 56 --> 218 --> 32 --> 144 --> 153 --> 88 --> 34 --> 137 --> 103 --> 115 --> 164 --> 87 --> 86 --> 114
Truck 4 [len = 57]: 0 --> 40 --> 156 --> 90 --> 165 --> 116 --> 108 --> 223 --> 219 --> 126 --> 94 --> 25 --> 205 --> 212 --> 222 --> 124 --> 129 --> 106 --> 123 --> 125 --> 35 --> 42 --> 99 --> 98 --> 55 --> 39 --> 58 --> 63 --> 59 --> 53 --> 54 --> 37 --> 111 --> 117 --> 107 --> 70 --> 122 --> 201 --> 183 --> 170 --> 171 --> 186 --> 182 --> 180 --> 152 --> 166 --> 136 --> 217 --> 109 --> 130 --> 148 --> 196 --> 93 --> 175 --> 78 --> 71 --> 19
> Generation - Distance curve saved to fig/pr226_baseline_30_5_1000_100_10_20211216_19_57_48/20211216_20_35_40.png.
