--> Running ID = 16
> Loading cities from instances/pr226.txt
	>> 226 cities in total to be loaded
> 226 cities loaded from instances/pr226.txt
> Initial distance: 1617519.863531
> Starting running GA.
	>> cities = 226, salesmen = 5
	>> Generations = 1000, PopulationSize = 100, TournamentSize = 10
# Generation Distance
% 1 1586650.997105
% 2 1574530.141058
% 3 1552292.157135
% 4 1539942.427176
% 5 1526618.977962
% 6 1523772.077896
% 7 1506284.499561
% 8 1509214.511803
% 9 1499308.766584
% 10 1485822.949140
% 11 1473629.914322
% 12 1474355.325185
% 13 1464323.761570
% 14 1452472.675354
% 15 1436748.879613
% 16 1446711.328241
% 17 1416724.799266
% 18 1408940.532233
% 19 1393582.365893
% 20 1390572.202049
% 21 1389576.614024
% 22 1376564.598138
% 23 1380854.035506
% 24 1372483.936769
% 25 1363903.333566
% 26 1344409.429294
% 27 1345361.231308
% 28 1334475.726551
% 29 1328480.710561
% 30 1325958.694952
% 31 1311464.068923
% 32 1293514.543527
% 33 1306425.184589
% 34 1296074.331054
% 35 1286470.294479
% 36 1278251.466459
% 37 1268031.243130
% 38 1266100.670833
% 39 1268104.059720
% 40 1261704.767660
% 41 1256235.620631
% 42 1247892.283618
% 43 1248404.407994
% 44 1247000.072099
% 45 1249772.173660
% 46 1221417.798336
% 47 1206875.456566
% 48 1193374.273789
% 49 1200822.362475
% 50 1201480.561695
% 51 1211297.682095
% 52 1213999.793218
% 53 1186576.253363
% 54 1191901.390273
% 55 1177488.180467
% 56 1166203.848138
% 57 1166212.635296
% 58 1178411.194331
% 59 1169384.390616
% 60 1161253.225047
% 61 1167724.669667
% 62 1155336.455993
% 63 1145286.266233
% 64 1160943.597391
% 65 1133339.664966
% 66 1143709.018990
% 67 1125052.517594
% 68 1118712.958654
% 69 1124412.914450
% 70 1102578.339035
% 71 1087406.522458
% 72 1097830.474044
% 73 1077904.480154
% 74 1072815.862382
% 75 1059233.735001
% 76 1069281.256755
% 77 1070993.579483
% 78 1080620.806765
% 79 1075341.606544
% 80 1068563.723037
% 81 1066265.974332
% 82 1086565.036535
% 83 1082416.209259
% 84 1082912.083463
% 85 1064918.120351
% 86 1086038.778330
% 87 1071715.277573
% 88 1057296.688640
% 89 1051160.992716
% 90 1046625.200318
% 91 1036802.722695
% 92 1028808.815765
% 93 1016644.265691
% 94 1021030.436143
% 95 1026158.492889
% 96 1007991.316182
% 97 1024984.947831
% 98 1033223.587478
% 99 1023267.427221
% 100 1016714.219333
% 101 1053933.407245
% 102 1027622.749053
% 103 1040967.743189
% 104 1049752.999144
% 105 1040741.392219
% 106 1043093.258487
% 107 1045560.732797
% 108 1057752.672221
% 109 1053907.767498
% 110 1047749.556384
% 111 1039305.795015
% 112 1036444.722687
% 113 1040601.140821
% 114 1029554.974705
% 115 1033510.737828
% 116 1038598.149685
% 117 1016285.044435
% 118 1023526.530167
% 119 995964.489405
% 120 1006556.829401
% 121 1008142.582801
% 122 1017773.765752
% 123 1008054.160612
% 124 1006604.928550
% 125 1012227.293919
% 126 1014484.991762
% 127 1004086.436256
% 128 997848.084672
% 129 1005600.311702
% 130 997046.087261
% 131 986982.372300
% 132 998877.950789
% 133 981038.862592
% 134 990561.287654
% 135 995570.430488
% 136 991707.584893
% 137 998701.270082
% 138 985313.285823
% 139 994638.197614
% 140 974378.369261
% 141 975053.008113
% 142 984172.087047
% 143 991319.136820
% 144 999563.395089
% 145 991446.896511
% 146 982721.030397
% 147 976198.146422
% 148 975957.935426
% 149 977908.178457
% 150 963438.679435
% 151 969987.984892
% 152 964960.596851
% 153 960980.923245
% 154 972542.536285
% 155 976054.468378
% 156 960726.238361
% 157 966803.295765
% 158 980257.353595
% 159 963231.933472
% 160 959926.872768
% 161 970523.341335
% 162 992347.567364
% 163 982888.561876
% 164 971516.100464
% 165 983842.160432
% 166 989768.548016
% 167 986400.870153
% 168 969788.281232
% 169 959309.701891
% 170 966024.390359
% 171 958345.755803
% 172 960125.895658
% 173 959984.890001
% 174 949742.203665
% 175 962543.124022
% 176 956435.645580
% 177 962842.110232
% 178 966338.199583
% 179 966757.548320
% 180 946820.744282
% 181 959570.154643
% 182 936737.921341
% 183 939117.890722
% 184 947918.699370
% 185 952341.873633
% 186 948727.108718
% 187 955023.380499
% 188 959032.939090
% 189 962704.429787
% 190 956257.753418
% 191 939303.100662
% 192 963079.028369
% 193 965515.314958
% 194 937441.449373
% 195 952043.846012
% 196 962784.659958
% 197 973024.700970
% 198 937916.293842
% 199 954614.519296
% 200 961913.083173
% 201 970614.959522
% 202 965730.343851
% 203 958344.268050
% 204 954715.716502
% 205 959509.495045
% 206 955258.632163
% 207 952280.738799
% 208 955730.090441
% 209 945431.241351
% 210 951325.715071
% 211 963311.928077
% 212 947644.377601
% 213 941078.450372
% 214 931233.702677
% 215 924006.683339
> Finished 215 generations with 4500180 distance calculations. GA Runtime = 162.3492 sec
> Final distance: 924006.683339
> Final Route:
Truck 0 [len = 45]: 0 --> 199 --> 218 --> 209 --> 200 --> 204 --> 119 --> 127 --> 62 --> 143 --> 93 --> 154 --> 63 --> 42 --> 39 --> 40 --> 46 --> 33 --> 92 --> 206 --> 197 --> 136 --> 183 --> 185 --> 177 --> 107 --> 126 --> 59 --> 195 --> 210 --> 120 --> 71 --> 81 --> 6 --> 15 --> 65 --> 61 --> 132 --> 64 --> 12 --> 7 --> 112 --> 91 --> 95 --> 30
Truck 1 [len = 39]: 0 --> 69 --> 198 --> 32 --> 124 --> 50 --> 20 --> 60 --> 9 --> 83 --> 130 --> 128 --> 131 --> 207 --> 114 --> 51 --> 189 --> 191 --> 141 --> 34 --> 36 --> 21 --> 115 --> 110 --> 134 --> 192 --> 188 --> 157 --> 166 --> 169 --> 155 --> 172 --> 179 --> 139 --> 76 --> 79 --> 72 --> 8 --> 84
Truck 2 [len = 49]: 0 --> 216 --> 45 --> 159 --> 145 --> 27 --> 55 --> 54 --> 89 --> 167 --> 212 --> 201 --> 125 --> 133 --> 106 --> 203 --> 149 --> 140 --> 99 --> 176 --> 156 --> 163 --> 90 --> 86 --> 150 --> 138 --> 208 --> 202 --> 219 --> 113 --> 101 --> 170 --> 158 --> 38 --> 24 --> 23 --> 26 --> 217 --> 194 --> 174 --> 142 --> 187 --> 144 --> 165 --> 186 --> 162 --> 161 --> 100 --> 25
Truck 3 [len = 59]: 0 --> 108 --> 41 --> 37 --> 29 --> 35 --> 96 --> 47 --> 117 --> 193 --> 137 --> 152 --> 97 --> 135 --> 215 --> 87 --> 173 --> 147 --> 153 --> 88 --> 16 --> 19 --> 103 --> 57 --> 182 --> 151 --> 168 --> 160 --> 178 --> 190 --> 58 --> 56 --> 48 --> 28 --> 22 --> 43 --> 44 --> 52 --> 3 --> 129 --> 116 --> 109 --> 49 --> 104 --> 82 --> 1 --> 53 --> 73 --> 13 --> 70 --> 18 --> 17 --> 98 --> 164 --> 94 --> 146 --> 225 --> 220 --> 102
Truck 4 [len = 38]: 0 --> 121 --> 221 --> 180 --> 148 --> 175 --> 184 --> 171 --> 14 --> 4 --> 31 --> 67 --> 85 --> 75 --> 11 --> 77 --> 78 --> 66 --> 10 --> 5 --> 68 --> 80 --> 111 --> 105 --> 214 --> 211 --> 123 --> 118 --> 196 --> 224 --> 223 --> 213 --> 181 --> 205 --> 222 --> 122 --> 74 --> 2
> Generation - Distance curve saved to fig/pr226_baseline_30_5_1000_100_10_20211216_19_57_48/20211216_20_38_25.png.
