--> Running ID = 18
> Loading cities from instances/pr226.txt
	>> 226 cities in total to be loaded
> 226 cities loaded from instances/pr226.txt
> Initial distance: 1607839.334040
> Starting running GA.
	>> cities = 226, salesmen = 5
	>> Generations = 1000, PopulationSize = 100, TournamentSize = 10
# Generation Distance
% 1 1572444.251933
% 2 1567626.519669
% 3 1545562.050713
% 4 1531204.067540
% 5 1492981.082819
% 6 1468695.221385
% 7 1446029.495004
% 8 1430315.949973
% 9 1442283.247616
% 10 1422995.901887
% 11 1400567.804722
% 12 1381097.362481
% 13 1383256.479053
% 14 1362983.538721
% 15 1359911.089639
% 16 1347864.551502
% 17 1332533.978984
% 18 1336523.336610
% 19 1333852.541660
% 20 1307975.446443
% 21 1291159.083882
% 22 1299261.345967
% 23 1272307.115698
% 24 1274727.296870
% 25 1267833.031110
% 26 1254124.366678
% 27 1243097.720127
% 28 1248002.210390
% 29 1252239.760794
% 30 1245033.824088
% 31 1239828.356888
% 32 1243140.906286
% 33 1230010.070476
% 34 1232678.386070
% 35 1198197.148385
% 36 1189707.001531
% 37 1179793.488965
% 38 1166051.002640
% 39 1191802.238769
% 40 1165870.048101
% 41 1167513.422589
% 42 1178568.885534
% 43 1166964.730092
% 44 1168263.748310
% 45 1157241.418592
% 46 1158130.342778
% 47 1150039.451423
% 48 1133913.722250
% 49 1136351.430242
% 50 1129892.474253
% 51 1136379.152102
% 52 1122011.929471
% 53 1121537.185337
% 54 1125976.333755
% 55 1111675.160978
% 56 1111204.340998
% 57 1089614.201475
% 58 1086911.116854
% 59 1071583.107181
% 60 1077387.804315
% 61 1071798.562500
% 62 1072923.668355
% 63 1064875.257867
% 64 1056782.617005
% 65 1052261.039396
% 66 1044932.781661
% 67 1042814.261033
% 68 1058096.938545
% 69 1055883.386948
% 70 1043338.224722
% 71 1028165.967668
% 72 1008816.409787
% 73 1020888.119793
% 74 1022921.307798
% 75 1014601.685858
% 76 1026638.462327
% 77 1024129.306134
% 78 1020918.769934
% 79 1030867.406161
% 80 1045277.267413
% 81 1032093.686120
% 82 1030627.854756
% 83 1044541.268353
% 84 1040732.738304
% 85 1025927.297137
% 86 1035589.900377
% 87 1018327.014001
% 88 1026250.665093
% 89 1004208.144875
% 90 1017230.854403
% 91 1022903.396453
% 92 1012421.093284
% 93 1003146.375604
% 94 998840.084246
% 95 1009527.001638
% 96 1018345.435898
% 97 1034630.492822
% 98 1040001.942734
% 99 1036191.794832
% 100 1049006.096953
% 101 1060196.301146
% 102 1058678.545389
% 103 1053684.560024
% 104 1048747.468767
% 105 1045999.463840
% 106 1038622.847306
% 107 1034553.367130
% 108 1014396.083420
% 109 1031870.038931
% 110 1024762.581968
% 111 999500.125691
% 112 997603.965138
% 113 992422.556090
% 114 999819.446060
% 115 1001298.546375
% 116 1003038.372124
% 117 996738.457711
% 118 986858.575072
% 119 990325.683602
% 120 992020.514128
% 121 996946.879953
% 122 1012433.835000
% 123 991560.113076
% 124 981737.369461
% 125 990772.023473
% 126 970811.390598
% 127 979746.088641
% 128 980315.105771
% 129 971613.598239
% 130 964441.221526
% 131 949219.176835
% 132 973741.986847
% 133 970850.247300
% 134 966863.393546
% 135 961430.060458
% 136 969641.189026
% 137 957805.078815
% 138 973040.311930
% 139 967972.408622
% 140 979086.470344
% 141 952654.731180
% 142 970993.562644
% 143 991839.572250
% 144 985982.632510
% 145 979767.360796
% 146 964072.702225
% 147 958624.303179
% 148 960557.880367
% 149 964216.635654
% 150 960333.036011
% 151 953905.018181
% 152 944079.642186
% 153 961217.442297
% 154 956514.043927
% 155 946808.960592
% 156 949874.184909
% 157 933657.169929
% 158 935847.119076
% 159 927419.586859
% 160 936611.685454
% 161 936948.890686
% 162 932316.449516
% 163 911929.374169
% 164 933314.795142
% 165 930929.697658
% 166 910169.153150
% 167 917276.706269
% 168 906108.650282
% 169 910963.158029
% 170 915202.938958
% 171 920825.996476
% 172 903762.991981
% 173 905679.891641
% 174 891085.723456
% 175 902483.421761
% 176 892484.114348
% 177 891302.790173
% 178 897660.011833
% 179 881254.984895
% 180 877059.812820
% 181 877109.373447
% 182 872322.229429
% 183 873274.520369
% 184 885620.616776
% 185 885511.850275
% 186 876358.842044
% 187 850001.398032
% 188 864808.530448
% 189 856159.599181
% 190 858998.353732
% 191 857307.328841
% 192 869207.725725
% 193 851057.986220
% 194 862354.848053
% 195 853510.836594
% 196 845756.680512
% 197 847581.336189
% 198 847117.753105
% 199 828553.009665
% 200 828456.748018
% 201 831434.127898
% 202 842462.108854
% 203 839461.956534
% 204 842502.358097
% 205 841337.599923
% 206 849564.933177
% 207 856467.764493
% 208 852156.169635
% 209 848011.078071
% 210 860573.643165
% 211 851238.593235
% 212 847587.171953
% 213 851270.571732
% 214 867446.019842
% 215 876869.289281
> Finished 215 generations with 4501790 distance calculations. GA Runtime = 161.6273 sec
> Final distance: 828456.748018
> Final Route:
Truck 0 [len = 44]: 0 --> 84 --> 206 --> 217 --> 104 --> 36 --> 20 --> 91 --> 148 --> 143 --> 141 --> 147 --> 192 --> 204 --> 132 --> 130 --> 110 --> 80 --> 77 --> 72 --> 81 --> 117 --> 113 --> 79 --> 67 --> 13 --> 105 --> 106 --> 111 --> 56 --> 65 --> 55 --> 7 --> 73 --> 50 --> 30 --> 23 --> 29 --> 98 --> 170 --> 51 --> 66 --> 5 --> 6
Truck 1 [len = 58]: 0 --> 9 --> 114 --> 68 --> 69 --> 88 --> 159 --> 155 --> 156 --> 144 --> 154 --> 173 --> 134 --> 178 --> 185 --> 187 --> 39 --> 33 --> 34 --> 44 --> 59 --> 175 --> 161 --> 151 --> 87 --> 96 --> 99 --> 15 --> 76 --> 4 --> 115 --> 109 --> 118 --> 223 --> 222 --> 186 --> 168 --> 145 --> 166 --> 138 --> 182 --> 142 --> 201 --> 209 --> 193 --> 203 --> 200 --> 123 --> 17 --> 14 --> 70 --> 10 --> 18 --> 3 --> 25 --> 27 --> 107 --> 71
Truck 2 [len = 39]: 0 --> 11 --> 64 --> 82 --> 85 --> 78 --> 1 --> 16 --> 8 --> 108 --> 122 --> 213 --> 221 --> 202 --> 218 --> 172 --> 160 --> 92 --> 90 --> 176 --> 183 --> 180 --> 189 --> 158 --> 163 --> 95 --> 146 --> 124 --> 129 --> 207 --> 211 --> 120 --> 149 --> 97 --> 86 --> 41 --> 47 --> 49 --> 220
Truck 3 [len = 54]: 0 --> 74 --> 75 --> 54 --> 28 --> 35 --> 205 --> 199 --> 165 --> 188 --> 157 --> 169 --> 219 --> 215 --> 128 --> 181 --> 136 --> 139 --> 137 --> 94 --> 43 --> 45 --> 38 --> 167 --> 127 --> 225 --> 214 --> 125 --> 150 --> 177 --> 174 --> 196 --> 210 --> 197 --> 93 --> 101 --> 100 --> 63 --> 121 --> 198 --> 195 --> 37 --> 61 --> 62 --> 164 --> 152 --> 184 --> 153 --> 162 --> 131 --> 102 --> 191 --> 208 --> 140
Truck 4 [len = 35]: 0 --> 112 --> 103 --> 133 --> 179 --> 171 --> 52 --> 53 --> 48 --> 24 --> 22 --> 58 --> 135 --> 116 --> 212 --> 2 --> 57 --> 21 --> 46 --> 40 --> 42 --> 32 --> 89 --> 224 --> 194 --> 190 --> 60 --> 26 --> 31 --> 19 --> 83 --> 119 --> 126 --> 216 --> 12
> Generation - Distance curve saved to fig/pr226_baseline_30_5_1000_100_10_20211216_19_57_48/20211216_20_43_44.png.
