--> Running ID = 26
> Loading cities from instances/pr226.txt
	>> 226 cities in total to be loaded
> 226 cities loaded from instances/pr226.txt
> Initial distance: 1607153.484815
> Starting running GA.
	>> cities = 226, salesmen = 5
	>> Generations = 1000, PopulationSize = 100, TournamentSize = 10
# Generation Distance
% 1 1563346.537285
% 2 1565268.609237
% 3 1538801.439948
% 4 1535488.381677
% 5 1524251.859806
% 6 1507709.540414
% 7 1488802.157257
% 8 1454285.570557
% 9 1439168.686649
% 10 1437015.862911
% 11 1425599.286315
% 12 1424613.066578
% 13 1429916.429772
% 14 1398549.513950
% 15 1400789.391538
% 16 1370765.529412
% 17 1350374.939269
% 18 1352259.134478
% 19 1342090.190163
% 20 1332905.026903
% 21 1320665.082264
% 22 1322029.602247
% 23 1307834.813002
% 24 1310770.741467
% 25 1294108.734456
% 26 1289933.542339
% 27 1270468.055072
% 28 1248341.622064
% 29 1261834.728326
% 30 1243400.688664
% 31 1237300.397349
% 32 1233925.903743
% 33 1226468.143035
% 34 1220427.049931
% 35 1223963.901689
% 36 1197573.593475
% 37 1187974.181129
% 38 1195457.686352
% 39 1197982.150112
% 40 1204463.948649
% 41 1181048.182722
% 42 1179255.438188
% 43 1177550.951174
% 44 1160823.551116
% 45 1154871.017285
% 46 1152145.475484
% 47 1146577.334114
% 48 1130382.447432
% 49 1122196.388393
% 50 1120263.688556
% 51 1125429.676995
% 52 1116395.228258
% 53 1108584.236038
% 54 1112166.851248
% 55 1104857.203159
% 56 1070091.040707
% 57 1064686.678217
% 58 1043746.959794
% 59 1054687.917289
% 60 1054532.622243
% 61 1053523.710107
% 62 1064742.155258
% 63 1053285.972521
% 64 1050275.715174
% 65 1063012.357638
% 66 1056995.331030
% 67 1048319.476430
% 68 1037263.539088
% 69 1032416.466356
% 70 1035742.536855
% 71 1040149.486787
% 72 1024170.420479
% 73 1033124.276613
% 74 1026961.657862
% 75 1006924.163246
% 76 1012811.553076
% 77 1005888.859614
% 78 1001221.698320
% 79 995971.443793
% 80 993074.060651
% 81 997756.071233
% 82 1004822.438043
% 83 1003377.173721
% 84 1005906.694422
% 85 1000066.579024
% 86 1001629.571411
% 87 1007107.882639
% 88 1016405.660982
% 89 1016240.754156
% 90 1011719.399110
% 91 1016232.685141
% 92 1007051.048246
% 93 1018918.633787
% 94 1011177.455167
% 95 993292.723329
% 96 989206.003473
% 97 998823.009061
% 98 1001738.399743
% 99 999939.405778
% 100 1003823.915910
% 101 991996.437182
% 102 978276.317296
% 103 949286.207035
% 104 968249.662931
% 105 950163.355988
% 106 934188.860451
% 107 949755.920342
% 108 945328.456918
% 109 950338.646205
% 110 940432.709986
% 111 951516.773652
% 112 931650.561566
% 113 948699.161903
% 114 946223.126219
% 115 939018.984804
% 116 955477.652010
% 117 948845.371411
% 118 954695.762952
% 119 966740.815256
% 120 946318.576131
% 121 963457.433190
% 122 945882.458502
% 123 937170.506417
% 124 936384.824673
% 125 940152.821802
% 126 927677.491788
% 127 942364.041522
% 128 949899.066101
% 129 942058.129845
% 130 959441.304830
% 131 941162.909834
% 132 948762.803789
% 133 958861.019339
% 134 970013.251315
% 135 972653.688128
% 136 979492.466087
% 137 966874.098155
% 138 969057.869908
% 139 960100.045471
% 140 969387.546513
% 141 973751.596421
% 142 977304.766376
% 143 979951.951321
% 144 975925.119015
% 145 985233.043333
% 146 980775.401455
% 147 986294.928117
% 148 984949.600090
% 149 981062.929828
% 150 979373.005033
% 151 965406.968688
% 152 983392.712963
% 153 984431.930046
% 154 992814.370173
% 155 979820.530015
% 156 997801.297927
% 157 980918.251188
% 158 976824.723850
% 159 981688.395578
% 160 969449.302893
% 161 994956.041761
% 162 986472.472462
% 163 987213.631723
% 164 985767.187434
% 165 985548.774701
% 166 982408.079659
% 167 982538.556757
% 168 974123.244848
% 169 984139.591589
% 170 977750.926028
% 171 987145.980625
% 172 969380.040676
% 173 970887.392727
% 174 962152.143815
% 175 972306.381815
% 176 968699.734001
% 177 963685.042378
% 178 965323.105129
% 179 959830.096732
% 180 963940.326177
% 181 948618.909439
% 182 961934.479481
% 183 972286.889679
% 184 963543.181887
% 185 966091.981401
% 186 980145.773361
% 187 975497.498977
% 188 989033.780981
% 189 982035.108398
% 190 963041.890787
% 191 973720.307055
% 192 983177.819641
% 193 972188.443365
% 194 976009.306036
% 195 979415.037980
% 196 977616.780790
% 197 986049.018003
% 198 986051.667962
% 199 980988.113759
% 200 985158.044860
% 201 1004021.426784
% 202 991934.599075
% 203 999093.581212
% 204 1004174.448838
% 205 1014045.269971
% 206 1022590.975869
% 207 1004274.475718
% 208 1007562.133159
% 209 1005172.225537
% 210 989584.597260
% 211 973621.428946
% 212 963750.531830
% 213 973198.265875
% 214 976278.982838
% 215 965533.149176
% 216 992539.304137
> Finished 216 generations with 4513980 distance calculations. GA Runtime = 164.5570 sec
> Final distance: 927677.491788
> Final Route:
Truck 0 [len = 55]: 0 --> 112 --> 216 --> 224 --> 207 --> 120 --> 84 --> 24 --> 28 --> 46 --> 35 --> 30 --> 110 --> 127 --> 212 --> 210 --> 180 --> 176 --> 11 --> 48 --> 40 --> 138 --> 145 --> 144 --> 134 --> 195 --> 151 --> 55 --> 6 --> 114 --> 109 --> 130 --> 85 --> 27 --> 14 --> 17 --> 9 --> 61 --> 51 --> 113 --> 111 --> 121 --> 3 --> 74 --> 133 --> 211 --> 104 --> 26 --> 18 --> 193 --> 199 --> 208 --> 219 --> 215 --> 213
Truck 1 [len = 26]: 0 --> 78 --> 83 --> 73 --> 79 --> 10 --> 67 --> 81 --> 63 --> 13 --> 76 --> 19 --> 12 --> 161 --> 164 --> 155 --> 99 --> 135 --> 122 --> 222 --> 220 --> 221 --> 106 --> 189 --> 57 --> 75
Truck 2 [len = 67]: 0 --> 108 --> 187 --> 143 --> 204 --> 165 --> 168 --> 169 --> 129 --> 209 --> 217 --> 123 --> 131 --> 103 --> 190 --> 148 --> 89 --> 86 --> 94 --> 101 --> 91 --> 139 --> 53 --> 5 --> 77 --> 218 --> 93 --> 142 --> 167 --> 136 --> 153 --> 88 --> 100 --> 65 --> 223 --> 70 --> 66 --> 16 --> 126 --> 185 --> 92 --> 95 --> 137 --> 141 --> 159 --> 184 --> 156 --> 162 --> 147 --> 31 --> 36 --> 34 --> 43 --> 64 --> 21 --> 32 --> 25 --> 54 --> 178 --> 170 --> 59 --> 2 --> 80 --> 72 --> 7 --> 47 --> 20
Truck 3 [len = 53]: 0 --> 4 --> 181 --> 22 --> 42 --> 39 --> 152 --> 52 --> 132 --> 105 --> 96 --> 154 --> 97 --> 163 --> 166 --> 158 --> 183 --> 214 --> 225 --> 128 --> 50 --> 41 --> 45 --> 146 --> 160 --> 203 --> 201 --> 202 --> 117 --> 115 --> 102 --> 124 --> 205 --> 44 --> 49 --> 68 --> 60 --> 198 --> 62 --> 182 --> 174 --> 171 --> 175 --> 172 --> 177 --> 150 --> 196 --> 197 --> 200 --> 192 --> 71 --> 1 --> 82
Truck 4 [len = 29]: 0 --> 8 --> 116 --> 194 --> 119 --> 33 --> 90 --> 140 --> 188 --> 157 --> 186 --> 179 --> 58 --> 87 --> 149 --> 98 --> 107 --> 173 --> 191 --> 118 --> 206 --> 69 --> 56 --> 38 --> 29 --> 37 --> 23 --> 125 --> 15
> Generation - Distance curve saved to fig/pr226_baseline_30_5_1000_100_10_20211216_19_57_48/20211216_21_06_14.png.
