--> Running ID = 20
> Loading cities from instances/pr226.txt
	>> 226 cities in total to be loaded
> 226 cities loaded from instances/pr226.txt
> Initial distance: 1635167.533946
> Starting running GA.
	>> cities = 226, salesmen = 5
	>> Generations = 1000, PopulationSize = 100, TournamentSize = 10
# Generation Distance
% 1 1601963.664935
% 2 1577920.678640
% 3 1584859.740161
% 4 1576218.366459
% 5 1555308.675093
% 6 1523439.185276
% 7 1524666.800174
% 8 1513454.327879
% 9 1500017.851714
% 10 1490591.406501
% 11 1496813.083417
% 12 1482783.699378
% 13 1486700.863383
% 14 1459589.433956
% 15 1445061.009307
% 16 1439729.868925
% 17 1430251.476906
% 18 1415117.320454
% 19 1398749.418238
% 20 1383314.150765
% 21 1381539.885971
% 22 1356283.177674
% 23 1347647.857618
% 24 1362650.476442
% 25 1348937.053094
% 26 1342041.786213
% 27 1334006.698452
% 28 1337196.415194
% 29 1338148.006106
% 30 1336018.339586
% 31 1324136.828804
% 32 1319909.932088
% 33 1333005.647295
% 34 1330030.732590
% 35 1319765.863880
% 36 1305012.324735
% 37 1293595.125518
% 38 1289034.579513
% 39 1291560.311497
% 40 1279986.749257
% 41 1265597.952145
% 42 1246340.907134
% 43 1252123.041820
% 44 1237369.972516
% 45 1237250.222945
% 46 1222416.886547
% 47 1216499.782127
% 48 1200225.460794
% 49 1201669.323747
% 50 1204138.136028
% 51 1191087.905705
% 52 1190132.558717
% 53 1160993.619480
% 54 1159892.665101
% 55 1162412.790709
% 56 1171270.334124
% 57 1150276.398162
% 58 1156414.835492
% 59 1148429.147128
% 60 1164526.460657
% 61 1170661.780791
% 62 1169762.163762
% 63 1161231.685101
% 64 1150872.011079
% 65 1164316.095400
% 66 1164337.241638
% 67 1156853.932856
% 68 1162140.536923
% 69 1163332.079281
% 70 1166884.832494
% 71 1165530.171827
% 72 1150125.109672
% 73 1163234.928142
% 74 1148272.059149
% 75 1141492.385210
% 76 1146552.775438
% 77 1146855.777783
% 78 1153646.613813
% 79 1143256.718082
% 80 1130421.777898
% 81 1129622.858074
% 82 1114883.476258
% 83 1120235.040842
% 84 1123300.653952
% 85 1120963.669984
% 86 1116889.040297
% 87 1116662.337870
% 88 1107442.724947
% 89 1106383.977743
% 90 1096952.050536
% 91 1078923.295119
% 92 1070554.688202
% 93 1074858.566415
% 94 1056089.456052
% 95 1066780.175892
% 96 1065124.205604
% 97 1067119.380109
% 98 1078086.825616
% 99 1071695.469632
% 100 1063572.210142
% 101 1076737.401660
% 102 1077647.186070
% 103 1065728.644235
% 104 1054213.844228
% 105 1068016.091707
% 106 1039939.709969
% 107 1056669.892126
% 108 1070740.746588
% 109 1048593.385351
% 110 1045496.283517
% 111 1050719.388167
% 112 1047122.725545
% 113 1041747.922504
% 114 1047307.380130
% 115 1040905.766404
% 116 1026746.899809
% 117 1033254.823331
% 118 1021767.755238
% 119 1021391.496250
% 120 1012446.818152
% 121 1000658.923497
% 122 1002338.599088
% 123 1001597.143582
% 124 995647.505020
% 125 987040.065908
% 126 983247.160194
% 127 1000318.988399
% 128 972749.236367
% 129 961648.294844
% 130 959535.097092
% 131 971498.032881
% 132 979081.889777
% 133 970964.463294
% 134 955908.358617
% 135 963220.295506
% 136 948481.707314
% 137 946792.711750
% 138 948719.304295
% 139 950814.165335
% 140 953089.770292
% 141 948896.035636
% 142 953176.818211
% 143 955024.149961
% 144 953676.271654
% 145 969585.031906
% 146 951642.759776
% 147 960864.981943
% 148 968320.518030
% 149 954208.049633
% 150 956593.780611
% 151 953403.089826
% 152 964226.586684
% 153 951226.877367
% 154 966471.412585
% 155 954189.947688
% 156 953950.668472
% 157 956169.355118
% 158 946304.211311
% 159 939995.182347
% 160 941852.155355
% 161 941192.098481
% 162 936863.284664
% 163 933081.878881
% 164 932951.639723
% 165 909121.287568
% 166 921117.232486
% 167 911172.071197
% 168 913701.580205
% 169 919448.665066
% 170 922672.336743
% 171 917570.504405
% 172 925002.751086
% 173 935855.656622
% 174 913601.176759
% 175 919334.649287
% 176 921246.399565
% 177 918392.980470
% 178 902085.630591
% 179 924113.953217
% 180 930880.645432
% 181 932624.838356
% 182 928781.145229
% 183 929647.160690
% 184 924585.231972
% 185 920503.906397
% 186 946154.653105
% 187 949977.374380
% 188 940863.641641
% 189 953607.372651
% 190 955996.125699
% 191 960258.047212
% 192 949625.774182
% 193 934091.842146
% 194 953152.331888
% 195 951679.903678
% 196 965236.619111
% 197 939515.925940
% 198 949849.315405
% 199 950817.262996
% 200 957447.166954
% 201 937542.395759
% 202 951033.763665
% 203 942301.080438
% 204 942482.473340
% 205 931301.199420
% 206 936050.589172
% 207 932164.750707
% 208 931855.164289
% 209 942882.717183
% 210 957196.343610
% 211 970002.391644
% 212 962440.530220
% 213 955297.736694
% 214 960808.776876
% 215 944979.195818
> Finished 215 generations with 4506390 distance calculations. GA Runtime = 161.6637 sec
> Final distance: 902085.630591
> Final Route:
Truck 0 [len = 59]: 0 --> 68 --> 72 --> 3 --> 16 --> 30 --> 160 --> 155 --> 86 --> 138 --> 96 --> 172 --> 173 --> 141 --> 144 --> 64 --> 128 --> 209 --> 217 --> 213 --> 69 --> 20 --> 23 --> 27 --> 61 --> 58 --> 34 --> 210 --> 29 --> 44 --> 134 --> 195 --> 197 --> 163 --> 94 --> 19 --> 1 --> 70 --> 11 --> 82 --> 79 --> 112 --> 107 --> 196 --> 218 --> 225 --> 119 --> 106 --> 203 --> 123 --> 215 --> 199 --> 223 --> 214 --> 219 --> 206 --> 204 --> 190 --> 140
Truck 1 [len = 27]: 0 --> 13 --> 222 --> 186 --> 189 --> 87 --> 171 --> 81 --> 4 --> 15 --> 76 --> 116 --> 59 --> 49 --> 22 --> 135 --> 53 --> 121 --> 194 --> 43 --> 109 --> 110 --> 24 --> 103 --> 191 --> 145 --> 50
Truck 2 [len = 65]: 0 --> 73 --> 83 --> 85 --> 77 --> 114 --> 115 --> 148 --> 182 --> 181 --> 89 --> 130 --> 113 --> 108 --> 54 --> 129 --> 133 --> 105 --> 131 --> 224 --> 127 --> 62 --> 102 --> 66 --> 38 --> 9 --> 75 --> 161 --> 153 --> 150 --> 151 --> 142 --> 92 --> 100 --> 212 --> 56 --> 185 --> 211 --> 208 --> 132 --> 104 --> 122 --> 200 --> 124 --> 192 --> 201 --> 177 --> 168 --> 156 --> 159 --> 162 --> 179 --> 187 --> 166 --> 175 --> 169 --> 137 --> 60 --> 57 --> 65 --> 2 --> 8 --> 93 --> 88 --> 120
Truck 3 [len = 39]: 0 --> 71 --> 5 --> 205 --> 193 --> 32 --> 18 --> 63 --> 42 --> 17 --> 48 --> 55 --> 51 --> 46 --> 39 --> 47 --> 164 --> 139 --> 183 --> 202 --> 207 --> 216 --> 91 --> 146 --> 95 --> 149 --> 152 --> 45 --> 36 --> 40 --> 101 --> 170 --> 188 --> 167 --> 198 --> 78 --> 80 --> 67 --> 7
Truck 4 [len = 40]: 0 --> 74 --> 14 --> 84 --> 6 --> 10 --> 12 --> 35 --> 111 --> 118 --> 221 --> 117 --> 99 --> 28 --> 97 --> 90 --> 31 --> 52 --> 41 --> 37 --> 143 --> 26 --> 33 --> 25 --> 21 --> 136 --> 178 --> 184 --> 154 --> 147 --> 157 --> 158 --> 180 --> 98 --> 174 --> 165 --> 176 --> 126 --> 125 --> 220
> Generation - Distance curve saved to fig/pr226_baseline_30_5_1000_100_10_20211216_19_57_48/20211216_20_49_36.png.
