--> Running ID = 30
> Loading cities from instances/pr226.txt
	>> 226 cities in total to be loaded
> 226 cities loaded from instances/pr226.txt
> Initial distance: 1613068.098397
> Starting running GA.
	>> cities = 226, salesmen = 5
	>> Generations = 1000, PopulationSize = 100, TournamentSize = 10
# Generation Distance
% 1 1584694.030430
% 2 1577764.942255
% 3 1569837.209598
% 4 1545233.736620
% 5 1517872.376421
% 6 1496772.136483
% 7 1483558.881636
% 8 1493904.314069
% 9 1471876.929774
% 10 1467224.144629
% 11 1439697.248473
% 12 1420396.819055
% 13 1423285.722436
% 14 1417672.808234
% 15 1403431.607322
% 16 1394256.248735
% 17 1385209.448139
% 18 1388548.173171
% 19 1359672.624953
% 20 1354271.258249
% 21 1343203.408393
% 22 1330977.741577
% 23 1313597.277313
% 24 1309655.574393
% 25 1299146.203374
% 26 1310484.773645
% 27 1278190.451802
% 28 1289649.471916
% 29 1274830.888905
% 30 1276537.062416
% 31 1281766.170635
% 32 1275236.572931
% 33 1270028.087648
% 34 1255117.232191
% 35 1246633.212565
% 36 1241435.895487
% 37 1246963.157571
% 38 1235677.033674
% 39 1243915.650343
% 40 1243380.706204
% 41 1225863.874321
% 42 1219378.235804
% 43 1203764.875761
% 44 1207654.520932
% 45 1216223.639825
% 46 1225821.439504
% 47 1206627.854512
% 48 1185247.217047
% 49 1197009.280584
% 50 1192524.135610
% 51 1189163.037327
% 52 1159288.236439
% 53 1171625.671535
% 54 1165932.820631
% 55 1163356.540216
% 56 1137199.540131
% 57 1137374.612393
% 58 1137995.910627
% 59 1127759.044611
% 60 1126057.524903
% 61 1120059.744041
% 62 1124215.889864
% 63 1085707.470490
% 64 1082484.616966
% 65 1072729.059353
% 66 1081733.770512
% 67 1076226.440665
% 68 1071486.152348
% 69 1072467.894542
% 70 1054476.276217
% 71 1064088.969967
% 72 1072300.999918
% 73 1073007.823411
% 74 1067930.676768
% 75 1066425.017671
% 76 1074830.729981
% 77 1066525.854018
% 78 1069701.656111
% 79 1064787.750699
% 80 1036346.955123
% 81 1050344.035424
% 82 1050180.649919
% 83 1054678.493315
% 84 1055611.742748
% 85 1060416.917354
% 86 1042353.005274
% 87 1051065.940568
% 88 1043238.476947
% 89 1039494.504672
% 90 1034130.817569
% 91 1029546.950675
% 92 1034757.198847
% 93 1021368.204748
% 94 1011619.730207
% 95 1012088.265473
% 96 1008478.111273
% 97 1004425.762631
% 98 1013669.116468
% 99 996095.368671
% 100 997246.336445
% 101 1000401.239005
% 102 997524.517827
% 103 1000720.736113
% 104 998502.560283
% 105 983378.750100
% 106 985345.368920
% 107 997099.406349
% 108 977045.331952
% 109 954142.302861
% 110 936706.287727
% 111 951711.285512
% 112 964736.626217
% 113 955158.522161
% 114 953487.257235
% 115 939081.764260
% 116 953884.572753
% 117 938490.715327
% 118 954045.259190
% 119 951551.493366
% 120 940088.258429
% 121 948075.601245
% 122 933328.544924
% 123 948448.546581
% 124 942156.906006
% 125 965683.208871
% 126 970286.806075
% 127 967962.491817
% 128 980653.980323
% 129 977813.306600
% 130 975678.326383
% 131 986768.587602
% 132 995653.001951
% 133 988766.641250
% 134 988025.659581
% 135 990875.483633
% 136 1010436.558493
% 137 996174.858819
% 138 1003206.711810
% 139 1005938.342114
% 140 1005472.696886
% 141 1007383.590455
% 142 1000475.453280
% 143 1009286.968689
% 144 1003614.751674
% 145 996953.755709
% 146 1002068.598325
% 147 985114.291269
% 148 1007048.355330
% 149 993643.267270
% 150 993577.225066
% 151 991128.854741
% 152 987668.037006
% 153 969928.873301
% 154 990000.390484
% 155 989557.364290
% 156 1001346.191835
% 157 993912.614670
% 158 1000418.043736
% 159 1021392.207715
% 160 995413.393105
% 161 995659.888316
% 162 995923.534446
% 163 1008282.735102
% 164 996505.722418
% 165 984790.974452
% 166 972184.168240
% 167 994059.012439
% 168 989933.516579
% 169 982253.307151
% 170 974580.940979
% 171 1005481.222578
% 172 985770.162624
% 173 987979.723766
% 174 992505.628793
% 175 986300.533624
% 176 980203.528518
% 177 976679.631137
% 178 976780.861591
% 179 969385.344360
% 180 974292.952059
% 181 969719.183755
% 182 980276.799632
% 183 971047.373922
% 184 964905.837730
% 185 963102.387716
% 186 961308.549063
% 187 947348.744980
% 188 952859.322855
% 189 950900.502779
% 190 958295.253338
% 191 963163.197215
% 192 949904.752518
% 193 949948.067881
% 194 957848.904197
% 195 954612.023338
% 196 948538.175716
% 197 950630.621917
% 198 958378.241119
% 199 947497.756938
% 200 955569.120501
% 201 967735.890337
% 202 971973.576552
% 203 959050.687823
% 204 939006.307855
% 205 925499.643894
% 206 925964.060656
% 207 941501.157714
% 208 940597.639112
% 209 951413.253468
% 210 947676.719891
% 211 945632.317852
% 212 938784.666230
% 213 948162.573507
% 214 935195.279456
% 215 941711.319833
% 216 945782.712091
> Finished 216 generations with 4518580 distance calculations. GA Runtime = 167.5287 sec
> Final distance: 925499.643894
> Final Route:
Truck 0 [len = 51]: 0 --> 179 --> 181 --> 217 --> 130 --> 127 --> 140 --> 152 --> 142 --> 89 --> 144 --> 153 --> 55 --> 134 --> 192 --> 185 --> 41 --> 35 --> 131 --> 44 --> 29 --> 103 --> 99 --> 101 --> 40 --> 94 --> 171 --> 162 --> 145 --> 92 --> 61 --> 26 --> 87 --> 135 --> 188 --> 93 --> 88 --> 25 --> 58 --> 77 --> 2 --> 4 --> 111 --> 68 --> 67 --> 6 --> 64 --> 15 --> 7 --> 1 --> 72
Truck 1 [len = 76]: 0 --> 78 --> 76 --> 121 --> 120 --> 210 --> 214 --> 222 --> 205 --> 220 --> 224 --> 223 --> 104 --> 32 --> 196 --> 177 --> 178 --> 172 --> 91 --> 30 --> 45 --> 37 --> 194 --> 56 --> 47 --> 53 --> 16 --> 123 --> 198 --> 197 --> 126 --> 122 --> 212 --> 219 --> 147 --> 201 --> 128 --> 158 --> 154 --> 17 --> 139 --> 183 --> 156 --> 175 --> 161 --> 166 --> 62 --> 39 --> 95 --> 86 --> 132 --> 146 --> 138 --> 159 --> 164 --> 165 --> 96 --> 100 --> 102 --> 113 --> 221 --> 200 --> 191 --> 133 --> 206 --> 70 --> 199 --> 117 --> 218 --> 208 --> 203 --> 202 --> 207 --> 71 --> 83 --> 74
Truck 2 [len = 36]: 0 --> 80 --> 108 --> 19 --> 20 --> 46 --> 176 --> 105 --> 112 --> 3 --> 11 --> 57 --> 79 --> 82 --> 38 --> 10 --> 22 --> 148 --> 169 --> 141 --> 182 --> 149 --> 173 --> 155 --> 170 --> 174 --> 186 --> 136 --> 137 --> 31 --> 33 --> 84 --> 85 --> 81 --> 90 --> 9
Truck 3 [len = 36]: 0 --> 106 --> 114 --> 27 --> 59 --> 51 --> 180 --> 168 --> 157 --> 98 --> 34 --> 143 --> 125 --> 184 --> 163 --> 193 --> 119 --> 160 --> 167 --> 97 --> 5 --> 13 --> 8 --> 23 --> 24 --> 60 --> 48 --> 52 --> 63 --> 124 --> 187 --> 151 --> 150 --> 189 --> 54 --> 12
Truck 4 [len = 31]: 0 --> 69 --> 66 --> 115 --> 50 --> 28 --> 43 --> 42 --> 36 --> 204 --> 75 --> 110 --> 213 --> 225 --> 195 --> 129 --> 116 --> 18 --> 14 --> 21 --> 49 --> 109 --> 107 --> 65 --> 211 --> 209 --> 215 --> 216 --> 190 --> 118 --> 73
> Generation - Distance curve saved to fig/pr226_baseline_30_5_1000_100_10_20211216_19_57_48/20211216_21_17_16.png.
