--> Running ID = 17
> Loading cities from instances/pr226.txt
	>> 226 cities in total to be loaded
> 226 cities loaded from instances/pr226.txt
> Initial distance: 1650538.769620
> Starting running GA.
	>> cities = 226, salesmen = 5
	>> Generations = 1000, PopulationSize = 100, TournamentSize = 10
# Generation Distance
% 1 1607292.492844
% 2 1580231.990071
% 3 1548798.221782
% 4 1538884.952015
% 5 1543899.314750
% 6 1527034.868435
% 7 1516521.474655
% 8 1493192.381259
% 9 1491047.267726
% 10 1478805.651640
% 11 1457890.237937
% 12 1457286.924047
% 13 1429204.663278
% 14 1427457.939870
% 15 1408429.246786
% 16 1394504.080993
% 17 1391011.652313
% 18 1389537.210353
% 19 1366787.437068
% 20 1366914.532807
% 21 1365078.599161
% 22 1346258.918694
% 23 1343415.826413
% 24 1331482.076096
% 25 1332429.799841
% 26 1340618.717391
% 27 1328507.184339
% 28 1317773.178693
% 29 1322554.547531
% 30 1314591.735858
% 31 1322345.810251
% 32 1315978.208574
% 33 1300765.678089
% 34 1279482.941728
% 35 1291264.956148
% 36 1275774.923829
% 37 1278860.765409
% 38 1264217.116462
% 39 1245517.266897
% 40 1222097.230990
% 41 1230421.869666
% 42 1236106.261892
% 43 1222310.887794
% 44 1224633.140419
% 45 1205558.556645
% 46 1226641.697134
% 47 1206920.301938
% 48 1191792.143001
% 49 1181258.217884
% 50 1169968.439833
% 51 1144858.110443
% 52 1138366.837770
% 53 1128501.277401
% 54 1132525.991609
% 55 1129843.289585
% 56 1109642.177677
% 57 1114637.849455
% 58 1111995.753905
% 59 1105572.155945
% 60 1110196.973642
% 61 1108230.893050
% 62 1097680.074337
% 63 1087201.079731
% 64 1090338.017182
% 65 1074263.208729
% 66 1077268.807148
% 67 1084271.404281
% 68 1068324.385336
% 69 1052052.090888
% 70 1059026.381889
% 71 1052556.193805
% 72 1042617.270214
% 73 1045324.464708
% 74 1033525.713062
% 75 1042580.977406
% 76 1045741.118695
% 77 1028948.950471
% 78 1017994.092435
% 79 1022319.925261
% 80 1022664.355537
% 81 995205.700560
% 82 1022045.655665
% 83 1017365.493349
% 84 1010769.852732
% 85 1023165.665342
% 86 1031792.451291
% 87 1020228.627250
% 88 1007902.983358
% 89 1024599.285792
% 90 1011254.269835
% 91 1024851.851418
% 92 1031505.744536
% 93 1013383.539128
% 94 1025412.025678
% 95 1005262.438551
% 96 1004196.947616
% 97 1016132.352745
% 98 1016798.400107
% 99 1003161.184438
% 100 998813.107076
% 101 1009057.803806
% 102 1028594.675201
% 103 1017393.198225
% 104 1024953.826930
% 105 1007102.515427
% 106 998817.939206
% 107 997297.075610
% 108 1003895.571372
% 109 1015877.105697
% 110 1016442.718202
% 111 1006109.662797
% 112 1002140.496934
% 113 987662.283809
% 114 991101.852501
% 115 985405.945545
% 116 975854.145821
% 117 983784.303228
% 118 967803.541260
% 119 967340.400813
% 120 961322.901272
% 121 953878.510893
% 122 969074.072620
% 123 980403.665623
% 124 959196.268204
% 125 955404.546169
% 126 977795.982292
% 127 971544.850181
% 128 960506.781184
% 129 976508.783036
% 130 976074.845153
% 131 966053.754459
% 132 971595.949382
% 133 993703.110405
% 134 982298.515779
% 135 966354.247194
% 136 982524.358870
% 137 979065.135684
% 138 987635.155141
% 139 1001689.275149
% 140 1010186.749378
% 141 1005170.855153
% 142 1005020.434117
% 143 996317.538824
% 144 1006460.192521
% 145 992041.880878
% 146 1002554.694069
% 147 999950.464200
% 148 1007668.101328
% 149 994489.751551
% 150 976351.542038
% 151 981603.559854
% 152 986039.494315
% 153 976458.488381
% 154 971609.686057
% 155 968861.260409
% 156 967774.277207
% 157 958266.659682
% 158 953439.362017
% 159 975154.954924
% 160 982666.334360
% 161 969497.138415
% 162 977817.637446
% 163 966731.498384
% 164 994347.547299
% 165 978562.550510
% 166 988589.146338
% 167 976734.767020
% 168 959034.394080
% 169 972538.663621
% 170 955722.946753
% 171 976715.490623
% 172 967168.981558
% 173 970426.911981
% 174 966772.613338
% 175 979380.570765
% 176 982373.292498
% 177 978055.911071
% 178 965783.450901
% 179 959714.197024
% 180 973389.377765
% 181 979114.613934
% 182 966963.850923
% 183 937548.089702
% 184 943508.973423
% 185 948359.310792
% 186 943533.999175
% 187 953214.910669
% 188 959440.397446
% 189 971352.276490
% 190 964182.733441
% 191 962582.225129
% 192 982645.953060
% 193 965406.109192
% 194 976644.907709
% 195 983587.451068
% 196 972985.230914
% 197 961353.320767
% 198 983182.874482
% 199 977479.450383
% 200 976010.091179
% 201 943729.050878
% 202 944269.331380
% 203 956200.001850
% 204 956251.608381
% 205 966887.350831
% 206 979478.942498
% 207 976963.113624
% 208 971408.116212
% 209 972617.317671
% 210 967572.634518
% 211 968228.896915
% 212 943808.037940
% 213 943890.834137
% 214 941392.205486
% 215 930580.324061
% 216 952115.802167
> Finished 216 generations with 4519960 distance calculations. GA Runtime = 150.0584 sec
> Final distance: 930580.324061
> Final Route:
Truck 0 [len = 64]: 0 --> 169 --> 175 --> 165 --> 177 --> 173 --> 123 --> 135 --> 206 --> 213 --> 155 --> 48 --> 44 --> 38 --> 42 --> 153 --> 162 --> 88 --> 217 --> 219 --> 120 --> 104 --> 149 --> 157 --> 179 --> 198 --> 214 --> 73 --> 6 --> 13 --> 8 --> 69 --> 30 --> 14 --> 68 --> 11 --> 115 --> 112 --> 79 --> 72 --> 70 --> 128 --> 131 --> 210 --> 209 --> 208 --> 204 --> 195 --> 220 --> 211 --> 205 --> 146 --> 58 --> 25 --> 46 --> 31 --> 40 --> 28 --> 29 --> 24 --> 37 --> 66 --> 16 --> 65
Truck 1 [len = 37]: 0 --> 167 --> 201 --> 34 --> 100 --> 129 --> 114 --> 223 --> 105 --> 158 --> 164 --> 176 --> 168 --> 143 --> 139 --> 94 --> 99 --> 93 --> 56 --> 180 --> 171 --> 136 --> 90 --> 203 --> 197 --> 15 --> 221 --> 142 --> 163 --> 101 --> 61 --> 184 --> 124 --> 107 --> 77 --> 60 --> 9
Truck 2 [len = 32]: 0 --> 95 --> 140 --> 122 --> 212 --> 191 --> 138 --> 39 --> 47 --> 57 --> 55 --> 64 --> 185 --> 189 --> 182 --> 178 --> 150 --> 59 --> 166 --> 160 --> 161 --> 126 --> 67 --> 12 --> 4 --> 19 --> 5 --> 1 --> 76 --> 84 --> 18 --> 74
Truck 3 [len = 35]: 0 --> 78 --> 3 --> 23 --> 33 --> 49 --> 154 --> 151 --> 133 --> 62 --> 21 --> 36 --> 41 --> 141 --> 156 --> 118 --> 82 --> 80 --> 119 --> 125 --> 53 --> 63 --> 71 --> 109 --> 87 --> 207 --> 110 --> 113 --> 102 --> 20 --> 50 --> 106 --> 111 --> 75 --> 7
Truck 4 [len = 62]: 0 --> 83 --> 121 --> 192 --> 200 --> 183 --> 181 --> 137 --> 17 --> 190 --> 224 --> 216 --> 215 --> 127 --> 225 --> 196 --> 194 --> 96 --> 186 --> 144 --> 27 --> 45 --> 32 --> 52 --> 98 --> 152 --> 91 --> 103 --> 2 --> 10 --> 26 --> 22 --> 43 --> 35 --> 132 --> 218 --> 108 --> 116 --> 222 --> 92 --> 89 --> 170 --> 174 --> 145 --> 188 --> 130 --> 193 --> 199 --> 147 --> 51 --> 54 --> 187 --> 172 --> 148 --> 86 --> 97 --> 159 --> 134 --> 202 --> 117 --> 85 --> 81
> Generation - Distance curve saved to fig/pr226_baseline_30_5_1000_100_10_20211216_19_57_48/20211216_20_41_10.png.
