--> Running ID = 25
> Loading cities from instances/pr226.txt
	>> 226 cities in total to be loaded
> 226 cities loaded from instances/pr226.txt
> Initial distance: 1626634.390850
> Starting running GA.
	>> cities = 226, salesmen = 5
	>> Generations = 1000, PopulationSize = 100, TournamentSize = 10
# Generation Distance
% 1 1591742.111816
% 2 1585519.066447
% 3 1560630.343259
% 4 1549282.490981
% 5 1535302.195475
% 6 1530821.547884
% 7 1519606.634577
% 8 1519788.761347
% 9 1496708.791965
% 10 1493370.629718
% 11 1470901.674778
% 12 1470814.667478
% 13 1463858.316006
% 14 1427559.584593
% 15 1436280.943147
% 16 1417640.666501
% 17 1390323.242735
% 18 1387249.241573
% 19 1375500.973061
% 20 1350171.853011
% 21 1347353.957267
% 22 1333040.411432
% 23 1324634.198613
% 24 1321703.358944
% 25 1303619.992709
% 26 1286161.944667
% 27 1278397.436164
% 28 1282747.521627
% 29 1275592.530032
% 30 1274941.173953
% 31 1245829.733975
% 32 1255278.352812
% 33 1244713.940389
% 34 1219964.951384
% 35 1234740.751865
% 36 1235128.199683
% 37 1248182.254750
% 38 1237146.892422
% 39 1214564.637256
% 40 1210447.371357
% 41 1209099.900494
% 42 1191432.034881
% 43 1185252.776091
% 44 1176628.166618
% 45 1173727.642539
% 46 1176171.780200
% 47 1163294.671795
% 48 1156722.592586
% 49 1143014.780061
% 50 1156229.417299
% 51 1147682.137920
% 52 1138758.896657
% 53 1124734.326819
% 54 1121561.327442
% 55 1094021.229071
% 56 1098684.118169
% 57 1097096.480542
% 58 1079549.129283
% 59 1079658.154374
% 60 1072618.834239
% 61 1069527.548172
% 62 1057075.489890
% 63 1032356.130200
% 64 1054163.138333
% 65 1059583.828183
% 66 1054614.077669
% 67 1067113.360697
% 68 1058154.916506
% 69 1064297.004479
% 70 1048315.230130
% 71 1048338.375969
% 72 1053478.979965
% 73 1055239.503012
% 74 1055423.794473
% 75 1057513.685479
% 76 1061439.262526
% 77 1057038.314358
% 78 1036901.422233
% 79 1043984.169428
% 80 1050376.331152
% 81 1024601.344402
% 82 1033414.238169
% 83 1033693.760773
% 84 1035086.495727
% 85 1031461.144670
% 86 1027468.305286
% 87 1033122.289516
% 88 1030449.589326
% 89 1022354.570162
% 90 1028622.110537
% 91 1027482.791396
% 92 1018203.258962
% 93 1014806.277882
% 94 1002910.579845
% 95 1006214.732627
% 96 988740.325163
% 97 975321.003705
% 98 1013253.406918
% 99 993606.866006
% 100 985038.335748
% 101 987197.692489
% 102 995913.736890
% 103 993753.903498
% 104 998481.982273
% 105 989299.587638
% 106 984583.473743
% 107 996189.810376
% 108 977520.414232
% 109 993004.652374
% 110 1000790.449598
% 111 981466.959660
% 112 956080.184271
% 113 951665.976092
% 114 942019.308539
% 115 958659.838048
% 116 956199.641358
% 117 965648.256268
% 118 952983.061897
% 119 968459.162607
% 120 965068.034487
% 121 973392.315160
% 122 955980.427773
% 123 980440.035803
% 124 974780.714879
% 125 973837.117037
% 126 979917.528805
% 127 978384.907937
% 128 981448.927782
% 129 979373.587657
% 130 991524.964686
% 131 997790.897245
% 132 988282.241785
% 133 997143.101105
% 134 999346.342438
% 135 999606.066188
% 136 987955.817618
% 137 1001438.438918
% 138 1001375.219847
% 139 994650.872100
% 140 1007939.038988
% 141 991096.983815
% 142 987381.856196
% 143 1004553.388934
% 144 986480.662940
% 145 994376.034842
% 146 983926.980073
% 147 1002353.570694
% 148 984183.830394
% 149 1000097.273888
% 150 1003694.810213
% 151 1012855.832600
% 152 1009231.782364
% 153 1004896.592775
% 154 1006293.219094
% 155 1009218.598317
% 156 989268.987975
% 157 1003798.580246
% 158 1026309.278932
% 159 1011673.844731
% 160 986276.653919
% 161 1003007.996207
% 162 986984.803512
% 163 994468.596862
% 164 999690.301798
% 165 988221.624869
% 166 978371.367908
% 167 986150.170104
% 168 1002208.811655
% 169 982833.580192
% 170 984759.434623
% 171 994267.047556
% 172 992006.776803
% 173 997014.156842
% 174 1010088.257797
% 175 1003560.715667
% 176 1003256.927609
% 177 1020204.665522
% 178 1023744.092371
% 179 1027380.970683
% 180 1039756.401107
% 181 1037557.322422
% 182 1048691.518931
% 183 1046734.148657
% 184 1037969.014177
% 185 1044424.168458
% 186 1035561.315501
% 187 1024895.610735
% 188 1028955.418248
% 189 1034857.861210
% 190 1026509.029159
% 191 1026219.776790
% 192 1022424.063915
% 193 1002818.549966
% 194 1003613.904764
% 195 994005.893092
% 196 995337.820715
% 197 988066.217793
% 198 995975.221752
% 199 993563.309138
% 200 989610.567444
% 201 978269.457929
% 202 994879.221539
% 203 997014.573876
% 204 994052.868288
% 205 994339.074820
% 206 990838.618248
% 207 989731.423294
% 208 968318.654535
% 209 966487.944301
% 210 972641.633780
% 211 962998.603696
% 212 972578.787214
% 213 980611.510137
% 214 959965.466041
% 215 961661.127117
> Finished 215 generations with 4504780 distance calculations. GA Runtime = 167.6506 sec
> Final distance: 942019.308539
> Final Route:
Truck 0 [len = 48]: 0 --> 72 --> 78 --> 79 --> 6 --> 49 --> 4 --> 12 --> 61 --> 56 --> 97 --> 162 --> 140 --> 171 --> 150 --> 39 --> 43 --> 93 --> 152 --> 173 --> 154 --> 137 --> 135 --> 195 --> 223 --> 213 --> 110 --> 83 --> 90 --> 136 --> 138 --> 58 --> 146 --> 169 --> 182 --> 148 --> 165 --> 65 --> 70 --> 5 --> 119 --> 96 --> 103 --> 216 --> 132 --> 211 --> 192 --> 82
Truck 1 [len = 46]: 0 --> 66 --> 42 --> 57 --> 205 --> 201 --> 212 --> 176 --> 160 --> 153 --> 99 --> 38 --> 104 --> 210 --> 196 --> 198 --> 207 --> 128 --> 69 --> 91 --> 67 --> 23 --> 19 --> 16 --> 111 --> 14 --> 54 --> 29 --> 145 --> 100 --> 98 --> 94 --> 139 --> 62 --> 124 --> 179 --> 28 --> 45 --> 31 --> 52 --> 2 --> 85 --> 116 --> 7 --> 59 --> 55
Truck 2 [len = 19]: 0 --> 13 --> 3 --> 1 --> 10 --> 50 --> 63 --> 151 --> 101 --> 122 --> 127 --> 108 --> 115 --> 71 --> 17 --> 8 --> 221 --> 120 --> 84
Truck 3 [len = 49]: 0 --> 33 --> 125 --> 106 --> 177 --> 20 --> 32 --> 53 --> 92 --> 44 --> 27 --> 26 --> 35 --> 156 --> 86 --> 149 --> 143 --> 129 --> 11 --> 118 --> 113 --> 144 --> 189 --> 184 --> 141 --> 197 --> 187 --> 225 --> 220 --> 193 --> 208 --> 222 --> 105 --> 217 --> 123 --> 47 --> 30 --> 60 --> 36 --> 46 --> 25 --> 167 --> 191 --> 190 --> 199 --> 206 --> 214 --> 200 --> 204
Truck 4 [len = 68]: 0 --> 117 --> 112 --> 209 --> 76 --> 37 --> 87 --> 170 --> 164 --> 185 --> 48 --> 41 --> 24 --> 40 --> 95 --> 188 --> 186 --> 181 --> 155 --> 174 --> 175 --> 157 --> 158 --> 161 --> 163 --> 168 --> 183 --> 166 --> 202 --> 107 --> 224 --> 219 --> 121 --> 109 --> 131 --> 203 --> 194 --> 133 --> 64 --> 18 --> 75 --> 77 --> 9 --> 80 --> 73 --> 81 --> 147 --> 178 --> 51 --> 68 --> 15 --> 34 --> 21 --> 22 --> 102 --> 180 --> 142 --> 88 --> 114 --> 134 --> 215 --> 126 --> 159 --> 172 --> 89 --> 218 --> 130 --> 74
> Generation - Distance curve saved to fig/pr226_baseline_30_5_1000_100_10_20211216_19_57_48/20211216_21_03_23.png.
