--> Running ID = 3
> Loading cities from instances/pr226.txt
	>> 226 cities in total to be loaded
> 226 cities loaded from instances/pr226.txt
> Initial distance: 1584812.646991
> Starting running GA.
	>> cities = 226, salesmen = 5
	>> Generations = 1000, PopulationSize = 100, TournamentSize = 10
# Generation Distance
% 1 1576070.038325
% 2 1578269.141307
% 3 1551657.600744
% 4 1545495.935596
% 5 1529993.759726
% 6 1523877.755510
% 7 1512341.783480
% 8 1501520.624664
% 9 1509349.945326
% 10 1468629.767560
% 11 1481785.939484
% 12 1480010.482705
% 13 1453090.299550
% 14 1445512.350582
% 15 1430017.155416
% 16 1432338.750048
% 17 1408631.122927
% 18 1409813.728688
% 19 1412425.330842
% 20 1396955.548227
% 21 1402663.216511
% 22 1402275.633028
% 23 1394874.426432
% 24 1381138.097841
% 25 1361758.354680
% 26 1372721.350283
% 27 1361692.072948
% 28 1350267.506947
% 29 1345529.458626
% 30 1346200.161843
% 31 1344338.627160
% 32 1333497.750265
% 33 1320703.305066
% 34 1318413.826775
% 35 1320647.911766
% 36 1306630.335277
% 37 1306063.322173
% 38 1300742.407437
% 39 1298902.567948
% 40 1287689.005799
% 41 1267806.138673
% 42 1275322.676776
% 43 1265098.260908
% 44 1246214.945646
% 45 1248419.405587
% 46 1243823.943552
% 47 1233125.489162
% 48 1234869.756488
% 49 1221929.259461
% 50 1220056.259142
% 51 1198486.597554
% 52 1199981.061579
% 53 1197245.890358
% 54 1188356.642670
% 55 1194121.132403
% 56 1184065.328145
% 57 1178247.600819
% 58 1190495.307393
% 59 1182234.888862
% 60 1177422.677817
% 61 1178326.758335
% 62 1175713.485717
% 63 1168535.113243
% 64 1175747.427767
% 65 1154034.123848
% 66 1141998.121570
% 67 1139876.792456
% 68 1144598.235477
% 69 1155647.959130
% 70 1141452.029138
% 71 1137834.053927
% 72 1144693.511620
% 73 1135551.824413
% 74 1130372.758372
% 75 1145048.736452
% 76 1159343.633144
% 77 1141338.557789
% 78 1131473.725205
% 79 1128956.600047
% 80 1128989.956510
% 81 1119729.457704
% 82 1097597.055610
% 83 1101720.624413
% 84 1109681.774075
% 85 1092431.633473
% 86 1092819.063601
% 87 1095294.739872
% 88 1092103.045477
% 89 1098204.494915
% 90 1077983.095899
% 91 1088827.215158
% 92 1081097.090636
% 93 1093188.887565
% 94 1096294.631090
% 95 1085549.417540
% 96 1073553.919143
% 97 1054027.126526
% 98 1065818.129207
% 99 1065344.412715
% 100 1059476.300901
% 101 1065286.819501
% 102 1064071.880510
% 103 1051293.400062
% 104 1048090.921758
% 105 1037698.674023
% 106 1043898.218856
% 107 1041138.538820
% 108 1034718.608606
% 109 1029490.559392
% 110 1022139.910203
% 111 1024308.306006
% 112 1009054.875117
% 113 1023368.606009
% 114 1017225.188375
% 115 1015332.769990
% 116 1016804.029423
% 117 1006789.864386
% 118 1003130.043211
% 119 1015612.794636
% 120 1003985.593076
% 121 1001654.454731
% 122 1018748.792320
% 123 1009457.057954
% 124 1020230.172272
% 125 1007090.238696
% 126 1015601.352146
% 127 994790.355510
% 128 1007477.942724
% 129 1018656.475478
% 130 1027137.367330
% 131 1009086.767711
% 132 1036240.814532
% 133 1024218.236480
% 134 1009880.709274
% 135 1026681.167752
% 136 1008275.773837
% 137 1025377.152654
% 138 1025890.645012
% 139 1009580.273775
% 140 1008130.746999
% 141 986125.701788
% 142 988194.054756
% 143 991584.912778
% 144 1003698.602122
% 145 997607.507280
% 146 1013007.921224
% 147 993242.271114
% 148 999590.927335
% 149 983525.851630
% 150 988663.198935
% 151 969375.870789
% 152 978679.351488
% 153 976043.764470
% 154 984117.473824
% 155 963534.759203
% 156 977966.265090
% 157 957019.938278
% 158 966671.047656
% 159 969855.066748
% 160 964499.688291
% 161 957861.236894
% 162 944597.277651
% 163 949419.980676
% 164 941952.710142
% 165 945872.237130
% 166 949718.936542
% 167 959560.216153
% 168 959673.336898
% 169 945315.383473
% 170 942315.403040
% 171 955729.188936
% 172 923588.496919
% 173 943185.970827
% 174 935103.158708
% 175 937041.415553
% 176 957067.370642
% 177 952755.114561
% 178 962821.775736
% 179 961732.743796
% 180 958159.177985
% 181 953503.969346
% 182 966640.510491
% 183 971405.366928
% 184 965719.593236
% 185 953764.915971
% 186 965339.635648
% 187 962219.035087
% 188 960098.141636
% 189 952606.452964
% 190 966104.331242
% 191 963338.903490
% 192 965743.068374
% 193 962484.266261
% 194 954780.354658
% 195 960228.528551
% 196 949600.929576
% 197 963939.025241
% 198 969718.222404
% 199 950714.937333
% 200 966720.597680
% 201 956222.663817
% 202 957584.994112
% 203 958869.379566
% 204 944114.863924
% 205 937009.407326
% 206 949108.565495
% 207 947238.454156
% 208 956548.291858
% 209 972283.847611
% 210 966604.807013
% 211 969378.620291
% 212 965687.826664
% 213 963228.938204
% 214 957304.579647
% 215 959441.440230
% 216 960042.709219
> Finished 216 generations with 4519730 distance calculations. GA Runtime = 156.1561 sec
> Final distance: 923588.496919
> Final Route:
Truck 0 [len = 42]: 0 --> 158 --> 174 --> 148 --> 61 --> 19 --> 30 --> 26 --> 106 --> 13 --> 64 --> 110 --> 68 --> 73 --> 10 --> 134 --> 129 --> 195 --> 215 --> 29 --> 55 --> 72 --> 131 --> 222 --> 224 --> 225 --> 206 --> 213 --> 142 --> 89 --> 91 --> 137 --> 87 --> 175 --> 208 --> 113 --> 143 --> 182 --> 23 --> 27 --> 20 --> 84
Truck 1 [len = 34]: 0 --> 116 --> 191 --> 121 --> 132 --> 183 --> 176 --> 186 --> 200 --> 156 --> 154 --> 96 --> 90 --> 140 --> 155 --> 166 --> 24 --> 32 --> 141 --> 146 --> 185 --> 181 --> 124 --> 125 --> 117 --> 70 --> 31 --> 39 --> 34 --> 36 --> 101 --> 28 --> 133 --> 81
Truck 2 [len = 58]: 0 --> 78 --> 85 --> 102 --> 135 --> 149 --> 153 --> 123 --> 152 --> 157 --> 145 --> 219 --> 201 --> 193 --> 202 --> 210 --> 46 --> 33 --> 100 --> 151 --> 94 --> 162 --> 99 --> 35 --> 44 --> 48 --> 130 --> 211 --> 198 --> 161 --> 159 --> 163 --> 177 --> 139 --> 95 --> 93 --> 144 --> 172 --> 180 --> 173 --> 190 --> 221 --> 187 --> 184 --> 192 --> 204 --> 218 --> 216 --> 203 --> 169 --> 88 --> 47 --> 127 --> 220 --> 119 --> 79 --> 82 --> 6
Truck 3 [len = 50]: 0 --> 8 --> 111 --> 49 --> 4 --> 92 --> 138 --> 45 --> 86 --> 38 --> 43 --> 58 --> 40 --> 41 --> 69 --> 105 --> 77 --> 18 --> 71 --> 74 --> 14 --> 65 --> 11 --> 59 --> 60 --> 212 --> 128 --> 21 --> 17 --> 53 --> 62 --> 15 --> 16 --> 63 --> 120 --> 122 --> 112 --> 109 --> 52 --> 3 --> 67 --> 194 --> 209 --> 115 --> 76 --> 80 --> 83 --> 2 --> 12 --> 5
Truck 4 [len = 46]: 0 --> 66 --> 50 --> 57 --> 9 --> 223 --> 214 --> 178 --> 126 --> 56 --> 22 --> 114 --> 197 --> 199 --> 170 --> 168 --> 160 --> 164 --> 103 --> 98 --> 205 --> 207 --> 196 --> 118 --> 1 --> 7 --> 51 --> 25 --> 37 --> 75 --> 217 --> 147 --> 150 --> 188 --> 189 --> 97 --> 42 --> 136 --> 167 --> 165 --> 179 --> 171 --> 104 --> 107 --> 108 --> 54
> Generation - Distance curve saved to fig/pr226_baseline_30_5_1000_100_10_20211216_19_57_48/20211216_20_03_17.png.
