--> Running ID = 2
> Loading cities from instances/pr226.txt
	>> 226 cities in total to be loaded
> 226 cities loaded from instances/pr226.txt
> Initial distance: 1601636.093395
> Starting running GA.
	>> cities = 226, salesmen = 5
	>> Generations = 1000, PopulationSize = 100, TournamentSize = 10
# Generation Distance
% 1 1565745.741240
% 2 1555747.024071
% 3 1533298.073756
% 4 1517463.306172
% 5 1516722.364716
% 6 1498836.618857
% 7 1503760.439529
% 8 1484977.949403
% 9 1485443.855557
% 10 1483745.546958
% 11 1476752.935064
% 12 1454103.175181
% 13 1433543.856039
% 14 1440753.932112
% 15 1422566.986738
% 16 1417768.193989
% 17 1397928.886052
% 18 1404007.356650
% 19 1400458.246628
% 20 1382044.868876
% 21 1373021.055444
% 22 1378820.096246
% 23 1360673.874807
% 24 1350334.099805
% 25 1339400.883198
% 26 1340140.216565
% 27 1327185.774336
% 28 1315353.744351
% 29 1308250.779866
% 30 1310896.637045
% 31 1297943.065000
% 32 1272641.191601
% 33 1272811.022283
% 34 1274022.911857
% 35 1261400.720549
% 36 1266165.313441
% 37 1263504.306316
% 38 1242996.494155
% 39 1240916.869249
% 40 1222145.401640
% 41 1219083.751599
% 42 1215136.436417
% 43 1209202.744816
% 44 1204276.296348
% 45 1184626.207764
% 46 1192846.164357
% 47 1185643.635975
% 48 1196553.585748
% 49 1182308.953610
% 50 1179297.088457
% 51 1168898.307674
% 52 1170126.864409
% 53 1169007.193470
% 54 1171221.053144
% 55 1173145.896117
% 56 1164516.624170
% 57 1147083.465897
% 58 1143086.090541
% 59 1131815.122506
% 60 1119912.965457
% 61 1119391.278946
% 62 1110544.402305
% 63 1121126.245103
% 64 1117794.579585
% 65 1118112.204352
% 66 1100428.375634
% 67 1123451.710682
% 68 1104542.684560
% 69 1089520.435857
% 70 1091847.109548
% 71 1094605.679237
% 72 1097069.225242
% 73 1095388.153808
% 74 1081644.461270
% 75 1084023.800547
% 76 1082263.520074
% 77 1076949.510052
% 78 1062925.269411
% 79 1075014.241723
% 80 1058994.233079
% 81 1045602.419887
% 82 1061015.574802
% 83 1067969.439351
% 84 1060916.729234
% 85 1057687.878558
% 86 1054331.266186
% 87 1047294.249656
% 88 1016900.342764
% 89 1006846.847490
% 90 1013915.845563
% 91 1024157.092006
% 92 1021132.471145
% 93 1004305.266993
% 94 1004259.659057
% 95 987424.714082
% 96 998102.016545
% 97 981763.451307
% 98 980911.854986
% 99 971254.260886
% 100 968801.266490
% 101 963465.067379
% 102 940461.674534
% 103 960879.059934
% 104 975940.106997
% 105 981944.950246
% 106 982570.909365
% 107 967376.656511
% 108 978758.287812
% 109 999364.711619
% 110 985971.552752
% 111 974617.978080
% 112 966135.746410
% 113 994776.493773
% 114 984801.655069
% 115 976142.416903
% 116 985848.631697
% 117 970433.377287
% 118 967300.005303
% 119 961922.802069
% 120 968673.945338
% 121 972914.306824
% 122 967685.291419
% 123 969432.313781
% 124 973171.696000
% 125 972448.168725
% 126 967200.781663
% 127 967636.024347
% 128 963509.516222
% 129 957436.416805
% 130 974441.298676
% 131 952887.549378
% 132 954125.512367
% 133 945668.301473
% 134 938416.224040
% 135 947709.700872
% 136 937810.733142
% 137 953845.397398
% 138 934838.899339
% 139 935052.791820
% 140 946866.421196
% 141 934059.838367
% 142 948207.912414
% 143 954284.011244
% 144 959617.577925
% 145 967000.118244
% 146 963286.269187
% 147 965952.593603
% 148 965633.699140
% 149 942280.425616
% 150 954699.808793
% 151 970511.147673
% 152 961448.847692
% 153 937937.364775
% 154 954484.263956
% 155 965832.820842
% 156 941772.693939
% 157 935102.123104
% 158 946525.780165
% 159 971472.547318
% 160 946174.033792
% 161 954571.420294
% 162 958747.390633
% 163 970921.246086
% 164 950985.674888
% 165 966506.953816
% 166 957480.018637
% 167 962137.994782
% 168 955184.143864
% 169 952746.216203
% 170 965279.050903
% 171 958906.913158
% 172 965268.704137
% 173 946855.959759
% 174 936298.607935
% 175 941843.585138
% 176 946023.809471
% 177 944904.340519
% 178 944413.474176
% 179 955208.651828
% 180 947479.605220
% 181 943669.394704
% 182 933044.570680
% 183 936320.135669
% 184 954724.636881
% 185 951999.720432
% 186 935457.745197
% 187 936191.853530
% 188 940324.841478
% 189 934651.965662
% 190 933449.623935
% 191 940006.410208
% 192 932348.490228
% 193 937160.115689
% 194 942510.537132
% 195 944885.748909
% 196 940548.954997
% 197 954488.836442
% 198 964308.844129
% 199 954729.908502
% 200 959157.329442
% 201 956973.693096
% 202 966912.134462
% 203 938354.368836
% 204 944418.358281
% 205 940919.112496
% 206 937256.454871
% 207 942552.583546
% 208 938380.574738
% 209 921650.054257
% 210 927521.311921
% 211 938138.606634
% 212 933203.096373
% 213 939422.144614
% 214 953683.409503
% 215 941774.297493
% 216 938231.384423
> Finished 216 generations with 4519730 distance calculations. GA Runtime = 160.3762 sec
> Final distance: 921650.054257
> Final Route:
Truck 0 [len = 63]: 0 --> 49 --> 45 --> 57 --> 196 --> 208 --> 217 --> 132 --> 118 --> 185 --> 187 --> 186 --> 144 --> 120 --> 112 --> 9 --> 17 --> 71 --> 85 --> 4 --> 84 --> 16 --> 25 --> 46 --> 91 --> 97 --> 75 --> 190 --> 220 --> 202 --> 225 --> 116 --> 108 --> 59 --> 58 --> 27 --> 92 --> 96 --> 48 --> 152 --> 171 --> 181 --> 170 --> 188 --> 198 --> 207 --> 195 --> 62 --> 28 --> 39 --> 51 --> 129 --> 126 --> 204 --> 191 --> 88 --> 94 --> 138 --> 110 --> 103 --> 7 --> 60 --> 81
Truck 1 [len = 52]: 0 --> 221 --> 65 --> 201 --> 211 --> 158 --> 150 --> 156 --> 161 --> 179 --> 162 --> 177 --> 166 --> 86 --> 41 --> 24 --> 52 --> 137 --> 146 --> 135 --> 30 --> 131 --> 105 --> 106 --> 197 --> 136 --> 143 --> 98 --> 101 --> 154 --> 90 --> 203 --> 213 --> 67 --> 124 --> 122 --> 205 --> 93 --> 140 --> 147 --> 23 --> 44 --> 53 --> 34 --> 21 --> 206 --> 216 --> 219 --> 223 --> 224 --> 214 --> 66
Truck 2 [len = 40]: 0 --> 121 --> 69 --> 18 --> 11 --> 56 --> 218 --> 192 --> 95 --> 109 --> 127 --> 133 --> 172 --> 167 --> 163 --> 142 --> 189 --> 182 --> 178 --> 180 --> 184 --> 222 --> 107 --> 212 --> 134 --> 102 --> 111 --> 64 --> 76 --> 79 --> 83 --> 115 --> 26 --> 32 --> 47 --> 55 --> 125 --> 193 --> 82 --> 72
Truck 3 [len = 30]: 0 --> 15 --> 78 --> 80 --> 6 --> 50 --> 20 --> 63 --> 119 --> 164 --> 100 --> 99 --> 29 --> 37 --> 36 --> 104 --> 117 --> 145 --> 149 --> 87 --> 13 --> 114 --> 8 --> 33 --> 42 --> 19 --> 43 --> 31 --> 22 --> 14
Truck 4 [len = 45]: 0 --> 3 --> 1 --> 73 --> 10 --> 2 --> 12 --> 70 --> 74 --> 68 --> 77 --> 54 --> 35 --> 200 --> 194 --> 38 --> 5 --> 199 --> 148 --> 151 --> 40 --> 183 --> 130 --> 168 --> 173 --> 165 --> 176 --> 160 --> 153 --> 174 --> 159 --> 128 --> 215 --> 210 --> 123 --> 209 --> 89 --> 61 --> 141 --> 175 --> 113 --> 139 --> 169 --> 157 --> 155
> Generation - Distance curve saved to fig/pr226_baseline_30_5_1000_100_10_20211216_19_57_48/20211216_20_00_34.png.
