--> Running ID = 7
> Loading cities from instances/pr226.txt
	>> 226 cities in total to be loaded
> 226 cities loaded from instances/pr226.txt
> Initial distance: 1586624.515350
> Starting running GA.
	>> cities = 226, salesmen = 5
	>> Generations = 1000, PopulationSize = 100, TournamentSize = 10
# Generation Distance
% 1 1573427.062136
% 2 1558140.745633
% 3 1532481.607427
% 4 1527836.935759
% 5 1519269.487346
% 6 1508979.608152
% 7 1500803.216837
% 8 1475030.672029
% 9 1462211.237570
% 10 1462301.858223
% 11 1448643.919620
% 12 1450034.322929
% 13 1437665.105554
% 14 1434091.600167
% 15 1431850.493848
% 16 1414327.536778
% 17 1400728.648931
% 18 1406937.739032
% 19 1378484.801961
% 20 1366541.811586
% 21 1369545.400513
% 22 1370611.634660
% 23 1332999.848566
% 24 1344494.244931
% 25 1328407.500725
% 26 1318970.520590
% 27 1314048.761938
% 28 1290077.041360
% 29 1287803.045335
% 30 1292249.813332
% 31 1287451.659808
% 32 1282706.206960
% 33 1292705.557695
% 34 1269926.075623
% 35 1257116.238093
% 36 1254215.014767
% 37 1242296.648580
% 38 1240004.057491
% 39 1224037.509225
% 40 1228494.379205
% 41 1243072.488476
% 42 1231832.814636
% 43 1218386.794468
% 44 1230817.462419
% 45 1214184.669063
% 46 1222796.629935
% 47 1208872.808601
% 48 1232421.114874
% 49 1218261.885918
% 50 1229253.089631
% 51 1194023.468811
% 52 1179172.806572
% 53 1184988.399991
% 54 1177655.823886
% 55 1163022.090452
% 56 1164932.823565
% 57 1170697.413934
% 58 1165455.709394
% 59 1140785.604887
% 60 1140136.067538
% 61 1121414.347981
% 62 1123650.440767
% 63 1123134.129873
% 64 1095461.105739
% 65 1103108.787328
% 66 1110583.984207
% 67 1103425.243561
% 68 1108030.400447
% 69 1099588.356966
% 70 1105243.846522
% 71 1105034.550983
% 72 1110287.521979
% 73 1097153.756121
% 74 1092009.792797
% 75 1082492.595450
% 76 1060090.112256
% 77 1061098.163122
% 78 1056366.850328
% 79 1049705.159161
% 80 1048082.967781
% 81 1054519.559748
% 82 1043354.752582
% 83 1047557.848711
% 84 1050446.313726
% 85 1036241.060598
% 86 1042406.169999
% 87 1034703.511753
% 88 1045416.404349
% 89 1057525.770299
% 90 1043248.754388
% 91 1052581.900634
% 92 1036949.965790
% 93 1029150.640398
% 94 1015330.004684
% 95 1022146.356241
% 96 1022624.786270
% 97 1032656.352157
% 98 1020979.895705
% 99 1020720.747594
% 100 1013823.950160
% 101 1028483.504232
% 102 1017176.524277
% 103 1029546.409036
% 104 1007348.807595
% 105 999996.648412
% 106 981607.341137
% 107 1003884.159729
% 108 970865.724882
% 109 975747.631027
% 110 970612.156624
% 111 964486.977075
% 112 966376.220455
% 113 971928.830887
% 114 962641.181329
% 115 943156.846698
% 116 944327.565516
% 117 928826.057129
% 118 945499.808244
% 119 929214.997028
% 120 927358.460630
% 121 939914.254104
% 122 934843.117977
% 123 930837.149933
% 124 922063.581047
% 125 905524.506283
% 126 910670.822225
% 127 897515.610612
% 128 886073.343085
% 129 888197.005761
% 130 898857.747549
% 131 895301.553164
% 132 891604.883216
% 133 899846.148934
% 134 892219.007722
% 135 897546.214854
% 136 902204.982206
% 137 914633.946788
% 138 906119.581921
% 139 907341.441952
% 140 904569.875305
% 141 903968.108970
% 142 885717.775563
% 143 918682.149011
% 144 925170.975735
% 145 911594.056028
% 146 920293.907949
% 147 919803.037334
% 148 905064.189537
% 149 914278.583170
% 150 916820.634570
% 151 926348.091621
% 152 932831.868970
% 153 932102.260543
% 154 911099.228323
% 155 921008.277008
% 156 898471.419343
% 157 900368.605009
% 158 898553.921149
% 159 908294.285386
% 160 896582.689121
% 161 899659.882907
% 162 911691.910401
% 163 901212.416347
% 164 894633.430851
% 165 911425.757684
% 166 916157.408766
% 167 903480.247384
% 168 906113.418660
% 169 922202.616313
% 170 906349.577028
% 171 903175.136682
% 172 901159.244549
% 173 903455.108089
% 174 907182.478167
% 175 905484.473476
% 176 898175.092299
% 177 883576.074472
% 178 904090.525248
% 179 896730.966043
% 180 897554.756306
% 181 916248.530266
% 182 916531.458073
% 183 915850.522992
% 184 912925.829425
% 185 914779.885593
% 186 912131.075925
% 187 898884.517695
% 188 918526.830465
% 189 907359.968479
% 190 915428.461941
% 191 936767.743212
% 192 923291.825503
% 193 932253.794946
% 194 912221.248328
% 195 908710.760323
% 196 901269.993417
% 197 917247.213657
% 198 897152.259230
% 199 918490.722904
% 200 916557.505266
% 201 913529.047404
% 202 927826.683523
% 203 936782.016249
% 204 929601.601447
% 205 926634.983969
% 206 929451.024877
% 207 921954.902876
% 208 933232.332068
% 209 919894.542884
% 210 915791.602557
% 211 917425.560356
% 212 925393.430018
% 213 926665.082416
% 214 907386.208116
% 215 913792.674080
> Finished 215 generations with 4502710 distance calculations. GA Runtime = 162.9178 sec
> Final distance: 883576.074472
> Final Route:
Truck 0 [len = 24]: 0 --> 8 --> 106 --> 126 --> 146 --> 27 --> 89 --> 39 --> 101 --> 90 --> 204 --> 142 --> 167 --> 162 --> 86 --> 62 --> 99 --> 172 --> 187 --> 166 --> 71 --> 133 --> 72 --> 3
Truck 1 [len = 40]: 0 --> 6 --> 66 --> 67 --> 75 --> 82 --> 10 --> 24 --> 41 --> 105 --> 121 --> 16 --> 65 --> 2 --> 78 --> 114 --> 81 --> 84 --> 116 --> 103 --> 201 --> 195 --> 96 --> 22 --> 26 --> 55 --> 60 --> 12 --> 124 --> 125 --> 130 --> 129 --> 118 --> 117 --> 17 --> 9 --> 80 --> 13 --> 1 --> 85
Truck 2 [len = 67]: 0 --> 79 --> 74 --> 135 --> 140 --> 98 --> 40 --> 151 --> 184 --> 193 --> 182 --> 188 --> 149 --> 57 --> 34 --> 21 --> 23 --> 44 --> 31 --> 58 --> 161 --> 155 --> 159 --> 169 --> 168 --> 176 --> 137 --> 147 --> 141 --> 180 --> 215 --> 212 --> 213 --> 211 --> 222 --> 4 --> 20 --> 100 --> 199 --> 208 --> 223 --> 192 --> 185 --> 217 --> 196 --> 225 --> 115 --> 68 --> 93 --> 46 --> 87 --> 156 --> 179 --> 148 --> 92 --> 177 --> 189 --> 207 --> 219 --> 200 --> 109 --> 132 --> 203 --> 190 --> 216 --> 53 --> 59
Truck 3 [len = 37]: 0 --> 102 --> 7 --> 178 --> 143 --> 138 --> 69 --> 127 --> 120 --> 206 --> 113 --> 111 --> 186 --> 150 --> 51 --> 61 --> 52 --> 54 --> 36 --> 88 --> 49 --> 64 --> 77 --> 15 --> 5 --> 70 --> 48 --> 19 --> 38 --> 198 --> 221 --> 218 --> 197 --> 210 --> 154 --> 153 --> 50
Truck 4 [len = 62]: 0 --> 73 --> 104 --> 183 --> 173 --> 175 --> 33 --> 37 --> 35 --> 42 --> 91 --> 107 --> 119 --> 110 --> 214 --> 205 --> 202 --> 131 --> 122 --> 97 --> 95 --> 152 --> 144 --> 45 --> 30 --> 25 --> 28 --> 29 --> 47 --> 139 --> 145 --> 136 --> 158 --> 32 --> 43 --> 191 --> 170 --> 171 --> 163 --> 94 --> 76 --> 83 --> 11 --> 14 --> 63 --> 220 --> 209 --> 224 --> 112 --> 123 --> 194 --> 108 --> 165 --> 174 --> 164 --> 160 --> 56 --> 128 --> 134 --> 18 --> 157 --> 181
> Generation - Distance curve saved to fig/pr226_baseline_30_5_1000_100_10_20211216_19_57_48/20211216_20_13_52.png.
