--> Running ID = 21
> Loading cities from instances/pr226.txt
	>> 226 cities in total to be loaded
> 226 cities loaded from instances/pr226.txt
> Initial distance: 1611933.652412
> Starting running GA.
	>> cities = 226, salesmen = 5
	>> Generations = 1000, PopulationSize = 100, TournamentSize = 10
# Generation Distance
% 1 1602745.486823
% 2 1587486.959350
% 3 1579562.599958
% 4 1575397.779540
% 5 1569121.195746
% 6 1567759.127593
% 7 1553039.183325
% 8 1547216.709960
% 9 1528933.866469
% 10 1514721.564918
% 11 1510003.419689
% 12 1485675.890657
% 13 1475825.483257
% 14 1476911.237195
% 15 1472964.577721
% 16 1467816.398668
% 17 1461732.730534
% 18 1459311.053052
% 19 1450092.448989
% 20 1453592.690115
% 21 1434138.322101
% 22 1422819.883544
% 23 1400048.050123
% 24 1390259.503643
% 25 1387517.719291
% 26 1376278.503546
% 27 1379345.982175
% 28 1364037.430449
% 29 1357864.897437
% 30 1338977.174954
% 31 1344744.707486
% 32 1330314.026144
% 33 1307823.181422
% 34 1299121.370692
% 35 1291886.531493
% 36 1290796.754981
% 37 1284946.618972
% 38 1280725.232934
% 39 1278433.065636
% 40 1275514.720896
% 41 1268662.950245
% 42 1267555.105594
% 43 1249176.905829
% 44 1236559.697792
% 45 1245933.811826
% 46 1254466.900501
% 47 1244491.970809
% 48 1231648.706213
% 49 1236189.532857
% 50 1230547.479968
% 51 1223109.183774
% 52 1222914.369607
% 53 1208109.392244
% 54 1214900.333684
% 55 1188645.050882
% 56 1191267.792056
% 57 1187357.524246
% 58 1195860.301862
% 59 1191409.202831
% 60 1188548.585124
% 61 1191436.510146
% 62 1192133.416197
% 63 1176751.461773
% 64 1177463.827858
% 65 1177616.645262
% 66 1175054.561841
% 67 1173933.381162
% 68 1167650.262713
% 69 1136515.676521
% 70 1151047.707701
% 71 1155901.133220
% 72 1165061.854421
% 73 1164313.406661
% 74 1165102.992993
% 75 1144440.170048
% 76 1135438.439429
% 77 1142097.798195
% 78 1131263.926761
% 79 1127226.101496
% 80 1110235.884138
% 81 1109624.841244
% 82 1113048.090098
% 83 1088083.767597
% 84 1095556.055025
% 85 1089135.706435
% 86 1088856.986970
% 87 1094261.064096
% 88 1081241.597515
% 89 1061802.947871
% 90 1053951.644654
% 91 1058824.407957
% 92 1054598.603263
% 93 1053050.974038
% 94 1039265.629090
% 95 1035518.279154
% 96 1027416.047765
% 97 1033689.910848
% 98 1031781.618912
% 99 1040763.223802
% 100 1054715.311961
% 101 1016870.669503
% 102 1034028.807707
% 103 1021077.442025
% 104 1039608.420528
% 105 1036963.417003
% 106 1031493.295663
% 107 1034447.237647
% 108 1029917.371492
% 109 1022652.151873
% 110 1016458.577020
% 111 1013950.669836
% 112 1013439.631965
% 113 1011494.534292
% 114 1014087.183843
% 115 1015405.082401
% 116 1010828.282364
% 117 1006647.841968
% 118 1009444.466660
% 119 1009535.134055
% 120 998386.992662
% 121 994167.021631
% 122 1009534.718748
% 123 1001570.019493
% 124 997043.729766
% 125 1003989.702204
% 126 1003448.530182
% 127 994783.473142
% 128 982048.144449
% 129 995245.135413
% 130 981522.988279
% 131 994916.811504
% 132 995008.004342
% 133 994456.608139
% 134 999455.243423
% 135 1000728.695093
% 136 992072.482614
% 137 983618.038591
% 138 997894.064464
% 139 1019190.405831
% 140 1019199.419124
% 141 997220.275946
% 142 1003857.897376
% 143 1020540.591940
% 144 1010090.013134
% 145 1002798.482250
% 146 1008506.255777
% 147 1007215.510172
% 148 997473.993908
% 149 996528.587056
% 150 1004284.403795
% 151 1006390.765717
% 152 1022383.123232
% 153 1015204.547882
% 154 1017050.023729
% 155 1023646.434226
% 156 1026161.250821
% 157 1009719.983550
% 158 1024610.895255
% 159 1017523.830831
% 160 1024719.979684
% 161 1036652.461580
% 162 1034288.683947
% 163 1017506.345180
% 164 1016675.681144
% 165 1028083.672520
% 166 1006693.355853
% 167 1019581.728299
% 168 1030573.784432
% 169 1021083.219049
% 170 1024585.006179
% 171 1033284.145588
% 172 1034040.126507
% 173 1017300.123552
% 174 1012158.226625
% 175 1019637.103812
% 176 1013816.786192
% 177 1018742.551169
% 178 997991.895796
% 179 998038.889114
% 180 996280.975600
% 181 994641.017004
% 182 1008697.866371
% 183 998638.095129
% 184 1002203.447482
% 185 999467.866435
% 186 993101.504069
% 187 989046.234833
% 188 984137.372750
% 189 980518.482442
% 190 965391.388217
% 191 981876.227566
% 192 982685.911822
% 193 969925.410239
% 194 968747.610666
% 195 969238.782050
% 196 995688.373618
% 197 986162.073803
% 198 985055.419873
% 199 980942.060690
% 200 975704.344612
% 201 975487.130660
% 202 959854.363080
% 203 957125.029512
% 204 975252.457164
% 205 995604.051774
% 206 979615.770923
% 207 988966.352838
% 208 991652.188607
% 209 992365.082324
% 210 987640.008021
% 211 976174.943519
% 212 985563.645536
% 213 969579.545358
% 214 967737.800126
% 215 976120.661725
> Finished 215 generations with 4499950 distance calculations. GA Runtime = 158.8324 sec
> Final distance: 957125.029512
> Final Route:
Truck 0 [len = 30]: 0 --> 162 --> 60 --> 124 --> 87 --> 152 --> 165 --> 134 --> 121 --> 222 --> 207 --> 211 --> 208 --> 180 --> 34 --> 30 --> 48 --> 146 --> 62 --> 57 --> 80 --> 71 --> 51 --> 100 --> 142 --> 45 --> 111 --> 132 --> 88 --> 2
Truck 1 [len = 48]: 0 --> 55 --> 22 --> 58 --> 116 --> 8 --> 50 --> 28 --> 37 --> 136 --> 203 --> 120 --> 172 --> 148 --> 186 --> 106 --> 61 --> 21 --> 170 --> 92 --> 177 --> 202 --> 200 --> 221 --> 102 --> 40 --> 86 --> 94 --> 90 --> 195 --> 171 --> 179 --> 218 --> 224 --> 216 --> 135 --> 117 --> 112 --> 153 --> 184 --> 159 --> 168 --> 198 --> 176 --> 53 --> 69 --> 70 --> 16
Truck 2 [len = 51]: 0 --> 9 --> 131 --> 103 --> 118 --> 139 --> 99 --> 189 --> 187 --> 140 --> 201 --> 210 --> 101 --> 147 --> 149 --> 143 --> 154 --> 155 --> 209 --> 64 --> 74 --> 3 --> 73 --> 49 --> 93 --> 138 --> 32 --> 27 --> 46 --> 31 --> 44 --> 98 --> 127 --> 104 --> 128 --> 185 --> 174 --> 145 --> 15 --> 115 --> 219 --> 220 --> 225 --> 214 --> 97 --> 47 --> 38 --> 12 --> 5 --> 1 --> 6
Truck 3 [len = 50]: 0 --> 126 --> 204 --> 119 --> 110 --> 173 --> 151 --> 163 --> 160 --> 167 --> 156 --> 158 --> 166 --> 161 --> 157 --> 182 --> 193 --> 191 --> 199 --> 183 --> 175 --> 194 --> 205 --> 217 --> 72 --> 79 --> 81 --> 85 --> 84 --> 18 --> 52 --> 59 --> 33 --> 150 --> 178 --> 196 --> 212 --> 114 --> 107 --> 123 --> 129 --> 190 --> 26 --> 17 --> 36 --> 141 --> 108 --> 42 --> 25 --> 14
Truck 4 [len = 51]: 0 --> 4 --> 54 --> 109 --> 213 --> 206 --> 223 --> 125 --> 7 --> 65 --> 13 --> 11 --> 10 --> 105 --> 89 --> 144 --> 39 --> 41 --> 169 --> 137 --> 181 --> 130 --> 76 --> 83 --> 75 --> 113 --> 20 --> 164 --> 188 --> 122 --> 66 --> 77 --> 192 --> 133 --> 215 --> 197 --> 43 --> 95 --> 24 --> 29 --> 19 --> 67 --> 56 --> 63 --> 23 --> 35 --> 96 --> 91 --> 82 --> 78 --> 68
> Generation - Distance curve saved to fig/pr226_baseline_30_5_1000_100_10_20211216_19_57_48/20211216_20_52_21.png.
