--> Running ID = 6
> Loading cities from instances/pr226.txt
	>> 226 cities in total to be loaded
> 226 cities loaded from instances/pr226.txt
> Initial distance: 1606045.683363
> Starting running GA.
	>> cities = 226, salesmen = 5
	>> Generations = 1000, PopulationSize = 100, TournamentSize = 10
# Generation Distance
% 1 1575309.001188
% 2 1563615.952692
% 3 1546428.891256
% 4 1539520.964927
% 5 1528361.088048
% 6 1519909.770438
% 7 1517427.062776
% 8 1494060.748754
% 9 1480317.289514
% 10 1474885.215591
% 11 1465354.115562
% 12 1440097.463026
% 13 1431603.269451
% 14 1427403.111372
% 15 1406524.475099
% 16 1387988.589673
% 17 1386658.151434
% 18 1368620.795273
% 19 1352377.971226
% 20 1341810.210076
% 21 1332183.490977
% 22 1323026.509947
% 23 1319584.897191
% 24 1304506.559914
% 25 1296773.673556
% 26 1297919.934410
% 27 1295041.627504
% 28 1259494.581573
% 29 1241887.355035
% 30 1241631.787586
% 31 1233626.698298
% 32 1230254.606376
% 33 1231407.076395
% 34 1223286.084263
% 35 1219646.446995
% 36 1221535.486982
% 37 1207156.851693
% 38 1212361.216136
% 39 1215184.436726
% 40 1217653.741163
% 41 1224086.454234
% 42 1223319.213899
% 43 1224092.628290
% 44 1225403.973161
% 45 1221406.022603
% 46 1223768.344147
% 47 1203964.066041
% 48 1185061.926438
% 49 1189633.358636
% 50 1196564.276609
% 51 1183427.448579
% 52 1184468.239759
% 53 1167651.309117
% 54 1153015.252512
% 55 1164314.390442
% 56 1168477.668916
% 57 1133515.300876
% 58 1151040.731765
% 59 1152881.328349
% 60 1148004.328606
% 61 1131944.475301
% 62 1131154.265334
% 63 1121411.512686
% 64 1140814.188930
% 65 1109005.892315
% 66 1124909.425910
% 67 1117872.718900
% 68 1118147.645171
% 69 1115988.461328
% 70 1099977.825076
% 71 1104832.014061
% 72 1108127.363312
% 73 1092734.736564
% 74 1093043.150168
% 75 1092631.049896
% 76 1063555.998291
% 77 1056040.060758
% 78 1059821.812599
% 79 1074628.902427
% 80 1063500.245627
% 81 1055999.929529
% 82 1068702.514006
% 83 1051615.717722
% 84 1065947.594131
% 85 1055308.051465
% 86 1039159.670936
% 87 1030661.852821
% 88 1010549.634937
% 89 1019289.374056
% 90 1018889.399301
% 91 1025822.249975
% 92 1013854.379508
% 93 1023910.987831
% 94 1024932.990942
% 95 1021288.442648
% 96 1001029.828326
% 97 1005718.716480
% 98 1022354.085259
% 99 993354.929877
% 100 1005482.450821
% 101 1008915.002785
% 102 1022553.363603
% 103 1005341.704481
% 104 1016111.404364
% 105 1019585.759446
% 106 1017931.832871
% 107 1014676.883480
% 108 1008611.264415
% 109 1005561.586228
% 110 1006830.566191
% 111 1013958.764493
% 112 1023082.444631
% 113 1014733.199816
% 114 1016281.819080
% 115 993717.179933
% 116 987154.113153
% 117 987903.541050
% 118 999980.220786
% 119 962967.781347
% 120 983893.795031
% 121 963329.419659
% 122 962372.083380
% 123 959195.871874
% 124 969142.967414
% 125 955756.423003
% 126 950284.719089
% 127 949817.433257
% 128 955993.247321
% 129 968776.903045
% 130 981599.734754
% 131 977443.262940
% 132 977929.428975
% 133 972219.625549
% 134 966337.155146
% 135 971590.513111
% 136 978065.821810
% 137 961322.433365
% 138 933610.569304
% 139 930281.637229
% 140 938447.415403
% 141 938267.057309
% 142 938047.616274
% 143 938842.779784
% 144 929155.385669
% 145 924266.794330
% 146 930864.094147
% 147 933407.648101
% 148 924392.583556
% 149 900508.273863
% 150 928942.556939
% 151 916044.734439
% 152 906227.789180
% 153 914342.784146
% 154 906684.173386
% 155 926864.789579
% 156 916464.846427
% 157 926494.221518
% 158 921425.976611
% 159 906653.627610
% 160 909851.942807
% 161 901654.749881
% 162 886565.699222
% 163 892843.031336
% 164 895913.276397
% 165 912484.405079
% 166 911398.940634
% 167 904635.554398
% 168 906809.577838
% 169 908664.787201
% 170 914423.926703
% 171 922266.857609
% 172 909731.294421
% 173 925287.396428
% 174 929923.421473
% 175 917740.694634
% 176 932091.232461
% 177 930100.495934
% 178 932681.892593
% 179 932797.821078
% 180 928598.889064
% 181 933641.526102
% 182 927393.007846
% 183 925026.686524
% 184 923642.424755
% 185 910398.299996
% 186 914465.300603
% 187 930908.634730
% 188 930466.238270
% 189 940989.961558
% 190 960642.718224
% 191 951408.155263
% 192 944083.703004
% 193 929724.572163
% 194 912478.683315
% 195 925988.326510
% 196 934611.667678
% 197 944966.636238
% 198 928887.271767
% 199 931759.012338
% 200 953234.372023
% 201 945736.451583
% 202 948650.129360
% 203 929901.101315
% 204 924445.360536
% 205 917161.149794
% 206 922312.686254
% 207 923729.817342
% 208 922563.526090
% 209 934922.127875
% 210 922047.360977
% 211 913040.843639
% 212 918923.382639
% 213 899135.324119
% 214 896436.065807
% 215 901232.371547
% 216 903087.735112
> Finished 216 generations with 4519960 distance calculations. GA Runtime = 155.2715 sec
> Final distance: 886565.699222
> Final Route:
Truck 0 [len = 43]: 0 --> 101 --> 151 --> 158 --> 165 --> 87 --> 173 --> 137 --> 150 --> 145 --> 139 --> 203 --> 88 --> 89 --> 162 --> 184 --> 211 --> 214 --> 131 --> 122 --> 11 --> 65 --> 45 --> 47 --> 148 --> 224 --> 185 --> 156 --> 179 --> 178 --> 188 --> 121 --> 147 --> 222 --> 219 --> 221 --> 223 --> 205 --> 92 --> 200 --> 120 --> 12 --> 16
Truck 1 [len = 53]: 0 --> 113 --> 58 --> 24 --> 50 --> 49 --> 62 --> 39 --> 48 --> 23 --> 22 --> 40 --> 25 --> 126 --> 225 --> 204 --> 164 --> 36 --> 35 --> 135 --> 18 --> 85 --> 215 --> 130 --> 106 --> 41 --> 206 --> 94 --> 26 --> 136 --> 97 --> 99 --> 86 --> 42 --> 95 --> 80 --> 76 --> 78 --> 5 --> 68 --> 66 --> 4 --> 105 --> 107 --> 198 --> 208 --> 217 --> 194 --> 124 --> 112 --> 3 --> 72 --> 77
Truck 2 [len = 63]: 0 --> 114 --> 115 --> 64 --> 71 --> 14 --> 17 --> 6 --> 9 --> 109 --> 52 --> 133 --> 190 --> 144 --> 176 --> 187 --> 141 --> 189 --> 160 --> 170 --> 134 --> 193 --> 210 --> 32 --> 27 --> 55 --> 53 --> 19 --> 56 --> 199 --> 218 --> 202 --> 149 --> 166 --> 152 --> 159 --> 146 --> 180 --> 167 --> 157 --> 168 --> 182 --> 161 --> 140 --> 59 --> 60 --> 7 --> 73 --> 108 --> 116 --> 44 --> 28 --> 29 --> 61 --> 129 --> 220 --> 127 --> 110 --> 197 --> 207 --> 103 --> 104 --> 69
Truck 3 [len = 42]: 0 --> 111 --> 75 --> 81 --> 2 --> 8 --> 63 --> 51 --> 93 --> 96 --> 91 --> 128 --> 183 --> 153 --> 177 --> 172 --> 79 --> 125 --> 132 --> 34 --> 43 --> 38 --> 46 --> 31 --> 169 --> 100 --> 138 --> 143 --> 142 --> 174 --> 21 --> 33 --> 98 --> 155 --> 37 --> 67 --> 70 --> 1 --> 181 --> 30 --> 57 --> 102
Truck 4 [len = 29]: 0 --> 10 --> 13 --> 15 --> 123 --> 195 --> 201 --> 209 --> 212 --> 216 --> 117 --> 118 --> 192 --> 175 --> 90 --> 154 --> 163 --> 186 --> 171 --> 20 --> 54 --> 196 --> 213 --> 191 --> 119 --> 82 --> 83 --> 84 --> 74
> Generation - Distance curve saved to fig/pr226_baseline_30_5_1000_100_10_20211216_19_57_48/20211216_20_11_13.png.
