--> Running ID = 24
> Loading cities from instances/pr226.txt
	>> 226 cities in total to be loaded
> 226 cities loaded from instances/pr226.txt
> Initial distance: 1633630.720339
> Starting running GA.
	>> cities = 226, salesmen = 5
	>> Generations = 1000, PopulationSize = 100, TournamentSize = 10
# Generation Distance
% 1 1635298.131709
% 2 1626566.961787
% 3 1596098.731718
% 4 1597454.788943
% 5 1595159.746751
% 6 1585911.303207
% 7 1562770.542560
% 8 1551595.558736
% 9 1542857.986302
% 10 1525671.136474
% 11 1516278.403834
% 12 1507056.878547
% 13 1484174.035538
% 14 1466677.413937
% 15 1463255.558772
% 16 1456895.867636
% 17 1436684.243993
% 18 1431061.960798
% 19 1415654.281693
% 20 1398953.043054
% 21 1380252.634328
% 22 1388256.201933
% 23 1378331.396944
% 24 1347384.375556
% 25 1354350.513072
% 26 1351746.054130
% 27 1343262.209241
% 28 1350807.221925
% 29 1349428.095640
% 30 1342798.796034
% 31 1329201.600823
% 32 1317112.884822
% 33 1307553.690067
% 34 1302748.639340
% 35 1298877.532719
% 36 1291531.446602
% 37 1279076.996363
% 38 1274563.159196
% 39 1275524.088155
% 40 1257575.502584
% 41 1259443.702852
% 42 1262251.634343
% 43 1254390.978060
% 44 1259086.725965
% 45 1250283.864947
% 46 1234861.724013
% 47 1236565.311785
% 48 1212198.026399
% 49 1203064.254400
% 50 1189037.511789
% 51 1183723.175733
% 52 1186473.746578
% 53 1165712.309418
% 54 1160015.329438
% 55 1166759.608010
% 56 1147532.619057
% 57 1144363.023507
% 58 1142687.038450
% 59 1145744.990124
% 60 1129659.122041
% 61 1107580.619408
% 62 1114654.844717
% 63 1094206.815835
% 64 1099571.710158
% 65 1095840.860925
% 66 1095704.961219
% 67 1085436.599118
% 68 1070124.593925
% 69 1082146.871487
% 70 1087977.038451
% 71 1077303.313005
% 72 1075395.670116
% 73 1067214.594242
% 74 1077743.458895
% 75 1067289.610372
% 76 1078283.061885
% 77 1065193.312488
% 78 1052606.670839
% 79 1067148.940198
% 80 1058585.098979
% 81 1046414.283567
% 82 1049853.721784
% 83 1023729.728081
% 84 1017831.084968
% 85 1042964.665602
% 86 1033012.546397
% 87 1046988.687058
% 88 1032116.085408
% 89 1038856.722133
% 90 1052406.452450
% 91 1036923.396350
% 92 1043706.692545
% 93 1040567.566356
% 94 1024212.555022
% 95 1040210.819976
% 96 1044017.292429
% 97 1024820.657872
% 98 1014742.283291
% 99 1022818.859106
% 100 1023793.742192
% 101 1012424.924811
% 102 1024010.531352
% 103 1019721.489506
% 104 1018627.618969
% 105 1003608.731186
% 106 1000236.617190
% 107 1006843.643248
% 108 1006620.684935
% 109 1020668.558420
% 110 1004211.618162
% 111 999703.271944
% 112 986246.054948
% 113 1003346.542405
% 114 999745.598473
% 115 988386.597507
% 116 1003021.373421
% 117 992540.675492
% 118 987103.911915
% 119 987010.667048
% 120 981601.123610
% 121 977820.615770
% 122 979192.330960
% 123 979101.967916
% 124 975159.755187
% 125 969888.453574
% 126 981937.316556
% 127 956258.463917
% 128 958427.401232
% 129 965010.482547
% 130 951089.806721
% 131 955157.351790
% 132 954252.549936
% 133 979155.494745
% 134 963177.003332
% 135 977067.599644
% 136 958830.308345
% 137 961536.212020
% 138 957921.861594
% 139 951324.241695
% 140 919208.983693
% 141 949430.559118
% 142 949266.562275
% 143 948166.915466
% 144 970558.304106
% 145 953907.014742
% 146 963610.310005
% 147 963282.610428
% 148 949453.425178
% 149 954985.517711
% 150 975068.419548
% 151 984788.784459
% 152 961234.955708
% 153 974867.318317
% 154 971851.212035
% 155 974111.535843
% 156 961211.788529
% 157 974843.316297
% 158 982354.352243
% 159 975280.903966
% 160 988589.106885
% 161 971843.556279
% 162 973264.901613
% 163 979517.263500
% 164 976211.500518
% 165 984373.005096
% 166 995028.277721
% 167 989218.871638
% 168 991506.804165
% 169 990802.666770
% 170 969544.943612
% 171 971384.980623
% 172 964995.352465
% 173 960605.074486
% 174 956731.067585
% 175 946289.403855
% 176 964600.732634
% 177 954138.106787
% 178 937370.542553
% 179 955943.483902
% 180 960646.952344
% 181 944128.515149
% 182 941726.350955
% 183 946957.148066
% 184 943381.716661
% 185 943176.834247
% 186 953102.747598
% 187 950571.994556
% 188 957691.519414
% 189 939783.682493
% 190 959182.050788
% 191 965736.785972
% 192 965422.520609
% 193 968616.624993
% 194 960584.425228
% 195 960839.995749
% 196 957162.302946
% 197 947266.652988
% 198 945378.136491
% 199 949605.533605
% 200 964398.820732
% 201 979264.335825
% 202 940782.281719
% 203 925379.179760
% 204 931278.698168
% 205 932327.537783
% 206 917748.769711
% 207 937642.832653
% 208 930070.472781
% 209 928871.860581
% 210 926685.383824
% 211 926545.670651
% 212 944921.138425
% 213 951473.543335
% 214 928864.480371
% 215 943014.023720
> Finished 215 generations with 4499720 distance calculations. GA Runtime = 160.1573 sec
> Final distance: 917748.769711
> Final Route:
Truck 0 [len = 45]: 0 --> 169 --> 164 --> 158 --> 166 --> 219 --> 66 --> 15 --> 84 --> 82 --> 116 --> 117 --> 184 --> 90 --> 98 --> 172 --> 182 --> 17 --> 7 --> 2 --> 73 --> 5 --> 112 --> 67 --> 9 --> 210 --> 110 --> 204 --> 148 --> 139 --> 87 --> 153 --> 171 --> 35 --> 36 --> 43 --> 40 --> 29 --> 12 --> 61 --> 109 --> 106 --> 121 --> 133 --> 71
Truck 1 [len = 43]: 0 --> 198 --> 213 --> 218 --> 225 --> 224 --> 221 --> 203 --> 196 --> 189 --> 217 --> 174 --> 170 --> 194 --> 191 --> 93 --> 201 --> 134 --> 145 --> 195 --> 192 --> 188 --> 190 --> 94 --> 130 --> 215 --> 178 --> 180 --> 136 --> 86 --> 52 --> 56 --> 55 --> 59 --> 92 --> 177 --> 165 --> 209 --> 197 --> 118 --> 48 --> 24 --> 68
Truck 2 [len = 52]: 0 --> 57 --> 120 --> 175 --> 146 --> 199 --> 127 --> 114 --> 83 --> 65 --> 76 --> 62 --> 16 --> 26 --> 38 --> 31 --> 53 --> 18 --> 25 --> 32 --> 46 --> 44 --> 140 --> 95 --> 202 --> 208 --> 205 --> 181 --> 183 --> 99 --> 89 --> 113 --> 220 --> 122 --> 193 --> 185 --> 207 --> 119 --> 214 --> 111 --> 125 --> 137 --> 149 --> 101 --> 144 --> 147 --> 161 --> 156 --> 206 --> 200 --> 102 --> 78
Truck 3 [len = 37]: 0 --> 79 --> 126 --> 211 --> 132 --> 91 --> 97 --> 168 --> 159 --> 167 --> 30 --> 23 --> 51 --> 34 --> 33 --> 60 --> 37 --> 143 --> 22 --> 49 --> 20 --> 21 --> 135 --> 160 --> 154 --> 157 --> 141 --> 151 --> 163 --> 152 --> 162 --> 142 --> 27 --> 19 --> 14 --> 11 --> 63
Truck 4 [len = 53]: 0 --> 10 --> 8 --> 77 --> 72 --> 64 --> 1 --> 13 --> 103 --> 41 --> 42 --> 100 --> 47 --> 115 --> 85 --> 80 --> 70 --> 108 --> 129 --> 123 --> 222 --> 58 --> 155 --> 88 --> 150 --> 173 --> 187 --> 176 --> 128 --> 105 --> 124 --> 223 --> 212 --> 131 --> 3 --> 6 --> 75 --> 186 --> 179 --> 104 --> 216 --> 107 --> 54 --> 81 --> 74 --> 96 --> 39 --> 138 --> 69 --> 4 --> 45 --> 28 --> 50
> Generation - Distance curve saved to fig/pr226_baseline_30_5_1000_100_10_20211216_19_57_48/20211216_21_00_40.png.
