--> Running ID = 11
> Loading cities from instances/pr226.txt
	>> 226 cities in total to be loaded
> 226 cities loaded from instances/pr226.txt
> Initial distance: 1601973.283456
> Starting running GA.
	>> cities = 226, salesmen = 5
	>> Generations = 1000, PopulationSize = 100, TournamentSize = 10
# Generation Distance
% 1 1610110.938527
% 2 1590172.606959
% 3 1564820.676354
% 4 1561639.274285
% 5 1550012.138965
% 6 1556895.031592
% 7 1540425.368201
% 8 1540400.046860
% 9 1517116.828628
% 10 1499854.963421
% 11 1495858.178997
% 12 1489253.650999
% 13 1490611.046451
% 14 1468026.128253
% 15 1432006.708529
% 16 1405821.904984
% 17 1395830.164278
% 18 1381806.748702
% 19 1378732.459968
% 20 1373339.952806
% 21 1375580.621949
% 22 1364502.062360
% 23 1358771.431112
% 24 1345433.677150
% 25 1340782.163787
% 26 1331921.820911
% 27 1327992.534380
% 28 1302129.357504
% 29 1295286.054760
% 30 1266199.878322
% 31 1271134.709208
% 32 1258972.457310
% 33 1255658.820166
% 34 1254481.515153
% 35 1265458.398044
% 36 1248893.385042
% 37 1260131.021611
% 38 1253217.572893
% 39 1242157.621194
% 40 1237353.464648
% 41 1233522.824647
% 42 1223961.854880
% 43 1228397.336269
% 44 1225629.604225
% 45 1228436.798191
% 46 1206589.572736
% 47 1208300.235653
% 48 1196398.823087
% 49 1189889.709148
% 50 1183808.682613
% 51 1175363.279494
% 52 1164977.310574
% 53 1165888.742527
% 54 1155752.781427
% 55 1152567.937891
% 56 1157971.731810
% 57 1156268.662097
% 58 1157774.427817
% 59 1128824.491061
% 60 1136278.913007
% 61 1145398.133287
% 62 1142370.497155
% 63 1123877.623150
% 64 1119420.396855
% 65 1117715.736561
% 66 1123888.409626
% 67 1117189.357757
% 68 1115137.987388
% 69 1117049.898412
% 70 1123783.648995
% 71 1121749.849196
% 72 1119552.525822
% 73 1111061.089927
% 74 1116012.306949
% 75 1111047.577675
% 76 1114324.129154
% 77 1100496.463233
% 78 1114117.206535
% 79 1115278.246742
% 80 1103249.441930
% 81 1106630.040121
% 82 1121694.771167
% 83 1097119.451996
% 84 1112602.091157
% 85 1104124.219218
% 86 1114201.908530
% 87 1124458.716629
% 88 1134839.403205
% 89 1105736.873756
% 90 1122895.724188
% 91 1110783.796587
% 92 1111075.533833
% 93 1100255.537781
% 94 1103259.778233
% 95 1098037.034746
% 96 1105626.943945
% 97 1094776.053271
% 98 1084690.736154
% 99 1092471.333501
% 100 1086864.669000
% 101 1068406.097213
% 102 1070186.583692
% 103 1077168.214533
% 104 1066018.196070
% 105 1067778.763176
% 106 1076776.720206
% 107 1072447.949921
% 108 1071498.158805
% 109 1059959.056192
% 110 1061564.339039
% 111 1051057.596671
% 112 1060859.598466
% 113 1043073.774000
% 114 1044352.294713
% 115 1044483.570412
% 116 1050469.379046
% 117 1054303.946467
% 118 1065642.477793
% 119 1056456.696038
% 120 1054601.388456
% 121 1071648.378603
% 122 1065559.939174
% 123 1040063.703587
% 124 1063955.678010
% 125 1063514.569639
% 126 1068406.425662
% 127 1060358.894957
% 128 1052989.700596
% 129 1030261.421918
% 130 1009909.285476
% 131 1023181.948472
% 132 1032163.794273
% 133 1037991.855202
% 134 1038891.223115
% 135 1034518.505336
% 136 1036388.159632
% 137 1046594.904609
% 138 1036269.565507
% 139 1029120.223085
% 140 1030486.495988
% 141 1038624.927400
% 142 1024466.677602
% 143 1036897.147252
% 144 1032997.987970
% 145 1020174.166318
% 146 1019202.248098
% 147 1005767.304932
% 148 1000601.966883
% 149 981193.344289
% 150 995395.663104
% 151 977286.199610
% 152 973539.242613
% 153 964220.933083
% 154 978514.539871
% 155 983038.387673
% 156 986083.338090
% 157 941305.284140
% 158 954782.476030
% 159 951805.821468
% 160 945114.618157
% 161 960098.125417
% 162 952074.856507
% 163 979596.090916
% 164 948773.812682
% 165 967329.467306
% 166 970343.366562
% 167 977112.213399
% 168 968979.559489
% 169 961711.544825
% 170 957753.532136
% 171 963283.284208
% 172 956385.558853
% 173 945854.123664
% 174 951572.971397
% 175 964486.084978
% 176 951832.344020
% 177 953544.127262
% 178 959047.470493
% 179 954872.263461
% 180 965933.104530
% 181 969940.476183
% 182 952669.910048
% 183 962527.448419
% 184 957228.836552
% 185 971414.015935
% 186 959090.297157
% 187 950491.673257
% 188 941840.113397
% 189 944714.447972
% 190 934687.136811
% 191 931199.413271
% 192 944920.787998
% 193 941548.973415
% 194 934687.500119
% 195 937858.891332
% 196 946392.414008
% 197 931203.680720
% 198 940323.112667
% 199 929178.321722
% 200 927642.919708
% 201 943729.324502
% 202 948998.615881
% 203 956645.120011
% 204 950511.495159
% 205 954469.211212
% 206 953138.426584
% 207 961160.168613
% 208 961745.713018
% 209 957308.679256
% 210 958831.889864
% 211 954193.589516
% 212 968259.005985
% 213 967606.422545
% 214 950816.467431
% 215 963594.331289
% 216 966360.598505
> Finished 216 generations with 4518120 distance calculations. GA Runtime = 170.4316 sec
> Final distance: 927642.919708
> Final Route:
Truck 0 [len = 36]: 0 --> 24 --> 184 --> 103 --> 74 --> 109 --> 58 --> 219 --> 132 --> 90 --> 149 --> 169 --> 223 --> 206 --> 216 --> 199 --> 173 --> 165 --> 186 --> 189 --> 174 --> 175 --> 150 --> 154 --> 163 --> 171 --> 168 --> 97 --> 91 --> 117 --> 102 --> 79 --> 20 --> 19 --> 17 --> 16
Truck 1 [len = 51]: 0 --> 114 --> 80 --> 75 --> 10 --> 116 --> 120 --> 123 --> 106 --> 14 --> 94 --> 217 --> 193 --> 170 --> 55 --> 113 --> 126 --> 145 --> 151 --> 100 --> 147 --> 40 --> 183 --> 181 --> 157 --> 153 --> 99 --> 143 --> 185 --> 138 --> 162 --> 158 --> 180 --> 167 --> 152 --> 93 --> 92 --> 166 --> 172 --> 155 --> 178 --> 159 --> 119 --> 164 --> 224 --> 214 --> 204 --> 195 --> 213 --> 211 --> 194
Truck 2 [len = 40]: 0 --> 52 --> 49 --> 37 --> 86 --> 48 --> 21 --> 133 --> 176 --> 161 --> 179 --> 137 --> 139 --> 62 --> 57 --> 45 --> 47 --> 32 --> 27 --> 23 --> 33 --> 89 --> 134 --> 129 --> 141 --> 50 --> 66 --> 127 --> 71 --> 85 --> 84 --> 130 --> 128 --> 212 --> 122 --> 121 --> 72 --> 5 --> 1 --> 73
Truck 3 [len = 42]: 0 --> 68 --> 7 --> 2 --> 125 --> 28 --> 60 --> 13 --> 3 --> 54 --> 43 --> 41 --> 42 --> 98 --> 56 --> 36 --> 112 --> 177 --> 215 --> 222 --> 110 --> 59 --> 61 --> 83 --> 208 --> 220 --> 81 --> 65 --> 70 --> 69 --> 15 --> 26 --> 44 --> 63 --> 190 --> 197 --> 140 --> 34 --> 88 --> 108 --> 104 --> 12
Truck 4 [len = 61]: 0 --> 82 --> 6 --> 67 --> 18 --> 101 --> 201 --> 64 --> 111 --> 135 --> 39 --> 38 --> 53 --> 46 --> 25 --> 35 --> 115 --> 144 --> 96 --> 210 --> 191 --> 118 --> 131 --> 107 --> 51 --> 22 --> 95 --> 136 --> 205 --> 207 --> 200 --> 78 --> 124 --> 8 --> 11 --> 76 --> 218 --> 182 --> 221 --> 203 --> 196 --> 192 --> 202 --> 188 --> 87 --> 29 --> 105 --> 156 --> 187 --> 209 --> 225 --> 198 --> 146 --> 160 --> 148 --> 142 --> 30 --> 31 --> 4 --> 9 --> 77
> Generation - Distance curve saved to fig/pr226_baseline_30_5_1000_100_10_20211216_19_57_48/20211216_20_24_39.png.
