--> Running ID = 14
> Loading cities from instances/pr226.txt
	>> 226 cities in total to be loaded
> 226 cities loaded from instances/pr226.txt
> Initial distance: 1609330.017114
> Starting running GA.
	>> cities = 226, salesmen = 5
	>> Generations = 1000, PopulationSize = 100, TournamentSize = 10
# Generation Distance
% 1 1564969.881729
% 2 1554988.313224
% 3 1549723.279305
% 4 1527375.441765
% 5 1518438.058422
% 6 1524380.245779
% 7 1493072.532902
% 8 1498454.717119
% 9 1485117.724731
% 10 1473023.157426
% 11 1447672.494698
% 12 1448198.496486
% 13 1420055.009438
% 14 1422528.475304
% 15 1418466.576675
% 16 1394541.654104
% 17 1400151.970772
% 18 1390599.345892
% 19 1376247.792285
% 20 1369861.179652
% 21 1364830.423585
% 22 1359308.372071
% 23 1350274.275718
% 24 1350016.989073
% 25 1329164.464146
% 26 1314206.464683
% 27 1298614.805617
% 28 1284047.782816
% 29 1281542.431776
% 30 1287124.480897
% 31 1285492.184296
% 32 1286596.217137
% 33 1279050.617924
% 34 1256608.186800
% 35 1267231.221105
% 36 1264826.930795
% 37 1255705.773910
% 38 1249378.981612
% 39 1230736.550342
% 40 1221690.684681
% 41 1223193.318236
% 42 1214618.143847
% 43 1206472.014926
% 44 1183779.058319
% 45 1188289.222739
% 46 1177145.254659
% 47 1165669.086375
% 48 1173875.595881
% 49 1151924.228834
% 50 1155427.126328
% 51 1149887.627435
% 52 1130227.875482
% 53 1108554.533354
% 54 1102084.324102
% 55 1099092.044919
% 56 1109357.383547
% 57 1113697.713196
% 58 1106633.964818
% 59 1104114.015162
% 60 1108503.482643
% 61 1102354.607390
% 62 1094215.192323
% 63 1097690.125205
% 64 1086378.139621
% 65 1079646.173609
% 66 1077134.336429
% 67 1053568.000040
% 68 1054720.665358
% 69 1045208.884628
% 70 1028501.812967
% 71 1027199.693191
% 72 1009156.990741
% 73 1012658.327711
% 74 996277.705503
% 75 1013156.657753
% 76 992378.456268
% 77 999073.992915
% 78 1008249.487797
% 79 998557.833246
% 80 982894.865451
% 81 988400.330086
% 82 977445.160720
% 83 987029.929062
% 84 975877.999433
% 85 975062.813652
% 86 969662.929307
% 87 978344.721783
% 88 963917.796538
% 89 981348.950243
% 90 963394.203736
% 91 945637.498710
% 92 951791.262203
% 93 956270.637330
% 94 939167.609193
% 95 944555.452251
% 96 950518.556100
% 97 948230.852998
% 98 951029.229205
% 99 962527.922518
% 100 954780.654437
% 101 958095.793717
% 102 950665.086550
% 103 954743.774682
% 104 941216.074915
% 105 943699.724945
% 106 936549.494447
% 107 940736.997089
% 108 919003.027769
% 109 919997.272498
% 110 905547.738326
% 111 902430.542708
% 112 905190.210557
% 113 904852.410336
% 114 910488.672557
% 115 905550.621257
% 116 898620.341016
% 117 922956.302372
% 118 924411.383349
% 119 931266.067585
% 120 940427.735311
% 121 938201.284573
% 122 932464.571026
% 123 924380.250930
% 124 948665.200972
% 125 926899.502908
% 126 928476.220819
% 127 922257.236894
% 128 918303.850065
% 129 922374.912221
% 130 932970.232148
% 131 919065.560746
% 132 935786.557782
% 133 926075.925465
% 134 931993.024252
% 135 927093.395920
% 136 916928.047056
% 137 920955.074654
% 138 925882.224153
% 139 926494.037511
% 140 921170.695602
% 141 931906.066157
% 142 918960.659484
% 143 924620.049289
% 144 922114.226302
% 145 906710.134302
% 146 922938.174648
% 147 909644.051942
% 148 910045.591132
% 149 899251.696167
% 150 920505.963186
% 151 915742.771789
% 152 932466.194565
% 153 926514.448919
% 154 929457.592992
% 155 917014.397218
% 156 913240.020103
% 157 929424.794288
% 158 923577.979398
% 159 918934.285099
% 160 936772.110113
% 161 930758.787701
% 162 942000.832478
% 163 932507.328289
% 164 910704.664417
% 165 927507.932791
% 166 922853.801360
% 167 912208.553239
% 168 913096.257319
% 169 912907.296038
% 170 909001.995124
% 171 922354.677968
% 172 935980.721878
% 173 935556.815393
% 174 927809.595980
% 175 915425.611983
% 176 929531.986515
% 177 922025.290843
% 178 908934.399039
% 179 900831.414864
% 180 907875.961902
% 181 903890.839237
% 182 904965.864942
% 183 896941.166645
% 184 904373.497500
% 185 889203.313811
% 186 896531.601324
% 187 904397.808219
% 188 899791.260962
% 189 897362.114157
% 190 908651.973949
% 191 905744.402392
% 192 889231.290760
% 193 882650.321172
% 194 885805.275863
% 195 890211.266830
% 196 891571.074727
% 197 879720.245711
% 198 887938.789219
% 199 889791.610394
% 200 878707.679412
% 201 874161.502098
% 202 874297.342221
% 203 868978.194711
% 204 868188.305364
% 205 864911.775216
% 206 852489.626246
% 207 870399.689674
% 208 856594.683881
% 209 872515.777752
% 210 869313.856438
% 211 862632.667253
% 212 879866.115076
% 213 883098.881061
% 214 893556.083280
% 215 890916.977022
% 216 903021.449399
> Finished 216 generations with 4519730 distance calculations. GA Runtime = 162.7443 sec
> Final distance: 852489.626246
> Final Route:
Truck 0 [len = 52]: 0 --> 192 --> 221 --> 107 --> 178 --> 149 --> 60 --> 120 --> 222 --> 212 --> 39 --> 146 --> 205 --> 131 --> 36 --> 64 --> 44 --> 40 --> 104 --> 103 --> 108 --> 80 --> 110 --> 112 --> 102 --> 74 --> 3 --> 2 --> 106 --> 78 --> 84 --> 69 --> 137 --> 145 --> 214 --> 198 --> 164 --> 163 --> 156 --> 140 --> 147 --> 168 --> 154 --> 159 --> 181 --> 49 --> 13 --> 4 --> 85 --> 83 --> 126 --> 15
Truck 1 [len = 44]: 0 --> 54 --> 55 --> 47 --> 28 --> 135 --> 111 --> 193 --> 188 --> 187 --> 220 --> 118 --> 127 --> 114 --> 119 --> 116 --> 89 --> 30 --> 26 --> 90 --> 100 --> 209 --> 173 --> 21 --> 45 --> 48 --> 98 --> 24 --> 35 --> 95 --> 33 --> 34 --> 27 --> 31 --> 46 --> 97 --> 150 --> 158 --> 195 --> 129 --> 217 --> 121 --> 82 --> 73
Truck 2 [len = 34]: 0 --> 58 --> 101 --> 86 --> 189 --> 92 --> 65 --> 109 --> 128 --> 123 --> 201 --> 202 --> 206 --> 210 --> 211 --> 166 --> 175 --> 94 --> 184 --> 161 --> 185 --> 216 --> 215 --> 208 --> 224 --> 207 --> 125 --> 117 --> 132 --> 223 --> 213 --> 130 --> 160 --> 5
Truck 3 [len = 55]: 0 --> 77 --> 10 --> 67 --> 115 --> 200 --> 204 --> 88 --> 165 --> 170 --> 139 --> 41 --> 42 --> 53 --> 105 --> 59 --> 19 --> 22 --> 52 --> 38 --> 136 --> 99 --> 142 --> 153 --> 162 --> 167 --> 93 --> 87 --> 37 --> 91 --> 169 --> 155 --> 180 --> 182 --> 143 --> 138 --> 152 --> 172 --> 194 --> 61 --> 18 --> 8 --> 16 --> 9 --> 71 --> 76 --> 17 --> 14 --> 1 --> 7 --> 70 --> 63 --> 96 --> 151 --> 32
Truck 4 [len = 45]: 0 --> 29 --> 25 --> 66 --> 11 --> 124 --> 133 --> 56 --> 43 --> 113 --> 72 --> 190 --> 79 --> 20 --> 51 --> 57 --> 62 --> 50 --> 23 --> 176 --> 157 --> 171 --> 183 --> 179 --> 191 --> 174 --> 177 --> 203 --> 196 --> 122 --> 219 --> 225 --> 141 --> 148 --> 144 --> 186 --> 134 --> 197 --> 199 --> 218 --> 81 --> 68 --> 12 --> 75 --> 6
> Generation - Distance curve saved to fig/pr226_baseline_30_5_1000_100_10_20211216_19_57_48/20211216_20_32_54.png.
