--> Running ID = 27
> Loading cities from instances/pr226.txt
	>> 226 cities in total to be loaded
> 226 cities loaded from instances/pr226.txt
> Initial distance: 1618271.298808
> Starting running GA.
	>> cities = 226, salesmen = 5
	>> Generations = 1000, PopulationSize = 100, TournamentSize = 10
# Generation Distance
% 1 1584383.215828
% 2 1554733.639168
% 3 1534663.615470
% 4 1534761.910421
% 5 1525743.756711
% 6 1506317.264833
% 7 1492371.353731
% 8 1481603.461887
% 9 1453136.096244
% 10 1444628.002935
% 11 1430672.104184
% 12 1423834.989840
% 13 1395163.015537
% 14 1392438.563971
% 15 1384532.265408
% 16 1383858.988550
% 17 1367304.529732
% 18 1358113.256405
% 19 1360757.835652
% 20 1338735.528430
% 21 1321819.103975
% 22 1299793.447741
% 23 1305499.806699
% 24 1301743.081276
% 25 1294652.867071
% 26 1286691.043096
% 27 1285461.031566
% 28 1288222.671855
% 29 1281410.147435
% 30 1282384.999510
% 31 1272830.226278
% 32 1271935.675088
% 33 1271950.046599
% 34 1260890.674746
% 35 1242058.212495
% 36 1231168.882841
% 37 1220389.256867
% 38 1212405.683889
% 39 1212857.664639
% 40 1211097.679775
% 41 1193796.770002
% 42 1200814.154216
% 43 1184260.100568
% 44 1186287.140541
% 45 1162428.882081
% 46 1176550.676672
% 47 1155567.049050
% 48 1131021.149654
% 49 1140340.489282
% 50 1134607.491019
% 51 1136419.032334
% 52 1128872.025735
% 53 1109616.635061
% 54 1111976.902845
% 55 1100283.212634
% 56 1097241.023205
% 57 1096374.980357
% 58 1072804.979152
% 59 1081783.127388
% 60 1074368.980113
% 61 1064994.878477
% 62 1056885.480749
% 63 1048024.142886
% 64 1044953.816269
% 65 1046983.462127
% 66 1019955.703501
% 67 1012172.516793
% 68 1021990.658940
% 69 1035923.633782
% 70 1021451.367685
% 71 1032769.333537
% 72 1040186.509356
% 73 1033231.533773
% 74 1037227.074825
% 75 1033824.488737
% 76 1042389.446297
% 77 1030671.414868
% 78 1023601.118911
% 79 1011501.216869
% 80 990339.478752
% 81 966024.171511
% 82 944342.837549
% 83 959190.435255
% 84 965080.190746
% 85 972677.364742
% 86 959475.420898
% 87 962695.528179
% 88 973839.370700
% 89 965766.779701
% 90 967480.833743
% 91 969550.217030
% 92 985566.269391
% 93 978633.600449
% 94 969312.654770
% 95 974145.166909
% 96 966309.633447
% 97 978550.170483
% 98 968451.851398
% 99 977421.345559
% 100 973060.363629
% 101 975373.962562
% 102 965841.483633
% 103 971342.639043
% 104 978409.049301
% 105 977366.487466
% 106 984262.080702
% 107 992384.416972
% 108 984137.723070
% 109 981050.766645
% 110 1001243.606068
% 111 987796.538855
% 112 973386.491716
% 113 989069.632830
% 114 987386.726153
% 115 969375.755064
% 116 982234.990553
% 117 981980.141210
% 118 982122.193522
% 119 977088.071354
% 120 986996.234534
% 121 995560.996727
% 122 1001185.888354
% 123 995254.076142
% 124 975809.041362
% 125 988855.864216
% 126 997365.419920
% 127 995336.457403
% 128 976368.708225
% 129 971579.860607
% 130 976015.916380
% 131 964162.891035
% 132 975358.904712
% 133 972364.705673
% 134 965489.631755
% 135 939806.932846
% 136 940337.342278
% 137 937870.444267
% 138 934862.999426
% 139 938830.975239
% 140 935555.617211
% 141 940299.885592
% 142 943797.602728
% 143 928553.188382
% 144 924495.821210
% 145 922767.491693
% 146 938886.194507
% 147 951542.157671
% 148 932316.213208
% 149 919904.732426
% 150 944220.634700
% 151 944461.194483
% 152 930356.801369
% 153 941994.777867
% 154 945393.885851
% 155 928708.429179
% 156 941944.656882
% 157 950207.861040
% 158 931473.688080
% 159 942961.623197
% 160 934051.177840
% 161 934963.178130
% 162 943352.608115
% 163 937848.932832
% 164 918902.048141
% 165 913191.008630
% 166 923559.397802
% 167 925007.181310
% 168 928365.484459
% 169 925318.358419
% 170 930513.721676
% 171 943322.509777
% 172 923910.742717
% 173 931957.411868
% 174 925717.095291
% 175 927974.986881
% 176 925967.021001
% 177 935949.635435
% 178 942154.396257
% 179 945207.649229
% 180 928681.942202
% 181 938224.149075
% 182 926003.764485
% 183 931459.037279
% 184 921118.495287
% 185 913377.822093
% 186 915357.999505
% 187 924348.070347
% 188 908363.387143
% 189 914134.498269
% 190 922469.702594
% 191 923060.190159
% 192 920931.210321
% 193 928526.311488
% 194 927183.096174
% 195 938408.266450
% 196 924584.672794
% 197 946182.573499
% 198 941161.596935
% 199 950408.300382
% 200 938953.437746
% 201 932996.406358
% 202 930858.126235
% 203 916288.666238
% 204 897254.350458
% 205 922296.566768
% 206 913750.174898
% 207 912433.690242
% 208 919779.653481
% 209 917373.172078
% 210 929446.009399
% 211 937210.496647
% 212 934441.030722
% 213 917624.918700
% 214 929382.410437
% 215 930807.625831
> Finished 215 generations with 4501100 distance calculations. GA Runtime = 161.4389 sec
> Final distance: 897254.350458
> Final Route:
Truck 0 [len = 63]: 0 --> 164 --> 165 --> 138 --> 86 --> 96 --> 121 --> 217 --> 213 --> 203 --> 127 --> 212 --> 214 --> 167 --> 178 --> 172 --> 40 --> 67 --> 76 --> 74 --> 215 --> 134 --> 131 --> 221 --> 128 --> 25 --> 29 --> 98 --> 184 --> 151 --> 143 --> 173 --> 163 --> 162 --> 52 --> 20 --> 50 --> 64 --> 99 --> 49 --> 54 --> 55 --> 19 --> 57 --> 189 --> 124 --> 105 --> 51 --> 79 --> 7 --> 11 --> 43 --> 16 --> 111 --> 195 --> 63 --> 22 --> 41 --> 42 --> 58 --> 106 --> 5 --> 80
Truck 1 [len = 46]: 0 --> 69 --> 83 --> 116 --> 170 --> 177 --> 171 --> 166 --> 159 --> 174 --> 155 --> 156 --> 157 --> 93 --> 46 --> 47 --> 34 --> 14 --> 8 --> 75 --> 12 --> 71 --> 65 --> 113 --> 125 --> 198 --> 219 --> 122 --> 123 --> 218 --> 102 --> 21 --> 92 --> 15 --> 70 --> 68 --> 27 --> 39 --> 153 --> 87 --> 33 --> 186 --> 191 --> 148 --> 66 --> 78
Truck 2 [len = 51]: 0 --> 6 --> 18 --> 109 --> 103 --> 204 --> 206 --> 201 --> 200 --> 107 --> 119 --> 60 --> 216 --> 209 --> 207 --> 197 --> 220 --> 210 --> 208 --> 176 --> 126 --> 112 --> 149 --> 95 --> 88 --> 101 --> 139 --> 137 --> 146 --> 205 --> 190 --> 132 --> 36 --> 59 --> 61 --> 73 --> 9 --> 188 --> 81 --> 185 --> 169 --> 179 --> 130 --> 196 --> 199 --> 202 --> 145 --> 28 --> 35 --> 4 --> 10
Truck 3 [len = 40]: 0 --> 3 --> 23 --> 24 --> 32 --> 38 --> 160 --> 152 --> 135 --> 211 --> 84 --> 158 --> 180 --> 181 --> 44 --> 48 --> 115 --> 13 --> 104 --> 225 --> 192 --> 89 --> 100 --> 17 --> 62 --> 53 --> 31 --> 30 --> 194 --> 56 --> 45 --> 26 --> 37 --> 108 --> 117 --> 129 --> 133 --> 82 --> 114 --> 2
Truck 4 [len = 30]: 0 --> 85 --> 118 --> 97 --> 94 --> 142 --> 136 --> 182 --> 183 --> 175 --> 154 --> 187 --> 193 --> 168 --> 150 --> 161 --> 140 --> 147 --> 90 --> 144 --> 141 --> 91 --> 120 --> 110 --> 223 --> 222 --> 224 --> 72 --> 1 --> 77
> Generation - Distance curve saved to fig/pr226_baseline_30_5_1000_100_10_20211216_19_57_48/20211216_21_09_02.png.
