--> Running ID = 9
> Loading cities from instances/pr226.txt
	>> 226 cities in total to be loaded
> 226 cities loaded from instances/pr226.txt
> Initial distance: 1605348.405446
> Starting running GA.
	>> cities = 226, salesmen = 5
	>> Generations = 1000, PopulationSize = 100, TournamentSize = 10
# Generation Distance
% 1 1603649.950422
% 2 1556482.152566
% 3 1555326.932836
% 4 1537579.048663
% 5 1539859.812914
% 6 1522667.360960
% 7 1525045.105649
% 8 1495204.221351
% 9 1490903.002670
% 10 1491725.377291
% 11 1474627.090623
% 12 1472168.742053
% 13 1460598.193632
% 14 1431650.639082
% 15 1413883.272173
% 16 1400446.209641
% 17 1400324.080986
% 18 1399491.182119
% 19 1396338.675181
% 20 1366042.229200
% 21 1369247.490429
% 22 1361788.561945
% 23 1346301.538519
% 24 1341732.742290
% 25 1338202.769122
% 26 1320825.075285
% 27 1308908.486682
% 28 1311515.990757
% 29 1316865.716655
% 30 1296913.703245
% 31 1288708.462380
% 32 1278251.327699
% 33 1256907.952150
% 34 1252888.657401
% 35 1258875.044215
% 36 1256012.286516
% 37 1262976.626607
% 38 1270147.979872
% 39 1261153.660044
% 40 1265117.575440
% 41 1251441.298898
% 42 1236959.081652
% 43 1230687.118915
% 44 1232652.782384
% 45 1212593.814191
% 46 1205025.458417
% 47 1195764.320816
% 48 1192830.246972
% 49 1206419.808878
% 50 1202374.552832
% 51 1187064.730957
% 52 1187165.920164
% 53 1183277.088453
% 54 1178487.940151
% 55 1185402.316979
% 56 1174441.186613
% 57 1158257.906191
% 58 1160215.723055
% 59 1161917.482307
% 60 1161912.069711
% 61 1147395.219793
% 62 1122719.716471
% 63 1135512.467822
% 64 1132414.154394
% 65 1139558.031933
% 66 1117459.689451
% 67 1113463.208387
% 68 1105070.087843
% 69 1096722.640280
% 70 1088550.535496
% 71 1093439.075756
% 72 1081565.800756
% 73 1096069.866713
% 74 1094868.387918
% 75 1088751.440528
% 76 1086279.048732
% 77 1092796.067886
% 78 1084508.003989
% 79 1065786.247676
% 80 1063281.447114
% 81 1067533.807146
% 82 1073018.929787
% 83 1078598.636385
% 84 1068859.823709
% 85 1083808.425047
% 86 1058798.487422
% 87 1083150.091302
% 88 1077728.568559
% 89 1080744.109132
% 90 1068225.720926
% 91 1064503.493757
% 92 1053239.085344
% 93 1042240.362536
% 94 1046394.872346
% 95 1031704.520614
% 96 1023918.372781
% 97 1033157.798359
% 98 1033901.279495
% 99 1017224.659844
% 100 1016969.665222
% 101 1017292.772567
% 102 1011211.301961
% 103 1013879.426479
% 104 1031078.437483
% 105 1007352.476410
% 106 1022081.190913
% 107 1013847.816277
% 108 1023907.287577
% 109 1014348.754148
% 110 1019087.796005
% 111 1000621.129607
% 112 1011076.039590
% 113 1003088.040519
% 114 996268.168076
% 115 991125.726217
% 116 989127.199583
% 117 993964.741176
% 118 999649.276210
% 119 991834.241052
% 120 981620.741103
% 121 975723.886321
% 122 989597.102195
% 123 968206.664596
% 124 962146.964667
% 125 977782.421456
% 126 976932.436846
% 127 979826.006498
% 128 973294.346126
% 129 989648.219998
% 130 974158.452241
% 131 980672.408106
% 132 971484.865642
% 133 969652.820334
% 134 963939.895483
% 135 982492.002549
% 136 946423.284592
% 137 960754.640406
% 138 966478.443958
% 139 950491.931061
% 140 952193.888502
% 141 948373.137929
% 142 933627.369538
% 143 936984.076067
% 144 938952.399915
% 145 927689.819163
% 146 935870.635375
% 147 949878.019111
% 148 932505.725495
% 149 947107.487975
% 150 950592.459837
% 151 959520.576526
% 152 944844.129705
% 153 960070.890094
% 154 949855.011340
% 155 935447.846866
% 156 952007.260704
% 157 950443.991693
% 158 943395.327396
% 159 947498.108382
% 160 945984.148044
% 161 943357.751396
% 162 922983.683510
% 163 939292.443895
% 164 930308.236738
% 165 934265.360382
% 166 917083.257734
% 167 910926.900947
% 168 910420.885406
% 169 897875.905229
% 170 911963.448225
% 171 907972.682063
% 172 919814.426456
% 173 897367.224114
% 174 890105.431517
% 175 894404.019235
% 176 897032.009377
% 177 901067.067221
% 178 906001.384645
% 179 913759.740305
% 180 904832.614685
% 181 916787.289973
% 182 910335.889425
% 183 918445.615556
% 184 933337.643763
% 185 936647.571873
% 186 922044.438312
% 187 930919.592539
% 188 894463.411019
% 189 913439.190355
% 190 907960.376397
% 191 929775.333734
% 192 928907.726331
% 193 923149.534799
% 194 925584.994970
% 195 933961.311990
% 196 925577.453114
% 197 922580.844225
% 198 930569.464054
% 199 913890.731417
% 200 922195.182847
% 201 929815.649234
% 202 928996.370424
% 203 935944.154446
% 204 936834.217697
% 205 938012.975431
% 206 916678.604214
% 207 934178.775200
% 208 928189.613558
% 209 918796.447872
% 210 926051.806186
% 211 927936.355785
% 212 921787.657994
% 213 929016.723239
% 214 915261.226885
% 215 914431.518880
> Finished 215 generations with 4500870 distance calculations. GA Runtime = 153.3730 sec
> Final distance: 890105.431517
> Final Route:
Truck 0 [len = 53]: 0 --> 95 --> 46 --> 175 --> 210 --> 225 --> 205 --> 204 --> 132 --> 97 --> 94 --> 149 --> 146 --> 49 --> 26 --> 60 --> 91 --> 182 --> 171 --> 141 --> 183 --> 144 --> 170 --> 92 --> 101 --> 99 --> 180 --> 148 --> 138 --> 57 --> 59 --> 38 --> 37 --> 41 --> 152 --> 145 --> 102 --> 108 --> 215 --> 120 --> 100 --> 122 --> 198 --> 166 --> 190 --> 55 --> 23 --> 34 --> 105 --> 114 --> 224 --> 66 --> 70
Truck 1 [len = 47]: 0 --> 42 --> 20 --> 51 --> 31 --> 147 --> 30 --> 47 --> 118 --> 10 --> 19 --> 44 --> 184 --> 188 --> 161 --> 181 --> 93 --> 200 --> 131 --> 77 --> 78 --> 109 --> 7 --> 68 --> 69 --> 28 --> 18 --> 5 --> 71 --> 45 --> 63 --> 22 --> 192 --> 216 --> 223 --> 125 --> 21 --> 36 --> 16 --> 4 --> 73 --> 75 --> 58 --> 50 --> 29 --> 25 --> 32
Truck 2 [len = 46]: 0 --> 1 --> 3 --> 17 --> 62 --> 222 --> 158 --> 151 --> 155 --> 169 --> 173 --> 167 --> 176 --> 174 --> 159 --> 217 --> 103 --> 213 --> 218 --> 119 --> 112 --> 89 --> 86 --> 64 --> 54 --> 193 --> 196 --> 219 --> 221 --> 129 --> 124 --> 121 --> 128 --> 130 --> 84 --> 9 --> 72 --> 12 --> 127 --> 8 --> 15 --> 2 --> 82 --> 81 --> 76 --> 67
Truck 3 [len = 58]: 0 --> 53 --> 48 --> 56 --> 14 --> 85 --> 106 --> 61 --> 136 --> 80 --> 11 --> 115 --> 195 --> 202 --> 201 --> 208 --> 191 --> 194 --> 178 --> 187 --> 186 --> 164 --> 140 --> 160 --> 150 --> 172 --> 135 --> 133 --> 199 --> 134 --> 212 --> 207 --> 206 --> 197 --> 157 --> 168 --> 33 --> 27 --> 39 --> 43 --> 52 --> 65 --> 88 --> 90 --> 153 --> 163 --> 143 --> 35 --> 40 --> 154 --> 177 --> 179 --> 165 --> 162 --> 156 --> 87 --> 110 --> 83
Truck 4 [len = 26]: 0 --> 123 --> 107 --> 139 --> 189 --> 98 --> 185 --> 96 --> 13 --> 24 --> 142 --> 116 --> 74 --> 79 --> 126 --> 117 --> 137 --> 211 --> 203 --> 220 --> 209 --> 214 --> 113 --> 104 --> 111 --> 6
> Generation - Distance curve saved to fig/pr226_baseline_30_5_1000_100_10_20211216_19_57_48/20211216_20_19_20.png.
