--> Running ID = 28
> Loading cities from instances/pr226.txt
	>> 226 cities in total to be loaded
> 226 cities loaded from instances/pr226.txt
> Initial distance: 1571052.054803
> Starting running GA.
	>> cities = 226, salesmen = 5
	>> Generations = 1000, PopulationSize = 100, TournamentSize = 10
# Generation Distance
% 1 1592366.141432
% 2 1586452.500327
% 3 1578153.792024
% 4 1576064.542745
% 5 1557747.781683
% 6 1545538.968786
% 7 1518370.833953
% 8 1500998.902971
% 9 1503373.324495
% 10 1481240.692313
% 11 1476853.577746
% 12 1452385.826260
% 13 1461440.001765
% 14 1443760.605578
% 15 1441084.756438
% 16 1430022.408411
% 17 1426633.655966
% 18 1426740.798311
% 19 1413789.162748
% 20 1405076.622306
% 21 1400902.901153
% 22 1397239.905020
% 23 1381861.102981
% 24 1360805.441102
% 25 1358970.594844
% 26 1345546.240376
% 27 1343407.755813
% 28 1328919.146225
% 29 1314908.348213
% 30 1309797.385025
% 31 1309610.429388
% 32 1298753.568741
% 33 1290725.594861
% 34 1288922.153852
% 35 1290191.369365
% 36 1283853.719477
% 37 1296332.054664
% 38 1267615.381014
% 39 1265195.202499
% 40 1242212.781755
% 41 1243191.110803
% 42 1214228.149018
% 43 1208197.351901
% 44 1213848.439894
% 45 1222775.927082
% 46 1172143.560959
% 47 1180065.556553
% 48 1181281.487810
% 49 1163403.616160
% 50 1175231.128267
% 51 1163151.668690
% 52 1165691.709342
% 53 1163565.644691
% 54 1146094.099590
% 55 1150649.336852
% 56 1140386.056348
% 57 1156687.399915
% 58 1149878.750510
% 59 1151161.044893
% 60 1152288.695291
% 61 1150803.060996
% 62 1134359.233231
% 63 1123869.512979
% 64 1122379.704700
% 65 1118951.483227
% 66 1128922.624133
% 67 1121567.580087
% 68 1113253.053369
% 69 1109853.006056
% 70 1096041.514907
% 71 1105868.510094
% 72 1091339.980554
% 73 1092486.664458
% 74 1080509.020011
% 75 1074675.970740
% 76 1088982.584029
% 77 1084676.614024
% 78 1067018.512145
% 79 1062056.416227
% 80 1055847.124354
% 81 1050239.642816
% 82 1052400.802272
% 83 1048688.877418
% 84 1039009.009241
% 85 1048752.382652
% 86 1030224.309456
% 87 1035909.271138
% 88 1029347.723917
% 89 1035713.062730
% 90 1025148.892017
% 91 1018140.083926
% 92 1026668.439498
% 93 1012060.648128
% 94 998657.311777
% 95 1011490.106463
% 96 1016458.566084
% 97 1007690.326961
% 98 1029906.700329
% 99 1025271.863488
% 100 1033533.562753
% 101 1015319.897757
% 102 1024001.616625
% 103 1047938.836757
% 104 1042453.996574
% 105 1047533.217065
% 106 1026674.408259
% 107 1041401.546719
% 108 1043228.119579
% 109 1049584.641766
% 110 1052064.237909
% 111 1039002.961857
% 112 1032642.264472
% 113 1049686.632945
% 114 1055106.870430
% 115 1054663.247500
% 116 1031501.427919
% 117 1034088.048985
% 118 1028526.774320
% 119 1030113.603775
% 120 1014851.464857
% 121 1026938.493648
% 122 1018968.673368
% 123 1006541.040697
% 124 1009839.256208
% 125 1010342.651417
% 126 1005980.808296
% 127 1013829.293685
% 128 984491.693072
% 129 1006073.908936
% 130 1017553.503462
% 131 990194.333517
% 132 1001814.617081
% 133 999599.769371
% 134 1005017.702454
% 135 994167.228890
% 136 1000339.495098
% 137 995218.530307
% 138 998864.452953
% 139 990522.651390
% 140 984084.292620
% 141 998120.629921
% 142 988678.607196
% 143 993384.149629
% 144 980277.410953
% 145 986087.131119
% 146 987729.413974
% 147 992599.563956
% 148 972872.074695
% 149 976761.604428
% 150 991462.150165
% 151 994863.427293
% 152 984772.901456
% 153 979423.347234
% 154 979765.875331
% 155 996755.658894
% 156 1003897.458002
% 157 995241.563691
% 158 983956.923089
% 159 1000490.744441
% 160 1002569.425132
% 161 1013613.905784
% 162 1014312.570290
% 163 1019988.639655
% 164 1008397.392732
% 165 1017059.536980
% 166 1003462.434323
% 167 1009029.578865
% 168 998643.197289
% 169 993989.534059
% 170 986813.504383
% 171 990088.264325
% 172 980572.290829
% 173 992791.202464
% 174 986518.669311
% 175 977889.998909
% 176 976219.780728
% 177 988821.754483
% 178 970493.435456
% 179 980352.197345
% 180 970501.221802
% 181 982080.990805
% 182 962261.387336
% 183 980802.467976
% 184 966789.230094
% 185 953953.389971
% 186 972377.818988
% 187 972315.560099
% 188 970922.520850
% 189 965557.009078
% 190 955558.093832
% 191 970342.491056
% 192 962932.876119
% 193 940333.090607
% 194 941517.992598
% 195 927316.796752
% 196 939351.187305
% 197 928562.865754
% 198 918926.349039
% 199 919533.995638
% 200 914084.619904
% 201 921968.717661
% 202 935989.239214
% 203 946286.873297
% 204 948575.119112
% 205 938899.830972
% 206 943458.239898
% 207 954330.312223
% 208 919160.976193
% 209 930308.839412
% 210 937048.954537
% 211 929188.241906
% 212 930753.462847
% 213 928226.771997
% 214 921279.830401
% 215 929367.155566
% 216 933891.638235
> Finished 216 generations with 4519960 distance calculations. GA Runtime = 162.2506 sec
> Final distance: 914084.619904
> Final Route:
Truck 0 [len = 52]: 0 --> 176 --> 188 --> 97 --> 194 --> 130 --> 215 --> 204 --> 107 --> 119 --> 202 --> 127 --> 217 --> 105 --> 63 --> 62 --> 138 --> 96 --> 91 --> 223 --> 169 --> 32 --> 41 --> 48 --> 43 --> 29 --> 52 --> 17 --> 13 --> 65 --> 125 --> 69 --> 225 --> 219 --> 195 --> 142 --> 94 --> 190 --> 162 --> 136 --> 86 --> 33 --> 44 --> 173 --> 20 --> 59 --> 60 --> 45 --> 40 --> 101 --> 120 --> 126
Truck 1 [len = 41]: 0 --> 68 --> 16 --> 95 --> 85 --> 121 --> 2 --> 6 --> 3 --> 210 --> 148 --> 191 --> 207 --> 24 --> 14 --> 4 --> 64 --> 11 --> 77 --> 113 --> 218 --> 200 --> 198 --> 99 --> 89 --> 35 --> 57 --> 38 --> 22 --> 23 --> 34 --> 134 --> 149 --> 36 --> 47 --> 123 --> 131 --> 103 --> 72 --> 66 --> 7
Truck 2 [len = 68]: 0 --> 18 --> 42 --> 70 --> 78 --> 73 --> 211 --> 206 --> 216 --> 205 --> 192 --> 155 --> 175 --> 180 --> 163 --> 182 --> 154 --> 87 --> 39 --> 31 --> 28 --> 61 --> 220 --> 116 --> 214 --> 201 --> 141 --> 185 --> 172 --> 171 --> 165 --> 161 --> 46 --> 158 --> 183 --> 156 --> 140 --> 187 --> 186 --> 160 --> 145 --> 51 --> 122 --> 19 --> 21 --> 53 --> 88 --> 92 --> 93 --> 90 --> 139 --> 179 --> 189 --> 25 --> 115 --> 111 --> 109 --> 55 --> 58 --> 26 --> 27 --> 37 --> 193 --> 178 --> 166 --> 174 --> 135 --> 118
Truck 3 [len = 40]: 0 --> 104 --> 196 --> 222 --> 212 --> 208 --> 129 --> 114 --> 5 --> 102 --> 10 --> 84 --> 224 --> 213 --> 184 --> 146 --> 143 --> 181 --> 168 --> 110 --> 79 --> 221 --> 199 --> 209 --> 1 --> 112 --> 197 --> 137 --> 106 --> 117 --> 133 --> 124 --> 128 --> 132 --> 177 --> 167 --> 98 --> 100 --> 108 --> 71
Truck 4 [len = 29]: 0 --> 15 --> 80 --> 8 --> 9 --> 83 --> 81 --> 147 --> 144 --> 151 --> 150 --> 164 --> 157 --> 159 --> 170 --> 152 --> 153 --> 203 --> 56 --> 54 --> 30 --> 50 --> 49 --> 76 --> 74 --> 82 --> 12 --> 67 --> 75
> Generation - Distance curve saved to fig/pr226_baseline_30_5_1000_100_10_20211216_19_57_48/20211216_21_11_47.png.
