--> Running ID = 22
> Loading cities from instances/pr226.txt
	>> 226 cities in total to be loaded
> 226 cities loaded from instances/pr226.txt
> Initial distance: 1578698.936592
> Starting running GA.
	>> cities = 226, salesmen = 5
	>> Generations = 1000, PopulationSize = 100, TournamentSize = 10
# Generation Distance
% 1 1559602.938981
% 2 1554204.295503
% 3 1531419.825105
% 4 1531726.642115
% 5 1520995.962506
% 6 1516975.080462
% 7 1502383.994418
% 8 1480691.978329
% 9 1477601.875539
% 10 1457954.685762
% 11 1459105.867769
% 12 1442143.980657
% 13 1421113.701717
% 14 1396119.205916
% 15 1396758.134606
% 16 1394261.153037
% 17 1379905.326598
% 18 1374691.590034
% 19 1355227.392249
% 20 1343505.400628
% 21 1348004.329683
% 22 1334924.340571
% 23 1325278.629506
% 24 1311961.348295
% 25 1310658.340090
% 26 1294419.125286
% 27 1303956.065657
% 28 1295050.112097
% 29 1266005.303316
% 30 1279706.859915
% 31 1251338.949500
% 32 1256687.517947
% 33 1239707.504376
% 34 1246196.126722
% 35 1233687.448499
% 36 1238752.518432
% 37 1224230.607451
% 38 1206647.918022
% 39 1211147.984108
% 40 1205315.129148
% 41 1195423.267552
% 42 1201031.029784
% 43 1183734.926245
% 44 1193100.631935
% 45 1189420.449396
% 46 1208790.567747
% 47 1185896.101830
% 48 1187294.962432
% 49 1180495.770911
% 50 1176969.982148
% 51 1184501.293791
% 52 1160901.028349
% 53 1147079.077294
% 54 1150955.483567
% 55 1148468.206360
% 56 1155265.341360
% 57 1143643.418653
% 58 1143528.530378
% 59 1145984.586024
% 60 1155198.529295
% 61 1148157.526745
% 62 1124691.988398
% 63 1136549.784617
% 64 1130337.535435
% 65 1121740.391548
% 66 1111863.288345
% 67 1104230.035421
% 68 1097403.197742
% 69 1121020.028264
% 70 1104044.744024
% 71 1092207.630091
% 72 1069053.709190
% 73 1078524.963436
% 74 1076487.658930
% 75 1062148.556464
% 76 1047520.375116
% 77 1065550.057618
% 78 1071566.440307
% 79 1066121.348221
% 80 1041291.247235
% 81 1043570.557691
% 82 1025028.908724
% 83 1032098.790826
% 84 1029604.711135
% 85 1013254.000952
% 86 1022105.780131
% 87 1031701.336878
% 88 1011939.394584
% 89 1026179.260174
% 90 1017715.868454
% 91 1005198.608519
% 92 1008975.425206
% 93 995504.600489
% 94 1001736.589675
% 95 982831.753250
% 96 986677.771737
% 97 992384.585175
% 98 985776.841268
% 99 987500.921617
% 100 993600.604326
% 101 978573.923124
% 102 984533.208864
% 103 994107.620017
% 104 1006014.767776
% 105 970499.251028
% 106 963018.741098
% 107 955778.425072
% 108 963236.485104
% 109 949678.722855
% 110 966225.002843
% 111 962039.040743
% 112 962529.173419
% 113 965809.893431
% 114 953855.567653
% 115 952628.888656
% 116 954724.665704
% 117 962293.223091
% 118 961440.295039
% 119 955787.651254
% 120 934440.010645
% 121 923479.809863
% 122 927754.888910
% 123 930730.175584
% 124 932279.869648
% 125 925825.735712
% 126 935035.257907
% 127 943508.047199
% 128 933071.694536
% 129 958207.715152
% 130 949970.615262
% 131 927682.370491
% 132 944965.158610
% 133 938840.902152
% 134 955775.934503
% 135 966918.413425
% 136 971101.429205
% 137 962749.354865
% 138 968417.256554
% 139 974096.486853
% 140 974698.553151
% 141 966241.313815
% 142 960647.490397
% 143 959885.636453
% 144 966054.708548
% 145 964244.423103
% 146 971027.269733
% 147 966770.330978
% 148 965802.235654
% 149 965319.764708
% 150 981737.158411
% 151 962248.053554
% 152 968530.457862
% 153 952095.955104
% 154 949201.572816
% 155 950398.900478
% 156 944802.306862
% 157 940778.466877
% 158 942857.648852
% 159 955197.089432
% 160 959350.328519
% 161 955253.346750
% 162 946080.693760
% 163 930316.310434
% 164 935620.999141
% 165 938214.711992
% 166 957206.240836
% 167 953682.440274
% 168 954069.605951
% 169 952606.277731
% 170 962814.014138
% 171 962300.274665
% 172 962476.185792
% 173 960224.165249
% 174 964009.843251
% 175 958516.192689
% 176 955436.150081
% 177 948485.820369
% 178 966571.288313
% 179 966702.949996
% 180 964328.083620
% 181 950399.281690
% 182 950211.369983
% 183 942140.185260
% 184 949685.429993
% 185 945546.420153
% 186 946940.441509
% 187 941832.815213
% 188 951165.540397
% 189 962105.895677
% 190 955152.189354
% 191 950885.248699
% 192 963949.884739
% 193 953944.511810
% 194 950028.327401
% 195 948201.758242
% 196 948524.707010
% 197 941472.386001
% 198 944430.248708
% 199 941584.440032
% 200 929188.731441
% 201 949133.400192
% 202 938290.761632
% 203 941809.141126
% 204 938788.424475
% 205 927975.431061
% 206 925861.329302
% 207 926675.546859
% 208 908787.948085
% 209 907210.751598
% 210 915819.455706
% 211 928770.274724
% 212 922691.899460
% 213 933526.271925
% 214 923575.025158
% 215 941300.471324
% 216 924619.657639
> Finished 216 generations with 4518810 distance calculations. GA Runtime = 163.7075 sec
> Final distance: 907210.751598
> Final Route:
Truck 0 [len = 39]: 0 --> 179 --> 200 --> 194 --> 131 --> 214 --> 222 --> 132 --> 135 --> 195 --> 165 --> 140 --> 189 --> 210 --> 124 --> 79 --> 142 --> 60 --> 78 --> 4 --> 68 --> 69 --> 84 --> 70 --> 30 --> 45 --> 29 --> 41 --> 25 --> 23 --> 14 --> 33 --> 59 --> 63 --> 64 --> 8 --> 12 --> 95 --> 17
Truck 1 [len = 32]: 0 --> 5 --> 71 --> 181 --> 173 --> 166 --> 138 --> 100 --> 178 --> 175 --> 174 --> 183 --> 211 --> 133 --> 66 --> 58 --> 54 --> 48 --> 65 --> 52 --> 6 --> 74 --> 121 --> 125 --> 112 --> 36 --> 32 --> 151 --> 96 --> 22 --> 152 --> 26
Truck 2 [len = 57]: 0 --> 11 --> 57 --> 51 --> 49 --> 198 --> 167 --> 168 --> 146 --> 43 --> 177 --> 170 --> 185 --> 156 --> 196 --> 224 --> 113 --> 193 --> 205 --> 215 --> 209 --> 190 --> 201 --> 218 --> 127 --> 111 --> 206 --> 221 --> 207 --> 219 --> 119 --> 123 --> 2 --> 1 --> 80 --> 13 --> 104 --> 108 --> 75 --> 72 --> 67 --> 50 --> 16 --> 20 --> 15 --> 223 --> 212 --> 117 --> 110 --> 55 --> 143 --> 109 --> 116 --> 10 --> 31 --> 19 --> 7
Truck 3 [len = 42]: 0 --> 107 --> 105 --> 93 --> 163 --> 157 --> 159 --> 171 --> 162 --> 161 --> 37 --> 40 --> 46 --> 128 --> 115 --> 92 --> 21 --> 28 --> 61 --> 134 --> 87 --> 98 --> 203 --> 225 --> 202 --> 94 --> 188 --> 160 --> 184 --> 139 --> 197 --> 90 --> 38 --> 27 --> 34 --> 56 --> 91 --> 147 --> 141 --> 39 --> 44 --> 73
Truck 4 [len = 60]: 0 --> 85 --> 83 --> 122 --> 216 --> 213 --> 97 --> 186 --> 187 --> 129 --> 120 --> 220 --> 114 --> 82 --> 77 --> 3 --> 9 --> 81 --> 103 --> 191 --> 182 --> 155 --> 208 --> 130 --> 118 --> 76 --> 106 --> 126 --> 102 --> 204 --> 169 --> 172 --> 136 --> 154 --> 137 --> 88 --> 99 --> 148 --> 180 --> 192 --> 217 --> 199 --> 153 --> 145 --> 101 --> 144 --> 164 --> 158 --> 149 --> 62 --> 24 --> 47 --> 35 --> 89 --> 53 --> 42 --> 150 --> 176 --> 86 --> 18
> Generation - Distance curve saved to fig/pr226_baseline_30_5_1000_100_10_20211216_19_57_48/20211216_20_55_02.png.
