--> Running ID = 1
> Loading cities from instances/pr226.txt
	>> 226 cities in total to be loaded
> 226 cities loaded from instances/pr226.txt
> Initial distance: 1641267.045263
> Starting running GA.
	>> cities = 226, salesmen = 5
	>> Generations = 1000, PopulationSize = 100, TournamentSize = 10
# Generation Distance
% 1 1594237.980881
% 2 1573105.781075
% 3 1568060.140981
% 4 1566040.363911
% 5 1548396.271860
% 6 1541644.596567
% 7 1521623.630130
% 8 1493607.370813
% 9 1493679.385338
% 10 1487919.743790
% 11 1469360.757110
% 12 1462941.267892
% 13 1469775.728085
% 14 1462459.221299
% 15 1452515.613252
% 16 1442498.331748
% 17 1424557.547570
% 18 1420836.208581
% 19 1418235.277274
% 20 1409190.302211
% 21 1403844.763914
% 22 1403077.569925
% 23 1393085.668334
% 24 1363396.065196
% 25 1354113.070155
% 26 1338922.172866
% 27 1346745.641710
% 28 1325811.214987
% 29 1310289.229238
% 30 1324681.734766
% 31 1323611.716915
% 32 1318669.114605
% 33 1319453.908626
% 34 1301855.715457
% 35 1294927.513964
% 36 1270407.581438
% 37 1284918.037143
% 38 1278470.949608
% 39 1287600.039530
% 40 1271293.038433
% 41 1235787.174368
% 42 1231676.791915
% 43 1227787.505872
% 44 1215335.381233
% 45 1223060.931886
% 46 1212659.439851
% 47 1199740.326911
% 48 1195427.653107
% 49 1183783.654995
% 50 1194239.712102
% 51 1193945.666984
% 52 1176085.905273
% 53 1173806.214849
% 54 1181628.153977
% 55 1186398.444636
% 56 1180850.656778
% 57 1172836.951864
% 58 1172538.420251
% 59 1183334.525847
% 60 1182268.491181
% 61 1166663.336051
% 62 1164401.763956
% 63 1154811.260628
% 64 1153424.498317
% 65 1133946.078228
% 66 1148508.436923
% 67 1144858.580366
% 68 1135858.953323
% 69 1128110.043537
% 70 1132765.809842
% 71 1124454.283279
% 72 1125199.488541
% 73 1138105.606729
% 74 1125471.385105
% 75 1136915.083050
% 76 1129290.530464
% 77 1117193.872836
% 78 1119261.958597
% 79 1104256.707854
% 80 1092274.617107
% 81 1098632.770557
% 82 1104261.930764
% 83 1099570.534183
% 84 1087432.665352
% 85 1088422.745621
% 86 1096014.231738
% 87 1081709.942082
% 88 1063417.671154
% 89 1070060.405243
% 90 1058763.983540
% 91 1051728.240472
% 92 1058882.432500
% 93 1067994.310626
% 94 1064625.841858
% 95 1073081.776518
% 96 1069940.909278
% 97 1080812.955755
% 98 1070027.056701
% 99 1065567.946795
% 100 1059254.801480
% 101 1067065.546677
% 102 1060896.737052
% 103 1065631.117705
% 104 1071088.128935
% 105 1058478.268475
% 106 1040658.309808
% 107 1058579.872471
% 108 1040464.244857
% 109 1045271.457063
% 110 1053052.451763
% 111 1038535.834776
% 112 1058179.905359
% 113 1060366.013987
% 114 1062905.273543
% 115 1060732.406066
% 116 1056467.545152
% 117 1059154.814797
% 118 1054043.105723
% 119 1050062.643579
% 120 1040688.425790
% 121 1044987.142729
% 122 1046376.348247
% 123 1057084.186622
% 124 1048223.235569
% 125 1041743.589182
% 126 1026590.197829
% 127 1028617.688566
% 128 1014061.723620
% 129 1021302.064018
% 130 1015379.834309
% 131 1035603.003924
% 132 1024439.256102
% 133 1020878.676979
% 134 1024296.135972
% 135 1011396.970805
% 136 1023642.911565
% 137 1035591.697517
% 138 1035327.532128
% 139 1016322.593488
% 140 1028287.927124
% 141 1020352.707394
% 142 1029157.886706
% 143 1031937.204811
% 144 1029213.517685
% 145 1019663.314875
% 146 1004348.910569
% 147 1023332.764866
% 148 1017922.165572
% 149 1018782.470733
% 150 1024709.024611
% 151 1022085.660926
% 152 1019281.709933
% 153 1001709.972561
% 154 1020367.540710
% 155 1019154.664172
% 156 1030388.590993
% 157 1005045.824336
% 158 1007083.090607
% 159 1037377.671798
% 160 1017368.487566
% 161 1006482.493896
% 162 1020044.813378
% 163 1026372.991078
% 164 1023369.873713
% 165 1011748.771673
% 166 998683.998918
% 167 1022986.637558
% 168 1010978.520772
% 169 1010328.629740
% 170 1004946.847831
% 171 977388.002080
% 172 998423.604491
% 173 983642.765015
% 174 1008227.350258
% 175 997854.029023
% 176 995901.207629
% 177 1013699.682594
% 178 1015320.760749
% 179 1001614.989314
% 180 982307.635353
% 181 987537.757039
% 182 989061.062626
% 183 988133.860515
% 184 980351.699753
% 185 991472.848214
% 186 980100.154199
% 187 995722.382130
% 188 986420.481159
% 189 968622.514644
% 190 983198.847375
% 191 966539.705663
% 192 965891.523761
% 193 955717.437441
% 194 963444.097025
% 195 978327.985896
% 196 988194.246254
% 197 976777.004169
% 198 981480.529409
% 199 987472.380802
% 200 980823.504377
% 201 977600.697988
% 202 998448.493784
% 203 985294.618961
% 204 983422.848711
% 205 974655.125182
% 206 971039.095490
% 207 974379.113634
% 208 990968.650051
% 209 991873.572959
% 210 992917.872720
% 211 982845.852683
% 212 990356.558975
% 213 979508.076597
% 214 978282.163652
% 215 980457.837984
> Finished 215 generations with 4502940 distance calculations. GA Runtime = 161.1202 sec
> Final distance: 955717.437441
> Final Route:
Truck 0 [len = 51]: 0 --> 195 --> 31 --> 30 --> 12 --> 17 --> 7 --> 60 --> 27 --> 46 --> 166 --> 185 --> 155 --> 162 --> 126 --> 124 --> 104 --> 211 --> 200 --> 216 --> 111 --> 112 --> 221 --> 222 --> 73 --> 51 --> 9 --> 65 --> 3 --> 72 --> 71 --> 20 --> 100 --> 132 --> 119 --> 134 --> 223 --> 15 --> 217 --> 202 --> 90 --> 145 --> 93 --> 89 --> 48 --> 40 --> 39 --> 136 --> 94 --> 98 --> 149
Truck 1 [len = 42]: 0 --> 109 --> 14 --> 81 --> 77 --> 85 --> 54 --> 92 --> 35 --> 25 --> 24 --> 38 --> 47 --> 146 --> 139 --> 172 --> 58 --> 99 --> 95 --> 150 --> 193 --> 140 --> 141 --> 199 --> 198 --> 196 --> 208 --> 204 --> 180 --> 181 --> 138 --> 147 --> 154 --> 161 --> 165 --> 36 --> 45 --> 88 --> 86 --> 22 --> 29 --> 18
Truck 2 [len = 20]: 0 --> 8 --> 62 --> 37 --> 28 --> 49 --> 101 --> 203 --> 59 --> 206 --> 214 --> 192 --> 76 --> 205 --> 209 --> 220 --> 173 --> 128 --> 131 --> 74
Truck 3 [len = 75]: 0 --> 4 --> 190 --> 188 --> 57 --> 21 --> 26 --> 10 --> 56 --> 52 --> 78 --> 2 --> 218 --> 194 --> 164 --> 175 --> 169 --> 178 --> 170 --> 44 --> 55 --> 34 --> 61 --> 5 --> 130 --> 133 --> 191 --> 174 --> 135 --> 213 --> 42 --> 151 --> 23 --> 224 --> 123 --> 197 --> 84 --> 64 --> 68 --> 116 --> 184 --> 142 --> 105 --> 120 --> 186 --> 176 --> 168 --> 156 --> 160 --> 167 --> 152 --> 189 --> 182 --> 91 --> 83 --> 215 --> 219 --> 87 --> 97 --> 33 --> 19 --> 11 --> 102 --> 16 --> 50 --> 110 --> 43 --> 41 --> 63 --> 103 --> 70 --> 67 --> 66 --> 69 --> 75
Truck 4 [len = 42]: 0 --> 107 --> 115 --> 207 --> 121 --> 106 --> 82 --> 1 --> 80 --> 13 --> 113 --> 79 --> 122 --> 212 --> 129 --> 127 --> 210 --> 177 --> 183 --> 137 --> 148 --> 201 --> 225 --> 118 --> 114 --> 108 --> 53 --> 32 --> 6 --> 125 --> 163 --> 171 --> 158 --> 179 --> 187 --> 157 --> 143 --> 159 --> 153 --> 144 --> 96 --> 117
> Generation - Distance curve saved to fig/pr226_baseline_30_5_1000_100_10_20211216_19_57_48/20211216_19_57_50.png.
