--> Running ID = 19
> Loading cities from instances/pr226.txt
	>> 226 cities in total to be loaded
> 226 cities loaded from instances/pr226.txt
> Initial distance: 1616077.584616
> Starting running GA.
	>> cities = 226, salesmen = 5
	>> Generations = 1000, PopulationSize = 100, TournamentSize = 10
# Generation Distance
% 1 1604027.831964
% 2 1583210.921653
% 3 1572899.889584
% 4 1562099.434850
% 5 1568472.876279
% 6 1536285.400455
% 7 1548841.743488
% 8 1521225.390193
% 9 1513022.617759
% 10 1500432.881056
% 11 1505180.900911
% 12 1496794.097404
% 13 1499324.394765
% 14 1466308.659747
% 15 1458857.098721
% 16 1434163.339612
% 17 1441726.468218
% 18 1450986.304532
% 19 1440960.754432
% 20 1436102.770572
% 21 1423776.555569
% 22 1415848.106320
% 23 1403591.092940
% 24 1407634.466361
% 25 1412370.957952
% 26 1408880.571540
% 27 1385021.936728
% 28 1381902.270370
% 29 1372606.531596
% 30 1372565.244218
% 31 1379883.825440
% 32 1378612.767684
% 33 1358531.565563
% 34 1350321.055925
% 35 1343367.976633
% 36 1332984.265495
% 37 1331819.830047
% 38 1315105.595866
% 39 1308918.223845
% 40 1288975.660588
% 41 1289204.595081
% 42 1291429.058524
% 43 1293162.834574
% 44 1294929.716674
% 45 1281662.604151
% 46 1299006.671982
% 47 1254068.695708
% 48 1259839.682612
% 49 1245466.729851
% 50 1250308.412389
% 51 1247186.495235
% 52 1246392.212629
% 53 1229545.386245
% 54 1242239.298844
% 55 1240407.820753
% 56 1223360.226902
% 57 1215875.986388
% 58 1208438.615209
% 59 1204110.650318
% 60 1209889.189953
% 61 1197805.615897
% 62 1202106.480877
% 63 1207567.422004
% 64 1191065.714844
% 65 1195184.984664
% 66 1197631.733766
% 67 1201567.711667
% 68 1194488.060887
% 69 1192312.788825
% 70 1176217.702107
% 71 1191077.264346
% 72 1173787.678798
% 73 1177961.762781
% 74 1174958.512898
% 75 1176389.787199
% 76 1167360.140594
% 77 1157001.811132
% 78 1156769.107589
% 79 1160262.935793
% 80 1167994.796252
% 81 1167990.472664
% 82 1158133.194216
% 83 1146624.688881
% 84 1146991.891965
% 85 1148376.449094
% 86 1149668.929735
% 87 1135613.824461
% 88 1141637.446807
% 89 1136297.394708
% 90 1136537.291707
% 91 1126866.046124
% 92 1119810.946353
% 93 1129118.586043
% 94 1120828.703776
% 95 1120256.338836
% 96 1117163.660263
% 97 1118439.050844
% 98 1119956.555351
% 99 1125630.399140
% 100 1128500.744271
% 101 1100803.386035
% 102 1105628.597282
% 103 1120295.571905
% 104 1103723.486649
% 105 1083957.832828
% 106 1095699.677960
% 107 1080242.855790
% 108 1075970.372735
% 109 1056535.414430
% 110 1050765.471855
% 111 1049067.914423
% 112 1041580.264594
% 113 1050636.749917
% 114 1047748.706486
% 115 1043286.691067
% 116 1041152.296355
% 117 1049817.867246
% 118 1035539.990615
% 119 1041808.805517
% 120 1037513.230364
% 121 1048974.802482
% 122 1042428.144501
% 123 1019376.277504
% 124 1025690.287578
% 125 1031370.786748
% 126 1014715.324385
% 127 1024749.194828
% 128 1022303.625186
% 129 1017441.002340
% 130 1006580.010667
% 131 1017553.546839
% 132 1019363.472564
% 133 1002627.558783
% 134 1018553.257913
% 135 997851.844521
% 136 1015350.810705
% 137 1010191.238408
% 138 1019116.739553
% 139 996655.448092
% 140 1007206.796947
% 141 1005184.862586
% 142 1016526.635005
% 143 1005566.207397
% 144 1006131.814286
% 145 1001805.559662
% 146 990722.397814
% 147 991844.099072
% 148 996667.749741
% 149 998660.134886
% 150 988163.327652
% 151 1000724.986466
% 152 999170.530893
% 153 1006135.256218
% 154 1001906.056292
% 155 969685.693597
% 156 966762.142086
% 157 994949.982700
% 158 961818.464624
% 159 967223.291062
% 160 965049.743927
% 161 978739.811066
% 162 971689.151792
% 163 972931.581766
% 164 969456.480576
% 165 996900.439787
% 166 988191.448104
% 167 1005761.184835
% 168 1002277.878298
% 169 993957.074245
% 170 984308.026574
% 171 976317.144189
% 172 988124.618069
% 173 982581.226635
% 174 971498.368203
% 175 962580.693765
% 176 962540.816303
% 177 975150.212258
% 178 982572.371034
% 179 986449.113163
% 180 987943.130696
% 181 977737.550132
% 182 1000649.480132
% 183 976244.685386
% 184 954603.560603
% 185 956316.924905
% 186 974734.078401
% 187 980067.253224
% 188 962909.921980
% 189 982023.196917
% 190 976548.459226
% 191 967548.498712
% 192 987753.015813
% 193 980104.345047
% 194 974186.992941
% 195 975403.595061
% 196 964998.455739
% 197 973268.225831
% 198 948309.370982
% 199 963663.168471
% 200 964403.704423
% 201 958042.448998
% 202 935055.631257
% 203 950576.451428
% 204 933498.010732
% 205 952252.011133
% 206 950384.914884
% 207 960911.400727
% 208 954420.217144
% 209 930499.058368
% 210 927795.043870
% 211 928373.432591
% 212 915555.269036
% 213 919709.265290
% 214 922533.557433
% 215 923050.020139
% 216 937376.852110
> Finished 216 generations with 4518580 distance calculations. GA Runtime = 183.6778 sec
> Final distance: 915555.269036
> Final Route:
Truck 0 [len = 15]: 0 --> 61 --> 100 --> 32 --> 13 --> 70 --> 214 --> 105 --> 128 --> 119 --> 25 --> 31 --> 34 --> 62 --> 41
Truck 1 [len = 57]: 0 --> 78 --> 71 --> 72 --> 103 --> 3 --> 11 --> 10 --> 79 --> 17 --> 81 --> 110 --> 196 --> 211 --> 215 --> 56 --> 117 --> 6 --> 14 --> 16 --> 58 --> 65 --> 12 --> 87 --> 36 --> 101 --> 191 --> 213 --> 183 --> 160 --> 157 --> 190 --> 223 --> 150 --> 142 --> 180 --> 95 --> 173 --> 188 --> 179 --> 185 --> 177 --> 163 --> 189 --> 108 --> 132 --> 120 --> 111 --> 5 --> 68 --> 23 --> 42 --> 38 --> 30 --> 113 --> 60 --> 127
Truck 2 [len = 31]: 0 --> 207 --> 220 --> 224 --> 82 --> 77 --> 8 --> 20 --> 22 --> 27 --> 19 --> 7 --> 28 --> 29 --> 33 --> 50 --> 63 --> 49 --> 90 --> 144 --> 149 --> 172 --> 169 --> 168 --> 178 --> 151 --> 182 --> 154 --> 176 --> 89 --> 53
Truck 3 [len = 69]: 0 --> 74 --> 2 --> 51 --> 102 --> 126 --> 200 --> 194 --> 198 --> 54 --> 93 --> 92 --> 99 --> 125 --> 212 --> 162 --> 175 --> 133 --> 201 --> 202 --> 209 --> 124 --> 85 --> 130 --> 131 --> 45 --> 80 --> 64 --> 116 --> 225 --> 121 --> 118 --> 195 --> 122 --> 134 --> 107 --> 208 --> 192 --> 203 --> 219 --> 210 --> 139 --> 143 --> 166 --> 97 --> 43 --> 37 --> 152 --> 39 --> 88 --> 170 --> 187 --> 141 --> 174 --> 193 --> 164 --> 140 --> 206 --> 197 --> 216 --> 115 --> 35 --> 96 --> 67 --> 15 --> 1 --> 73 --> 75 --> 84
Truck 4 [len = 58]: 0 --> 4 --> 76 --> 9 --> 221 --> 222 --> 109 --> 114 --> 129 --> 137 --> 106 --> 104 --> 69 --> 83 --> 112 --> 66 --> 48 --> 59 --> 205 --> 55 --> 44 --> 26 --> 18 --> 24 --> 98 --> 86 --> 91 --> 147 --> 184 --> 153 --> 204 --> 57 --> 94 --> 47 --> 46 --> 123 --> 135 --> 161 --> 155 --> 156 --> 138 --> 165 --> 181 --> 148 --> 171 --> 158 --> 52 --> 146 --> 145 --> 167 --> 186 --> 136 --> 217 --> 218 --> 199 --> 159 --> 40 --> 21
> Generation - Distance curve saved to fig/pr226_baseline_30_5_1000_100_10_20211216_19_57_48/20211216_20_46_29.png.
