--> Running ID = 29
> Loading cities from instances/pr226.txt
	>> 226 cities in total to be loaded
> 226 cities loaded from instances/pr226.txt
> Initial distance: 1614350.863676
> Starting running GA.
	>> cities = 226, salesmen = 5
	>> Generations = 1000, PopulationSize = 100, TournamentSize = 10
# Generation Distance
% 1 1558089.968978
% 2 1551916.771240
% 3 1520742.379900
% 4 1523416.474675
% 5 1500500.888387
% 6 1491687.120935
% 7 1476904.448350
% 8 1467870.730528
% 9 1465701.872141
% 10 1457493.366543
% 11 1455916.543070
% 12 1433396.102466
% 13 1449768.435628
% 14 1436410.963843
% 15 1438130.545788
% 16 1429581.674610
% 17 1419555.549471
% 18 1403328.408486
% 19 1382853.939095
% 20 1377600.062668
% 21 1371351.994873
% 22 1344492.562287
% 23 1331820.361560
% 24 1351885.493413
% 25 1322320.542691
% 26 1326035.888914
% 27 1307278.642677
% 28 1297584.141076
% 29 1303171.441205
% 30 1289734.660635
% 31 1292179.428318
% 32 1283800.131017
% 33 1284996.439481
% 34 1249528.558303
% 35 1259404.205629
% 36 1258356.757858
% 37 1255877.438274
% 38 1256456.741520
% 39 1258742.808998
% 40 1252919.191139
% 41 1239335.537452
% 42 1234241.273016
% 43 1233650.454315
% 44 1230738.852228
% 45 1240534.138005
% 46 1236538.728538
% 47 1232929.270355
% 48 1221914.419748
% 49 1226036.273266
% 50 1210743.885541
% 51 1205278.623093
% 52 1199816.661967
% 53 1214860.779020
% 54 1211830.206316
% 55 1203000.435370
% 56 1182679.853121
% 57 1203127.506272
% 58 1201072.545394
% 59 1184342.314882
% 60 1195457.816739
% 61 1187350.465378
% 62 1175884.729306
% 63 1187798.693475
% 64 1166313.594312
% 65 1153487.859485
% 66 1140839.379198
% 67 1144660.057013
% 68 1154383.187456
% 69 1138042.903884
% 70 1122416.480628
% 71 1116123.265301
% 72 1130604.182150
% 73 1114777.283426
% 74 1116599.012949
% 75 1102225.642776
% 76 1084387.719138
% 77 1080678.734647
% 78 1074916.178259
% 79 1076898.364383
% 80 1076400.543789
% 81 1065819.270400
% 82 1057976.012284
% 83 1054212.232499
% 84 1054282.365458
% 85 1047483.107471
% 86 1051628.176720
% 87 1050569.257310
% 88 1046281.995982
% 89 1059034.914806
% 90 1043680.506833
% 91 1044265.906469
% 92 1022196.957544
% 93 1021793.894826
% 94 1036135.477102
% 95 1024828.815180
% 96 1029802.818187
% 97 1008283.762011
% 98 995002.233984
% 99 1011548.929380
% 100 997416.479552
% 101 980891.318287
% 102 980405.158899
% 103 966457.354882
% 104 968357.429536
% 105 963699.215757
% 106 985480.200622
% 107 965261.231867
% 108 969321.566901
% 109 993869.380423
% 110 994863.930737
% 111 1009725.383087
% 112 981494.373017
% 113 996639.911757
% 114 1003413.623022
% 115 994994.644668
% 116 970962.401334
% 117 982407.659553
% 118 983280.331909
% 119 971801.657284
% 120 981290.580494
% 121 967689.304276
% 122 970333.883987
% 123 962139.737154
% 124 949562.885884
% 125 956561.144288
% 126 951100.721744
% 127 969108.476594
% 128 972946.948523
% 129 974338.825674
% 130 954915.757277
% 131 958186.908710
% 132 944772.674664
% 133 944976.929134
% 134 944028.419140
% 135 952073.713141
% 136 957327.016518
% 137 957886.520718
% 138 938112.933877
% 139 931327.242859
% 140 927804.520266
% 141 942234.102420
% 142 935551.795329
% 143 942706.687106
% 144 932053.110090
% 145 931931.872749
% 146 930522.560448
% 147 939810.584471
% 148 934016.601339
% 149 945135.923008
% 150 941635.888556
% 151 934728.896016
% 152 927282.820373
% 153 934305.408065
% 154 929041.722782
% 155 931545.696461
% 156 928639.095204
% 157 917193.396852
% 158 926242.873325
% 159 928441.291464
% 160 934142.378600
% 161 916190.187568
% 162 928039.062053
% 163 921202.644537
% 164 909321.962757
% 165 925385.718654
% 166 892734.728072
% 167 883244.751354
% 168 916925.501677
% 169 891308.021292
% 170 886652.884381
% 171 900045.259875
% 172 897557.305445
% 173 899667.562933
% 174 900075.732304
% 175 909199.429521
% 176 899842.172576
% 177 894048.854462
% 178 907965.920988
% 179 915742.980887
% 180 921545.403252
% 181 919481.723143
% 182 917504.669671
% 183 907499.691303
% 184 910374.794895
% 185 913446.467942
% 186 921721.416791
% 187 910719.127149
% 188 921049.674126
% 189 919714.268931
% 190 908971.876045
% 191 922700.828385
% 192 929058.593203
% 193 930178.128383
% 194 936507.919871
% 195 937079.619998
% 196 917269.254606
% 197 930754.395010
% 198 928406.202698
% 199 931187.241697
% 200 938094.730048
% 201 945491.201040
% 202 946295.737966
% 203 948104.720696
% 204 955602.059518
% 205 938860.727713
% 206 949048.093414
% 207 940033.306713
% 208 953508.458579
% 209 951400.166515
% 210 960323.336086
% 211 968869.058683
% 212 947267.868640
% 213 948167.791980
% 214 937317.206577
% 215 938058.237362
> Finished 215 generations with 4501100 distance calculations. GA Runtime = 160.8778 sec
> Final distance: 883244.751354
> Final Route:
Truck 0 [len = 29]: 0 --> 160 --> 161 --> 155 --> 174 --> 173 --> 185 --> 188 --> 189 --> 178 --> 171 --> 179 --> 142 --> 140 --> 136 --> 107 --> 111 --> 59 --> 65 --> 81 --> 56 --> 113 --> 103 --> 104 --> 25 --> 21 --> 96 --> 60 --> 44
Truck 1 [len = 59]: 0 --> 211 --> 202 --> 196 --> 175 --> 187 --> 164 --> 167 --> 184 --> 183 --> 213 --> 221 --> 220 --> 118 --> 119 --> 217 --> 97 --> 146 --> 186 --> 86 --> 222 --> 106 --> 72 --> 24 --> 67 --> 5 --> 11 --> 2 --> 8 --> 194 --> 215 --> 218 --> 128 --> 206 --> 201 --> 98 --> 152 --> 225 --> 124 --> 117 --> 1 --> 66 --> 181 --> 180 --> 151 --> 148 --> 157 --> 141 --> 143 --> 92 --> 132 --> 89 --> 90 --> 109 --> 102 --> 69 --> 12 --> 4 --> 9
Truck 2 [len = 55]: 0 --> 58 --> 51 --> 20 --> 100 --> 138 --> 61 --> 139 --> 147 --> 165 --> 39 --> 37 --> 32 --> 43 --> 79 --> 63 --> 126 --> 125 --> 223 --> 127 --> 123 --> 212 --> 203 --> 208 --> 193 --> 216 --> 115 --> 195 --> 204 --> 13 --> 7 --> 198 --> 200 --> 197 --> 133 --> 30 --> 47 --> 34 --> 23 --> 48 --> 28 --> 68 --> 112 --> 41 --> 38 --> 156 --> 116 --> 71 --> 6 --> 80 --> 84 --> 16 --> 15 --> 17 --> 209
Truck 3 [len = 43]: 0 --> 76 --> 78 --> 70 --> 93 --> 162 --> 153 --> 150 --> 144 --> 33 --> 52 --> 10 --> 77 --> 75 --> 95 --> 46 --> 54 --> 22 --> 42 --> 49 --> 57 --> 166 --> 191 --> 62 --> 137 --> 154 --> 168 --> 99 --> 27 --> 29 --> 36 --> 40 --> 91 --> 135 --> 120 --> 224 --> 192 --> 210 --> 219 --> 134 --> 110 --> 129 --> 105
Truck 4 [len = 44]: 0 --> 18 --> 101 --> 14 --> 131 --> 130 --> 122 --> 199 --> 87 --> 45 --> 35 --> 182 --> 177 --> 170 --> 172 --> 163 --> 145 --> 205 --> 214 --> 121 --> 83 --> 74 --> 73 --> 85 --> 26 --> 190 --> 207 --> 114 --> 108 --> 88 --> 159 --> 158 --> 169 --> 176 --> 31 --> 55 --> 64 --> 82 --> 19 --> 53 --> 94 --> 149 --> 50 --> 3
> Generation - Distance curve saved to fig/pr226_baseline_30_5_1000_100_10_20211216_19_57_48/20211216_21_14_32.png.
