--> Running ID = 10
> Loading cities from instances/pr226.txt
	>> 226 cities in total to be loaded
> 226 cities loaded from instances/pr226.txt
> Initial distance: 1588152.681243
> Starting running GA.
	>> cities = 226, salesmen = 5
	>> Generations = 1000, PopulationSize = 100, TournamentSize = 10
# Generation Distance
% 1 1551219.861177
% 2 1537850.878817
% 3 1522527.568679
% 4 1502093.287563
% 5 1502928.111194
% 6 1478831.060845
% 7 1480197.707550
% 8 1481193.366145
% 9 1478188.060751
% 10 1469684.842720
% 11 1470904.866795
% 12 1455649.041529
% 13 1462122.610545
% 14 1444180.653937
% 15 1444203.269123
% 16 1438046.174988
% 17 1418149.123762
% 18 1419373.854977
% 19 1415081.133385
% 20 1406569.900724
% 21 1364839.813657
% 22 1354933.509157
% 23 1353280.247488
% 24 1343654.740715
% 25 1335134.051104
% 26 1315069.882631
% 27 1314385.867255
% 28 1322059.697720
% 29 1302934.432579
% 30 1309853.677688
% 31 1317920.296481
% 32 1305625.612759
% 33 1302178.638865
% 34 1295824.734314
% 35 1271945.272322
% 36 1263991.230436
% 37 1262240.171326
% 38 1256564.254998
% 39 1231697.708586
% 40 1242909.272488
% 41 1245483.017951
% 42 1240773.539173
% 43 1244051.641184
% 44 1238756.517379
% 45 1231969.335571
% 46 1226034.726859
% 47 1225665.735447
% 48 1228448.753169
% 49 1227628.673461
% 50 1208911.167950
% 51 1212249.902091
% 52 1203876.717850
% 53 1195298.525719
% 54 1203119.953886
% 55 1193348.948423
% 56 1197045.304483
% 57 1196844.944561
% 58 1193996.121258
% 59 1194800.187790
% 60 1188504.928488
% 61 1183531.189484
% 62 1184270.078891
% 63 1180242.265420
% 64 1172544.348270
% 65 1177216.525568
% 66 1165972.162563
% 67 1173892.370297
% 68 1165355.909914
% 69 1185327.176296
% 70 1168219.726672
% 71 1170041.350384
% 72 1173285.860950
% 73 1155103.919092
% 74 1152372.518017
% 75 1148492.873743
% 76 1152342.417983
% 77 1145238.963639
% 78 1148190.818172
% 79 1131547.179398
% 80 1121976.967274
% 81 1122282.350499
% 82 1115935.655668
% 83 1120531.164612
% 84 1114737.601876
% 85 1107146.120344
% 86 1112043.882514
% 87 1114721.597512
% 88 1121807.349979
% 89 1109706.879203
% 90 1123277.126837
% 91 1103906.131287
% 92 1101220.744066
% 93 1107074.753230
% 94 1077819.536680
% 95 1066386.187853
% 96 1089895.717102
% 97 1088694.979472
% 98 1094424.894257
% 99 1068034.831776
% 100 1072531.266667
% 101 1074104.035710
% 102 1076737.319198
% 103 1065324.784215
% 104 1062223.715912
% 105 1088477.382642
% 106 1077965.400040
% 107 1080120.246864
% 108 1060022.628137
% 109 1041586.787001
% 110 1065453.789539
% 111 1047356.564745
% 112 1039992.356112
% 113 1050992.323231
% 114 1034520.308002
% 115 1028789.152314
% 116 1031298.845450
% 117 1018146.024178
% 118 1021568.924184
% 119 1032371.731505
% 120 1039660.058742
% 121 1030896.119998
% 122 1040586.977569
% 123 1054561.672652
% 124 1046980.825563
% 125 1052110.990143
% 126 1051530.513649
% 127 1057595.117482
% 128 1057527.507319
% 129 1048074.322257
% 130 1057553.357572
% 131 1038083.726398
% 132 1034526.729200
% 133 1036096.580660
% 134 999115.633132
% 135 1027025.812651
% 136 1017521.488628
% 137 1014089.699132
% 138 1008010.919803
% 139 1011396.371494
% 140 1022854.815863
% 141 1010552.078559
% 142 1030816.230652
% 143 1024638.761093
% 144 1034731.469850
% 145 1029818.614696
% 146 1027717.055783
% 147 1035631.069409
% 148 1036324.708651
% 149 1027294.097025
% 150 1035532.057566
% 151 1033924.880884
% 152 1024758.292697
% 153 1044596.751080
% 154 1035353.627327
% 155 1034668.067618
% 156 1026508.069935
% 157 1001748.970566
% 158 1024593.369083
% 159 1017587.383602
% 160 995216.089876
% 161 997511.529215
% 162 1005474.661257
% 163 998095.452699
% 164 1006344.547933
% 165 1007962.265195
% 166 1007361.608809
% 167 998325.837561
% 168 987614.644368
% 169 994930.681297
% 170 1003170.957234
% 171 991561.366677
% 172 996599.063642
% 173 975753.585776
% 174 989526.276432
% 175 991987.202703
% 176 995608.349944
% 177 974625.978546
% 178 982548.762685
% 179 996839.785412
% 180 992297.319607
% 181 1003281.988006
% 182 988633.889105
% 183 997536.666982
% 184 1007893.383041
% 185 1000453.145528
% 186 996381.828011
% 187 974568.380666
% 188 986877.415937
% 189 1012379.737442
% 190 1009681.389263
% 191 1013998.859500
% 192 1009909.712470
% 193 1005479.470397
% 194 997828.835996
% 195 986999.926697
% 196 988105.331468
% 197 960845.111629
% 198 959539.455588
% 199 976066.744039
% 200 975185.217322
% 201 967879.672623
% 202 969134.579250
% 203 970819.976100
% 204 986390.671763
% 205 982813.891121
% 206 984061.995214
% 207 996180.569540
% 208 995546.094052
% 209 982173.300642
% 210 989811.052510
% 211 995892.108524
% 212 988860.011421
% 213 997544.300767
% 214 1001765.831439
% 215 984470.052795
> Finished 215 generations with 4499950 distance calculations. GA Runtime = 158.7908 sec
> Final distance: 959539.455588
> Final Route:
Truck 0 [len = 27]: 0 --> 31 --> 45 --> 91 --> 35 --> 52 --> 67 --> 69 --> 18 --> 55 --> 136 --> 132 --> 209 --> 200 --> 92 --> 94 --> 27 --> 64 --> 73 --> 85 --> 216 --> 135 --> 189 --> 144 --> 195 --> 147 --> 76
Truck 1 [len = 55]: 0 --> 11 --> 78 --> 210 --> 187 --> 159 --> 182 --> 19 --> 61 --> 121 --> 105 --> 129 --> 218 --> 117 --> 126 --> 28 --> 57 --> 15 --> 20 --> 33 --> 30 --> 26 --> 23 --> 54 --> 59 --> 36 --> 160 --> 158 --> 183 --> 197 --> 125 --> 191 --> 13 --> 70 --> 81 --> 72 --> 71 --> 12 --> 63 --> 77 --> 17 --> 10 --> 34 --> 22 --> 152 --> 47 --> 32 --> 37 --> 56 --> 7 --> 3 --> 8 --> 68 --> 16 --> 84
Truck 2 [len = 30]: 0 --> 1 --> 124 --> 21 --> 51 --> 111 --> 58 --> 4 --> 66 --> 80 --> 212 --> 204 --> 193 --> 48 --> 44 --> 2 --> 53 --> 215 --> 225 --> 120 --> 224 --> 177 --> 185 --> 74 --> 142 --> 141 --> 130 --> 219 --> 114 --> 5
Truck 3 [len = 55]: 0 --> 60 --> 46 --> 50 --> 207 --> 201 --> 176 --> 172 --> 168 --> 128 --> 108 --> 112 --> 116 --> 170 --> 181 --> 161 --> 165 --> 162 --> 184 --> 100 --> 134 --> 173 --> 163 --> 174 --> 164 --> 171 --> 65 --> 75 --> 79 --> 9 --> 122 --> 115 --> 109 --> 127 --> 113 --> 104 --> 110 --> 106 --> 139 --> 167 --> 190 --> 180 --> 150 --> 88 --> 148 --> 90 --> 166 --> 178 --> 133 --> 62 --> 107 --> 220 --> 198 --> 211 --> 82
Truck 4 [len = 63]: 0 --> 25 --> 39 --> 169 --> 155 --> 38 --> 222 --> 175 --> 143 --> 43 --> 42 --> 93 --> 95 --> 154 --> 194 --> 202 --> 199 --> 186 --> 96 --> 99 --> 87 --> 179 --> 206 --> 217 --> 208 --> 131 --> 118 --> 83 --> 192 --> 214 --> 213 --> 205 --> 14 --> 29 --> 86 --> 97 --> 137 --> 151 --> 157 --> 98 --> 146 --> 119 --> 49 --> 24 --> 149 --> 156 --> 153 --> 101 --> 41 --> 40 --> 188 --> 138 --> 145 --> 89 --> 103 --> 221 --> 102 --> 223 --> 203 --> 123 --> 196 --> 140 --> 6
> Generation - Distance curve saved to fig/pr226_baseline_30_5_1000_100_10_20211216_19_57_48/20211216_20_21_56.png.
