--> Running ID = 20
> Loading cities from instances/mtsp51.txt
	>> 51 cities in total to be loaded
> 51 cities loaded from instances/mtsp51.txt
> Initial distance: 1490.863919
> Starting running GA.
	>> cities = 51, salesmen = 5
	>> Generations = 1000, PopulationSize = 100, TournamentSize = 10
# Generation Distance
% 1 1452.005369
% 2 1341.009713
% 3 1335.090710
% 4 1252.381186
% 5 1245.620705
% 6 1235.759243
% 7 1229.730835
% 8 1205.650384
% 9 1154.731337
% 10 1137.482464
% 11 1127.789052
% 12 1137.955960
% 13 1136.266663
% 14 1113.411919
% 15 1109.650904
% 16 1123.268016
% 17 1061.500152
% 18 1026.774937
% 19 1028.906161
% 20 1040.690110
% 21 1003.495121
% 22 1007.983743
% 23 1013.740983
% 24 1027.613786
% 25 953.310678
% 26 941.243720
% 27 937.234374
% 28 945.223824
% 29 952.349048
% 30 951.613760
% 31 1003.499735
% 32 966.173549
% 33 1007.833689
% 34 1007.813454
% 35 989.317316
% 36 949.496248
% 37 946.172206
% 38 970.148160
% 39 946.472746
% 40 959.540774
% 41 934.318492
% 42 956.701375
% 43 997.518628
% 44 997.104598
% 45 951.010773
% 46 964.816928
% 47 999.899969
% 48 1011.086396
% 49 965.250369
% 50 977.861417
% 51 1020.821205
% 52 972.921697
% 53 1016.335653
% 54 1024.999976
% 55 1042.761584
% 56 1012.837411
% 57 1024.116838
% 58 1043.834873
% 59 1071.781696
% 60 1074.789791
% 61 1053.897700
% 62 1076.346902
% 63 1062.564322
% 64 1087.439771
% 65 1053.748575
% 66 1099.871077
% 67 1045.836066
% 68 1101.374048
% 69 1060.682790
% 70 1084.080644
% 71 1108.418830
% 72 1062.376749
% 73 1062.925951
% 74 1095.660484
% 75 1105.302222
% 76 1119.605778
% 77 1123.773434
% 78 1118.339628
% 79 1082.705350
% 80 1085.338625
% 81 1073.339434
% 82 1047.456442
% 83 1077.245366
% 84 1070.729751
% 85 1086.718265
% 86 1088.222383
% 87 1059.433038
% 88 1069.735234
% 89 1118.413638
% 90 1112.131227
% 91 1126.976197
% 92 1139.308951
% 93 1123.767644
% 94 1080.946166
% 95 1084.439933
% 96 1057.558845
% 97 1072.499268
% 98 1105.963973
% 99 1110.707174
% 100 1031.010529
% 101 1029.364117
% 102 1065.251228
% 103 1061.157156
% 104 1075.389148
% 105 1065.845909
% 106 1103.474314
% 107 1094.452625
% 108 1058.768116
% 109 1015.511222
% 110 1023.324772
% 111 1026.798469
% 112 1057.433783
% 113 1001.321690
% 114 1038.193699
% 115 1013.972500
% 116 1020.453152
% 117 1041.264967
% 118 1026.865350
% 119 994.093533
% 120 992.892906
% 121 1001.606867
% 122 949.998953
% 123 933.946606
% 124 962.672242
% 125 987.923516
% 126 1011.135037
% 127 972.330922
% 128 1031.738727
% 129 1028.083113
% 130 1074.398394
% 131 1033.261006
% 132 1051.927920
% 133 1048.773045
% 134 1036.298352
% 135 1016.358825
% 136 1030.240474
% 137 997.617413
% 138 1005.087743
% 139 1004.654406
% 140 1007.820093
% 141 955.372086
% 142 999.391580
% 143 996.458436
% 144 958.648379
% 145 1016.855197
% 146 1068.579300
% 147 1040.688617
% 148 1059.641249
% 149 1058.822347
% 150 1069.360678
% 151 1089.098605
% 152 1085.205885
% 153 1081.153512
% 154 1091.563158
% 155 1091.938227
% 156 1090.932090
% 157 1106.221365
% 158 1145.201175
% 159 1128.216740
% 160 1132.197448
% 161 1145.257709
% 162 1161.677566
% 163 1150.811185
% 164 1126.302183
% 165 1090.154717
% 166 1089.318244
% 167 1098.190721
% 168 1106.159870
% 169 1087.666003
% 170 1095.962150
% 171 1069.241496
% 172 1093.599299
% 173 1106.613596
% 174 1097.285974
% 175 1089.262011
% 176 1111.369135
% 177 1085.188273
% 178 1109.586058
% 179 1118.631856
% 180 1116.820259
% 181 1128.806233
% 182 1127.226709
% 183 1130.699111
% 184 1123.451415
% 185 1137.685509
% 186 1079.408983
% 187 1067.448432
% 188 1099.708365
% 189 1069.850077
% 190 1085.045453
% 191 1074.559748
% 192 1086.067196
% 193 1076.329900
% 194 1063.453553
% 195 1015.687967
% 196 967.140640
% 197 953.990134
% 198 978.120482
% 199 1002.277733
% 200 1047.453961
% 201 1028.439342
% 202 1027.985639
% 203 1046.668243
> Finished 203 generations with 1015850 distance calculations. GA Runtime = 17.7955 sec
> Final distance: 933.946606
> Final Route:
Truck 0 [len = 13]: 0 --> 24 --> 50 --> 26 --> 7 --> 34 --> 19 --> 28 --> 42 --> 21 --> 2 --> 1 --> 47
Truck 1 [len = 11]: 0 --> 31 --> 37 --> 15 --> 38 --> 9 --> 44 --> 32 --> 11 --> 5 --> 23
Truck 2 [len = 15]: 0 --> 13 --> 14 --> 43 --> 41 --> 39 --> 12 --> 18 --> 17 --> 40 --> 46 --> 16 --> 3 --> 36 --> 45
Truck 3 [len = 7]: 0 --> 48 --> 4 --> 29 --> 49 --> 8 --> 10
Truck 4 [len = 9]: 0 --> 25 --> 6 --> 35 --> 33 --> 20 --> 22 --> 30 --> 27
> Generation - Distance curve saved to fig/mtsp51_baseline_30_5_1000_100_10_20211216_16_12_09/20211216_16_18_36.png.
