--> Running ID = 9
> Loading cities from instances/mtsp51.txt
	>> 51 cities in total to be loaded
> 51 cities loaded from instances/mtsp51.txt
> Initial distance: 1505.271784
> Starting running GA.
	>> cities = 51, salesmen = 5
	>> Generations = 1000, PopulationSize = 100, TournamentSize = 10
# Generation Distance
% 1 1457.041346
% 2 1451.710193
% 3 1398.496360
% 4 1387.613330
% 5 1378.546209
% 6 1386.281704
% 7 1357.695616
% 8 1342.161754
% 9 1300.585346
% 10 1268.324996
% 11 1239.014143
% 12 1198.016304
% 13 1151.495998
% 14 1153.113490
% 15 1122.302395
% 16 1096.697037
% 17 1064.218083
% 18 1078.629385
% 19 1092.818817
% 20 1084.372505
% 21 1078.752263
% 22 1051.032593
% 23 1053.026313
% 24 1079.329455
% 25 1055.958257
% 26 1035.622252
% 27 1011.462409
% 28 1010.760907
% 29 981.315498
% 30 992.635093
% 31 943.493764
% 32 997.215495
% 33 981.128751
% 34 994.716277
% 35 981.164929
% 36 961.882731
% 37 967.036938
% 38 968.597589
% 39 944.148653
% 40 951.365548
% 41 938.622291
% 42 960.034439
% 43 976.383717
% 44 961.680465
% 45 1016.055297
% 46 998.400570
% 47 991.050903
% 48 922.938775
% 49 999.659086
% 50 1018.053349
% 51 1043.470222
% 52 1019.244177
% 53 1060.353639
% 54 1037.518166
% 55 1044.695852
% 56 1058.895465
% 57 1048.038148
% 58 1028.558939
% 59 974.996744
% 60 1019.974384
% 61 1051.687293
% 62 1040.971264
% 63 1014.286322
% 64 1030.499130
% 65 1024.850427
% 66 1043.602112
% 67 1060.784421
% 68 1082.572632
% 69 1020.540369
% 70 1009.942679
% 71 999.266923
% 72 1046.938231
% 73 1032.765272
% 74 1034.196372
% 75 1052.507152
% 76 1021.263610
% 77 1048.329555
% 78 1060.320500
% 79 1035.577524
% 80 1040.321500
% 81 1059.383288
% 82 1067.704179
% 83 1062.001239
% 84 1068.003553
% 85 1079.250561
% 86 1079.159182
% 87 1010.294788
% 88 1047.588945
% 89 1010.660916
% 90 1068.520437
% 91 999.372759
% 92 1029.653017
% 93 994.121352
% 94 1018.198540
% 95 1033.410507
% 96 994.516543
% 97 1026.471450
% 98 987.067355
% 99 1023.903335
% 100 1036.920648
% 101 986.573839
% 102 986.285844
% 103 995.385727
% 104 1013.792125
% 105 1060.819326
% 106 1038.755662
% 107 1061.417564
% 108 1041.665520
% 109 1066.886431
% 110 1044.124270
% 111 1074.174785
% 112 1107.248375
% 113 1153.269278
% 114 1153.170217
% 115 1147.473699
% 116 1146.498315
% 117 1122.158032
% 118 1112.697790
% 119 1097.951456
% 120 1122.124192
% 121 1119.190191
% 122 1139.018644
% 123 1114.364666
% 124 1111.455797
% 125 1138.187744
% 126 1121.110594
% 127 1134.389970
% 128 1126.488118
% 129 1135.747672
% 130 1065.288185
% 131 1053.048851
% 132 1026.775796
% 133 1076.812661
% 134 1056.115078
% 135 1033.772246
% 136 1064.317709
% 137 1081.176762
% 138 1060.502893
% 139 1051.255220
% 140 1028.565154
% 141 1041.230114
% 142 1028.212763
% 143 1073.212989
% 144 1036.758076
% 145 1038.582893
% 146 1049.598672
% 147 1046.285906
% 148 1020.694226
% 149 1009.821233
% 150 1062.107050
% 151 1008.507862
% 152 1026.877398
% 153 1003.051634
% 154 1000.779866
% 155 1014.079858
% 156 1054.735661
% 157 1048.387343
% 158 1046.643790
% 159 1032.443658
% 160 1072.090531
% 161 1040.557010
% 162 1060.692804
% 163 1036.431345
% 164 1026.895398
% 165 1052.926910
% 166 1057.399163
% 167 1039.126330
% 168 1040.031648
% 169 1036.799362
% 170 1046.858280
% 171 1030.433554
% 172 1040.838396
% 173 1067.306259
% 174 1032.862031
% 175 1002.164949
% 176 974.911654
% 177 964.936994
% 178 1016.488319
% 179 1031.381658
% 180 1005.221145
% 181 1036.124643
% 182 1021.650183
% 183 1037.543216
% 184 1039.555313
% 185 1017.486484
% 186 1006.332414
% 187 1015.819945
% 188 1030.133137
% 189 1050.646157
% 190 1059.185507
% 191 1024.337215
% 192 1056.966191
% 193 975.084523
% 194 1016.939370
% 195 1007.038903
% 196 975.463956
% 197 1008.456369
% 198 973.578356
% 199 1016.934067
% 200 997.309385
% 201 1035.057606
% 202 1056.621725
% 203 1060.268216
> Finished 203 generations with 1016455 distance calculations. GA Runtime = 17.7911 sec
> Final distance: 922.938775
> Final Route:
Truck 0 [len = 7]: 0 --> 7 --> 27 --> 35 --> 19 --> 34 --> 1
Truck 1 [len = 17]: 0 --> 30 --> 21 --> 17 --> 43 --> 14 --> 41 --> 48 --> 9 --> 18 --> 40 --> 12 --> 39 --> 36 --> 16 --> 11 --> 50
Truck 2 [len = 8]: 0 --> 2 --> 8 --> 37 --> 4 --> 47 --> 3 --> 31
Truck 3 [len = 9]: 0 --> 5 --> 13 --> 42 --> 23 --> 24 --> 46 --> 28 --> 20
Truck 4 [len = 14]: 0 --> 22 --> 6 --> 25 --> 10 --> 45 --> 26 --> 15 --> 44 --> 32 --> 49 --> 33 --> 29 --> 38
> Generation - Distance curve saved to fig/mtsp51_baseline_30_5_1000_100_10_20211216_16_12_09/20211216_16_14_54.png.
