--> Running ID = 10
> Loading cities from instances/mtsp51.txt
	>> 51 cities in total to be loaded
> 51 cities loaded from instances/mtsp51.txt
> Initial distance: 1507.175641
> Starting running GA.
	>> cities = 51, salesmen = 5
	>> Generations = 1000, PopulationSize = 100, TournamentSize = 10
# Generation Distance
% 1 1472.178247
% 2 1432.421142
% 3 1346.149108
% 4 1285.040489
% 5 1278.581802
% 6 1259.072120
% 7 1254.616450
% 8 1248.674213
% 9 1233.024198
% 10 1208.511330
% 11 1187.680764
% 12 1166.509449
% 13 1148.042470
% 14 1166.227607
% 15 1205.625167
% 16 1170.427134
% 17 1180.058984
% 18 1153.961288
% 19 1186.507921
% 20 1171.050269
% 21 1160.810875
% 22 1148.260787
% 23 1149.682515
% 24 1135.930792
% 25 1129.348532
% 26 1054.942976
% 27 1061.780834
% 28 1064.923023
% 29 1084.476844
% 30 1112.230180
% 31 1125.240318
% 32 1164.232756
% 33 1137.523554
% 34 1173.289953
% 35 1177.493784
% 36 1206.460823
% 37 1157.235817
% 38 1157.831085
% 39 1140.720436
% 40 1132.525994
% 41 1099.010508
% 42 1114.364410
% 43 1130.897338
% 44 1119.141336
% 45 1117.378725
% 46 1097.470292
% 47 1100.858993
% 48 1125.007722
% 49 1110.173472
% 50 1085.861968
% 51 1116.964293
% 52 1074.306644
% 53 1094.134741
% 54 1071.851846
% 55 1102.816170
% 56 1130.886872
% 57 1116.917659
% 58 1084.307279
% 59 1100.152180
% 60 1075.026357
% 61 1080.426565
% 62 1063.838358
% 63 1045.469960
% 64 1036.436817
% 65 1021.211970
% 66 1018.563099
% 67 1044.053456
% 68 1016.505616
% 69 994.388052
% 70 989.427234
% 71 1028.953899
% 72 1026.279624
% 73 1008.192831
% 74 1047.531306
% 75 1031.263966
% 76 1016.074247
% 77 1011.416309
% 78 998.959312
% 79 1012.163240
% 80 1027.930751
% 81 987.923271
% 82 997.616697
% 83 1018.507839
% 84 1037.832707
% 85 1040.614181
% 86 1054.211714
% 87 1069.239404
% 88 1110.504669
% 89 1095.870171
% 90 1083.006303
% 91 1067.719851
% 92 1049.897360
% 93 1071.434769
% 94 1069.562585
% 95 1077.173214
% 96 1078.755132
% 97 1076.755275
% 98 1027.664889
% 99 1049.488327
% 100 1025.973675
% 101 1038.825865
% 102 1011.797201
% 103 1039.631414
% 104 1044.480270
% 105 1054.095976
% 106 1033.601204
% 107 1067.800413
% 108 1059.527241
% 109 1037.843096
% 110 1068.979526
% 111 1042.978357
% 112 1012.831062
% 113 1036.690121
% 114 1010.996802
% 115 987.709282
% 116 993.516194
% 117 1042.007463
% 118 1033.963692
% 119 1026.471019
% 120 1056.057530
% 121 1066.782162
% 122 1105.391359
% 123 1087.975196
% 124 1062.530565
% 125 1098.719703
% 126 1101.389186
% 127 1091.222594
% 128 1074.587714
% 129 1057.447733
% 130 1055.091936
% 131 1045.447517
% 132 1077.771251
% 133 1094.214500
% 134 1137.750349
% 135 1152.572820
% 136 1126.228707
% 137 1118.049925
% 138 1091.313305
% 139 1105.594443
% 140 1055.556011
% 141 1019.460963
% 142 1046.702246
% 143 1041.504922
% 144 1092.827057
% 145 1106.948855
% 146 1059.855162
% 147 1081.664521
% 148 1039.001377
% 149 1020.946386
% 150 1075.442099
% 151 1014.860449
% 152 1023.002536
% 153 1004.333078
% 154 1007.921516
% 155 1023.371463
% 156 1042.646233
% 157 1047.560041
% 158 1045.421135
% 159 1056.312155
% 160 1077.984012
% 161 1081.580640
% 162 1054.819723
% 163 1039.442244
% 164 1072.555674
% 165 1092.060751
% 166 1072.966785
% 167 1077.033514
% 168 1081.996964
% 169 1103.113326
% 170 1075.202748
% 171 1077.280143
% 172 1063.715049
% 173 1032.873870
% 174 1020.794752
% 175 1034.600386
% 176 1052.860245
% 177 1049.208785
% 178 1032.470983
% 179 1006.741015
% 180 1018.718007
% 181 987.493937
% 182 1041.818794
% 183 1047.743362
% 184 1019.502229
% 185 1020.503003
% 186 1051.972708
% 187 999.280924
% 188 1032.846604
% 189 1015.155910
% 190 1051.644993
% 191 1037.880709
% 192 995.143056
% 193 1008.838316
% 194 1038.066403
% 195 974.241833
% 196 1013.766308
% 197 1031.811133
% 198 1013.701995
% 199 984.012988
% 200 946.991411
% 201 1003.414690
% 202 972.228873
% 203 989.109093
> Finished 203 generations with 1015410 distance calculations. GA Runtime = 17.3450 sec
> Final distance: 946.991411
> Final Route:
Truck 0 [len = 9]: 0 --> 29 --> 15 --> 45 --> 50 --> 47 --> 22 --> 46 --> 25
Truck 1 [len = 9]: 0 --> 19 --> 10 --> 8 --> 48 --> 49 --> 44 --> 14 --> 38
Truck 2 [len = 8]: 0 --> 11 --> 31 --> 5 --> 1 --> 28 --> 20 --> 33
Truck 3 [len = 14]: 0 --> 4 --> 3 --> 41 --> 43 --> 18 --> 39 --> 12 --> 17 --> 13 --> 24 --> 23 --> 42 --> 6
Truck 4 [len = 15]: 0 --> 2 --> 21 --> 26 --> 40 --> 36 --> 16 --> 37 --> 35 --> 27 --> 30 --> 7 --> 34 --> 9 --> 32
> Generation - Distance curve saved to fig/mtsp51_baseline_30_5_1000_100_10_20211216_16_12_09/20211216_16_15_15.png.
