--> Running ID = 6
> Loading cities from instances/mtsp51.txt
	>> 51 cities in total to be loaded
> 51 cities loaded from instances/mtsp51.txt
> Initial distance: 1531.536680
> Starting running GA.
	>> cities = 51, salesmen = 5
	>> Generations = 1000, PopulationSize = 100, TournamentSize = 10
# Generation Distance
% 1 1476.789263
% 2 1464.630148
% 3 1383.477556
% 4 1356.817354
% 5 1347.591436
% 6 1284.579829
% 7 1280.492555
% 8 1256.787097
% 9 1221.304647
% 10 1202.552390
% 11 1192.474402
% 12 1174.914146
% 13 1166.820740
% 14 1184.618429
% 15 1164.965542
% 16 1120.604421
% 17 1123.260195
% 18 1146.282311
% 19 1135.052337
% 20 1123.252595
% 21 1122.295712
% 22 1086.664364
% 23 1115.996236
% 24 1102.843327
% 25 1055.730222
% 26 1076.237497
% 27 1060.886480
% 28 1103.139830
% 29 1051.326716
% 30 1034.491457
% 31 1065.220810
% 32 1085.687340
% 33 1089.901569
% 34 1085.375515
% 35 1090.842806
% 36 1064.870717
% 37 1072.456075
% 38 1047.344130
% 39 1008.284048
% 40 984.806711
% 41 1022.743222
% 42 1014.882068
% 43 980.769213
% 44 951.114816
% 45 987.298663
% 46 995.895740
% 47 1039.526832
% 48 1017.547971
% 49 1030.289394
% 50 1042.036512
% 51 1063.281688
% 52 1061.972521
% 53 1081.001214
% 54 1065.448303
% 55 1029.718249
% 56 1041.340113
% 57 1053.222527
% 58 1048.301324
% 59 1047.029018
% 60 1049.993402
% 61 1038.196308
% 62 1044.080697
% 63 996.702000
% 64 1008.796474
% 65 1033.224086
% 66 1013.857547
% 67 1045.093633
% 68 1044.859352
% 69 1008.357907
% 70 1028.157882
% 71 1052.623781
% 72 1037.299379
% 73 1044.642956
% 74 1050.074197
% 75 1031.586551
% 76 1021.880577
% 77 1048.075260
% 78 1077.471946
% 79 1061.950929
% 80 1078.340221
% 81 1101.573014
% 82 1045.361177
% 83 1050.905215
% 84 1037.866228
% 85 1021.412144
% 86 1004.263334
% 87 1050.362161
% 88 1082.244317
% 89 1075.012705
% 90 1062.632919
% 91 1103.768266
% 92 1038.834678
% 93 1002.602017
% 94 1079.200810
% 95 1068.306418
% 96 1023.196589
% 97 1054.533479
% 98 1041.253207
% 99 1043.513096
% 100 1115.442605
% 101 1102.558972
% 102 1063.939387
% 103 1106.690886
% 104 1115.935754
% 105 1132.735746
% 106 1115.534634
% 107 1126.748242
% 108 1089.980482
% 109 1081.279021
% 110 1101.962735
% 111 1122.963161
% 112 1122.943109
% 113 1136.266225
% 114 1113.609278
% 115 1075.848883
% 116 1086.391167
% 117 1093.819979
% 118 1082.124968
% 119 1095.247861
% 120 1071.389379
% 121 1063.223954
% 122 1078.790572
% 123 1045.145217
% 124 1071.058696
% 125 1097.335350
% 126 1091.663943
% 127 1118.527617
% 128 1108.806501
% 129 1061.469949
% 130 1069.974874
% 131 979.277618
% 132 921.760740
% 133 966.864849
% 134 966.140579
% 135 954.831293
% 136 966.262438
% 137 1005.981698
% 138 1005.511405
% 139 1040.432798
% 140 1024.772596
% 141 992.018914
% 142 979.858682
% 143 1000.871029
% 144 1017.831520
% 145 1028.417644
% 146 1029.243636
% 147 1031.553234
% 148 1051.596773
% 149 1047.476315
% 150 1013.537490
% 151 1012.365949
% 152 960.667392
% 153 949.184626
% 154 974.121164
% 155 1013.566035
% 156 1005.922039
% 157 1031.986275
% 158 1003.306524
% 159 1020.815740
% 160 1024.678403
% 161 967.203992
% 162 999.170505
% 163 1000.414658
% 164 996.272482
% 165 1040.835597
% 166 1055.512697
% 167 1063.440639
% 168 1071.031818
% 169 1087.827277
% 170 1063.153768
% 171 1063.294209
% 172 1084.104022
% 173 1092.730472
% 174 1066.806026
% 175 1053.403568
% 176 1064.548903
% 177 1063.649460
% 178 1072.158208
% 179 1101.639802
% 180 1080.257810
% 181 1079.577025
% 182 1085.906820
% 183 1121.122422
% 184 1109.971083
% 185 1073.243535
% 186 1032.951393
% 187 1068.880933
% 188 1072.303329
% 189 1061.299425
% 190 1055.734152
% 191 1068.843199
% 192 1050.488470
% 193 1098.085525
% 194 1110.633943
% 195 1085.073673
% 196 1079.763369
% 197 1106.521452
% 198 1090.125841
% 199 1101.610651
% 200 1089.324789
% 201 1059.040890
% 202 1058.464854
% 203 1041.415793
> Finished 203 generations with 1016455 distance calculations. GA Runtime = 17.6038 sec
> Final distance: 921.760740
> Final Route:
Truck 0 [len = 15]: 0 --> 34 --> 1 --> 28 --> 33 --> 49 --> 50 --> 36 --> 18 --> 43 --> 3 --> 44 --> 14 --> 41 --> 39
Truck 1 [len = 14]: 0 --> 31 --> 13 --> 40 --> 46 --> 17 --> 16 --> 48 --> 38 --> 29 --> 9 --> 32 --> 10 --> 11
Truck 2 [len = 9]: 0 --> 2 --> 45 --> 15 --> 20 --> 12 --> 26 --> 5 --> 24
Truck 3 [len = 9]: 0 --> 8 --> 4 --> 37 --> 19 --> 27 --> 22 --> 6 --> 7
Truck 4 [len = 8]: 0 --> 47 --> 23 --> 42 --> 21 --> 35 --> 30 --> 25
> Generation - Distance curve saved to fig/mtsp51_baseline_30_5_1000_100_10_20211216_16_12_09/20211216_16_13_53.png.
