--> Running ID = 16
> Loading cities from instances/mtsp51.txt
	>> 51 cities in total to be loaded
> 51 cities loaded from instances/mtsp51.txt
> Initial distance: 1470.463670
> Starting running GA.
	>> cities = 51, salesmen = 5
	>> Generations = 1000, PopulationSize = 100, TournamentSize = 10
# Generation Distance
% 1 1433.293693
% 2 1411.530826
% 3 1384.593194
% 4 1275.574637
% 5 1284.347616
% 6 1286.313051
% 7 1279.634631
% 8 1279.183071
% 9 1223.668419
% 10 1206.475418
% 11 1209.698761
% 12 1223.050647
% 13 1113.622379
% 14 1121.178278
% 15 1131.175587
% 16 1080.078893
% 17 1120.576165
% 18 1105.461909
% 19 1110.109221
% 20 1103.883221
% 21 1108.432448
% 22 1168.192483
% 23 1170.545728
% 24 1173.794939
% 25 1151.358443
% 26 1188.782915
% 27 1218.461046
% 28 1195.437954
% 29 1177.016222
% 30 1158.913000
% 31 1165.067045
% 32 1161.437600
% 33 1144.070567
% 34 1173.395605
% 35 1173.785916
% 36 1150.579497
% 37 1152.129702
% 38 1189.973962
% 39 1175.684592
% 40 1095.163038
% 41 1113.056952
% 42 1127.825656
% 43 1130.799750
% 44 1075.554342
% 45 1094.776609
% 46 1055.811998
% 47 1066.391911
% 48 1094.531627
% 49 1097.415345
% 50 1122.372400
% 51 1091.434242
% 52 1099.125130
% 53 1059.707034
% 54 1083.960296
% 55 1097.938881
% 56 1086.029376
% 57 1089.823998
% 58 1062.201962
% 59 1094.938769
% 60 1055.871691
% 61 1060.385117
% 62 1070.305284
% 63 1072.461825
% 64 1061.541481
% 65 1037.339561
% 66 987.863324
% 67 1005.398998
% 68 992.369196
% 69 981.205260
% 70 1012.617874
% 71 1058.657251
% 72 1056.639939
% 73 1059.350577
% 74 1051.125109
% 75 1064.539752
% 76 1082.144423
% 77 1070.181412
% 78 1069.759892
% 79 1117.560956
% 80 1101.135365
% 81 1079.884807
% 82 1102.978449
% 83 1042.303744
% 84 1042.846118
% 85 1058.928976
% 86 1067.469748
% 87 1101.146885
% 88 1067.508378
% 89 1029.835839
% 90 1023.850342
% 91 1021.550429
% 92 992.355773
% 93 1061.697385
% 94 1032.007456
% 95 1067.475432
% 96 1059.920158
% 97 1040.788450
% 98 1010.521184
% 99 974.030532
% 100 937.033810
% 101 992.887484
% 102 1020.211584
% 103 1000.932539
% 104 995.263437
% 105 998.807877
% 106 978.521701
% 107 1004.367305
% 108 1003.572969
% 109 991.599016
% 110 1019.788837
% 111 1037.847474
% 112 1058.587362
% 113 1030.589643
% 114 1069.720770
% 115 1057.935879
% 116 1063.390345
% 117 1043.552375
% 118 999.398300
% 119 1023.439773
% 120 1018.456741
% 121 1026.609484
% 122 1055.309962
% 123 1027.215926
% 124 1067.552883
% 125 1027.538975
% 126 1005.267129
% 127 970.885898
% 128 1001.540328
% 129 976.152511
% 130 965.563458
% 131 965.141618
% 132 970.143843
% 133 992.455219
% 134 971.806979
% 135 994.618165
% 136 1008.267895
% 137 989.292817
% 138 1016.931613
% 139 1054.985991
% 140 1037.664374
% 141 1038.035198
% 142 1025.764455
% 143 1026.564779
% 144 1057.383528
% 145 1050.018576
% 146 1078.666479
% 147 1076.591843
% 148 1085.739459
% 149 1048.736824
% 150 1003.038165
% 151 1025.506289
% 152 1049.220473
% 153 1035.030058
% 154 1034.028131
% 155 998.614085
% 156 1017.115924
% 157 977.323848
% 158 1003.617478
% 159 1025.758944
% 160 1015.034430
% 161 1038.482255
% 162 1051.660416
% 163 1063.771399
% 164 1066.546557
% 165 1079.116675
% 166 1079.543386
% 167 1066.160748
% 168 1058.421569
% 169 1072.441811
% 170 1038.362813
% 171 1067.954539
% 172 1023.321026
% 173 1045.293340
% 174 1063.573352
% 175 1049.480616
% 176 1070.672379
% 177 1092.612338
% 178 1049.857453
% 179 1024.152321
% 180 1063.746989
% 181 1036.551759
% 182 1000.423669
% 183 1001.299477
% 184 1012.150491
% 185 998.947782
% 186 1010.065120
% 187 988.513625
% 188 1006.641970
% 189 1022.170257
% 190 1041.977880
% 191 1014.472296
% 192 1027.940657
% 193 993.759778
% 194 1019.346497
% 195 1041.091170
% 196 1001.502849
% 197 990.609731
% 198 996.253969
% 199 992.106900
% 200 983.081374
% 201 997.563212
% 202 997.944544
% 203 999.082001
> Finished 203 generations with 1016565 distance calculations. GA Runtime = 17.7979 sec
> Final distance: 937.033810
> Final Route:
Truck 0 [len = 14]: 0 --> 6 --> 42 --> 17 --> 3 --> 14 --> 32 --> 44 --> 43 --> 45 --> 11 --> 2 --> 1 --> 48
Truck 1 [len = 8]: 0 --> 31 --> 46 --> 12 --> 5 --> 13 --> 24 --> 22
Truck 2 [len = 7]: 0 --> 26 --> 27 --> 19 --> 35 --> 30 --> 7
Truck 3 [len = 11]: 0 --> 37 --> 4 --> 10 --> 29 --> 8 --> 28 --> 34 --> 18 --> 40 --> 21
Truck 4 [len = 15]: 0 --> 25 --> 47 --> 50 --> 38 --> 36 --> 16 --> 41 --> 39 --> 49 --> 9 --> 33 --> 15 --> 20 --> 23
> Generation - Distance curve saved to fig/mtsp51_baseline_30_5_1000_100_10_20211216_16_12_09/20211216_16_17_16.png.
