--> Running ID = 29
> Loading cities from instances/mtsp51.txt
	>> 51 cities in total to be loaded
> 51 cities loaded from instances/mtsp51.txt
> Initial distance: 1530.493730
> Starting running GA.
	>> cities = 51, salesmen = 5
	>> Generations = 1000, PopulationSize = 100, TournamentSize = 10
# Generation Distance
% 1 1451.593665
% 2 1432.218232
% 3 1398.003879
% 4 1399.208180
% 5 1366.608711
% 6 1315.070770
% 7 1279.121475
% 8 1269.095711
% 9 1240.735247
% 10 1200.564407
% 11 1164.510111
% 12 1155.514473
% 13 1135.990650
% 14 1119.480738
% 15 1055.350418
% 16 1057.491962
% 17 1054.655596
% 18 1053.919790
% 19 1074.373817
% 20 1132.172853
% 21 1112.164155
% 22 1079.840705
% 23 1083.912365
% 24 1088.367569
% 25 1032.045382
% 26 1037.261460
% 27 1029.777741
% 28 1025.953140
% 29 998.225728
% 30 992.376091
% 31 1004.358612
% 32 962.126330
% 33 980.935841
% 34 986.226385
% 35 963.242656
% 36 969.502222
% 37 990.745825
% 38 985.566935
% 39 964.722377
% 40 985.941202
% 41 1022.342767
% 42 1030.500664
% 43 1038.119083
% 44 1048.464895
% 45 1049.751295
% 46 1003.832303
% 47 1034.636426
% 48 1043.707242
% 49 1045.416826
% 50 1027.776644
% 51 1022.321491
% 52 1053.260357
% 53 1021.016393
% 54 1039.574928
% 55 1051.386777
% 56 1031.184662
% 57 1029.972383
% 58 1043.138720
% 59 1031.926107
% 60 1042.295242
% 61 1021.748136
% 62 1041.497538
% 63 1010.834260
% 64 993.387441
% 65 1017.110308
% 66 1080.840711
% 67 1046.084914
% 68 1031.561132
% 69 1031.171790
% 70 1104.557902
% 71 1096.001229
% 72 1061.921156
% 73 1053.309123
% 74 1018.859706
% 75 1037.851342
% 76 1046.429984
% 77 1054.129701
% 78 1057.339961
% 79 1122.502550
% 80 1086.492802
% 81 1042.106551
% 82 1039.061527
% 83 1021.838941
% 84 1019.982040
% 85 979.383525
% 86 997.510146
% 87 999.191134
% 88 1004.779305
% 89 942.237015
% 90 945.634553
% 91 1011.187248
% 92 1026.765426
% 93 1027.334585
% 94 1062.659093
% 95 1078.307524
% 96 1087.999296
% 97 1083.865514
% 98 1016.181500
% 99 1002.795298
% 100 1013.976343
% 101 1017.711467
% 102 1006.303497
% 103 1034.360803
% 104 1042.864043
% 105 1023.126119
% 106 1003.031731
% 107 1037.844401
% 108 1062.278536
% 109 1050.785136
% 110 1002.335225
% 111 1038.485006
% 112 1020.410157
% 113 1002.475367
% 114 967.830099
% 115 968.942300
% 116 1018.556079
% 117 983.752185
% 118 967.881738
% 119 992.648331
% 120 913.493121
% 121 983.017296
% 122 973.088558
% 123 1005.667184
% 124 939.183556
% 125 963.566780
% 126 945.184784
% 127 985.664795
% 128 984.626973
% 129 955.304207
% 130 958.278698
% 131 1000.259847
% 132 925.221084
% 133 991.085909
% 134 966.445276
% 135 983.228744
% 136 1037.829007
% 137 1059.089652
% 138 1053.690057
% 139 1014.816781
% 140 1017.843887
% 141 1000.656696
% 142 1056.270640
% 143 1026.984950
% 144 1010.913961
% 145 1049.002826
% 146 1081.690403
% 147 1068.098512
% 148 1059.028037
% 149 1070.156886
% 150 1050.090201
% 151 1035.606203
% 152 1025.571151
% 153 1041.648217
% 154 1063.885751
% 155 1039.566681
% 156 1063.350694
% 157 1032.495028
% 158 1044.805103
% 159 1029.655991
% 160 1024.738174
% 161 1024.058674
% 162 970.219744
% 163 1007.323903
% 164 987.839129
% 165 1060.592258
% 166 1043.935964
% 167 1017.955879
% 168 1035.809179
% 169 1075.184025
% 170 1007.218581
% 171 1033.462159
% 172 1036.187156
% 173 1043.550355
% 174 1000.554863
% 175 975.610337
% 176 971.654060
% 177 938.427455
% 178 954.045147
% 179 943.172853
% 180 968.944504
% 181 987.230304
% 182 999.241276
% 183 1017.631809
% 184 1056.392960
% 185 1101.218542
% 186 1104.995908
% 187 1103.948044
% 188 1102.073630
% 189 1055.455707
% 190 1081.617324
% 191 1080.540618
% 192 1059.591812
% 193 1061.986004
% 194 1061.222577
% 195 1011.714331
% 196 998.362438
% 197 1028.830383
% 198 1019.651009
% 199 1044.552524
% 200 1070.006420
% 201 1035.423790
% 202 1034.000281
% 203 1052.014394
> Finished 203 generations with 1015905 distance calculations. GA Runtime = 18.3043 sec
> Final distance: 913.493121
> Final Route:
Truck 0 [len = 14]: 0 --> 19 --> 4 --> 49 --> 20 --> 9 --> 46 --> 45 --> 39 --> 18 --> 41 --> 3 --> 17 --> 24
Truck 1 [len = 6]: 0 --> 28 --> 34 --> 13 --> 33 --> 47
Truck 2 [len = 11]: 0 --> 48 --> 37 --> 10 --> 11 --> 36 --> 44 --> 32 --> 14 --> 50 --> 5
Truck 3 [len = 14]: 0 --> 31 --> 16 --> 43 --> 40 --> 12 --> 35 --> 30 --> 25 --> 29 --> 38 --> 1 --> 15 --> 8
Truck 4 [len = 10]: 0 --> 26 --> 2 --> 27 --> 7 --> 23 --> 6 --> 42 --> 22 --> 21
> Generation - Distance curve saved to fig/mtsp51_baseline_30_5_1000_100_10_20211216_16_12_09/20211216_16_21_40.png.
