--> Running ID = 1
> Loading cities from instances/mtsp51.txt
	>> 51 cities in total to be loaded
> 51 cities loaded from instances/mtsp51.txt
> Initial distance: 1554.978846
> Starting running GA.
	>> cities = 51, salesmen = 5
	>> Generations = 1000, PopulationSize = 100, TournamentSize = 10
# Generation Distance
% 1 1496.746104
% 2 1481.300802
% 3 1479.572075
% 4 1458.530009
% 5 1397.617599
% 6 1368.509809
% 7 1326.232767
% 8 1306.973136
% 9 1296.068839
% 10 1296.986486
% 11 1293.521481
% 12 1273.705479
% 13 1222.149595
% 14 1209.407200
% 15 1198.094155
% 16 1214.277061
% 17 1133.524394
% 18 1145.620617
% 19 1129.179652
% 20 1130.395115
% 21 1114.974871
% 22 1059.778947
% 23 1074.480428
% 24 1105.808581
% 25 1087.933949
% 26 1089.301072
% 27 1055.636487
% 28 1057.083981
% 29 1064.810796
% 30 1102.501231
% 31 1074.458288
% 32 1077.972712
% 33 1055.860589
% 34 1001.030438
% 35 981.016932
% 36 1008.340793
% 37 984.684378
% 38 1040.776383
% 39 1017.350088
% 40 1011.502302
% 41 1017.786057
% 42 1007.344930
% 43 980.457528
% 44 1011.063948
% 45 1048.411387
% 46 1048.161279
% 47 1081.416085
% 48 1041.805721
% 49 1031.803448
% 50 1024.391566
% 51 1027.518446
% 52 1018.375669
% 53 1033.863116
% 54 1081.255621
% 55 1036.080997
% 56 1071.447052
% 57 1079.870934
% 58 1057.657753
% 59 1007.417382
% 60 1056.278438
% 61 1011.853539
% 62 1038.034993
% 63 1075.152322
% 64 1064.030179
% 65 1061.312989
% 66 1058.062087
% 67 1063.059645
% 68 1054.555947
% 69 1059.584615
% 70 1040.021206
% 71 1072.834815
% 72 1071.835248
% 73 1029.919004
% 74 1024.241229
% 75 1031.292597
% 76 1089.269041
% 77 1110.302835
% 78 1037.227944
% 79 1043.136377
% 80 1031.328090
% 81 989.924585
% 82 1023.643668
% 83 1037.872133
% 84 1013.228262
% 85 986.074683
% 86 991.882176
% 87 999.872748
% 88 966.528380
% 89 1019.012765
% 90 980.622869
% 91 997.083220
% 92 1001.742297
% 93 1036.374077
% 94 1016.830975
% 95 1041.486672
% 96 1073.842700
% 97 1064.596533
% 98 1070.887519
% 99 1063.601780
% 100 1088.405120
% 101 1110.512585
% 102 1135.899950
% 103 1140.504878
% 104 1121.314375
% 105 1158.950735
% 106 1124.627965
% 107 1139.523954
% 108 1142.287739
% 109 1160.828471
% 110 1178.667094
% 111 1155.014018
% 112 1098.361715
% 113 1114.084106
% 114 1103.219840
% 115 1065.744478
% 116 1059.626141
% 117 1068.310667
% 118 990.085032
% 119 1019.921638
% 120 1040.810918
% 121 992.272572
% 122 1009.985405
% 123 1006.185874
% 124 1040.564791
% 125 1044.772564
% 126 1040.041980
% 127 1037.160462
% 128 1006.200835
% 129 1024.148908
% 130 1012.519142
% 131 1033.514102
% 132 1045.626304
% 133 995.712025
% 134 1020.674825
% 135 1015.121990
% 136 1003.333552
% 137 999.279622
% 138 997.759831
% 139 1036.040413
% 140 1055.716461
% 141 1058.198771
% 142 1050.278664
% 143 1064.106977
% 144 1052.937870
% 145 1082.508885
% 146 1002.917298
% 147 1036.314154
% 148 1042.766789
% 149 981.667062
% 150 935.259838
% 151 954.724741
% 152 985.165424
% 153 941.917838
% 154 988.277759
% 155 1049.650063
% 156 1052.278132
% 157 1084.271297
% 158 1048.355959
% 159 1064.742193
% 160 999.935393
% 161 996.372065
% 162 1033.926408
% 163 1024.387322
% 164 1050.165626
% 165 1078.363354
% 166 1072.426118
% 167 1083.390186
% 168 1099.280783
% 169 1081.783385
% 170 1078.033307
% 171 1088.216524
% 172 1137.765188
% 173 1111.252461
% 174 1072.396001
% 175 1111.293807
% 176 1060.788788
% 177 1091.518538
% 178 1098.340472
% 179 1087.905634
% 180 1098.841695
% 181 1097.974588
% 182 1126.574989
% 183 1120.231517
% 184 1131.890726
% 185 1145.834638
% 186 1116.128112
% 187 1122.647358
% 188 1145.742021
% 189 1140.709449
% 190 1130.375452
% 191 1102.193439
% 192 1080.851939
% 193 1063.092178
% 194 1070.107911
% 195 1094.351607
% 196 979.183224
% 197 996.065104
% 198 1065.138317
% 199 1026.946816
% 200 1036.867004
% 201 1048.755793
% 202 1066.087800
% 203 1064.345132
> Finished 203 generations with 1016345 distance calculations. GA Runtime = 17.5474 sec
> Final distance: 935.259838
> Final Route:
Truck 0 [len = 9]: 0 --> 32 --> 43 --> 36 --> 33 --> 14 --> 16 --> 37 --> 1
Truck 1 [len = 7]: 0 --> 25 --> 10 --> 42 --> 27 --> 46 --> 45
Truck 2 [len = 17]: 0 --> 2 --> 31 --> 15 --> 29 --> 9 --> 44 --> 38 --> 49 --> 8 --> 28 --> 20 --> 19 --> 35 --> 34 --> 30 --> 21
Truck 3 [len = 8]: 0 --> 13 --> 23 --> 26 --> 24 --> 17 --> 22 --> 6
Truck 4 [len = 14]: 0 --> 7 --> 47 --> 5 --> 41 --> 18 --> 12 --> 39 --> 40 --> 3 --> 50 --> 4 --> 11 --> 48
> Generation - Distance curve saved to fig/mtsp51_baseline_30_5_1000_100_10_20211216_16_12_09/20211216_16_12_11.png.
