--> Running ID = 3
> Loading cities from instances/mtsp51.txt
	>> 51 cities in total to be loaded
> 51 cities loaded from instances/mtsp51.txt
> Initial distance: 1518.608696
> Starting running GA.
	>> cities = 51, salesmen = 5
	>> Generations = 1000, PopulationSize = 100, TournamentSize = 10
# Generation Distance
% 1 1452.119159
% 2 1443.032838
% 3 1408.164022
% 4 1405.594620
% 5 1399.366328
% 6 1342.909272
% 7 1322.278056
% 8 1302.159082
% 9 1259.123115
% 10 1307.041827
% 11 1312.311472
% 12 1280.354571
% 13 1236.303181
% 14 1234.895475
% 15 1259.744553
% 16 1251.763005
% 17 1181.986269
% 18 1171.748272
% 19 1163.434917
% 20 1148.091799
% 21 1124.948611
% 22 1175.772818
% 23 1148.071208
% 24 1097.451648
% 25 1094.450333
% 26 1113.962048
% 27 1122.473091
% 28 1092.641112
% 29 1125.681664
% 30 1090.571650
% 31 1094.208484
% 32 1129.137384
% 33 1133.889413
% 34 1129.636423
% 35 1137.244355
% 36 1153.073573
% 37 1141.773864
% 38 1123.096700
% 39 1070.774826
% 40 1043.181715
% 41 1045.671789
% 42 1030.817103
% 43 986.939754
% 44 1019.411942
% 45 994.076380
% 46 936.604977
% 47 973.389139
% 48 996.057718
% 49 982.287348
% 50 959.733953
% 51 1030.028860
% 52 1051.750047
% 53 1027.939558
% 54 1055.560421
% 55 1016.060073
% 56 984.570097
% 57 1036.310743
% 58 1026.957890
% 59 1043.120411
% 60 1025.926453
% 61 1041.565386
% 62 1053.605095
% 63 1047.979042
% 64 1051.620059
% 65 1069.580281
% 66 1073.328981
% 67 1079.772095
% 68 1063.863276
% 69 1045.734541
% 70 1038.002921
% 71 1045.590143
% 72 1063.688513
% 73 1021.108401
% 74 1047.169002
% 75 1087.395535
% 76 1109.693214
% 77 1114.235988
% 78 1050.602377
% 79 1074.847244
% 80 1096.348226
% 81 1073.562374
% 82 1091.828425
% 83 1086.200367
% 84 1087.291449
% 85 1077.648611
% 86 1052.464592
% 87 1019.582706
% 88 1051.332669
% 89 1026.737667
% 90 1003.250754
% 91 1001.272746
% 92 1034.196594
% 93 1057.809291
% 94 1069.662666
% 95 1073.886539
% 96 1079.206596
% 97 1074.321455
% 98 1065.724417
% 99 1019.953805
% 100 1034.574187
% 101 1046.899954
% 102 1058.434402
% 103 1044.347786
% 104 1061.571792
% 105 1034.700886
% 106 1017.676945
% 107 1033.770833
% 108 1045.603702
% 109 1029.173059
% 110 1039.682217
% 111 1045.845120
% 112 1088.014419
% 113 1086.908432
% 114 1056.813864
% 115 1046.276648
% 116 1054.595437
% 117 1015.014804
% 118 1013.414212
% 119 1026.660782
% 120 969.105691
% 121 954.848305
% 122 939.723567
% 123 966.525759
% 124 991.379528
% 125 1009.443715
% 126 1041.472571
% 127 1050.418340
% 128 1064.125183
% 129 1059.131647
% 130 1067.391962
% 131 1065.319116
% 132 1001.479807
% 133 1027.021450
% 134 993.766997
% 135 1026.236051
% 136 1023.384428
% 137 1010.468483
% 138 1036.208549
% 139 1041.615682
% 140 1006.343179
% 141 1049.437407
% 142 1046.161595
% 143 1072.719861
% 144 1075.993579
% 145 1025.798839
% 146 1045.249999
% 147 1044.855385
% 148 1109.378876
% 149 1100.466656
% 150 1120.690870
% 151 1149.551382
% 152 1168.926422
% 153 1194.633115
% 154 1150.291417
% 155 1147.627444
% 156 1139.438070
% 157 1140.717388
% 158 1169.788865
% 159 1103.870831
% 160 1098.114591
% 161 1082.300263
% 162 1047.289011
% 163 1015.906793
% 164 1028.173457
% 165 1031.927675
% 166 1020.729044
% 167 1048.052241
% 168 1037.877823
% 169 1029.034757
% 170 1011.987888
% 171 1049.799430
% 172 1057.033239
% 173 1054.672610
% 174 1046.926145
% 175 1065.936146
% 176 1068.393189
% 177 1077.977143
% 178 1076.546597
% 179 1070.512702
% 180 1068.563733
% 181 1034.316208
% 182 998.874582
% 183 981.510983
% 184 980.002916
% 185 981.897900
% 186 1008.085158
% 187 1036.480852
% 188 980.855214
% 189 988.144156
% 190 1018.449756
% 191 1031.270581
% 192 1018.500390
% 193 987.371772
% 194 995.441193
% 195 1003.233043
% 196 1021.805123
% 197 1031.492239
% 198 1021.759817
% 199 1054.954057
% 200 1046.393792
% 201 1011.831553
% 202 1030.046840
% 203 1022.304927
> Finished 203 generations with 1016510 distance calculations. GA Runtime = 17.7111 sec
> Final distance: 936.604977
> Final Route:
Truck 0 [len = 8]: 0 --> 16 --> 14 --> 4 --> 7 --> 47 --> 5 --> 11
Truck 1 [len = 15]: 0 --> 31 --> 37 --> 33 --> 49 --> 10 --> 36 --> 17 --> 41 --> 44 --> 32 --> 38 --> 48 --> 9 --> 8
Truck 2 [len = 10]: 0 --> 2 --> 25 --> 30 --> 42 --> 27 --> 34 --> 35 --> 1 --> 15
Truck 3 [len = 13]: 0 --> 26 --> 43 --> 40 --> 13 --> 18 --> 39 --> 50 --> 45 --> 24 --> 12 --> 23 --> 6
Truck 4 [len = 9]: 0 --> 21 --> 19 --> 28 --> 20 --> 29 --> 3 --> 46 --> 22
> Generation - Distance curve saved to fig/mtsp51_baseline_30_5_1000_100_10_20211216_16_12_09/20211216_16_12_51.png.
