--> Running ID = 27
> Loading cities from instances/mtsp51.txt
	>> 51 cities in total to be loaded
> 51 cities loaded from instances/mtsp51.txt
> Initial distance: 1559.488085
> Starting running GA.
	>> cities = 51, salesmen = 5
	>> Generations = 1000, PopulationSize = 100, TournamentSize = 10
# Generation Distance
% 1 1510.371467
% 2 1479.548021
% 3 1410.054755
% 4 1412.839580
% 5 1396.327518
% 6 1294.805508
% 7 1255.666913
% 8 1299.233871
% 9 1244.429847
% 10 1206.314642
% 11 1172.615396
% 12 1152.618836
% 13 1106.107226
% 14 1147.593664
% 15 1111.122898
% 16 1107.427594
% 17 1080.222223
% 18 1120.733701
% 19 1103.060785
% 20 1097.111108
% 21 1076.208582
% 22 1145.113687
% 23 1124.151697
% 24 1098.631075
% 25 1095.674043
% 26 1116.412095
% 27 1120.364916
% 28 1123.928141
% 29 1142.964876
% 30 1110.674562
% 31 1136.468853
% 32 1172.472807
% 33 1177.106456
% 34 1133.481662
% 35 1164.997652
% 36 1160.142708
% 37 1143.436162
% 38 1145.005235
% 39 1081.196366
% 40 1056.350845
% 41 1070.882748
% 42 1090.260059
% 43 1079.977104
% 44 1063.088057
% 45 1077.461819
% 46 1112.762771
% 47 1107.827119
% 48 1010.951683
% 49 1075.319890
% 50 1021.616831
% 51 1043.355054
% 52 1051.487433
% 53 1032.964528
% 54 978.634625
% 55 1029.920567
% 56 1044.819324
% 57 1046.293467
% 58 1047.477830
% 59 1051.492463
% 60 1040.648903
% 61 1053.675225
% 62 1046.712278
% 63 1061.208879
% 64 1084.909006
% 65 1076.685494
% 66 1088.416307
% 67 1021.902158
% 68 1050.976805
% 69 1057.073710
% 70 1027.369152
% 71 1039.600552
% 72 1063.726842
% 73 1053.977185
% 74 1105.136451
% 75 1091.124244
% 76 1079.671925
% 77 1092.115193
% 78 1102.357283
% 79 1093.400301
% 80 1090.068202
% 81 1048.520089
% 82 1080.665527
% 83 1094.958606
% 84 1092.970439
% 85 1101.269351
% 86 1085.229951
% 87 1068.507872
% 88 1089.913608
% 89 1120.563600
% 90 1070.703357
% 91 1060.287674
% 92 1051.876042
% 93 1078.111926
% 94 1054.903859
% 95 1071.398765
% 96 1069.293645
% 97 1087.778956
% 98 1068.567111
% 99 1043.994457
% 100 1048.622370
% 101 1020.968403
% 102 1068.730514
% 103 1058.453464
% 104 1075.462030
% 105 1122.367925
% 106 1131.377712
% 107 1119.111353
% 108 1139.068072
% 109 1126.667048
% 110 1099.298800
% 111 1138.636581
% 112 1121.397673
% 113 1104.191911
% 114 1057.968005
% 115 1047.497567
% 116 1037.717141
% 117 1044.309775
% 118 1007.352886
% 119 970.790082
% 120 980.031223
% 121 952.031461
% 122 981.917867
% 123 953.088846
% 124 990.152010
% 125 951.959516
% 126 942.303717
% 127 937.654239
% 128 934.032096
% 129 997.903137
% 130 951.814573
% 131 941.855322
% 132 977.566320
% 133 983.359216
% 134 990.528839
% 135 995.963335
% 136 1001.008312
% 137 1026.523954
% 138 995.553210
% 139 1017.153670
% 140 1011.375140
% 141 947.997221
% 142 1014.357562
% 143 942.596859
% 144 993.114599
% 145 1014.486618
% 146 1025.412070
% 147 1004.152953
% 148 1048.652761
% 149 1062.721042
% 150 1083.429749
% 151 1059.233865
% 152 1023.638937
% 153 1010.844806
% 154 1012.040137
% 155 1023.525724
% 156 1055.379268
% 157 1054.308019
% 158 1053.287866
% 159 1063.471858
% 160 1059.784270
% 161 1063.105720
% 162 1062.615894
% 163 1091.111049
% 164 1106.198484
% 165 1091.232733
% 166 1112.443741
% 167 1094.345913
% 168 1105.895244
% 169 1097.630058
% 170 1072.244998
% 171 1079.680757
% 172 1079.859374
% 173 1069.666642
% 174 1031.643294
% 175 1047.483692
% 176 1079.237863
% 177 1074.962958
% 178 1105.045523
% 179 1087.385503
% 180 1126.929370
% 181 1124.882171
% 182 1108.498483
% 183 1070.188244
% 184 1126.463244
% 185 1105.578363
% 186 1137.411762
% 187 1158.637638
% 188 1127.588308
% 189 1128.155441
% 190 1129.540410
% 191 1146.890698
% 192 1132.322437
% 193 1079.890787
% 194 1065.076965
% 195 1119.415042
% 196 1069.493571
% 197 1123.144151
% 198 1081.649416
% 199 1061.630000
% 200 1026.463536
% 201 1039.908436
% 202 1000.029409
% 203 1027.331085
> Finished 203 generations with 1015080 distance calculations. GA Runtime = 17.6303 sec
> Final distance: 934.032096
> Final Route:
Truck 0 [len = 7]: 0 --> 48 --> 9 --> 21 --> 28 --> 20 --> 25
Truck 1 [len = 10]: 0 --> 13 --> 17 --> 24 --> 23 --> 7 --> 30 --> 1 --> 35 --> 2
Truck 2 [len = 16]: 0 --> 19 --> 34 --> 27 --> 29 --> 33 --> 49 --> 37 --> 8 --> 5 --> 47 --> 50 --> 3 --> 41 --> 15 --> 31
Truck 3 [len = 14]: 0 --> 22 --> 6 --> 42 --> 12 --> 40 --> 18 --> 44 --> 32 --> 43 --> 14 --> 38 --> 45 --> 36
Truck 4 [len = 8]: 0 --> 26 --> 11 --> 4 --> 46 --> 39 --> 16 --> 10
> Generation - Distance curve saved to fig/mtsp51_baseline_30_5_1000_100_10_20211216_16_12_09/20211216_16_20_59.png.
