--> Running ID = 22
> Loading cities from instances/mtsp51.txt
	>> 51 cities in total to be loaded
> 51 cities loaded from instances/mtsp51.txt
> Initial distance: 1496.824060
> Starting running GA.
	>> cities = 51, salesmen = 5
	>> Generations = 1000, PopulationSize = 100, TournamentSize = 10
# Generation Distance
% 1 1432.299734
% 2 1380.925338
% 3 1372.929956
% 4 1376.644306
% 5 1356.829273
% 6 1329.980849
% 7 1318.152788
% 8 1330.401891
% 9 1338.116835
% 10 1311.054979
% 11 1236.270656
% 12 1213.656870
% 13 1194.009582
% 14 1186.882823
% 15 1137.479007
% 16 1107.354826
% 17 1122.951828
% 18 1122.585351
% 19 1106.030561
% 20 1109.935946
% 21 1100.385985
% 22 1126.212096
% 23 1050.621769
% 24 1073.101496
% 25 1077.123076
% 26 1089.901025
% 27 1081.499209
% 28 1040.850401
% 29 1056.773308
% 30 1010.588172
% 31 1013.329117
% 32 1015.263507
% 33 992.009535
% 34 1018.871294
% 35 1033.029480
% 36 978.245432
% 37 982.709316
% 38 964.238179
% 39 963.952490
% 40 940.954851
% 41 927.623173
% 42 941.192854
% 43 978.278754
% 44 991.525087
% 45 1016.812168
% 46 1041.173156
% 47 1010.242190
% 48 1022.600434
% 49 1023.800217
% 50 1020.365696
% 51 1058.050294
% 52 1073.692132
% 53 1094.716244
% 54 1065.076578
% 55 1078.479217
% 56 1061.072907
% 57 1080.618828
% 58 1057.841018
% 59 1028.045045
% 60 1022.806741
% 61 1022.811726
% 62 992.954281
% 63 986.069303
% 64 980.724011
% 65 1025.545770
% 66 1000.675294
% 67 1052.400649
% 68 1014.559753
% 69 996.974745
% 70 1033.847990
% 71 1014.305841
% 72 1018.343702
% 73 985.878196
% 74 1004.704283
% 75 1018.539827
% 76 1011.783302
% 77 1004.006742
% 78 1025.325742
% 79 1018.801381
% 80 1022.213750
% 81 1036.197130
% 82 1029.684539
% 83 979.555545
% 84 1006.415039
% 85 957.062409
% 86 976.878270
% 87 928.603283
% 88 933.834601
% 89 963.316415
% 90 995.084459
% 91 970.300236
% 92 986.442609
% 93 999.344652
% 94 998.096692
% 95 1022.176137
% 96 1046.723019
% 97 1067.822471
% 98 1053.278961
% 99 1061.063025
% 100 1066.709585
% 101 1066.594064
% 102 1079.476053
% 103 1073.176520
% 104 1051.455523
% 105 1058.484967
% 106 1095.385196
% 107 1079.012085
% 108 1094.075675
% 109 1072.440457
% 110 1110.856295
% 111 1080.475669
% 112 1043.041386
% 113 1032.552411
% 114 1073.859466
% 115 1051.392899
% 116 1045.810963
% 117 1098.300064
% 118 1086.042097
% 119 1069.992138
% 120 1045.097918
% 121 1047.357387
% 122 992.222670
% 123 1003.709134
% 124 953.699314
% 125 965.649871
% 126 1003.434832
% 127 982.176726
% 128 1036.177560
% 129 1067.602044
% 130 1096.380424
% 131 1099.458886
% 132 1098.582359
% 133 1125.351317
% 134 1080.467132
% 135 1067.823681
% 136 1114.959381
% 137 1116.187469
% 138 1093.234759
% 139 1116.155741
% 140 1117.019191
% 141 1066.886020
% 142 1112.452963
% 143 1144.550142
% 144 1126.773051
% 145 1141.252674
% 146 1130.921104
% 147 1110.563873
% 148 1108.910256
% 149 1130.105227
% 150 1126.401068
% 151 1137.493190
% 152 1126.886750
% 153 1122.959307
% 154 1091.631449
% 155 1024.658409
% 156 1053.839370
% 157 1099.244620
% 158 1065.000087
% 159 1080.326468
% 160 1118.577313
% 161 1110.084943
% 162 1113.364368
% 163 1059.451345
% 164 1059.078671
% 165 1079.628406
% 166 1066.948890
% 167 1052.728180
% 168 1035.078256
% 169 1069.251603
% 170 1049.395345
% 171 1033.106982
% 172 1067.685105
% 173 1028.220729
% 174 1043.548013
% 175 1030.552978
% 176 1015.637637
% 177 1057.503847
% 178 1075.620476
% 179 1033.755799
% 180 1055.050498
% 181 1052.692195
% 182 1042.390030
% 183 1055.217711
% 184 1067.816384
% 185 1113.403964
% 186 1113.241073
% 187 1131.784817
% 188 1122.017948
% 189 1137.020785
% 190 1136.957495
% 191 1107.231439
% 192 1095.943784
% 193 1099.706045
% 194 1125.778558
% 195 1115.465591
% 196 1122.066875
% 197 1121.136354
% 198 1097.184339
% 199 1096.151860
% 200 1125.924108
% 201 1089.797546
% 202 1096.783823
% 203 1073.817090
> Finished 203 generations with 1016565 distance calculations. GA Runtime = 18.7550 sec
> Final distance: 927.623173
> Final Route:
Truck 0 [len = 12]: 0 --> 26 --> 47 --> 50 --> 9 --> 38 --> 32 --> 44 --> 29 --> 49 --> 21 --> 25
Truck 1 [len = 13]: 0 --> 42 --> 46 --> 17 --> 22 --> 43 --> 18 --> 41 --> 40 --> 14 --> 16 --> 11 --> 33
Truck 2 [len = 10]: 0 --> 4 --> 6 --> 5 --> 24 --> 13 --> 12 --> 36 --> 23 --> 7
Truck 3 [len = 12]: 0 --> 1 --> 15 --> 28 --> 35 --> 34 --> 19 --> 2 --> 31 --> 20 --> 8 --> 37
Truck 4 [len = 8]: 0 --> 27 --> 30 --> 48 --> 39 --> 3 --> 45 --> 10
> Generation - Distance curve saved to fig/mtsp51_baseline_30_5_1000_100_10_20211216_16_12_09/20211216_16_19_17.png.
