--> Running ID = 5
> Loading cities from instances/mtsp51.txt
	>> 51 cities in total to be loaded
> 51 cities loaded from instances/mtsp51.txt
> Initial distance: 1515.335074
> Starting running GA.
	>> cities = 51, salesmen = 5
	>> Generations = 1000, PopulationSize = 100, TournamentSize = 10
# Generation Distance
% 1 1433.989622
% 2 1413.418327
% 3 1397.391943
% 4 1412.048148
% 5 1381.861148
% 6 1351.681154
% 7 1319.417814
% 8 1315.622328
% 9 1294.725892
% 10 1234.578363
% 11 1245.710706
% 12 1168.484339
% 13 1170.253893
% 14 1130.959664
% 15 1108.258523
% 16 1093.628481
% 17 1085.676193
% 18 1119.708243
% 19 1101.694725
% 20 1106.083413
% 21 1045.744020
% 22 1038.603479
% 23 1057.333485
% 24 1052.535830
% 25 991.826160
% 26 1035.281675
% 27 993.160076
% 28 948.525914
% 29 1007.196080
% 30 1021.975825
% 31 976.362969
% 32 911.511140
% 33 937.839348
% 34 986.451695
% 35 1021.647389
% 36 1025.003563
% 37 1026.134300
% 38 1020.882864
% 39 1050.206180
% 40 1037.725273
% 41 1035.167405
% 42 1033.251279
% 43 1033.652585
% 44 1044.426464
% 45 1045.955719
% 46 1057.852782
% 47 1087.013596
% 48 1079.195673
% 49 1101.790982
% 50 1067.210809
% 51 1050.541877
% 52 1015.474064
% 53 1054.886866
% 54 1021.356039
% 55 1020.967867
% 56 1045.327508
% 57 1051.780895
% 58 1035.148320
% 59 1063.279284
% 60 1012.029715
% 61 988.614447
% 62 980.595015
% 63 1026.465820
% 64 982.310455
% 65 1016.880565
% 66 1056.060267
% 67 1050.337622
% 68 1097.430067
% 69 1105.208090
% 70 1102.486418
% 71 1124.486442
% 72 1138.276699
% 73 1117.548443
% 74 1127.325176
% 75 1109.388469
% 76 1081.590615
% 77 1086.551930
% 78 1070.920021
% 79 1069.190052
% 80 1068.263855
% 81 1080.993579
% 82 1006.188491
% 83 1039.445758
% 84 1055.595605
% 85 1059.798622
% 86 1043.419593
% 87 1022.282483
% 88 1027.942109
% 89 1058.447722
% 90 1009.503900
% 91 1030.023805
% 92 978.077896
% 93 994.006689
% 94 1009.628298
% 95 983.020551
% 96 974.798789
% 97 994.835726
% 98 987.621351
% 99 991.674300
% 100 990.334188
% 101 966.018063
% 102 990.041219
% 103 983.246388
% 104 977.550132
% 105 988.349670
% 106 1018.768227
% 107 986.938031
% 108 1005.226595
% 109 1030.551873
% 110 1018.099975
% 111 1020.841644
% 112 949.103589
% 113 969.959609
% 114 1000.665252
% 115 975.057792
% 116 965.748919
% 117 988.985668
% 118 996.877560
% 119 995.567555
% 120 1008.802605
% 121 1043.637031
% 122 1040.211856
% 123 1044.104480
% 124 1053.119234
% 125 1061.009494
% 126 1064.122530
% 127 1011.561713
% 128 1065.754460
% 129 1079.531632
% 130 1054.658904
% 131 1029.528067
% 132 997.973822
% 133 1026.641463
% 134 1017.364733
% 135 976.327895
% 136 1022.709448
% 137 984.265129
% 138 981.719728
% 139 965.472703
% 140 940.316371
% 141 917.115462
% 142 918.042498
% 143 930.898213
% 144 926.940135
% 145 971.721735
% 146 984.075565
% 147 971.092091
% 148 943.200773
% 149 959.405503
% 150 943.659156
% 151 1018.637589
% 152 977.449051
% 153 973.081233
% 154 966.635934
% 155 996.347429
% 156 1012.309120
% 157 991.068470
% 158 997.902299
% 159 980.454304
% 160 940.429339
% 161 1006.376963
% 162 1052.817761
% 163 975.963184
% 164 988.862063
% 165 989.495082
% 166 967.199312
% 167 964.756793
% 168 979.326733
% 169 1017.476690
% 170 995.472009
% 171 989.610570
% 172 973.988252
% 173 985.014739
% 174 1002.702093
% 175 1011.457245
% 176 996.764090
% 177 1031.869429
% 178 1022.635027
% 179 996.532116
% 180 981.664496
% 181 959.564051
% 182 995.005914
% 183 1002.110196
% 184 1039.574405
% 185 1025.861126
% 186 999.809876
% 187 1050.106051
% 188 1047.112266
% 189 1089.929316
% 190 1003.736359
% 191 1054.341906
% 192 1062.556056
% 193 1067.332695
% 194 1074.271769
% 195 1049.728737
% 196 1080.568453
% 197 1085.041031
% 198 1054.296028
% 199 1089.975237
% 200 1067.309759
% 201 1077.239981
% 202 1095.822600
% 203 1019.150872
> Finished 203 generations with 1016235 distance calculations. GA Runtime = 18.3399 sec
> Final distance: 911.511140
> Final Route:
Truck 0 [len = 13]: 0 --> 6 --> 37 --> 20 --> 29 --> 38 --> 14 --> 4 --> 9 --> 36 --> 3 --> 10 --> 11
Truck 1 [len = 8]: 0 --> 50 --> 40 --> 16 --> 46 --> 17 --> 5 --> 27
Truck 2 [len = 13]: 0 --> 31 --> 19 --> 2 --> 34 --> 35 --> 1 --> 48 --> 8 --> 33 --> 47 --> 25 --> 7
Truck 3 [len = 9]: 0 --> 45 --> 13 --> 24 --> 23 --> 22 --> 42 --> 30 --> 21
Truck 4 [len = 12]: 0 --> 28 --> 26 --> 32 --> 44 --> 41 --> 43 --> 39 --> 18 --> 12 --> 15 --> 49
> Generation - Distance curve saved to fig/mtsp51_baseline_30_5_1000_100_10_20211216_16_12_09/20211216_16_13_32.png.
