--> Running ID = 25
> Loading cities from instances/mtsp51.txt
	>> 51 cities in total to be loaded
> 51 cities loaded from instances/mtsp51.txt
> Initial distance: 1514.339183
> Starting running GA.
	>> cities = 51, salesmen = 5
	>> Generations = 1000, PopulationSize = 100, TournamentSize = 10
# Generation Distance
% 1 1418.697459
% 2 1310.891852
% 3 1278.561777
% 4 1228.782789
% 5 1233.249306
% 6 1201.806850
% 7 1177.923188
% 8 1168.928696
% 9 1145.145069
% 10 1167.157914
% 11 1135.896629
% 12 1082.681576
% 13 1104.101387
% 14 1121.346695
% 15 1100.812019
% 16 1134.484793
% 17 1102.046796
% 18 1098.060026
% 19 1105.440093
% 20 1092.032552
% 21 1089.908342
% 22 1135.421327
% 23 1127.672581
% 24 1106.968093
% 25 1111.449242
% 26 1096.907757
% 27 1071.358435
% 28 1142.633543
% 29 1113.679582
% 30 1114.473713
% 31 1075.454335
% 32 1069.242165
% 33 1049.114148
% 34 1078.514767
% 35 1089.620374
% 36 1071.011759
% 37 1039.612317
% 38 1111.113489
% 39 1106.463331
% 40 1130.102649
% 41 1142.141176
% 42 1141.977353
% 43 1123.552051
% 44 1081.352075
% 45 1125.025278
% 46 1125.413259
% 47 1097.699793
% 48 1105.416164
% 49 1060.405815
% 50 1085.450289
% 51 1049.423071
% 52 1087.621090
% 53 1048.654279
% 54 1062.939876
% 55 1020.470727
% 56 1021.117430
% 57 1069.151658
% 58 1060.572826
% 59 1063.093370
% 60 1063.300218
% 61 1075.055133
% 62 1074.028930
% 63 1105.706026
% 64 1106.345006
% 65 1083.482887
% 66 1063.594783
% 67 1082.061793
% 68 1117.907900
% 69 1060.466693
% 70 1084.587847
% 71 1043.894475
% 72 1075.311206
% 73 1040.556742
% 74 1024.551095
% 75 997.453060
% 76 983.098294
% 77 1044.071623
% 78 1049.266525
% 79 1015.567126
% 80 1017.672846
% 81 1018.813403
% 82 1037.155564
% 83 1033.623491
% 84 993.302125
% 85 1001.147900
% 86 1045.546220
% 87 1030.291204
% 88 1046.548205
% 89 1041.724819
% 90 992.784351
% 91 992.121182
% 92 991.834095
% 93 994.771776
% 94 1026.263824
% 95 1027.618545
% 96 1043.476518
% 97 1028.585987
% 98 1022.848517
% 99 1006.421622
% 100 976.275939
% 101 1009.148493
% 102 982.938815
% 103 970.033367
% 104 957.614862
% 105 993.318698
% 106 994.500170
% 107 1031.530729
% 108 1034.968603
% 109 999.481944
% 110 1001.374162
% 111 1032.192332
% 112 1024.449412
% 113 983.504374
% 114 972.787162
% 115 950.050295
% 116 1007.091477
% 117 1051.290910
% 118 1019.635714
% 119 1008.172286
% 120 1035.824063
% 121 1022.606670
% 122 1052.703239
% 123 999.979273
% 124 996.296773
% 125 951.001737
% 126 980.004260
% 127 971.257775
% 128 959.173023
% 129 949.391998
% 130 967.794137
% 131 941.977458
% 132 987.374522
% 133 1003.598807
% 134 1039.356325
% 135 1024.338273
% 136 1023.268742
% 137 1005.194611
% 138 1049.659921
% 139 1047.372732
% 140 1053.625420
% 141 1059.301426
% 142 1066.480269
% 143 1084.148936
% 144 1074.476819
% 145 1097.984258
% 146 1068.830124
% 147 1041.990982
% 148 1076.229485
% 149 1069.822126
% 150 1080.817369
% 151 1064.750140
% 152 1074.138236
% 153 1037.478635
% 154 1098.028025
% 155 1081.881311
% 156 1031.735778
% 157 1046.922464
% 158 1077.467982
% 159 1094.526214
% 160 1039.142914
% 161 1019.863602
% 162 1048.426181
% 163 1031.592079
% 164 1059.666627
% 165 1043.745222
% 166 1032.811083
% 167 1014.595670
% 168 986.125745
% 169 983.030469
% 170 974.848093
% 171 950.168483
% 172 941.267563
% 173 913.097234
% 174 965.574595
% 175 937.938471
% 176 961.698198
% 177 961.414088
% 178 932.890142
% 179 999.860046
% 180 939.385440
% 181 898.195430
% 182 911.396384
% 183 936.293756
% 184 923.212387
% 185 921.600604
% 186 936.628773
% 187 976.480257
% 188 968.753251
% 189 963.440884
% 190 943.628441
% 191 981.075175
% 192 942.286519
% 193 947.599944
% 194 970.955199
% 195 959.893870
% 196 979.776426
% 197 1007.952829
% 198 999.923654
% 199 941.589381
% 200 974.945173
% 201 1007.432734
% 202 1010.144167
% 203 1034.518661
> Finished 203 generations with 1016675 distance calculations. GA Runtime = 17.3230 sec
> Final distance: 898.195430
> Final Route:
Truck 0 [len = 11]: 0 --> 7 --> 9 --> 28 --> 20 --> 31 --> 10 --> 19 --> 42 --> 45 --> 50
Truck 1 [len = 10]: 0 --> 33 --> 48 --> 8 --> 29 --> 15 --> 1 --> 22 --> 6 --> 5
Truck 2 [len = 17]: 0 --> 17 --> 36 --> 43 --> 4 --> 21 --> 25 --> 23 --> 14 --> 44 --> 32 --> 38 --> 3 --> 46 --> 24 --> 11 --> 26
Truck 3 [len = 8]: 0 --> 2 --> 34 --> 35 --> 40 --> 39 --> 41 --> 49
Truck 4 [len = 9]: 0 --> 37 --> 30 --> 27 --> 47 --> 13 --> 16 --> 12 --> 18
> Generation - Distance curve saved to fig/mtsp51_baseline_30_5_1000_100_10_20211216_16_12_09/20211216_16_20_19.png.
