--> Running ID = 8
> Loading cities from instances/mtsp51.txt
	>> 51 cities in total to be loaded
> 51 cities loaded from instances/mtsp51.txt
> Initial distance: 1475.504953
> Starting running GA.
	>> cities = 51, salesmen = 5
	>> Generations = 1000, PopulationSize = 100, TournamentSize = 10
# Generation Distance
% 1 1475.505908
% 2 1425.338891
% 3 1379.577847
% 4 1380.679237
% 5 1381.200473
% 6 1389.177956
% 7 1330.077667
% 8 1284.726613
% 9 1257.601694
% 10 1283.254366
% 11 1235.754389
% 12 1195.290032
% 13 1161.902061
% 14 1225.669697
% 15 1191.026063
% 16 1098.691599
% 17 1113.767035
% 18 1117.700010
% 19 1129.142385
% 20 1111.131518
% 21 1121.130535
% 22 1111.507027
% 23 1101.922469
% 24 1066.109210
% 25 1087.788311
% 26 1069.300729
% 27 1112.010937
% 28 1130.693224
% 29 1117.610485
% 30 1102.199692
% 31 1110.292499
% 32 1072.535131
% 33 1073.811854
% 34 1062.870642
% 35 1076.246847
% 36 1080.913717
% 37 1034.293538
% 38 1045.194848
% 39 1061.665690
% 40 1022.163161
% 41 990.065751
% 42 989.411405
% 43 981.048970
% 44 1022.609080
% 45 1014.204078
% 46 972.499789
% 47 994.600394
% 48 1029.738760
% 49 1004.253790
% 50 992.184919
% 51 994.542268
% 52 1004.184222
% 53 1019.142029
% 54 1002.781425
% 55 948.614706
% 56 948.250878
% 57 982.924320
% 58 1001.476303
% 59 988.188389
% 60 978.390435
% 61 930.973699
% 62 908.636433
% 63 915.411014
% 64 974.476375
% 65 976.172367
% 66 994.122475
% 67 1009.133013
% 68 997.042041
% 69 988.377696
% 70 966.742845
% 71 1027.877881
% 72 1020.480758
% 73 1051.165788
% 74 1020.084040
% 75 999.640564
% 76 968.364761
% 77 985.340203
% 78 1004.552257
% 79 1054.414636
% 80 1056.817004
% 81 1080.152821
% 82 1035.723103
% 83 995.450992
% 84 1035.681012
% 85 1002.072606
% 86 1002.599013
% 87 1053.775795
% 88 1053.026365
% 89 1039.262037
% 90 1103.855404
% 91 1064.946112
% 92 1030.605837
% 93 1053.587219
% 94 975.596197
% 95 973.448425
% 96 963.926130
% 97 960.641467
% 98 999.401028
% 99 953.910612
% 100 955.959950
% 101 908.747276
% 102 938.297157
% 103 960.266343
% 104 934.817424
% 105 996.695929
% 106 1017.289866
% 107 996.402222
% 108 985.379342
% 109 976.578286
% 110 924.903832
% 111 938.647506
% 112 932.078843
% 113 954.298330
% 114 917.150454
% 115 974.553679
% 116 971.163655
% 117 989.411381
% 118 1011.484732
% 119 1001.294406
% 120 1014.532175
% 121 1036.308256
% 122 1025.932178
% 123 1060.228178
% 124 1086.867944
% 125 1042.550796
% 126 1017.343138
% 127 1041.840314
% 128 1010.732569
% 129 1062.430387
% 130 1016.078114
% 131 1029.061999
% 132 1046.207681
% 133 992.164315
% 134 1019.056384
% 135 1055.049093
% 136 1048.340325
% 137 1051.670261
% 138 1073.713634
% 139 1057.117544
% 140 1057.751934
% 141 1024.968086
% 142 1037.739636
% 143 1000.105978
% 144 973.041252
% 145 982.828084
% 146 984.188829
% 147 1019.520101
% 148 1035.569659
% 149 1051.567122
% 150 1030.584605
% 151 1053.537670
% 152 1037.230761
% 153 1059.566839
% 154 1042.942371
% 155 1070.665673
% 156 1045.471953
% 157 1054.821804
% 158 1051.464951
% 159 1071.519160
% 160 1058.225797
% 161 997.036207
% 162 975.185763
% 163 1010.835571
% 164 996.958598
% 165 976.644570
% 166 1007.427862
% 167 986.893510
% 168 1006.172333
% 169 1030.170128
% 170 985.757179
% 171 1023.559699
% 172 1012.882776
% 173 1030.662775
% 174 1060.925611
% 175 1053.264584
% 176 1083.156953
% 177 1052.446269
% 178 1006.129910
% 179 960.159697
% 180 1044.309942
% 181 1007.183355
% 182 1019.228907
% 183 1022.516160
% 184 966.758631
% 185 979.777012
% 186 967.935731
% 187 999.685918
% 188 1037.078191
% 189 997.960359
% 190 1014.878223
% 191 1067.108911
% 192 1057.476272
% 193 1078.269591
% 194 1068.986213
% 195 1062.344059
% 196 1054.932503
% 197 1040.865548
% 198 1024.871812
% 199 1040.170590
% 200 1022.163838
% 201 1010.050911
% 202 1005.899351
% 203 993.026658
> Finished 203 generations with 1016785 distance calculations. GA Runtime = 17.6792 sec
> Final distance: 908.636433
> Final Route:
Truck 0 [len = 13]: 0 --> 45 --> 46 --> 17 --> 23 --> 5 --> 40 --> 18 --> 39 --> 12 --> 3 --> 11 --> 31
Truck 1 [len = 8]: 0 --> 8 --> 20 --> 28 --> 2 --> 10 --> 1 --> 47
Truck 2 [len = 9]: 0 --> 22 --> 6 --> 27 --> 30 --> 48 --> 33 --> 38 --> 9
Truck 3 [len = 16]: 0 --> 19 --> 35 --> 34 --> 50 --> 36 --> 16 --> 14 --> 15 --> 49 --> 29 --> 43 --> 41 --> 32 --> 44 --> 37
Truck 4 [len = 9]: 0 --> 21 --> 25 --> 7 --> 26 --> 4 --> 42 --> 24 --> 13
> Generation - Distance curve saved to fig/mtsp51_baseline_30_5_1000_100_10_20211216_16_12_09/20211216_16_14_34.png.
