--> Running ID = 23
> Loading cities from instances/mtsp51.txt
	>> 51 cities in total to be loaded
> 51 cities loaded from instances/mtsp51.txt
> Initial distance: 1479.893762
> Starting running GA.
	>> cities = 51, salesmen = 5
	>> Generations = 1000, PopulationSize = 100, TournamentSize = 10
# Generation Distance
% 1 1395.791657
% 2 1400.222554
% 3 1376.581463
% 4 1323.349849
% 5 1317.873886
% 6 1309.437667
% 7 1293.168451
% 8 1272.194072
% 9 1264.406424
% 10 1246.740231
% 11 1241.166949
% 12 1223.626151
% 13 1155.251371
% 14 1150.065547
% 15 1145.619632
% 16 1126.744661
% 17 1145.098289
% 18 1168.434864
% 19 1138.848096
% 20 1078.879803
% 21 1063.051476
% 22 1102.842780
% 23 1111.836050
% 24 1142.271004
% 25 1157.738234
% 26 1128.122487
% 27 1117.959268
% 28 1145.098418
% 29 1128.817161
% 30 1099.134981
% 31 1113.135484
% 32 1093.063099
% 33 1113.566792
% 34 1067.926695
% 35 1091.939520
% 36 1107.810977
% 37 1055.803399
% 38 1072.959647
% 39 1027.942797
% 40 1035.660469
% 41 1045.100650
% 42 1085.541580
% 43 1030.190320
% 44 1036.632908
% 45 985.808958
% 46 1053.594242
% 47 988.160147
% 48 986.288556
% 49 973.524713
% 50 956.757128
% 51 971.223804
% 52 1005.288424
% 53 1017.992671
% 54 999.447579
% 55 1027.082163
% 56 1040.356174
% 57 1036.565731
% 58 1076.028413
% 59 1064.085177
% 60 1019.622983
% 61 1039.338325
% 62 1047.450618
% 63 1044.361309
% 64 1091.599057
% 65 1081.808359
% 66 1074.945743
% 67 1020.210468
% 68 1019.966667
% 69 1039.590303
% 70 1053.302037
% 71 1017.195666
% 72 1057.162790
% 73 1007.274824
% 74 1024.642434
% 75 1025.901006
% 76 994.845935
% 77 1026.089081
% 78 1040.107214
% 79 1102.836943
% 80 1043.054105
% 81 1086.205580
% 82 1078.137188
% 83 1089.207281
% 84 1104.683383
% 85 1078.407595
% 86 1099.654071
% 87 1119.302931
% 88 1126.356976
% 89 1116.402471
% 90 1111.781154
% 91 1113.669978
% 92 1149.056212
% 93 1103.230805
% 94 1176.358337
% 95 1189.853380
% 96 1127.725147
% 97 1128.246315
% 98 1113.373021
% 99 1078.046536
% 100 1099.201613
% 101 1092.175312
% 102 1095.625828
% 103 1128.981315
% 104 1145.949420
% 105 1154.498844
% 106 1109.655576
% 107 1067.417580
% 108 1041.743636
% 109 1051.432190
% 110 989.933990
% 111 1028.646383
% 112 1067.995469
% 113 1048.602376
% 114 1091.610462
% 115 1073.545402
% 116 1053.126118
% 117 1056.097346
% 118 1047.039643
% 119 1044.977731
% 120 1006.816467
% 121 1035.682762
% 122 1008.836058
% 123 990.651651
% 124 1026.292701
% 125 1041.197916
% 126 1027.078637
% 127 1062.458923
% 128 1096.898700
% 129 1100.656456
% 130 1082.068862
% 131 1060.266826
% 132 1060.283863
% 133 1066.462041
% 134 1029.335982
% 135 999.031513
% 136 1007.125737
% 137 1000.398124
% 138 992.032167
% 139 1011.479065
% 140 1014.011744
% 141 1033.197829
% 142 1030.970979
% 143 1027.327045
% 144 1053.674225
% 145 1037.836796
% 146 1023.461145
% 147 1014.428880
% 148 958.521909
% 149 959.034165
% 150 1014.473664
% 151 1037.988955
% 152 993.773938
% 153 985.176484
% 154 1012.258414
% 155 1035.202866
% 156 1041.919261
% 157 1036.693751
% 158 1043.276722
% 159 999.014018
% 160 1016.502952
% 161 961.477159
% 162 953.145820
% 163 961.882306
% 164 940.244894
% 165 930.326707
% 166 912.488888
% 167 957.055107
% 168 949.061499
% 169 913.417672
% 170 948.608259
% 171 1015.134809
% 172 1012.333369
% 173 1010.828453
% 174 1000.100876
% 175 976.066491
% 176 1013.926983
% 177 1002.077471
% 178 1050.522578
% 179 1058.742363
% 180 1054.723435
% 181 1097.862895
% 182 1088.219989
% 183 1084.186046
% 184 1100.791517
% 185 1107.316842
% 186 1129.495062
% 187 1057.092716
% 188 1049.110830
% 189 1058.282506
% 190 1066.030955
% 191 1006.699629
% 192 1045.539737
% 193 1014.071175
% 194 977.730249
% 195 1006.970124
% 196 996.223372
% 197 982.832475
% 198 1017.753516
% 199 1011.575425
% 200 1006.190199
% 201 991.223166
% 202 977.758700
% 203 984.630368
> Finished 203 generations with 1016785 distance calculations. GA Runtime = 17.6441 sec
> Final distance: 912.488888
> Final Route:
Truck 0 [len = 12]: 0 --> 7 --> 21 --> 2 --> 1 --> 30 --> 35 --> 20 --> 12 --> 18 --> 39 --> 40
Truck 1 [len = 12]: 0 --> 31 --> 10 --> 28 --> 14 --> 32 --> 38 --> 37 --> 8 --> 23 --> 42 --> 6
Truck 2 [len = 7]: 0 --> 45 --> 17 --> 41 --> 3 --> 24 --> 5
Truck 3 [len = 9]: 0 --> 27 --> 13 --> 16 --> 36 --> 15 --> 49 --> 33 --> 29
Truck 4 [len = 15]: 0 --> 4 --> 44 --> 34 --> 19 --> 25 --> 22 --> 48 --> 9 --> 43 --> 46 --> 11 --> 50 --> 26 --> 47
> Generation - Distance curve saved to fig/mtsp51_baseline_30_5_1000_100_10_20211216_16_12_09/20211216_16_19_39.png.
