--> Running ID = 12
> Loading cities from instances/mtsp51.txt
	>> 51 cities in total to be loaded
> 51 cities loaded from instances/mtsp51.txt
> Initial distance: 1534.230971
> Starting running GA.
	>> cities = 51, salesmen = 5
	>> Generations = 1000, PopulationSize = 100, TournamentSize = 10
# Generation Distance
% 1 1539.988479
% 2 1489.513473
% 3 1457.225788
% 4 1471.394722
% 5 1420.145850
% 6 1377.185609
% 7 1309.512758
% 8 1283.749408
% 9 1316.326307
% 10 1252.603616
% 11 1238.205048
% 12 1226.212660
% 13 1233.575423
% 14 1244.353387
% 15 1188.134364
% 16 1172.168376
% 17 1170.270353
% 18 1195.608823
% 19 1216.732279
% 20 1166.657826
% 21 1095.682584
% 22 1107.654471
% 23 1081.087736
% 24 1069.029957
% 25 1071.555521
% 26 1069.839896
% 27 1055.342812
% 28 1020.783858
% 29 1065.920252
% 30 1022.356356
% 31 1049.873244
% 32 1065.495963
% 33 1069.972144
% 34 1045.733578
% 35 1027.093463
% 36 972.246970
% 37 950.865232
% 38 1007.301408
% 39 977.778404
% 40 904.479069
% 41 964.881060
% 42 957.656791
% 43 949.041809
% 44 984.465776
% 45 1002.788447
% 46 1020.430026
% 47 1021.845497
% 48 1011.290486
% 49 964.440815
% 50 1040.816226
% 51 1040.612554
% 52 1050.920682
% 53 1012.283540
% 54 1024.116195
% 55 958.461472
% 56 951.794741
% 57 985.879715
% 58 1012.613597
% 59 989.656675
% 60 1010.787059
% 61 1016.178429
% 62 995.462603
% 63 1083.760796
% 64 1071.622986
% 65 1056.885606
% 66 1074.420841
% 67 1074.416354
% 68 1085.033461
% 69 1109.724632
% 70 1021.883953
% 71 1033.135880
% 72 1068.674299
% 73 1070.321310
% 74 1076.539450
% 75 1083.964519
% 76 1082.338153
% 77 1076.232111
% 78 1088.474971
% 79 1064.677736
% 80 1091.269783
% 81 1122.213537
% 82 1138.836876
% 83 1112.539120
% 84 1074.975304
% 85 1084.377550
% 86 1100.230322
% 87 1057.025323
% 88 1081.397140
% 89 1083.503295
% 90 1079.969542
% 91 1117.416404
% 92 1105.410477
% 93 1139.003944
% 94 1113.021867
% 95 1105.740548
% 96 1080.586600
% 97 1108.510395
% 98 1102.070281
% 99 1093.765862
% 100 1081.697903
% 101 1091.313400
% 102 1087.386245
% 103 1070.791392
% 104 1091.986552
% 105 1115.818717
% 106 1097.909441
% 107 1032.850975
% 108 1053.669934
% 109 1047.502484
% 110 1050.693603
% 111 1096.506749
% 112 1056.586681
% 113 1093.960028
% 114 1081.203924
% 115 1087.338413
% 116 1087.297870
% 117 1052.759495
% 118 1067.273761
% 119 1046.429561
% 120 1108.593374
% 121 1055.708538
% 122 1034.858174
% 123 1002.528414
% 124 973.133988
% 125 980.611023
% 126 970.769798
% 127 948.644581
% 128 969.918828
% 129 979.932177
% 130 973.412312
% 131 955.381299
% 132 967.763652
% 133 979.652446
% 134 1011.681965
% 135 980.768747
% 136 898.459824
% 137 956.229239
% 138 978.359936
% 139 971.074338
% 140 955.808330
% 141 984.213878
% 142 969.856837
% 143 1023.968305
% 144 996.595399
% 145 941.013140
% 146 956.273369
% 147 1000.715504
% 148 1018.435068
% 149 1032.107948
% 150 1011.066969
% 151 1045.872759
% 152 1042.184914
% 153 1058.145774
% 154 1015.089252
% 155 1040.897664
% 156 1049.346812
% 157 999.378947
% 158 1037.694970
% 159 1055.676798
% 160 1003.136906
% 161 996.771911
% 162 1049.072903
% 163 1026.195093
% 164 1013.308100
% 165 1007.622291
% 166 1023.281846
% 167 981.975371
% 168 1009.132534
% 169 1003.957946
% 170 1003.772351
% 171 1037.981766
% 172 1006.934871
% 173 1041.447236
% 174 1079.212423
% 175 1029.553815
% 176 1039.698602
% 177 1029.205428
% 178 1017.552533
% 179 1050.430053
% 180 1061.508345
% 181 1048.574524
% 182 1076.503376
% 183 1098.338565
% 184 1104.547712
% 185 1119.768084
% 186 1112.480876
% 187 1092.915339
% 188 1014.011364
% 189 1062.093228
% 190 1063.036810
% 191 1075.770372
% 192 1039.523506
% 193 1037.312332
% 194 1071.541315
% 195 1056.700537
% 196 1021.251172
% 197 1035.184712
% 198 1072.068506
% 199 1079.775288
% 200 1061.209481
% 201 1028.975557
% 202 1047.535979
% 203 1020.747003
> Finished 203 generations with 1016400 distance calculations. GA Runtime = 17.4000 sec
> Final distance: 898.459824
> Final Route:
Truck 0 [len = 9]: 0 --> 22 --> 50 --> 11 --> 16 --> 3 --> 42 --> 47 --> 31
Truck 1 [len = 14]: 0 --> 46 --> 45 --> 4 --> 49 --> 34 --> 35 --> 19 --> 20 --> 48 --> 37 --> 44 --> 14 --> 26
Truck 2 [len = 10]: 0 --> 28 --> 33 --> 8 --> 21 --> 30 --> 7 --> 27 --> 2 --> 15
Truck 3 [len = 7]: 0 --> 17 --> 6 --> 23 --> 18 --> 13 --> 5
Truck 4 [len = 15]: 0 --> 25 --> 1 --> 9 --> 29 --> 38 --> 32 --> 36 --> 39 --> 12 --> 24 --> 40 --> 41 --> 43 --> 10
> Generation - Distance curve saved to fig/mtsp51_baseline_30_5_1000_100_10_20211216_16_12_09/20211216_16_15_56.png.
