--> Running ID = 4
> Loading cities from instances/mtsp51.txt
	>> 51 cities in total to be loaded
> 51 cities loaded from instances/mtsp51.txt
> Initial distance: 1492.855444
> Starting running GA.
	>> cities = 51, salesmen = 5
	>> Generations = 1000, PopulationSize = 100, TournamentSize = 10
# Generation Distance
% 1 1441.020763
% 2 1400.059809
% 3 1384.329818
% 4 1375.438509
% 5 1348.646022
% 6 1296.291160
% 7 1266.169321
% 8 1272.725766
% 9 1260.264668
% 10 1241.038552
% 11 1206.631977
% 12 1222.321675
% 13 1210.963212
% 14 1163.497383
% 15 1153.813738
% 16 1154.389203
% 17 1140.879797
% 18 1141.014023
% 19 1106.622906
% 20 1131.588241
% 21 1138.489254
% 22 1172.995111
% 23 1147.444334
% 24 1151.028874
% 25 1123.466415
% 26 1095.365740
% 27 1072.973057
% 28 1061.783924
% 29 1084.993627
% 30 1067.204322
% 31 1092.323582
% 32 1052.882359
% 33 1056.220923
% 34 1010.897471
% 35 1068.741156
% 36 1090.710700
% 37 1057.272571
% 38 1106.885577
% 39 1074.003064
% 40 1096.125722
% 41 1101.276191
% 42 1101.482793
% 43 1098.527859
% 44 1116.073790
% 45 1146.162656
% 46 1105.434410
% 47 1127.154600
% 48 1124.467013
% 49 1087.758836
% 50 1078.331504
% 51 1060.326571
% 52 1086.865608
% 53 1090.109375
% 54 1073.761647
% 55 1045.346288
% 56 1083.180110
% 57 1087.229737
% 58 1099.843702
% 59 1095.198194
% 60 1092.340352
% 61 1096.418781
% 62 1097.405499
% 63 1115.764720
% 64 1075.045944
% 65 1089.535871
% 66 1137.199616
% 67 1116.839930
% 68 1062.344265
% 69 1114.844001
% 70 1088.736106
% 71 1013.567967
% 72 997.498250
% 73 1033.566452
% 74 1012.412887
% 75 1061.215858
% 76 1033.212072
% 77 1013.597660
% 78 1036.911639
% 79 1054.512168
% 80 1053.045890
% 81 1054.263334
% 82 1038.682299
% 83 1058.450983
% 84 1059.160263
% 85 1037.823783
% 86 1038.748154
% 87 985.697520
% 88 1001.155023
% 89 1022.930577
% 90 958.091612
% 91 985.263192
% 92 935.716536
% 93 964.786866
% 94 990.542818
% 95 963.380141
% 96 983.578564
% 97 963.505529
% 98 999.040709
% 99 977.537398
% 100 994.471786
% 101 1001.725707
% 102 987.023762
% 103 1000.055625
% 104 993.636915
% 105 1003.656985
% 106 1011.670209
% 107 956.205336
% 108 916.213680
% 109 942.952493
% 110 991.614862
% 111 977.794059
% 112 978.539500
% 113 997.804082
% 114 971.838136
% 115 985.705477
% 116 966.024570
% 117 998.659959
% 118 975.811181
% 119 980.014046
% 120 1013.796535
% 121 1033.051934
% 122 1045.206452
% 123 1018.086854
% 124 973.208643
% 125 987.510107
% 126 1023.960091
% 127 1034.674476
% 128 1008.205438
% 129 1027.540397
% 130 1017.744137
% 131 1012.914452
% 132 1012.840957
% 133 1026.858311
% 134 978.527669
% 135 999.078100
% 136 986.812214
% 137 977.713414
% 138 974.211474
% 139 979.763598
% 140 1015.109434
% 141 1011.648674
% 142 1015.908117
% 143 983.995003
% 144 995.644012
% 145 1009.424419
% 146 999.643054
% 147 1023.647507
% 148 1047.969905
% 149 1054.106462
% 150 1012.077748
% 151 1035.397429
% 152 1057.301314
% 153 1013.284179
% 154 999.708564
% 155 1056.020663
% 156 1084.840069
% 157 1074.926684
% 158 1078.518653
% 159 1103.056455
% 160 1105.522048
% 161 1081.061233
% 162 1112.920199
% 163 1140.870364
% 164 1110.900151
% 165 1141.729603
% 166 1142.570759
% 167 1125.431596
% 168 1158.478798
% 169 1126.830037
% 170 1097.462757
% 171 1117.868675
% 172 1055.042255
% 173 1079.745020
% 174 1085.048297
% 175 1128.515695
% 176 1086.592496
% 177 1120.488204
% 178 1137.375057
% 179 1114.693227
% 180 1142.991171
% 181 1154.627446
% 182 1104.316010
% 183 1137.094543
% 184 1129.863445
% 185 1109.918677
% 186 1141.763445
% 187 1120.321757
% 188 1095.264228
% 189 1118.269678
% 190 1104.555186
% 191 1112.829870
% 192 1119.559695
% 193 1090.501942
% 194 1094.260452
% 195 1017.119076
% 196 1053.786531
% 197 1052.669043
% 198 1069.989960
% 199 1067.544890
% 200 1084.731207
% 201 1069.057335
% 202 1062.144397
% 203 1042.416783
> Finished 203 generations with 1015465 distance calculations. GA Runtime = 18.1373 sec
> Final distance: 916.213680
> Final Route:
Truck 0 [len = 10]: 0 --> 29 --> 33 --> 35 --> 34 --> 31 --> 30 --> 47 --> 24 --> 50
Truck 1 [len = 11]: 0 --> 25 --> 22 --> 42 --> 1 --> 9 --> 37 --> 36 --> 16 --> 41 --> 43
Truck 2 [len = 16]: 0 --> 21 --> 27 --> 2 --> 19 --> 3 --> 17 --> 12 --> 40 --> 18 --> 39 --> 44 --> 32 --> 14 --> 38 --> 20
Truck 3 [len = 8]: 0 --> 15 --> 6 --> 26 --> 48 --> 4 --> 10 --> 8
Truck 4 [len = 10]: 0 --> 11 --> 46 --> 28 --> 49 --> 13 --> 23 --> 7 --> 5 --> 45
> Generation - Distance curve saved to fig/mtsp51_baseline_30_5_1000_100_10_20211216_16_12_09/20211216_16_13_11.png.
