--> Running ID = 26
> Loading cities from instances/mtsp51.txt
	>> 51 cities in total to be loaded
> 51 cities loaded from instances/mtsp51.txt
> Initial distance: 1552.315973
> Starting running GA.
	>> cities = 51, salesmen = 5
	>> Generations = 1000, PopulationSize = 100, TournamentSize = 10
# Generation Distance
% 1 1508.796057
% 2 1507.007467
% 3 1454.349342
% 4 1372.994573
% 5 1386.881219
% 6 1361.059123
% 7 1363.688335
% 8 1293.977856
% 9 1301.116130
% 10 1275.595302
% 11 1275.037205
% 12 1260.821882
% 13 1196.955591
% 14 1230.791087
% 15 1218.443457
% 16 1169.599878
% 17 1166.210708
% 18 1121.019981
% 19 1097.963057
% 20 1131.916312
% 21 1129.563608
% 22 1110.662801
% 23 1083.352564
% 24 1064.874887
% 25 1060.855492
% 26 1095.364767
% 27 1124.978127
% 28 1100.586504
% 29 1081.092353
% 30 1084.726529
% 31 1069.381866
% 32 1069.164394
% 33 1022.324363
% 34 1040.414534
% 35 1024.851076
% 36 1036.236618
% 37 1055.624047
% 38 1021.750489
% 39 1048.979142
% 40 1047.914827
% 41 1047.456059
% 42 1044.670909
% 43 1057.004466
% 44 1059.882805
% 45 1064.081165
% 46 1043.893273
% 47 1025.899027
% 48 1031.243612
% 49 1057.265980
% 50 1016.126409
% 51 1014.736522
% 52 1029.047172
% 53 996.300591
% 54 1022.600527
% 55 1030.388978
% 56 1027.726393
% 57 1068.888567
% 58 1078.285856
% 59 1062.898132
% 60 1080.190431
% 61 1018.166283
% 62 1021.802338
% 63 1002.788718
% 64 1026.701493
% 65 1009.515777
% 66 1014.749227
% 67 1017.225055
% 68 1031.953238
% 69 1033.445022
% 70 1043.244581
% 71 991.240300
% 72 976.303781
% 73 1000.130363
% 74 995.502615
% 75 990.743698
% 76 945.695232
% 77 932.266037
% 78 949.116654
% 79 938.626132
% 80 943.135644
% 81 950.929992
% 82 952.283727
% 83 991.585932
% 84 1006.003900
% 85 980.231840
% 86 965.134810
% 87 955.563432
% 88 961.859378
% 89 955.197975
% 90 979.384991
% 91 989.752574
% 92 982.306101
% 93 984.854488
% 94 1034.487289
% 95 1043.793983
% 96 1004.306561
% 97 1038.959415
% 98 1030.171376
% 99 1008.519896
% 100 1023.777848
% 101 1035.558544
% 102 1040.749343
% 103 1041.068186
% 104 1052.579928
% 105 993.832961
% 106 980.394831
% 107 1007.138291
% 108 987.866263
% 109 989.881460
% 110 995.365349
% 111 991.338547
% 112 1014.363017
% 113 1017.278212
% 114 1024.318352
% 115 1059.597116
% 116 1063.020738
% 117 1031.518237
% 118 1043.495498
% 119 1051.028833
% 120 1041.279491
% 121 1049.665558
% 122 1030.876295
% 123 1000.822512
% 124 999.426520
% 125 1010.243128
% 126 998.771047
% 127 1018.140502
% 128 1018.418747
% 129 1032.550815
% 130 1022.860966
% 131 1035.536297
% 132 990.609210
% 133 992.765376
% 134 982.055394
% 135 991.412656
% 136 1002.687446
% 137 1019.502812
% 138 1040.332353
% 139 1029.828206
% 140 994.051064
% 141 1024.924922
% 142 998.314087
% 143 1013.471264
% 144 1038.973543
% 145 1006.424391
% 146 991.475616
% 147 1035.152570
% 148 998.967220
% 149 1050.977043
% 150 1021.672242
% 151 1032.219608
% 152 1044.331426
% 153 1074.199078
% 154 1071.236346
% 155 1065.691477
% 156 1050.758434
% 157 1089.903485
% 158 1054.886657
% 159 1049.005202
% 160 1017.487714
% 161 1003.226938
% 162 1001.295899
% 163 1009.885564
% 164 1026.999539
% 165 1044.279334
% 166 1038.812224
% 167 987.708058
% 168 1021.258453
% 169 1012.410188
% 170 1008.705637
% 171 1036.575978
% 172 1053.982095
% 173 1067.846205
% 174 1086.112126
% 175 1048.504155
% 176 1071.802422
% 177 972.564777
% 178 1022.687563
% 179 1037.399394
% 180 1048.068861
% 181 1078.337261
% 182 1057.147008
% 183 1057.231533
% 184 1079.680183
% 185 1071.888839
% 186 1059.002254
% 187 1038.134367
% 188 1016.562607
% 189 1057.413755
% 190 1060.695318
% 191 1094.383153
% 192 1096.954026
% 193 1069.194978
% 194 1099.801593
% 195 1034.895871
% 196 1062.557200
% 197 1061.830943
% 198 1019.238005
% 199 1016.973257
% 200 1004.884478
% 201 965.340324
% 202 1007.909476
% 203 1054.659277
> Finished 203 generations with 1016345 distance calculations. GA Runtime = 17.6461 sec
> Final distance: 932.266037
> Final Route:
Truck 0 [len = 13]: 0 --> 30 --> 27 --> 22 --> 42 --> 24 --> 11 --> 33 --> 19 --> 35 --> 34 --> 2 --> 25
Truck 1 [len = 11]: 0 --> 6 --> 23 --> 13 --> 12 --> 18 --> 17 --> 45 --> 50 --> 5 --> 47
Truck 2 [len = 12]: 0 --> 31 --> 46 --> 48 --> 8 --> 37 --> 20 --> 29 --> 10 --> 32 --> 44 --> 26
Truck 3 [len = 6]: 0 --> 4 --> 28 --> 1 --> 49 --> 15
Truck 4 [len = 13]: 0 --> 3 --> 40 --> 39 --> 36 --> 41 --> 14 --> 16 --> 43 --> 38 --> 9 --> 21 --> 7
> Generation - Distance curve saved to fig/mtsp51_baseline_30_5_1000_100_10_20211216_16_12_09/20211216_16_20_39.png.
