--> Running ID = 19
> Loading cities from instances/mtsp51.txt
	>> 51 cities in total to be loaded
> 51 cities loaded from instances/mtsp51.txt
> Initial distance: 1520.380131
> Starting running GA.
	>> cities = 51, salesmen = 5
	>> Generations = 1000, PopulationSize = 100, TournamentSize = 10
# Generation Distance
% 1 1491.278007
% 2 1437.084645
% 3 1415.375716
% 4 1370.955361
% 5 1353.802677
% 6 1298.902008
% 7 1244.879615
% 8 1196.371118
% 9 1180.376278
% 10 1175.639358
% 11 1165.849070
% 12 1183.584845
% 13 1178.948486
% 14 1155.448288
% 15 1138.934936
% 16 1122.397700
% 17 1125.059436
% 18 1168.365290
% 19 1169.085938
% 20 1148.471925
% 21 1101.320707
% 22 1072.719786
% 23 1059.920011
% 24 1090.199505
% 25 1095.976379
% 26 1100.888847
% 27 1067.010024
% 28 1100.521003
% 29 1044.986901
% 30 1053.115921
% 31 1055.721646
% 32 1040.242942
% 33 1061.828693
% 34 1064.400650
% 35 1070.670268
% 36 1072.504109
% 37 1053.602545
% 38 1022.672725
% 39 1040.131207
% 40 1021.194554
% 41 1038.386818
% 42 1043.173455
% 43 1051.418324
% 44 1078.804425
% 45 1040.254943
% 46 1084.936388
% 47 1055.555284
% 48 1078.542761
% 49 1060.721430
% 50 1064.011528
% 51 1068.277252
% 52 1060.550943
% 53 1056.438706
% 54 1053.215682
% 55 1049.815860
% 56 1017.207016
% 57 1052.409242
% 58 999.892055
% 59 1049.662267
% 60 1003.254572
% 61 1002.681357
% 62 1022.711514
% 63 1011.125845
% 64 1014.845832
% 65 1058.620850
% 66 1057.287924
% 67 1084.076720
% 68 1078.979824
% 69 1090.164918
% 70 1102.065376
% 71 1102.238101
% 72 1081.872213
% 73 1115.693311
% 74 1074.802879
% 75 1065.448151
% 76 1101.516696
% 77 1027.523117
% 78 1051.300557
% 79 1036.483751
% 80 1048.666841
% 81 1012.147626
% 82 995.396330
% 83 1055.895910
% 84 1044.054993
% 85 995.750441
% 86 984.147332
% 87 981.653811
% 88 973.824126
% 89 960.115011
% 90 974.290642
% 91 968.153999
% 92 1002.168790
% 93 1043.392420
% 94 1054.006847
% 95 1035.418866
% 96 1049.352152
% 97 1062.684346
% 98 1035.084006
% 99 989.892665
% 100 1018.583092
% 101 959.252439
% 102 969.686172
% 103 1000.798682
% 104 1001.995939
% 105 1017.218190
% 106 1016.174973
% 107 1036.243649
% 108 951.605097
% 109 961.017531
% 110 982.358556
% 111 1001.321681
% 112 1037.639660
% 113 998.744469
% 114 987.407903
% 115 1018.853384
% 116 998.017785
% 117 1029.591954
% 118 1039.403469
% 119 1044.714135
% 120 1058.118893
% 121 1071.561969
% 122 1115.467826
% 123 1023.048037
% 124 1022.462647
% 125 1041.876537
% 126 1048.708526
% 127 1035.302778
% 128 1025.674565
% 129 995.592217
% 130 994.799766
% 131 1000.824650
% 132 1000.215459
% 133 999.483151
% 134 1004.818156
% 135 985.441603
% 136 987.005921
% 137 1001.925377
% 138 977.831588
% 139 976.688047
% 140 976.747810
% 141 964.723525
% 142 969.741229
% 143 990.208475
% 144 973.096854
% 145 998.357993
% 146 1012.516235
% 147 1031.532477
% 148 1055.691265
% 149 1068.691018
% 150 1053.644171
% 151 1070.298718
% 152 1074.565393
% 153 1035.213677
% 154 1038.782123
% 155 1097.902080
% 156 1048.839141
% 157 1063.936451
% 158 967.282649
% 159 1013.609531
% 160 1019.351974
% 161 965.201693
% 162 995.119861
% 163 993.933616
% 164 1011.508839
% 165 977.935798
% 166 914.875664
% 167 939.824364
% 168 926.870904
% 169 944.999058
% 170 960.508858
% 171 958.965306
% 172 948.856857
% 173 931.078520
% 174 924.891224
% 175 972.600543
% 176 926.507086
% 177 961.412391
% 178 973.851553
% 179 939.852476
% 180 946.413259
% 181 985.447132
% 182 975.333744
% 183 1005.204358
% 184 1032.216957
% 185 987.195657
% 186 971.861012
% 187 977.304947
% 188 985.304869
% 189 1031.211631
% 190 1008.099237
% 191 975.155249
% 192 1033.704096
% 193 1038.749794
% 194 1055.022415
% 195 1055.580854
% 196 1048.444634
% 197 1046.736887
% 198 1033.281413
% 199 1063.552028
% 200 1051.573550
% 201 1074.526595
% 202 1051.137288
% 203 1048.743499
> Finished 203 generations with 1016895 distance calculations. GA Runtime = 16.9218 sec
> Final distance: 914.875664
> Final Route:
Truck 0 [len = 9]: 0 --> 7 --> 30 --> 47 --> 23 --> 22 --> 27 --> 35 --> 2
Truck 1 [len = 14]: 0 --> 37 --> 20 --> 9 --> 48 --> 17 --> 49 --> 28 --> 42 --> 6 --> 25 --> 46 --> 40 --> 26
Truck 2 [len = 7]: 0 --> 45 --> 31 --> 50 --> 13 --> 24 --> 10
Truck 3 [len = 8]: 0 --> 5 --> 12 --> 39 --> 18 --> 3 --> 41 --> 43
Truck 4 [len = 17]: 0 --> 19 --> 34 --> 15 --> 8 --> 1 --> 21 --> 4 --> 29 --> 33 --> 38 --> 14 --> 44 --> 32 --> 36 --> 16 --> 11
> Generation - Distance curve saved to fig/mtsp51_baseline_30_5_1000_100_10_20211216_16_12_09/20211216_16_18_17.png.
