--> Running ID = 17
> Loading cities from instances/mtsp51.txt
	>> 51 cities in total to be loaded
> 51 cities loaded from instances/mtsp51.txt
> Initial distance: 1465.840581
> Starting running GA.
	>> cities = 51, salesmen = 5
	>> Generations = 1000, PopulationSize = 100, TournamentSize = 10
# Generation Distance
% 1 1470.656260
% 2 1415.586139
% 3 1392.408343
% 4 1359.653671
% 5 1307.410291
% 6 1280.576400
% 7 1300.688776
% 8 1229.896559
% 9 1190.994583
% 10 1172.852760
% 11 1153.519758
% 12 1143.480340
% 13 1127.992956
% 14 1162.227781
% 15 1147.830674
% 16 1092.119706
% 17 1103.108299
% 18 1131.540570
% 19 1101.516607
% 20 1079.175802
% 21 1084.273867
% 22 1107.998558
% 23 1130.427995
% 24 1182.801611
% 25 1062.068934
% 26 1080.335247
% 27 1073.881929
% 28 1101.742622
% 29 1068.319142
% 30 1098.717720
% 31 1079.956945
% 32 1076.624679
% 33 1080.819938
% 34 1078.942996
% 35 1087.960772
% 36 1024.062421
% 37 1049.192615
% 38 1068.618321
% 39 1068.886419
% 40 1046.250922
% 41 1056.560072
% 42 1062.191422
% 43 1031.668975
% 44 1075.691407
% 45 1014.083402
% 46 1023.278414
% 47 1011.385885
% 48 1061.629582
% 49 1088.404744
% 50 1113.675081
% 51 1046.699164
% 52 1070.274646
% 53 1092.052189
% 54 1062.813045
% 55 1073.833839
% 56 1069.302169
% 57 1030.175278
% 58 1010.949591
% 59 1065.700906
% 60 1099.296003
% 61 1065.159300
% 62 1080.826543
% 63 1053.465264
% 64 1039.616322
% 65 1025.037960
% 66 1038.854375
% 67 1061.402971
% 68 1046.864734
% 69 1021.012576
% 70 1027.934301
% 71 1060.293823
% 72 1068.534125
% 73 1066.963292
% 74 1070.231604
% 75 1092.715554
% 76 1080.458835
% 77 1075.337268
% 78 1104.181293
% 79 1110.128000
% 80 1095.215188
% 81 1079.030402
% 82 1106.401347
% 83 1095.774133
% 84 1097.750851
% 85 1084.392259
% 86 1088.534798
% 87 1058.698723
% 88 1058.034180
% 89 1039.764887
% 90 1012.700073
% 91 1008.868694
% 92 1013.234760
% 93 1014.825533
% 94 971.680645
% 95 951.133978
% 96 979.739670
% 97 975.275047
% 98 1005.440423
% 99 1026.961130
% 100 988.012368
% 101 1001.967691
% 102 970.648710
% 103 958.951024
% 104 1013.637677
% 105 964.059956
% 106 981.860594
% 107 1011.526081
% 108 1004.780676
% 109 1020.919831
% 110 1014.903094
% 111 1016.479238
% 112 1014.479779
% 113 987.476696
% 114 1002.140798
% 115 1038.867223
% 116 1020.918899
% 117 1040.022326
% 118 1032.291666
% 119 984.185460
% 120 1026.590239
% 121 1027.801834
% 122 1058.097129
% 123 1063.584201
% 124 1064.939065
% 125 1069.911060
% 126 1107.681590
% 127 1075.651888
% 128 1095.943635
% 129 1059.416943
% 130 1055.324004
% 131 1070.483189
% 132 1083.228038
% 133 1043.597268
% 134 1101.973580
% 135 1065.576283
% 136 1105.623555
% 137 1068.427008
% 138 1082.934661
% 139 1070.169004
% 140 1088.122635
% 141 1033.430463
% 142 1060.082665
% 143 1045.812710
% 144 1002.721134
% 145 975.220032
% 146 1008.590679
% 147 1037.316958
% 148 1028.582815
% 149 1056.536673
% 150 1002.820116
% 151 1038.142824
% 152 1033.025919
% 153 1002.918989
% 154 1008.172883
% 155 1037.729592
% 156 1048.594170
% 157 1044.039602
% 158 1049.005835
% 159 1002.204538
% 160 1028.973924
% 161 1016.638285
% 162 1050.566112
% 163 967.785027
% 164 1007.783670
% 165 983.215295
% 166 995.236463
% 167 1030.908652
% 168 1061.500900
% 169 1045.112052
% 170 1062.551851
% 171 1028.412890
% 172 1053.017437
% 173 1061.697389
% 174 1030.161188
% 175 1014.288715
% 176 1017.643879
% 177 1041.493548
% 178 1003.533798
% 179 1054.740614
% 180 1058.186919
% 181 1046.984285
% 182 1052.662158
% 183 1073.319857
% 184 1044.949891
% 185 1038.593565
% 186 1022.727120
% 187 1002.247244
% 188 1041.897570
% 189 1046.855212
% 190 1042.203778
% 191 1060.211235
% 192 1030.306436
% 193 1049.601525
% 194 1073.792271
% 195 1036.684535
% 196 1065.403152
% 197 1108.424453
% 198 1050.731665
% 199 1052.618797
% 200 1059.041392
% 201 1068.064908
% 202 1080.567098
% 203 1062.561447
> Finished 203 generations with 1016840 distance calculations. GA Runtime = 17.4147 sec
> Final distance: 951.133978
> Final Route:
Truck 0 [len = 11]: 0 --> 2 --> 28 --> 19 --> 35 --> 1 --> 21 --> 34 --> 9 --> 14 --> 8
Truck 1 [len = 7]: 0 --> 10 --> 47 --> 25 --> 6 --> 42 --> 26
Truck 2 [len = 10]: 0 --> 4 --> 37 --> 20 --> 40 --> 39 --> 12 --> 18 --> 36 --> 45
Truck 3 [len = 19]: 0 --> 27 --> 30 --> 7 --> 33 --> 15 --> 11 --> 24 --> 50 --> 3 --> 43 --> 44 --> 46 --> 17 --> 13 --> 23 --> 22 --> 31 --> 5
Truck 4 [len = 8]: 0 --> 49 --> 29 --> 48 --> 38 --> 32 --> 41 --> 16
> Generation - Distance curve saved to fig/mtsp51_baseline_30_5_1000_100_10_20211216_16_12_09/20211216_16_17_37.png.
