--> Running ID = 18
> Loading cities from instances/mtsp51.txt
	>> 51 cities in total to be loaded
> 51 cities loaded from instances/mtsp51.txt
> Initial distance: 1475.957609
> Starting running GA.
	>> cities = 51, salesmen = 5
	>> Generations = 1000, PopulationSize = 100, TournamentSize = 10
# Generation Distance
% 1 1360.393845
% 2 1368.542499
% 3 1370.485384
% 4 1245.993124
% 5 1219.416247
% 6 1234.837948
% 7 1189.341954
% 8 1146.697585
% 9 1154.271848
% 10 1136.095488
% 11 1109.203358
% 12 1100.741798
% 13 1115.840791
% 14 1085.292359
% 15 1069.822339
% 16 1131.650407
% 17 1106.380527
% 18 1110.999862
% 19 1122.178129
% 20 1097.001966
% 21 1077.948463
% 22 1069.848648
% 23 1082.887820
% 24 1088.909602
% 25 1105.847444
% 26 1113.450880
% 27 1078.658516
% 28 1089.762210
% 29 1107.447574
% 30 1136.449437
% 31 1136.977294
% 32 1094.405714
% 33 1091.268414
% 34 1128.197215
% 35 1099.743492
% 36 1078.361638
% 37 1073.826746
% 38 1076.893838
% 39 1102.463744
% 40 1027.261436
% 41 1053.751126
% 42 1044.419333
% 43 1070.409327
% 44 1108.304414
% 45 1086.648246
% 46 1079.512880
% 47 1090.134665
% 48 1080.727586
% 49 1068.183091
% 50 1065.937355
% 51 1088.496301
% 52 1066.130780
% 53 1018.131511
% 54 1008.147072
% 55 994.005006
% 56 1020.155855
% 57 992.619503
% 58 1016.140243
% 59 1007.979671
% 60 999.808638
% 61 990.797758
% 62 1026.848732
% 63 1001.137742
% 64 1025.528487
% 65 1032.475055
% 66 996.361426
% 67 1003.037235
% 68 1070.154747
% 69 1055.396380
% 70 1011.373400
% 71 994.315389
% 72 1000.204518
% 73 1009.523523
% 74 1003.678176
% 75 984.219907
% 76 1003.248775
% 77 957.590625
% 78 931.525185
% 79 939.147262
% 80 942.066579
% 81 962.523118
% 82 972.485781
% 83 983.461946
% 84 926.705723
% 85 879.216739
% 86 904.326891
% 87 895.712841
% 88 921.613759
% 89 960.671925
% 90 953.944632
% 91 962.049595
% 92 968.569454
% 93 996.390282
% 94 964.371594
% 95 988.216581
% 96 974.163119
% 97 1010.888123
% 98 1043.282225
% 99 1043.724384
% 100 1006.651077
% 101 1002.339994
% 102 994.856116
% 103 995.927610
% 104 1011.477200
% 105 956.063931
% 106 949.154313
% 107 975.105355
% 108 946.603609
% 109 1007.726287
% 110 981.024106
% 111 997.070083
% 112 997.786798
% 113 1016.984012
% 114 1025.347144
% 115 1017.261725
% 116 1040.968276
% 117 1029.282906
% 118 1006.557517
% 119 964.389358
% 120 950.066075
% 121 987.980340
% 122 1001.918134
% 123 973.021600
% 124 985.874111
% 125 992.491788
% 126 905.473440
% 127 904.891720
% 128 957.740789
% 129 943.043513
% 130 938.883801
% 131 958.067980
% 132 975.943974
% 133 979.096847
% 134 1028.210289
% 135 1033.083976
% 136 1026.792467
% 137 1014.821512
% 138 1020.707279
% 139 1025.326313
% 140 1011.931373
% 141 1006.322000
% 142 1051.630916
% 143 1053.791010
% 144 1060.010291
% 145 998.054416
% 146 1029.668743
% 147 1015.997631
% 148 1044.860626
% 149 1057.223242
% 150 1070.820259
% 151 1086.012211
% 152 1100.805154
% 153 1097.148596
% 154 1060.484351
% 155 1051.418192
% 156 1025.716285
% 157 1023.467095
% 158 1042.913880
% 159 1039.759309
% 160 1023.380342
% 161 1011.931020
% 162 1013.906860
% 163 968.798334
% 164 996.432226
% 165 1032.072204
% 166 1027.477932
% 167 1052.841553
% 168 1022.373938
% 169 1090.179576
% 170 1107.582017
% 171 1082.334339
% 172 1084.984077
% 173 1067.573482
% 174 1064.082757
% 175 1083.648184
% 176 1094.157616
% 177 1074.175621
% 178 1080.868413
% 179 1068.957407
% 180 1069.824405
% 181 1072.598771
% 182 1085.923477
% 183 1095.111966
% 184 1053.583215
% 185 1056.297690
% 186 1035.821642
% 187 1056.318956
% 188 1043.877020
% 189 1011.308775
% 190 1013.491262
% 191 1028.470475
% 192 1070.590457
% 193 1028.181519
% 194 1030.082857
% 195 1027.388526
% 196 1012.517750
% 197 1034.027382
% 198 1038.837025
% 199 1054.611377
% 200 1072.252008
% 201 1030.297353
% 202 1076.786462
% 203 1042.650103
> Finished 203 generations with 1015905 distance calculations. GA Runtime = 17.2162 sec
> Final distance: 879.216739
> Final Route:
Truck 0 [len = 15]: 0 --> 2 --> 35 --> 34 --> 19 --> 27 --> 21 --> 37 --> 38 --> 9 --> 48 --> 44 --> 46 --> 42 --> 22
Truck 1 [len = 14]: 0 --> 26 --> 11 --> 32 --> 43 --> 39 --> 41 --> 36 --> 3 --> 12 --> 17 --> 13 --> 5 --> 23
Truck 2 [len = 7]: 0 --> 15 --> 31 --> 50 --> 18 --> 40 --> 24
Truck 3 [len = 11]: 0 --> 10 --> 8 --> 1 --> 28 --> 20 --> 49 --> 29 --> 33 --> 4 --> 45
Truck 4 [len = 8]: 0 --> 14 --> 16 --> 47 --> 30 --> 25 --> 6 --> 7
> Generation - Distance curve saved to fig/mtsp51_baseline_30_5_1000_100_10_20211216_16_12_09/20211216_16_17_57.png.
