--> Running ID = 7
> Loading cities from instances/mtsp51.txt
	>> 51 cities in total to be loaded
> 51 cities loaded from instances/mtsp51.txt
> Initial distance: 1517.712175
> Starting running GA.
	>> cities = 51, salesmen = 5
	>> Generations = 1000, PopulationSize = 100, TournamentSize = 10
# Generation Distance
% 1 1480.880348
% 2 1441.795934
% 3 1417.889897
% 4 1366.117304
% 5 1346.998458
% 6 1318.359550
% 7 1280.177043
% 8 1233.854495
% 9 1203.105046
% 10 1191.783959
% 11 1211.732668
% 12 1172.472539
% 13 1145.563637
% 14 1153.995503
% 15 1119.332695
% 16 1147.658626
% 17 1156.253520
% 18 1113.446653
% 19 1128.637203
% 20 1122.438741
% 21 1102.446346
% 22 1068.290586
% 23 1049.431839
% 24 1067.071834
% 25 1067.701692
% 26 1079.508355
% 27 1058.944656
% 28 1078.236436
% 29 1067.712476
% 30 1048.663335
% 31 1004.155429
% 32 1019.745224
% 33 982.226604
% 34 938.739335
% 35 976.692435
% 36 950.859072
% 37 945.997469
% 38 913.963646
% 39 942.160803
% 40 917.423857
% 41 938.996757
% 42 937.512014
% 43 953.499781
% 44 994.222963
% 45 1011.919363
% 46 1032.313581
% 47 998.739359
% 48 1010.800195
% 49 1013.306071
% 50 1029.729651
% 51 1062.272340
% 52 1003.105345
% 53 997.203839
% 54 976.232900
% 55 1026.525976
% 56 1033.305281
% 57 1082.296167
% 58 1040.590916
% 59 1053.433035
% 60 1056.060035
% 61 1058.144216
% 62 1081.123869
% 63 1067.225356
% 64 1063.829619
% 65 1062.582700
% 66 1060.985199
% 67 1059.720780
% 68 1077.549795
% 69 1085.591957
% 70 1088.693174
% 71 1087.134004
% 72 1067.474205
% 73 1070.154310
% 74 1035.535675
% 75 978.381062
% 76 1016.763181
% 77 988.570706
% 78 979.285124
% 79 992.878208
% 80 1028.478980
% 81 1001.326430
% 82 1039.093664
% 83 1012.838810
% 84 1061.542424
% 85 1054.499944
% 86 1024.502868
% 87 1048.963923
% 88 1027.417874
% 89 1070.086667
% 90 1063.218539
% 91 1071.291468
% 92 1044.033516
% 93 1058.869024
% 94 1065.968035
% 95 1061.012732
% 96 1052.306603
% 97 1044.529013
% 98 1054.025733
% 99 1082.848391
% 100 1068.621564
% 101 1044.718405
% 102 1061.670429
% 103 1020.570143
% 104 1074.013328
% 105 1100.824910
% 106 1081.105740
% 107 1043.616337
% 108 1033.625644
% 109 1001.655148
% 110 1011.648282
% 111 988.456025
% 112 1014.366767
% 113 1029.675780
% 114 1075.424024
% 115 1054.170489
% 116 1077.659974
% 117 1065.311855
% 118 1049.329138
% 119 1005.468514
% 120 1027.575599
% 121 1028.499899
% 122 1035.358487
% 123 1034.942341
% 124 1038.745612
% 125 1022.406543
% 126 1040.081084
% 127 1008.890610
% 128 953.680611
% 129 952.786371
% 130 946.093863
% 131 966.096882
% 132 967.168954
% 133 945.330069
% 134 971.689630
% 135 942.817775
% 136 971.642698
% 137 971.279641
% 138 1030.276040
% 139 1055.643769
% 140 1067.364561
% 141 1024.950093
% 142 1019.905858
% 143 1048.832881
% 144 1046.872850
% 145 1052.865037
% 146 1098.363050
% 147 1072.695676
% 148 1082.630288
% 149 1091.860084
% 150 1085.345428
% 151 1121.492645
% 152 1059.210220
% 153 1067.565541
% 154 1084.382558
% 155 1060.479774
% 156 1120.476400
% 157 1084.221725
% 158 1082.846477
% 159 1061.663615
% 160 1084.859481
% 161 1034.204086
% 162 1016.761444
% 163 1058.369764
% 164 1031.407741
% 165 1017.771359
% 166 1040.019619
% 167 1052.635969
% 168 1059.740608
% 169 1064.373929
% 170 994.314875
% 171 1006.865320
% 172 1022.659926
% 173 1026.183524
% 174 1040.465987
% 175 1064.840772
% 176 1040.178355
% 177 1046.397759
% 178 1065.750552
% 179 1054.519557
% 180 993.459107
% 181 1005.570256
% 182 991.681786
% 183 1019.684465
% 184 976.652582
% 185 987.851656
% 186 989.870596
% 187 1032.105886
% 188 1062.194654
% 189 1045.977551
% 190 1000.222682
% 191 1024.104177
% 192 1037.895031
% 193 1009.732947
% 194 1039.916593
% 195 995.699426
% 196 993.367950
% 197 979.116588
% 198 1001.924329
% 199 1030.615326
% 200 1018.545943
% 201 1072.081446
% 202 1107.661437
% 203 1067.078746
> Finished 203 generations with 1016455 distance calculations. GA Runtime = 17.7031 sec
> Final distance: 913.963646
> Final Route:
Truck 0 [len = 10]: 0 --> 3 --> 12 --> 39 --> 40 --> 32 --> 43 --> 44 --> 1 --> 10
Truck 1 [len = 17]: 0 --> 19 --> 20 --> 8 --> 33 --> 49 --> 9 --> 29 --> 50 --> 47 --> 22 --> 25 --> 27 --> 35 --> 34 --> 28 --> 15
Truck 2 [len = 9]: 0 --> 37 --> 48 --> 38 --> 18 --> 14 --> 46 --> 17 --> 16
Truck 3 [len = 7]: 0 --> 45 --> 31 --> 41 --> 36 --> 26 --> 5
Truck 4 [len = 12]: 0 --> 11 --> 4 --> 24 --> 42 --> 6 --> 23 --> 13 --> 30 --> 7 --> 2 --> 21
> Generation - Distance curve saved to fig/mtsp51_baseline_30_5_1000_100_10_20211216_16_12_09/20211216_16_14_14.png.
