--> Running ID = 2
> Loading cities from instances/mtsp51.txt
	>> 51 cities in total to be loaded
> 51 cities loaded from instances/mtsp51.txt
> Initial distance: 1501.037391
> Starting running GA.
	>> cities = 51, salesmen = 5
	>> Generations = 1000, PopulationSize = 100, TournamentSize = 10
# Generation Distance
% 1 1403.618450
% 2 1320.296813
% 3 1326.191138
% 4 1324.011621
% 5 1322.572631
% 6 1318.254147
% 7 1286.996328
% 8 1216.743629
% 9 1185.112202
% 10 1164.842641
% 11 1179.897912
% 12 1117.069100
% 13 1124.623906
% 14 1122.311746
% 15 1141.480087
% 16 1111.777499
% 17 1113.599651
% 18 1104.554526
% 19 1078.965460
% 20 1108.904069
% 21 1067.050182
% 22 1087.235424
% 23 1070.597480
% 24 1125.404769
% 25 1116.243789
% 26 1100.651095
% 27 1098.100089
% 28 1125.955478
% 29 1038.884856
% 30 1060.770348
% 31 1023.274696
% 32 1039.913694
% 33 1026.313466
% 34 1029.734653
% 35 1039.157898
% 36 1031.288146
% 37 1054.119126
% 38 1070.042574
% 39 1081.474401
% 40 1068.735601
% 41 1064.855042
% 42 1082.083284
% 43 1099.468397
% 44 1135.535548
% 45 1127.347965
% 46 1074.163057
% 47 1116.177608
% 48 1085.419665
% 49 1130.913890
% 50 1091.257960
% 51 1107.362080
% 52 1077.425528
% 53 1086.205364
% 54 1054.729423
% 55 1077.209243
% 56 1043.492026
% 57 1042.873245
% 58 1036.974528
% 59 1002.416849
% 60 1006.419458
% 61 1008.964406
% 62 958.601496
% 63 958.259779
% 64 967.758694
% 65 1005.005711
% 66 1042.640541
% 67 1021.710161
% 68 1044.275714
% 69 986.511418
% 70 995.193848
% 71 1014.347404
% 72 1038.448778
% 73 977.239173
% 74 1013.621238
% 75 987.631370
% 76 1025.343652
% 77 995.473928
% 78 1035.686253
% 79 943.385133
% 80 959.501812
% 81 988.468409
% 82 973.364204
% 83 997.599068
% 84 1023.034919
% 85 1047.229918
% 86 1067.041080
% 87 1061.200580
% 88 989.697091
% 89 980.688366
% 90 1041.284973
% 91 1033.881689
% 92 987.928674
% 93 969.572627
% 94 931.553625
% 95 1058.615169
% 96 1070.682269
% 97 1022.458794
% 98 1020.515655
% 99 1038.815382
% 100 1059.452523
% 101 1038.818770
% 102 1036.062891
% 103 1060.663614
% 104 1078.299973
% 105 1041.040337
% 106 1087.991970
% 107 1090.228475
% 108 1075.131667
% 109 1042.182503
% 110 1004.456731
% 111 979.655398
% 112 1032.616159
% 113 1047.026208
% 114 1061.121219
% 115 1074.626158
% 116 1075.141902
% 117 1065.179359
% 118 1076.199061
% 119 1090.812609
% 120 1023.753187
% 121 990.198991
% 122 947.284037
% 123 983.229766
% 124 978.595599
% 125 984.677154
% 126 1024.027080
% 127 1051.707833
% 128 1077.022267
% 129 1069.044958
% 130 997.693707
% 131 1026.050102
% 132 1041.312506
% 133 1063.897332
% 134 1024.373687
% 135 1033.437350
% 136 1051.064852
% 137 1099.516785
% 138 1089.083124
% 139 1062.024579
% 140 996.978475
% 141 1026.707760
% 142 1036.897042
% 143 1053.270687
% 144 987.438054
% 145 987.362299
% 146 1032.248748
% 147 1002.914818
% 148 987.121300
% 149 1014.221155
% 150 1036.827055
% 151 1047.049270
% 152 1002.885136
% 153 1042.910152
% 154 1025.084697
% 155 1060.915509
% 156 1056.713337
% 157 1054.292878
% 158 1068.048778
% 159 1035.665754
% 160 1000.075530
% 161 1070.628535
% 162 999.265358
% 163 1012.286321
% 164 1046.745465
% 165 1024.461084
% 166 1017.566804
% 167 1041.730515
% 168 1061.788192
% 169 1062.390737
% 170 1082.275237
% 171 1085.909866
% 172 1082.265401
% 173 1096.077510
% 174 1044.411916
% 175 1050.424998
% 176 1052.952201
% 177 1006.105357
% 178 1036.188444
% 179 1083.117626
% 180 1023.922370
% 181 1039.463356
% 182 1065.124500
% 183 1064.792395
% 184 1037.105391
% 185 1066.105752
% 186 1060.336567
% 187 1063.881135
% 188 1034.305958
% 189 1067.047588
% 190 1078.838841
% 191 1059.345830
% 192 1062.223490
% 193 1044.073350
% 194 1014.161825
% 195 1031.444460
% 196 1050.730383
% 197 1042.238009
% 198 1021.964864
% 199 1024.451185
% 200 1015.259440
% 201 1034.526164
% 202 1024.373381
% 203 1012.853652
> Finished 203 generations with 1015850 distance calculations. GA Runtime = 17.1401 sec
> Final distance: 931.553625
> Final Route:
Truck 0 [len = 14]: 0 --> 35 --> 19 --> 27 --> 30 --> 34 --> 2 --> 28 --> 37 --> 49 --> 29 --> 38 --> 17 --> 24
Truck 1 [len = 9]: 0 --> 26 --> 1 --> 20 --> 33 --> 32 --> 14 --> 43 --> 11
Truck 2 [len = 8]: 0 --> 47 --> 45 --> 4 --> 31 --> 21 --> 3 --> 46
Truck 3 [len = 10]: 0 --> 7 --> 44 --> 18 --> 5 --> 16 --> 9 --> 48 --> 8 --> 15
Truck 4 [len = 14]: 0 --> 36 --> 41 --> 25 --> 6 --> 10 --> 50 --> 12 --> 40 --> 39 --> 13 --> 23 --> 42 --> 22
> Generation - Distance curve saved to fig/mtsp51_baseline_30_5_1000_100_10_20211216_16_12_09/20211216_16_12_31.png.
