--> Running ID = 11
> Loading cities from instances/mtsp51.txt
	>> 51 cities in total to be loaded
> 51 cities loaded from instances/mtsp51.txt
> Initial distance: 1508.654386
> Starting running GA.
	>> cities = 51, salesmen = 5
	>> Generations = 1000, PopulationSize = 100, TournamentSize = 10
# Generation Distance
% 1 1462.494556
% 2 1405.151685
% 3 1344.559731
% 4 1348.714481
% 5 1331.954499
% 6 1290.963156
% 7 1244.369050
% 8 1227.123438
% 9 1166.097676
% 10 1100.503773
% 11 1105.122949
% 12 1120.846478
% 13 1082.650914
% 14 1058.418602
% 15 1065.472199
% 16 1061.444616
% 17 1092.430807
% 18 1070.889328
% 19 1080.760305
% 20 1112.013791
% 21 1119.329394
% 22 1080.377700
% 23 1114.716590
% 24 1117.971208
% 25 1065.999136
% 26 1017.644419
% 27 1012.559730
% 28 1010.118792
% 29 976.490609
% 30 984.855510
% 31 950.289275
% 32 959.124689
% 33 959.429984
% 34 928.888290
% 35 984.705315
% 36 939.297796
% 37 952.515405
% 38 972.470117
% 39 955.022550
% 40 1005.518254
% 41 982.229297
% 42 992.992870
% 43 1019.761152
% 44 1052.124632
% 45 1017.244232
% 46 1017.022345
% 47 1026.392435
% 48 1011.100689
% 49 1017.300733
% 50 1017.856919
% 51 979.305957
% 52 968.510165
% 53 1007.296124
% 54 1063.841952
% 55 1052.334399
% 56 1017.078796
% 57 1000.559250
% 58 1013.965338
% 59 1051.460517
% 60 1045.844374
% 61 1057.920368
% 62 1077.578664
% 63 1065.079906
% 64 1057.191485
% 65 1042.453232
% 66 1069.336758
% 67 1063.222364
% 68 1052.751023
% 69 1041.539278
% 70 1020.911033
% 71 1029.772828
% 72 999.865774
% 73 1020.445121
% 74 1067.190997
% 75 1063.361758
% 76 1015.619192
% 77 1053.266385
% 78 973.193626
% 79 987.630348
% 80 1015.315459
% 81 1026.672035
% 82 1055.525081
% 83 1021.654801
% 84 1009.898464
% 85 1008.102148
% 86 993.485507
% 87 951.048977
% 88 917.352276
% 89 936.312861
% 90 977.558420
% 91 974.164411
% 92 999.702855
% 93 999.714447
% 94 943.611067
% 95 947.473939
% 96 959.940646
% 97 974.730483
% 98 1013.084387
% 99 1018.976960
% 100 1046.683535
% 101 1036.745177
% 102 1072.315244
% 103 1069.343456
% 104 1101.575228
% 105 1090.777630
% 106 1063.265792
% 107 1028.841438
% 108 1016.964853
% 109 1015.504687
% 110 1002.841667
% 111 1029.264324
% 112 1043.333397
% 113 1035.922926
% 114 1010.757492
% 115 995.153542
% 116 1020.916279
% 117 1067.510305
% 118 1059.131632
% 119 1116.317072
% 120 1107.729349
% 121 1095.191307
% 122 1097.257774
% 123 1094.257981
% 124 1092.876175
% 125 1118.423146
% 126 1173.834552
% 127 1150.992374
% 128 1127.749975
% 129 1090.991429
% 130 1087.173203
% 131 1083.362571
% 132 1055.056727
% 133 1071.552064
% 134 1075.153626
% 135 1088.885705
% 136 1075.256293
% 137 1037.988643
% 138 1009.772077
% 139 967.793680
% 140 1007.028175
% 141 1016.195394
% 142 1041.807645
% 143 1042.839109
% 144 1056.203202
% 145 1071.032060
% 146 1097.213791
% 147 1108.713769
% 148 1101.548342
% 149 1105.838840
% 150 1103.531376
% 151 1100.195564
% 152 1123.274412
% 153 1147.247068
% 154 1121.988100
% 155 1097.085379
% 156 1086.743196
% 157 1088.250999
% 158 1066.898788
% 159 1077.702429
% 160 1050.537094
% 161 1061.228615
% 162 1089.726412
% 163 1098.346846
% 164 1112.490592
% 165 1059.216571
% 166 1068.972316
% 167 1099.030599
% 168 1110.068928
% 169 1077.461643
% 170 1093.113417
% 171 1087.775554
% 172 1096.623995
% 173 1069.653337
% 174 1069.976279
% 175 1074.504860
% 176 1099.325024
% 177 1088.070502
% 178 1112.969913
% 179 1078.345797
% 180 1044.530373
% 181 1044.211361
% 182 1055.729320
% 183 1049.894256
% 184 1060.820296
% 185 1081.926234
% 186 1059.239546
% 187 1080.357757
% 188 1091.788793
% 189 1075.546046
% 190 1084.130208
% 191 1093.897582
% 192 1088.889566
% 193 1073.060015
% 194 1087.192191
% 195 1072.691169
% 196 1087.613638
% 197 1054.962596
% 198 1078.281086
% 199 1049.173819
% 200 1002.679300
% 201 1002.584996
% 202 1017.652348
% 203 1029.087578
> Finished 203 generations with 1016730 distance calculations. GA Runtime = 18.2713 sec
> Final distance: 917.352276
> Final Route:
Truck 0 [len = 4]: 0 --> 38 --> 23 --> 42
Truck 1 [len = 14]: 0 --> 1 --> 19 --> 35 --> 34 --> 28 --> 20 --> 30 --> 6 --> 25 --> 7 --> 27 --> 2 --> 21
Truck 2 [len = 10]: 0 --> 33 --> 15 --> 4 --> 11 --> 16 --> 41 --> 26 --> 24 --> 22
Truck 3 [len = 14]: 0 --> 31 --> 36 --> 46 --> 47 --> 13 --> 17 --> 5 --> 3 --> 9 --> 49 --> 29 --> 8 --> 48
Truck 4 [len = 13]: 0 --> 10 --> 37 --> 12 --> 40 --> 39 --> 18 --> 14 --> 44 --> 32 --> 43 --> 50 --> 45
> Generation - Distance curve saved to fig/mtsp51_baseline_30_5_1000_100_10_20211216_16_12_09/20211216_16_15_35.png.
