--> Running ID = 14
> Loading cities from instances/mtsp51.txt
	>> 51 cities in total to be loaded
> 51 cities loaded from instances/mtsp51.txt
> Initial distance: 1513.395615
> Starting running GA.
	>> cities = 51, salesmen = 5
	>> Generations = 1000, PopulationSize = 100, TournamentSize = 10
# Generation Distance
% 1 1409.503521
% 2 1382.328375
% 3 1377.482380
% 4 1330.800405
% 5 1310.730083
% 6 1269.693789
% 7 1246.529415
% 8 1229.439771
% 9 1257.583111
% 10 1237.299421
% 11 1203.322615
% 12 1173.770168
% 13 1141.859892
% 14 1146.150564
% 15 1163.644537
% 16 1152.916880
% 17 1161.228607
% 18 1167.281476
% 19 1161.171680
% 20 1159.346652
% 21 1158.861776
% 22 1127.547970
% 23 1148.343590
% 24 1151.007087
% 25 1157.324272
% 26 1176.332371
% 27 1165.025151
% 28 1102.994314
% 29 1097.588392
% 30 1096.695154
% 31 1097.315994
% 32 1090.324833
% 33 1081.458250
% 34 1070.000195
% 35 1079.076910
% 36 1097.235497
% 37 1038.954609
% 38 1045.083738
% 39 1017.444220
% 40 1046.926066
% 41 1003.399109
% 42 1054.346154
% 43 1035.688064
% 44 1046.476232
% 45 1023.781838
% 46 1050.370156
% 47 1079.050679
% 48 1078.808126
% 49 1076.957414
% 50 1033.102246
% 51 1068.391456
% 52 1060.673114
% 53 1031.565254
% 54 1039.539318
% 55 1033.073889
% 56 1024.973366
% 57 1012.822440
% 58 1016.397892
% 59 1025.007512
% 60 1027.474190
% 61 1020.520909
% 62 1006.619753
% 63 1056.129298
% 64 1075.420959
% 65 1047.652117
% 66 1038.806304
% 67 1055.087764
% 68 1071.158425
% 69 1081.818156
% 70 1125.648723
% 71 1100.968991
% 72 1129.091042
% 73 1099.492053
% 74 1072.994983
% 75 1063.057640
% 76 1096.698333
% 77 1104.125093
% 78 1111.804017
% 79 1055.587456
% 80 1056.076228
% 81 1081.386219
% 82 1048.118850
% 83 996.436327
% 84 1044.273887
% 85 1015.204676
% 86 1039.859524
% 87 1036.276999
% 88 1061.326755
% 89 1105.770004
% 90 1133.158557
% 91 1122.584117
% 92 1135.156808
% 93 1140.888098
% 94 1132.740525
% 95 1158.400787
% 96 1140.393590
% 97 1129.299147
% 98 1140.050633
% 99 1089.453179
% 100 1056.924282
% 101 1036.753613
% 102 1045.328346
% 103 1032.872823
% 104 1043.722288
% 105 1067.488323
% 106 1080.765823
% 107 1052.565401
% 108 1079.186969
% 109 1042.784944
% 110 1086.881426
% 111 1066.541069
% 112 1057.808271
% 113 1059.199342
% 114 1065.993019
% 115 1048.436014
% 116 1021.191870
% 117 1046.759554
% 118 995.613723
% 119 1038.425632
% 120 1028.978283
% 121 1063.493645
% 122 1038.424816
% 123 1082.347393
% 124 1086.308370
% 125 1024.016969
% 126 1042.708555
% 127 1026.176563
% 128 1031.499313
% 129 1036.789020
% 130 1068.334147
% 131 1060.979178
% 132 1078.392935
% 133 1088.136858
% 134 1115.980862
% 135 1094.787710
% 136 1086.612221
% 137 1077.905160
% 138 1076.493566
% 139 1099.588160
% 140 1080.745170
% 141 1112.984227
% 142 1071.919563
% 143 1022.815735
% 144 1058.717437
% 145 1074.083795
% 146 1091.614539
% 147 1076.053466
% 148 1081.717539
% 149 1080.931760
% 150 1060.826628
% 151 1081.949309
% 152 1051.559506
% 153 1078.803442
% 154 1071.775787
% 155 1045.509980
% 156 973.308501
% 157 939.088297
% 158 916.595851
% 159 962.007145
% 160 939.943779
% 161 971.654780
% 162 967.803237
% 163 1009.371178
% 164 998.277425
% 165 988.565508
% 166 982.623822
% 167 972.351222
% 168 1025.075657
% 169 983.530163
% 170 978.622922
% 171 1014.400270
% 172 981.584153
% 173 1035.972275
% 174 993.329734
% 175 996.707887
% 176 993.100478
% 177 978.877864
% 178 967.298676
% 179 975.675174
% 180 948.985993
% 181 910.267990
% 182 938.645628
% 183 969.153173
% 184 908.959496
% 185 987.220740
% 186 981.243265
% 187 952.235722
% 188 992.289823
% 189 973.524416
% 190 949.610281
% 191 961.030701
% 192 950.967486
% 193 940.788084
% 194 1010.830196
% 195 1012.289295
% 196 978.168723
% 197 990.951359
% 198 989.152453
% 199 1016.632432
% 200 1025.557763
% 201 991.868454
% 202 947.362860
% 203 986.872454
> Finished 203 generations with 1016070 distance calculations. GA Runtime = 17.8227 sec
> Final distance: 908.959496
> Final Route:
Truck 0 [len = 15]: 0 --> 15 --> 45 --> 3 --> 46 --> 40 --> 12 --> 24 --> 13 --> 17 --> 25 --> 27 --> 43 --> 11 --> 31
Truck 1 [len = 6]: 0 --> 10 --> 4 --> 36 --> 6 --> 47
Truck 2 [len = 9]: 0 --> 8 --> 32 --> 44 --> 41 --> 14 --> 18 --> 39 --> 16
Truck 3 [len = 8]: 0 --> 1 --> 20 --> 34 --> 35 --> 30 --> 22 --> 5
Truck 4 [len = 17]: 0 --> 26 --> 23 --> 42 --> 7 --> 50 --> 29 --> 48 --> 38 --> 37 --> 28 --> 33 --> 9 --> 49 --> 19 --> 2 --> 21
> Generation - Distance curve saved to fig/mtsp51_baseline_30_5_1000_100_10_20211216_16_12_09/20211216_16_16_36.png.
