--> Running ID = 28
> Loading cities from instances/mtsp51.txt
	>> 51 cities in total to be loaded
> 51 cities loaded from instances/mtsp51.txt
> Initial distance: 1472.685790
> Starting running GA.
	>> cities = 51, salesmen = 5
	>> Generations = 1000, PopulationSize = 100, TournamentSize = 10
# Generation Distance
% 1 1431.129996
% 2 1425.323277
% 3 1382.038198
% 4 1356.147566
% 5 1336.966652
% 6 1311.664113
% 7 1335.246348
% 8 1271.923993
% 9 1253.188153
% 10 1243.182279
% 11 1265.374569
% 12 1218.228328
% 13 1203.258507
% 14 1169.345852
% 15 1160.811948
% 16 1180.185193
% 17 1205.142483
% 18 1188.569743
% 19 1169.499794
% 20 1168.639122
% 21 1140.525053
% 22 1140.930574
% 23 1150.142854
% 24 1200.191006
% 25 1146.708226
% 26 1143.322222
% 27 1163.600165
% 28 1115.584691
% 29 1115.649445
% 30 1111.400438
% 31 1109.306186
% 32 1063.174608
% 33 1054.357657
% 34 1046.762891
% 35 1034.450845
% 36 1043.167252
% 37 1013.599701
% 38 1024.101969
% 39 987.511890
% 40 995.615925
% 41 1045.207941
% 42 1050.000955
% 43 1046.046982
% 44 1067.674424
% 45 1097.187329
% 46 1121.424854
% 47 1124.183795
% 48 1110.360990
% 49 1068.609895
% 50 1077.250582
% 51 1043.712636
% 52 1014.080047
% 53 1026.212945
% 54 1064.711200
% 55 1023.825810
% 56 983.496531
% 57 1022.855615
% 58 1020.762523
% 59 1031.710647
% 60 1020.089105
% 61 1055.970173
% 62 1034.643293
% 63 1007.162172
% 64 1066.732517
% 65 1065.016320
% 66 981.137789
% 67 1017.939516
% 68 990.146295
% 69 989.650137
% 70 988.708641
% 71 985.262740
% 72 964.432253
% 73 985.811601
% 74 1008.422154
% 75 1025.286679
% 76 1042.897784
% 77 1054.623428
% 78 1037.711416
% 79 991.583769
% 80 1028.832300
% 81 1048.856421
% 82 1031.300685
% 83 1044.479594
% 84 1033.691733
% 85 1074.645402
% 86 1064.236254
% 87 1056.861131
% 88 1084.502733
% 89 1086.746803
% 90 1127.758924
% 91 1069.851737
% 92 1082.421637
% 93 1061.776940
% 94 1073.465022
% 95 1076.787626
% 96 1084.645569
% 97 1055.863530
% 98 1078.471426
% 99 1056.080383
% 100 1035.284945
% 101 1079.326179
% 102 1052.509564
% 103 1027.472238
% 104 1040.237001
% 105 1017.951667
% 106 1041.464242
% 107 1035.612340
% 108 1043.618176
% 109 1000.248726
% 110 1055.341642
% 111 995.298849
% 112 971.857997
% 113 1022.812013
% 114 1023.003341
% 115 983.492279
% 116 1027.308582
% 117 1041.200176
% 118 1021.790339
% 119 1026.400207
% 120 1035.713898
% 121 980.347473
% 122 983.330818
% 123 1041.114392
% 124 1017.198154
% 125 1029.276476
% 126 1021.554658
% 127 1023.321381
% 128 998.727934
% 129 1035.720239
% 130 1057.251751
% 131 1073.475911
% 132 1022.848462
% 133 1019.482588
% 134 985.607288
% 135 993.672172
% 136 965.496226
% 137 983.682249
% 138 988.606311
% 139 1007.956661
% 140 989.112013
% 141 1017.567886
% 142 1028.220523
% 143 1012.020838
% 144 1026.852786
% 145 1004.109395
% 146 983.973684
% 147 965.803824
% 148 1006.828363
% 149 1016.094379
% 150 1015.228388
% 151 1054.285348
% 152 1034.516429
% 153 1009.301788
% 154 1013.913716
% 155 945.673513
% 156 979.910713
% 157 991.771998
% 158 980.250474
% 159 991.188096
% 160 1013.559586
% 161 1039.626024
% 162 1045.599286
% 163 1050.125468
% 164 1047.695798
% 165 1055.525758
% 166 1066.327338
% 167 1097.941704
% 168 1046.051174
% 169 1045.773050
% 170 1028.990561
% 171 1032.920981
% 172 1050.067873
% 173 1066.679869
% 174 1055.278366
% 175 1052.731351
% 176 1063.036714
% 177 1078.750711
% 178 1088.927469
% 179 1086.051655
% 180 1114.767170
% 181 1090.331687
% 182 1135.856742
% 183 1138.417686
% 184 1097.516257
% 185 1121.103361
% 186 1097.079873
% 187 1105.408355
% 188 1087.648386
% 189 1089.333701
% 190 1080.549876
% 191 1078.761407
% 192 1038.127916
% 193 1038.394248
% 194 1020.668294
% 195 995.038394
% 196 1000.295242
% 197 1030.183453
% 198 1030.402088
% 199 1009.470666
% 200 1021.696444
% 201 1007.420329
% 202 911.039590
% 203 949.396748
> Finished 203 generations with 1016015 distance calculations. GA Runtime = 17.6992 sec
> Final distance: 911.039590
> Final Route:
Truck 0 [len = 7]: 0 --> 30 --> 6 --> 22 --> 23 --> 42 --> 26
Truck 1 [len = 10]: 0 --> 25 --> 7 --> 31 --> 35 --> 34 --> 19 --> 1 --> 21 --> 47
Truck 2 [len = 14]: 0 --> 50 --> 5 --> 13 --> 11 --> 24 --> 3 --> 41 --> 18 --> 36 --> 44 --> 49 --> 15 --> 4
Truck 3 [len = 8]: 0 --> 27 --> 29 --> 8 --> 33 --> 20 --> 28 --> 2
Truck 4 [len = 16]: 0 --> 17 --> 46 --> 45 --> 37 --> 10 --> 43 --> 40 --> 39 --> 16 --> 12 --> 48 --> 32 --> 38 --> 9 --> 14
> Generation - Distance curve saved to fig/mtsp51_baseline_30_5_1000_100_10_20211216_16_12_09/20211216_16_21_20.png.
