--> Running ID = 21
> Loading cities from instances/mtsp51.txt
	>> 51 cities in total to be loaded
> 51 cities loaded from instances/mtsp51.txt
> Initial distance: 1503.295689
> Starting running GA.
	>> cities = 51, salesmen = 5
	>> Generations = 1000, PopulationSize = 100, TournamentSize = 10
# Generation Distance
% 1 1439.810805
% 2 1422.015447
% 3 1370.485687
% 4 1299.820602
% 5 1264.875777
% 6 1270.633003
% 7 1238.186224
% 8 1245.568586
% 9 1236.486072
% 10 1209.748053
% 11 1167.001357
% 12 1103.733516
% 13 1077.477774
% 14 1049.321667
% 15 1088.174352
% 16 1106.374189
% 17 1109.737940
% 18 1079.974112
% 19 1118.452786
% 20 1137.900030
% 21 1131.621690
% 22 1104.371010
% 23 1099.550677
% 24 1144.718914
% 25 1123.522158
% 26 1110.366095
% 27 1119.980304
% 28 1099.405745
% 29 1115.092299
% 30 1124.458543
% 31 1106.177935
% 32 1115.279363
% 33 1114.627636
% 34 1145.896074
% 35 1143.746048
% 36 1125.084525
% 37 1155.110286
% 38 1121.683785
% 39 1115.134410
% 40 1139.294994
% 41 1139.734441
% 42 1137.264702
% 43 1118.950967
% 44 1075.017147
% 45 1119.031606
% 46 1116.970910
% 47 1111.613360
% 48 1131.059199
% 49 1147.384007
% 50 1139.046559
% 51 1125.004944
% 52 1101.597802
% 53 1102.689457
% 54 1090.033124
% 55 1124.830596
% 56 1074.598393
% 57 1110.468579
% 58 1124.396520
% 59 1107.649955
% 60 1085.759595
% 61 1102.918807
% 62 1069.556659
% 63 1016.906986
% 64 1038.464267
% 65 977.734669
% 66 996.907692
% 67 1012.246448
% 68 991.559268
% 69 967.040996
% 70 984.351514
% 71 950.797765
% 72 953.942209
% 73 942.682374
% 74 909.424986
% 75 988.617936
% 76 971.671137
% 77 964.501286
% 78 981.473185
% 79 981.289059
% 80 983.947169
% 81 996.778468
% 82 969.940794
% 83 1033.265065
% 84 1066.175279
% 85 1045.366994
% 86 1082.292757
% 87 1094.644001
% 88 1043.714605
% 89 1043.558708
% 90 1051.500382
% 91 1051.349039
% 92 1052.211382
% 93 988.341078
% 94 1028.870684
% 95 1027.739737
% 96 1001.598545
% 97 1066.964762
% 98 1034.875762
% 99 1040.892174
% 100 1027.614624
% 101 1046.132476
% 102 1035.214603
% 103 1056.155867
% 104 1047.784682
% 105 1061.799065
% 106 1028.952666
% 107 1045.147009
% 108 1035.732465
% 109 1028.220010
% 110 1025.050503
% 111 1008.094087
% 112 990.204974
% 113 1013.089408
% 114 1033.972289
% 115 1095.359377
% 116 1059.431899
% 117 1101.338186
% 118 1047.967794
% 119 1063.866301
% 120 1063.476385
% 121 1001.963501
% 122 1019.765576
% 123 1058.853997
% 124 1043.361632
% 125 1021.976471
% 126 1043.720409
% 127 1054.144353
% 128 1083.953615
% 129 1070.118014
% 130 1074.539862
% 131 1079.649842
% 132 1112.100237
% 133 1102.027735
% 134 1042.162989
% 135 1102.347768
% 136 1055.419664
% 137 1088.792788
% 138 1103.886551
% 139 1047.555032
% 140 982.625221
% 141 969.382848
% 142 966.106602
% 143 1001.704604
% 144 972.349829
% 145 1005.920479
% 146 995.024508
% 147 1045.472685
% 148 1029.202179
% 149 979.792378
% 150 959.970410
% 151 989.833907
% 152 967.728211
% 153 982.571479
% 154 1036.973919
% 155 1032.509821
% 156 1038.817337
% 157 1044.129900
% 158 1066.336981
% 159 1014.822249
% 160 1007.886526
% 161 1021.315844
% 162 1044.005437
% 163 1080.700724
% 164 1057.769171
% 165 1035.686784
% 166 953.306168
% 167 948.552722
% 168 975.845754
% 169 989.730963
% 170 964.439811
% 171 975.783615
% 172 967.905435
% 173 985.686407
% 174 995.346131
% 175 964.800591
% 176 989.525607
% 177 1033.702155
% 178 1043.540239
% 179 1005.280772
% 180 1032.877483
% 181 1055.397728
% 182 1059.661953
% 183 1078.796753
% 184 1117.758767
% 185 1065.874756
% 186 1082.489656
% 187 1035.656308
% 188 1053.645635
% 189 1004.384312
% 190 1023.328352
% 191 1046.240243
% 192 1054.246558
% 193 1085.764719
% 194 1104.832696
% 195 1021.586822
% 196 1047.106739
% 197 1051.423455
% 198 1048.635876
% 199 1035.260142
% 200 1011.291360
% 201 1013.605169
% 202 1014.041446
% 203 1005.980268
> Finished 203 generations with 1015850 distance calculations. GA Runtime = 17.8355 sec
> Final distance: 909.424986
> Final Route:
Truck 0 [len = 14]: 0 --> 4 --> 49 --> 48 --> 44 --> 43 --> 14 --> 41 --> 16 --> 36 --> 29 --> 46 --> 17 --> 5
Truck 1 [len = 7]: 0 --> 21 --> 15 --> 1 --> 28 --> 20 --> 33
Truck 2 [len = 10]: 0 --> 26 --> 6 --> 22 --> 24 --> 31 --> 50 --> 45 --> 27 --> 8
Truck 3 [len = 10]: 0 --> 10 --> 19 --> 34 --> 2 --> 3 --> 39 --> 12 --> 40 --> 18
Truck 4 [len = 14]: 0 --> 25 --> 42 --> 23 --> 35 --> 30 --> 7 --> 13 --> 47 --> 11 --> 32 --> 38 --> 9 --> 37
> Generation - Distance curve saved to fig/mtsp51_baseline_30_5_1000_100_10_20211216_16_12_09/20211216_16_18_57.png.
