--> Running ID = 13
> Loading cities from instances/mtsp51.txt
	>> 51 cities in total to be loaded
> 51 cities loaded from instances/mtsp51.txt
> Initial distance: 1420.415353
> Starting running GA.
	>> cities = 51, salesmen = 5
	>> Generations = 1000, PopulationSize = 100, TournamentSize = 10
# Generation Distance
% 1 1418.979236
% 2 1400.941796
% 3 1366.107746
% 4 1363.376964
% 5 1327.777298
% 6 1331.965902
% 7 1325.434079
% 8 1278.545619
% 9 1267.794069
% 10 1263.937246
% 11 1271.975002
% 12 1193.174835
% 13 1220.385949
% 14 1184.286566
% 15 1207.857255
% 16 1206.737361
% 17 1207.904838
% 18 1180.613542
% 19 1120.769613
% 20 1111.421587
% 21 1106.043274
% 22 1108.327123
% 23 1082.516122
% 24 1122.495867
% 25 1083.960872
% 26 1118.337483
% 27 1115.335255
% 28 1104.081728
% 29 1088.265057
% 30 1097.842889
% 31 1081.919627
% 32 1025.078540
% 33 1042.506498
% 34 1071.495430
% 35 1096.739762
% 36 1085.719410
% 37 1103.778888
% 38 1101.484514
% 39 1119.890544
% 40 1126.871003
% 41 1126.206178
% 42 1101.939766
% 43 1088.060673
% 44 1075.631375
% 45 1040.373516
% 46 992.247822
% 47 1026.348419
% 48 1014.911422
% 49 1040.949362
% 50 1055.000630
% 51 1024.883737
% 52 1037.238043
% 53 1015.320479
% 54 1013.328977
% 55 1053.238789
% 56 1006.778520
% 57 1022.096173
% 58 1022.962890
% 59 1038.621248
% 60 1021.822236
% 61 1033.200105
% 62 1016.949964
% 63 1023.245835
% 64 1035.971615
% 65 1070.707139
% 66 1079.978792
% 67 1046.038660
% 68 1040.591629
% 69 1065.866235
% 70 1065.738624
% 71 1052.830547
% 72 1098.885415
% 73 1110.840981
% 74 1109.128925
% 75 1048.824546
% 76 1054.854201
% 77 1028.653969
% 78 1038.417940
% 79 1051.430297
% 80 1038.656639
% 81 1045.136188
% 82 1074.087579
% 83 1053.126826
% 84 1065.007303
% 85 1064.776437
% 86 1095.025004
% 87 1058.408251
% 88 1059.901705
% 89 1085.586688
% 90 1099.197132
% 91 1084.066567
% 92 1060.684930
% 93 1038.810703
% 94 1028.850096
% 95 1090.100661
% 96 1069.816975
% 97 1084.061393
% 98 1075.547479
% 99 1032.280015
% 100 1068.726634
% 101 1065.894710
% 102 1020.727077
% 103 1018.419346
% 104 1002.689183
% 105 1063.896599
% 106 1048.928206
% 107 1089.610077
% 108 1047.458117
% 109 1051.591416
% 110 1045.817705
% 111 1040.771754
% 112 1049.691875
% 113 1043.747092
% 114 1014.408589
% 115 1018.984160
% 116 1011.628476
% 117 1005.523912
% 118 1034.316989
% 119 1000.033293
% 120 985.143457
% 121 1043.131902
% 122 992.797174
% 123 979.908580
% 124 1008.762663
% 125 1011.229643
% 126 1042.824537
% 127 1083.221410
% 128 1089.385635
% 129 1090.270828
% 130 1006.581348
% 131 961.931215
% 132 988.824679
% 133 994.106675
% 134 982.546157
% 135 1016.936453
% 136 1013.486707
% 137 1003.226799
% 138 997.456340
% 139 1038.131533
% 140 995.966234
% 141 1004.534398
% 142 1010.740083
% 143 984.740813
% 144 912.004137
% 145 902.551123
% 146 937.559032
% 147 978.446125
% 148 995.163352
% 149 990.058637
% 150 994.502511
% 151 1013.413996
% 152 983.613041
% 153 1016.353146
% 154 970.970920
% 155 971.165962
% 156 970.962153
% 157 982.759611
% 158 928.826898
% 159 967.089050
% 160 956.094699
% 161 987.605328
% 162 1010.869201
% 163 1021.982070
% 164 990.962667
% 165 977.066207
% 166 977.380812
% 167 973.489046
% 168 985.919119
% 169 956.352779
% 170 966.578099
% 171 980.948789
% 172 946.121026
% 173 982.010506
% 174 952.885524
% 175 957.529389
% 176 890.104061
% 177 937.991952
% 178 936.589221
% 179 926.210831
% 180 944.715907
% 181 932.729413
% 182 923.009003
% 183 927.650407
% 184 970.243227
% 185 941.789112
% 186 1004.590149
% 187 933.616044
% 188 937.458944
% 189 969.920476
% 190 919.084402
% 191 916.792127
% 192 911.095551
% 193 907.326820
% 194 883.544144
% 195 910.551928
% 196 928.552170
% 197 948.922896
% 198 970.957132
% 199 960.717121
% 200 1004.878924
% 201 957.277776
% 202 1042.191924
% 203 1041.729307
> Finished 203 generations with 1016290 distance calculations. GA Runtime = 17.8005 sec
> Final distance: 883.544144
> Final Route:
Truck 0 [len = 7]: 0 --> 1 --> 35 --> 34 --> 15 --> 48 --> 25
Truck 1 [len = 12]: 0 --> 50 --> 5 --> 3 --> 41 --> 9 --> 10 --> 49 --> 8 --> 28 --> 7 --> 30
Truck 2 [len = 16]: 0 --> 47 --> 6 --> 42 --> 23 --> 46 --> 17 --> 36 --> 16 --> 14 --> 32 --> 45 --> 29 --> 38 --> 33 --> 37
Truck 3 [len = 8]: 0 --> 26 --> 31 --> 2 --> 20 --> 19 --> 21 --> 27
Truck 4 [len = 12]: 0 --> 11 --> 4 --> 43 --> 44 --> 39 --> 18 --> 40 --> 12 --> 24 --> 13 --> 22
> Generation - Distance curve saved to fig/mtsp51_baseline_30_5_1000_100_10_20211216_16_12_09/20211216_16_16_16.png.
