--> Running ID = 30
> Loading cities from instances/mtsp51.txt
	>> 51 cities in total to be loaded
> 51 cities loaded from instances/mtsp51.txt
> Initial distance: 1499.442011
> Starting running GA.
	>> cities = 51, salesmen = 5
	>> Generations = 1000, PopulationSize = 100, TournamentSize = 10
# Generation Distance
% 1 1463.956060
% 2 1454.032760
% 3 1431.736696
% 4 1393.835462
% 5 1303.018113
% 6 1263.061090
% 7 1263.714736
% 8 1236.304707
% 9 1226.613621
% 10 1242.444161
% 11 1246.452878
% 12 1221.640608
% 13 1155.321410
% 14 1173.215552
% 15 1172.073873
% 16 1117.620323
% 17 1150.573926
% 18 1137.379681
% 19 1108.915331
% 20 1093.248381
% 21 1050.134760
% 22 1018.933365
% 23 1000.073233
% 24 1034.447055
% 25 1042.605474
% 26 1072.106809
% 27 1084.121431
% 28 1094.351884
% 29 1070.330446
% 30 1077.695087
% 31 1082.074311
% 32 1071.172269
% 33 1079.126998
% 34 1095.430109
% 35 1079.516476
% 36 1064.341682
% 37 1051.191949
% 38 1084.880352
% 39 1071.947074
% 40 1122.079761
% 41 1091.195848
% 42 1101.031170
% 43 1102.328060
% 44 1091.061495
% 45 1114.204873
% 46 1094.637113
% 47 1094.517080
% 48 1095.733736
% 49 1086.491953
% 50 1124.102965
% 51 1088.641138
% 52 1089.759007
% 53 1086.538958
% 54 1084.607180
% 55 1057.566379
% 56 1091.574798
% 57 1075.471902
% 58 1097.092695
% 59 1080.239789
% 60 1095.876981
% 61 1066.672722
% 62 1018.777502
% 63 1020.986180
% 64 1016.779259
% 65 1053.883816
% 66 1073.529930
% 67 1029.496313
% 68 1014.477936
% 69 1006.406698
% 70 993.457332
% 71 1021.909708
% 72 972.617561
% 73 1004.008090
% 74 991.757379
% 75 1043.329991
% 76 1016.382191
% 77 998.449456
% 78 1024.493256
% 79 982.363043
% 80 1011.446501
% 81 980.910898
% 82 971.032351
% 83 991.560485
% 84 990.834129
% 85 966.798058
% 86 985.340302
% 87 969.611142
% 88 966.136810
% 89 1002.053681
% 90 1016.791656
% 91 1040.729103
% 92 1038.423753
% 93 1033.313740
% 94 1028.197489
% 95 1025.834012
% 96 996.163851
% 97 1003.350203
% 98 972.995092
% 99 957.836286
% 100 979.737453
% 101 952.666496
% 102 962.174613
% 103 983.146765
% 104 938.283229
% 105 1038.935498
% 106 986.225952
% 107 1015.097634
% 108 1033.832635
% 109 996.248017
% 110 1000.217883
% 111 1014.633663
% 112 999.237412
% 113 1022.736022
% 114 1051.806587
% 115 1060.065710
% 116 1054.682149
% 117 1062.232463
% 118 1038.524270
% 119 1062.792175
% 120 1015.793919
% 121 1067.311873
% 122 1067.311873
% 123 1053.285354
% 124 1018.018062
% 125 1067.033120
% 126 994.461220
% 127 966.100157
% 128 1000.318453
% 129 1030.883988
% 130 1046.663900
% 131 1061.390208
% 132 987.088079
% 133 992.466568
% 134 973.736922
% 135 956.532106
% 136 941.257437
% 137 930.764957
% 138 940.805594
% 139 911.405061
% 140 970.397814
% 141 975.885858
% 142 988.697265
% 143 986.184179
% 144 955.027836
% 145 946.855042
% 146 990.570438
% 147 987.763403
% 148 1003.337661
% 149 994.277257
% 150 994.067286
% 151 1035.315238
% 152 1003.289074
% 153 984.196151
% 154 938.670017
% 155 948.933233
% 156 983.639824
% 157 978.546974
% 158 986.072479
% 159 1001.807592
% 160 1024.256013
% 161 984.712299
% 162 964.130374
% 163 974.688761
% 164 963.434842
% 165 918.910836
% 166 923.990241
% 167 946.331523
% 168 911.667534
% 169 949.426098
% 170 990.672181
% 171 961.973540
% 172 929.675477
% 173 928.540693
% 174 958.431322
% 175 945.031662
% 176 961.665643
% 177 948.714445
% 178 941.915830
% 179 958.217354
% 180 971.311206
% 181 969.878236
% 182 969.329715
% 183 967.463338
% 184 978.684575
% 185 949.173581
% 186 959.234315
% 187 977.304580
% 188 986.845060
% 189 988.209350
% 190 993.863581
% 191 1027.147399
% 192 1049.836229
% 193 1048.490434
% 194 1046.437949
% 195 1058.783246
% 196 1061.816106
% 197 1076.661089
% 198 1025.161526
% 199 1019.352462
% 200 988.316254
% 201 984.228731
% 202 935.664372
% 203 999.599507
> Finished 203 generations with 1016015 distance calculations. GA Runtime = 18.1833 sec
> Final distance: 911.405061
> Final Route:
Truck 0 [len = 13]: 0 --> 19 --> 49 --> 40 --> 39 --> 18 --> 41 --> 16 --> 12 --> 24 --> 13 --> 5 --> 25
Truck 1 [len = 13]: 0 --> 50 --> 31 --> 3 --> 14 --> 32 --> 9 --> 38 --> 8 --> 29 --> 20 --> 33 --> 44
Truck 2 [len = 7]: 0 --> 17 --> 46 --> 42 --> 23 --> 6 --> 22
Truck 3 [len = 11]: 0 --> 21 --> 7 --> 47 --> 26 --> 43 --> 37 --> 48 --> 45 --> 10 --> 27
Truck 4 [len = 11]: 0 --> 11 --> 1 --> 30 --> 4 --> 36 --> 15 --> 28 --> 2 --> 35 --> 34
> Generation - Distance curve saved to fig/mtsp51_baseline_30_5_1000_100_10_20211216_16_12_09/20211216_16_22_01.png.
