--> Running ID = 24
> Loading cities from instances/mtsp51.txt
	>> 51 cities in total to be loaded
> 51 cities loaded from instances/mtsp51.txt
> Initial distance: 1471.487002
> Starting running GA.
	>> cities = 51, salesmen = 5
	>> Generations = 1000, PopulationSize = 100, TournamentSize = 10
# Generation Distance
% 1 1476.901918
% 2 1385.664876
% 3 1358.186868
% 4 1306.133724
% 5 1298.118945
% 6 1292.135571
% 7 1300.290331
% 8 1277.293392
% 9 1265.045417
% 10 1233.332528
% 11 1229.886119
% 12 1245.328726
% 13 1241.375222
% 14 1170.325048
% 15 1189.476367
% 16 1176.733382
% 17 1185.689931
% 18 1166.564238
% 19 1151.210987
% 20 1087.990955
% 21 1090.194771
% 22 1056.691060
% 23 1046.209563
% 24 1037.530353
% 25 1042.384352
% 26 1079.813649
% 27 1068.220986
% 28 1086.845771
% 29 1075.587560
% 30 1133.420338
% 31 1085.880197
% 32 1081.677473
% 33 1071.503747
% 34 1034.013968
% 35 1062.145584
% 36 1049.935749
% 37 1036.588604
% 38 1031.688194
% 39 1018.672520
% 40 1008.134171
% 41 1030.140653
% 42 1026.382572
% 43 1026.501618
% 44 1052.617583
% 45 1046.889857
% 46 1010.794517
% 47 1011.993430
% 48 1051.197030
% 49 1082.131276
% 50 1051.423852
% 51 1081.110100
% 52 1059.506273
% 53 1064.242390
% 54 1101.213174
% 55 1075.486947
% 56 1076.689892
% 57 1091.020671
% 58 1045.866636
% 59 1092.936298
% 60 1079.580321
% 61 1089.793074
% 62 1078.804851
% 63 1042.120014
% 64 1063.839393
% 65 1081.167114
% 66 1032.144591
% 67 1019.624286
% 68 1024.807577
% 69 1043.748164
% 70 1049.280934
% 71 1060.996133
% 72 1054.863913
% 73 1085.518213
% 74 1090.581022
% 75 1090.428047
% 76 1052.571968
% 77 1050.468705
% 78 1026.797608
% 79 1040.181520
% 80 1054.582255
% 81 1005.845333
% 82 962.429599
% 83 976.350082
% 84 952.361286
% 85 1011.722325
% 86 1034.400385
% 87 988.696628
% 88 1010.247492
% 89 986.338711
% 90 986.381925
% 91 977.574545
% 92 1025.675913
% 93 1004.888069
% 94 1013.180188
% 95 1061.621519
% 96 1035.265836
% 97 1042.876989
% 98 1040.686573
% 99 1037.066696
% 100 1053.490159
% 101 1019.116784
% 102 1062.650584
% 103 1062.009344
% 104 1060.078066
% 105 1036.061542
% 106 994.475672
% 107 1025.662753
% 108 1063.054044
% 109 1063.930313
% 110 1020.360441
% 111 1017.621841
% 112 1054.311486
% 113 1011.954601
% 114 993.652911
% 115 981.356791
% 116 977.175383
% 117 1004.330135
% 118 987.685759
% 119 970.243769
% 120 1008.197234
% 121 1041.262598
% 122 1017.151167
% 123 987.336029
% 124 1007.835036
% 125 1026.805492
% 126 1064.536137
% 127 1007.138303
% 128 1003.600716
% 129 1050.502356
% 130 1004.630783
% 131 1062.253899
% 132 1033.139433
% 133 1038.696388
% 134 1086.964076
% 135 1036.630061
% 136 1071.611845
% 137 1020.279492
% 138 1045.190122
% 139 1012.297203
% 140 1029.426682
% 141 1062.358960
% 142 1056.594756
% 143 1063.532479
% 144 1060.125341
% 145 1090.100220
% 146 1095.200018
% 147 1069.850645
% 148 1042.467463
% 149 1056.661698
% 150 1060.939441
% 151 996.303305
% 152 1014.765241
% 153 988.075835
% 154 1006.576261
% 155 1003.865515
% 156 1034.769668
% 157 1039.715894
% 158 1054.943131
% 159 1060.248747
% 160 1036.001113
% 161 1050.284917
% 162 1061.298971
% 163 1091.262890
% 164 1070.875328
% 165 1035.943287
% 166 996.226708
% 167 976.418151
% 168 1027.143997
% 169 1011.797633
% 170 981.526145
% 171 984.434705
% 172 985.855283
% 173 1020.369936
% 174 1037.484611
% 175 1063.718303
% 176 1053.616169
% 177 1049.863805
% 178 1066.569506
% 179 1045.183931
% 180 1054.585280
% 181 1044.757870
% 182 1041.179859
% 183 1065.839146
% 184 1019.258664
% 185 1028.616278
% 186 1083.573895
% 187 1048.401471
% 188 1017.429179
% 189 971.451231
% 190 979.883353
% 191 969.537559
% 192 970.007173
% 193 1041.892362
% 194 979.507107
% 195 971.707264
% 196 986.887501
% 197 974.849012
% 198 969.623483
% 199 958.523688
% 200 917.452650
% 201 928.930844
% 202 948.670626
% 203 938.037022
> Finished 203 generations with 1015795 distance calculations. GA Runtime = 17.8150 sec
> Final distance: 917.452650
> Final Route:
Truck 0 [len = 8]: 0 --> 48 --> 49 --> 33 --> 9 --> 28 --> 1 --> 21
Truck 1 [len = 16]: 0 --> 37 --> 32 --> 44 --> 15 --> 8 --> 4 --> 43 --> 14 --> 11 --> 36 --> 16 --> 46 --> 13 --> 24 --> 10
Truck 2 [len = 14]: 0 --> 3 --> 19 --> 20 --> 38 --> 29 --> 31 --> 50 --> 45 --> 18 --> 41 --> 40 --> 22 --> 47
Truck 3 [len = 7]: 0 --> 17 --> 12 --> 39 --> 26 --> 42 --> 23
Truck 4 [len = 10]: 0 --> 7 --> 2 --> 34 --> 35 --> 30 --> 27 --> 5 --> 25 --> 6
> Generation - Distance curve saved to fig/mtsp51_baseline_30_5_1000_100_10_20211216_16_12_09/20211216_16_19_59.png.
