--> Running ID = 15
> Loading cities from instances/mtsp51.txt
	>> 51 cities in total to be loaded
> 51 cities loaded from instances/mtsp51.txt
> Initial distance: 1526.133858
> Starting running GA.
	>> cities = 51, salesmen = 5
	>> Generations = 1000, PopulationSize = 100, TournamentSize = 10
# Generation Distance
% 1 1454.799569
% 2 1423.258328
% 3 1370.862126
% 4 1341.866504
% 5 1313.734087
% 6 1291.958725
% 7 1299.454273
% 8 1316.918072
% 9 1218.707217
% 10 1209.920275
% 11 1142.482167
% 12 1131.970575
% 13 1120.940860
% 14 1109.358301
% 15 1102.727678
% 16 1121.138863
% 17 1078.959614
% 18 1061.924694
% 19 1059.178419
% 20 1075.726627
% 21 1123.640203
% 22 1078.350577
% 23 1083.354101
% 24 1103.044973
% 25 1099.518908
% 26 1095.482470
% 27 1128.431174
% 28 1089.989133
% 29 1114.053685
% 30 1088.083634
% 31 1073.134192
% 32 1081.891627
% 33 1047.747675
% 34 1052.816875
% 35 1058.602004
% 36 1093.936332
% 37 1055.496147
% 38 1088.628301
% 39 1051.241655
% 40 1041.697429
% 41 1031.163416
% 42 1057.934518
% 43 995.703957
% 44 1032.102182
% 45 985.741644
% 46 975.297631
% 47 1013.001131
% 48 967.505355
% 49 1043.690683
% 50 1026.503596
% 51 1045.364225
% 52 1037.116879
% 53 1050.382718
% 54 983.490621
% 55 1017.695291
% 56 959.093009
% 57 1002.041759
% 58 1021.608097
% 59 1053.057279
% 60 1065.013912
% 61 1049.992135
% 62 1063.039900
% 63 1058.742566
% 64 1102.535744
% 65 1036.862733
% 66 1033.297209
% 67 1064.877465
% 68 1046.982722
% 69 1058.591365
% 70 1063.760248
% 71 1048.864341
% 72 1107.631813
% 73 1080.677859
% 74 1081.147186
% 75 1102.664866
% 76 1096.347671
% 77 1068.623360
% 78 1078.149088
% 79 1093.403251
% 80 1057.439798
% 81 1095.688682
% 82 1076.104299
% 83 1086.602219
% 84 1047.620471
% 85 1066.744943
% 86 1015.900437
% 87 1011.756897
% 88 1006.929103
% 89 988.750637
% 90 971.671556
% 91 964.962291
% 92 976.943211
% 93 1001.156902
% 94 1020.238544
% 95 1006.823567
% 96 1025.435137
% 97 1034.315454
% 98 1023.282547
% 99 1046.320108
% 100 1012.977678
% 101 1016.978967
% 102 968.896339
% 103 1007.642154
% 104 979.943032
% 105 998.462955
% 106 1042.855858
% 107 1056.914271
% 108 1024.246686
% 109 1010.466441
% 110 1057.583645
% 111 1015.965499
% 112 994.763152
% 113 1017.497468
% 114 1055.548800
% 115 1057.954793
% 116 1020.389029
% 117 992.836900
% 118 988.452800
% 119 994.657239
% 120 1001.271217
% 121 985.164186
% 122 947.645173
% 123 993.113692
% 124 1017.539530
% 125 991.647515
% 126 991.234452
% 127 987.124736
% 128 1008.875893
% 129 990.201782
% 130 993.291437
% 131 1005.755470
% 132 1028.542280
% 133 1010.032955
% 134 1046.308402
% 135 1054.476472
% 136 1045.925329
% 137 1052.325879
% 138 1040.183949
% 139 1077.361955
% 140 1077.821025
% 141 1072.613922
% 142 1083.237614
% 143 1064.977482
% 144 1046.823658
% 145 1061.517493
% 146 1039.697195
% 147 1054.593928
% 148 1037.929060
% 149 1032.521859
% 150 1034.206994
% 151 1008.480124
% 152 1003.908615
% 153 1001.967548
% 154 1041.306434
% 155 1058.729619
% 156 1013.411085
% 157 1013.462602
% 158 1015.327546
% 159 1069.193135
% 160 1020.956349
% 161 1022.336318
% 162 1055.542698
% 163 1032.900089
% 164 1043.709453
% 165 1006.479204
% 166 1057.642325
% 167 1000.075619
% 168 983.209457
% 169 1041.523418
% 170 1029.145786
% 171 1014.097039
% 172 1015.232975
% 173 940.543173
% 174 966.492148
% 175 970.995288
% 176 944.052472
% 177 920.732637
% 178 926.226302
% 179 950.987578
% 180 946.300897
% 181 913.476104
% 182 945.803581
% 183 963.088302
% 184 947.254599
% 185 1003.263644
% 186 996.095364
% 187 976.269708
% 188 982.254802
% 189 946.732839
% 190 965.728912
% 191 965.754804
% 192 973.178249
% 193 968.531510
% 194 1015.844642
% 195 1037.052563
% 196 1028.083228
% 197 1026.054966
% 198 1035.654597
% 199 1005.508165
% 200 1022.694677
% 201 1015.443583
% 202 1032.446262
% 203 1034.772501
> Finished 203 generations with 1015575 distance calculations. GA Runtime = 17.3408 sec
> Final distance: 913.476104
> Final Route:
Truck 0 [len = 11]: 0 --> 49 --> 38 --> 9 --> 29 --> 31 --> 28 --> 15 --> 25 --> 7 --> 30
Truck 1 [len = 9]: 0 --> 19 --> 34 --> 35 --> 14 --> 44 --> 3 --> 41 --> 45
Truck 2 [len = 9]: 0 --> 37 --> 11 --> 32 --> 43 --> 39 --> 40 --> 18 --> 42
Truck 3 [len = 9]: 0 --> 46 --> 10 --> 4 --> 48 --> 8 --> 33 --> 20 --> 1
Truck 4 [len = 17]: 0 --> 21 --> 26 --> 47 --> 23 --> 13 --> 24 --> 17 --> 12 --> 2 --> 27 --> 5 --> 22 --> 6 --> 50 --> 36 --> 16
> Generation - Distance curve saved to fig/mtsp51_baseline_30_5_1000_100_10_20211216_16_12_09/20211216_16_16_57.png.
